----------------------------------------------- 
  Element       SASA      Sigma Z        Total  
     Z         Ang**2 cal/Ang**2/mol   kcal/mol 
----------------------------------------------- 
      H        123.195      48.690       5.998
      C         18.009     129.740       2.336
      N         15.163       0.000       0.000

 Subtotal:     156.367                   8.335
 -----------------------------------------------

  Elements    COT*SASA   Sigma Z,Z'     Total   
    Z,Z'       Ang**2  cal/Ang**2/mol kcal/mol  
 ---------------------------------------------- 
  H   C         65.179     -60.770      -3.961
  C   C         11.035     -72.950      -0.805
  C   N          7.508       0.000       0.000
  N   C        120.856     -48.220      -5.828
  N  C(3)        0.000      84.100       0.000

 Subtotal:                             -10.594
 ---------------------------------------------- 

 NONAQUEOUS SOLVENT CONTRIBUTION (kcal/mol):
 (proportional to SASA, atomic number independent)
 ---------------------------------------------- 
 Subtotal:                               0.000
 ---------------------------------------------- 

 CDS TOTAL (kcal/mol):                  -2.259
...............................................................................
