14
 energy: -20.788742744189 gnorm: 0.028270853848 xtb: 6.7.1 (edcfbbe)
C           -2.50356695002937        0.07333594521500        0.00219707904223
C           -1.23406783567000       -0.76381202091004       -0.00355114462640
C            0.01943973951548        0.06381409680221        0.00756321059984
O            0.06879868159059        1.28165907083566        0.03306004868321
O            1.12230619570047       -0.71456594569799       -0.01272118770206
C            2.39147869000684       -0.01261577214526       -0.00454575319500
H           -2.55577070794171        0.70488411115090        0.89348530098248
H           -2.55293256326458        0.72045447200583       -0.87804748476914
H           -3.37978991303889       -0.57996597215084       -0.00488335982553
H           -1.18807067562266       -1.41536128960663       -0.88415389740113
H           -1.19091135538955       -1.43131942448583        0.86536542384554
H            2.47540865170625        0.62782803769775       -0.88618979347170
H            3.15253737723501       -0.79188340384593       -0.02773172369665
H            2.48724156568672        0.58580073294581        0.90493943960294
14
 energy: -20.789526060552 gnorm: 0.010372433033 xtb: 6.7.1 (edcfbbe)
C           -2.49852010746436        0.06885262548253        0.00216186518774
C           -1.22969178668762       -0.76771035118085       -0.00359117685040
C            0.01913430571834        0.06837922245685        0.00780270733609
O            0.06456726514493        1.27900750276469        0.03238336184004
O            1.11905203500509       -0.69832410258970       -0.01270710375921
C            2.38556190211498       -0.01604790046570       -0.00460628744732
H           -2.53692968043857        0.70052997557235        0.88757683466214
H           -2.53456848585801        0.71612113193312       -0.87202784983716
H           -3.37321564660271       -0.57827455020670       -0.00479322256435
H           -1.18677065695639       -1.41107185755337       -0.88663710609086
H           -1.19026451584967       -1.42701560073448        0.86794934441487
H            2.46212088649805        0.62795931836228       -0.88055936181329
H            3.13804013621057       -0.79999191145914       -0.02792401881912
H            2.47358524964996        0.58583913542878        0.89975817180945
14
 energy: -20.789642955022 gnorm: 0.003741813164 xtb: 6.7.1 (edcfbbe)
C           -2.49482372097488        0.06815480427771        0.00227266771057
C           -1.22762142890735       -0.77395996542395       -0.00370559742735
C            0.01804142347129        0.06963349457945        0.00728697082565
O            0.05903370464845        1.27919643303751        0.03188508179720
O            1.11530956294488       -0.69028020750900       -0.01290592366993
C            2.37902482318523       -0.01751188377094       -0.00452245713362
H           -2.52551565909797        0.69970963184050        0.88598100759530
H           -2.52370179559209        0.71519199388482       -0.87021724474850
H           -3.36954555420560       -0.57439928844109       -0.00439618546330
H           -1.18501982284419       -1.41239454246059       -0.88812244944352
H           -1.18857221675010       -1.42835850768501        0.86929115848352
H            2.45894872247912        0.62944188991227       -0.87768104338071
H            3.12673603072065       -0.80339372999845       -0.02773491253651
H            2.46980683140715        0.58722251556744        0.89735508545980
14
 energy: -20.789653317125 gnorm: 0.001498229903 xtb: 6.7.1 (edcfbbe)
C           -2.49496029805098        0.06791072161764        0.00227700098056
C           -1.22772709296326       -0.77561947189600       -0.00375024077861
C            0.01798420767315        0.06942343144642        0.00741691076891
O            0.05630600151480        1.27983077694603        0.03169800328237
O            1.11475994070257       -0.68871193823876       -0.01295135526285
C            2.37790580689880       -0.01786836946667       -0.00453350188890
H           -2.52330564661460        0.69946991540804        0.88619337050171
H           -2.52168617568863        0.71488934898187       -0.87046345188528
H           -3.37085482667740       -0.57287554102991       -0.00423786081930
H           -1.18502159389752       -1.41315837108457       -0.88837438877955
H           -1.18863707188295       -1.42912197826298        0.86945390565144
H            2.46063837602845        0.63018160280039       -0.87739578426399
H            3.12537247782964       -0.80389757773893       -0.02774237015932
H            2.47132679561253        0.58780008832811        0.89719592072143
14
 energy: -20.789655208064 gnorm: 0.000710762589 xtb: 6.7.1 (edcfbbe)
C           -2.49518542898248        0.06805406324016        0.00239895310373
C           -1.22816049313954       -0.77650166782485       -0.00385624913754
C            0.01820754074062        0.06894214043969        0.00691772856514
O            0.05347122957254        1.28018142135574        0.03151327760009
O            1.11482418245302       -0.68786378523056       -0.01312383668545
C            2.37779243538016       -0.01801004323563       -0.00442561379113
H           -2.52275606462413        0.69968043121134        0.88657682657423
H           -2.52158055373587        0.71481926052141       -0.87080031406699
H           -3.37188265228506       -0.57194282356650       -0.00378677624917
H           -1.18567486919891       -1.41387918660810       -0.88855474163174
H           -1.18895811189497       -1.42992232955052        0.86935914251081
H            2.46296107847825        0.63055048109249       -0.87743134343560
H            3.12577305530670       -0.80400543288323       -0.02749678274151
H            2.47326955241426        0.58815010884925        0.89749588745373
14
 energy: -20.789655592898 gnorm: 0.000152629776 xtb: 6.7.1 (edcfbbe)
C           -2.49506998008456        0.06807775544516        0.00234721983415
C           -1.22812774391087       -0.77607909298962       -0.00386649041658
C            0.01834520957077        0.06899578775978        0.00731629767673
O            0.05393240245450        1.28000381971037        0.03150354427740
O            1.11495626996623       -0.68809799367160       -0.01303684381052
C            2.37806046880291       -0.01789800301240       -0.00447393873030
H           -2.52312983531903        0.69973964405191        0.88641254480221
H           -2.52197559871981        0.71486423032501       -0.87075111841807
H           -3.37148174336666       -0.57235459383432       -0.00381305398434
H           -1.18572384927428       -1.41368215320920       -0.88852421810585
H           -1.18914226786092       -1.42973787553781        0.86928342819045
H            2.46250693862242        0.63039027995262       -0.87749957195347
H            3.12602242773273       -0.80391609584385       -0.02759220011410
H            2.47292820187117        0.58794692866460        0.89748055882092
14
 energy: -20.789655604009 gnorm: 0.000110959375 xtb: 6.7.1 (edcfbbe)
C           -2.49500066154261        0.06807343084822        0.00243422485262
C           -1.22811224501266       -0.77606073326364       -0.00392685641971
C            0.01838717063316        0.06901334472655        0.00687507603415
O            0.05391824136989        1.27997705163865        0.03145209881974
O            1.11492757346100       -0.68809588682219       -0.01312545017227
C            2.37808184110272       -0.01786497124420       -0.00438405197330
H           -2.52295870537518        0.69984781032248        0.88640832237237
H           -2.52206617311358        0.71479478493293       -0.87068874157562
H           -3.37139205146942       -0.57237949630217       -0.00355048706763
H           -1.18584863674311       -1.41363772779384       -0.88861197368602
H           -1.18903192739354       -1.42978688932796        0.86919047681942
H            2.46249668905727        0.63031360033818       -0.87742469078933
H            3.12597415710957       -0.80392171175988       -0.02739016955759
H            2.47272562840109        0.58798003151751        0.89752838041178
