----------------------------------------------- 
  Element       SASA      Sigma Z        Total  
     Z         Ang**2 cal/Ang**2/mol   kcal/mol 
----------------------------------------------- 
      H         47.623      48.690       2.319
      C         49.734     129.740       6.453
      O         18.541       0.000       0.000
      Cl        73.651       9.820       0.723

 Subtotal:     189.550                   9.495
 -----------------------------------------------

  Elements    COT*SASA   Sigma Z,Z'     Total   
    Z,Z'       Ang**2  cal/Ang**2/mol kcal/mol  
 ---------------------------------------------- 
  H   C         24.052     -60.770      -1.462
  H   O          8.563       0.000       0.000
  C   C         66.623     -72.950      -4.860
  O   C          3.559      68.690       0.244

 Subtotal:                              -6.077
 ---------------------------------------------- 

 NONAQUEOUS SOLVENT CONTRIBUTION (kcal/mol):
 (proportional to SASA, atomic number independent)
 ---------------------------------------------- 
 Subtotal:                               0.000
 ---------------------------------------------- 

 CDS TOTAL (kcal/mol):                   3.417
...............................................................................
