11
 energy: -17.625364885585 gnorm: 0.031708715939 xtb: 6.7.1 (edcfbbe)
C            1.68276714834754       -1.09811332697097        0.00250761641586
C            1.05107000029109        0.28683423419541       -0.00341954747279
C           -0.45341190853781        0.35714664394487       -0.00000837161432
O           -1.07061283096683        1.40816037137508       -0.00145064992169
O           -1.15490577168720       -0.80011776688268        0.00103383204511
H            2.77164828259117       -1.00365017445861        0.00140051995271
H            1.40766024658211       -1.66729868138660        0.89723397732374
H            1.40675616174175       -1.67561703033773       -0.88661212066556
H            1.37578327677714        0.86971276087475        0.86641348342053
H            1.37184500304268        0.86012082621254       -0.88115951885161
H           -0.55575151891450       -1.56405654655294        0.00164161764874
11
 energy: -17.625979933458 gnorm: 0.016034271576 xtb: 6.7.1 (edcfbbe)
C            1.67361059777643       -1.09843210020302        0.00248578139044
C            1.05119150213535        0.28932290243509       -0.00363684783247
C           -0.45246512244737        0.35209006203056       -0.00168858083482
O           -1.06260949640596        1.39999714332636       -0.00072506678218
O           -1.14140849666021       -0.79884543121486        0.00200315222484
H            2.75678789494952       -0.99861468057064        0.00173658634311
H            1.39910528542802       -1.65769080206136        0.89679747949941
H            1.39874437186051       -1.66584713219074       -0.88656642510118
H            1.37991900072842        0.86535114072012        0.86625920217763
H            1.37664776901478        0.85605850875474       -0.88086567594353
H           -0.54667521711235       -1.57026830101312        0.00178123313949
11
 energy: -17.626165751284 gnorm: 0.005867883288 xtb: 6.7.1 (edcfbbe)
C            1.67500451790642       -1.09955143058888        0.00258986603073
C            1.04982315953386        0.28961200658460       -0.00328590473093
C           -0.45676276042027        0.34934208958445        0.00081375446871
O           -1.05882996038267        1.40043670026049       -0.00166311451220
O           -1.13677546910039       -0.79361529869164        0.00048178518262
H            2.75569406163902       -0.99735029944700        0.00106929099815
H            1.40112622120926       -1.65290719515387        0.89668936141177
H            1.39959639987040       -1.66146029839908       -0.88568796169626
H            1.38065915033650        0.86248993745941        0.86575510782052
H            1.37612824007206        0.85267015876606       -0.88050410748395
H           -0.55281547139706       -1.57654506036141        0.00132276079155
11
 energy: -17.626190833727 gnorm: 0.002459971652 xtb: 6.7.1 (edcfbbe)
C            1.67558754540395       -1.09977329541650        0.00248139384432
C            1.05085873680740        0.29095624780205       -0.00381967921702
C           -0.45785639663021        0.34802974481408       -0.00292246563632
O           -1.05801992211014        1.40179098764612       -0.00012999978277
O           -1.13514053531326       -0.79309284629843        0.00269678144446
H            2.75673747379818       -0.99745263477682        0.00198900773173
H            1.40023075312099       -1.65335957735011        0.89643203824931
H            1.40029616290277       -1.66145502507778       -0.88641983965239
H            1.37975827586150        0.86346320894710        0.86621289540543
H            1.37705339905275        0.85436303090493       -0.88077361071897
H           -0.55665740362680       -1.58034853118153        0.00183431661295
11
 energy: -17.626196505250 gnorm: 0.001141858895 xtb: 6.7.1 (edcfbbe)
C            1.67639998667605       -1.09940494396530        0.00256678801677
C            1.05174569260900        0.29158183078984       -0.00343058179165
C           -0.45818372456378        0.34735382537993        0.00033001092568
O           -1.05767949652797        1.40267025364062       -0.00144014065735
O           -1.13507999917892       -0.79313720299708        0.00093998070700
H            2.75821814784860       -0.99775707145418        0.00129701479196
H            1.40103763012631       -1.65357865361967        0.89699112482832
H            1.39990002717991       -1.66205105740662       -0.88620212883151
H            1.38036080488491        0.86481529979921        0.86638475712462
H            1.37619771829654        0.85510231430558       -0.88119965663128
H           -0.56006869808351       -1.58247328445921        0.00134366979817
11
 energy: -17.626197670890 gnorm: 0.000385598983 xtb: 6.7.1 (edcfbbe)
C            1.67699584910042       -1.09892109832489        0.00250684124570
C            1.05168539886871        0.29108164498666       -0.00364237158907
C           -0.45798871592384        0.34758321186930       -0.00135143073905
O           -1.05775601399459        1.40255501403891       -0.00079102761939
O           -1.13603632551561       -0.79305914790401        0.00192027036822
H            2.75891870316714       -0.99798433272021        0.00171538664488
H            1.40128130855324       -1.65365504729392        0.89662426615350
H            1.40087905448388       -1.66189019166755       -0.88632377799746
H            1.37973845586745        0.86443013916274        0.86639154944525
H            1.37635137058403        0.85503436344638       -0.88108327532250
H           -0.56122099592368       -1.58205324558027        0.00161440769063
11
 energy: -17.626197956926 gnorm: 0.000065930813 xtb: 6.7.1 (edcfbbe)
C            1.67670397735164       -1.09890483955943        0.00251942157334
C            1.05187939448129        0.29127270433215       -0.00357584978432
C           -0.45781423251933        0.34749003447748       -0.00083176714234
O           -1.05764493335180        1.40238446579846       -0.00102881125793
O           -1.13552975549994       -0.79311412191437        0.00166249413006
H            2.75858527421508       -0.99796654167476        0.00161384685734
H            1.40110986578722       -1.65363912781353        0.89665223420398
H            1.40052890567534       -1.66190578659666       -0.88625200010960
H            1.37993397350654        0.86471280026620        0.86638560933614
H            1.37630216073068        0.85522823016852       -0.88110805290193
H           -0.56120654110959       -1.58243650747094        0.00154371337598
11
 energy: -17.626197969419 gnorm: 0.000047541753 xtb: 6.7.1 (edcfbbe)
C            1.67681207206265       -1.09888786148060        0.00251323378497
C            1.05187286353576        0.29122637360859       -0.00356978820273
C           -0.45783324533392        0.34750928828953       -0.00078362678512
O           -1.05768100198822        1.40240480695208       -0.00107918736870
O           -1.13558523442106       -0.79304942556753        0.00166723808176
H            2.75870062294432       -0.99792598904595        0.00162076080970
H            1.40117600558827       -1.65358290900683        0.89664856350330
H            1.40061277594362       -1.66183206519442       -0.88627769220994
H            1.37998256354338        0.86466227878859        0.86637352230218
H            1.37633685729322        0.85518496238944       -0.88108635796324
H           -0.56154618990090       -1.58258814971978        0.00155417232855
