14
 energy: -18.820120377514 gnorm: 0.028109356000 xtb: 6.7.1 (edcfbbe)
C            1.44908765129122        0.96932642588395        0.01955890418843
C            0.75288234471756       -0.36137262924914       -0.00275868098995
O            1.40612418033543       -1.41025351753539       -0.01602503696675
C           -0.71832718547901       -0.42834988204967       -0.01488711991810
C           -1.56142755320975        0.58949830281944        0.74902678905472
C           -1.55162530637340        0.62991781959276       -0.73239877321244
H            1.18668835406579        1.55804946225231       -0.86556243414063
H            1.14695875032958        1.55556163205433        0.89330266954423
H            2.52844640708216        0.81607334949449        0.04275556342632
H           -1.10275469502855       -1.44245343912523       -0.04334580947648
H           -2.43155929945320        0.18109572260090        1.25073926396531
H           -1.03354565516512        1.36738362886495        1.28818177924918
H           -2.41537157036788        0.25088663391338       -1.26713179259183
H           -1.01567267256981        1.43571810426529       -1.22008335322905
14
 energy: -18.820816660340 gnorm: 0.011909718386 xtb: 6.7.1 (edcfbbe)
C            1.44350529819663        0.96872709409092        0.01938421910082
C            0.75780319464787       -0.36450658680625       -0.00396794111271
O            1.40749634224129       -1.40667555921935       -0.01548317411890
C           -0.71154549105346       -0.41911844739911       -0.01479263436408
C           -1.55833441313473        0.58774801284076        0.74868345498993
C           -1.54881559013807        0.62825862895409       -0.73210223622453
H            1.18266371267998        1.54557068975678       -0.86700211357618
H            1.14042130479500        1.54280213541014        0.89374294109746
H            2.51903748764601        0.81474001086723        0.04355179253491
H           -1.08448347204680       -1.43553766499359       -0.04291569324373
H           -2.42784979930009        0.19118363748679        1.24997062802435
H           -1.04238262521713        1.36399453614177        1.29014594771665
H           -2.41201582296303        0.26083534564303       -1.26541111245070
H           -1.02559637617844        1.43305978100915       -1.22243210947035
14
 energy: -18.820926765529 gnorm: 0.003522681681 xtb: 6.7.1 (edcfbbe)
C            1.44208687420719        0.96870788903591        0.01913686842138
C            0.76058645614535       -0.36811132077686       -0.00309720826192
O            1.40634721620988       -1.40825687631044       -0.01516574246821
C           -0.71033851940124       -0.41401063431145       -0.01474650181902
C           -1.55614039083374        0.58666329707104        0.74894802760874
C           -1.54650711708232        0.62758017930521       -0.73224758407643
H            1.17928346612744        1.53822760621378       -0.86801137985823
H            1.13579453690048        1.53625895536859        0.89309518816913
H            2.51754752388272        0.81886426826921        0.04392512182508
H           -1.07751507927941       -1.43306295371536       -0.04342179699283
H           -2.42460539170620        0.19436925321031        1.25245116039147
H           -1.04735002774614        1.36456195643779        1.29240890089320
H           -2.40863243808238        0.26478241353861       -1.26770938885379
H           -1.03065335916660        1.43450758044601       -1.22419369607563
14
 energy: -18.820937543452 gnorm: 0.001202269318 xtb: 6.7.1 (edcfbbe)
C            1.44279617634396        0.96878217490494        0.01899542075281
C            0.76182000716913       -0.36943968281894       -0.00386193261567
O            1.40596799192871       -1.41008292798661       -0.01469231946022
C           -0.71073964024107       -0.41305549279053       -0.01484698729455
C           -1.55559540258155        0.58608507359034        0.74920616828036
C           -1.54597184595516        0.62732133160818       -0.73222688874417
H            1.17911810472848        1.53635199831321       -0.86897203048781
H            1.13374462133327        1.53514981332180        0.89260897977282
H            2.51883662815091        0.82137236716882        0.04497067725984
H           -1.07684367175600       -1.43309120658598       -0.04357096531027
H           -2.42438582299597        0.19461555340520        1.25372639516685
H           -1.04851618616330        1.36558334112302        1.29299859468513
H           -2.40836907396776        0.26541356335879       -1.26872983025061
H           -1.03195813581861        1.43607570717009       -1.22423331285154
14
 energy: -18.820938884462 gnorm: 0.000681457945 xtb: 6.7.1 (edcfbbe)
C            1.44376550390601        0.96875453882057        0.01861333159290
C            0.76267342778755       -0.36994587619636       -0.00256233809242
O            1.40547383936500       -1.41142998686930       -0.01394225578044
C           -0.71132482721350       -0.41270358609762       -0.01496663135873
C           -1.55572313350035        0.58544071639858        0.74948983563526
C           -1.54575711176462        0.62744815940997       -0.73215365943226
H            1.17948535343512        1.53480407130604       -0.87055280175960
H            1.13263787320220        1.53588127376877        0.89131979510477
H            2.52018744348235        0.82304456319482        0.04565972628149
H           -1.07702992666077       -1.43324497780785       -0.04445432654765
H           -2.42480501596134        0.19373623138284        1.25442514957080
H           -1.04920970562691        1.36576663316863        1.29372552424695
H           -2.40833764990615        0.26596484336815       -1.26975614017399
H           -1.03213232036956        1.43756500993509       -1.22347324038415
14
 energy: -18.820939467379 gnorm: 0.000240761656 xtb: 6.7.1 (edcfbbe)
C            1.44367563781521        0.96867924562132        0.01850348568924
C            0.76256098568632       -0.36964569695457       -0.00354657167438
O            1.40543072893049       -1.41115022849220       -0.01346534962775
C           -0.71125582001395       -0.41281616616500       -0.01506377661736
C           -1.55585261864653        0.58535516895150        0.74962044020568
C           -1.54589114473299        0.62761782338126       -0.73199171957421
H            1.18056365719264        1.53464377005153       -0.87105832599456
H            1.13201792408958        1.53653961975200        0.89060430126829
H            2.51993173541009        0.82259597706498        0.04659445935544
H           -1.07697886035433       -1.43322204012721       -0.04443656830201
H           -2.42490260373938        0.19354902922698        1.25432922218496
H           -1.04904380195152        1.36532330377141        1.29384443784044
H           -2.40835319485477        0.26605179608552       -1.26948908675399
H           -1.03199887465583        1.43756001161485       -1.22307297909682
14
 energy: -18.820939763209 gnorm: 0.000180769902 xtb: 6.7.1 (edcfbbe)
C            1.44353173252595        0.96861952759550        0.01819553853439
C            0.76248355450652       -0.36949421351597       -0.00294364318082
O            1.40540745693457       -1.41094427896194       -0.01278814219858
C           -0.71114848267846       -0.41283397663906       -0.01516838569120
C           -1.55603378995065        0.58507403776523        0.74977580622534
C           -1.54582608438281        0.62793645228954       -0.73180020456729
H            1.18145512823316        1.53376211514977       -0.87216956773590
H            1.13136265604185        1.53758183654082        0.88932238694490
H            2.51966764207686        0.82228320617766        0.04731835647219
H           -1.07676486331300       -1.43316568175217       -0.04499162631569
H           -2.42507140987735        0.19304487505560        1.25405966582455
H           -1.04922503313651        1.36464033555660        1.29434873340258
H           -2.40816659051046        0.26664634597214       -1.26943589277267
H           -1.03176816629462        1.43793103254863       -1.22235105603884
14
 energy: -18.820940214357 gnorm: 0.000243599123 xtb: 6.7.1 (edcfbbe)
C            1.44351529761769        0.96858037968313        0.01773482880686
C            0.76251344064403       -0.36945762000628       -0.00261306997199
O            1.40531733279287       -1.41097469009080       -0.01169618542927
C           -0.71114073387560       -0.41277440610736       -0.01545986879543
C           -1.55614279737112        0.58456319806593        0.75010332367652
C           -1.54576062497048        0.62840933582342       -0.73146977786945
H            1.18337653006421        1.53205401828324       -0.87426685194828
H            1.12951397537684        1.53922349110264        0.88708088030913
H            2.51959900012375        0.82229795347953        0.04930296740692
H           -1.07659250859047       -1.43312980256200       -0.04588801152175
H           -2.42517718094691        0.19221441450898        1.25406740443799
H           -1.04940460396836        1.36377292747669        1.29521752536125
H           -2.40803856747994        0.26752801941282       -1.26941399986253
H           -1.03167480924148        1.43877439471240       -1.22132719569702
14
 energy: -18.820940713490 gnorm: 0.000272742359 xtb: 6.7.1 (edcfbbe)
C            1.44351250551427        0.96857800896157        0.01725082213394
C            0.76250855048879       -0.36943383198638       -0.00233114185092
O            1.40528474478842       -1.41098307095894       -0.01064088934267
C           -0.71114543058669       -0.41276960222982       -0.01567325842383
C           -1.55630653488412        0.58405572781407        0.75043888932932
C           -1.54562411217656        0.62889715981592       -0.73111035652221
H            1.18524541506568        1.53039804059192       -0.87637118594753
H            1.12775592280895        1.54090386624155        0.88484847347139
H            2.51953056094314        0.82231727878908        0.05117729523931
H           -1.07656312289293       -1.43311365103856       -0.04668761966384
H           -2.42541685445995        0.19136395333451        1.25399317175208
H           -1.04963389150634        1.36287243282519        1.29617774124809
H           -2.40781845525147        0.26838878244520       -1.26943257844547
H           -1.03142554767616        1.43960651917704       -1.22026739407471
14
 energy: -18.820941288084 gnorm: 0.000294129051 xtb: 6.7.1 (edcfbbe)
C            1.44349680048576        0.96858086051768        0.01672931360211
C            0.76250497777380       -0.36942536728520       -0.00203351258111
O            1.40526460914865       -1.41098749209295       -0.00951942627920
C           -0.71114440322692       -0.41275940143569       -0.01587800385131
C           -1.55647897569367        0.58351739516540        0.75079854635864
C           -1.54545339377895        0.62941870893119       -0.73072102772709
H            1.18720347672826        1.52861007801995       -0.87861097499160
H            1.12587651925633        1.54268051585355        0.88246238584717
H            2.51943992828920        0.82234739343267        0.05314157966852
H           -1.07653438444089       -1.43308856522596       -0.04752531058555
H           -2.42567904608029        0.19046361893202        1.25389550191046
H           -1.04990971255568        1.36190816292277        1.29723689875903
H           -2.40754593967117        0.26932617366359       -1.26947075215638
H           -1.03113670605940        1.44048953238332       -1.21913324907073
14
 energy: -18.820941949552 gnorm: 0.000316576055 xtb: 6.7.1 (edcfbbe)
C            1.44347850055142        0.96858557725012        0.01616641912860
C            0.76249743871282       -0.36941675940568       -0.00171065455535
O            1.40524901825916       -1.41099002220370       -0.00831906846794
C           -0.71114388614741       -0.41275585691077       -0.01608988663695
C           -1.55666694407508        0.58294088266728        0.75118394717626
C           -1.54526443511751        0.62997978606600       -0.73030116821396
H            1.18929517866542        1.52669533403729       -0.88100546264426
H            1.12387461201826        1.54458547147220        0.87989660567453
H            2.51933710551190        0.82238719627431        0.05523243537610
H           -1.07651639784475       -1.43306447175328       -0.04841359952025
H           -2.42597169881970        0.18949363697486        1.25377725149724
H           -1.05021157494045        1.36087144712349        1.29838114671049
H           -2.40724723940356        0.27033669459355       -1.26951502389509
H           -1.03080592719548        1.44143269759667       -1.21791097272647
14
 energy: -18.820942709909 gnorm: 0.000340024076 xtb: 6.7.1 (edcfbbe)
C            1.44345608310502        0.96859104119990        0.01556119814523
C            0.76248936749036       -0.36940889146503       -0.00136469408757
O            1.40523265110913       -1.41099116599622       -0.00703138686568
C           -0.71114321901603       -0.41275091263374       -0.01631400638080
C           -1.55686786753657        0.58232301595800        0.75159747064496
C           -1.54505783747391        0.63058168129352       -0.72984971671665
H            1.19153479686843        1.52463508722347       -0.88356538548060
H            1.12172971320668        1.54662120269215        0.87713631572718
H            2.51921860896567        0.82243900635859        0.05746852008909
H           -1.07649718136384       -1.43303710816883       -0.04936307191896
H           -2.42628651251464        0.18845422153155        1.25364681630007
H           -1.05053959534317        1.35975772239664        1.29961378809329
H           -2.40692100835961        0.27142531559120       -1.26956555286789
H           -1.03044424896248        1.44244139780114       -1.21659832577870
14
 energy: -18.820943583779 gnorm: 0.000365504618 xtb: 6.7.1 (edcfbbe)
C            1.44343054422420        0.96859703925209        0.01491150202069
C            0.76247995015279       -0.36940062444599       -0.00099319126612
O            1.40521591886525       -1.41099139081470       -0.00565017307310
C           -0.71114291791317       -0.41274695116125       -0.01655306685937
C           -1.55708299609013        0.58166081558203        0.75204019411817
C           -1.54483461646028        0.63122700303698       -0.72936508090796
H            1.19393559107501        1.52242266963241       -0.88629914836909
H            1.11943543996936        1.54879813800885        0.87416759109392
H            2.51908409721656        0.82250380773408        0.05986169040089
H           -1.07647850016558       -1.43300816441050       -0.05037902308191
H           -2.42662567739804        0.18734049057588        1.25350348532105
H           -1.05089137414924        1.35856236994596        1.30093609524675
H           -2.40656995218395        0.27259517273136       -1.26961975957692
H           -1.03005175696775        1.44352123811514       -1.21518914616403
14
 energy: -18.820944587329 gnorm: 0.000393319098 xtb: 6.7.1 (edcfbbe)
C            1.44340090297677        0.96860349547780        0.01421431868795
C            0.76246927276694       -0.36939206332093       -0.00059461790079
O            1.40519784276540       -1.41099025369004       -0.00416790579616
C           -0.71114304934304       -0.41274274497287       -0.01680907775406
C           -1.55731243818764        0.58095106206858        0.75251435082242
C           -1.54459354504198        0.63191910144236       -0.72884494869641
H            1.19650940087348        1.52004453070672       -0.88921823459218
H            1.11697877452229        1.55112478011202        0.87097351021675
H            2.51893066675124        0.82258448617809        0.06242529365095
H           -1.07645930919511       -1.43297647692074       -0.05146782498351
H           -2.42698879602925        0.18614808658291        1.25334822679583
H           -1.05126680082947        1.35727847614129        1.30235442940784
H           -2.40619185745046        0.27385231801960       -1.26967785167069
H           -1.02962731440413        1.44467681595756       -1.21367769928498
14
 energy: -18.820945735288 gnorm: 0.000422866911 xtb: 6.7.1 (edcfbbe)
C            1.44336730663505        0.96861068273648        0.01346833062709
C            0.76245717018554       -0.36938344519233       -0.00016856248355
O            1.40517896160260       -1.41098783188353       -0.00258197107252
C           -0.71114388440357       -0.41273889467732       -0.01708197891688
C           -1.55755676487318        0.58019259082710        0.75302052273467
C           -1.54433361055049        0.63265885185582       -0.72828824285968
H            1.19925992965061        1.51749717432198       -0.89232365152346
H            1.11435817932381        1.55360221590550        0.86754752234180
H            2.51875687090877        0.82268395770036        0.06516109919509
H           -1.07644064839705       -1.43294248814293       -0.05263076848475
H           -2.42737770043579        0.18487577020561        1.25318009391332
H           -1.05166681971634        1.35590456574223        1.30387067434673
H           -2.40578587835466        0.27519859718252       -1.26973975002046
H           -1.02916936140026        1.44590986720087       -1.21206134889444
14
 energy: -18.820947044357 gnorm: 0.000454614542 xtb: 6.7.1 (edcfbbe)
C            1.44332918649725        0.96861873821333        0.01267200369907
C            0.76244328479924       -0.36937450487044        0.00028605940500
O            1.40515883337127       -1.41098349230339       -0.00088813849632
C           -0.71114562336596       -0.41273513908176       -0.01737278462659
C           -1.55781614188992        0.57938370741923        0.75355965538385
C           -1.54405427262033        0.63344809823305       -0.72769374960751
H            1.20219449884856        1.51477302980737       -0.89562010001728
H            1.11156798951169        1.55623507579593        0.86387902389023
H            2.51856008480961        0.82280451297824        0.06807580137541
H           -1.07642249779144       -1.43290576026667       -0.05387079917377
H           -2.42779245743860        0.18352081226590        1.25299885660127
H           -1.05209112214517        1.35443627128589        1.30548846931095
H           -2.40535113450349        0.27663756796714       -1.26980547339977
H           -1.02867687790767        1.44722269633853       -1.21033685544158
14
 energy: -18.820948530585 gnorm: 0.000488365375 xtb: 6.7.1 (edcfbbe)
C            1.44328607960809        0.96862782233736        0.01182472073660
C            0.76242743083214       -0.36936549248405        0.00076957315130
O            1.40513763078351       -1.41097704299930        0.00091492235348
C           -0.71114846172628       -0.41273179072498       -0.01768158457057
C           -1.55809057903425        0.57852361664919        0.75413215400514
C           -1.54375461930144        0.63428755195718       -0.72706062169126
H            1.20531595869823        1.51186778926818       -0.89910719724819
H            1.10860693514283        1.55902431982313        0.85996167233156
H            2.51833782236258        0.82294958738576        0.07117138051843
H           -1.07640533905367       -1.43286645914649       -0.05518898335518
H           -2.42823401379777        0.18208277279309        1.25280366345827
H           -1.05253987649420        1.35287183335268        1.30720951897918
H           -2.40488695875854        0.27817117540330       -1.26987461469666
H           -1.02814825908619        1.44861593016731       -1.20850263506914
14
 energy: -18.820950208526 gnorm: 0.000523827937 xtb: 6.7.1 (edcfbbe)
C            1.44323729669141        0.96863814336929        0.01092646585782
C            0.76240945708649       -0.36935672382083        0.00128183498110
O            1.40511570421016       -1.41096819466004        0.00282747056273
C           -0.71115260636129       -0.41272896796657       -0.01800809826195
C           -1.55837946071106        0.57761277136168        0.75473761955549
C           -1.54343390123112        0.63517707439364       -0.72638889458319
H            1.20862202421083        1.50878067930290       -0.90278019077477
H            1.10547691143890        1.56196605979055        0.85579416715952
H            2.51808756447710        0.82312281970168        0.07444550564718
H           -1.07638999662791       -1.43282441500100       -0.05658492244374
H           -2.42870203543707        0.18056269544506        1.25259420521356
H           -1.05301213733294        1.35121138946094        1.30903332458269
H           -2.40439268495232        0.27979955082067       -1.26994728815562
H           -1.02758238528614        1.45008873158438       -1.20655923043786
14
 energy: -18.820952091558 gnorm: 0.000561066283 xtb: 6.7.1 (edcfbbe)
C            1.44318279492670        0.96864980162188        0.00997746903512
C            0.76238936852450       -0.36934818016986        0.00182245471760
O            1.40509318539046       -1.41095651331636        0.00484870921593
C           -0.71115808221038       -0.41272664417219       -0.01835204179699
C           -1.55868256227941        0.57665174111113        0.75537545907800
C           -1.54309209495388        0.63611607202981       -0.72567878662998
H            1.21211143360930        1.50551216293316       -0.90663351986979
H            1.10218137667260        1.56505527501317        0.85137628919392
H            2.51780727950807        0.82332734870570        0.07789558669161
H           -1.07637665138454       -1.43277946933768       -0.05805752678815
H           -2.42919627031086        0.17896178092508        1.25237027928101
H           -1.05350803532776        1.34945610876711        1.31095824732018
H           -2.40386854672965        0.28152213136196       -1.27002309805299
H           -1.02697944526010        1.45163999830942       -1.20450755249251
14
 energy: -18.820954189241 gnorm: 0.000599221574 xtb: 6.7.1 (edcfbbe)
C            1.44312269619625        0.96866301625693        0.00897990800769
C            0.76236697321515       -0.36934015732036        0.00239029826095
O            1.40507021735849       -1.41094179618225        0.00697425068818
C           -0.71116522230653       -0.41272479322700       -0.01871187029056
C           -1.55899938574401        0.57564307027987        0.75604385664213
C           -1.54272925584292        0.63710201744348       -0.72493188261535
H            1.21577402252034        1.50206962753251       -0.91065202841395
H            1.09873271846613        1.56828069863967        0.84671710941047
H            2.51749541778397        0.82356668553300        0.08150878049483
H           -1.07636632474759       -1.43273150483428       -0.05960258467397
H           -2.42971652277717        0.17728457175757        1.25213149634384
H           -1.05402724524301        1.34761045989704        1.31297985762663
H           -2.40331463212218        0.28333447886970       -1.27010260073998
H           -1.02633970658188        1.45326523913647       -1.20235262183796
14
 energy: -18.820956511383 gnorm: 0.000639011191 xtb: 6.7.1 (edcfbbe)
C            1.44305551746101        0.96867796428760        0.00793587434931
C            0.76234184811242       -0.36933262562578        0.00298490646529
O            1.40504691203137       -1.41092339729475        0.00920201665238
C           -0.71117408950530       -0.41272381148671       -0.01908772985793
C           -1.55932828575428        0.57458858323189        0.75674117429472
C           -1.54234568675003        0.63813347762144       -0.72414965319380
H            1.21960257476610        1.49845708202402       -0.91482511619377
H            1.09513721208209        1.57163584282486        0.84182176352689
H            2.51714892345378        0.82384297810541        0.08527836902515
H           -1.07635941352827       -1.43268059255645       -0.06121816373113
H           -2.43026065109760        0.17553470232145        1.25187804561673
H           -1.05456583748583        1.34567576801153        1.31509428920515
H           -2.40273209603286        0.28523480596910       -1.27018518760340
H           -1.02566317757757        1.45496083634874       -1.20009861965262
14
 energy: -18.820958219663 gnorm: 0.000245602629 xtb: 6.7.1 (edcfbbe)
C            1.44315312134202        0.96886208165958        0.00723012504470
C            0.76227728438684       -0.36953959440665        0.00283541275866
O            1.40516340555071       -1.41108825276427        0.01061941344609
C           -0.71134749186967       -0.41280656393271       -0.01910355296795
C           -1.55957563364352        0.57395648859029        0.75719239277396
C           -1.54185547096597        0.63878221089955       -0.72360471903628
H            1.22167736701323        1.49625469104579       -0.91702989311096
H            1.09315076193848        1.57333720812037        0.83880499254981
H            2.51704644687384        0.82467004812707        0.08715640340226
H           -1.07691613580299       -1.43274640652804       -0.06185508603189
H           -2.43089201882879        0.17439259939129        1.25168576843777
H           -1.05504713938748        1.34459224933239        1.31669330228004
H           -2.40207981905229        0.28630350599105       -1.27050686351470
H           -1.02485092737937        1.45611134825663       -1.19874572712854
14
 energy: -18.820961928872 gnorm: 0.000812242013 xtb: 6.7.1 (edcfbbe)
C            1.44305865425835        0.96924117003711        0.00553399375981
C            0.76222654004628       -0.36996343933553        0.00393068374250
O            1.40553275736178       -1.41124752989421        0.01384520169127
C           -0.71146717158395       -0.41291071987076       -0.01959305061396
C           -1.55979606479863        0.57232019168491        0.75827729712781
C           -1.54091866771884        0.64045162833068       -0.72227388646252
H            1.22756578105521        1.49001716889125       -0.92358311240797
H            1.08698874131062        1.57828212455132        0.83077141270652
H            2.51637687180714        0.82597068443889        0.09320132980654
H           -1.07764280867865       -1.43272639178326       -0.06438415725891
H           -2.43171443268736        0.17160903076496        1.25131985830163
H           -1.05581060724486        1.34164289466814        1.32047768436896
H           -2.40104328564842        0.28948279426553       -1.27076343908665
H           -1.02345255730364        1.45891200703331       -1.19538784677206
14
 energy: -18.820970472909 gnorm: 0.001555851089 xtb: 6.7.1 (edcfbbe)
C            1.44262043166142        0.96975892679665        0.00213223949842
C            0.76215460516232       -0.37054822097892        0.00513909787285
O            1.40609258892194       -1.41127781365242        0.02006196338522
C           -0.71152488140744       -0.41306524462389       -0.02073541432409
C           -1.56025923735950        0.56889601641118        0.76073146888702
C           -1.53922026216722        0.64391083681955       -0.71936262792740
H            1.24115957698864        1.47681741796901       -0.93783224633565
H            1.07305130592766        1.58922541951815        0.81351665666850
H            2.51465595142739        0.82794960306759        0.10740728964071
H           -1.07846754845368       -1.43257402046560       -0.06956172863431
H           -2.43322289788230        0.16614928899041        1.25074038697846
H           -1.05729717280632        1.33531934577521        1.32815017392715
H           -2.39900116286307        0.29610351746560       -1.27078227055407
H           -1.02083754697480        1.46441654068982       -1.18823302017983
14
 energy: -18.820950152987 gnorm: 0.007094051778 xtb: 6.7.1 (edcfbbe)
C            1.44058824245188        0.97195161704628       -0.01266466357363
C            0.76190879078689       -0.37302861880721        0.01101039149345
O            1.40856821275180       -1.41128320908022        0.04645049074090
C           -0.71163182786860       -0.41372033364812       -0.02480346978924
C           -1.56297769568413        0.55412885672279        0.77146205203751
C           -1.53114836952324        0.65881371305473       -0.70664685712312
H            1.29741135944357        1.42028513463194       -0.99888691775567
H            1.01478375709413        1.63613540005893        0.74024765981044
H            2.50734072971055        0.83610747536360        0.16577013170202
H           -1.08171147093884       -1.43186608279994       -0.09130831298441
H           -2.44106529883490        0.14290439017589        1.24731728796944
H           -1.06520244222689        1.30812339919350        1.36177574146392
H           -2.38871942299782        0.32462772647206       -1.27160034138217
H           -1.00824081398938        1.48790214539811       -1.15675122370646
14
 energy: -18.820984122921 gnorm: 0.003438688329 xtb: 6.7.1 (edcfbbe)
C            1.44133990496452        0.97093931289825       -0.00559364627555
C            0.76207019570018       -0.37193150625988        0.00791653568040
O            1.40755973725307       -1.41110082733026        0.03397225066617
C           -0.71143943039504       -0.41338889161375       -0.02285215754657
C           -1.56151907997130        0.56124714846825        0.76629849381566
C           -1.53487479828927        0.65161452132329       -0.71267129393335
H            1.27006097020235        1.44737609547382       -0.96911484372616
H            1.04287920359864        1.61303551247065        0.77540879425909
H            2.51032987632981        0.83233178662346        0.13741117631958
H           -1.08003987108027       -1.43209253382546       -0.08086959862862
H           -2.43726891422053        0.15443868232169        1.24879620288871
H           -1.06151010454873        1.32115112569923        1.34567502263328
H           -2.39349121257065        0.31110441476998       -1.27108358849234
H           -1.01419272679774        1.47635677276307       -1.17192137875735
14
 energy: -18.820985693522 gnorm: 0.003607677399 xtb: 6.7.1 (edcfbbe)
C            1.44113085642666        0.97107159943732       -0.00620842511336
C            0.76204100931344       -0.37211371303542        0.00797789251257
O            1.40775441717285       -1.41101763978597        0.03538384048022
C           -0.71142870044249       -0.41343225578554       -0.02320466536461
C           -1.56138439397507        0.56066305878559        0.76665819074930
C           -1.53457175075067        0.65222807578250       -0.71217198589727
H            1.27253657012079        1.44488205580213       -0.97121133060425
H            1.04033242154436        1.61458993505136        0.77203465860011
H            2.50961086242199        0.83303443384675        0.13998877458235
H           -1.08026426227271       -1.43201826285971       -0.08183515039920
H           -2.43726923124276        0.15357589279972        1.24869623350426
H           -1.06154168383462        1.31990882751946        1.34702532865044
H           -2.39324306829421        0.31247037525970       -1.27096789739513
H           -1.01379929601254        1.47723923096444       -1.17079349540246
14
 energy: -18.820989908006 gnorm: 0.004635534743 xtb: 6.7.1 (edcfbbe)
C            1.44035515298018        0.97173073606703       -0.00933776741221
C            0.76184122324001       -0.37287284295632        0.00900152692980
O            1.40848675863860       -1.41082522718169        0.04217873976563
C           -0.71156277485444       -0.41370403047053       -0.02483697553665
C           -1.56108934592952        0.55764338092860        0.76860177594107
C           -1.53305396548414        0.65538882344730       -0.70964174121917
H            1.28490465555102        1.43253631223671       -0.98215687416898
H            1.02794703629691        1.62304518389938        0.75524866591644
H            2.50661416021048        0.83638157040772        0.15265341231273
H           -1.08151389717416       -1.43183168727818       -0.08687294542022
H           -2.43776512159466        0.14886919888673        1.24827432959557
H           -1.06188162045187        1.31379374807993        1.35382125265869
H           -2.39185394231772        0.31898697594372       -1.27062102279583
H           -1.01152456893564        1.48193947177194       -1.16494040766389
14
 energy: -18.820991447630 gnorm: 0.005261634211 xtb: 6.7.1 (edcfbbe)
C            1.44000287598980        0.97214932969064       -0.01142797002884
C            0.76170994869483       -0.37325177461977        0.00983180014904
O            1.40884901207782       -1.41077328951347        0.04651217459214
C           -0.71170663697608       -0.41388108748892       -0.02583277395046
C           -1.56112980171952        0.55555846727249        0.76998805798343
C           -1.53205720538868        0.65752315165625       -0.70789526021774
H            1.29334683244082        1.42426958398065       -0.98968664935756
H            1.01981111835722        1.62901211252363        0.74401114159304
H            2.50487117369488        0.83849596250236        0.16113328615211
H           -1.08227464675588       -1.43177818242486       -0.09031344172847
H           -2.43844755672468        0.14562918657844        1.24799703056474
H           -1.06223362599175        1.30977050494657        1.35830552923842
H           -2.39087410862820        0.32311983890552       -1.27041308476203
H           -1.00996362889557        1.48523780977281       -1.16083787132485
14
 energy: -18.820992931129 gnorm: 0.005682977856 xtb: 6.7.1 (edcfbbe)
C            1.43983490052418        0.97245328569293       -0.01294077411174
C            0.76159146811168       -0.37342384302774        0.01048650866180
O            1.40899723007706       -1.41073989314823        0.04957434881688
C           -0.71186279129928       -0.41398740406022       -0.02655703841998
C           -1.56127603879713        0.55397855554141        0.77105654315857
C           -1.53137293428790        0.65911767844895       -0.70657029960923
H            1.29990733343833        1.41802540433176       -0.99514530558825
H            1.01390213932306        1.63351707807555        0.73544888074896
H            2.50355702823872        0.84014258883963        0.16755190227775
H           -1.08277982497345       -1.43175626535598       -0.09294948896174
H           -2.43908809973672        0.14320735036649        1.24785951538689
H           -1.06244485153438        1.30679285747531        1.36151324896107
H           -2.39017865028713        0.32600554856415       -1.27020290822732
H           -1.00888315862200        1.48774867203830       -1.15775316419070
14
 energy: -18.820996597074 gnorm: 0.006263076635 xtb: 6.7.1 (edcfbbe)
C            1.43967526784190        0.97290049970742       -0.01531785667604
C            0.76137103090450       -0.37351740044445        0.01156380355335
O            1.40903736155172       -1.41066644939445        0.05418925787299
C           -0.71217259157389       -0.41409443264845       -0.02770172975705
C           -1.56168723573744        0.55136353171702        0.77284589061695
C           -1.53039595925309        0.66172453308856       -0.70437952885665
H            1.31129228687724        1.40757267474266       -1.00383798111792
H            1.00435448146604        1.64103243678896        0.72096656033627
H            2.50129320161480        0.84293282832083        0.17847366996681
H           -1.08342398487495       -1.43171320394188       -0.09732487385737
H           -2.44024147684096        0.13924657813070        1.24776292941898
H           -1.06268558448380        1.30191552190250        1.36651854372634
H           -2.38914391675921        0.33046003712956       -1.26973540944871
H           -1.00736913055783        1.49192445868334       -1.15265130687499
14
 energy: -18.821004462268 gnorm: 0.006842970876 xtb: 6.7.1 (edcfbbe)
C            1.43950467710928        0.97342306410462       -0.01870232234055
C            0.76101631020710       -0.37337540934151        0.01309305154816
O            1.40881601832515       -1.41047219309123        0.06023809590756
C           -0.71265375692755       -0.41413152735489       -0.02931926240657
C           -1.56250151675927        0.54743779364296        0.77559484115453
C           -1.52919931294081        0.66559557384535       -0.70105982042344
H            1.32961200808454        1.39145345623377       -1.01656822709821
H            0.98995756612818        1.65259657060161        0.69834360262907
H            2.49756527650768        0.84717476849276        0.19585323813716
H           -1.08399994557545       -1.43157953306211       -0.10388342723717
H           -2.44196196825666        0.13336733847537        1.24782278603695
H           -1.06292599175603        1.29459876443709        1.37366752959511
H           -2.38777920597539        0.33683519285620       -1.26880365736360
H           -1.00554640799575        1.49815775394233       -1.14490445923605
14
 energy: -18.821021660421 gnorm: 0.007024342004 xtb: 6.7.1 (edcfbbe)
C            1.43929599511572        0.97386755984568       -0.02333711043046
C            0.76041751991250       -0.37257134802451        0.01518825533563
O            1.40794051709352       -1.40996584684762        0.06728937206263
C           -0.71340046872740       -0.41398556176932       -0.03159199621861
C           -1.56397157161472        0.54166926456544        0.77978184113437
C           -1.52806396400050        0.67119663882935       -0.69609225565608
H            1.35955335990951        1.36672458633671       -1.03442228701644
H            0.96848034850015        1.67013799989365        0.66269827371227
H            2.49101889441392        0.85375999982258        0.22380108013313
H           -1.08410987424878       -1.43125353081876       -0.11356895644413
H           -2.44431117926242        0.12482859326515        1.24837428530000
H           -1.06290621959507        1.28381257983009        1.38345224655167
H           -2.38630963393876        0.34571844617880       -1.26684813290040
H           -1.00372997338263        1.50714223267508       -1.13335264666061
14
 energy: -18.821049092822 gnorm: 0.006029256780 xtb: 6.7.1 (edcfbbe)
C            1.43916895358191        0.97356061129842       -0.02678174874341
C            0.75968321101839       -0.37051111951222        0.01674031165481
O            1.40597517438965       -1.40903584620884        0.06971649378605
C           -0.71419009243428       -0.41347917024948       -0.03349565576539
C           -1.56580173044838        0.53657098685984        0.78379830460131
C           -1.52849980763544        0.67596392627878       -0.69152210939954
H            1.39301497696292        1.34258373226324       -1.04802841797172
H            0.94887887499714        1.68674846469819        0.62540742629705
H            2.48253265272962        0.86059305765927        0.25392166039325
H           -1.08269227403719       -1.43072616675038       -0.12226673533350
H           -2.44593009129074        0.11737975551156        1.24986017926228
H           -1.06192443470491        1.27412237644451        1.39058371351345
H           -2.38635988851470        0.35262853901059       -1.26378647663053
H           -1.00395177443894        1.51468246647885       -1.12277497676113
14
 energy: -18.820842501909 gnorm: 0.012441617306 xtb: 6.7.1 (edcfbbe)
C            1.43656529151612        0.97356970354169       -0.03927373922296
C            0.75826068037025       -0.36829239288195        0.02006235630048
O            1.40429776895723       -1.40654583555199        0.08493409006385
C           -0.71507691241699       -0.41289414250910       -0.03936431795447
C           -1.56836461974389        0.52170167063074        0.79517384829099
C           -1.52655433306702        0.69046668514679       -0.67810908509633
H            1.48038327823282        1.27431103993883       -1.09653509471136
H            0.88628484053990        1.73496935845497        0.52372027536697
H            2.46036745807238        0.87749681203555        0.33672166049093
H           -1.08131096083661       -1.42889295563074       -0.14626842270170
H           -2.44908471146632        0.09482501762162        1.25122019116571
H           -1.06247243509496        1.24470568239351        1.41786438111808
H           -2.38346137192626        0.37912210966401       -1.25761316845811
H           -0.99993022296162        1.53653886092839       -1.09116100574911
14
 energy: -18.821077971787 gnorm: 0.003320877119 xtb: 6.7.1 (edcfbbe)
C            1.43750446954687        0.97234965843953       -0.02980233347055
C            0.75925471015784       -0.36879381123298        0.01647842987297
O            1.40496233228779       -1.40743868012406        0.06958290299776
C           -0.71392274166587       -0.41298284240576       -0.03468528575499
C           -1.56634267982878        0.53314502432335        0.78693019519312
C           -1.52964405337628        0.67919626334505       -0.68805764957440
H            1.42349487690656        1.32324538949418       -1.05831954560848
H            0.93133811298012        1.69992399186847        0.59219159824569
H            2.47211616871521        0.86523128125150        0.28177118110475
H           -1.08026259040130       -1.42962180223487       -0.12727105373578
H           -2.44502493454796        0.11169652698759        1.25048780379610
H           -1.06202515293014        1.26620775140894        1.39708299137456
H           -2.38702682968103        0.36015577588744       -1.26106796159909
H           -1.00451793798800        1.51876708677394       -1.11394930393870
14
 energy: -18.821084416252 gnorm: 0.002227752723 xtb: 6.7.1 (edcfbbe)
C            1.43698378332696        0.97215663585883       -0.03057733747350
C            0.75923949572134       -0.36897492521983        0.01622928450134
O            1.40527697072497       -1.40711707219435        0.07017729279060
C           -0.71368632479901       -0.41316228868593       -0.03481371696763
C           -1.56595822465683        0.53290498299175        0.78726680603076
C           -1.52945802624972        0.67948822601967       -0.68766261776588
H            1.42589178027256        1.32183596606848       -1.06049906149257
H            0.92849218538793        1.70141084557078        0.58920976260369
H            2.47110099744388        0.86514380258855        0.28436813306344
H           -1.08041292500720       -1.42955051579215       -0.12722870607694
H           -2.44454987101616        0.11083284546144        1.25004706261877
H           -1.06273968167809        1.26533874756662        1.39868778631120
H           -2.38674761431334        0.36199159137542       -1.26112793154350
H           -1.00352879498224        1.51878277217305       -1.11270478769682
14
 energy: -18.821088516653 gnorm: 0.000713922914 xtb: 6.7.1 (edcfbbe)
C            1.43607533571653        0.97165678976614       -0.03204411654482
C            0.75911293363429       -0.36873842493134        0.01605989511009
O            1.40538696488433       -1.40646170351713        0.07067816255679
C           -0.71341136944628       -0.41340840436843       -0.03503113311553
C           -1.56571681968306        0.53229679060351        0.78805683199675
C           -1.52944537991407        0.68015042717321       -0.68681203591064
H            1.43253422836060        1.31828554800455       -1.06406177163129
H            0.92342518713879        1.70461315206584        0.58141006973588
H            2.46829200126026        0.86561516100152        0.29061604900374
H           -1.08022196000406       -1.42945014930498       -0.12737633030113
H           -2.44402449605114        0.10895236988440        1.24934830097988
H           -1.06371050452763        1.26332467197152        1.40133887278753
H           -2.38652947184690        0.36524585674621       -1.26091194968145
H           -1.00186289934665        1.51899952868729       -1.10989887608285
14
 energy: -18.821089028035 gnorm: 0.000331111419 xtb: 6.7.1 (edcfbbe)
C            1.43596272584620        0.97151802459480       -0.03258539902748
C            0.75904854373978       -0.36854097255876        0.01641601478163
O            1.40524784962002       -1.40638632357280        0.07150777236180
C           -0.71344642897871       -0.41352714256916       -0.03505323500102
C           -1.56595740698375        0.53209251055107        0.78822554406635
C           -1.52930371529383        0.68038747422578       -0.68663964576070
H            1.43324400603539        1.31776022387944       -1.06469446289676
H            0.92308727085645        1.70515103130124        0.57986088899748
H            2.46781842140249        0.86591298809061        0.29094868836974
H           -1.08013976204221       -1.42956978021936       -0.12744496798347
H           -2.44437367979921        0.10831755640787        1.24886046102954
H           -1.06399244517018        1.26268039773668        1.40194084639639
H           -2.38629615783465        0.36609615599940       -1.26104402970474
H           -1.00099547122277        1.51918946991551       -1.10892650672580
14
 energy: -18.821089508701 gnorm: 0.000293627292 xtb: 6.7.1 (edcfbbe)
C            1.43602377790240        0.97144252747118       -0.03316267112523
C            0.75900295399053       -0.36840076578315        0.01716440060129
O            1.40505813305923       -1.40640328775983        0.07370484407660
C           -0.71352606469189       -0.41361912251940       -0.03511768186814
C           -1.56638189591913        0.53188295466552        0.78820418494529
C           -1.52893246629802        0.68066257786123       -0.68663279818010
H            1.43139452987296        1.31814243306233       -1.06501183002998
H            0.92425337657626        1.70487769674419        0.58036104141212
H            2.46830184199291        0.86606802552278        0.28873678135297
H           -1.08008020785870       -1.42972070969193       -0.12767242620842
H           -2.44508727365112        0.10773551999979        1.24805486713331
H           -1.06438322453284        1.26209658094282        1.40235738519469
H           -2.38576092961356        0.36677054627691       -1.26152877878367
H           -0.99997880065401        1.51954663698988       -1.10808534961777
14
 energy: -18.821090018768 gnorm: 0.000336315246 xtb: 6.7.1 (edcfbbe)
C            1.43608355128977        0.97130437744311       -0.03373825206607
C            0.75901929310768       -0.36833852722719        0.01823624427429
O            1.40487111630999       -1.40638133343544        0.07719862545783
C           -0.71350158347819       -0.41362210739894       -0.03535646439739
C           -1.56679177504722        0.53160735395388        0.78802250759468
C           -1.52849052808803        0.68099099344391       -0.68675436795049
H            1.42793170902785        1.31897747104448       -1.06522996045098
H            0.92623471537400        1.70426729929315        0.58206839771908
H            2.46934154285217        0.86586241535303        0.28490520391356
H           -1.07988816624820       -1.42974382834786       -0.12822321443053
H           -2.44575816405842        0.10713135826280        1.24704175550002
H           -1.06494735412196        1.26142545148509        1.40272555433467
H           -2.38507786318181        0.36754885669548       -1.26222078363310
H           -0.99912274356259        1.52005183321682       -1.10730327696260
14
 energy: -18.821090519667 gnorm: 0.000242846942 xtb: 6.7.1 (edcfbbe)
C            1.43623446321675        0.97112152473835       -0.03430787118073
C            0.75911595527764       -0.36830168445274        0.01987873519481
O            1.40462155310707       -1.40629840422114        0.08252647672924
C           -0.71337445382021       -0.41346103159822       -0.03583705439501
C           -1.56731395372060        0.53117465180619        0.78761871071258
C           -1.52799270813190        0.68140514683012       -0.68707230327131
H            1.42225722694927        1.32050303240519       -1.06518666668303
H            0.92976282615770        1.70313838400943        0.58547426906187
H            2.47122382224421        0.86514586702493        0.27874535396653
H           -1.07953537779223       -1.42957417139749       -0.12936269189362
H           -2.44652581656588        0.10650310890697        1.24587408620403
H           -1.06571344905439        1.26061724894951        1.40292297851333
H           -2.38418785958831        0.36820803736914       -1.26321763421256
H           -0.99866847810409        1.52089990341207       -1.10668441984319
14
 energy: -18.821090633363 gnorm: 0.000088810191 xtb: 6.7.1 (edcfbbe)
C            1.43633402906874        0.97103802055100       -0.03431652740039
C            0.75918824893975       -0.36831895922759        0.02033400734841
O            1.40455845579857       -1.40624313925462        0.08422547111108
C           -0.71327239478495       -0.41333539057566       -0.03611731479339
C           -1.56736958551222        0.53101224385299        0.78742238588361
C           -1.52798533263334        0.68149184748076       -0.68723045654070
H            1.42057310076616        1.32101241585133       -1.06496819812512
H            0.93091325686135        1.70279799943350        0.58672170172801
H            2.47189466071650        0.86472984791996        0.27691242375243
H           -1.07940192980915       -1.42940979815088       -0.12994861478284
H           -2.44653239720323        0.10643429495020        1.24576688244212
H           -1.06583395226824        1.26046301209912        1.40275234604677
H           -2.38408835966783        0.36817157047523       -1.26342633435684
H           -0.99907405009707        1.52123764837696       -1.10675580341021
14
 energy: -18.821090650680 gnorm: 0.000031222291 xtb: 6.7.1 (edcfbbe)
C            1.43633569287935        0.97104021734103       -0.03425050912791
C            0.75920005973804       -0.36833205689396        0.02023135710430
O            1.40455600626272       -1.40621739782044        0.08427144615973
C           -0.71324369724126       -0.41329283361256       -0.03622980410331
C           -1.56727174420374        0.53100756431290        0.78739431632110
C           -1.52809469737775        0.68147064655740       -0.68726591505874
H            1.42072942369133        1.32105605110151       -1.06492366414097
H            0.93087788161278        1.70277710884129        0.58678565424190
H            2.47186182200435        0.86460956158168        0.27712866866220
H           -1.07940221771715       -1.42934448942784       -0.13006965582466
H           -2.44634853569725        0.10649736524116        1.24595068999339
H           -1.06569287033975        1.26051282243178        1.40263231452540
H           -2.38423529339385        0.36805001213194       -1.26334934463731
H           -0.99936808004276        1.52124704199642       -1.10693358521217
