----------------------------------------------- 
  Element       SASA      Sigma Z        Total  
     Z         Ang**2 cal/Ang**2/mol   kcal/mol 
----------------------------------------------- 
      H         69.873      48.690       3.402
      C         54.549     129.740       7.077
      N         14.127       0.000       0.000
      O         48.977       0.000       0.000

 Subtotal:     187.526                  10.479
 -----------------------------------------------

  Elements    COT*SASA   Sigma Z,Z'     Total   
    Z,Z'       Ang**2  cal/Ang**2/mol kcal/mol  
 ---------------------------------------------- 
  H   C         29.736     -60.770      -1.807
  H   O          0.000       0.000       0.000
  C   C         72.998     -72.950      -5.325
  O   C          0.000      68.690       0.000
  O   O          0.000       0.000       0.000
  C   N          6.164       0.000       0.000
  N   C         17.905     -48.220      -0.863
  N  C(3)        0.000      84.100       0.000
  O   N         28.723     121.980       3.504

 Subtotal:                              -4.492
 ---------------------------------------------- 

 NONAQUEOUS SOLVENT CONTRIBUTION (kcal/mol):
 (proportional to SASA, atomic number independent)
 ---------------------------------------------- 
 Subtotal:                               0.000
 ---------------------------------------------- 

 CDS TOTAL (kcal/mol):                   5.987
...............................................................................
