----------------------------------------------- 
  Element       SASA      Sigma Z        Total  
     Z         Ang**2 cal/Ang**2/mol   kcal/mol 
----------------------------------------------- 
      H        154.581      48.690       7.527
      C         44.800     129.740       5.812
      O         25.450       0.000       0.000

 Subtotal:     224.830                  13.339
 -----------------------------------------------

  Elements    COT*SASA   Sigma Z,Z'     Total   
    Z,Z'       Ang**2  cal/Ang**2/mol kcal/mol  
 ---------------------------------------------- 
  H   C        103.858     -60.770      -6.311
  H   O          0.000       0.000       0.000
  C   C         45.468     -72.950      -3.317
  O   C         14.900      68.690       1.023

 Subtotal:                              -8.605
 ---------------------------------------------- 

 NONAQUEOUS SOLVENT CONTRIBUTION (kcal/mol):
 (proportional to SASA, atomic number independent)
 ---------------------------------------------- 
 Subtotal:                               0.000
 ---------------------------------------------- 

 CDS TOTAL (kcal/mol):                   4.734
...............................................................................
