----------------------------------------------- 
  Element       SASA      Sigma Z        Total  
     Z         Ang**2 cal/Ang**2/mol   kcal/mol 
----------------------------------------------- 
      H        118.935      48.690       5.791
      C         17.335     129.740       2.249
      N         18.917       0.000       0.000

 Subtotal:     155.187                   8.040
 -----------------------------------------------

  Elements    COT*SASA   Sigma Z,Z'     Total   
    Z,Z'       Ang**2  cal/Ang**2/mol kcal/mol  
 ---------------------------------------------- 
  H   C         64.855     -60.770      -3.941
  C   C         10.650     -72.950      -0.777
  C   N          7.005       0.000       0.000
  N   C        148.027     -48.220      -7.138
  N  C(3)        0.000      84.100       0.000

 Subtotal:                             -11.856
 ---------------------------------------------- 

 NONAQUEOUS SOLVENT CONTRIBUTION (kcal/mol):
 (proportional to SASA, atomic number independent)
 ---------------------------------------------- 
 Subtotal:                               0.000
 ---------------------------------------------- 

 CDS TOTAL (kcal/mol):                  -3.816
...............................................................................
