----------------------------------------------- 
  Element       SASA      Sigma Z        Total  
     Z         Ang**2 cal/Ang**2/mol   kcal/mol 
----------------------------------------------- 
      H         96.477      48.690       4.697
      C         18.231     129.740       2.365
      O         18.326       0.000       0.000

 Subtotal:     133.034                   7.063
 -----------------------------------------------

  Elements    COT*SASA   Sigma Z,Z'     Total   
    Z,Z'       Ang**2  cal/Ang**2/mol kcal/mol  
 ---------------------------------------------- 
  H   C         57.066     -60.770      -3.468
  H   O          8.231       0.000       0.000
  C   C         12.260     -72.950      -0.894
  O   C          0.000      68.690       0.000

 Subtotal:                              -4.362
 ---------------------------------------------- 

 NONAQUEOUS SOLVENT CONTRIBUTION (kcal/mol):
 (proportional to SASA, atomic number independent)
 ---------------------------------------------- 
 Subtotal:                               0.000
 ---------------------------------------------- 

 CDS TOTAL (kcal/mol):                   2.700
...............................................................................
