----------------------------------------------- 
  Element       SASA      Sigma Z        Total  
     Z         Ang**2 cal/Ang**2/mol   kcal/mol 
----------------------------------------------- 
      H        114.386      48.690       5.569
      C         30.324     129.740       3.934
      O         22.870       0.000       0.000

 Subtotal:     167.580                   9.504
 -----------------------------------------------

  Elements    COT*SASA   Sigma Z,Z'     Total   
    Z,Z'       Ang**2  cal/Ang**2/mol kcal/mol  
 ---------------------------------------------- 
  H   C         77.173     -60.770      -4.690
  H   O          0.000       0.000       0.000
  C   C         22.937     -72.950      -1.673
  O   C         14.342      68.690       0.985

 Subtotal:                              -5.378
 ---------------------------------------------- 

 NONAQUEOUS SOLVENT CONTRIBUTION (kcal/mol):
 (proportional to SASA, atomic number independent)
 ---------------------------------------------- 
 Subtotal:                               0.000
 ---------------------------------------------- 

 CDS TOTAL (kcal/mol):                   4.126
...............................................................................
