16
 energy: -271.695372685726 gnorm: 0.001009617786 xtb: 6.7.1 (edcfbbe)
C            1.93541223266761        0.14073932152613       -0.52171531546285
C            0.80236679453280        0.05326418593025        0.48521737429776
H            1.21435938992252       -0.02623921344205        1.49907487846052
C           -0.20565121568104        1.20536896880524        0.38069166007011
C           -1.28290266266826        0.63179621060602       -0.54347604560317
C           -1.33898448929422       -0.80817416366799       -0.06369779710928
O            0.03189473480722       -1.16262046371121        0.22727836880956
H            1.54429577597789        0.27971655549040       -1.53575255116898
H            2.58689293159387        0.98718083289652       -0.28006285417545
H            2.54106225397676       -0.77093069738132       -0.50391337243877
H           -0.63696697790148        1.42464618998463        1.36295051533422
H            0.25892749473892        2.11663187248927       -0.00462966804847
H           -2.24473990637380        1.14246092733925       -0.45267488535092
H           -0.96080690713324        0.67165254940005       -1.58931603570996
H           -1.94729178253175       -0.89461549183599        0.84935028983521
H           -1.71913409049412       -1.51299659734461       -0.80934086899317
16
 energy: -271.695378366578 gnorm: 0.000465888388 xtb: 6.7.1 (edcfbbe)
C            1.93682026977993        0.14085267275297       -0.52053589403893
C            0.80246448800246        0.05337989287122        0.48428936175715
H            1.21233012470508       -0.02713346922431        1.49887859824503
C           -0.20548448728169        1.20555796125524        0.37904368034319
C           -1.28462927483153        0.63190086562768       -0.54279764500538
C           -1.33945570415222       -0.80832220350243       -0.06400783753041
O            0.03236827786688       -1.16302182499587        0.22459866249139
H            1.54776257612502        0.28073860579841       -1.53504038004084
H            2.58867392576759        0.98643769254063       -0.27734251052160
H            2.54166050156512       -0.77122448953530       -0.50225221522077
H           -0.63500998645805        1.42670863237171        1.36169777066733
H            0.25880957372141        2.11600991601913       -0.00854337593368
H           -2.24641022854865        1.14240858447917       -0.44891088950533
H           -0.96549548500923        0.67271492406707       -1.58962923524473
H           -1.94582407233090       -0.89608815680736        0.85023948495628
H           -1.71984692041661       -1.51303866961002       -0.80970376707392
16
 energy: -271.695390037802 gnorm: 0.001223938646 xtb: 6.7.1 (edcfbbe)
C            1.94303757154213        0.14123642175704       -0.51603876910021
C            0.80257736222286        0.05346332871952        0.48049897311827
H            1.20506159244598       -0.03006524978974        1.49777623907619
C           -0.20496569022935        1.20625553694887        0.37337034676882
C           -1.29092842594914        0.63160484370902       -0.54011843342234
C           -1.34159918285240       -0.80955520301319       -0.06483785151813
O            0.03386341125576       -1.16370185259066        0.21225795087853
H            1.56096328311745        0.28512781932786       -1.53261165787153
H            2.59561548831063        0.98432244289373       -0.26620984388008
H            2.54564737066215       -0.77229527135893       -0.49644603928956
H           -0.62839752026486        1.43508665688193        1.35686983071000
H            0.25903161235518        2.11332529758005       -0.02262239127918
H           -2.25234899548371        1.14112200242885       -0.43550683766435
H           -0.98259080148402        0.67579605417561       -1.59017068397239
H           -1.94072248399960       -0.90094704001125        0.85373625994914
H           -1.72551098893777       -1.51289508554994       -0.80996285078405
16
 energy: -271.695396536990 gnorm: 0.001605203313 xtb: 6.7.1 (edcfbbe)
C            1.94751291815222        0.14200745587188       -0.51247040334868
C            0.80176076618815        0.05213574584903        0.47762698679150
H            1.19858756402038       -0.03422224390426        1.49698785719017
C           -0.20458356324334        1.20637327890120        0.36858460496291
C           -1.29606148491003        0.63174518841603       -0.53865698960899
C           -1.34231038065987       -0.80998521256744       -0.06478021219491
O            0.03503433680726       -1.16466586665797        0.20104377423384
H            1.57128646715164        0.28935524589000       -1.53083945404204
H            2.59985688667707        0.98353651509691       -0.25662371249297
H            2.54900366190409       -0.77227620587656       -0.49221093866143
H           -0.62324328848094        1.44095513728958        1.35269080720112
H            0.25956823992314        2.11073323181637       -0.03352046311062
H           -2.25707345683887        1.14063875261443       -0.42687031742491
H           -0.99489380278997        0.67741095981712       -1.59069791959940
H           -1.93468612861867       -0.90346839996119        0.85798735241503
H           -1.73102509159087       -1.51239310424929       -0.80826641589188
16
 energy: -271.695406432759 gnorm: 0.001137318026 xtb: 6.7.1 (edcfbbe)
C            1.95642458477236        0.14377885598799       -0.50587860207258
C            0.79978910998162        0.04922851302771        0.47118765947403
H            1.18590140488880       -0.04287266061807        1.49441967068051
C           -0.20407427761755        1.20679673892684        0.36014797239335
C           -1.30477408152981        0.63138551497468       -0.53611263571072
C           -1.34427855258882       -0.81135142077850       -0.06443355559259
O            0.03647537287183       -1.16526082598943        0.17757205237907
H            1.59072433604456        0.29810649538524       -1.52710958137723
H            2.60717941178137        0.98285639056259       -0.23803242432928
H            2.55646144369410       -0.77141865373688       -0.48514280864826
H           -0.61467668885461        1.45141482638142        1.34512785382198
H            0.26132755609371        2.10594685281595       -0.05229538304465
H           -2.26499013108092        1.13918579390959       -0.41243102544750
H           -1.01554179828800        0.67871125518796       -1.59145761174048
H           -1.92263037883423       -0.90605538765624        0.86747801248417
H           -1.74458355650697       -1.51257228019418       -0.80305447180588
16
 energy: -271.695413446178 gnorm: 0.000709701502 xtb: 6.7.1 (edcfbbe)
C            1.96393642772335        0.14559675892270       -0.50047665752807
C            0.79829557651962        0.04620203924276        0.46542584107524
H            1.17471081393753       -0.05268958351697        1.49182669900547
C           -0.20415921773770        1.20628726893988        0.35317762292920
C           -1.31186435640987        0.63131254012679       -0.53500022745446
C           -1.34591769009925       -0.81150983146461       -0.06314614171192
O            0.03770475601115       -1.16477696020612        0.15490560824990
H            1.60688549597980        0.30650284992149       -1.52389119853030
H            2.61193730470315        0.98308553996629       -0.22146160296429
H            2.56371442208768       -0.76986199827336       -0.48002963838610
H           -0.60873768051054        1.45795706302710        1.33861029494403
H            0.26225227656187        2.10141885450275       -0.06635801098827
H           -2.27125455273176        1.13834148330785       -0.40417795535756
H           -1.03040185939317        0.67807161162378       -1.59228293347023
H           -1.90978640390821       -0.90552111426864        0.87795045608053
H           -1.75858141401083       -1.51253696936489       -0.79508659712620
16
 energy: -271.695416743923 gnorm: 0.000545822735 xtb: 6.7.1 (edcfbbe)
C            1.96677423712030        0.14713382331968       -0.49808719728676
C            0.79668627209517        0.04381314504352        0.46173936465773
H            1.16849269928945       -0.05858626603825        1.48939297507100
C           -0.20414245828644        1.20624047987812        0.35025093736806
C           -1.31387237308300        0.63087685437932       -0.53491331068038
C           -1.34676852737846       -0.81159539809153       -0.06206680248532
O            0.03772881570238       -1.16521343720214        0.14241979638857
H            1.61365843286266        0.31118775638997       -1.52225480342980
H            2.61280933612402        0.98420582547990       -0.21370540692392
H            2.56722251844657       -0.76792327459013       -0.47813068815042
H           -0.60680357087826        1.45904032473903        1.33599759701247
H            0.26267774012317        2.10043526783042       -0.07059251268637
H           -2.27254862375974        1.13876024048150       -0.40331637502182
H           -1.03394348300515        0.67545077262055       -1.59262186981724
H           -1.90183677499881       -0.90262173896678        0.88439164581040
H           -1.76740023997319       -1.51332508030808       -0.78851764045547
16
 energy: -271.695416743923 gnorm: 0.000545822735 xtb: 6.7.1 (edcfbbe)
C            1.96677423712030        0.14713382331968       -0.49808719728676
C            0.79668627209517        0.04381314504352        0.46173936465773
H            1.16849269928945       -0.05858626603825        1.48939297507100
C           -0.20414245828644        1.20624047987812        0.35025093736806
C           -1.31387237308300        0.63087685437932       -0.53491331068038
C           -1.34676852737846       -0.81159539809153       -0.06206680248532
O            0.03772881570238       -1.16521343720214        0.14241979638857
H            1.61365843286266        0.31118775638997       -1.52225480342980
H            2.61280933612402        0.98420582547990       -0.21370540692392
H            2.56722251844657       -0.76792327459013       -0.47813068815042
H           -0.60680357087826        1.45904032473903        1.33599759701247
H            0.26267774012317        2.10043526783042       -0.07059251268637
H           -2.27254862375974        1.13876024048150       -0.40331637502182
H           -1.03394348300515        0.67545077262055       -1.59262186981724
H           -1.90183677499881       -0.90262173896678        0.88439164581040
H           -1.76740023997319       -1.51332508030808       -0.78851764045547
