18
 energy: -20.890644511574 gnorm: 0.029869588630 xtb: 6.7.1 (edcfbbe)
C            0.52089080826344        0.87217576940424       -1.25956168500765
C            0.42316747448886        0.01397588584196        0.00002492653333
C            0.51989631695799        0.87644657693924        1.25676517604656
C            1.51262591196010       -1.05124685638575        0.00227020910150
O           -0.81550199614550       -0.76103895389276        0.00075659939868
C           -2.02761920458521       -0.00663591516862        0.00002454620573
H            1.51683720339790        1.32119995821292       -1.31952158639807
H            0.36511073977580        0.26029097018540       -2.15416176133841
H           -0.20925538090182        1.68629552581544       -1.25604946106247
H            0.36411663691667        0.26754524933881        2.15339417857053
H           -0.21067573149341        1.69015624851263        1.25010684859932
H            1.51559317369332        1.32616553932578        1.31559849221378
H            1.43097101719941       -1.68268669861426        0.89250746178997
H            1.43161005327492       -1.68590127777586       -0.88574460926067
H            2.49936968920882       -0.58030731805183        0.00176429033357
H           -2.12506050555855        0.62209458195222       -0.89396790415776
H           -2.12614108464374        0.62204356184788        0.89393547529089
H           -2.84175068225008       -0.73596296315389       -0.00048299691754
18
 energy: -20.891627110345 gnorm: 0.012159670194 xtb: 6.7.1 (edcfbbe)
C            0.52986698978718        0.87906600043080       -1.25851198536516
C            0.41283158597757        0.01858810474011        0.00002339482796
C            0.52888950976524        0.88335956180623        1.25569064642651
C            1.50680464338721       -1.04709365627445        0.00226732325252
O           -0.82169186217900       -0.74583053112657        0.00075153007948
C           -2.03388743239654       -0.01400481971001        0.00003662520489
H            1.52635760789142        1.31328013036379       -1.31507529529665
H            0.36442057489140        0.26774692320871       -2.14478266517823
H           -0.19327215643403        1.69248446546977       -1.25257420010435
H            0.36336763729842        0.27498969719933        2.14397414820425
H           -0.19463712405492        1.69639809422502        1.24663368694455
H            1.52515720814815        1.31822593598813        1.31119437353288
H            1.41319420660658       -1.67624433952517        0.88518823787709
H            1.41378519071438       -1.67936630477638       -0.87848414995736
H            2.49079600156882       -0.58206970562179        0.00177185528818
H           -2.13020702761657        0.60855572656986       -0.89412188601282
H           -2.13125933127986        0.60849269999588        0.89413390441709
H           -2.82633178251654       -0.76196809862972       -0.00045734419953
18
 energy: -20.891829309935 gnorm: 0.003870968674 xtb: 6.7.1 (edcfbbe)
C            0.53306766926281        0.88571503827415       -1.25941481554227
C            0.40934938746903        0.02217624169170        0.00002249463682
C            0.53209475496967        0.89002437983226        1.25656972820122
C            1.50184512966335       -1.05001086034170        0.00226757352392
O           -0.81682947738687       -0.73705708471684        0.00075157427604
C           -2.03112315174303       -0.02061808137466        0.00005204546471
H            1.53162952535920        1.30749481759881       -1.31179938245617
H            0.36104689136777        0.27612880305606       -2.14282313098605
H           -0.18336792691723        1.70268756293374       -1.24992862100943
H            0.35992300330903        0.28338979507734        2.14198174312869
H           -0.18467939800087        1.70665655128520        1.24394387159192
H            1.53046420713180        1.31238951087143        1.30796926691070
H            1.39982364451893       -1.67641983002153        0.88322138167757
H            1.40040024753414       -1.67948898859123       -0.87656137199211
H            2.48299195853625       -0.58693487100097        0.00178566944194
H           -2.13605692278181        0.59992175840702       -0.89328442932700
H           -2.13706691494240        0.59987359051380        0.89331506855265
H           -2.80932818779084       -0.78131844916102       -0.00041046615187
18
 energy: -20.891854676617 gnorm: 0.001416888084 xtb: 6.7.1 (edcfbbe)
C            0.53449697108212        0.88818533235355       -1.25932884704948
C            0.40791038087724        0.02253350444883        0.00002257787359
C            0.53352836274241        0.89249317803949        1.25647685283409
C            1.50086058532415       -1.05087539656910        0.00226480509185
O           -0.81446637075029       -0.73613184964076        0.00075584377605
C           -2.03107501462559       -0.02472219172275        0.00006005262633
H            1.53528537283133        1.30474798058059       -1.31174881807134
H            0.35794887732791        0.28070843664007       -2.14356662139004
H           -0.17817472276921        1.70875853415799       -1.24668809899857
H            0.35677779406914        0.28798386837258        2.14270979320321
H           -0.17944505956031        1.71275032536510        1.24066064015086
H            1.53414318766909        1.30959795472217        1.30795848482672
H            1.39575338518191       -1.67652786642397        0.88361881262383
H            1.39633700034005       -1.67958116449645       -0.87698196524936
H            2.48285388688362       -0.58996658896318        0.00179542582949
H           -2.14063741560150        0.59657127903686       -0.89290346893714
H           -2.14161323104389        0.59656152942258        0.89292203016936
H           -2.80629955041928       -0.78847698099007       -0.00036929936814
18
 energy: -20.891861558481 gnorm: 0.001053766273 xtb: 6.7.1 (edcfbbe)
C            0.53452289518580        0.88986403180264       -1.25894342808379
C            0.40731778772046        0.02234689838297        0.00002279548005
C            0.53356211377171        0.89416429982141        1.25608889211133
C            1.50063489964412       -1.05151969112788        0.00225903223198
O           -0.81200448678456       -0.73663097771908        0.00076464652319
C           -2.03080184877709       -0.02823679754776        0.00006646824938
H            1.53808569699974        1.30061603109866       -1.31377760410195
H            0.35159873733783        0.28588519976045       -2.14493154600976
H           -0.17308994914647        1.71542028840153       -1.24202515698949
H            0.35035369521227        0.29317510566768        2.14405307345141
H           -0.17429287236658        1.71944267209522        1.23594281542305
H            1.53697930759237        1.30539545718348        1.31005201043757
H            1.39456409437970       -1.67712810240078        0.88414456192843
H            1.39516351753709       -1.68016657484299       -0.87753389669849
H            2.48390201634264       -0.59263365617348        0.00180496313044
H           -2.14311500160015        0.59386205989927       -0.89291231960739
H           -2.14403511976985        0.59394788034930        0.89288048454762
H           -2.80516104372014       -0.79319424031712       -0.00029759208230
18
 energy: -20.891864475672 gnorm: 0.000535245195 xtb: 6.7.1 (edcfbbe)
C            0.53389345506351        0.88942260512367       -1.25879046784343
C            0.40740638375835        0.02210173062244        0.00002316564254
C            0.53293862059500        0.89371866916594        1.25594016545721
C            1.50107999942470       -1.05090694900009        0.00225581184617
O           -0.81222529162774       -0.73749002157869        0.00076984340889
C           -2.03053106045537       -0.02793046127166        0.00006449582718
H            1.53793676977936        1.29874449109020       -1.31562206369838
H            0.34854338079262        0.28603168729237       -2.14459647342533
H           -0.17231420702365        1.71602841729192       -1.24064927526460
H            0.34727041640182        0.29331964201932        2.14371365771596
H           -0.17348425563882        1.72006388103772        1.23455824332657
H            1.53684685233762        1.30349558574366        1.31192442313600
H            1.39590703889209       -1.67675241748836        0.88406593627909
H            1.39650963798404       -1.67978643242522       -0.87746381036891
H            2.48411261276400       -0.59134964681993        0.00180275785181
H           -2.14161415161345        0.59394868855755       -0.89303802798748
H           -2.14251069557794        0.59409788497589        0.89296225637653
H           -2.80558106629724       -0.79214747000322       -0.00026243833853
18
 energy: -20.891866806428 gnorm: 0.000161359594 xtb: 6.7.1 (edcfbbe)
C            0.53301935646973        0.88905478654374       -1.25888216592020
C            0.40771524106411        0.02206026324365        0.00002591572128
C            0.53208017435509        0.89334450917052        1.25604277349327
C            1.50193786470643       -1.05006706890190        0.00224885019209
O           -0.81213106516450       -0.73816490006371        0.00078381601787
C           -2.03002683491672       -0.02772410613333        0.00005897001405
H            1.53799317780839        1.29533780225719       -1.31856320067357
H            0.34345079472861        0.28618397928547       -2.14398149939582
H           -0.17064674724611        1.71760445334677       -1.23872944044246
H            0.34211671947792        0.29347188085675        2.14309567336973
H           -0.17173921319691        1.72167873544144        1.23262042348312
H            1.53694554528280        1.30001936670483        1.31492593270693
H            1.39741151958171       -1.67607346466864        0.88391551145627
H            1.39801268640704       -1.67909383433630       -0.87733595136075
H            2.48446282723627       -0.58953224684168        0.00179665120596
H           -2.14005181135906        0.59383958229552       -0.89310618949816
H           -2.14089324563348        0.59413780322290        0.89292263660446
H           -2.80547255004243       -0.79146765708968       -0.00018050703278
18
 energy: -20.891867573392 gnorm: 0.000146429951 xtb: 6.7.1 (edcfbbe)
C            0.53282064073362        0.88904584697641       -1.25902238249760
C            0.40768802121667        0.02215280232179        0.00002890996766
C            0.53189680258597        0.89333009205444        1.25619330949123
C            1.50227886634845       -1.04962382595739        0.00224262691729
O           -0.81202526380330       -0.73853980153249        0.00079751062890
C           -2.02989911678420       -0.02799295539536        0.00005326288141
H            1.53847270830621        1.29338508340920       -1.32049303458998
H            0.34056547206941        0.28643960700964       -2.14371930924996
H           -0.16924608043292        1.71890340875435       -1.23774147942064
H            0.33918873086885        0.29372958450494        2.14283464142705
H           -0.17027457024930        1.72300848929941        1.23162228785839
H            1.53745996856371        1.29801094169581        1.31690307636432
H            1.39799082047047       -1.67562895812447        0.88393714333520
H            1.39858688070346       -1.67864208321871       -0.87737449155059
H            2.48463910936793       -0.58874064582194        0.00178818591271
H           -2.13988681874846        0.59351256936632       -0.89316470239102
H           -2.14068164743668        0.59394360531524        0.89288227295732
H           -2.80539008422100       -0.79168387632366       -0.00010962810039
18
 energy: -20.891867910167 gnorm: 0.000074214562 xtb: 6.7.1 (edcfbbe)
C            0.53260639197632        0.88907074180348       -1.25914088931766
C            0.40783246609767        0.02224897030001        0.00003329524190
C            0.53169900351377        0.89334964727330        1.25632405745521
C            1.50258290910486       -1.04945783778493        0.00223743213775
O           -0.81179145844318       -0.73845739618272        0.00081255271905
C           -2.02978007382397       -0.02817360288513        0.00004531290692
H            1.53869849591018        1.29210044737848       -1.32161359799265
H            0.33873171308876        0.28665963010169       -2.14362824778650
H           -0.16840248287966        1.71982556707829       -1.23718160153129
H            0.33732696449893        0.29394996930073        2.14274835066771
H           -0.16937520971352        1.72395547951933        1.23106087182935
H            1.53771853351669        1.29667805113272        1.31806166838442
H            1.39834561282743       -1.67544809881249        0.88394761764155
H            1.39892975499027       -1.67845838472029       -0.87739612848378
H            2.48488127012278       -0.58843976302268        0.00177646839809
H           -2.13993860667629        0.59330774081615       -0.89320469821071
H           -2.14069134930220        0.59387170895908        0.89281811423634
H           -2.80518949524995       -0.79197298592147       -0.00004237835439
18
 energy: -20.891868046516 gnorm: 0.000028782146 xtb: 6.7.1 (edcfbbe)
C            0.53255636435720        0.88910907590659       -1.25917847731609
C            0.40778904722159        0.02230301922718        0.00003880282252
C            0.53166736183986        0.89338256328207        1.25637598361831
C            1.50266367741524       -1.04930713069509        0.00223260197076
O           -0.81168605947078       -0.73853613831298        0.00082993718333
C           -2.02968538590312       -0.02835848619573        0.00003526489280
H            1.53894719795725        1.29130196071117       -1.32232716528345
H            0.33758204282071        0.28682759819542       -2.14352678961096
H           -0.16778234436551        1.72042537108131       -1.23674208130424
H            0.33616342974366        0.29411586898369        2.14265545811573
H           -0.16870547797604        1.72457413721684        1.23062919391778
H            1.53799903031529        1.29583938932880        1.31880564091862
H            1.39848332099761       -1.67528160158720        0.88396082849771
H            1.39904902088276       -1.67829366291989       -0.87741577113045
H            2.48490149559175       -0.58815647036035        0.00176052067402
H           -2.14000721498507        0.59309187961435       -0.89324388905993
H           -2.14072269080268        0.59379265512301        0.89274579142049
H           -2.80502837608081       -0.79222014426564        0.00002234961436
18
 energy: -20.891868100024 gnorm: 0.000022335463 xtb: 6.7.1 (edcfbbe)
C            0.53247455918737        0.88909720888167       -1.25920029672908
C            0.40781024760787        0.02230686367947        0.00004426849450
C            0.53160400588309        0.89336502102684        1.25641221584096
C            1.50277982238854       -1.04921001253684        0.00222845804912
O           -0.81164990372882       -0.73858389198513        0.00084733891522
C           -2.02966118136565       -0.02842350758023        0.00002440968569
H            1.53903452526997        1.29080004944580       -1.32278879370509
H            0.33683586349080        0.28692683102160       -2.14348286180674
H           -0.16744555399360        1.72076193112563       -1.23647258326400
H            0.33541507382931        0.29421114387502        2.14262169346574
H           -0.16832733512196        1.72492296238432        1.23037407700087
H            1.53811443675171        1.29530644214118        1.31929060174296
H            1.39868002764152       -1.67518970764830        0.88396712682376
H            1.39922525554395       -1.67820719628114       -0.87742398987048
H            2.48498808703770       -0.58798476846784        0.00174318751928
H           -2.13999040173606        0.59297273692792       -0.89329908253450
H           -2.14067372446207        0.59380555774618        0.89269071184384
H           -2.80502936466478       -0.79226777942262        0.00008171846923
