----------------------------------------------- 
  Element       SASA      Sigma Z        Total  
     Z         Ang**2 cal/Ang**2/mol   kcal/mol 
----------------------------------------------- 
      H         87.733      48.690       4.272
      C        107.096     129.740      13.895
      O         21.706       0.000       0.000
      Cl        37.290       9.820       0.366

 Subtotal:     253.824                  18.533
 -----------------------------------------------

  Elements    COT*SASA   Sigma Z,Z'     Total   
    Z,Z'       Ang**2  cal/Ang**2/mol kcal/mol  
 ---------------------------------------------- 
  H   C         59.505     -60.770      -3.616
  H   O          0.000       0.000       0.000
  C   C        143.870     -72.950     -10.495
  O   C          6.545      68.690       0.450
  O   O          0.000       0.000       0.000

 Subtotal:                             -13.662
 ---------------------------------------------- 

 NONAQUEOUS SOLVENT CONTRIBUTION (kcal/mol):
 (proportional to SASA, atomic number independent)
 ---------------------------------------------- 
 Subtotal:                               0.000
 ---------------------------------------------- 

 CDS TOTAL (kcal/mol):                   4.871
...............................................................................
