18
 energy: -20.899056845010 gnorm: 0.032049203403 xtb: 6.7.1 (edcfbbe)
C            2.11697664773258       -0.00389325426923       -0.01402328676184
C            0.83030546114234       -0.68853597385161        0.43708641682194
C           -0.46953285963288        0.03210336410875        0.04525810555919
C           -0.49788491170406        1.47826537804501        0.51802518768015
C           -1.66978337175016       -0.73682044359353        0.59265217542766
O           -0.57343972195247        0.09902987003500       -1.40708930820696
H            2.98120428519055       -0.64044220535948        0.20038030139026
H            2.27368288041373        0.94783770607624        0.50287989586346
H            2.10816410023551        0.19227160438919       -1.09107902445753
H            0.83663488418892       -0.80905608050826        1.52750575930324
H            0.78274887658725       -1.70054849617717        0.01214261896789
H            0.29279968459359        2.06504020961938        0.04222345103670
H           -1.46119154626274        1.93752033221362        0.27428269554638
H           -0.35789518035537        1.52444478132221        1.60204567014666
H           -2.60418648174779       -0.26653336361233        0.27058822150538
H           -1.65746061948926       -1.77235414055754        0.23381777727181
H           -1.65071213379731       -0.75500856365267        1.68713240271214
H           -0.57108421790813       -0.81216725552159       -1.73129281306685
18
 energy: -20.900037442497 gnorm: 0.015723765698 xtb: 6.7.1 (edcfbbe)
C            2.11008743220555       -0.00579133562914       -0.01465833769959
C            0.83076099685896       -0.69183812795192        0.44253618739943
C           -0.46415372730859        0.03444808541405        0.03707377104963
C           -0.49623827621096        1.47791676981206        0.52566399372722
C           -1.66500029002808       -0.73503600802637        0.59018371812031
O           -0.56215956392885        0.09996281466936       -1.40215761414388
H            2.96870033514087       -0.64317850954165        0.19462878576693
H            2.25726631757904        0.93950974545799        0.50417226658527
H            2.07934962073115        0.19135696434875       -1.08598145549696
H            0.84183160271497       -0.79822348001048        1.53061569244176
H            0.79878731101886       -1.70087351134593        0.01714302684900
H            0.28510448220010        2.05740351397522        0.04011681187389
H           -1.45457866297075        1.92919847514656        0.27483099428150
H           -0.35615493782176        1.51915158877895        1.60455343001141
H           -2.59176644942662       -0.26670976876236        0.26280621995286
H           -1.65659652512239       -1.76747838815227        0.24011648665327
H           -1.64485656712487       -0.74219231543866        1.67848000301395
H           -0.57103732302236       -0.80647304403817       -1.73758773364633
18
 energy: -20.900329143905 gnorm: 0.003814357228 xtb: 6.7.1 (edcfbbe)
C            2.10811862750742       -0.00476935747563       -0.01652400484935
C            0.83217084479808       -0.69441198982382        0.45053390117481
C           -0.46161436021751        0.03096018900599        0.03136171561392
C           -0.49301520924888        1.47527609696815        0.52881636682503
C           -1.66782003155941       -0.73570139548866        0.58767527292752
O           -0.54795814174484        0.10244629267461       -1.39351925489974
H            2.96602093839375       -0.64163566129448        0.18056624567616
H            2.25441395276711        0.93601622807978        0.50396742109339
H            2.05764815358734        0.19532060415484       -1.08389348337275
H            0.84179267000352       -0.78701457683195        1.53713676987653
H            0.80453268018061       -1.70342249232928        0.03078132824501
H            0.28268225442860        2.05254791838541        0.03784692884089
H           -1.45077909297810        1.92077312364837        0.27821071404467
H           -0.35042403012504        1.50856196057001        1.60348886880691
H           -2.58896621310037       -0.26852032578593        0.25082584279630
H           -1.65717927346270       -1.76815318262595        0.24708515374647
H           -1.64754390830469       -0.72916334045397        1.67256231076517
H           -0.57273408544059       -0.79795662267149       -1.74438585057125
18
 energy: -20.900378367712 gnorm: 0.001883202872 xtb: 6.7.1 (edcfbbe)
C            2.10790183146751       -0.00504417352340       -0.01801430636825
C            0.83283307711529       -0.69492658906234        0.45541374881493
C           -0.46040560066881        0.02969666065144        0.02908137213748
C           -0.49270430893994        1.47463459032022        0.52989439988536
C           -1.66893909393506       -0.73635117590886        0.58511664880680
O           -0.54167212241036        0.10278353826330       -1.39165207875546
H            2.96715022961679       -0.64340712871982        0.16929561485962
H            2.25879411301924        0.93383286743160        0.50544059935817
H            2.04861271191928        0.19911264340992       -1.08446232657345
H            0.84199637942637       -0.78044224736541        1.54243688873178
H            0.80519523225117       -1.70649954764789        0.04196177051530
H            0.28144177349290        2.05328562018750        0.03720537527407
H           -1.45256423193430        1.91922622471927        0.28357589298792
H           -0.34602159690873        1.50543291271014        1.60406431384605
H           -2.58907277105318       -0.27160223610064        0.24061104759936
H           -1.65459703457986       -1.77117761158596        0.25061560856797
H           -1.65296847154401       -0.72221115084961        1.67026793740008
H           -0.57563434084999       -0.79518972822347       -1.74831626034805
18
 energy: -20.900412302995 gnorm: 0.003348177608 xtb: 6.7.1 (edcfbbe)
C            2.10826978485092       -0.00690456749867       -0.02118576442572
C            0.83419918512975       -0.69310297732058        0.46364592005145
C           -0.45895920211281        0.02849739077748        0.02790634068000
C           -0.49288933423753        1.47387217728222        0.53176148502002
C           -1.67080294225806       -0.73781880943682        0.57928820953982
O           -0.53102726827663        0.10313904688192       -1.38984313572256
H            2.96892496583968       -0.65090201488389        0.14598199128444
H            2.27271221549096        0.92735959047964        0.50916657183960
H            2.03443182535921        0.20765238823586       -1.08564245079565
H            0.84336955885259       -0.76552925713069        1.55195639068952
H            0.80500560046509       -1.71065556169076        0.06368514518376
H            0.27728690642938        2.05691582835674        0.03539781097354
H           -1.45733163503728        1.91736213766010        0.29626597338736
H           -0.33651368694388        1.50260495621905        1.60557661796930
H           -2.59031703681022       -0.28127962276095        0.21848761354831
H           -1.64693819868433       -1.77764421862623        0.25712721036704
H           -1.66780223074080       -0.71064458421932        1.66535966091287
H           -0.58227273183176       -0.79176843361910       -1.75239934376340
18
 energy: -20.900424371622 gnorm: 0.002179215181 xtb: 6.7.1 (edcfbbe)
C            2.10799821483787       -0.00758058520633       -0.02177821330180
C            0.83435026598607       -0.69215299972420        0.46485092051438
C           -0.45863166785985        0.02900050417432        0.02892070191457
C           -0.49319182104315        1.47390335692671        0.53233542190461
C           -1.67027541801915       -0.73802275604802        0.57795429735392
O           -0.52975675869437        0.10344403147296       -1.39021698228109
H            2.96752940311926       -0.65363787511727        0.14205310500204
H            2.27618979427986        0.92532514953834        0.50965215573135
H            2.03252286213429        0.20932352209488       -1.08547159792837
H            0.84398250391305       -0.76252739467933        1.55333216246605
H            0.80451178920836       -1.71053684113252        0.06709511188401
H            0.27549816451468        2.05759984972178        0.03458144321259
H           -1.45822765824577        1.91687123697797        0.29891059521840
H           -0.33469978887721        1.50338294493809        1.60590913202091
H           -2.58953524002304       -0.28397301042505        0.21391412922161
H           -1.64401721227343       -1.77828024971081        0.25785970768363
H           -1.67095117313172       -0.70931361914668        1.66386710460527
H           -0.58395048434149       -0.79167179594887       -1.75123294848237
18
 energy: -20.900436581354 gnorm: 0.000537339179 xtb: 6.7.1 (edcfbbe)
C            2.10772008937961       -0.00922000988390       -0.02321903138535
C            0.83492175099733       -0.69001923529391        0.46817775546462
C           -0.45774200215869        0.02997282752130        0.03138947398063
C           -0.49365565778564        1.47392801506982        0.53415925025877
C           -1.66954188296171       -0.73855205108501        0.57449273728592
O           -0.52572499961397        0.10439062726885       -1.39039850444387
H            2.96482816469525       -0.66021615023075        0.13124989827318
H            2.28414374445995        0.92007371936814        0.51130725147782
H            2.02572016620237        0.21376283859108       -1.08490860177872
H            0.84576741067319       -0.75497997882768        1.55692993068260
H            0.80396635574449       -1.71012597994818        0.07547544424299
H            0.27099246836758        2.05882440346800        0.03222863791341
H           -1.46030700459793        1.91488532915554        0.30557349589008
H           -0.32973448855996        1.50477343714054        1.60681720572508
H           -2.58756005391262       -0.29056263292214        0.20099431181381
H           -1.63671021844779       -1.78012066394544        0.26043310517989
H           -1.67943539115842       -0.70442774861157        1.65993562471302
H           -0.58830267583875       -0.79123327812868       -1.74810173855419
18
 energy: -20.900437246878 gnorm: 0.000175587488 xtb: 6.7.1 (edcfbbe)
C            2.10761146693970       -0.00925215880255       -0.02356016940726
C            0.83506158035476       -0.69015764887742        0.46909199041668
C           -0.45733733112844        0.02996382236381        0.03171253591103
C           -0.49351622053686        1.47395449002104        0.53474910591514
C           -1.66958934693638       -0.73861274996971        0.57377451452176
O           -0.52447143104456        0.10458143133304       -1.39024157214618
H            2.96435351271102       -0.66100546585145        0.12834071895803
H            2.28542567191882        0.91909652063244        0.51185198707578
H            2.02350842581652        0.21510504323851       -1.08466186697066
H            0.84612156027014       -0.75419769572884        1.55781055164232
H            0.80405825214122       -1.71038279993256        0.07699038428046
H            0.27005294832444        2.05901034198077        0.03156445643560
H           -1.46072205930878        1.91418136919612        0.30735617772056
H           -0.32814033407686        1.50482162463307        1.60703743042912
H           -2.58686476583274       -0.29207951823863        0.19707011129115
H           -1.63506424397144       -1.78074036551096        0.26207607386114
H           -1.68202689950009       -0.70204217948074        1.65900936851447
H           -0.58911501065619       -0.79109059229995       -1.74743555170945
18
 energy: -20.900437511127 gnorm: 0.000127275639 xtb: 6.7.1 (edcfbbe)
C            2.10775281219638       -0.00904485273366       -0.02343964739558
C            0.83509963123202       -0.69042026881360        0.46882582071670
C           -0.45734759195426        0.02977760755661        0.03170697851714
C           -0.49329056875936        1.47390456603673        0.53484485998175
C           -1.66991235185753       -0.73849840482603        0.57387461943216
O           -0.52454336244331        0.10443787521008       -1.39013388079164
H            2.96463466841411       -0.66067411797519        0.12800675312114
H            2.28515163137647        0.91905426772868        0.51249204824636
H            2.02323957641604        0.21575665263676       -1.08438522089198
H            0.84617927776806       -0.75512133239049        1.55745858460830
H            0.80432576739661       -1.71035553039516        0.07602852666641
H            0.26998243136750        2.05898072829993        0.03122040222952
H           -1.46071127843425        1.91395365821542        0.30790247141232
H           -0.32736098550231        1.50469122527450        1.60701944623717
H           -2.58691307433087       -0.29255357612660        0.19586514599236
H           -1.63487403392793       -1.78100037632124        0.26350570874432
H           -1.68310250448322       -0.70049100334362        1.65902145461447
H           -0.58896426898985       -0.79124364932713       -1.74727782470123
18
 energy: -20.900437760102 gnorm: 0.000189794001 xtb: 6.7.1 (edcfbbe)
C            2.10763886270492       -0.00865827917602       -0.02314896310961
C            0.83499394380314       -0.69092618829399        0.46818957239526
C           -0.45737866739005        0.02961685188639        0.03156658633473
C           -0.49297622441298        1.47380936530202        0.53476046356237
C           -1.67002476774267       -0.73830005511456        0.57427070046097
O           -0.52510395898058        0.10428400879475       -1.39022417231111
H            2.96469417112142       -0.66002710902080        0.12841556979283
H            2.28435657400746        0.91923027593505        0.51341383976480
H            2.02356415298239        0.21662311651498       -1.08401940962145
H            0.84594666216223       -0.75696059551036        1.55676662714130
H            0.80448084517681       -1.71040571403135        0.07411103628396
H            0.27007872540999        2.05889165087281        0.03079350158277
H           -1.46052579642298        1.91388171523178        0.30832123557840
H           -0.32651809112246        1.50452140582144        1.60686810968323
H           -2.58685290275507       -0.29304545527028        0.19505090076932
H           -1.63459838279875       -1.78124213198640        0.26542077872747
H           -1.68384180273426       -0.69866442800781        1.65934465204189
H           -0.58858756752427       -0.79147496524167       -1.74736478233745
18
 energy: -20.900437956316 gnorm: 0.000090143000 xtb: 6.7.1 (edcfbbe)
C            2.10759016869755       -0.00838204352339       -0.02272862055090
C            0.83488289229141       -0.69121438816627        0.46739371215051
C           -0.45754151207991        0.02953442133788        0.03147558100553
C           -0.49267792542792        1.47367423079748        0.53462758279567
C           -1.67012563751846       -0.73811262582826        0.57463855657977
O           -0.52587164621241        0.10418972161516       -1.39034097237510
H            2.96476942875102       -0.65966014780899        0.12880521690748
H            2.28384306262201        0.91914030851848        0.51463970343689
H            2.02406619943002        0.21772604039626       -1.08348971181639
H            0.84561668804768       -0.75864798734741        1.55591499991579
H            0.80456814528067       -1.71025343700568        0.07208841381612
H            0.26998509083548        2.05878303246521        0.03009490979992
H           -1.46037373656513        1.91378714166629        0.30896594244947
H           -0.32538526702659        1.50440683962705        1.60663016842284
H           -2.58695707772950       -0.29394186662729        0.19414308386016
H           -1.63403612917076       -1.78154442760469        0.26756345986612
H           -1.68465122437809       -0.69667484983135        1.65962074601527
H           -0.58835574436279       -0.79165649397450       -1.74750652553945
18
 energy: -20.900438029511 gnorm: 0.000030975729 xtb: 6.7.1 (edcfbbe)
C            2.10747404912502       -0.00821367573369       -0.02241752463203
C            0.83478414687122       -0.69143519002555        0.46700240482503
C           -0.45762550078483        0.02951732388124        0.03131344510045
C           -0.49249393237175        1.47361600061946        0.53448922725147
C           -1.67007483025287       -0.73805717370335        0.57483432897888
O           -0.52629862454754        0.10421590885051       -1.39047087913496
H            2.96464248714109       -0.65956843893850        0.12892574657476
H            2.28365386419094        0.91896653225029        0.51558045050270
H            2.02433249989860        0.21858230612410       -1.08307873761751
H            0.84527078464361       -0.75956427061794        1.55549908783569
H            0.80455368382516       -1.71024841004396        0.07107790771790
H            0.26976602441768        2.05876541426638        0.02938119456171
H           -1.46037253079457        1.91373068256302        0.30960777787681
H           -0.32435743787703        1.50436262551196        1.60636732428945
H           -2.58694589434224       -0.29462844961235        0.19354758320930
H           -1.63349785342645       -1.78179111704704        0.26887385661138
H           -1.68505759136027       -0.69547730269339        1.65977420840456
H           -0.58840756887147       -0.79161929694519       -1.74777115561592
