17
 energy: -326.821235191632 gnorm: 0.020590980838 xtb: 6.7.1 (edcfbbe)
C           -2.76038182442320       -0.89470592919647       -0.02999247281329
N           -1.88042260713327        0.24354825670792        0.02505978141110
C           -0.52036293293059        0.16855820717469        0.01221044310541
C            0.16139803117152       -1.05225007536628       -0.05554691462461
C            1.54213816438336       -1.08334852678006       -0.06592928582922
C            2.28123669091088        0.08623069303821       -0.00987150430437
C            1.61583898281602        1.30114690277657        0.05747760602547
C            0.23851226290569        1.34603808399647        0.06855531953038
H           -3.78859684187883       -0.54620319794204       -0.00564410430250
H           -2.59719636985089       -1.56052624679151        0.82280259646461
H           -2.60747172435544       -1.46712982455012       -0.94988511692092
H           -2.29017776171484        1.15905714751361        0.07400459883279
H           -0.39005988417285       -1.97773344417639       -0.10012040364437
H            2.04880517940788       -2.03678790030255       -0.11874115265262
H            3.36030841158904        0.05349838632371       -0.01845983190818
H            2.17947487126578        2.22235913128479        0.10176222254509
H           -0.27085464622002        2.29819459291839        0.12126891875374
17
 energy: -326.822129830561 gnorm: 0.005065027543 xtb: 6.7.1 (edcfbbe)
C           -2.75918267355625       -0.90047186162215       -0.03023471290354
N           -1.88759733445935        0.25162311125480        0.02527026810315
C           -0.52414973283370        0.17606602187039        0.01259801078184
C            0.15623201919784       -1.05429246476560       -0.05584329711127
C            1.54575271568259       -1.08664180782819       -0.06644035006653
C            2.29460201437836        0.08477251705494       -0.01005056724553
C            1.62451417696326        1.30685835163794        0.05813561679944
C            0.24120642275436        1.35810875119672        0.06940458227331
H           -3.79223283840909       -0.55389367895569       -0.00616790011826
H           -2.60571582527712       -1.57412383069424        0.82275439281943
H           -2.61572973485500       -1.48151595551819       -0.95045364644604
H           -2.30194802560477        1.16637185272650        0.07419571234945
H           -0.40038365836753       -1.98284882671664       -0.10049339722709
H            2.04983039721550       -2.04617973619005       -0.11936873423827
H            3.37776224496826        0.04928273431028       -0.01876664505858
H            2.18944518207420        2.23210823166777        0.10229340487588
H           -0.27021727974873        2.31472270414816        0.12211798160939
17
 energy: -326.822189992354 gnorm: 0.001101348176 xtb: 6.7.1 (edcfbbe)
C           -2.75919967486812       -0.90295476412853       -0.03023164869482
N           -1.89100535018767        0.25385077610949        0.02511392126241
C           -0.52566149996155        0.17942315700405        0.01266288239547
C            0.15391084472290       -1.05403366691727       -0.05601959596573
C            1.54603227825968       -1.08708540669996       -0.06656221456689
C            2.29910743604397        0.08367756901840       -0.01007035278858
C            1.62798153107046        1.30828331872910        0.05826700421519
C            0.24317129456263        1.36278669812003        0.06970415205089
H           -3.79515156165020       -0.56024021999514       -0.00668391685210
H           -2.60503262182934       -1.57643630724877        0.82402457095420
H           -2.61467866739911       -1.48452271514072       -0.95108918602420
H           -2.30941185862771        1.16726741440463        0.07404834844561
H           -0.40426334792145       -1.98300192115932       -0.10074003182157
H            2.04762426798889       -2.04944272490268       -0.11982785328825
H            3.38331791747558        0.04653564571265       -0.01885685892841
H            2.19352462244923        2.23482553472778        0.10269602286268
H           -0.26807748167614        2.32101368074644        0.12251546853899
17
 energy: -326.822193805385 gnorm: 0.000491436612 xtb: 6.7.1 (edcfbbe)
C           -2.75820791370292       -0.90408353672264       -0.03013844332461
N           -1.89201814505108        0.25489781714062        0.02478064515052
C           -0.52620050163882        0.18116410561673        0.01254414524239
C            0.15266302765582       -1.05286263422520       -0.05619451481174
C            1.54496338684959       -1.08675719096659       -0.06671873067573
C            2.29940367077472        0.08287215603001       -0.01006352546131
C            1.62875215887820        1.30807547184550        0.05842915099466
C            0.24406970625480        1.36432403311674        0.06978138485280
H           -3.79518155945713       -0.56401155427194       -0.00708330512429
H           -2.60209968618667       -1.57624423447174        0.82476738257890
H           -2.61148885473735       -1.48527620837581       -0.95083244526948
H           -2.31317226591445        1.16716725586605        0.07388058787134
H           -0.40584656471305       -1.98146233775551       -0.10101367723565
H            2.04460266229750       -2.05025181013718       -0.12009345373229
H            3.38353770460866        0.04480705231948       -0.01880249329227
H            2.19467106874124        2.23455413816026        0.10301006070096
H           -0.26625972063097        2.32303354573796        0.12269793097521
17
 energy: -326.822193805385 gnorm: 0.000491436612 xtb: 6.7.1 (edcfbbe)
C           -2.75820791370292       -0.90408353672264       -0.03013844332461
N           -1.89201814505108        0.25489781714062        0.02478064515052
C           -0.52620050163882        0.18116410561673        0.01254414524239
C            0.15266302765582       -1.05286263422520       -0.05619451481174
C            1.54496338684959       -1.08675719096659       -0.06671873067573
C            2.29940367077472        0.08287215603001       -0.01006352546131
C            1.62875215887820        1.30807547184550        0.05842915099466
C            0.24406970625480        1.36432403311674        0.06978138485280
H           -3.79518155945713       -0.56401155427194       -0.00708330512429
H           -2.60209968618667       -1.57624423447174        0.82476738257890
H           -2.61148885473735       -1.48527620837581       -0.95083244526948
H           -2.31317226591445        1.16716725586605        0.07388058787134
H           -0.40584656471305       -1.98146233775551       -0.10101367723565
H            2.04460266229750       -2.05025181013718       -0.12009345373229
H            3.38353770460866        0.04480705231948       -0.01880249329227
H            2.19467106874124        2.23455413816026        0.10301006070096
H           -0.26625972063097        2.32303354573796        0.12269793097521
