19
 energy: -535.264202657797 gnorm: 0.002581111683 xtb: 6.7.1 (edcfbbe)
C           -3.83740811371666       -0.69215358962654        0.04461889036221
O           -2.39502490371685       -0.82041098592857        0.06305874886277
C           -1.70517647024760        0.33608675368088       -0.04478660212763
O           -2.25556556860999        1.42632712813185       -0.14727529017100
C           -0.24710306512450        0.13668162601929       -0.02633962621077
C            0.58139835487961        1.26748081872689       -0.07456859809532
C            1.95830158979581        1.13993262962088       -0.05709764760577
C            2.52830959414345       -0.13516107992613        0.00652799398434
C            1.71851805182063       -1.27472217906019        0.05248872620940
C            0.34032082246180       -1.13546380054850        0.03726774793685
O            3.89066149050282       -0.20998249602166        0.02084729373624
H           -4.17540371939238       -0.09071770254171        0.89133614631645
H           -4.21799541071468       -1.70878415122786        0.12688472460497
H           -4.16637043564726       -0.23721848685487       -0.89155849023768
H            0.13293833411334        2.25398759632721       -0.12318742771404
H            2.60214711163015        2.01291778414847       -0.09119459271975
H            2.17600223734628       -2.25928915595457        0.09976869151804
H           -0.28111415692514       -2.02288105338901        0.07225919512160
H            4.16246741568402       -1.13828386534601        0.06136936138067
19
 energy: -535.264210751935 gnorm: 0.001029657123 xtb: 6.7.1 (edcfbbe)
C           -3.83715907230000       -0.69244689169867        0.04394475053343
O           -2.39456979930414       -0.82018269981447        0.06131169122873
C           -1.70516078464973        0.33577005533025       -0.04553718642870
O           -2.25580155321171        1.42543544679097       -0.14395542415387
C           -0.24684128684755        0.13739029856067       -0.02559375800755
C            0.58144482022456        1.26789758342417       -0.07386860510572
C            1.95800212184288        1.13974646028611       -0.05714869576345
C            2.52800282335988       -0.13522568527296        0.00637043288920
C            1.71788124105569       -1.27406758665348        0.05307093215467
C            0.33997420962752       -1.13445698516703        0.03823235609523
O            3.89034013988826       -0.21073831959770        0.01988450086342
H           -4.17439797044907       -0.09059948237555        0.89143008960800
H           -4.21705004978722       -1.71002412452352        0.12654654120636
H           -4.16613593961616       -0.23749103193432       -0.89325990706162
H            0.13350289868344        2.25430917046331       -0.12338803533217
H            2.60204985070439        2.01202504799152       -0.09229752459780
H            2.17476751401816       -2.25856198488197        0.10040550028101
H           -0.28146875975547       -2.02142559195997        0.07372920506085
H            4.16252283307664       -1.13900752428491        0.06054265012139
19
 energy: -535.264213383078 gnorm: 0.001385863100 xtb: 6.7.1 (edcfbbe)
C           -3.83663026842097       -0.69339364814334        0.04141722514782
O           -2.39364715405131       -0.81973581053159        0.05847698215747
C           -1.70529811872767        0.33618695761880       -0.04079220113638
O           -2.25641046585741        1.42528594258580       -0.13649647570840
C           -0.24652883186137        0.13873145948118       -0.02382281983721
C            0.58168677038580        1.26867407642936       -0.07438756842091
C            1.95791152602632        1.13946510032598       -0.05851123575420
C            2.52763272230537       -0.13550780981423        0.00566265329426
C            1.71692020109349       -1.27331198578848        0.05425415992331
C            0.33929948667412       -1.13287525214646        0.04037264885492
O            3.88988819524418       -0.21200148971742        0.01753287108293
H           -4.17379737916486       -0.09197987979509        0.88980677883980
H           -4.21530448283073       -1.71200600234528        0.12362871121840
H           -4.16588094714379       -0.23801544970173       -0.89634368302440
H            0.13464983158255        2.25524777044965       -0.12408332035670
H            2.60252404072492        2.01082350217760       -0.09512687548391
H            2.17276213191370       -2.25791867425446        0.10239318205392
H           -0.28240852216690       -2.01915381170628        0.07770464140521
H            4.16253479447812       -1.14016777822153        0.05873473586153
19
 energy: -535.264217186518 gnorm: 0.000744746358 xtb: 6.7.1 (edcfbbe)
C           -3.83646623465300       -0.69402661282200        0.03985105914952
O           -2.39335133511094       -0.81957157031303        0.05570126799515
C           -1.70552545915252        0.33664201741865       -0.04045215521513
O           -2.25669297395418        1.42661493807832       -0.13050849030101
C           -0.24657792240229        0.13929797198940       -0.02251852716765
C            0.58186391509108        1.26909323232464       -0.07388751451602
C            1.95818534324637        1.13943654377719       -0.05937680503611
C            2.52761829481148       -0.13573722757788        0.00508196812021
C            1.71668145496406       -1.27333257951333        0.05530150029838
C            0.33900223254299       -1.13241895762109        0.04233498948884
O            3.88983421529861       -0.21240324933140        0.01580837089973
H           -4.17367507956524       -0.09311653684997        0.88826101710216
H           -4.21445155197389       -1.71266254543416        0.12183991117198
H           -4.16655184004957       -0.23874758262186       -0.89735346674470
H            0.13519178022405        2.25588306745744       -0.12433393754706
H            2.60317754971251        2.01062529117871       -0.09733682945708
H            2.17213679001627       -2.25817477707686        0.10389198634576
H           -0.28299022264742       -2.01853119640804        0.08067330450596
H            4.16249474916942       -1.14052236860678        0.05744333730694
19
 energy: -535.264217186518 gnorm: 0.000744746358 xtb: 6.7.1 (edcfbbe)
C           -3.83646623465300       -0.69402661282200        0.03985105914952
O           -2.39335133511094       -0.81957157031303        0.05570126799515
C           -1.70552545915252        0.33664201741865       -0.04045215521513
O           -2.25669297395418        1.42661493807832       -0.13050849030101
C           -0.24657792240229        0.13929797198940       -0.02251852716765
C            0.58186391509108        1.26909323232464       -0.07388751451602
C            1.95818534324637        1.13943654377719       -0.05937680503611
C            2.52761829481148       -0.13573722757788        0.00508196812021
C            1.71668145496406       -1.27333257951333        0.05530150029838
C            0.33900223254299       -1.13241895762109        0.04233498948884
O            3.88983421529861       -0.21240324933140        0.01580837089973
H           -4.17367507956524       -0.09311653684997        0.88826101710216
H           -4.21445155197389       -1.71266254543416        0.12183991117198
H           -4.16655184004957       -0.23874758262186       -0.89735346674470
H            0.13519178022405        2.25588306745744       -0.12433393754706
H            2.60317754971251        2.01062529117871       -0.09733682945708
H            2.17213679001627       -2.25817477707686        0.10389198634576
H           -0.28299022264742       -2.01853119640804        0.08067330450596
H            4.16249474916942       -1.14052236860678        0.05744333730694
