----------------------------------------------- 
  Element       SASA      Sigma Z        Total  
     Z         Ang**2 cal/Ang**2/mol   kcal/mol 
----------------------------------------------- 
      H        160.218      48.690       7.801
      C         34.409     129.740       4.464
      O         27.847       0.000       0.000

 Subtotal:     222.475                  12.265
 -----------------------------------------------

  Elements    COT*SASA   Sigma Z,Z'     Total   
    Z,Z'       Ang**2  cal/Ang**2/mol kcal/mol  
 ---------------------------------------------- 
  H   C        107.645     -60.770      -6.542
  H   O          0.000       0.000       0.000
  C   C         27.185     -72.950      -1.983
  O   C         14.435      68.690       0.992
  O   O          0.000       0.000       0.000

 Subtotal:                              -7.533
 ---------------------------------------------- 

 NONAQUEOUS SOLVENT CONTRIBUTION (kcal/mol):
 (proportional to SASA, atomic number independent)
 ---------------------------------------------- 
 Subtotal:                               0.000
 ---------------------------------------------- 

 CDS TOTAL (kcal/mol):                   4.732
...............................................................................
