----------------------------------------------- 
  Element       SASA      Sigma Z        Total  
     Z         Ang**2 cal/Ang**2/mol   kcal/mol 
----------------------------------------------- 
      H         84.080      48.690       4.094
      C         65.938     129.740       8.555
      N          9.734       0.000       0.000
      O         23.403       0.000       0.000

 Subtotal:     183.155                  12.649
 -----------------------------------------------

  Elements    COT*SASA   Sigma Z,Z'     Total   
    Z,Z'       Ang**2  cal/Ang**2/mol kcal/mol  
 ---------------------------------------------- 
  H   C         40.231     -60.770      -2.445
  H   O          0.000       0.000       0.000
  C   C         86.022     -72.950      -6.275
  O   C         13.667      68.690       0.939
  C   N          3.775       0.000       0.000
  N   C         12.843     -48.220      -0.619
  N  C(3)        0.000      84.100       0.000
  O   N          0.000     121.980       0.000

 Subtotal:                              -8.401
 ---------------------------------------------- 

 NONAQUEOUS SOLVENT CONTRIBUTION (kcal/mol):
 (proportional to SASA, atomic number independent)
 ---------------------------------------------- 
 Subtotal:                               0.000
 ---------------------------------------------- 

 CDS TOTAL (kcal/mol):                   4.248
...............................................................................
