----------------------------------------------- 
  Element       SASA      Sigma Z        Total  
     Z         Ang**2 cal/Ang**2/mol   kcal/mol 
----------------------------------------------- 
      H         36.997      48.690       1.801
      C         18.888     129.740       2.451
      O         33.214       0.000       0.000
      F         68.171      38.180       2.603

 Subtotal:     157.271                   6.855
 -----------------------------------------------

  Elements    COT*SASA   Sigma Z,Z'     Total   
    Z,Z'       Ang**2  cal/Ang**2/mol kcal/mol  
 ---------------------------------------------- 
  H   C         24.959     -60.770      -1.517
  H   O          0.000       0.000       0.000
  C   C          4.905     -72.950      -0.358
  O   C         19.591      68.690       1.346
  O   O          0.000       0.000       0.000

 Subtotal:                              -0.529
 ---------------------------------------------- 

 NONAQUEOUS SOLVENT CONTRIBUTION (kcal/mol):
 (proportional to SASA, atomic number independent)
 ---------------------------------------------- 
 Subtotal:                               0.000
 ---------------------------------------------- 

 CDS TOTAL (kcal/mol):                   6.326
...............................................................................
