12
 energy: -691.762704567135 gnorm: 0.015830896404 xtb: 6.7.1 (edcfbbe)
C           -2.34285195353818        0.00004356490002        0.00061124600027
C           -1.65003066133117       -1.19914576203137        0.00035768880016
C           -0.26497391681742       -1.20705421903488       -0.00059196680026
C            0.41204974748259       -0.00001416200001       -0.00117078620052
C           -0.26499320491743        1.20700667973486       -0.00041646290018
C           -1.64998460863115        1.19913781463137       -0.00030877390014
Cl           2.15701179495583        0.00000913490000        0.00038770160017
H           -3.42141294501612        0.00010680530005        0.00039464850017
H           -2.18477119466813       -2.13581831884644       -0.00018086140008
H            0.28354619372565       -2.13522156454617        0.00057752790026
H            0.28349403542562        2.13515572724614       -0.00000338190000
H           -2.18463600416807        2.13576685924641        0.00367642440163
12
 energy: -691.763237481339 gnorm: 0.007202342245 xtb: 6.7.1 (edcfbbe)
C           -2.34909539892281        0.00001838102557        0.00042049236667
C           -1.65221328059592       -1.20382844793569       -0.00023150167426
C           -0.26137087915493       -1.21340565673735       -0.00009347764497
C            0.41516719079350       -0.00001661106967       -0.00007917061403
C           -0.26135410735087        1.21337738152212        0.00023460489185
C           -1.65217685394810        1.20382771340501        0.00107972600618
Cl           2.16792351344455       -0.00001935141162       -0.00049291074431
H           -3.43270558644516        0.00005037887861        0.00079156125982
H           -2.18866328493986       -2.14551838281397       -0.00008181880054
H            0.28775326510229       -2.14701082552676       -0.00011304825714
H            0.28777425333000        2.14697157329112        0.00019797489349
H           -2.18859153501952        2.14552639267128        0.00170061433023
12
 energy: -691.763298959532 gnorm: 0.003695699156 xtb: 6.7.1 (edcfbbe)
C           -2.35129112866828        0.00001247489727        0.00067548265842
C           -1.65301045509149       -1.20523231779838        0.00024627892730
C           -0.26010477950850       -1.21582888320618       -0.00013875937370
C            0.41472460013767       -0.00001680825652        0.00004125983331
C           -0.26007707828452        1.21581039057136        0.00054553790812
C           -1.65298312798367        1.20524214860902        0.00077555483741
Cl           2.17369873948282       -0.00003648959173       -0.00066373113539
H           -3.43638056854701        0.00002679192690        0.00080627391280
H           -2.18972242979148       -2.14870257115790       -0.00016605459245
H            0.28861099729232       -2.15128329964718       -0.00047922306394
H            0.28865823977765        2.15125399006165        0.00051556322784
H           -2.18967571003549        2.14872710862765        0.00117488218722
12
 energy: -691.763308347343 gnorm: 0.001913372114 xtb: 6.7.1 (edcfbbe)
C           -2.35147646436130        0.00001216413293        0.00062912027965
C           -1.65314059776065       -1.20527042375357        0.00013814240211
C           -0.25996403819708       -1.21619654216197       -0.00014773243775
C            0.41352003355575       -0.00001666754273        0.00000633903106
C           -0.25993510556828        1.21617975224149        0.00049875460902
C           -1.65311491322674        1.20528310422600        0.00082939376216
Cl           2.17569897465927       -0.00003924359349       -0.00059696208628
H           -3.43659075996576        0.00002260384970        0.00085477487552
H           -2.18970930377164       -2.14893076538792        0.00001105801606
H            0.28838715674189       -2.15180156637255       -0.00058368791507
H            0.28843857572791        2.15177313450818        0.00061649270060
H           -2.18966626020684        2.14895698084869        0.00107737533480
12
 energy: -691.763311315455 gnorm: 0.000941466845 xtb: 6.7.1 (edcfbbe)
C           -2.35111835880453        0.00001390144642        0.00060214338469
C           -1.65311138977488       -1.20500072482535        0.00013456684279
C           -0.26000511348386       -1.21601956531128       -0.00026513881696
C            0.41150403130284       -0.00001645804688       -0.00011014271767
C           -0.25997806199026        1.21600171262985        0.00041215891255
C           -1.65308571033735        1.20501444826177        0.00073297384939
Cl           2.17728883988410       -0.00003763864879       -0.00039200781386
H           -3.43594916697106        0.00002370187076        0.00091704077110
H           -2.18948640104915       -2.14844402851696        0.00011216454806
H            0.28788984423249       -2.15134453841813       -0.00061169236503
H            0.28793893431042        2.15131424394049        0.00061794060058
H           -2.18944015252922        2.14846747471648        0.00118305967168
12
 energy: -691.763311315455 gnorm: 0.000941466845 xtb: 6.7.1 (edcfbbe)
C           -2.35111835880453        0.00001390144642        0.00060214338469
C           -1.65311138977488       -1.20500072482535        0.00013456684279
C           -0.26000511348386       -1.21601956531128       -0.00026513881696
C            0.41150403130284       -0.00001645804688       -0.00011014271767
C           -0.25997806199026        1.21600171262985        0.00041215891255
C           -1.65308571033735        1.20501444826177        0.00073297384939
Cl           2.17728883988410       -0.00003763864879       -0.00039200781386
H           -3.43594916697106        0.00002370187076        0.00091704077110
H           -2.18948640104915       -2.14844402851696        0.00011216454806
H            0.28788984423249       -2.15134453841813       -0.00061169236503
H            0.28793893431042        2.15131424394049        0.00061794060058
H           -2.18944015252922        2.14846747471648        0.00118305967168
