11
 energy: -18.589435379258 gnorm: 0.025757382519 xtb: 6.7.1 (edcfbbe)
C            0.40747426019362        1.72519929213585       -0.14499463769876
C            0.43048418679369        0.29288718502216        0.32939016902234
H            0.31185539970917        0.21772331317504        1.41240080631071
C           -0.52850185593744       -0.63897100073637       -0.38379703257835
Cl          -2.25500834552930       -0.15496819802282        0.00685600162307
Cl           2.10863016694812       -0.43084288951478       -0.00909372010023
H            0.55744731602613        1.78211654151563       -1.22721473174476
H           -0.56440270711517        2.16700605161596        0.09756983831789
H            1.17913835797307        2.31185388923986        0.35807172675043
H           -0.42223260946235       -0.57510029768721       -1.46838945698956
H           -0.42166548718234       -1.66960497435949       -0.04572668921871
11
 energy: -18.590322561836 gnorm: 0.016255486755 xtb: 6.7.1 (edcfbbe)
C            0.40452509007494        1.71735873880079       -0.14694790323208
C            0.43694355539073        0.28680222845733        0.33005125001452
H            0.31875338240517        0.21693953461264        1.41190305258620
C           -0.52966264430658       -0.63164078072053       -0.38509853375180
Cl          -2.23555347729904       -0.14974619310375        0.01087602536320
Cl           2.10812738660034       -0.41213116615416        0.00683068533622
H            0.56077805452561        1.77136958233249       -1.22224186377016
H           -0.56827589802208        2.14767829054655        0.08876831386701
H            1.17264644422577        2.30238127311707        0.35269456532115
H           -0.43622634578596       -0.55888117817597       -1.46704438126494
H           -0.42883686539170       -1.66283141732865       -0.05471893677526
11
 energy: -18.590734070509 gnorm: 0.005669156971 xtb: 6.7.1 (edcfbbe)
C            0.40212521505860        1.71415511730603       -0.14898727901033
C            0.44591793018355        0.28059140189699        0.33024904434783
H            0.31562264629334        0.21766272172728        1.41101523544748
C           -0.53329996264705       -0.62602909541084       -0.38434375333973
Cl          -2.21272311548387       -0.14464282273804        0.02593710928653
Cl           2.09543934607109       -0.41000171524547        0.01625735060939
H            0.56915090353895        1.76311406148257       -1.21958548451946
H           -0.57451438362404        2.13226333138103        0.07552160988769
H            1.16262097290258        2.30282597535052        0.35181078587230
H           -0.44070667507145       -0.54171408711539       -1.46401746608365
H           -0.42641419480452       -1.66092597625087       -0.06878487880398
11
 energy: -18.590788095372 gnorm: 0.001843479424 xtb: 6.7.1 (edcfbbe)
C            0.40478803175463        1.71421254850233       -0.15012659478226
C            0.44831678036195        0.27887529810138        0.33055516628891
H            0.31108573498597        0.21961651081299        1.41168931586508
C           -0.53809342201520       -0.62512307134997       -0.38394875727137
Cl          -2.21287267106562       -0.15048172002913        0.03651691985186
Cl           2.09304532817606       -0.40814895299138        0.01760648258498
H            0.57943322803534        1.76216826061804       -1.22095299175268
H           -0.57503449815133        2.12979044229829        0.06778792386095
H            1.16028307485180        2.30598885637410        0.35656266023950
H           -0.44431794299318       -0.53688792165031       -1.46446566948477
H           -0.42341496152324       -1.66271133830253       -0.07615218170611
11
 energy: -18.590800275317 gnorm: 0.001591038281 xtb: 6.7.1 (edcfbbe)
C            0.40690061027502        1.71595659673948       -0.15147508886898
C            0.44944435123230        0.27934194147746        0.33044319337981
H            0.30668747351256        0.22214840995376        1.41183660187691
C           -0.54057758068093       -0.62583347622286       -0.38431191911686
Cl          -2.21290770039274       -0.15792665412919        0.05083974855349
Cl           2.08904997785358       -0.41434344308549        0.01950255967848
H            0.59282654416199        1.76435585135687       -1.22198602143307
H           -0.57674497412818        2.13081290594952        0.05648811993846
H            1.15570846351494        2.31081958540928        0.36414738769499
H           -0.45041439765613       -0.53216349947774       -1.46628394429890
H           -0.41675408527521       -1.66586930558729       -0.08412836371026
11
 energy: -18.590805683544 gnorm: 0.000696404654 xtb: 6.7.1 (edcfbbe)
C            0.40781622312431        1.71536022726129       -0.15182923548484
C            0.44862385192749        0.27957033662783        0.33032854275669
H            0.30669500447504        0.22213707483750        1.41153309966697
C           -0.54094752808347       -0.62547803085566       -0.38420389677130
Cl          -2.21462633937495       -0.16086319570979        0.05222629406187
Cl           2.09043274459922       -0.41217517866025        0.01985481365231
H            0.59616428362505        1.76423080961179       -1.22145764641455
H           -0.57617399248134        2.12996309550250        0.05373354750565
H            1.15516103044372        2.31006398881743        0.36554843676317
H           -0.45334954139007       -0.53031685924036       -1.46586501507138
H           -0.41657705444781       -1.66519335580849       -0.08479666697050
11
 energy: -18.590809105641 gnorm: 0.000317949398 xtb: 6.7.1 (edcfbbe)
C            0.40789031418460        1.71474870482254       -0.15245050869377
C            0.44828779333906        0.27972434208506        0.33021088721072
H            0.30677130381897        0.22216579636667        1.41119267033654
C           -0.54058092121338       -0.62477387568666       -0.38448743988241
Cl          -2.21368433842497       -0.16234204072079        0.05741689554046
Cl           2.09064162881977       -0.41300554012484        0.02113713028611
H            0.60190763910361        1.76341760157797       -1.22056592199529
H           -0.57760742739972        2.12785332362089        0.04752884368380
H            1.15172675929762        2.31030809549285        0.36827832936055
H           -0.45698542856899       -0.52620116887181       -1.46567505310602
H           -0.41514864053937       -1.66459632617807       -0.08751355904660
11
 energy: -18.590811108849 gnorm: 0.000259975560 xtb: 6.7.1 (edcfbbe)
C            0.40866520038607        1.71451429961050       -0.15303233160298
C            0.44837153637522        0.27958866862310        0.33019258236736
H            0.30660666467054        0.22236860142879        1.41119063761136
C           -0.54124166137283       -0.62427724513800       -0.38431703199115
Cl          -2.21388521064462       -0.16466110714898        0.06248888296690
Cl           2.09081691315060       -0.41324899210479        0.02158536330647
H            0.60846483571386        1.76308374321440       -1.22015398481435
H           -0.57868125547428        2.12587609701238        0.04136782119553
H            1.14854711924527        2.31169554175576        0.37158908012693
H           -0.46028335577439       -0.52283384220975       -1.46538669591198
H           -0.41416210385823       -1.66480685265963       -0.09045204956002
11
 energy: -18.590812085977 gnorm: 0.000073846840 xtb: 6.7.1 (edcfbbe)
C            0.40906807200872        1.71461575337938       -0.15340476247455
C            0.44842692861279        0.27959853154243        0.33020607365645
H            0.30646698319158        0.22263705366504        1.41127143716564
C           -0.54166028045853       -0.62392333194239       -0.38433325815012
Cl          -2.21381575934681       -0.16649999900515        0.06644403697453
Cl           2.09037248418119       -0.41422930657814        0.02172762144630
H            0.61322194643208        1.76313823523788       -1.21978940255884
H           -0.57950742683820        2.12497240234222        0.03683038266395
H            1.14614593122790        2.31271358303693        0.37408882264854
H           -0.46231069273643       -0.52078083681167       -1.46549553120093
H           -0.41318950385710       -1.66494317248273       -0.09247314647689
11
 energy: -18.590812375689 gnorm: 0.000067110632 xtb: 6.7.1 (edcfbbe)
C            0.40937166324901        1.71464591466609       -0.15364442677540
C            0.44840469092643        0.27958792775296        0.33007312644929
H            0.30621765320491        0.22278754424680        1.41112461650738
C           -0.54197754818814       -0.62384213009461       -0.38424669356576
Cl          -2.21372741387737       -0.16749217282452        0.06880906905993
Cl           2.09021834114010       -0.41449276504850        0.02197200564029
H            0.61614094622830        1.76310710609657       -1.21954117282952
H           -0.57995886828901        2.12435533230284        0.03407916089307
H            1.14480669403280        2.31323130728239        0.37563172352088
H           -0.46386438672469       -0.51940899004657       -1.46540882529014
H           -0.41241308928514       -1.66518016194963       -0.09377630991593
11
 energy: -18.590812466346 gnorm: 0.000041500515 xtb: 6.7.1 (edcfbbe)
C            0.40952305410446        1.71460552951031       -0.15379732045274
C            0.44837162953981        0.27961334991612        0.33012350680917
H            0.30600729153786        0.22287558832427        1.41116947210316
C           -0.54206936298669       -0.62364768370613       -0.38434547452031
Cl          -2.21375592068788       -0.16831478326883        0.07004458639007
Cl           2.09017903994230       -0.41465838933518        0.02222666241745
H            0.61737772413920        1.76305860964971       -1.21948215065316
H           -0.58005480707746        2.12416193749590        0.03289224199966
H            1.14429576337906        2.31336342455413        0.37618282608402
H           -0.46454305908404       -0.51869218411571       -1.46549219420227
H           -0.41211267038943       -1.66506648664078       -0.09444988228098
