10
 energy: -14.630034286980 gnorm: 0.049454565453 xtb: 6.7.1 (edcfbbe)
C           -1.38827666129914       -0.88086406165314        0.22322158736720
S            0.00596507932238        0.14083396438421       -0.42690816297396
O            0.01386570935626        1.44274705709044        0.40417565625322
C            1.37772000689544       -0.86985993827094        0.22762838253408
H           -2.05137222327395       -1.13997783801155       -0.60503049696844
H           -1.91610109372891       -0.24891427107692        0.94175180656112
H           -1.01425063539080       -1.78228320339301        0.71176787024611
H            1.34896078826091       -1.85332928465288       -0.25093730337056
H            1.26639946664054       -0.95966383273612        1.31186778025387
H            2.30894905640654       -0.35806624244939       -0.02658980306546
10
 energy: -14.631654383676 gnorm: 0.033140361417 xtb: 6.7.1 (edcfbbe)
C           -1.37677412089939       -0.87334614335264        0.23235111294346
S            0.00413089319790        0.14147039461684       -0.44971830331747
O            0.00598238911265        1.41087265117929        0.39587609155131
C            1.36703962727636       -0.86870597016530        0.23077513957729
H           -2.02737218444886       -1.12594487554722       -0.59786430608944
H           -1.91218784658707       -0.25729261151219        0.94967766768618
H           -1.00276344657600       -1.77334215907893        0.70668300225440
H            1.33344398794037       -1.83888707417106       -0.25500383447558
H            1.26234199659388       -0.96040567156333        1.30818610052128
H            2.29801819757945       -0.36379619117475       -0.01001535381425
10
 energy: -14.632295745086 gnorm: 0.010566784911 xtb: 6.7.1 (edcfbbe)
C           -1.38600762188833       -0.87113165371570        0.23482697405839
S            0.00233457280595        0.13788716083903       -0.43730003141972
O            0.00231272592149        1.39359136009976        0.38528707163385
C            1.37738569351290       -0.86941242982690        0.23249577347990
H           -2.03029580918233       -1.11917514523997       -0.59700869359168
H           -1.91927903747682       -0.25855529055854        0.94885150974362
H           -1.01544878915142       -1.77030536330015        0.70197749713256
H            1.33823825202867       -1.83186426965522       -0.25621024515065
H            1.27843033755523       -0.95606605465467        1.30544179856664
H            2.30418916906394       -0.36434596475694       -0.00741433761574
10
 energy: -14.632401223610 gnorm: 0.002264647844 xtb: 6.7.1 (edcfbbe)
C           -1.37905357439101       -0.87294638399689        0.23417101761492
S            0.00263919662966        0.14915044914190       -0.43849042017437
O            0.00241263766563        1.39929520084389        0.37956921938285
C            1.37102693168282       -0.87127141861372        0.23392558889842
H           -2.02913456030320       -1.11944541289946       -0.59578904758623
H           -1.90887664150725       -0.26080924625322        0.95313813112928
H           -1.00633906880894       -1.77509556169209        0.69836794792136
H            1.33192331133081       -1.83460837290271       -0.25623692800630
H            1.26815471287154       -0.95840063601839        1.30825202393428
H            2.29910654801922       -0.36524626837861       -0.00596021627705
10
 energy: -14.632414353536 gnorm: 0.000663857135 xtb: 6.7.1 (edcfbbe)
C           -1.38119518660364       -0.87315346021744        0.23308500049843
S            0.00307448225070        0.14976936624234       -0.43793457086276
O            0.00219094673246        1.40059268329321        0.37829993425807
C            1.37372060094886       -0.87051560409471        0.23401722410877
H           -2.03470752589794       -1.11878941999823       -0.59579662972657
H           -1.90979623098187       -0.26147777685090        0.95548207073866
H           -1.00737108301899       -1.77672139036675        0.69612744171643
H            1.33384646628114       -1.83560674608183       -0.25484968773101
H            1.26868058401172       -0.95794998912036        1.30936031345796
H            2.30341643946684       -0.36552531357463       -0.00684377962079
10
 energy: -14.632416330069 gnorm: 0.000384694793 xtb: 6.7.1 (edcfbbe)
C           -1.38146216643587       -0.87355137812771        0.23273441494618
S            0.00318347228852        0.14976623898718       -0.43921780626087
O            0.00145900892824        1.40108412784100        0.37662252388546
C            1.37411733635598       -0.87020943664374        0.23454964184197
H           -2.03750540068952       -1.11588559790668       -0.59515622476737
H           -1.90722815007134       -0.26289949223687        0.95842950067511
H           -1.00723217951176       -1.77872372169807        0.69257136200013
H            1.33424223880452       -1.83618119105188       -0.25301041765958
H            1.26826508232120       -0.95688594264401        1.31001372817276
H            2.30402025119930       -0.36589125728851       -0.00658940599661
10
 energy: -14.632421201690 gnorm: 0.000936872645 xtb: 6.7.1 (edcfbbe)
C           -1.38186921934728       -0.87450879436562        0.23217606180896
S            0.00349618813456        0.14843290184674       -0.44240319757706
O           -0.00043224864829        1.40165718186717        0.37076970557303
C            1.37484611504485       -0.86971943602715        0.23635584247205
H           -2.04491818853027       -1.10691210298753       -0.59278826033491
H           -1.89889599556556       -0.26682537882994        0.96679218288989
H           -1.00726665956469       -1.78451919487349        0.68189149399690
H            1.33543688882429       -1.83707586876912       -0.24872405651029
H            1.26682098215888       -0.95393495109491        1.31174431864933
H            2.30464163068279       -0.36597200753544       -0.00486677413072
10
 energy: -14.632426988065 gnorm: 0.007313604494 xtb: 6.7.1 (edcfbbe)
C           -1.38364758310839       -0.88047858790706        0.22869308753423
S            0.00556617752951        0.13812489690456       -0.46383389475417
O           -0.01226359086486        1.40574338119050        0.32883113370357
C            1.37863369473956       -0.86653018938036        0.24874840130110
H           -2.09556926462941       -1.04564213255077       -0.57550764936198
H           -1.84118305184891       -0.29355552561647        1.02403100703198
H           -1.00801275517300       -1.82441039286418        0.60884486769159
H            1.34485051204080       -1.84226414052995       -0.22133489663749
H            1.25557225488782       -0.93557791792240        1.32358479537701
H            2.30791309961617       -0.36478704209316        0.00889046495135
10
 energy: -14.632449954822 gnorm: 0.004661392740 xtb: 6.7.1 (edcfbbe)
C           -1.38306008340896       -0.87885312352831        0.22967518378202
S            0.00508822788273        0.14039971929228       -0.45820092066067
O           -0.00924137563670        1.40458304028570        0.33929730878564
C            1.37771723652310       -0.86729296289098        0.24564232579344
H           -2.08210751482760       -1.06081755977759       -0.57877195100775
H           -1.85571956443121       -0.28764623746403        1.00862413596599
H           -1.00935269015080       -1.81382784987904        0.62716392887236
H            1.34270316671769       -1.84075553000260       -0.22834868545978
H            1.25886670945654       -0.94034652079391        1.32053019560748
H            2.30696538106449       -0.36482062601081        0.00533579515845
10
 energy: -14.632475061311 gnorm: 0.005047650145 xtb: 6.7.1 (edcfbbe)
C           -1.38296238513689       -0.87989593615371        0.22909508071855
S            0.00547063639586        0.13731575097905       -0.46259779177305
O           -0.01145040152998        1.40513261964127        0.32916033550238
C            1.37818221416808       -0.86647071038240        0.24844215614892
H           -2.09233592379011       -1.04632498417922       -0.57263492873804
H           -1.84211430556396       -0.29532094057584        1.02003542215954
H           -1.01197252640136       -1.82196042709697        0.61016159691327
H            1.34535123022222       -1.84150003011708       -0.22253128085625
H            1.25648334081428       -0.93663332149123        1.32310325595158
H            2.30720761401114       -0.36371967139317        0.00871347081027
10
 energy: -14.632504313652 gnorm: 0.005807595996 xtb: 6.7.1 (edcfbbe)
C           -1.38289862843217       -0.88127993486830        0.22832419150430
S            0.00591129030099        0.13360354494676       -0.46828535544278
O           -0.01424349559943        1.40591538154457        0.31644104746616
C            1.37862119714737       -0.86551340991754        0.25195116595559
H           -2.10558446174244       -1.02826934693276       -0.56578207172528
H           -1.82490055733443       -0.30434183471264        1.03523345343463
H           -1.01393691726732       -1.83255975446446        0.58876822659023
H            1.34843908446180       -1.84259946586971       -0.21516145429995
H            1.25299652227806       -0.93182486063239        1.32638401635218
H            2.30745545937685       -0.36250796986282        0.01307409700210
10
 energy: -14.632537988566 gnorm: 0.006435759847 xtb: 6.7.1 (edcfbbe)
C           -1.38270232854835       -0.88250706334547        0.22762914302453
S            0.00632021753336        0.12996038045329       -0.47359008224670
O           -0.01675359909676        1.40657985147020        0.30429267378267
C            1.37888666803211       -0.86460394550698        0.25523782097257
H           -2.11780333284681       -1.01120960250828       -0.55885351830614
H           -1.80849475022688       -0.31314976862632        1.04929612601286
H           -1.01614606430005       -1.84229178592562        0.56853086837813
H            1.35145213461751       -1.84352579752437       -0.20838374035314
H            1.24956014896728       -0.92745471593018        1.32942807297223
H            2.30754039905787       -0.36117520332557        0.01735995260016
10
 energy: -14.632574741073 gnorm: 0.006649246383 xtb: 6.7.1 (edcfbbe)
C           -1.38233734930854       -0.88335993392974        0.22717269640234
S            0.00658907584035        0.12682872728788       -0.47763551691469
O           -0.01853563649729        1.40696958431286        0.29443598697897
C            1.37882135663538       -0.86389129565785        0.25781094606134
H           -2.12692816046126       -0.99764367017507       -0.55274083327935
H           -1.79526818783384       -0.32053130946240        1.06000882734367
H           -1.01834546955934       -1.84959955101166        0.55243378131565
H            1.35392021804628       -1.84409678199559       -0.20328857651450
H            1.24662447361226       -0.92423924093747        1.33177475349690
H            2.30731917271527       -0.35981417920025        0.02097525194685
10
 energy: -14.632613388718 gnorm: 0.006856533122 xtb: 6.7.1 (edcfbbe)
C           -1.38193782963578       -0.88415879832179        0.22674720109127
S            0.00685408952012        0.12372085655249       -0.48156314585994
O           -0.02022031907028        1.40732958766362        0.28474834734689
C            1.37870388670676       -0.86319618019573        0.26030387520581
H           -2.13572147527977       -0.98444916757348       -0.54662562443635
H           -1.78233251908932       -0.32780090597707        1.07035886923130
H           -1.02060315596739       -1.85660384939875        0.53677454532673
H            1.35639732625944       -1.84459160696360       -0.19844695258526
H            1.24367335410611       -0.92123544003544        1.33403196185277
H            2.30704613563939       -0.35839214651954        0.02461823966396
10
 energy: -14.632653307897 gnorm: 0.006737527398 xtb: 6.7.1 (edcfbbe)
C           -1.38144587520847       -0.88468309041916        0.22649857607266
S            0.00702024752781        0.12103925412005       -0.48455387378585
O           -0.02137888813760        1.40750123500090        0.27683339989011
C            1.37837487545182       -0.86265396068841        0.26225369982474
H           -2.14221959204420       -0.97395958226544       -0.54124328621404
H           -1.77188528641704       -0.33389623820979        1.07821580784192
H           -1.02276662929901       -1.86179333234631        0.52432771498161
H            1.35846230282281       -1.84482726563705       -0.19488968552381
H            1.24112026184396       -0.91912573338673        1.33576060504415
H            2.30657807664920       -0.35697893693736        0.02774435870568
10
 energy: -14.632693388152 gnorm: 0.007111278818 xtb: 6.7.1 (edcfbbe)
C           -1.38103015599418       -0.88547332177732        0.22608009830699
S            0.00730600058071        0.11788549302921       -0.48856939426902
O           -0.02307913059194        1.40786963314069        0.26694776891128
C            1.37825488459836       -0.86194656276131        0.26475834061546
H           -2.15107288658192       -0.96066913841564       -0.53491193493864
H           -1.75876684292975       -0.34128926543472        1.08862297124994
H           -1.02514539502162       -1.86874907973514        0.50856496301857
H            1.36108118571155       -1.84526166355993       -0.19014765884340
H            1.23801718701209       -0.91628535554345        1.33800314385904
H            2.30629464640598       -0.35545838971165        0.03159901892696
10
 energy: -14.631758175243 gnorm: 0.035127650762 xtb: 6.7.1 (edcfbbe)
C           -1.37201195803483       -0.89406996033050        0.22191618214431
S            0.01008704221650        0.06986992643411       -0.53977356329402
O           -0.04228626853579        1.41020658018709        0.12809802405150
C            1.37146426325432       -0.85254172029378        0.29861344195413
H           -2.26324538720395       -0.77872091029388       -0.44043254882396
H           -1.57642838625621       -0.44731798462598        1.22463415767445
H           -1.06340146406434       -1.95786621068730        0.29251188839506
H            1.39781600422600       -1.84844875491150       -0.12999750123764
H            1.19291588338074       -0.88118238449126        1.36801557884273
H            2.29694976420687       -0.32930623175626        0.08736165713062
10
 energy: -14.633211068231 gnorm: 0.003690250308 xtb: 6.7.1 (edcfbbe)
C           -1.37060818713170       -0.88602907946731        0.22658099311159
S            0.00712149004434        0.08320944076960       -0.51081793869368
O           -0.02670126825017        1.40477097713394        0.18347011704250
C            1.36592208248888       -0.85731630434381        0.28260830236595
H           -2.19908023211013       -0.86063398263927       -0.47170075825538
H           -1.65489138848319       -0.40699184323367        1.15531617115169
H           -1.05385396605851       -1.90806007904153        0.38940502449301
H            1.38369840246972       -1.84220585469475       -0.16561928566933
H            1.20792848511684       -0.90396636649517        1.35328810595985
H            2.29232407510322       -0.33215455875731        0.06841658533098
10
 energy: -14.633314070475 gnorm: 0.004363793786 xtb: 6.7.1 (edcfbbe)
C           -1.36970562848642       -0.88630897821905        0.22610375546781
S            0.00829152127187        0.07727366389680       -0.51771825091691
O           -0.02896916444491        1.40533067583658        0.16498326955803
C            1.36593812830481       -0.85612820042461        0.28672636593958
H           -2.21234181381398       -0.84053888098183       -0.45854891186661
H           -1.63441068285479       -0.42056764887569        1.17070657462562
H           -1.06165173593380       -1.91564505634859        0.36614482513771
H            1.39131859236306       -1.84088355260725       -0.16184454274474
H            1.20208234158002       -0.90461943462051        1.35663308630627
H            2.29130793520341       -0.32729023842514        0.07776114533042
10
 energy: -14.633190384133 gnorm: 0.022864618971 xtb: 6.7.1 (edcfbbe)
C           -1.36394513978124       -0.88755574545372        0.22765276200194
S            0.01098249372589        0.04592252992038       -0.54850060717751
O           -0.03775178274845        1.40689180831924        0.07220920516181
C            1.36221442229824       -0.85054657086589        0.30612605943989
H           -2.26738283325810       -0.73876287276466       -0.38992427120929
H           -1.53209079860281       -0.48867914622659        1.24165380396608
H           -1.09971373256806       -1.95314490174712        0.24959821818889
H            1.42649595073385       -1.83444754637844       -0.14380075256281
H            1.17065304229291       -0.90781557509005        1.37204425918117
H            2.28239787109707       -0.30123963048243        0.12388863984701
10
 energy: -14.633505112281 gnorm: 0.007195036971 xtb: 6.7.1 (edcfbbe)
C           -1.36732312684127       -0.88636718498556        0.22750054195722
S            0.00956904200559        0.06262805437207       -0.53212583322714
O           -0.03245172715347        1.40547725842810        0.12118551314425
C            1.36442738007432       -0.85374026019524        0.29516757737876
H           -2.23541977303668       -0.79592111912870       -0.42524976826769
H           -1.58898103586994       -0.45199703321465        1.20095848088920
H           -1.08094748914087       -1.92880621378143        0.31633174035907
H            1.41029731725285       -1.83628054035484       -0.15746012093275
H            1.18609009196916       -0.91110434439756        1.36271873752157
H            2.28659881392959       -0.31326626751146        0.10192044801470
10
 energy: -14.633632295778 gnorm: 0.002940353839 xtb: 6.7.1 (edcfbbe)
C           -1.36541313385871       -0.88951925603914        0.22636566452531
S            0.00878603523106        0.06191567778124       -0.53965014035084
O           -0.03315072874802        1.40533751935679        0.11247153592712
C            1.36232615035911       -0.85229522134100        0.29702994199566
H           -2.23872916557609       -0.78034670488355       -0.40973201330950
H           -1.56760850409163       -0.46641807282583        1.20525299386945
H           -1.08672561919026       -1.93330572444314        0.29730112260848
H            1.41003550863059       -1.83834125503508       -0.14797003728953
H            1.17785664735117       -0.90370613998545        1.36369332539711
H            2.28448230308208       -0.31269847335411        0.10618492346390
10
 energy: -14.633832687750 gnorm: 0.002559869819 xtb: 6.7.1 (edcfbbe)
C           -1.36764383439912       -0.89542987872605        0.22359216783796
S            0.00817695980171        0.05313413231342       -0.55232516360313
O           -0.03663378616861        1.40237023341684        0.08715725674332
C            1.36409473700585       -0.84873928544778        0.30317040907595
H           -2.25636518949664       -0.73705798647545       -0.37532348997192
H           -1.52007841464218       -0.50293331908999        1.22214798389510
H           -1.10696811181800       -1.94508921769757        0.24385801766940
H            1.41611217538780       -1.84309173018405       -0.12315894392912
H            1.16619833831267       -0.88323174420669        1.36818770419428
H            2.28496661920580       -0.30930885467193        0.11364137492532
10
 energy: -14.634003154495 gnorm: 0.006838770204 xtb: 6.7.1 (edcfbbe)
C           -1.36502398693319       -0.90112551054237        0.22157499869003
S            0.00948095861543        0.04026653850146       -0.57222624671704
O           -0.04271482203892        1.40011211092933        0.04387145712985
C            1.36186215980681       -0.84482728118194        0.31428382729732
H           -2.27712140533145       -0.67503997975099       -0.32622655614816
H           -1.45230519299652       -0.55775846476897        1.25102542001817
H           -1.13374309734818       -1.96069454045415        0.16709514179646
H            1.42281868673406       -1.84699653174292       -0.09231444106476
H            1.14808994044647       -0.86047714527762        1.37716933188707
H            2.28051625223477       -0.30283684648111        0.12669438394823
10
 energy: -14.634113449008 gnorm: 0.006630676469 xtb: 6.7.1 (edcfbbe)
C           -1.36621401079641       -0.90190276958013        0.22084892529850
S            0.01149932743472        0.03035507595847       -0.57500697850761
O           -0.04637680361352        1.39942629996037        0.02050762650319
C            1.36471501496406       -0.84231380711604        0.32127745524026
H           -2.28510844380857       -0.64535784508558       -0.30293029726628
H           -1.43032782701724       -0.58979917069331        1.26228800810677
H           -1.15619366549854       -1.96416368093046        0.12962952349799
H            1.42670858988268       -1.84710172932899       -0.07708096766197
H            1.15082383868656       -0.84858987726409        1.38379287894570
H            2.28233347295554       -0.29993014668949        0.12762114268060
10
 energy: -14.634244038477 gnorm: 0.003117359184 xtb: 6.7.1 (edcfbbe)
C           -1.36414378264026       -0.90002196794362        0.22173402155409
S            0.01445171797552        0.01958223694761       -0.57170783516425
O           -0.05104577673758        1.40050173523828       -0.00424032339860
C            1.36535450201943       -0.83918636747606        0.33036371918392
H           -2.28098790981639       -0.61966935420318       -0.28210492621398
H           -1.42124342335292       -0.62904242129094        1.26903730310086
H           -1.18223209063607       -1.95941559494219        0.09580095194532
H            1.42309830839322       -1.84468474689354       -0.06319181882700
H            1.16499976399201       -0.83731939710042        1.39431175950073
H            2.28360818399232       -0.30012177310521        0.12094446515607
10
 energy: -14.634254357074 gnorm: 0.008854070509 xtb: 6.7.1 (edcfbbe)
C           -1.35824190989392       -0.90432343899685        0.22003749601292
S            0.01478786057131        0.00750379755750       -0.58408151773142
O           -0.05618070121605        1.39869727015226       -0.04186664885134
C            1.35983492346824       -0.83340490948849        0.34154917790834
H           -2.28879599206365       -0.56646966463563       -0.23893973721033
H           -1.36889237823188       -0.68631345584930        1.28830044521444
H           -1.21067544998109       -1.96629306482627        0.02915706455293
H            1.42037947698661       -1.84651666199623       -0.03405008446736
H            1.16010590957104       -0.81335772848789        1.40602022205850
H            2.27953775397868       -0.29889979419836        0.12482089935047
10
 energy: -14.634315193055 gnorm: 0.002313564740 xtb: 6.7.1 (edcfbbe)
C           -1.36047990214457       -0.90363220064754        0.21966033802858
S            0.01349985772541        0.01401276962886       -0.57906782191726
O           -0.05315514891272        1.39783002849507       -0.02092801967693
C            1.36103329278239       -0.83498839509974        0.33523117098512
H           -2.28510787769971       -0.59149967291253       -0.25772195158114
H           -1.39008555021504       -0.66009021052851        1.27670968568451
H           -1.19673187237392       -1.96205641100312        0.06000288762330
H            1.41991587815605       -1.84670558735889       -0.04542821356591
H            1.16138061865541       -0.82089584957728        1.39998520112585
H            2.28159019721599       -0.30135212176561        0.12250404013104
10
 energy: -14.634334146596 gnorm: 0.002189536320 xtb: 6.7.1 (edcfbbe)
C           -1.36012132454252       -0.90490673418803        0.21876696195207
S            0.01345256009741        0.01232369873325       -0.58056380159046
O           -0.05361219143810        1.39677017899737       -0.02498764293772
C            1.36063085998839       -0.83342939450716        0.33645154313727
H           -2.28600260888916       -0.58265943475664       -0.24892223704954
H           -1.38079820870304       -0.67144084407261        1.27818744955416
H           -1.20360754377784       -1.96252051630661        0.04700422342500
H            1.41860035128392       -1.84809533560865       -0.03753657152788
H            1.16124003844314       -0.81287372600806        1.40146515228615
H            2.28207756072709       -0.30254554305212        0.12108223958808
10
 energy: -14.634376603384 gnorm: 0.003639496182 xtb: 6.7.1 (edcfbbe)
C           -1.35839684698388       -0.91041872454271        0.21473200504007
S            0.01432108868712        0.00620749088080       -0.58771748695542
O           -0.05583135179252        1.39326372786345       -0.04172453938256
C            1.35911184117015       -0.82752903904051        0.34255929706088
H           -2.28897579142884       -0.54477472375137       -0.21136889129496
H           -1.34209124477431       -0.72212521253271        1.28441284449344
H           -1.23192960437263       -1.96399599004823       -0.00867340795080
H            1.41022311815923       -1.85380349012543       -0.00214145708938
H            1.16164741106121       -0.77743409167507        1.40805912668203
H            2.28378087346376       -0.30876759779750        0.11280982623385
10
 energy: -14.634393767079 gnorm: 0.002007418954 xtb: 6.7.1 (edcfbbe)
C           -1.35879549702500       -0.91174725073140        0.21352686051004
S            0.01461613197261        0.00672701971298       -0.58759978246418
O           -0.05618163782232        1.39313478709022       -0.04023294237914
C            1.35955288324854       -0.82671528733205        0.34321250399120
H           -2.28790784963222       -0.54149715618376       -0.20696895879725
H           -1.33916693106318       -0.72987195041535        1.28250406017336
H           -1.23611385178816       -1.96302448166375       -0.01537183081958
H            1.40607635838883       -1.85502387525511        0.00531251768346
H            1.16457629572926       -0.76895880935317        1.40854841306766
H            2.28520359118092       -0.31240064663788        0.10801647587158
10
 energy: -14.634408699242 gnorm: 0.001306700029 xtb: 6.7.1 (edcfbbe)
C           -1.35918707630950       -0.91498246893218        0.21032266243736
S            0.01573803213685        0.00478010343274       -0.58911953576253
O           -0.05855839115873        1.39251768390877       -0.04473069192141
C            1.36052070313609       -0.82406757699840        0.34732336078062
H           -2.28835817638231       -0.52357084852860       -0.18941757690308
H           -1.32388913815247       -0.75854880959756        1.28253025756239
H           -1.25128409365666       -1.96182681442624       -0.04322859873615
H            1.39692227722883       -1.85797949242276        0.02719853358790
H            1.17164000042121       -0.74554949587333        1.41231612346442
H            2.28831535592598       -0.32014993133170        0.09775278232762
10
 energy: -14.634415891222 gnorm: 0.000943646043 xtb: 6.7.1 (edcfbbe)
C           -1.35897841280711       -0.91717996762183        0.20764942969089
S            0.01668601290018        0.00446196518268       -0.58923203230944
O           -0.06157437853914        1.39304555507751       -0.04559661804763
C            1.36125705630512       -0.82218587477192        0.35104035923785
H           -2.28715752636270       -0.51106270345762       -0.17733619553333
H           -1.31448149217839       -0.78235210753614        1.28187474299000
H           -1.26171663515635       -1.95977359611735       -0.06568258748091
H            1.38564871505452       -1.86072658296525        0.04687236355844
H            1.18081628706458       -0.72327486389483        1.41531671230203
H            2.29135986690860       -0.33032947466453        0.08604114242925
10
 energy: -14.634418545321 gnorm: 0.000494826756 xtb: 6.7.1 (edcfbbe)
C           -1.35855838153286       -0.91831461544569        0.20609223066231
S            0.01671896587797        0.00486093457497       -0.58861640809456
O           -0.06253353590310        1.39291593522993       -0.04367582195485
C            1.36138965785597       -0.82104680998026        0.35199109535058
H           -2.28750435872041       -0.50729673830714       -0.17361009746908
H           -1.31071383978736       -0.79049805975279        1.28095617254646
H           -1.26481688390319       -1.95926481275598       -0.07432944834148
H            1.38011493645124       -1.86220098571409        0.05584357153777
H            1.18493541741371       -0.71272882427175        1.41593364895129
H            2.29282751543732       -0.33580367434647        0.08036237364870
10
 energy: -14.634421254570 gnorm: 0.001136872460 xtb: 6.7.1 (edcfbbe)
C           -1.35727918260668       -0.91888509405810        0.20422903491724
S            0.01647654874976        0.00834005765614       -0.58613632131877
O           -0.06340480696309        1.39394031012293       -0.03502333301869
C            1.36080499245011       -0.82009333438281        0.35209489779838
H           -2.28633891886449       -0.51010337883955       -0.17560455034903
H           -1.31157508905039       -0.79492495916091        1.27911539986526
H           -1.26233916640561       -1.95797839898719       -0.08001644550779
H            1.36897998272971       -1.86433815737243        0.06698849423364
H            1.19188193807532       -0.69870198843107        1.41543022274870
H            2.29465319507466       -0.34663270731626        0.06986991746821
10
 energy: -14.634421992732 gnorm: 0.000712426492 xtb: 6.7.1 (edcfbbe)
C           -1.35671263356973       -0.91979714976973        0.20301281827927
S            0.01674065239025        0.00936368492353       -0.58559616419315
O           -0.06399648183315        1.39438993026135       -0.03327985344386
C            1.36050819424080       -0.81914459195152        0.35310395007192
H           -2.28628847909614       -0.50654365636306       -0.17279579237082
H           -1.30833056265022       -0.80309137441037        1.27962821891895
H           -1.26424198908254       -1.95819785937764       -0.08949874794033
H            1.36241218297607       -1.86598912729522        0.07672413544899
H            1.19606820519416       -0.68814537814335        1.41659789021852
H            2.29570040461977       -0.35222212864325        0.06305086184766
10
 energy: -14.634423532414 gnorm: 0.000607582749 xtb: 6.7.1 (edcfbbe)
C           -1.35747054854255       -0.91920969435238        0.20356813285978
S            0.01674276986381        0.00978526456645       -0.58494411136167
O           -0.06346724486911        1.39452078843829       -0.03177413427887
C            1.36098144855321       -0.82019305487218        0.35200167354444
H           -2.28758474886705       -0.51149136360422       -0.17875823551673
H           -1.31397093222561       -0.79347030015553        1.27900261722882
H           -1.25958935136794       -1.95913719982837       -0.07961299377574
H            1.36591003102816       -1.86461927123055        0.06971481916533
H            1.19521663905945       -0.69629271629143        1.41562853843982
H            2.29509143055690       -0.34927010343935        0.06612101053197
10
 energy: -14.634424070380 gnorm: 0.000294695701 xtb: 6.7.1 (edcfbbe)
C           -1.35785347949391       -0.91898171879676        0.20362456356365
S            0.01660681284860        0.01067023971220       -0.58427166978693
O           -0.06329879424878        1.39472454977023       -0.02948471839840
C            1.36116227468629       -0.82051043829425        0.35133588406777
H           -2.28724509173059       -0.51410173671268       -0.18191449828783
H           -1.31666355218687       -0.79021727058900        1.27873694127016
H           -1.25737984759224       -1.95935413207757       -0.07622871388093
H            1.36555965412651       -1.86520852837887        0.06834505278864
H            1.19559981114921       -0.69697827431625        1.41530809822918
H            2.29537170563108       -0.34942034108632        0.06549637727183
10
 energy: -14.634424215351 gnorm: 0.000102406825 xtb: 6.7.1 (edcfbbe)
C           -1.35767244986656       -0.91878428042206        0.20372837433363
S            0.01656154359522        0.01119443459802       -0.58414975857403
O           -0.06337752226215        1.39489924940604       -0.02853150163613
C            1.36093416631932       -0.82061399607311        0.35115649739035
H           -2.28700927907229       -0.51548279272281       -0.18345078221422
H           -1.31774478493249       -0.78839299781000        1.27884778446287
H           -1.25589004758892       -1.95967122041991       -0.07477251638423
H            1.36510068425685       -1.86509299384205        0.06763391156656
H            1.19566902817653       -0.69757358942926        1.41513293299284
H            2.29528815456376       -0.34985946405413        0.06535237489951
10
 energy: -14.634424234529 gnorm: 0.000046396692 xtb: 6.7.1 (edcfbbe)
C           -1.35761979910696       -0.91882683040788        0.20356182342983
S            0.01661233544062        0.01141152546143       -0.58394587171639
O           -0.06350546997325        1.39498334786531       -0.02795487618925
C            1.36094064349897       -0.82063693209958        0.35116440050373
H           -2.28706465210726       -0.51577001857373       -0.18390781745408
H           -1.31799891334868       -0.78811072191955        1.27869154289651
H           -1.25552606281742       -1.95978960126147       -0.07451004141059
H            1.36461112821255       -1.86517070958085        0.06784998970770
H            1.19601492136412       -0.69719267878591        1.41518892826953
H            2.29539536202659       -0.35027503146703        0.06480923880014
