2025-04-04 21:53:06,894 -     censo.parallel     -  DEBUG   - Free cores decreased 4 -> 3.
2025-04-04 21:53:06,899 -   censo.qm_processor   -  DEBUG   - worker2012398:Running on 1 cores.
2025-04-04 21:53:06,900 -     censo.parallel     -  DEBUG   - Free cores decreased 3 -> 2.
2025-04-04 21:53:06,900 -     censo.parallel     -  DEBUG   - Free cores decreased 2 -> 1.
2025-04-04 21:53:06,900 -   censo.qm_processor   -  DEBUG   - worker2012399:Running on 1 cores.
2025-04-04 21:53:06,901 -     censo.parallel     -  DEBUG   - Free cores decreased 1 -> 0.
2025-04-04 21:53:06,901 -   censo.qm_processor   -  DEBUG   - worker2012403:Running on 1 cores.
2025-04-04 21:53:06,901 -   censo.qm_processor   -  DEBUG   - worker2012401:Running on 1 cores.
2025-04-04 21:53:06,999 -   censo.qm_processor   -   INFO   - worker2012399:Running xtb_gsolv calculation in /srv/scratch/z5358697/.automated/4372/0_PRESCREENING/CONF2/xtb_gsolv.
2025-04-04 21:53:07,007 -   censo.qm_processor   -   INFO   - worker2012403:Running xtb_gsolv calculation in /srv/scratch/z5358697/.automated/4372/0_PRESCREENING/CONF3/xtb_gsolv.
2025-04-04 21:53:07,013 -   censo.qm_processor   -   INFO   - worker2012398:Running xtb_gsolv calculation in /srv/scratch/z5358697/.automated/4372/0_PRESCREENING/CONF1/xtb_gsolv.
2025-04-04 21:53:07,023 -   censo.qm_processor   -  DEBUG   - worker2012403:Running ['/srv/scratch/z5358697/.xtb/bin/xtb', 'gas.coord', '--gfn2', '--sp', '--chrg', '0', '--norestart', '--parallel', '1']...
2025-04-04 21:53:07,023 -   censo.qm_processor   -  DEBUG   - worker2012399:Running ['/srv/scratch/z5358697/.xtb/bin/xtb', 'gas.coord', '--gfn2', '--sp', '--chrg', '0', '--norestart', '--parallel', '1']...
2025-04-04 21:53:07,029 -   censo.qm_processor   -   INFO   - worker2012401:Running xtb_gsolv calculation in /srv/scratch/z5358697/.automated/4372/0_PRESCREENING/CONF4/xtb_gsolv.
2025-04-04 21:53:07,037 -   censo.qm_processor   -  DEBUG   - worker2012399:Started (PID: 2012435).
2025-04-04 21:53:07,037 -   censo.qm_processor   -  DEBUG   - worker2012403:Started (PID: 2012434).
2025-04-04 21:53:07,039 -   censo.qm_processor   -  DEBUG   - worker2012398:Running ['/srv/scratch/z5358697/.xtb/bin/xtb', 'gas.coord', '--gfn2', '--sp', '--chrg', '0', '--norestart', '--parallel', '1']...
2025-04-04 21:53:07,044 -   censo.qm_processor   -  DEBUG   - worker2012398:Started (PID: 2012437).
2025-04-04 21:53:07,045 -   censo.qm_processor   -  DEBUG   - worker2012401:Running ['/srv/scratch/z5358697/.xtb/bin/xtb', 'gas.coord', '--gfn2', '--sp', '--chrg', '0', '--norestart', '--parallel', '1']...
2025-04-04 21:53:07,049 -   censo.qm_processor   -  DEBUG   - worker2012401:Started (PID: 2012438).
2025-04-04 21:53:07,339 -   censo.qm_processor   -  DEBUG   - worker2012398:Done.
2025-04-04 21:53:07,339 -   censo.qm_processor   -  DEBUG   - worker2012399:Done.
2025-04-04 21:53:07,340 -   censo.qm_processor   -  DEBUG   - worker2012403:Done.
2025-04-04 21:53:07,340 -   censo.qm_processor   -  DEBUG   - worker2012401:Done.
2025-04-04 21:53:07,362 -   censo.qm_processor   -  DEBUG   - worker2012403:Running ['/srv/scratch/z5358697/.xtb/bin/xtb', 'solv.coord', '--gfn2', '--sp', '--chrg', '0', '--norestart', '--parallel', '1', '--alpb', 'water', 'reference', '-I', 'xtb_sp-xcontrol-inp']...
2025-04-04 21:53:07,362 -   censo.qm_processor   -  DEBUG   - worker2012399:Running ['/srv/scratch/z5358697/.xtb/bin/xtb', 'solv.coord', '--gfn2', '--sp', '--chrg', '0', '--norestart', '--parallel', '1', '--alpb', 'water', 'reference', '-I', 'xtb_sp-xcontrol-inp']...
2025-04-04 21:53:07,363 -   censo.qm_processor   -  DEBUG   - worker2012398:Running ['/srv/scratch/z5358697/.xtb/bin/xtb', 'solv.coord', '--gfn2', '--sp', '--chrg', '0', '--norestart', '--parallel', '1', '--alpb', 'water', 'reference', '-I', 'xtb_sp-xcontrol-inp']...
2025-04-04 21:53:07,363 -   censo.qm_processor   -  DEBUG   - worker2012401:Running ['/srv/scratch/z5358697/.xtb/bin/xtb', 'solv.coord', '--gfn2', '--sp', '--chrg', '0', '--norestart', '--parallel', '1', '--alpb', 'water', 'reference', '-I', 'xtb_sp-xcontrol-inp']...
2025-04-04 21:53:07,369 -   censo.qm_processor   -  DEBUG   - worker2012399:Started (PID: 2012444).
2025-04-04 21:53:07,369 -   censo.qm_processor   -  DEBUG   - worker2012398:Started (PID: 2012445).
2025-04-04 21:53:07,369 -   censo.qm_processor   -  DEBUG   - worker2012401:Started (PID: 2012446).
2025-04-04 21:53:07,370 -   censo.qm_processor   -  DEBUG   - worker2012403:Started (PID: 2012443).
2025-04-04 21:53:07,414 -   censo.qm_processor   -  DEBUG   - worker2012399:Done.
2025-04-04 21:53:07,414 -   censo.qm_processor   -  DEBUG   - worker2012401:Done.
2025-04-04 21:53:07,414 -   censo.qm_processor   -  DEBUG   - worker2012398:Done.
2025-04-04 21:53:07,414 -   censo.qm_processor   -  DEBUG   - worker2012403:Done.
2025-04-04 21:53:07,416 -     censo.parallel     -  DEBUG   - Free cores increased 0 -> 1.
2025-04-04 21:53:07,417 -     censo.parallel     -  DEBUG   - Free cores increased 1 -> 2.
2025-04-04 21:53:07,417 -     censo.parallel     -  DEBUG   - Free cores increased 2 -> 3.
2025-04-04 21:53:07,418 -     censo.parallel     -  DEBUG   - Free cores increased 3 -> 4.
2025-04-04 21:53:07,425 -     censo.parallel     -  DEBUG   - Checking for failed jobs...
2025-04-04 21:53:07,425 -     censo.parallel     -   INFO   - All jobs executed successfully.
2025-04-04 21:53:07,431 -     censo.parallel     -  DEBUG   - Free cores decreased 4 -> 3.
2025-04-04 21:53:07,435 -     censo.parallel     -  DEBUG   - Free cores decreased 3 -> 2.
2025-04-04 21:53:07,435 -   censo.qm_processor   -  DEBUG   - worker2012473:Running on 1 cores.
2025-04-04 21:53:07,436 -   censo.qm_processor   -  DEBUG   - worker2012475:Running on 1 cores.
2025-04-04 21:53:07,436 -     censo.parallel     -  DEBUG   - Free cores decreased 2 -> 1.
2025-04-04 21:53:07,437 -     censo.parallel     -  DEBUG   - Free cores decreased 1 -> 0.
2025-04-04 21:53:07,437 -   censo.qm_processor   -  DEBUG   - worker2012477:Running on 1 cores.
2025-04-04 21:53:07,437 -   censo.qm_processor   -  DEBUG   - worker2012481:Running on 1 cores.
2025-04-04 21:53:07,441 -   censo.qm_processor   -   INFO   - worker2012473:Running sp calculation in /srv/scratch/z5358697/.automated/4372/0_PRESCREENING/CONF1/sp.
2025-04-04 21:53:07,443 -   censo.qm_processor   -   INFO   - worker2012475:Running sp calculation in /srv/scratch/z5358697/.automated/4372/0_PRESCREENING/CONF2/sp.
2025-04-04 21:53:07,445 -   censo.qm_processor   -   INFO   - worker2012477:Running sp calculation in /srv/scratch/z5358697/.automated/4372/0_PRESCREENING/CONF3/sp.
2025-04-04 21:53:07,449 -   censo.qm_processor   -   INFO   - worker2012481:Running sp calculation in /srv/scratch/z5358697/.automated/4372/0_PRESCREENING/CONF4/sp.
2025-04-04 21:53:07,456 -   censo.qm_processor   -  DEBUG   - worker2012473:Running ['/apps/z_install_tree/linux-rocky8-ivybridge/gcc-12.2.0/orca-6.0.0-srtngmq3qlimg2qxbl6avaaiffipurdx/bin/orca', 'sp.inp']...
2025-04-04 21:53:07,460 -   censo.qm_processor   -  DEBUG   - worker2012477:Running ['/apps/z_install_tree/linux-rocky8-ivybridge/gcc-12.2.0/orca-6.0.0-srtngmq3qlimg2qxbl6avaaiffipurdx/bin/orca', 'sp.inp']...
2025-04-04 21:53:07,464 -   censo.qm_processor   -  DEBUG   - worker2012477:Started (PID: 2012509).
2025-04-04 21:53:07,463 -   censo.qm_processor   -  DEBUG   - worker2012481:Running ['/apps/z_install_tree/linux-rocky8-ivybridge/gcc-12.2.0/orca-6.0.0-srtngmq3qlimg2qxbl6avaaiffipurdx/bin/orca', 'sp.inp']...
2025-04-04 21:53:07,464 -   censo.qm_processor   -  DEBUG   - worker2012473:Started (PID: 2012508).
2025-04-04 21:53:07,464 -   censo.qm_processor   -  DEBUG   - worker2012475:Running ['/apps/z_install_tree/linux-rocky8-ivybridge/gcc-12.2.0/orca-6.0.0-srtngmq3qlimg2qxbl6avaaiffipurdx/bin/orca', 'sp.inp']...
2025-04-04 21:53:07,466 -   censo.qm_processor   -  DEBUG   - worker2012481:Started (PID: 2012510).
2025-04-04 21:53:07,466 -   censo.qm_processor   -  DEBUG   - worker2012475:Started (PID: 2012511).
2025-04-04 21:53:13,840 -   censo.qm_processor   -  DEBUG   - worker2012477:Done.
2025-04-04 21:53:13,840 -   censo.qm_processor   -  DEBUG   - worker2012481:Done.
2025-04-04 21:53:13,845 -     censo.parallel     -  DEBUG   - Free cores increased 0 -> 1.
2025-04-04 21:53:13,846 -     censo.parallel     -  DEBUG   - Free cores increased 1 -> 2.
2025-04-04 21:53:13,884 -   censo.qm_processor   -  DEBUG   - worker2012473:Done.
2025-04-04 21:53:13,889 -     censo.parallel     -  DEBUG   - Free cores increased 2 -> 3.
2025-04-04 21:53:13,930 -   censo.qm_processor   -  DEBUG   - worker2012475:Done.
2025-04-04 21:53:13,935 -     censo.parallel     -  DEBUG   - Free cores increased 3 -> 4.
2025-04-04 21:53:13,942 -     censo.parallel     -  DEBUG   - Checking for failed jobs...
2025-04-04 21:53:13,942 -     censo.parallel     -   INFO   - All jobs executed successfully.
2025-04-04 21:53:13,942 -   censo.ensembledata   -  DEBUG   - Removed CONF4.
2025-04-04 21:53:13,943 -censo.ensembleopt.prescreening-  DEBUG   - Writing to /srv/scratch/z5358697/.automated/4372/0_PRESCREENING.out.
2025-04-04 21:53:13,977 -     censo.parallel     -  DEBUG   - Free cores decreased 4 -> 3.
2025-04-04 21:53:13,982 -   censo.qm_processor   -  DEBUG   - worker2012584:Running on 1 cores.
2025-04-04 21:53:13,982 -     censo.parallel     -  DEBUG   - Free cores decreased 3 -> 2.
2025-04-04 21:53:13,983 -     censo.parallel     -  DEBUG   - Free cores decreased 2 -> 1.
2025-04-04 21:53:13,983 -   censo.qm_processor   -  DEBUG   - worker2012585:Running on 1 cores.
2025-04-04 21:53:13,984 -   censo.qm_processor   -  DEBUG   - worker2012587:Running on 1 cores.
2025-04-04 21:53:14,003 -   censo.qm_processor   -   INFO   - worker2012584:Running gsolv calculation in /srv/scratch/z5358697/.automated/4372/1_SCREENING/CONF1/gsolv.
2025-04-04 21:53:14,013 -   censo.qm_processor   -   INFO   - worker2012585:Running gsolv calculation in /srv/scratch/z5358697/.automated/4372/1_SCREENING/CONF2/gsolv.
2025-04-04 21:53:14,018 -  censo.orca_processor  -  DEBUG   - worker2012584:Copying .gbw file from /srv/scratch/z5358697/.automated/4372/0_PRESCREENING/CONF1/sp/sp.gbw.
2025-04-04 21:53:14,025 -  censo.orca_processor  -  DEBUG   - worker2012585:Copying .gbw file from /srv/scratch/z5358697/.automated/4372/0_PRESCREENING/CONF2/sp/sp.gbw.
2025-04-04 21:53:14,030 -   censo.qm_processor   -   INFO   - worker2012587:Running gsolv calculation in /srv/scratch/z5358697/.automated/4372/1_SCREENING/CONF3/gsolv.
2025-04-04 21:53:14,042 -  censo.orca_processor  -  DEBUG   - worker2012587:Copying .gbw file from /srv/scratch/z5358697/.automated/4372/0_PRESCREENING/CONF3/sp/sp.gbw.
2025-04-04 21:53:14,052 -   censo.qm_processor   -  DEBUG   - worker2012584:Running ['/apps/z_install_tree/linux-rocky8-ivybridge/gcc-12.2.0/orca-6.0.0-srtngmq3qlimg2qxbl6avaaiffipurdx/bin/orca', 'sp_gas.inp']...
2025-04-04 21:53:14,056 -   censo.qm_processor   -  DEBUG   - worker2012585:Running ['/apps/z_install_tree/linux-rocky8-ivybridge/gcc-12.2.0/orca-6.0.0-srtngmq3qlimg2qxbl6avaaiffipurdx/bin/orca', 'sp_gas.inp']...
2025-04-04 21:53:14,059 -   censo.qm_processor   -  DEBUG   - worker2012584:Started (PID: 2012598).
2025-04-04 21:53:14,059 -   censo.qm_processor   -  DEBUG   - worker2012585:Started (PID: 2012599).
2025-04-04 21:53:14,072 -   censo.qm_processor   -  DEBUG   - worker2012587:Running ['/apps/z_install_tree/linux-rocky8-ivybridge/gcc-12.2.0/orca-6.0.0-srtngmq3qlimg2qxbl6avaaiffipurdx/bin/orca', 'sp_gas.inp']...
2025-04-04 21:53:14,075 -   censo.qm_processor   -  DEBUG   - worker2012587:Started (PID: 2012600).
2025-04-04 21:53:27,313 -   censo.qm_processor   -  DEBUG   - worker2012587:Done.
2025-04-04 21:53:27,331 -  censo.orca_processor  -  DEBUG   - worker2012587:Copying .gbw file from /srv/scratch/z5358697/.automated/4372/0_PRESCREENING/CONF3/sp/sp.gbw.
2025-04-04 21:53:27,343 -   censo.qm_processor   -  DEBUG   - worker2012584:Done.
2025-04-04 21:53:27,361 -   censo.qm_processor   -  DEBUG   - worker2012587:Running ['/apps/z_install_tree/linux-rocky8-ivybridge/gcc-12.2.0/orca-6.0.0-srtngmq3qlimg2qxbl6avaaiffipurdx/bin/orca', 'sp_solv.inp']...
2025-04-04 21:53:27,361 -  censo.orca_processor  -  DEBUG   - worker2012584:Copying .gbw file from /srv/scratch/z5358697/.automated/4372/0_PRESCREENING/CONF1/sp/sp.gbw.
2025-04-04 21:53:27,363 -   censo.qm_processor   -  DEBUG   - worker2012587:Started (PID: 2012677).
2025-04-04 21:53:27,390 -   censo.qm_processor   -  DEBUG   - worker2012584:Running ['/apps/z_install_tree/linux-rocky8-ivybridge/gcc-12.2.0/orca-6.0.0-srtngmq3qlimg2qxbl6avaaiffipurdx/bin/orca', 'sp_solv.inp']...
2025-04-04 21:53:27,393 -   censo.qm_processor   -  DEBUG   - worker2012584:Started (PID: 2012678).
2025-04-04 21:53:27,416 -   censo.qm_processor   -  DEBUG   - worker2012585:Done.
2025-04-04 21:53:27,434 -  censo.orca_processor  -  DEBUG   - worker2012585:Copying .gbw file from /srv/scratch/z5358697/.automated/4372/0_PRESCREENING/CONF2/sp/sp.gbw.
2025-04-04 21:53:27,463 -   censo.qm_processor   -  DEBUG   - worker2012585:Running ['/apps/z_install_tree/linux-rocky8-ivybridge/gcc-12.2.0/orca-6.0.0-srtngmq3qlimg2qxbl6avaaiffipurdx/bin/orca', 'sp_solv.inp']...
2025-04-04 21:53:27,465 -   censo.qm_processor   -  DEBUG   - worker2012585:Started (PID: 2012679).
2025-04-04 21:53:43,896 -   censo.qm_processor   -  DEBUG   - worker2012584:Done.
2025-04-04 21:53:43,901 -     censo.parallel     -  DEBUG   - Free cores increased 1 -> 2.
2025-04-04 21:53:43,906 -   censo.qm_processor   -  DEBUG   - worker2012587:Done.
2025-04-04 21:53:43,911 -     censo.parallel     -  DEBUG   - Free cores increased 2 -> 3.
2025-04-04 21:53:44,091 -   censo.qm_processor   -  DEBUG   - worker2012585:Done.
2025-04-04 21:53:44,097 -     censo.parallel     -  DEBUG   - Free cores increased 3 -> 4.
2025-04-04 21:53:44,103 -     censo.parallel     -  DEBUG   - Checking for failed jobs...
2025-04-04 21:53:44,103 -     censo.parallel     -   INFO   - All jobs executed successfully.
2025-04-04 21:53:44,146 -     censo.parallel     -  DEBUG   - Free cores decreased 4 -> 3.
2025-04-04 21:53:44,151 -   censo.qm_processor   -  DEBUG   - worker2012725:Running on 1 cores.
2025-04-04 21:53:44,151 -     censo.parallel     -  DEBUG   - Free cores decreased 3 -> 2.
2025-04-04 21:53:44,152 -     censo.parallel     -  DEBUG   - Free cores decreased 2 -> 1.
2025-04-04 21:53:44,152 -   censo.qm_processor   -  DEBUG   - worker2012726:Running on 1 cores.
2025-04-04 21:53:44,152 -   censo.qm_processor   -  DEBUG   - worker2012731:Running on 1 cores.
2025-04-04 21:53:44,177 -   censo.qm_processor   -   INFO   - worker2012725:Running xtb_opt calculation in /srv/scratch/z5358697/.automated/4372/2_OPTIMIZATION/CONF1/xtb_opt.
2025-04-04 21:53:44,185 -   censo.qm_processor   -   INFO   - worker2012726:Running xtb_opt calculation in /srv/scratch/z5358697/.automated/4372/2_OPTIMIZATION/CONF2/xtb_opt.
2025-04-04 21:53:44,212 -  censo.orca_processor  -  DEBUG   - worker2012725:Copying .gbw file from /srv/scratch/z5358697/.automated/4372/1_SCREENING/CONF1/gsolv/sp_solv.gbw.
2025-04-04 21:53:44,213 -   censo.qm_processor   -   INFO   - worker2012731:Running xtb_opt calculation in /srv/scratch/z5358697/.automated/4372/2_OPTIMIZATION/CONF3/xtb_opt.
2025-04-04 21:53:44,217 -  censo.orca_processor  -  DEBUG   - worker2012726:Copying .gbw file from /srv/scratch/z5358697/.automated/4372/1_SCREENING/CONF2/gsolv/sp_solv.gbw.
2025-04-04 21:53:44,242 -   censo.qm_processor   -  DEBUG   - worker2012725:Running ['/srv/scratch/z5358697/.xtb/bin/xtb', 'xtb_opt.coord', '--opt', 'normal', '--orca', '-I', 'xtb_opt-xcontrol-inp']...
2025-04-04 21:53:44,248 -   censo.qm_processor   -  DEBUG   - worker2012726:Running ['/srv/scratch/z5358697/.xtb/bin/xtb', 'xtb_opt.coord', '--opt', 'normal', '--orca', '-I', 'xtb_opt-xcontrol-inp']...
2025-04-04 21:53:44,252 -  censo.orca_processor  -  DEBUG   - worker2012731:Copying .gbw file from /srv/scratch/z5358697/.automated/4372/1_SCREENING/CONF3/gsolv/sp_solv.gbw.
2025-04-04 21:53:44,253 -   censo.qm_processor   -  DEBUG   - worker2012725:Started (PID: 2012743).
2025-04-04 21:53:44,253 -   censo.qm_processor   -  DEBUG   - worker2012726:Started (PID: 2012744).
2025-04-04 21:53:44,282 -   censo.qm_processor   -  DEBUG   - worker2012731:Running ['/srv/scratch/z5358697/.xtb/bin/xtb', 'xtb_opt.coord', '--opt', 'normal', '--orca', '-I', 'xtb_opt-xcontrol-inp']...
2025-04-04 21:53:44,287 -   censo.qm_processor   -  DEBUG   - worker2012731:Started (PID: 2012753).
2025-04-04 21:54:57,860 -   censo.qm_processor   -  DEBUG   - worker2012731:Done.
2025-04-04 21:54:57,871 -     censo.parallel     -  DEBUG   - Free cores increased 1 -> 2.
2025-04-04 21:54:58,545 -   censo.qm_processor   -  DEBUG   - worker2012726:Done.
2025-04-04 21:54:58,554 -     censo.parallel     -  DEBUG   - Free cores increased 2 -> 3.
2025-04-04 21:56:27,079 -   censo.qm_processor   -  DEBUG   - worker2012725:Done.
2025-04-04 21:56:27,093 -     censo.parallel     -  DEBUG   - Free cores increased 3 -> 4.
2025-04-04 21:56:27,100 -     censo.parallel     -  DEBUG   - Checking for failed jobs...
2025-04-04 21:56:27,100 -     censo.parallel     -   INFO   - All jobs executed successfully.
2025-04-04 21:56:27,106 -     censo.parallel     -  DEBUG   - Free cores decreased 4 -> 3.
2025-04-04 21:56:27,111 -     censo.parallel     -  DEBUG   - Free cores decreased 3 -> 2.
2025-04-04 21:56:27,111 -   censo.qm_processor   -  DEBUG   - worker2013386:Running on 1 cores.
2025-04-04 21:56:27,112 -     censo.parallel     -  DEBUG   - Free cores decreased 2 -> 1.
2025-04-04 21:56:27,112 -   censo.qm_processor   -  DEBUG   - worker2013390:Running on 1 cores.
2025-04-04 21:56:27,112 -   censo.qm_processor   -  DEBUG   - worker2013387:Running on 1 cores.
2025-04-04 21:56:27,115 -   censo.qm_processor   -   INFO   - worker2013386:Running xtb_rrho calculation in /srv/scratch/z5358697/.automated/4372/2_OPTIMIZATION/CONF1/xtb_rrho.
2025-04-04 21:56:27,117 -   censo.qm_processor   -   INFO   - worker2013390:Running xtb_rrho calculation in /srv/scratch/z5358697/.automated/4372/2_OPTIMIZATION/CONF2/xtb_rrho.
2025-04-04 21:56:27,125 -   censo.qm_processor   -   INFO   - worker2013387:Running xtb_rrho calculation in /srv/scratch/z5358697/.automated/4372/2_OPTIMIZATION/CONF3/xtb_rrho.
2025-04-04 21:56:27,138 -   censo.qm_processor   -  DEBUG   - worker2013390:Running ['/srv/scratch/z5358697/.xtb/bin/xtb', 'xtb_rrho.coord', '--gfn2', '--bhess', 'vtight', '--chrg', '0', '--enso', '--norestart', '-I', 'rrho-xcontrol-inp', '--parallel', '1', '--alpb', 'water']...
2025-04-04 21:56:27,138 -   censo.qm_processor   -  DEBUG   - worker2013386:Running ['/srv/scratch/z5358697/.xtb/bin/xtb', 'xtb_rrho.coord', '--gfn2', '--bhess', 'vtight', '--chrg', '0', '--enso', '--norestart', '-I', 'rrho-xcontrol-inp', '--parallel', '1', '--alpb', 'water']...
2025-04-04 21:56:27,145 -   censo.qm_processor   -  DEBUG   - worker2013386:Started (PID: 2013400).
2025-04-04 21:56:27,145 -   censo.qm_processor   -  DEBUG   - worker2013390:Started (PID: 2013401).
2025-04-04 21:56:27,146 -   censo.qm_processor   -  DEBUG   - worker2013387:Running ['/srv/scratch/z5358697/.xtb/bin/xtb', 'xtb_rrho.coord', '--gfn2', '--bhess', 'vtight', '--chrg', '0', '--enso', '--norestart', '-I', 'rrho-xcontrol-inp', '--parallel', '1', '--alpb', 'water']...
2025-04-04 21:56:27,149 -   censo.qm_processor   -  DEBUG   - worker2013387:Started (PID: 2013402).
2025-04-04 21:56:27,858 -   censo.qm_processor   -  DEBUG   - worker2013390:Done.
2025-04-04 21:56:27,861 -     censo.parallel     -  DEBUG   - Free cores increased 1 -> 2.
2025-04-04 21:56:27,988 -   censo.qm_processor   -  DEBUG   - worker2013386:Done.
2025-04-04 21:56:27,991 -     censo.parallel     -  DEBUG   - Free cores increased 2 -> 3.
2025-04-04 21:56:29,966 -   censo.qm_processor   -  DEBUG   - worker2013387:Done.
2025-04-04 21:56:29,969 -     censo.parallel     -  DEBUG   - Free cores increased 3 -> 4.
2025-04-04 21:56:29,976 -     censo.parallel     -  DEBUG   - Checking for failed jobs...
2025-04-04 21:56:29,977 -     censo.parallel     -   INFO   - All jobs executed successfully.
2025-04-04 21:56:29,977 -censo.ensembleopt.optimization-   INFO   - Threshold: 2.00 kcal/mol
2025-04-04 21:56:29,982 -     censo.parallel     -  DEBUG   - Free cores decreased 4 -> 3.
2025-04-04 21:56:29,988 -   censo.qm_processor   -  DEBUG   - worker2013425:Running on 1 cores.
2025-04-04 21:56:29,989 -   censo.qm_processor   -   INFO   - worker2013425:Running xtb_opt calculation in /srv/scratch/z5358697/.automated/4372/2_OPTIMIZATION/CONF1/xtb_opt.
2025-04-04 21:56:30,021 -   censo.qm_processor   -  DEBUG   - worker2013425:Running ['/srv/scratch/z5358697/.xtb/bin/xtb', 'xtb_opt.coord', '--opt', 'normal', '--orca', '-I', 'xtb_opt-xcontrol-inp']...
2025-04-04 21:56:30,026 -   censo.qm_processor   -  DEBUG   - worker2013425:Started (PID: 2013439).
2025-04-04 21:57:09,968 -   censo.qm_processor   -  DEBUG   - worker2013425:Done.
2025-04-04 21:57:09,975 -     censo.parallel     -  DEBUG   - Free cores increased 3 -> 4.
2025-04-04 21:57:09,982 -     censo.parallel     -  DEBUG   - Checking for failed jobs...
2025-04-04 21:57:09,982 -     censo.parallel     -   INFO   - All jobs executed successfully.
2025-04-04 21:57:09,982 -censo.ensembleopt.optimization-   INFO   - Threshold: 1.50 kcal/mol
2025-04-04 21:57:09,982 -   censo.ensembledata   -  DEBUG   - Removed CONF3.
2025-04-04 21:57:09,987 -     censo.parallel     -  DEBUG   - Free cores decreased 4 -> 3.
2025-04-04 21:57:09,991 -     censo.parallel     -  DEBUG   - Free cores decreased 3 -> 2.
2025-04-04 21:57:09,991 -   censo.qm_processor   -  DEBUG   - worker2013659:Running on 1 cores.
2025-04-04 21:57:09,992 -   censo.qm_processor   -  DEBUG   - worker2013660:Running on 1 cores.
2025-04-04 21:57:09,993 -   censo.qm_processor   -   INFO   - worker2013659:Running xtb_rrho calculation in /srv/scratch/z5358697/.automated/4372/2_OPTIMIZATION/CONF1/xtb_rrho.
2025-04-04 21:57:09,993 -   censo.qm_processor   -   INFO   - worker2013660:Running xtb_rrho calculation in /srv/scratch/z5358697/.automated/4372/2_OPTIMIZATION/CONF2/xtb_rrho.
2025-04-04 21:57:10,023 -   censo.qm_processor   -  DEBUG   - worker2013659:Running ['/srv/scratch/z5358697/.xtb/bin/xtb', 'xtb_rrho.coord', '--gfn2', '--ohess', 'vtight', '--chrg', '0', '--enso', '--norestart', '-I', 'rrho-xcontrol-inp', '--parallel', '1', '--alpb', 'water']...
2025-04-04 21:57:10,028 -   censo.qm_processor   -  DEBUG   - worker2013659:Started (PID: 2013673).
2025-04-04 21:57:10,029 -   censo.qm_processor   -  DEBUG   - worker2013660:Running ['/srv/scratch/z5358697/.xtb/bin/xtb', 'xtb_rrho.coord', '--gfn2', '--ohess', 'vtight', '--chrg', '0', '--enso', '--norestart', '-I', 'rrho-xcontrol-inp', '--parallel', '1', '--alpb', 'water']...
2025-04-04 21:57:10,032 -   censo.qm_processor   -  DEBUG   - worker2013660:Started (PID: 2013674).
2025-04-04 21:57:10,743 -   censo.qm_processor   -  DEBUG   - worker2013660:Done.
2025-04-04 21:57:10,747 -     censo.parallel     -  DEBUG   - Free cores increased 2 -> 3.
2025-04-04 21:57:10,870 -   censo.qm_processor   -  DEBUG   - worker2013659:Done.
2025-04-04 21:57:10,872 -     censo.parallel     -  DEBUG   - Free cores increased 3 -> 4.
2025-04-04 21:57:10,879 -     censo.parallel     -  DEBUG   - Checking for failed jobs...
2025-04-04 21:57:10,879 -     censo.parallel     -   INFO   - All jobs executed successfully.
2025-04-04 21:57:10,880 -censo.ensembleopt.optimization-  DEBUG   - Writing to /srv/scratch/z5358697/.automated/4372/2_OPTIMIZATION.out.
2025-04-04 21:57:10,891 -censo.ensembleopt.optimization-  DEBUG   - Writing to /srv/scratch/z5358697/.automated/4372/2_OPTIMIZATION.out.
2025-04-04 21:57:10,932 -     censo.parallel     -  DEBUG   - Free cores decreased 4 -> 3.
2025-04-04 21:57:10,936 -     censo.parallel     -  DEBUG   - Free cores decreased 3 -> 2.
2025-04-04 21:57:10,937 -   censo.qm_processor   -  DEBUG   - worker2013695:Running on 1 cores.
2025-04-04 21:57:10,938 -   censo.qm_processor   -  DEBUG   - worker2013701:Running on 1 cores.
2025-04-04 21:57:10,989 -   censo.qm_processor   -   INFO   - worker2013695:Running gsolv calculation in /srv/scratch/z5358697/.automated/4372/3_REFINEMENT/CONF1/gsolv.
2025-04-04 21:57:10,999 -   censo.qm_processor   -   INFO   - worker2013701:Running gsolv calculation in /srv/scratch/z5358697/.automated/4372/3_REFINEMENT/CONF2/gsolv.
2025-04-04 21:57:11,008 -  censo.orca_processor  -  DEBUG   - worker2013695:Copying .gbw file from /srv/scratch/z5358697/.automated/4372/2_OPTIMIZATION/CONF1/xtb_opt/xtb_opt.gbw.
2025-04-04 21:57:11,036 -   censo.qm_processor   -  DEBUG   - worker2013695:Running ['/apps/z_install_tree/linux-rocky8-ivybridge/gcc-12.2.0/orca-6.0.0-srtngmq3qlimg2qxbl6avaaiffipurdx/bin/orca', 'sp_gas.inp']...
2025-04-04 21:57:11,037 -  censo.orca_processor  -  DEBUG   - worker2013701:Copying .gbw file from /srv/scratch/z5358697/.automated/4372/2_OPTIMIZATION/CONF2/xtb_opt/xtb_opt.gbw.
2025-04-04 21:57:11,041 -   censo.qm_processor   -  DEBUG   - worker2013695:Started (PID: 2013709).
2025-04-04 21:57:11,063 -   censo.qm_processor   -  DEBUG   - worker2013701:Running ['/apps/z_install_tree/linux-rocky8-ivybridge/gcc-12.2.0/orca-6.0.0-srtngmq3qlimg2qxbl6avaaiffipurdx/bin/orca', 'sp_gas.inp']...
2025-04-04 21:57:11,066 -   censo.qm_processor   -  DEBUG   - worker2013701:Started (PID: 2013710).
2025-04-04 21:58:37,780 -   censo.qm_processor   -  DEBUG   - worker2013695:Done.
2025-04-04 21:58:37,800 -  censo.orca_processor  -  DEBUG   - worker2013695:Copying .gbw file from /srv/scratch/z5358697/.automated/4372/2_OPTIMIZATION/CONF1/xtb_opt/xtb_opt.gbw.
2025-04-04 21:58:37,842 -   censo.qm_processor   -  DEBUG   - worker2013695:Running ['/apps/z_install_tree/linux-rocky8-ivybridge/gcc-12.2.0/orca-6.0.0-srtngmq3qlimg2qxbl6avaaiffipurdx/bin/orca', 'sp_solv.inp']...
2025-04-04 21:58:37,845 -   censo.qm_processor   -  DEBUG   - worker2013695:Started (PID: 2013831).
2025-04-04 21:58:39,054 -   censo.qm_processor   -  DEBUG   - worker2013701:Done.
2025-04-04 21:58:39,074 -  censo.orca_processor  -  DEBUG   - worker2013701:Copying .gbw file from /srv/scratch/z5358697/.automated/4372/2_OPTIMIZATION/CONF2/xtb_opt/xtb_opt.gbw.
2025-04-04 21:58:39,130 -   censo.qm_processor   -  DEBUG   - worker2013701:Running ['/apps/z_install_tree/linux-rocky8-ivybridge/gcc-12.2.0/orca-6.0.0-srtngmq3qlimg2qxbl6avaaiffipurdx/bin/orca', 'sp_solv.inp']...
2025-04-04 21:58:39,133 -   censo.qm_processor   -  DEBUG   - worker2013701:Started (PID: 2013837).
2025-04-04 22:00:08,525 -   censo.qm_processor   -  DEBUG   - worker2013695:Done.
2025-04-04 22:00:08,531 -     censo.parallel     -  DEBUG   - Free cores increased 2 -> 3.
2025-04-04 22:00:10,787 -   censo.qm_processor   -  DEBUG   - worker2013701:Done.
2025-04-04 22:00:10,793 -     censo.parallel     -  DEBUG   - Free cores increased 3 -> 4.
2025-04-04 22:00:10,803 -     censo.parallel     -  DEBUG   - Checking for failed jobs...
2025-04-04 22:00:10,803 -     censo.parallel     -   INFO   - All jobs executed successfully.
2025-04-04 22:00:10,803 -censo.ensembleopt.refinement-  DEBUG   - Writing to /srv/scratch/z5358697/.automated/4372/3_REFINEMENT.out.
