15
 energy: -420.728591916567 gnorm: 0.035301646985 xtb: 6.7.1 (edcfbbe)
C           -0.42139521708673       -1.04150416896152        0.00004948090002
C            0.94380141641822       -1.20730848813499        0.00002545140001
C            1.78269587938996       -0.08955108193968       -0.00010057110004
C            1.22502519624284        1.19416616172917       -0.00001774460001
C           -0.13949726126181        1.35494251490041        0.00000766590000
C           -0.98609069803696        0.23951436740614       -0.00004953400002
C           -2.42485025317452        0.40653406728015       -0.00002893960001
O           -3.24797853073927       -0.49212855871808        0.00000796000000
O            3.12126354068311       -0.19111751798469        0.00002990240001
H           -1.08559086008105       -1.89273621903872        0.00014631760006
H            1.36726798240587       -2.20033651947503        0.00003043960001
H            1.89168163843825        2.04134063700457        0.00035077570016
H           -0.56759561395152        2.34562291843941        0.00039678240018
H           -2.76401618282481        1.45965160954681       -0.00001967300001
H            3.41167293421180       -1.11777913969532       -0.00014493200006
15
 energy: -420.729501827051 gnorm: 0.012908175063 xtb: 6.7.1 (edcfbbe)
C           -0.42241857346294       -1.05123215588796        0.00001260562935
C            0.94619510248519       -1.21714128741516        0.00000676811145
C            1.78017309044660       -0.08990172321820        0.00003170730397
C            1.22863970170299        1.19809624014920        0.00011041530634
C           -0.14206409199114        1.35355452114399        0.00013265615791
C           -0.98768804585635        0.23371229000334        0.00003795698578
C           -2.42825232937489        0.41785809636365        0.00004003063490
O           -3.25949179241653       -0.48723685513984       -0.00002825840380
O            3.12669767467564       -0.18749494174801        0.00001197014322
H           -1.08201806740606       -1.91163170643151        0.00005412485178
H            1.38080342527297       -2.21133639200051        0.00001325275893
H            1.89511345943864        2.05273094319014        0.00021693551888
H           -0.57375678979797        2.34923256827950        0.00021713069514
H           -2.76285343044585        1.47509363822838       -0.00000762615176
H            3.40731486226697       -1.11499258411733       -0.00016623912730
15
 energy: -420.729661608267 gnorm: 0.004168437304 xtb: 6.7.1 (edcfbbe)
C           -0.42286314729432       -1.05772036354345        0.00003691678963
C            0.94748711055184       -1.22156855383398        0.00002476396988
C            1.77722722457233       -0.08879965790925        0.00006213161091
C            1.22971732254564        1.20015070156274        0.00013984687297
C           -0.14420972884349        1.35067363316052        0.00012458692723
C           -0.98883877372025        0.22865223810224        0.00005638816030
C           -2.42887086679338        0.42541620664742       -0.00005464524286
O           -3.26611995572574       -0.47881419398950       -0.00000805266770
O            3.13026890018493       -0.18517052084166        0.00000958575058
H           -1.07661279399691       -1.92463829050680       -0.00002409021835
H            1.39109293154578       -2.21379277703474       -0.00001397405036
H            1.89398028776389        2.05857951719305        0.00016028869691
H           -0.57884608727422        2.34728204837369        0.00014103812817
H           -2.75770711702784        1.48417841793107        0.00013993451026
H            3.40068910210348       -1.11511766020135       -0.00011124929727
15
 energy: -420.729680417562 gnorm: 0.002146812171 xtb: 6.7.1 (edcfbbe)
C           -0.42273794268514       -1.05939368890148       -0.00000405803629
C            0.94791563709951       -1.22154739295597       -0.00001001842870
C            1.77601040207176       -0.08771328816136        0.00004146416362
C            1.22940021529704        1.20061115360119        0.00012125517993
C           -0.14500219448095        1.34907113919140        0.00014778068933
C           -0.98904265338765        0.22681727245987        0.00011453474251
C           -2.42838641867173        0.42713266779044        0.00025951651209
O           -3.26821789706262       -0.47457834902778       -0.00004771482522
O            3.13154230842915       -0.18501617058218        0.00000372686333
H           -1.07362442176890       -1.92837078769064       -0.00002311231150
H            1.39463411835475       -2.21220287505012       -0.00004734525904
H            1.89211562419352        2.05983599783573        0.00015468261153
H           -0.58105924327844        2.34484452662710        0.00019281114392
H           -2.75386530759949        1.48642041152321       -0.00013888514350
H            3.39671226353257       -1.11659980737080       -0.00008114199539
15
 energy: -420.729686404138 gnorm: 0.000625223863 xtb: 6.7.1 (edcfbbe)
C           -0.42236890690400       -1.06029632366010        0.00008985590844
C            0.94838955070716       -1.22075197408817        0.00005852135893
C            1.77555880584304       -0.08661945426183        0.00005250549829
C            1.22899358342550        1.20096383064658        0.00008530368843
C           -0.14553385264204        1.34787791691657        0.00008837641181
C           -0.98897680856228        0.22554129490964        0.00000453995345
C           -2.42792688520349        0.42742705460986       -0.00055922172699
O           -3.26996205581743       -0.47127941702936       -0.00007599588870
O            3.13239650487309       -0.18547590808735        0.00002104949171
H           -1.07126057176700       -1.93040422071482        0.00000748582303
H            1.39680972933172       -2.21026418934186       -0.00000191847742
H            1.89028415933904        2.06074632660645        0.00007982559060
H           -0.58294202787043        2.34264997685422        0.00008660328441
H           -2.75013635806917        1.48753684535652        0.00075081630037
H            3.39306969772445       -1.11834094410423       -0.00000426567716
15
 energy: -420.729684812202 gnorm: 0.000978034286 xtb: 6.7.1 (edcfbbe)
C           -0.42217842259489       -1.06008092059941       -0.00009228492388
C            0.94848645070626       -1.22041238793431       -0.00014741899140
C            1.77556472196755       -0.08656862221951       -0.00005306688938
C            1.22875568143977        1.20088031337513        0.00007799163111
C           -0.14549116778192        1.34791884653845        0.00033284017483
C           -0.98878120758692        0.22566629220877        0.00050319956511
C           -2.42770042373873        0.42712958820849        0.00187659884597
O           -3.26954730261404       -0.47139743437934       -0.00053509732815
O            3.13223591355231       -0.18573018997321       -0.00007891078796
H           -1.07125386576391       -1.92990515438280        0.00006578599561
H            1.39649083789941       -2.20999157340360       -0.00013927377381
H            1.88993329713640        2.06064373147593        0.00009299480738
H           -0.58304825204063        2.34246582072492        0.00047644853122
H           -2.74994776812932        1.48734019599140       -0.00157273708131
H            3.39287603006854       -1.11864758665745       -0.00012351049174
15
 energy: -420.729686783762 gnorm: 0.000172665332 xtb: 6.7.1 (edcfbbe)
C           -0.42219754985786       -1.05995627919587        0.00005150381586
C            0.94845661061840       -1.22049913052886        0.00002050402264
C            1.77561366320423       -0.08671415686541        0.00003819611773
C            1.22878463777894        1.20083448984617        0.00009102765185
C           -0.14541659086657        1.34809014590320        0.00012800536520
C           -0.98875980052802        0.22584297573592        0.00009110240021
C           -2.42774053346925        0.42707327628403       -0.00001773993673
O           -3.26927471777249       -0.47185594700575       -0.00018351693827
O            3.13211384700668       -0.18568679038129       -0.00000402348345
H           -1.07158236278451       -1.92959732314274        0.00002164135946
H            1.39617110381934       -2.21026119615473       -0.00002336462229
H            1.89013829316227        2.06054178990033        0.00008854035419
H           -0.58283709049844        2.34274853067197        0.00017227294585
H           -2.75041812185455        1.48720399935252        0.00025197658849
H            3.39334315721300       -1.11845355238169       -0.00004263015489
15
 energy: -420.729686783762 gnorm: 0.000172665332 xtb: 6.7.1 (edcfbbe)
C           -0.42219754985786       -1.05995627919587        0.00005150381586
C            0.94845661061840       -1.22049913052886        0.00002050402264
C            1.77561366320423       -0.08671415686541        0.00003819611773
C            1.22878463777894        1.20083448984617        0.00009102765185
C           -0.14541659086657        1.34809014590320        0.00012800536520
C           -0.98875980052802        0.22584297573592        0.00009110240021
C           -2.42774053346925        0.42707327628403       -0.00001773993673
O           -3.26927471777249       -0.47185594700575       -0.00018351693827
O            3.13211384700668       -0.18568679038129       -0.00000402348345
H           -1.07158236278451       -1.92959732314274        0.00002164135946
H            1.39617110381934       -2.21026119615473       -0.00002336462229
H            1.89013829316227        2.06054178990033        0.00008854035419
H           -0.58283709049844        2.34274853067197        0.00017227294585
H           -2.75041812185455        1.48720399935252        0.00025197658849
H            3.39334315721300       -1.11845355238169       -0.00004263015489
