24
 energy: -426.505620527113 gnorm: 0.035222519904 xtb: 6.7.1 (edcfbbe)
C            2.10618484703331       -2.10320845933199        0.39177343367361
C            1.16270933641523       -0.97629175683262        0.12747206535649
C            1.47491996315358        0.28454016652609        0.47273469840948
C            0.62058947817500        1.41901242342880        0.18942372098394
O            0.89417960669623        2.55770442003339        0.56449520185014
C           -0.60598303036853        1.13447189940271       -0.64215741808456
C           -1.21216161363714       -0.24213407320730       -0.35121487705563
C           -0.12287603395445       -1.30390436987779       -0.55572606474626
C           -2.37383068285191       -0.50638259772439       -1.31110895228099
C           -1.72750628976550       -0.28969307122837        1.08916936438264
H            3.02334805073973       -1.95836914866781       -0.17644707197819
H            1.67110561634051       -3.05886524555546        0.11687326485179
H            2.38051601655487       -2.12628615324221        1.44425008263999
H            2.39982952096343        0.50800482842511        0.98656518273717
H           -1.33306956749072        1.93285507605650       -0.48228023021371
H           -0.28854698372786        1.18070024362320       -1.68859679164826
H           -0.48469184601478       -2.27321951060732       -0.20742688899192
H            0.08694415883853       -1.40503341372261       -1.62589494162048
H           -3.15647750309872        0.23494021710411       -1.17079488641881
H           -2.79824088543997       -1.49047251766047       -1.12891706810025
H           -2.04055340710422       -0.45962399370367       -2.34509598033917
H           -0.91953487470747       -0.11320138795016        1.79577170729575
H           -2.17077857806193       -1.25915738365797        1.30298777727739
H           -2.48497165130116        0.47501031671049        1.24479589735160
24
 energy: -426.506622940323 gnorm: 0.010859933320 xtb: 6.7.1 (edcfbbe)
C            2.11492132932055       -2.10692633468066        0.38970244559934
C            1.17044783602918       -0.97659781781209        0.12578092181088
C            1.48700303422448        0.28876899001531        0.47508095390874
C            0.62431256836306        1.41726456094286        0.18397525561355
O            0.90211098458041        2.56390039854027        0.56121288068482
C           -0.60999247789017        1.13943528363927       -0.63994139891541
C           -1.22016445122359       -0.23830675394253       -0.35176575214968
C           -0.12429885922561       -1.29651305608937       -0.55096063048557
C           -2.37802355182848       -0.50539808982809       -1.31427627846029
C           -1.73681006060714       -0.28646235996448        1.09085029573926
H            3.03852804208941       -1.96758079596940       -0.17975207666452
H            1.67894349501001       -3.06814059706362        0.11638622179343
H            2.39323520141656       -2.13273381054177        1.44698445537239
H            2.41789326627721        0.50792139581931        0.99164841912831
H           -1.33858839721481        1.94017933776262       -0.47995649857769
H           -0.29452118531114        1.18179944935599       -1.69231627452544
H           -0.47975455985526       -2.27393069799409       -0.20625525030984
H            0.08694699895232       -1.41010168383326       -1.62501904277855
H           -3.16879312169703        0.23736349594054       -1.17573002897638
H           -2.80429346603384       -1.49644732268630       -1.13300232765125
H           -2.04132620947405       -0.45983586340627       -2.35395052761187
H           -0.93397944878009       -0.11430906301759        1.81300835304506
H           -2.18179437167661       -1.26228448138422        1.30314136126591
H           -2.50089896388862        0.48033154485052        1.24580776378486
24
 energy: -426.506749384305 gnorm: 0.002148457738 xtb: 6.7.1 (edcfbbe)
C            2.11955109218990       -2.10758633774455        0.38578654441827
C            1.17343461799356       -0.97577318992221        0.12685159703903
C            1.49321429022020        0.29226893650012        0.47552768926929
C            0.62527089960603        1.41594298368886        0.18516275654304
O            0.90991519519137        2.56791016878105        0.55426025580294
C           -0.61005881238082        1.14178223156597       -0.63636351085077
C           -1.22156212697913       -0.23727934584744       -0.34874665258678
C           -0.12485435637970       -1.29560192038757       -0.54611247561568
C           -2.37610566798912       -0.50472120218480       -1.31430256010921
C           -1.74805581503827       -0.28541293361296        1.09152589521661
H            3.04489980736832       -1.97077175816413       -0.18524168930273
H            1.68410566889672       -3.07147481482123        0.11406581088333
H            2.40230989958504       -2.13563380405397        1.44401710462085
H            2.42927820694317        0.50963611361187        0.98666717906058
H           -1.33648125025448        1.94536966216099       -0.47540512662135
H           -0.29705906780886        1.18256771077925       -1.69160583069315
H           -0.47683917809865       -2.27606296475170       -0.20108981383192
H            0.08574302663292       -1.41735630243040       -1.62197918402865
H           -3.17150844956102        0.23706161481637       -1.17899560342640
H           -2.80460489242476       -1.49798321655495       -1.13624291601127
H           -2.03807482790692       -0.45921315523471       -2.35572579467138
H           -0.95062957017715       -0.11525441051464        1.82305397610350
H           -2.19558644056027       -1.26299066971379        1.30190771285339
H           -2.51519858311591        0.48197159526490        1.24364039538516
24
 energy: -426.506774579186 gnorm: 0.001872331196 xtb: 6.7.1 (edcfbbe)
C            2.12215634986293       -2.10707643829809        0.38278197470678
C            1.17436265536911       -0.97557078720428        0.12844093156393
C            1.49517547788386        0.29296660322402        0.47646306312269
C            0.62967634924781        1.41595009498988        0.18110580215745
O            0.91496553372970        2.56909822551741        0.54893105845678
C           -0.60943720177159        1.14161118569644       -0.63309630884834
C           -1.22271656214432       -0.23759426457057       -0.34679324568496
C           -0.12569015470674       -1.29598380187434       -0.54101166227756
C           -2.37446963130120       -0.50448997812732       -1.31554513100155
C           -1.75405293041012       -0.28539711158922        1.09184973061122
H            3.04644509171484       -1.96953908545730       -0.19008491140588
H            1.68691427892854       -3.07118138726264        0.11112936051735
H            2.40807001375898       -2.13674305203497        1.44032943030969
H            2.43262063819876        0.50952148499004        0.98513653087254
H           -1.33441956243547        1.94586116531538       -0.46924752406099
H           -0.30011209901374        1.18345713599140       -1.68950387832775
H           -0.47691438484970       -2.27612851233140       -0.19376563749898
H            0.08392124798508       -1.42152728881940       -1.61699150766000
H           -3.17099142070181        0.23658526976442       -1.18194476216199
H           -2.80366159739573       -1.49798652357083       -1.13951168762768
H           -2.03471054255279       -0.45839896327382       -2.35649813733993
H           -0.96041147314541       -0.11549106286688        1.82774975426457
H           -2.20362225867825       -1.26262655111657        1.30039178748275
H           -2.52199420996197        0.48207804953502        1.24034247240478
24
 energy: -426.506805229688 gnorm: 0.003047893899 xtb: 6.7.1 (edcfbbe)
C            2.12746660650157       -2.10561414213431        0.37599269028205
C            1.17587741185145       -0.97577867821388        0.13142682408998
C            1.49858045481308        0.29317706890953        0.47674174147700
C            0.63379225647047        1.41415125050638        0.18152850481805
O            0.92652267592844        2.57080112790569        0.53584027636493
C           -0.60848143096467        1.14075067466775       -0.62516137088069
C           -1.22452778327183       -0.23863707803113       -0.34212758247180
C           -0.12781524751796       -1.29830941396052       -0.52885170983886
C           -2.36952839005545       -0.50379756026197       -1.31908451840478
C           -1.76728053212104       -0.28506069737271        1.09220035387248
H            3.04734789483729       -1.96412019878965       -0.20247028204560
H            1.69271096201432       -3.06952463261435        0.10426654751501
H            2.42127975093706       -2.13840866628864        1.43109592354197
H            2.44074660041977        0.50942589405831        0.97571319258972
H           -1.33063853983622        1.94599856534761       -0.45574554928453
H           -0.30529609992965        1.18572228724036       -1.68301629836802
H           -0.47832435159701       -2.27556819910539       -0.17326092097077
H            0.07876673538754       -1.43325241703051       -1.60422492471180
H           -3.16727461109037        0.23610720555083       -1.18937827527377
H           -2.79976880298771       -1.49726946874810       -1.14754355715197
H           -2.02401796881287       -0.45597791607210       -2.35768472415144
H           -0.98163050377129       -0.11515557067179        1.83617423529562
H           -2.22113575770705       -1.26092498122414        1.29641465894981
H           -2.53626786945892        0.48265855410878        1.23181652356048
24
 energy: -426.506815687131 gnorm: 0.001636032913 xtb: 6.7.1 (edcfbbe)
C            2.12827045573618       -2.10543528276961        0.37406958344221
C            1.17528193237772       -0.97633784278367        0.13272560372673
C            1.49825655411220        0.29230654876586        0.47726802645982
C            0.63460190773468        1.41423329883440        0.18172833102342
O            0.92867298992015        2.57064872919342        0.53332817051747
C           -0.60896770873020        1.14088559679468       -0.62354850026496
C           -1.22411484070920       -0.23856842286135       -0.34112343716727
C           -0.12852710078115       -1.29982011273844       -0.52593124249430
C           -2.36763966434308       -0.50390955606495       -1.32005844600993
C           -1.76987888765846       -0.28446952484665        1.09185710088137
H            3.04602712106219       -1.96129327310640       -0.20678814196234
H            1.69387313103499       -3.06919877432371        0.10182483218498
H            2.42450453136163       -2.13889791785209        1.42818414407377
H            2.44135070152753        0.50892800055231        0.97417606015588
H           -1.33168731298240        1.94515139206022       -0.45195141566699
H           -0.30695586955408        1.18812859820734       -1.68139161531401
H           -0.47984333023928       -2.27507101124547       -0.16598921195092
H            0.07747359605207       -1.43857141569604       -1.60056498626735
H           -3.16498816444495        0.23633889863828       -1.19167519468974
H           -2.79792643873164       -1.49732026695367       -1.14968402576042
H           -2.01911529031578       -0.45551727141057       -2.35740587604000
H           -0.98496005980027       -0.11428515108806        1.83608044535613
H           -2.22401327778140       -1.26006542344484        1.29559395672081
H           -2.53859160248263        0.48353276928601        1.22993868242401
24
 energy: -426.506821722448 gnorm: 0.001101129246 xtb: 6.7.1 (edcfbbe)
C            2.13073129610867       -2.10537580204956        0.36960602567852
C            1.17473586762549       -0.97718696528664        0.13512658555915
C            1.49809958227015        0.29100330623676        0.47911313213154
C            0.63534897936588        1.41472616403032        0.18400930034174
O            0.93324843379672        2.57093743146888        0.52906137236504
C           -0.61023779385516        1.14097660308068       -0.62003934117381
C           -1.22459655956268       -0.23827002833049       -0.33988331175991
C           -0.13045726083588       -1.30220931339274       -0.51898386097828
C           -2.36452563819485       -0.50411552939686       -1.32364920034532
C           -1.77467888519699       -0.28275577651285        1.09122883770818
H            3.04408775289188       -1.95652600811743       -0.21698188215018
H            1.69664964566833       -3.06914775633308        0.09666649316386
H            2.43300042796595       -2.14064180466259        1.42175389126085
H            2.44331395199700        0.50830782060450        0.97193915961314
H           -1.33442183879848        1.94312626254193       -0.44403247386353
H           -0.31003885292125        1.19360290598038       -1.67798755934001
H           -0.48355643132824       -2.27322377885596       -0.14891985290183
H            0.07387943378659       -1.45162882744542       -1.59220827604953
H           -3.16160445726132        0.23692470332697       -1.19893427850013
H           -2.79500437179154       -1.49764044796372       -1.15529948563058
H           -2.00948161119065       -0.45535823845985       -2.35871266766077
H           -0.99106879937878       -0.11212750118229        1.83669729218051
H           -2.22936562598962       -1.25806017422055        1.29459194518242
H           -2.54295411598236        0.48605433491946        1.22650340903684
24
 energy: -426.506823487548 gnorm: 0.000321947443 xtb: 6.7.1 (edcfbbe)
C            2.13082511560547       -2.10543635499304        0.36965361934327
C            1.17510446248106       -0.97694393421724        0.13460803348003
C            1.49803776139567        0.29131153772622        0.47964774888013
C            0.63487065408732        1.41466739738716        0.18402313728781
O            0.93200682619302        2.57095277669298        0.53084675597297
C           -0.61015655638278        1.14109797385959       -0.62081414116916
C           -1.22459903497497       -0.23826392697425       -0.34036925372768
C           -0.13017670680187       -1.30181336547416       -0.51984046714663
C           -2.36503680453885       -0.50409188361624       -1.32339889322913
C           -1.77404482101599       -0.28260266236249        1.09121082765012
H            3.04469171806418       -1.95809251317052       -0.21661028951764
H            1.69636639046656       -3.06931318338434        0.09735882749278
H            2.43298904989701       -2.14056701320777        1.42197329142990
H            2.44269520940565        0.50855201627494        0.97368241633012
H           -1.33403504883622        1.94375728124555       -0.44557850703505
H           -0.30914348250847        1.19335911803084       -1.67869749563781
H           -0.48292106285764       -2.27327560049469       -0.15055347813058
H            0.07406296358913       -1.45132247043974       -1.59319541077314
H           -3.16243322914056        0.23686855340265       -1.19890644566815
H           -2.79585635376586       -1.49753676173573       -1.15444373567996
H           -2.01122552198268       -0.45616900440029       -2.35903777550300
H           -0.98995391238979       -0.11201156906030        1.83649674724551
H           -2.22861238167132       -1.25797538562637        1.29530459438641
H           -2.54235211420981        0.48624061309682        1.22730492623588
24
 energy: -426.506823487548 gnorm: 0.000321947443 xtb: 6.7.1 (edcfbbe)
C            2.13082511560547       -2.10543635499304        0.36965361934327
C            1.17510446248106       -0.97694393421724        0.13460803348003
C            1.49803776139567        0.29131153772622        0.47964774888013
C            0.63487065408732        1.41466739738716        0.18402313728781
O            0.93200682619302        2.57095277669298        0.53084675597297
C           -0.61015655638278        1.14109797385959       -0.62081414116916
C           -1.22459903497497       -0.23826392697425       -0.34036925372768
C           -0.13017670680187       -1.30181336547416       -0.51984046714663
C           -2.36503680453885       -0.50409188361624       -1.32339889322913
C           -1.77404482101599       -0.28260266236249        1.09121082765012
H            3.04469171806418       -1.95809251317052       -0.21661028951764
H            1.69636639046656       -3.06931318338434        0.09735882749278
H            2.43298904989701       -2.14056701320777        1.42197329142990
H            2.44269520940565        0.50855201627494        0.97368241633012
H           -1.33403504883622        1.94375728124555       -0.44557850703505
H           -0.30914348250847        1.19335911803084       -1.67869749563781
H           -0.48292106285764       -2.27327560049469       -0.15055347813058
H            0.07406296358913       -1.45132247043974       -1.59319541077314
H           -3.16243322914056        0.23686855340265       -1.19890644566815
H           -2.79585635376586       -1.49753676173573       -1.15444373567996
H           -2.01122552198268       -0.45616900440029       -2.35903777550300
H           -0.98995391238979       -0.11201156906030        1.83649674724551
H           -2.22861238167132       -1.25797538562637        1.29530459438641
H           -2.54235211420981        0.48624061309682        1.22730492623588
