11
 energy: -30.280685121264 gnorm: 0.034015095256 xtb: 6.7.1 (edcfbbe)
C           -2.80347430534814       -0.12240092257485       -0.50558365646632
O           -1.36094451561800       -0.29284826950298       -0.67417568452117
C           -0.61979871244180        0.09659365631942        0.34606661001202
O           -0.98706516520244        0.56727157988214        1.39566159212080
C            0.88064095657572       -0.09044110517244        0.00920387794152
F            1.29190444412113        0.91386404501343       -0.79545986460787
F            1.61602451514875       -0.05789095152712        1.12718377472257
F            1.11973420212585       -1.25322688732157       -0.62162243197958
H           -3.13295765061408       -0.67241247085936        0.37751056384127
H           -3.24266386821280       -0.53610831236871       -1.41077213927044
H           -3.03131656354447        0.94078843115885       -0.40909238264678
11
 energy: -30.281753056069 gnorm: 0.013813890724 xtb: 6.7.1 (edcfbbe)
C           -2.80248623249711       -0.12461093648286       -0.50785038338497
O           -1.36734421603242       -0.28016539823940       -0.66022018250414
C           -0.62904536228003        0.10363969538936        0.34736009841802
O           -0.99144480737688        0.56524904711995        1.39414855649800
C            0.87453050977313       -0.08881092672204        0.01064367971347
F            1.30262346341639        0.90181729102655       -0.79419604269916
F            1.62576491495456       -0.06260049694833        1.11483354738047
F            1.11608393261035       -1.24554343491863       -0.62019708485997
H           -3.13228101010559       -0.66926053045178        0.37495443768308
H           -3.22949190239915       -0.53994085525292       -1.41582491026443
H           -3.03682595307351        0.93341533852690       -0.40473145683438
11
 energy: -30.281955075612 gnorm: 0.004041825823 xtb: 6.7.1 (edcfbbe)
C           -2.79942733799115       -0.12574902858856       -0.50993693509082
O           -1.36909478692315       -0.26908996782057       -0.64924811120561
C           -0.63402149837772        0.10854365587253        0.35171386303303
O           -0.99129075782186        0.56589021386306        1.40168254916843
C            0.87179117710971       -0.08774932922301        0.00958354369571
F            1.30921522544991        0.89316774544464       -0.79676557620087
F            1.63239469621368       -0.06540454566528        1.10542078442267
F            1.10993048817433       -1.24279730667574       -0.61968611223339
H           -3.13596177435603       -0.66947485792522        0.37064189661709
H           -3.21584061044260       -0.54281664677117       -1.42067732220298
H           -3.04761148404539        0.92866886053611       -0.40380832085725
11
 energy: -30.281979762489 gnorm: 0.001708526333 xtb: 6.7.1 (edcfbbe)
C           -2.79849137727947       -0.12620201449110       -0.51121501224947
O           -1.36882464874780       -0.26290309352088       -0.64614814153040
C           -0.63406491715345        0.11182413076268        0.35445084242684
O           -0.98753740824539        0.56626298362359        1.40804853540365
C            0.87213384079030       -0.08713339239056        0.00913088323330
F            1.31063937265837        0.89072010148895       -0.79911436302827
F            1.63521338311090       -0.06638235783011        1.10322638767164
F            1.10386683614876       -1.24391505377831       -0.61910606851658
H           -3.13767744328432       -0.67173466007104        0.36798048422655
H           -3.21086525873448       -0.54435715198343       -1.42336968648235
H           -3.05430904227371        0.92700930123701       -0.40496360200891
11
 energy: -30.281992401767 gnorm: 0.002307895052 xtb: 6.7.1 (edcfbbe)
C           -2.79746959384428       -0.12604175970214       -0.51338893869813
O           -1.36793560706490       -0.25217486561740       -0.64235335381283
C           -0.63347728128206        0.11581699535086        0.36026644825325
O           -0.98021700726980        0.56413635383931        1.41974046924086
C            0.87289528372560       -0.08583960501715        0.00846981297739
F            1.31053080290927        0.88696855434419       -0.80503880569638
F            1.63960179380998       -0.06543916309598        1.10027795442002
F            1.09355153099095       -1.24739336447872       -0.61653840549070
H           -3.13909280315502       -0.67569771447510        0.36332597996640
H           -3.20344649556962       -0.54630379151906       -1.42788277788800
H           -3.06485728626040        0.92515715341800       -0.40795812412586
11
 energy: -30.281996045536 gnorm: 0.001289453566 xtb: 6.7.1 (edcfbbe)
C           -2.79766037970024       -0.12557101902272       -0.51333337033803
O           -1.36781693904261       -0.25181925246033       -0.64308305388759
C           -0.63358205482866        0.11524776060639        0.36042025948827
O           -0.98082331658008        0.56187063561814        1.41997484223259
C            0.87269804353024       -0.08579774047810        0.00854551944468
F            1.30956329185353        0.88656929225216       -0.80598836599999
F            1.63955130645619       -0.06388833211758        1.10019846154416
F            1.09447984351785       -1.24785120808530       -0.61550550883255
H           -3.13825745962691       -0.67511633382431        0.36357436810854
H           -3.20385450588713       -0.54602079716448       -1.42760681314388
H           -3.06421449270246        0.92556578772294       -0.40827607947021
11
 energy: -30.282007051739 gnorm: 0.002988966289 xtb: 6.7.1 (edcfbbe)
C           -2.79828057656175       -0.12191342683151       -0.51399576434864
O           -1.36673332148125       -0.24574490881930       -0.64690625770940
C           -0.63432651548077        0.11128088536338        0.36303763783273
O           -0.98371714842434        0.54337337684078        1.42605203641020
C            0.87173970172757       -0.08511389505613        0.00886553312439
F            1.30262714081338        0.88184136420385       -0.81527181843075
F            1.64153072803608       -0.05123427287255        1.09802619264341
F            1.09888664835474       -1.25194314915210       -0.60644021873793
H           -3.13349629122929       -0.67107336953129        0.36406217717471
H           -3.20426063803808       -0.54476633311131       -1.42711695712446
H           -3.06388639072659        0.92848252201298       -0.41139230168824
11
 energy: -30.282014960676 gnorm: 0.003104328674 xtb: 6.7.1 (edcfbbe)
C           -2.79813004449496       -0.11994286635479       -0.51488783459398
O           -1.36617159156112       -0.24104449124298       -0.64816891649094
C           -0.63454317765103        0.10906829469478        0.36481982616791
O           -0.98433452729283        0.53228459797735        1.43125160466901
C            0.87161827290682       -0.08461703283977        0.00891521166440
F            1.29879352193616        0.87872567718667       -0.82113881414832
F            1.64358346741101       -0.04374590332289        1.09627191233961
F            1.10013548227993       -1.25436444597633       -0.60093408021971
H           -3.13188392025419       -0.66865554941933        0.36395872649024
H           -3.20344266708176       -0.54460420887930       -1.42746115166710
H           -3.06554147920830        0.93008472122339       -0.41370622506511
11
 energy: -30.282053623451 gnorm: 0.003255733755 xtb: 6.7.1 (edcfbbe)
C           -2.79680977882810       -0.10918878972627       -0.51988261111076
O           -1.36346039780650       -0.21633595501982       -0.65458056093234
C           -0.63540548635270        0.09512055544630        0.37399422254230
O           -0.98754194362064        0.46997009130332        1.45954402983929
C            0.87137428686481       -0.08203547293094        0.00903838654345
F            1.27679558703496        0.86218648460101       -0.85321163426545
F            1.65477905909782       -0.00136634518706        1.08661064659798
F            1.10821902378034       -1.26711022872685       -0.57050767068507
H           -3.12492649993013       -0.65371356923712        0.36405167280686
H           -3.19931688164987       -0.54385482331037       -1.42905362473151
H           -3.07362363160027        0.93951684583461       -0.42708259745874
11
 energy: -30.282064693011 gnorm: 0.006957254851 xtb: 6.7.1 (edcfbbe)
C           -2.79529565271696       -0.09918603406284       -0.52420625494911
O           -1.36144169337563       -0.19439986510193       -0.65943570928240
C           -0.63602227250875        0.08108356493510        0.38153711212038
O           -0.98988697453485        0.41348674887996        1.48247600639745
C            0.87122998253431       -0.08021359550730        0.00918809901263
F            1.25639145519345        0.84718997139856       -0.88081028412115
F            1.66393688009774        0.03701087730277        1.07772368970771
F            1.11730032647354       -1.27768046668122       -0.54307769416952
H           -3.11894828060639       -0.63929646540305        0.36461770647962
H           -3.19561607519295       -0.54321220032593       -1.42994658206276
H           -3.08156435837380        0.94840625761269       -0.43914582998684
11
 energy: -30.282090716565 gnorm: 0.002986626014 xtb: 6.7.1 (edcfbbe)
C           -2.79490252360859       -0.09922097348685       -0.52390593928447
O           -1.36200938407447       -0.19508780700268       -0.65803567245022
C           -0.63576450498267        0.07979171522207        0.38030919180121
O           -0.98910382548691        0.41444803798759        1.47897679413620
C            0.87145766267977       -0.08082977397682        0.00916424351894
F            1.25647817266509        0.84735448898899       -0.87838272770045
F            1.66257669030996        0.03612934964369        1.07757137844563
F            1.11920544820663       -1.27610421942369       -0.54382329289322
H           -3.11996455235249       -0.63837454052449        0.36533354505130
H           -3.19563989837890       -0.54349633129024       -1.42928397713526
H           -3.08224994798769        0.94857884690923       -0.43900328434366
11
 energy: -30.282111845066 gnorm: 0.002663172211 xtb: 6.7.1 (edcfbbe)
C           -2.79425850598152       -0.09322933105830       -0.52544536345948
O           -1.36189739259350       -0.18246020589339       -0.66118103395894
C           -0.63552209446496        0.07069753202890        0.38200302697409
O           -0.98982890490669        0.38057452791762        1.48751089185129
C            0.87157487530358       -0.08087636488255        0.00892937260525
F            1.24502205605410        0.83931344833998       -0.89099354937674
F            1.66367033101442        0.05770917225144        1.07331671562811
F            1.12879646772683       -1.28055206493171       -0.52881139833168
H           -3.11618292162628       -0.62782386776011        0.36798912984598
H           -3.19524197402760       -0.54421103710872       -1.42748011662274
H           -3.08604859950865        0.95404698414367       -0.44691741600915
11
 energy: -30.282131747836 gnorm: 0.006058194392 xtb: 6.7.1 (edcfbbe)
C           -2.79367994783530       -0.07909923435690       -0.52885012207295
O           -1.36159882470441       -0.15439678267824       -0.66883217108990
C           -0.63520787805689        0.04938353450608        0.38724798641051
O           -0.99162863129527        0.30231226454659        1.50840684743542
C            0.87169175241341       -0.08031127007778        0.00827417511253
F            1.21960073097643        0.82156393191275       -0.92092955057977
F            1.66629467259242        0.10713329037350        1.06399529755192
F            1.15062113128829       -1.29073775253604       -0.49499099187424
H           -3.10718817455534       -0.60297501598372        0.37404905000913
H           -3.19465099725993       -0.54642204253912       -1.42299102964496
H           -3.09417049657368        0.96673786987972       -0.46645923211167
11
 energy: -30.282147664643 gnorm: 0.001862753516 xtb: 6.7.1 (edcfbbe)
C           -2.79467800042368       -0.07872212996854       -0.52772242913920
O           -1.36260646156086       -0.15533004859334       -0.66898258012733
C           -0.63482689611654        0.04846079133953        0.38559134327874
O           -0.99092506895371        0.30051536487872        1.50480693747284
C            0.87180349961535       -0.08069611119216        0.00777304923084
F            1.22135753936136        0.82299367328359       -0.91796359567633
F            1.66205404029032        0.10574677046679        1.06519528363345
F            1.15449126844502       -1.28851750280478       -0.49701507300221
H           -3.10711082717446       -0.59965397729087        0.37663735148225
H           -3.19640510125407       -0.54869658752036       -1.42008371225738
H           -3.09307065523899        0.96708855044826       -0.46931631574965
11
 energy: -30.282164365730 gnorm: 0.003462582038 xtb: 6.7.1 (edcfbbe)
C           -2.79529604339505       -0.06797025301063       -0.52955088016415
O           -1.36284257129259       -0.13542422499584       -0.67211386407000
C           -0.63480723482835        0.03266999965201        0.38942567817555
O           -0.99072261224313        0.23947201385951        1.51879580169298
C            0.87198220700868       -0.07931913175878        0.00688167802164
F            1.20630121006106        0.81155743904540       -0.93708588063588
F            1.66218747659357        0.13890486677521        1.05843944497311
F            1.17146727316474       -1.29224891345933       -0.47585513121708
H           -3.10216355734205       -0.57570041542655        0.38395310778864
H           -3.19547774539882       -0.55552648124488       -1.41367777401424
H           -3.10054506533833        0.97677389361072       -0.49029192140456
11
 energy: -30.282178591768 gnorm: 0.003136323199 xtb: 6.7.1 (edcfbbe)
C           -2.79588247583433       -0.06117699923966       -0.53097469048771
O           -1.36262224904114       -0.12289560041098       -0.67175863697841
C           -0.63528648967178        0.02204398361096        0.39316901834196
O           -0.98946718736829        0.19876868492529        1.52811472710573
C            0.87213386474016       -0.07737477522242        0.00651883734526
F            1.19730629851152        0.80536285776626       -0.94836921226103
F            1.66400749942502        0.15833705895705        1.05351839720794
F            1.18047705094685       -1.29285545423895       -0.46438790822519
H           -3.10095017956795       -0.55708763622209        0.38958277584137
H           -3.19335978503940       -0.56285439956804       -1.40854802010354
H           -3.10627301011093        0.98292107268943       -0.50794502864036
11
 energy: -30.282193791416 gnorm: 0.001717952590 xtb: 6.7.1 (edcfbbe)
C           -2.79676028142529       -0.05541734761629       -0.53203664182861
O           -1.36219504321294       -0.11006005761182       -0.67078690373705
C           -0.63598861130267        0.01382256850207        0.39604552738388
O           -0.98744944804822        0.16102852851716        1.53530593864983
C            0.87216510109357       -0.07505643803783        0.00617490993752
F            1.19098852997822        0.80186265576389       -0.95510002847149
F            1.66489535984291        0.17161101304025        1.04959234438508
F            1.18707518829700       -1.29157479528726       -0.45753539693088
H           -3.09977658459823       -0.53649973756107        0.39714789964147
H           -3.19097986296100       -0.57434174491654       -1.40107866662626
H           -3.11189101067360        0.98781414825429       -0.52880872325748
11
 energy: -30.282188073843 gnorm: 0.005833203412 xtb: 6.7.1 (edcfbbe)
C           -2.79786606896399       -0.04061911561625       -0.53478689575962
O           -1.36148564155944       -0.07772024554024       -0.67252683637016
C           -0.63690127259071       -0.00938110805196        0.40234792487072
O           -0.98487712700892        0.07151172781399        1.55120091295809
C            0.87214906593083       -0.07161690359250        0.00565597549876
F            1.16862791345168        0.79197484298323       -0.97441963466525
F            1.66671775907147        0.20967694365868        1.04067492565294
F            1.20665193401280       -1.29345399408056       -0.43552422406332
H           -3.09344921846115       -0.49144879037860        0.41278923572602
H           -3.18709137700536       -0.59543851408592       -1.38473163300511
H           -3.12239262988747        0.99970394993700       -0.57175949169706
11
 energy: -30.282211257567 gnorm: 0.003984724713 xtb: 6.7.1 (edcfbbe)
C           -2.79784698278165       -0.04223475233599       -0.53427623363200
O           -1.36128333300525       -0.08013820783691       -0.67084727199734
C           -0.63707792520369       -0.00765068819397        0.40183706750546
O           -0.98443276182069        0.08080554703548        1.54623741928559
C            0.87201251329738       -0.07146185025127        0.00603591351321
F            1.17042449369346        0.79741792299902       -0.96747481854057
F            1.66683305128292        0.19995079300748        1.04265826132831
F            1.20284845755859       -1.29147394642859       -0.44310577471958
H           -3.09415767744315       -0.48996069813033        0.41372530856659
H           -3.18631021938523       -0.59918600915463       -1.38174223603390
H           -3.12092627920292        0.99712068233658       -0.57412737612974
11
 energy: -30.282219256921 gnorm: 0.002656569793 xtb: 6.7.1 (edcfbbe)
C           -2.79757350615894       -0.04147812995124       -0.53375320732284
O           -1.36146587083127       -0.07657663352207       -0.67038245619363
C           -0.63657154990488       -0.00524020972487        0.40012514659577
O           -0.98488033582811        0.07466585628965        1.54652463308952
C            0.87196299788140       -0.07106226861654        0.00541490608936
F            1.17348221600860        0.79897684157188       -0.96442258115901
F            1.66442610790572        0.19606288625586        1.04303646831152
F            1.20244405262086       -1.28942119567774       -0.44634156040722
H           -3.09222922382467       -0.48309157975887        0.41749563153822
H           -3.18529710311886       -0.60638854339834       -1.37685573724032
H           -3.12421444776010        0.99674176957914       -0.58192098415536
11
 energy: -30.282227586378 gnorm: 0.001702792844 xtb: 6.7.1 (edcfbbe)
C           -2.79750253871882       -0.03800248343852       -0.53411779854786
O           -1.36159129796919       -0.06996436209838       -0.67003379954498
C           -0.63629350887603       -0.01124593913405        0.40173346894398
O           -0.98482144234603        0.05601815870842        1.54905554837137
C            0.87203174648604       -0.07059888853755        0.00538997633464
F            1.16845042924211        0.79826188536724       -0.96748548150796
F            1.66509333718562        0.20263947397273        1.04152944902035
F            1.20693716623684       -1.28919976036026       -0.44346441615740
H           -3.09114879553168       -0.47123232979696        0.42121416387468
H           -3.18374742418929       -0.61217580377276       -1.37175618008973
H           -3.12732433452982        0.99868884213697       -0.59314467155107
11
 energy: -30.282234067145 gnorm: 0.000644733323 xtb: 6.7.1 (edcfbbe)
C           -2.79728258345194       -0.03786841002861       -0.53397283893462
O           -1.36182965383019       -0.06857598562024       -0.67018774384066
C           -0.63592473620914       -0.01217834262153        0.40162619066217
O           -0.98501043109837        0.05608579868452        1.54866044256424
C            0.87206947580963       -0.07090462805241        0.00541809604451
F            1.16897915565639        0.80099902611088       -0.96558376314473
F            1.66518814677641        0.19969324649878        1.04290552845388
F            1.20642014207396       -1.28866027664415       -0.44664922296024
H           -3.09088774621863       -0.46713088268282        0.42282137834401
H           -3.18294863317196       -0.61552869960363       -1.36871481542435
H           -3.12868979934641        0.99725794700611       -0.59740299261820
11
 energy: -30.282243181282 gnorm: 0.001204473171 xtb: 6.7.1 (edcfbbe)
C           -2.79695919021466       -0.03792151210459       -0.53382771365913
O           -1.36221121292956       -0.06452142641853       -0.67038941681598
C           -0.63533129189530       -0.01128334480925        0.40148294877903
O           -0.98556332852655        0.05530594741867        1.54826952871889
C            0.87189239963905       -0.07155152745367        0.00548456092288
F            1.17121802923683        0.80820919885800       -0.95911555651137
F            1.66545072652443        0.18996519545750        1.04587033366676
F            1.20396022580894       -1.28647850283627       -0.45613721784945
H           -3.08891881302356       -0.45619378953561        0.42832088824774
H           -3.18119000088027       -0.62711890994483       -1.36099068340021
H           -3.13226420674960        0.99477746441543       -0.61004741295315
11
 energy: -30.282250844508 gnorm: 0.001516077720 xtb: 6.7.1 (edcfbbe)
C           -2.79684210393354       -0.03749581792187       -0.53384195901143
O           -1.36230448047788       -0.06390873313502       -0.67013607938202
C           -0.63506680584081       -0.01325835278559        0.40181096550176
O           -0.98572758478799        0.05264161461762        1.54856787600697
C            0.87175722988626       -0.07157513385214        0.00555910074503
F            1.17149338670119        0.81428171649618       -0.95371228303495
F            1.66550800036268        0.18357929956751        1.04745465448372
F            1.20369193690335       -1.28338079554643       -0.46359171605503
H           -3.08819383594569       -0.44498222766480        0.43334879560270
H           -3.18095972212914       -0.63689933029165       -1.35411074317998
H           -3.13327268374867        0.99418655356305       -0.62242835253076
11
 energy: -30.282263218471 gnorm: 0.001497490440 xtb: 6.7.1 (edcfbbe)
C           -2.79684393962924       -0.03701676419155       -0.53396489844341
O           -1.36221791440571       -0.06379737063522       -0.66939631967110
C           -0.63488186910395       -0.01570311355302        0.40259204931596
O           -0.98544081571838        0.04730518903338        1.54963578418636
C            0.87164345889102       -0.07137693650649        0.00567975772615
F            1.17106811980397        0.82313208489855       -0.94549947651750
F            1.66570195189335        0.17455003912315        1.04921482629293
F            1.20374506417643       -1.27835866727569       -0.47458138199246
H           -3.08800822562689       -0.42741877437216        0.44063462462540
H           -3.18116569192654       -0.65141944622708       -1.34360766183420
H           -3.13351680136430        0.99329255275300       -0.64178704454213
11
 energy: -30.282278282028 gnorm: 0.001439457446 xtb: 6.7.1 (edcfbbe)
C           -2.79705896535206       -0.03622555078326       -0.53423173674285
O           -1.36206596887108       -0.06438777494383       -0.66808068041198
C           -0.63495806753307       -0.01915620363269        0.40392996143936
O           -0.98455164066958        0.03946202894038        1.55159027663978
C            0.87158097684472       -0.07075582577605        0.00575585238859
F            1.16992193436059        0.83444015683890       -0.93520518642260
F            1.66607041927943        0.16352261002040        1.05113712461754
F            1.20390948751978       -1.27174440027557       -0.48845134080730
H           -3.08826780627791       -0.40409254306706        0.44937921809297
H           -3.18134351413531       -0.66977694867308       -1.32970325142996
H           -3.13315351817576        0.99190324439873       -0.66719997821753
11
 energy: -30.282293979560 gnorm: 0.001594489761 xtb: 6.7.1 (edcfbbe)
C           -2.79739025107418       -0.03548905816821       -0.53458810987643
O           -1.36184563685105       -0.06422704980706       -0.66649271423500
C           -0.63513241476070       -0.02237412671926        0.40551990124361
O           -0.98319100089719        0.03097142739574        1.55394243734727
C            0.87157546860026       -0.06992948056519        0.00583147865624
F            1.16914153926581        0.84715363611593       -0.92338371725723
F            1.66678585581545        0.15040786884270        1.05328338931571
F            1.20334883939860       -1.26434722825024       -0.50428014050590
H           -3.08868044257114       -0.37781011149882        0.45842034890626
H           -3.18129120960361       -0.69026562540593       -1.31351872567565
H           -3.13323741033249        0.98909854110720       -0.69581388877287
11
 energy: -30.282311363073 gnorm: 0.001889659477 xtb: 6.7.1 (edcfbbe)
C           -2.79776020972136       -0.03477442137461       -0.53495538837424
O           -1.36163949814823       -0.06265208024503       -0.66475280921894
C           -0.63537460530691       -0.02503393080614        0.40725018950711
O           -0.98156402071902        0.02231373694763        1.55652189618216
C            0.87152496190601       -0.06893662687582        0.00586225540146
F            1.16941675483353        0.86182050095923       -0.90923878581991
F            1.66777712261614        0.13382847582611        1.05583271395125
F            1.20124657872161       -1.25586704227167       -0.52300314610309
H           -3.08864101011392       -0.34786756438169        0.46786552661013
H           -3.18034974697874       -0.71381718761336       -1.29406510433585
H           -3.13455299009936        0.98417493288223       -0.72839708865407
11
 energy: -30.282331052290 gnorm: 0.003675751080 xtb: 6.7.1 (edcfbbe)
C           -2.79833115535595       -0.03387973133020       -0.53551243534363
O           -1.36132739826896       -0.05756457854756       -0.66189739447243
C           -0.63562844308058       -0.02823493598239        0.41006538756878
O           -0.97877101864066        0.00865979736020        1.56066873435520
C            0.87142302331294       -0.06715065271153        0.00589577676384
F            1.17229761341805        0.88965804778237       -0.88131086628932
F            1.66984988561106        0.09973613882852        1.06088582433072
F            1.19490080146655       -1.23977063767237       -0.55934309270468
H           -3.08790877992749       -0.29225195636216        0.48442743881946
H           -3.17739502729581       -0.75812225301035       -1.25616776421038
H           -3.13902616424940        0.97210955469232       -0.78879134967156
11
 energy: -30.282348299798 gnorm: 0.002340671710 xtb: 6.7.1 (edcfbbe)
C           -2.79838430099777       -0.03424527692698       -0.53557862083164
O           -1.36120929466126       -0.05454887655529       -0.66160240337678
C           -0.63568155672662       -0.02656479249159        0.41032020429638
O           -0.97830032440108        0.00907894667098        1.56105654091779
C            0.87135575162666       -0.06675589179506        0.00588457497155
F            1.17527791298639        0.89443817472103       -0.87482991394480
F            1.67053367667689        0.09053455175386        1.06151806185213
F            1.19104807981561       -1.23645090875078       -0.56678029151643
H           -3.08702641952871       -0.28339734510788        0.48529531162418
H           -3.17579755495180       -0.76561554271944       -1.24794994236881
H           -3.14173263284857        0.96671575424802       -0.79841326247757
11
 energy: -30.282369285170 gnorm: 0.002044514793 xtb: 6.7.1 (edcfbbe)
C           -2.79856438243761       -0.03444278209561       -0.53552373023754
O           -1.36125589607269       -0.04952244863463       -0.66045470066690
C           -0.63568462456875       -0.02660709680147        0.41137271888832
O           -0.97717866298170        0.00460562591045        1.56247097107345
C            0.87123564964675       -0.06556979344534        0.00567996059635
F            1.18103836049985        0.91408955584666       -0.85283502582872
F            1.67154507288378        0.06235212350360        1.06486059214644
F            1.18344545602225       -1.22418006700016       -0.59388358287366
H           -3.08641845436526       -0.24538535165714        0.49406908350848
H           -3.17158849199108       -0.79505025786077       -1.21858619623938
H           -3.14649068964579        0.95289928528125       -0.83824983122085
11
 energy: -30.282384552137 gnorm: 0.001867228864 xtb: 6.7.1 (edcfbbe)
C           -2.79860504437686       -0.03443843028494       -0.53524468601250
O           -1.36165364020413       -0.04643503050849       -0.65989146481923
C           -0.63536771175658       -0.02768556417925        0.41182831113542
O           -0.97688016753175        0.00123134124692        1.56289831778897
C            0.87122832989364       -0.06482088039238        0.00545873506573
F            1.18636591913654        0.93262558938269       -0.83151105425906
F            1.67166477992461        0.03606916236032        1.06792217724185
F            1.17768508574142       -1.21188817039390       -0.61953406083841
H           -3.08643672609601       -0.20880785609172        0.50150613745736
H           -3.16787112867112       -0.82160076148437       -1.18940337622644
H           -3.15004635907000        0.93893939339198       -0.87510877738770
11
 energy: -30.282389753958 gnorm: 0.002563271909 xtb: 6.7.1 (edcfbbe)
C           -2.79831221116636       -0.03432347718879       -0.53465650297461
O           -1.36250011702349       -0.04590747966751       -0.66063992366644
C           -0.63449729140855       -0.02932071360138        0.41098673619298
O           -0.97818305651256        0.00110307529556        1.56132711695441
C            0.87137756020806       -0.06495868153326        0.00535313781428
F            1.19119642603006        0.94685714394017       -0.81274315543196
F            1.67043944846822        0.01448873492065        1.06989151930845
F            1.17468621287756       -1.20036385729294       -0.64012173985671
H           -3.08666944921930       -0.17882887975239        0.50444825905495
H           -3.16545068290602       -0.83977342580785       -1.16239524486142
H           -3.15200350235787        0.92421635373459       -0.90252994338792
11
 energy: -30.282362273772 gnorm: 0.006890110757 xtb: 6.7.1 (edcfbbe)
C           -2.79820639027689       -0.03338757261653       -0.53457237653778
O           -1.36313906230159       -0.04180119918427       -0.65973145449189
C           -0.63345106139127       -0.03351767459209        0.41179366050429
O           -0.97811151706055       -0.00862429581929        1.56213356491394
C            0.87146890604468       -0.06416894637127        0.00558031051533
F            1.19855162428579        0.98248649564053       -0.77009543815879
F            1.67053441493265       -0.03510681797620        1.07517748811850
F            1.16749191443851       -1.17443883696575       -0.68962329722682
H           -3.08539761045650       -0.10380425162231        0.51768133086405
H           -3.16210547469307       -0.89157967266090       -1.10204416140566
H           -3.15755240653202        0.89713156521493       -0.97737936794918
11
 energy: -30.282402084844 gnorm: 0.001152084273 xtb: 6.7.1 (edcfbbe)
C           -2.79826757736741       -0.03377627923049       -0.53502601566936
O           -1.36229021521749       -0.04562581206313       -0.66020089267970
C           -0.63433025495662       -0.03102768475865        0.41149364639836
O           -0.97797979766169       -0.00351720929033        1.56211232682876
C            0.87135373362644       -0.06487348185918        0.00573573619544
F            1.19057050507451        0.95336659804923       -0.80465301372887
F            1.67085251710739        0.00629903318731        1.07051619503644
F            1.17496727006314       -1.19476982008575       -0.64900247369212
H           -3.08559769018877       -0.16261625793704        0.50710925720904
H           -3.16682523090115       -0.85029203906150       -1.15017625168492
H           -3.15236992258860        0.92002174609637       -0.91898825506707
11
 energy: -30.282406792048 gnorm: 0.000853205638 xtb: 6.7.1 (edcfbbe)
C           -2.79819982854431       -0.03364233831537       -0.53522057115166
O           -1.36209524651626       -0.04641570727584       -0.65997874642075
C           -0.63435429002007       -0.03278745031286        0.41175762579471
O           -0.97799594281331       -0.00692079982510        1.56248414967290
C            0.87125388393478       -0.06470481505777        0.00589961046563
F            1.18986997026714        0.95859591955521       -0.79835309864752
F            1.67088486277386        0.00026489083838        1.07092447046489
F            1.17536391401765       -1.19021195820793       -0.65582328268719
H           -3.08532776006844       -0.14955210742169        0.50919765238248
H           -3.16787932637419       -0.85781963520125       -1.14066936924235
H           -3.15143689966712        0.91638279427106       -0.93129818148513
11
 energy: -30.282410000257 gnorm: 0.002070765399 xtb: 6.7.1 (edcfbbe)
C           -2.79817632960105       -0.03337148330106       -0.53545672670535
O           -1.36180194418794       -0.04820402797076       -0.65932595791936
C           -0.63438332021873       -0.03642310101277        0.41243623620835
O           -0.97787425465694       -0.01318475860205        1.56333328245808
C            0.87110723880580       -0.06429883656047        0.00615454534615
F            1.18956464647765        0.97324263914108       -0.78037785609544
F            1.67117433987684       -0.01814366224926        1.07217127331374
F            1.17470677875840       -1.17800392180906       -0.67542754273227
H           -3.08489459143183       -0.11546130893380        0.51324431039661
H           -3.16932785283721       -0.87792762320589       -1.11421317089082
H           -3.15001137399524        0.90496487755089       -0.96361813423369
11
 energy: -30.282412460607 gnorm: 0.001273681180 xtb: 6.7.1 (edcfbbe)
C           -2.79821721060120       -0.03351710852526       -0.53549455442264
O           -1.36176926987068       -0.04871542290975       -0.65937007124463
C           -0.63447508480739       -0.03621391446765        0.41240542333552
O           -0.97783629571727       -0.01238542813711        1.56331010307713
C            0.87111738782206       -0.06434015729762        0.00612258773205
F            1.18917802823347        0.97132142244026       -0.78261589243825
F            1.67118788379303       -0.01545033182831        1.07184650338519
F            1.17512313475341       -1.17936722751297       -0.67275168967204
H           -3.08505350688441       -0.11952513428816        0.51235011128977
H           -3.16962920563997       -0.87482073643910       -1.11754203480803
H           -3.14954252409132        0.90620283201253       -0.95934022708807
11
 energy: -30.282415829451 gnorm: 0.000287469339 xtb: 6.7.1 (edcfbbe)
C           -2.79838768945996       -0.03377931703006       -0.53562245125650
O           -1.36166906670837       -0.05093664393884       -0.65910625610890
C           -0.63472156922799       -0.03744205520054        0.41270662373779
O           -0.97754094661464       -0.01285563716082        1.56371170569484
C            0.87112458805215       -0.06422328090130        0.00607143728039
F            1.18881226600200        0.97496038328765       -0.77766541520163
F            1.67134058176485       -0.01984438185781        1.07174581777005
F            1.17531417311973       -1.17586846423748       -0.67760306272652
H           -3.08551392160793       -0.11073241691228        0.51196129399295
H           -3.17065395308224       -0.87818322536486       -1.11066250860002
H           -3.14802112524787        0.90209383236317       -0.96661692543646
11
 energy: -30.282418599533 gnorm: 0.000274590901 xtb: 6.7.1 (edcfbbe)
C           -2.79850786108404       -0.03371122237125       -0.53567794681310
O           -1.36168146570751       -0.05228050413865       -0.65874200761677
C           -0.63481690584532       -0.03920110290299        0.41308054732895
O           -0.97721621445713       -0.01493233709023        1.56419407492099
C            0.87113604641012       -0.06398068218784        0.00606640076498
F            1.18949400229087        0.98332280818631       -0.76686846018600
F            1.67145281474825       -0.03103800075847        1.07230189544089
F            1.17448503542570       -1.16876237126369       -0.68912341204590
H           -3.08565131681934       -0.09172586531451        0.51313044448015
H           -3.17114205949148       -0.88877968469196       -1.09512300970195
H           -3.14746873848038        0.89427775558011       -0.98431826742624
11
 energy: -30.282418907011 gnorm: 0.001577699341 xtb: 6.7.1 (edcfbbe)
C           -2.79863075442102       -0.03363557039838       -0.53575568965809
O           -1.36179121243427       -0.05375236287774       -0.65828348248475
C           -0.63488896757250       -0.04207928730539        0.41353165850253
O           -0.97672464408728       -0.01888458916200        1.56481544590842
C            0.87116849670599       -0.06345294900568        0.00606250717593
F            1.19174115130286        0.99937196124515       -0.74550561646082
F            1.67145109994538       -0.05360174557391        1.07336451991538
F            1.17230787715894       -1.15473497043810       -0.71165996427984
H           -3.08558008230770       -0.05465100724467        0.51537086712172
H           -3.17167436156631       -0.90946314163975       -1.06421647180989
H           -3.14729526573434        0.87807245544733       -1.01880351478459
11
 energy: -30.282420857512 gnorm: 0.000416172914 xtb: 6.7.1 (edcfbbe)
C           -2.79857476213095       -0.03351915968635       -0.53563101012965
O           -1.36183666043892       -0.05255681077939       -0.65853990801373
C           -0.63482442482739       -0.04045989570245        0.41324843678681
O           -0.97687945547971       -0.01679841425964        1.56445824487603
C            0.87118709821499       -0.06368560264529        0.00603063909919
F            1.19128094043926        0.99201511028202       -0.75480998293281
F            1.67136152444519       -0.04398253024868        1.07279569741924
F            1.17294190355541       -1.16092735221447       -0.70165937552923
H           -3.08549002952921       -0.07148761671658        0.51377681878123
H           -3.17108414316395       -0.90015912161562       -1.07745475297500
H           -3.14799865409498        0.88475018663329       -1.00329454823609
11
 energy: -30.282421652172 gnorm: 0.000235648253 xtb: 6.7.1 (edcfbbe)
C           -2.79854947217524       -0.03366631833850       -0.53566738116269
O           -1.36184726139778       -0.05248679796277       -0.65859065446205
C           -0.63482177291425       -0.04092109291823        0.41319257198504
O           -0.97692286286124       -0.01772450673894        1.56440392687213
C            0.87117909711479       -0.06350880419601        0.00601091311067
F            1.19211431316473        0.99528543627837       -0.75019307636566
F            1.67119532968268       -0.04895874972878        1.07294308104908
F            1.17232459404359       -1.15781581591725       -0.70638908107064
H           -3.08551136868934       -0.06334948933567        0.51435781244383
H           -3.17099087452907       -0.90442040063971       -1.07070026026220
H           -3.14808638444913        0.88075533254432       -1.01044759299150
11
 energy: -30.282421830354 gnorm: 0.000122304061 xtb: 6.7.1 (edcfbbe)
C           -2.79850934545764       -0.03365955409343       -0.53569240812443
O           -1.36181228448636       -0.05162401701716       -0.65864219305266
C           -0.63479169169316       -0.04036956637610        0.41312080596303
O           -0.97702053216089       -0.01781657894296        1.56430795917894
C            0.87116500658941       -0.06346046970974        0.00605122770605
F            1.19267245761007        0.99526730919660       -0.74988807058030
F            1.67112276745959       -0.04970189172113        1.07289056866278
F            1.17184174512031       -1.15766036522727       -0.70662104802103
H           -3.08545142977869       -0.06322529490594        0.51419136420847
H           -3.17040735287542       -0.90484757502692       -1.07007752437547
H           -3.14872600333747        0.88028679687088       -1.01072042241938
11
 energy: -30.282421957664 gnorm: 0.000106789416 xtb: 6.7.1 (edcfbbe)
C           -2.79849169032418       -0.03357288576082       -0.53569403366834
O           -1.36180476896593       -0.05074393710046       -0.65870232290495
C           -0.63476064598283       -0.04026017927427        0.41305672833885
O           -0.97712276857236       -0.01822149629390        1.56423401114467
C            0.87116002056907       -0.06334042178426        0.00609044978807
F            1.19314949688403        0.99544021209179       -0.74949637208194
F            1.67104661570740       -0.05043565297959        1.07286875306628
F            1.17138860612086       -1.15738627904187       -0.70698043953252
H           -3.08533762819579       -0.06245789358631        0.51421923915217
H           -3.16980632138021       -0.90552818980444       -1.06918119690249
H           -3.14933757887033        0.87969551658095       -1.01149455725379
11
 energy: -30.282422095648 gnorm: 0.000114487987 xtb: 6.7.1 (edcfbbe)
C           -2.79848945048961       -0.03346736495045       -0.53568340580127
O           -1.36180106250776       -0.04978352680391       -0.65874331203662
C           -0.63471942685344       -0.04022396948957        0.41302321860531
O           -0.97717968206620       -0.01909274495475        1.56420467043969
C            0.87117630451438       -0.06323994627369        0.00612151765229
F            1.19346764730649        0.99578672667082       -0.74894508096045
F            1.67101144894125       -0.05116776344614        1.07288972463185
F            1.17107616476459       -1.15704902672520       -0.70754434880507
H           -3.08525281593713       -0.06101274338485        0.51432595865899
H           -3.16933216362058       -0.90645081811194       -1.06790718769763
H           -3.14987362706224        0.87888997051652       -1.01282149554109
11
 energy: -30.282422358931 gnorm: 0.000166496619 xtb: 6.7.1 (edcfbbe)
C           -2.79848516921653       -0.03308035829991       -0.53567001649649
O           -1.36179634757695       -0.04841407280598       -0.65876998289538
C           -0.63467840546169       -0.04081162441769        0.41302392577006
O           -0.97723447701438       -0.02153184792637        1.56422046322722
C            0.87119723640190       -0.06304840602774        0.00614982947236
F            1.19354812298193        0.99670029690752       -0.74783213119081
F            1.67099391732719       -0.05218112252595        1.07293326206199
F            1.17100671067905       -1.15622664978380       -0.70871988117904
H           -3.08515256278780       -0.05722741455976        0.51448794878386
H           -3.16875087832781       -0.90827284770874       -1.06479215488353
H           -3.15056481001516        0.87728284019526       -1.01611100352424
11
 energy: -30.282422794887 gnorm: 0.000265718579 xtb: 6.7.1 (edcfbbe)
C           -2.79848095860514       -0.03225432350329       -0.53566353780369
O           -1.36179166851412       -0.04611836465875       -0.65877243659392
C           -0.63466492426604       -0.04220697596992        0.41307475592658
O           -0.97728771516728       -0.02703758416606        1.56432831345842
C            0.87120235464062       -0.06272407385790        0.00616586590271
F            1.19322025274226        0.99871904401248       -0.74550049867121
F            1.67099656176224       -0.05398583753830        1.07297827587490
F            1.17132906418133       -1.15437021684878       -0.71117318759839
H           -3.08502058287901       -0.04882938622048        0.51475702579074
H           -3.16797458278830       -0.91199159633230       -1.05802764478884
H           -3.15144446411680        0.87398810813012       -1.02324667235129
11
 energy: -30.282423099077 gnorm: 0.000242643125 xtb: 6.7.1 (edcfbbe)
C           -2.79847908351878       -0.03154690112906       -0.53567913498674
O           -1.36177443334275       -0.04478360146513       -0.65872112753603
C           -0.63469024407838       -0.04357282752129        0.41314952176194
O           -0.97724581493740       -0.03151230976690        1.56444618049722
C            0.87120149901390       -0.06253266888318        0.00614669446713
F            1.19262194034333        1.00039659545450       -0.74366915286577
F            1.67104238591338       -0.05518388288039        1.07298934059902
F            1.17191790245480       -1.15279626971625       -0.71307262389691
H           -3.08503252932787       -0.04198442393358        0.51481472074867
H           -3.16765308292790       -0.91471601462107       -1.05250739607624
H           -3.15182520260258        0.87142109750919       -1.02897676356629
11
 energy: -30.282423261799 gnorm: 0.000113870369 xtb: 6.7.1 (edcfbbe)
C           -2.79848632919754       -0.03127339005517       -0.53570123899342
O           -1.36177093379675       -0.04470628334028       -0.65866965267616
C           -0.63475000479430       -0.04423439272246        0.41319829695808
O           -0.97719253301805       -0.03321315315942        1.56451681197379
C            0.87118236495777       -0.06253697100843        0.00610406918106
F            1.19211285431118        1.00108095600394       -0.74298335045217
F            1.67106517253597       -0.05546123192948        1.07296945179744
F            1.17242069679350       -1.15211767086075       -0.71376406112572
H           -3.08507442245069       -0.03930557256315        0.51473157297096
H           -3.16778974802166       -0.91557068075725       -1.05036069623934
H           -3.15163378032966        0.87052718343928       -1.03112094424852
11
 energy: -30.282423348747 gnorm: 0.000022012282 xtb: 6.7.1 (edcfbbe)
C           -2.79850156501167       -0.03106256959283       -0.53572651140153
O           -1.36176328476273       -0.04479435193031       -0.65863369544843
C           -0.63479296812995       -0.04479679267432        0.41323209831627
O           -0.97714323278694       -0.03446485823732        1.56457740510286
C            0.87117435054466       -0.06256372847577        0.00607118878757
F            1.19166580855008        1.00163825768187       -0.74242267542678
F            1.67108139266389       -0.05567509976793        1.07295230560915
F            1.17288612754222       -1.15154405766869       -0.71431729412235
H           -3.08510922798650       -0.03721853081581        0.51468170244249
H           -3.16798175091920       -0.91623084552241       -1.04869715598492
H           -3.15143231271414        0.86990137005036       -1.03279710872833
