----------------------------------------------- 
  Element       SASA      Sigma Z        Total  
     Z         Ang**2 cal/Ang**2/mol   kcal/mol 
----------------------------------------------- 
      H        115.817      48.690       5.639
      C         65.584     129.740       8.509
      O         15.389       0.000       0.000

 Subtotal:     196.789                  14.148
 -----------------------------------------------

  Elements    COT*SASA   Sigma Z,Z'     Total   
    Z,Z'       Ang**2  cal/Ang**2/mol kcal/mol  
 ---------------------------------------------- 
  H   C         70.141     -60.770      -4.262
  H   O          8.534       0.000       0.000
  C   C         84.481     -72.950      -6.163
  O   C          3.292      68.690       0.226

 Subtotal:                             -10.199
 ---------------------------------------------- 

 NONAQUEOUS SOLVENT CONTRIBUTION (kcal/mol):
 (proportional to SASA, atomic number independent)
 ---------------------------------------------- 
 Subtotal:                               0.000
 ---------------------------------------------- 

 CDS TOTAL (kcal/mol):                   3.949
...............................................................................
