24
 energy: -25.315946621368 gnorm: 0.021344014876 xtb: 6.7.1 (edcfbbe)
C            2.36098226758649       -0.65410004604619        0.17426357953859
C            0.86983854861872       -0.50373159519320        0.46566417405707
H            0.69111459546410       -0.85141522985690        1.49499402248588
C            0.03078549243959       -1.39484524690989       -0.45959353685404
C           -1.46243654421976       -1.30196592330082       -0.14069263307527
C           -1.94732209650137        0.14804542235236       -0.18941805621759
C           -1.10997254323857        1.02977542538852        0.74012343225481
C            0.39332507238688        0.96624734272485        0.42042486147811
H            0.92635623501474        1.50441340522974        1.21746392430836
C            0.72162322123271        1.67249933871126       -0.89831600649316
H            2.96022743951147        0.02061693771355        0.79664856578357
H            2.69289472672600       -1.67889801871823        0.37441310449001
H            2.58805850225157       -0.43453096715589       -0.87484885692780
H            0.20064191271124       -1.10052017510821       -1.50455039489856
H            0.37360800616203       -2.43346136317241       -0.36886477343053
H           -2.03935622471586       -1.92261317764272       -0.83677717111478
H           -1.63986377793881       -1.70362274839901        0.86724779089101
H           -1.88128970374636        0.52066567582126       -1.22025984382027
H           -3.00444876313443        0.20477504380987        0.09655548981330
H           -1.45382391275390        2.07056521676466        0.69124934072433
H           -1.26436790087380        0.69096824456743        1.77425455314700
H            1.80216807761108        1.76447471569048       -1.04451412776393
H            0.30208053312477        2.68470840597702       -0.89854736780339
H            0.31334011346400        1.14642170242035       -1.76669761232582
24
 energy: -25.316724548535 gnorm: 0.006845903045 xtb: 6.7.1 (edcfbbe)
C            2.35119283066744       -0.65385725182448        0.17175427732176
C            0.86287498365244       -0.50468385284206        0.46880691913110
H            0.68861721961854       -0.85306095445383        1.49638039147786
C            0.03241261312516       -1.38799658757909       -0.46607549582807
C           -1.45359445245103       -1.29841689276775       -0.13315696151513
C           -1.93411685053821        0.14790593367518       -0.19472808476614
C           -1.10281287128569        1.02407237393146        0.73759430639878
C            0.39613111567371        0.96377560541652        0.41643886270538
H            0.92600350775696        1.50503810736200        1.21125148229228
C            0.71684966375932        1.67087574672679       -0.89898755380921
H            2.93924974200388        0.01956879804947        0.79533991567397
H            2.67591433564194       -1.67430074720989        0.37448869396796
H            2.56996223544131       -0.43506586659728       -0.87277661601074
H            0.19723193331659       -1.08953603763890       -1.50569056072221
H            0.36749188338785       -2.42477455607366       -0.36964847866774
H           -2.02717435608712       -1.91206556533060       -0.83277756349689
H           -1.62619505233188       -1.69517144715284        0.87319564649194
H           -1.86143801419823        0.51873305276796       -1.22081307479967
H           -2.98644221414872        0.20086997422271        0.09759213059809
H           -1.44767726259184        2.06000269609989        0.67827961969052
H           -1.25636106755216        0.68563280519040        1.76780044362668
H            1.79293794380125        1.76026337664017       -1.03624399168742
H            0.29611140314579        2.67657413440478       -0.89196279480543
H            0.30699400737522        1.14008954065093       -1.75583905502079
24
 energy: -25.316785152724 gnorm: 0.001643679092 xtb: 6.7.1 (edcfbbe)
C            2.35225312406599       -0.65371952969872        0.17153874761068
C            0.86258694129450       -0.50380023370775        0.46693584420558
H            0.68796192779018       -0.85286719919795        1.49272895570536
C            0.03260044581148       -1.38651581837126       -0.46686959073670
C           -1.45285278127603       -1.29786523158814       -0.13379827306998
C           -1.93193461153155        0.14812958711793       -0.19497920706953
C           -1.10273547641095        1.02486232907808        0.73781126563115
C            0.39561392450148        0.96270152220084        0.41723013836834
H            0.92615982078220        1.50420779758366        1.21101168868950
C            0.71562576320550        1.66768660344113       -0.89922574114245
H            2.93631455966003        0.01986648720979        0.79486876406999
H            2.67357835081740       -1.67298223883924        0.37476551305831
H            2.56566393730119       -0.43556040455372       -0.87148302456926
H            0.19496942178900       -1.08373529729996       -1.50274143994050
H            0.36822971926243       -2.42187738316623       -0.37200487670335
H           -2.02696765381106       -1.91157866444615       -0.83137408920917
H           -1.62063907280416       -1.69014517529979        0.87256598604663
H           -1.85360764922923        0.51696528725103       -1.21876961252155
H           -2.98340565975424        0.20184425775389        0.09579928943147
H           -1.44705640271821        2.05956725504404        0.67613382784660
H           -1.25622883633357        0.68573826973986        1.76577570181013
H            1.78977949932635        1.75739510669190       -1.03490623044214
H            0.29346706789111        2.67035578658583       -0.88897589156530
H            0.30478691755270        1.13579927213877       -1.75181528725693
24
 energy: -25.316790674898 gnorm: 0.000538416641 xtb: 6.7.1 (edcfbbe)
C            2.35262076018726       -0.65367806720511        0.17165515504139
C            0.86174565481590       -0.50454150104842        0.46813156330225
H            0.68691379771341       -0.85490571166617        1.49351468424322
C            0.03280999785639       -1.38600893899274       -0.46816980287705
C           -1.45276048212722       -1.29798331831654       -0.13239541855815
C           -1.93210349928736        0.14841561257251       -0.19599291037977
C           -1.10283589008779        1.02451152731253        0.73853650406826
C            0.39584626952153        0.96197634841955        0.41800514267235
H            0.92695269955608        1.50342638596769        1.21156873651130
C            0.71541796578253        1.66766322961781       -0.89956646246755
H            2.93583791419436        0.02062318724944        0.79468278513691
H            2.67349045253943       -1.67279313472252        0.37557980802070
H            2.56484190283180       -0.43594368651649       -0.87160157086087
H            0.19390632067387       -1.08064244480659       -1.50329898358770
H            0.36950160234981       -2.42112741867871       -0.37590372390846
H           -2.02774201542084       -1.91281624503602       -0.82799919807197
H           -1.61840057489504       -1.68851025462117        0.87478625312894
H           -1.85075767218832        0.51659922726974       -1.21955133029768
H           -2.98409062173782        0.20322710527515        0.09227382191091
H           -1.44634763170410        2.05931211207249        0.67648690265231
H           -1.25705321028504        0.68557002129665        1.76627332958721
H            1.78941110484887        1.75765469117770       -1.03568053296731
H            0.29228040590580        2.66992289314013       -0.88988170762153
H            0.30467802613901        1.13452076590693       -1.75123058643081
24
 energy: -25.316791820570 gnorm: 0.000348624779 xtb: 6.7.1 (edcfbbe)
C            2.35309088138060       -0.65398931465871        0.17181996625057
C            0.86182085222754       -0.50456446893644        0.46741029419699
H            0.68700104073339       -0.85542541110075        1.49260799502579
C            0.03238587829276       -1.38578507367781       -0.46878976859809
C           -1.45299429733730       -1.29833944870771       -0.13164459395926
C           -1.93181773565500        0.14827188561268       -0.19634422090198
C           -1.10319085939378        1.02486508333535        0.73851731644134
C            0.39563922434460        0.96184802163823        0.41830469814566
H            0.92673121828906        1.50336940830902        1.21183899338142
C            0.71546011939164        1.66767470975255       -0.89932278097315
H            2.93608627560985        0.02106842442633        0.79442763886621
H            2.67428540139250       -1.67295450532419        0.37661855903435
H            2.56537057478348       -0.43688700442087       -0.87165003596381
H            0.19229936210360       -1.07916504781081       -1.50384810751050
H            0.36935327415553       -2.42103178391619       -0.37815179844599
H           -2.02884388113842       -1.91438733029100       -0.82557804338176
H           -1.61720582644304       -1.68732824235058        0.87648497790085
H           -1.84918962964591        0.51598014001942       -1.22008490682492
H           -2.98414625873353        0.20360757958552        0.09067063756301
H           -1.44676884777015        2.05977226028298        0.67670014681772
H           -1.25784711388013        0.68553796069953        1.76615594319253
H            1.78961254840072        1.75839582365835       -1.03484277224738
H            0.29155866134206        2.66973374079707       -0.88971224680920
H            0.30547241473246        1.13420497874588       -1.75136543295353
24
 energy: -25.316792262958 gnorm: 0.000152252492 xtb: 6.7.1 (edcfbbe)
C            2.35285060411110       -0.65401798710028        0.17161157794290
C            0.86170882326377       -0.50470276651727        0.46709647840562
H            0.68685159126222       -0.85574860856264        1.49223920861956
C            0.03213147198204       -1.38572822660626       -0.46905805158469
C           -1.45291145945847       -1.29828136846029       -0.13103322510223
C           -1.93191630620023        0.14807099968153       -0.19654103769363
C           -1.10326855187440        1.02458744925628        0.73816659122375
C            0.39558293351281        0.96173082211609        0.41819571910519
H            0.92649929972833        1.50303240550624        1.21196099829878
C            0.71581490579635        1.66791410483424       -0.89899901751146
H            2.93569102196128        0.02158802474749        0.79379085195702
H            2.67428430532868       -1.67271186298128        0.37732839612245
H            2.56548676561639       -0.43775433315028       -0.87198263502372
H            0.19116830274297       -1.07847046672603       -1.50408417134404
H            0.36944333891388       -2.42094774267835       -0.37928799083497
H           -2.02931614455721       -1.91519854981654       -0.82372093222245
H           -1.61618355177653       -1.68618810354376        0.87768680027582
H           -1.84860606812890        0.51522150038270       -1.22044750658470
H           -2.98440458549899        0.20380114558675        0.08989605677511
H           -1.44686380888820        2.05948523048538        0.67638130668394
H           -1.25805599915014        0.68527063101133        1.76583069710557
H            1.79000537152344        1.75933539526565       -1.03372548446184
H            0.29133512548186        2.66970528719760       -0.88954100243521
H            0.30683589149048        1.13447940573954       -1.75154116946989
24
 energy: -25.316792162695 gnorm: 0.000314759342 xtb: 6.7.1 (edcfbbe)
C            2.35265677902925       -0.65403700466024        0.17146150074112
C            0.86161750049009       -0.50481715912190        0.46682379014514
H            0.68672854332750       -0.85603226471610        1.49191531665581
C            0.03193027360417       -1.38568753060455       -0.46928272013076
C           -1.45282771360177       -1.29819326322710       -0.13054891647874
C           -1.93202949809867        0.14791661625544       -0.19668920175068
C           -1.10331684760226        1.02432344885382        0.73787697819194
C            0.39554897289371        0.96162803669835        0.41809592827114
H            0.92633530683614        1.50276652907612        1.21202500482177
C            0.71608896088721        1.66809715340344       -0.89874678366843
H            2.93534950090572        0.02200623280972        0.79332406403894
H            2.67427936859024       -1.67250563636453        0.37794777152868
H            2.56565133572476       -0.43846135968739       -0.87222311087480
H            0.19020465072271       -1.07787548377042       -1.50428285888846
H            0.36953146981427       -2.42088996919240       -0.38026204416258
H           -2.02971822494479       -1.91584353589751       -0.82217343313484
H           -1.61529961185173       -1.68517896315882        0.87867409369778
H           -1.84811507216371        0.51459743544899       -1.22073430500618
H           -2.98465885535924        0.20398568365593        0.08925432951140
H           -1.44693464588170        2.05921172920191        0.67614185011182
H           -1.25822194104496        0.68499567211907        1.76555888605523
H            1.79030893197853        1.76008958791617       -1.03284380053965
H            0.29114174964099        2.66966881792950       -0.88939295323498
H            0.30791234328608        1.13470761270033       -1.75169692765379
24
 energy: -25.316792376038 gnorm: 0.000077286383 xtb: 6.7.1 (edcfbbe)
C            2.35258056242083       -0.65404518481928        0.17130647789836
C            0.86161310517343       -0.50481964466528        0.46697230840340
H            0.68673578016467       -0.85587658400871        1.49212466763575
C            0.03189048924379       -1.38562990737737       -0.46923073502355
C           -1.45292077341615       -1.29844780096800       -0.13047485671784
C           -1.93179703873493        0.14785259083831       -0.19676973527890
C           -1.10339838847138        1.02455271418897        0.73787696301283
C            0.39546812631500        0.96167416529596        0.41813057938666
H            0.92614506957081        1.50264990341924        1.21226725015454
C            0.71620642107576        1.66818283204046       -0.89865886400315
H            2.93542812474505        0.02205531261984        0.79293786538141
H            2.67426332084612       -1.67252442232060        0.37765843918919
H            2.56515156868646       -0.43846780246139       -0.87244285025307
H            0.19055657633321       -1.07814810782590       -1.50424368985860
H            0.36942682271517       -2.42077420314389       -0.37981694747844
H           -2.02954877626478       -1.91589757324144       -0.82247593261026
H           -1.61568798960815       -1.68576838828582        0.87856015764779
H           -1.84834072740342        0.51464545493243       -1.22079460718346
H           -2.98431489038151        0.20377092751750        0.08943435326333
H           -1.44695364363651        2.05944927743373        0.67597731212047
H           -1.25819197409545        0.68539446023092        1.76559314947918
H            1.79042356487686        1.76015901466202       -1.03264103087350
H            0.29125299687299        2.66975891509452       -0.88945166529600
H            0.30817495015467        1.13472643651162       -1.75161615074925
24
 energy: -25.316792419649 gnorm: 0.000036269087 xtb: 6.7.1 (edcfbbe)
C            2.35259002554160       -0.65401637493860        0.17113174247184
C            0.86164041731479       -0.50479252335238        0.46701266723097
H            0.68688621228346       -0.85579450852935        1.49219664471460
C            0.03191018460494       -1.38578317670149       -0.46906592339956
C           -1.45297337867581       -1.29850271184132       -0.13053330980139
C           -1.93189926475972        0.14782651666442       -0.19674944288520
C           -1.10345209209518        1.02462885549657        0.73781578569707
C            0.39549084500122        0.96174492319361        0.41826988740314
H            0.92611522573093        1.50268823600267        1.21248967399502
C            0.71636424033102        1.66822910971687       -0.89851955091130
H            2.93557764866354        0.02219601495538        0.79251311109137
H            2.67436519109580       -1.67247938247328        0.37748191394255
H            2.56478966296439       -0.43852800097747       -0.87271113068942
H            0.19068010557987       -1.07843473861077       -1.50409245732673
H            0.36942745763709       -2.42092850473421       -0.37947161044933
H           -2.02951575366685       -1.91583310460297       -0.82271755216022
H           -1.61591944489719       -1.68594986572308        0.87840710175676
H           -1.84851124226742        0.51459559591820       -1.22078496558993
H           -2.98440771293062        0.20370973772675        0.08953239078834
H           -1.44700078651419        2.05951324272579        0.67568862082991
H           -1.25836319229451        0.68565541174496        1.76556124043621
H            1.79060406810827        1.76032693998783       -1.03232991060440
H            0.29127426892687        2.66976557264535       -0.88941206109207
H            0.30849059150022        1.13463512137440       -1.75149040720135
