----------------------------------------------- 
  Element       SASA      Sigma Z        Total  
     Z         Ang**2 cal/Ang**2/mol   kcal/mol 
----------------------------------------------- 
      H         97.453      48.690       4.745
      C         18.223     129.740       2.364
      O         17.272       0.000       0.000

 Subtotal:     132.948                   7.109
 -----------------------------------------------

  Elements    COT*SASA   Sigma Z,Z'     Total   
    Z,Z'       Ang**2  cal/Ang**2/mol kcal/mol  
 ---------------------------------------------- 
  H   C         57.039     -60.770      -3.466
  H   O          9.085       0.000       0.000
  C   C         13.773     -72.950      -1.005
  O   C          0.056      68.690       0.004

 Subtotal:                              -4.467
 ---------------------------------------------- 

 NONAQUEOUS SOLVENT CONTRIBUTION (kcal/mol):
 (proportional to SASA, atomic number independent)
 ---------------------------------------------- 
 Subtotal:                               0.000
 ---------------------------------------------- 

 CDS TOTAL (kcal/mol):                   2.642
...............................................................................
