12
 energy: -28.033173808830 gnorm: 0.016990275238 xtb: 6.7.1 (edcfbbe)
C           -1.32230968479967       -1.49169044543644        0.00002740065666
C            0.03841128858000       -1.76642793480369       -0.00000646034767
C            0.96629580516842       -0.73033704782504        0.00000735600981
C            0.52699739032395        0.59480272278953        0.00005291700420
C           -0.83314675287446        0.88664448802866        0.00008271636602
C           -1.73688753446257       -0.16616738737669        0.00007085542581
Cl          -3.45281994896528        0.19897467355253        0.00011680295109
Cl           1.66165384472737        1.91862607055918        0.00006875449735
Cl           2.66725353895776       -1.11469373540853       -0.00004115968483
H           -2.04004049740672       -2.30302648413768        0.00002291452955
H            0.38168877264352       -2.79441864108861       -0.00003989336071
H           -1.16973968375854        1.91599494452247        0.00011422582694
12
 energy: -28.033734784400 gnorm: 0.011144817831 xtb: 6.7.1 (edcfbbe)
C           -1.32123607241553       -1.48883835916465        0.00002953530799
C            0.03572374693397       -1.76386307327591       -0.00000495169899
C            0.95953681013657       -0.72935197646592        0.00000458119864
C            0.52307007709399        0.58960669019938        0.00004937660948
C           -0.83292946636427        0.88022677671707        0.00008353044326
C           -1.73782869330176       -0.16769459149061        0.00007320342403
Cl          -3.44414449902056        0.19687079459168        0.00011433617408
Cl           1.66931138105909        1.89497447754189        0.00006590830141
Cl           2.65910808151447       -1.08971375923388       -0.00003731427729
H           -2.03835757513288       -2.29363561496929        0.00002113290707
H            0.38164420424750       -2.78552762838439       -0.00004018782992
H           -1.16654145661679        1.90522748731034        0.00011727931447
12
 energy: -28.033851439296 gnorm: 0.005818297934 xtb: 6.7.1 (edcfbbe)
C           -1.32011180896737       -1.48761599170572        0.00002796623954
C            0.03519195729043       -1.76406111625975       -0.00000496542200
C            0.95803093220737       -0.72989645673874        0.00000619234100
C            0.52211299913704        0.58916352383302        0.00005071489320
C           -0.83276504529380        0.87844027591297        0.00008374556722
C           -1.73964852470612       -0.16764243726955        0.00007174085919
Cl          -3.43710076097602        0.19541140200595        0.00011522325657
Cl           1.66890125933689        1.88706778649833        0.00006331265718
Cl           2.65398429514130       -1.08256911753663       -0.00003684841654
H           -2.03830784197962       -2.28891788559420        0.00002043933859
H            0.38270896155489       -2.78300349177829       -0.00003941569735
H           -1.16563988461119        1.90190473200832        0.00011832425763
12
 energy: -28.033878002595 gnorm: 0.001791755084 xtb: 6.7.1 (edcfbbe)
C           -1.31965701625468       -1.48732463797682        0.00002889195181
C            0.03535025259058       -1.76446925815508       -0.00000491712297
C            0.95887308122806       -0.73040559077305        0.00000495539627
C            0.52258567166952        0.59014594020500        0.00004928173670
C           -0.83258734291873        0.87841460837394        0.00008410107295
C           -1.74139223531092       -0.16718863955368        0.00007336852105
Cl          -3.43389746459965        0.19459183607014        0.00011415927012
Cl           1.66703983172590        1.88643443041245        0.00006347808659
Cl           2.65228109565981       -1.08284844744008       -0.00003608401074
H           -2.03902088253158       -2.28795026465850        0.00001996749273
H            0.38345818031722       -2.78322658358988       -0.00003950864206
H           -1.16567663344173        1.90210783046127        0.00011873612179
12
 energy: -28.033881080150 gnorm: 0.000706041053 xtb: 6.7.1 (edcfbbe)
C           -1.31963176114017       -1.48735786604984        0.00002766164247
C            0.03551521769039       -1.76439205231701       -0.00000503612176
C            0.96012836382895       -0.73056495181827        0.00000659135495
C            0.52329556374477        0.59098115766212        0.00005116730183
C           -0.83241591054493        0.87857129891010        0.00008367176396
C           -1.74266155864409       -0.16680964259844        0.00007140302854
Cl          -3.43331535222839        0.19440280924181        0.00011569546271
Cl           1.66578950156583        1.88786897167724        0.00006305164928
Cl           2.65250873308521       -1.08479494164985       -0.00003679208657
H           -2.03949024339162       -2.28867822676597        0.00002030729197
H            0.38350636071991       -2.78393434278986       -0.00003949446028
H           -1.16587237655206        1.90298900987366        0.00011820304714
12
 energy: -28.033881538335 gnorm: 0.000105130495 xtb: 6.7.1 (edcfbbe)
C           -1.31969153495965       -1.48735879937037        0.00002900859084
C            0.03543676599783       -1.76418702598545       -0.00000506941470
C            0.95998710833063       -0.73045312947186        0.00000482303302
C            0.52318873537522        0.59074142118900        0.00004925455955
C           -0.83242061352968        0.87840004209636        0.00008403599401
C           -1.74247233992601       -0.16688117899883        0.00007363412843
Cl          -3.43376631095928        0.19462011273081        0.00011408538419
Cl           1.66608286885162        1.88785950106797        0.00006400024184
Cl           2.65279294185255       -1.08462031153698       -0.00003625060364
H           -2.03920998390524       -2.28883660890843        0.00002021687426
H            0.38323490375072       -2.78375268909678       -0.00003964517645
H           -1.16580600274492        1.90274988966027        0.00011833626288
12
 energy: -28.033881552887 gnorm: 0.000031109580 xtb: 6.7.1 (edcfbbe)
C           -1.31969429326862       -1.48734464490450        0.00002788772404
C            0.03541776311613       -1.76415013083225       -0.00000497654774
C            0.95998374699564       -0.73044814850060        0.00000633629231
C            0.52317246393372        0.59071067932257        0.00005091563960
C           -0.83241779100741        0.87833579106530        0.00008364892781
C           -1.74253128518674       -0.16687350187419        0.00007158309799
Cl          -3.43366711875180        0.19465763946805        0.00011548566131
Cl           1.66606303175779        1.88780890540710        0.00006329579048
Cl           2.65277376642804       -1.08454299458794       -0.00003678474403
H           -2.03913805685690       -2.28884227634017        0.00002039560706
H            0.38316947336739       -2.78370454811308       -0.00003955606484
H           -1.16577516239343        1.90267445326541        0.00011819849025
