24
 energy: -43.383499878541 gnorm: 0.057736599754 xtb: 6.7.1 (edcfbbe)
C           -2.54915047501585       -0.92755830909323        0.35833603614391
C           -1.11165450371989       -0.49222094279878        0.58333012066469
H           -0.93102130380536       -0.48583962660419        1.67161268904940
C           -0.79210952579698        0.89181870934770        0.01734693023219
H           -0.99003008379054        0.89556680273047       -1.06596295848986
C            0.67776833300899        1.21591640222103        0.24065575914816
H            0.86198055665605        1.30226961440412        1.32338516531318
C            1.55841297590038        0.10937874699532       -0.32197662374306
H            1.44029113138106        0.06435917430208       -1.41527120993440
C            1.12653142066035       -1.23360670590183        0.25893781415368
H            1.26434672735814       -1.25064813616625        1.35289886681054
O           -0.25546780771049       -1.45973247116303       -0.04625661287154
O            1.87593212717868       -2.24321240947966       -0.36340080560204
O            2.90854430169875        0.41762671228259        0.03088925685355
O            0.93765749651428        2.47024316472882       -0.40080913908020
O           -1.63755532806945        1.83536267956890        0.68174637809514
O           -2.93679840956186       -0.93490382398633       -1.02136135882863
H           -3.21328139790885       -0.28683547208540        0.94982846412549
H           -2.65749748702861       -1.95556239651755        0.71717278972867
H            1.84428203330510       -3.03311349655507        0.19275640384798
H            3.48218803264431       -0.19359598380842       -0.44995280255342
H            1.83251780952547        2.74178972689628       -0.15790644089780
H           -1.40931108613241        2.71138407040886        0.34230052713926
H           -3.10564690081455       -0.02201245792069       -1.28719255025002
24
 energy: -43.386462765824 gnorm: 0.030649718316 xtb: 6.7.1 (edcfbbe)
C           -2.55156359049407       -0.93370112872638        0.35388943001384
C           -1.10464203163694       -0.50054408176365        0.58048485155949
H           -0.92255905944235       -0.48395413608938        1.66653893632892
C           -0.79835545190645        0.89137604734620        0.01948016887673
H           -0.98804496380857        0.89601376795412       -1.06302587360077
C            0.67427751967986        1.22629711556988        0.24421232814001
H            0.86554145516898        1.31468753538992        1.32366507528314
C            1.56070292814759        0.11835931581410       -0.31920279666032
H            1.44437221570838        0.07090149454698       -1.40996902057258
C            1.12731696065701       -1.23171219545078        0.25742414586615
H            1.27206382455348       -1.23153374839957        1.35060705513031
O           -0.24776483879637       -1.46896119591449       -0.02206627119734
O            1.87812201167508       -2.23125012778333       -0.35415801396795
O            2.90159862103513        0.41910333103772        0.02846141746137
O            0.93086998812626        2.46994931510783       -0.39018047137602
O           -1.63855286725069        1.82865783560629        0.67098066383861
O           -2.94586977567555       -0.93754263427115       -1.00738855233921
H           -3.20565815714151       -0.28187516946261        0.94162841907054
H           -2.66098665217144       -1.96461492200599        0.69779458534952
H            1.81834828450733       -3.04644922714495        0.16685288105139
H            3.48122913844580       -0.20366751859349       -0.43277737116307
H            1.83822030799674        2.73246574531228       -0.17878764151324
H           -1.39923983633168        2.70996526911481        0.34734732612544
H           -3.10849739456932       -0.02509711538865       -1.28070457265010
24
 energy: -43.388086734174 gnorm: 0.014656673902 xtb: 6.7.1 (edcfbbe)
C           -2.55221255775104       -0.94098242328659        0.34729779108674
C           -1.09452638589929       -0.50814266337646        0.58157038943746
H           -0.92166130672962       -0.47664041095811        1.66926174148931
C           -0.80333123538672        0.89046777947299        0.01822797435101
H           -0.97668063748593        0.88906998318831       -1.06717242547960
C            0.67296093859098        1.23876534326629        0.24614249198892
H            0.86489592618642        1.31996994014526        1.32589268180577
C            1.56534677630638        0.12908342363354       -0.31898915368349
H            1.44417061438627        0.08246224660931       -1.40880012066475
C            1.12822824822150       -1.22643174935208        0.26260066509303
H            1.28609110268251       -1.20221336017089        1.35875543611761
O           -0.23752411802189       -1.47309356776176        0.00702012895829
O            1.88233273762676       -2.20766548333356       -0.34073320664729
O            2.89244218093020        0.42490591134603        0.02677243307438
O            0.91777778073147        2.47235114502471       -0.37783525716298
O           -1.64589160934098        1.81195995637527        0.65421398039529
O           -2.95033028892885       -0.93615367786704       -0.99498052507087
H           -3.18962769404681       -0.28444498938621        0.94651543111015
H           -2.65570229893771       -1.97453207997134        0.67948245391813
H            1.75959396518445       -3.06831181254035        0.11118738302271
H            3.48265105765467       -0.22096209325364       -0.39396321180637
H            1.84553674873581        2.71943852367510       -0.22328890813108
H           -1.38940442974376        2.70322250617458        0.36329521671752
H           -3.10420687848809       -0.02524887584762       -1.28136669086503
24
 energy: -43.388406407786 gnorm: 0.013717578480 xtb: 6.7.1 (edcfbbe)
C           -2.55124803651819       -0.94359291628883        0.34628670726926
C           -1.09269088206129       -0.50878352291227        0.58356084935335
H           -0.92670053643952       -0.47098433119163        1.67301173154857
C           -0.80269488801077        0.88912579384357        0.01665878955559
H           -0.97012082902339        0.88094018056370       -1.07083017528734
C            0.67339267378875        1.24135204472932        0.24618818812686
H            0.86275983680672        1.31765123472441        1.32796789748131
C            1.56659610957710        0.13225114679550       -0.31969073811625
H            1.44126554861712        0.08497202364141       -1.41000492189482
C            1.13010202984961       -1.22381452086520        0.26437176968641
H            1.29357785307406       -1.19244977388758        1.36188419993830
O           -0.23486267996333       -1.47410763461553        0.01479260022148
O            1.88432221964083       -2.20356703785359       -0.33811537100618
O            2.89230267645002        0.42976201946958        0.02565024746391
O            0.91458544941538        2.47590948199384       -0.37544521734567
O           -1.65100234360997        1.80788860474219        0.64710831333054
O           -2.94970433757287       -0.93120768689940       -0.99510744106627
H           -3.18671064871016       -0.29287949337017        0.95470946227166
H           -2.65077435140978       -1.97882799569858        0.67575923987157
H            1.73663299277106       -3.07107243660898        0.08962909076045
H            3.48309025533121       -0.22905460024259       -0.37469160477317
H            1.84665553738123        2.71595569327910       -0.24061017319900
H           -1.38754735926629        2.70120971448360        0.36950221360684
H           -3.10029765364080       -0.01980241602612       -1.28147895874253
24
 energy: -43.388923475635 gnorm: 0.010946724051 xtb: 6.7.1 (edcfbbe)
C           -2.54663507096086       -0.94979463006257        0.34604002018469
C           -1.08972066993242       -0.50814955917705        0.58957390613140
H           -0.93677077189297       -0.45900003002400        1.68188814069621
C           -0.80074167275410        0.88519722382834        0.01126531476911
H           -0.95840105077416        0.86157268540633       -1.07972146016373
C            0.67263250162406        1.24479475387199        0.24699037905578
H            0.85687120737736        1.31387505516651        1.33250682701597
C            1.56784845927125        0.13927942271495       -0.32023923351154
H            1.43574439862372        0.08957740655673       -1.41181106880249
C            1.13707116616414       -1.21621822249481        0.27131643440928
H            1.31022700065110       -1.17762663786824        1.37067202884796
O           -0.22733854188749       -1.47477341189452        0.03104540256446
O            1.89244134507347       -2.19547924570966       -0.33155326980046
O            2.89389152142910        0.44283672725205        0.02056195724503
O            0.90880256804611        2.48435978475114       -0.36900471940423
O           -1.66264360464295        1.80325594218788        0.62718088829337
O           -2.94666070870762       -0.91777161830027       -0.99586516941185
H           -3.18584456532520       -0.31801080917533        0.97252063693704
H           -2.63648185047839       -1.99068021365914        0.66439127578725
H            1.68108350103097       -3.07318919659386        0.03937179320409
H            3.48063199960200       -0.24715685564848       -0.33250898072433
H            1.84888982989349        2.70507954727676       -0.27667328509090
H           -1.38164570721063        2.69827235919645        0.37717976379975
H           -3.09232264774325       -0.00337690579546       -1.27402088297698
24
 energy: -43.389188086607 gnorm: 0.008646883559 xtb: 6.7.1 (edcfbbe)
C           -2.54163294668560       -0.95577920434263        0.34678740059498
C           -1.08838755906200       -0.50690637398540        0.59402780991450
H           -0.93969914409828       -0.45226028161969        1.68643543296017
C           -0.79991184477422        0.88239290713323        0.00716252461203
H           -0.95249605520969        0.84935586995401       -1.08463053314095
C            0.67025374255868        1.24648995694692        0.24883985317420
H            0.85144379273222        1.31476549890347        1.33538922545024
C            1.56766200116834        0.14408082121177       -0.31777246196111
H            1.43357768426075        0.09143350069685       -1.40953848809061
C            1.14252655836326       -1.21017839931590        0.27808925510377
H            1.32042743757747       -1.17180970871488        1.37723252103998
O           -0.22130984474697       -1.47464789027430        0.04203411224622
O            1.89897917727719       -2.19045064773764       -0.32528516995457
O            2.89542670835968        0.45246676235472        0.01665036457202
O            0.90587175872458        2.48959966404255       -0.36292944484706
O           -1.66991258697722        1.80382131920501        0.60968860888590
O           -2.94381799153285       -0.90805055626795       -0.99513038608583
H           -3.18743191829832       -0.33916973871426        0.98226302614239
H           -2.62356642336083       -2.00198993714204        0.65139861353605
H            1.63842153000458       -3.07134319223432        0.00253291347039
H            3.47580982466149       -0.25565859442741       -0.30650130754885
H            1.85194570577780        2.69283038706110       -0.30134027582072
H           -1.37406145916372        2.69777167836921        0.37643420088899
H           -3.08918951107961        0.01010973070332       -1.26073109608729
24
 energy: -43.389378594631 gnorm: 0.003220511828 xtb: 6.7.1 (edcfbbe)
C           -2.53599427962139       -0.96239242297339        0.34801965781890
C           -1.08789792564449       -0.50523958461063        0.59768181924490
H           -0.93818077306847       -0.44740406182650        1.68862448340008
C           -0.79986863079582        0.87995320245473        0.00252467290469
H           -0.94843168095173        0.83959439133378       -1.08876527857066
C            0.66671298705714        1.24723590712055        0.25096458143448
H            0.84468740616583        1.31794478822067        1.33737468164040
C            1.56661404518317        0.14757303193392       -0.31391711816227
H            1.43295570474770        0.09084388563017       -1.40521342381746
C            1.14724354217824       -1.20484993987530        0.28507688476727
H            1.32814356377580       -1.16960721669335        1.38281362002590
O           -0.21559446782530       -1.47416948670901        0.05084313794712
O            1.90383428282011       -2.18800260950073       -0.31860098969764
O            2.89640376270901        0.46129342565257        0.01357632183528
O            0.90517815044783        2.49284362736288       -0.35723123367884
O           -1.67546204435914        1.80698092327727        0.59096573722666
O           -2.94169800010247       -0.89762727152685       -0.99331103278606
H           -3.18965340688770       -0.36154445333697        0.98999100990459
H           -2.60862765619136       -2.01436470920890        0.63449741295641
H            1.60171742691657       -3.06349399105426       -0.03070229164951
H            3.47006578444468       -0.26022758966254       -0.28332538114946
H            1.85477048409971        2.67799656702466       -0.32117081567277
H           -1.36415267339228        2.69819646977840        0.37063402629557
H           -3.09183696522892        0.02534068899456       -1.24024378316269
24
 energy: -43.389312713475 gnorm: 0.016257043764 xtb: 6.7.1 (edcfbbe)
C           -2.52936431093903       -0.97055923108827        0.34943425327433
C           -1.08508255376918       -0.50436845633901        0.59964144766488
H           -0.93300780141411       -0.44250302588569        1.68908235116975
C           -0.80044576995045        0.87835651711090       -0.00273250003795
H           -0.94347278118431        0.83015413280712       -1.09366490429393
C            0.66332492143746        1.25062125169779        0.25275192632230
H            0.83778596773440        1.32496049307315        1.33874635511196
C            1.56819989545704        0.15278635692438       -0.30730822112856
H            1.43609985007785        0.09045015606424       -1.39797795238729
C            1.15333234272695       -1.19886628467437        0.29416918260609
H            1.33336298750877       -1.16690446373371        1.39107328438443
O           -0.20659466233408       -1.47222134493696        0.05853872590070
O            1.91291685673095       -2.18147936252811       -0.30847317664356
O            2.89750958457534        0.47255219346763        0.01471473057199
O            0.90327516557346        2.49601409387452       -0.35370668737374
O           -1.68140407242580        1.80863636872274        0.57088295537954
O           -2.94131785562340       -0.88808670242898       -0.98846044714409
H           -3.18804640477241       -0.38510031724843        0.99966336360815
H           -2.59055914777501       -2.02806571217675        0.61644100485821
H            1.54553381839953       -3.06563501137372       -0.07959126874629
H            3.46812247415724       -0.26404477719183       -0.25189539680803
H            1.85795762844206        2.66340312203975       -0.34649392917091
H           -1.35645567191688        2.69785592574908        0.36220664593400
H           -3.10074182423969        0.03891764988026       -1.21593504399709
24
 energy: -43.389461787827 gnorm: 0.002833371618 xtb: 6.7.1 (edcfbbe)
C           -2.53183686553982       -0.96780920977260        0.34894844618683
C           -1.08638064155444       -0.50475492070744        0.59785192908727
H           -0.93245947606854       -0.44555229034271        1.68736012295513
C           -0.80058400187480        0.87928380427741       -0.00121785626555
H           -0.94570749633640        0.83472892816264       -1.09187947913400
C            0.66450714514317        1.24907163087669        0.25176275272234
H            0.83995567651067        1.32331247807975        1.33751087382804
C            1.56788314005267        0.14980507908245       -0.30893204317781
H            1.43670292769958        0.08914893171820       -1.39962068556977
C            1.15029709347695       -1.20217309109470        0.29046155950400
H            1.32939628989111       -1.16989358008224        1.38735474093502
O           -0.21031880816423       -1.47274263157226        0.05323580328592
O            1.90808742839889       -2.18592012311562       -0.31236639016599
O            2.89671562848406        0.46760802910472        0.01675688332577
O            0.90524967981903        2.49350187962411       -0.35652814997703
O           -1.67820373804987        1.80868593192922        0.57816723983562
O           -2.94316538553972       -0.88901887269449       -0.98946555328272
H           -3.18796067187445       -0.37798844378803        0.99701850600353
H           -2.59590599772073       -2.02349530768843        0.61994751111895
H            1.57277951589977       -3.06087243791934       -0.05969414125602
H            3.47013363739111       -0.26067955541186       -0.26212407466173
H            1.85678690568719        2.66802815008229       -0.33532643475629
H           -1.36033665655488        2.69791144410918        0.36108440501258
H           -3.10470669269961        0.03668774894878       -1.21919926649920
24
 energy: -43.389485726194 gnorm: 0.002799870520 xtb: 6.7.1 (edcfbbe)
C           -2.53083742288751       -0.96929840591893        0.34917844546234
C           -1.08564128629545       -0.50500690471184        0.59718921736773
H           -0.93065080183307       -0.44561584241405        1.68655622006625
C           -0.80040576288076        0.87889094715131       -0.00268780067539
H           -0.94411170897428        0.83281678556324       -1.09348742007714
C            0.66449029716673        1.24953223308114        0.25153993415454
H            0.83871356582015        1.32495869066291        1.33737125317728
C            1.56924315889817        0.15006468764294       -0.30707177309340
H            1.43932559991747        0.08852492492904       -1.39786288184660
C            1.15099937360413       -1.20199448009080        0.29176959250645
H            1.32857399034433       -1.17016021998727        1.38888155006994
O           -0.20893783299987       -1.47252094372506        0.05228277070221
O            1.90986482136563       -2.18591460957221       -0.30987142453579
O            2.89719785785650        0.46930265060782        0.02009079523435
O            0.90554820868656        2.49324188498770       -0.35794104595751
O           -1.67911547479625        1.80829948842702        0.57464119755912
O           -2.94507584380582       -0.88412027027280       -0.98817322578181
H           -3.18652424943376       -0.38386280716894        1.00157740626820
H           -2.59197891873109       -2.02639769674639        0.61483122577388
H            1.56501538550658       -3.06023619911771       -0.06861788590037
H            3.47189201883858       -0.25918565845092       -0.25489064822495
H            1.85740505018508        2.66597166108063       -0.33957577230668
H           -1.36149103292586        2.69736024513457        0.35649079581480
H           -3.11257035614949        0.04222341071430       -1.21111382670258
24
 energy: -43.389560950601 gnorm: 0.004956388412 xtb: 6.7.1 (edcfbbe)
C           -2.52643142861309       -0.97521100632676        0.34990471408803
C           -1.08100384323063       -0.50733434533684        0.59299792628743
H           -0.92157832069389       -0.44783792352626        1.68205211128454
C           -0.79871087422825        0.87615045435975       -0.00982346243653
H           -0.93706338971691        0.82349545546835       -1.10128911191742
C            0.66541156746936        1.25159250521440        0.24882305341709
H            0.83393301869657        1.33390284244140        1.33522777184199
C            1.57728171422162        0.15083233422644       -0.29822825846794
H            1.45543748022312        0.08585876911880       -1.39012819103823
C            1.15460498777727       -1.20207569636909        0.29753227720938
H            1.32258442138839       -1.17151083439040        1.39674718543517
O           -0.20220847177748       -1.47187138501821        0.04532584016923
O            1.91953357057869       -2.18670303912706       -0.29652054510228
O            2.90002777306142        0.47628681150868        0.03974083290810
O            0.90687076495851        2.49103031015943       -0.36846491091649
O           -1.68241837653651        1.80396472053861        0.56059132255015
O           -2.95643122199287       -0.85743723660103       -0.98104885816862
H           -3.17809465877792       -0.41156135939347        1.02536357118434
H           -2.57536333244933       -2.03918470742159        0.58957347074876
H            1.53009136334661       -3.05894192221848       -0.11042093935997
H            3.48278004519324       -0.25141874321193       -0.22072818286483
H            1.85913869801461        2.66018447987830       -0.35714987044811
H           -1.37265583030381        2.69338621809627        0.33160903705793
H           -3.15480702013202        0.07127686973640       -1.17058008440680
24
 energy: -43.389591631034 gnorm: 0.002796644199 xtb: 6.7.1 (edcfbbe)
C           -2.52586563408444       -0.97563402101755        0.34998384273209
C           -1.07940600782510       -0.50872755076948        0.59077161004495
H           -0.91830882133830       -0.45014640859249        1.67974222355525
C           -0.79787612827506        0.87496365348462       -0.01167822562919
H           -0.93594594958015        0.82160570138588       -1.10318291123176
C            0.66617396453480        1.25160212534354        0.24726831001966
H            0.83339908189382        1.33708705863988        1.33367772747433
C            1.58038879859473        0.15018624014656       -0.29531399344695
H            1.46315510838861        0.08540793887947       -1.38784013434563
C            1.15511997936262       -1.20338136020525        0.29811519898235
H            1.31887199188790       -1.17314487370174        1.39826883958624
O           -0.20099525120970       -1.47220487880685        0.04109674510235
O            1.92190379180420       -2.18827830709189       -0.29289757646217
O            2.90103015893429        0.47629269994904        0.04917912234938
O            0.90726305499468        2.48912215368704       -0.37388288583322
O           -1.68249405401379        1.80147988919783        0.55897786350337
O           -2.96173759318950       -0.84777263157884       -0.97780395550172
H           -3.17452258295403       -0.41799787709117        1.03265816248079
H           -2.57307825968022       -2.04117940925056        0.58201794952679
H            1.52697152958890       -3.05791443826980       -0.11911939848041
H            3.48728452383809       -0.24737799110495       -0.21372220169221
H            1.85959757458953        2.66078605762904       -0.35910676233847
H           -1.38016735026453        2.69156964718898        0.32105985249728
H           -3.16983328952068        0.08053015375439       -1.15716270383814
24
 energy: -43.389618767773 gnorm: 0.002778268764 xtb: 6.7.1 (edcfbbe)
C           -2.52448790219634       -0.97646214545980        0.35059064715551
C           -1.07675302242331       -0.51084677348332        0.58806040001162
H           -0.91341933306908       -0.45295277093734        1.67671127393669
C           -0.79630736730660        0.87231570109244       -0.01525194604853
H           -0.93472614110336        0.81738666913750       -1.10658066179608
C            0.66694452240113        1.25135298356741        0.24398778136673
H            0.83159613340716        1.34313420356013        1.33032015445058
C            1.58493157361750        0.14927834043167       -0.29082437981435
H            1.47581647056474        0.08451459833318       -1.38430834685752
C            1.15662960605274       -1.20495088944119        0.29955303772628
H            1.31474122888788       -1.17530704166995        1.40087589996173
O           -0.19863765360185       -1.47318412980233        0.03647807705534
O            1.92598902955382       -2.19029052275953       -0.28721685081226
O            2.90287865730783        0.47621673705136        0.06348492026690
O            0.90801179067540        2.48576504480039       -0.38374769666404
O           -1.68254557946397        1.79781330528825        0.55506638542327
O           -2.96954600641554       -0.83188985615584       -0.97192562328009
H           -3.16879376165112       -0.42873037716989        1.04468646384217
H           -2.56933535303434       -2.04487268608390        0.57006372537949
H            1.51818238026985       -3.05709679876369       -0.13562278873519
H            3.49285873334950       -0.24344625506046       -0.20328309587553
H            1.85756370166120        2.66465761178929       -0.35724820157214
H           -1.39193054649782        2.68834480777129        0.30249154226624
H           -3.18873252450875        0.09612381577005       -1.13525401833186
24
 energy: -43.389633680332 gnorm: 0.001441362048 xtb: 6.7.1 (edcfbbe)
C           -2.52343287220361       -0.97744975487820        0.35063941345593
C           -1.07521637107974       -0.51239327362661        0.58723777134477
H           -0.91125306474531       -0.45410804778205        1.67561643555671
C           -0.79538719399772        0.86994651589513       -0.01737487819899
H           -0.93413956472200        0.81365834574071       -1.10853376368679
C            0.66681259456160        1.25109432138216        0.24212684772189
H            0.83037249745042        1.34753789137536        1.32812646445454
C            1.58715605894263        0.14888852204101       -0.28764527505387
H            1.48434525004523        0.08461572237770       -1.38169914863122
C            1.15791018086526       -1.20569121964883        0.30102004233519
H            1.31400983501672       -1.17608249968471        1.40275051790800
O           -0.19691143965247       -1.47454105163692        0.03608636528421
O            1.92850701902545       -2.19120272237314       -0.28357047621636
O            2.90378099489948        0.47527066564172        0.07364031645854
O            0.90679304867214        2.48370880839942       -0.39009317714951
O           -1.68314850500152        1.79540295593243        0.55173296429935
O           -2.97413431177908       -0.81970063177003       -0.96792615952678
H           -3.16537222719247       -0.43749733995811        1.05288542951875
H           -2.56677064413535       -2.04828389471357        0.56013670513692
H            1.51145753779620       -3.05575838940685       -0.14783006411965
H            3.49461517251570       -0.24223386552592       -0.19800038369040
H            1.85724620243012        2.66712560764225       -0.35756808716578
H           -1.39993878832351        2.68568407456599        0.28902640974765
H           -3.19637277291149        0.10888283181678       -1.11967757072814
24
 energy: -43.389646982118 gnorm: 0.001835025811 xtb: 6.7.1 (edcfbbe)
C           -2.52205527266200       -0.97923738054247        0.35103854094997
C           -1.07419704123912       -0.51342720390178        0.58771063886465
H           -0.91027565641254       -0.45260577161347        1.67577044457497
C           -0.79449185285627        0.86691098581317       -0.02089604403559
H           -0.93280689261926        0.80776812406482       -1.11187410106783
C            0.66625718180487        1.25047800599625        0.23939415829017
H            0.82764580194799        1.35243576517095        1.32502369384953
C            1.58880138575397        0.14804433200726       -0.28472994318108
H            1.49197380681566        0.08375775081709       -1.37906065436906
C            1.15948753980064       -1.20626638144164        0.30346577733530
H            1.31639772061245       -1.17647575775153        1.40493902743285
O           -0.19505072079330       -1.47659855490042        0.03941514973447
O            1.93022154823271       -2.19223456582554       -0.28057416345796
O            2.90492429880118        0.47351974918752        0.08235676245411
O            0.90584298653926        2.48087486471387       -0.39818011479826
O           -1.68424328583966        1.79372801989038        0.54477910195481
O           -2.97809905215998       -0.80674118380034       -0.96355407240149
H           -3.16318345308280       -0.44874828466798        1.06152296430795
H           -2.56275476825972       -2.05261106683854        0.54916851888080
H            1.50186186162996       -3.05409582685976       -0.16126657015186
H            3.49472302129045       -0.24245338187947       -0.19570651685347
H            1.85284512290105        2.67387997547224       -0.35003288828479
H           -1.40438689078546        2.68280407969454        0.27498757406882
H           -3.19850875294344        0.12416727900058       -1.10259058504205
24
 energy: -43.389656345877 gnorm: 0.001793564466 xtb: 6.7.1 (edcfbbe)
C           -2.52222166636886       -0.98024832691111        0.35114263571470
C           -1.07514339642609       -0.51297965624419        0.58972199840099
H           -0.91278923611066       -0.44893463368779        1.67781046037068
C           -0.79483753242540        0.86597888253158       -0.02200750232093
H           -0.93164518263788        0.80461532338187       -1.11303895710292
C            0.66555060715178        1.25036502397886        0.23880773064858
H            0.82689050682995        1.35230927305440        1.32423412558903
C            1.58764167957795        0.14773269359113       -0.28555043959236
H            1.49009619077059        0.08309112724539       -1.37953184703135
C            1.15944864616882       -1.20615625916137        0.30445074713426
H            1.32116795277125       -1.17566499906739        1.40510929901873
O           -0.19532164119225       -1.47781140331554        0.04525425078372
O            1.92819610318724       -2.19247874485468       -0.28210193592733
O            2.90447071096728        0.47254652266042        0.08056085319509
O            0.90405305188365        2.48070883092920       -0.39908446569573
O           -1.68525520623221        1.79430511348147        0.54019684955338
O           -2.97791026165069       -0.80559716330974       -0.96292430249265
H           -3.16525360761842       -0.45237260943256        1.06187418393862
H           -2.56134893309057       -2.05376706566070        0.54669577187599
H            1.50009455444665       -3.05312256812179       -0.16123050928280
H            3.49299207766413       -0.24455454992275       -0.19957630695661
H            1.85004441828701        2.67886060375576       -0.34354736536081
H           -1.39902118789377        2.68252128040397        0.27584209033984
H           -3.18897001158283        0.12752687648129       -1.10200066574515
24
 energy: -43.389651780421 gnorm: 0.004199991191 xtb: 6.7.1 (edcfbbe)
C           -2.52080830947573       -0.98462914493051        0.35202369898451
C           -1.07509472084260       -0.51281894395290        0.59177015375821
H           -0.91408426217446       -0.44263685324587        1.67974705726139
C           -0.79472661447911        0.86305562641629       -0.02741115368858
H           -0.92558491104545        0.79366959515281       -1.11890944740594
C            0.66465875542213        1.25081881225500        0.23706684828109
H            0.82350591916804        1.35475530901220        1.32255496512312
C            1.58901690451407        0.14729712631004       -0.28320591532406
H            1.49272206588282        0.08065102479134       -1.37715533563472
C            1.16076012664452       -1.20621800256200        0.30897782795566
H            1.32712612742291       -1.17523298460603        1.40911787137435
O           -0.19322011203071       -1.47949163534620        0.05324958416912
O            1.92804159742835       -2.19399426947479       -0.27908200323023
O            2.90494448402274        0.47336023649401        0.08496852006972
O            0.90111575418683        2.47971148094414       -0.40380586862320
O           -1.68885808466381        1.79401676483071        0.52362993449104
O           -2.98300131513041       -0.79261501879781       -0.95864533886354
H           -3.16584327036531       -0.47121790902575        1.07323251609313
H           -2.55114268043469       -2.06163770400879        0.53135942047107
H            1.48093573549955       -3.05175689694866       -0.17694269177095
H            3.49504924524677       -0.24112187178822       -0.19596776749276
H            1.84567852021975        2.68596697948221       -0.33792682003118
H           -1.39167922814634        2.68118002482483        0.26780624880292
H           -3.18858309039321        0.14576182597967       -1.08534560571519
24
 energy: -43.389663944976 gnorm: 0.001507908827 xtb: 6.7.1 (edcfbbe)
C           -2.52184270314487       -0.98278368508980        0.35234270587784
C           -1.07559580965965       -0.51239140102528        0.59136625343086
H           -0.91434132169596       -0.44385649894486        1.67937699527077
C           -0.79487314050357        0.86416030067422       -0.02589707691245
H           -0.92697609690713        0.79662944613229       -1.11729387564409
C            0.66501516800155        1.25038126379855        0.23768406979137
H            0.82473980762516        1.35254877844753        1.32330170763833
C            1.58835704006256        0.14705230643215       -0.28465770093402
H            1.49057510237890        0.08101864822372       -1.37861388958972
C            1.15981379042921       -1.20659539650326        0.30710571779382
H            1.32536760972793       -1.17599409753601        1.40729577646915
O           -0.19471795370909       -1.47873577167290        0.05099711501655
O            1.92667682796498       -2.19424308258418       -0.28132911709004
O            2.90453557091973        0.47273351180707        0.08204568142331
O            0.90210090429217        2.48005128867095       -0.40136394996400
O           -1.68760730796504        1.79475326058689        0.52764211939897
O           -2.98173051369734       -0.79883205643110       -0.95965266025431
H           -3.16627461946688       -0.46384033122217        1.06895850507400
H           -2.55508195428519       -2.05809172126856        0.53803626892954
H            1.48892676470173       -3.05300558501435       -0.16802304001288
H            3.49504787539850       -0.24001470656987       -0.20115320261874
H            1.84615711160543        2.68586750787243       -0.33515689561275
H           -1.39152864203022        2.68239163421799        0.27200514492108
H           -3.18581487356626        0.13766995880426       -1.09390995334760
24
 energy: -43.389657647290 gnorm: 0.003235563176 xtb: 6.7.1 (edcfbbe)
C           -2.52336815570994       -0.98007680573711        0.35280420903968
C           -1.07634100745215       -0.51176444884329        0.59078383275644
H           -0.91474457949982       -0.44563093944044        1.67884565009573
C           -0.79508684580516        0.86577611571790       -0.02367564957969
H           -0.92900546253189        0.80096746857287       -1.11492407155695
C            0.66554012587387        1.24973279196563        0.23859389398833
H            0.82654448533390        1.34930849401670        1.32440183630830
C            1.58738425210547        0.14668129532554       -0.28678561296772
H            1.48741948407002        0.08155239229830       -1.38075111322744
C            1.15841995840383       -1.20715881150699        0.30436554249237
H            1.32281438936912       -1.17710185868206        1.40462637803393
O           -0.19692135838417       -1.47764042931906        0.04773007284772
O            1.92465219418559       -2.19462985415831       -0.28462890719780
O            2.90393853121654        0.47178508384841        0.07776014654944
O            0.90354754126888        2.48053958136296       -0.39778555968531
O           -1.68577030762470        1.79583736801598        0.53351791732150
O           -2.97987528742016       -0.80793550335380       -0.96112681941008
H           -3.16691848270431       -0.45303720844796        1.06268257257338
H           -2.56087128951141       -2.05288448184101        0.54780272516137
H            1.50071287907615       -3.05477951277107       -0.15493861149261
H            3.49502539737632       -0.23837776888284       -0.20880688083949
H            1.84684559202357        2.68572529841786       -0.33107397060856
H           -1.39128860946275        2.68416929142497        0.27815258552673
H           -3.18172480772013        0.12581601382254       -1.10646346707431
24
 energy: -43.389665284772 gnorm: 0.001338835200 xtb: 6.7.1 (edcfbbe)
C           -2.52246315833063       -0.98137353560758        0.35293154990125
C           -1.07553154487686       -0.51231504886011        0.59034802035218
H           -0.91320500108728       -0.44583292902627        1.67825957739081
C           -0.79485265796663        0.86482297692801       -0.02523672684383
H           -0.92804558256957        0.79858962875852       -1.11649985790976
C            0.66528618180396        1.24995433881384        0.23768486351536
H            0.82545579820352        1.35099083472204        1.32346007483587
C            1.58845304388442        0.14698317245483       -0.28565235482761
H            1.49058256677149        0.08103074221741       -1.37973146251395
C            1.15928592617500       -1.20689530330807        0.30525055028058
H            1.32289293284198       -1.17683948914831        1.40569144668727
O           -0.19564718310775       -1.47793956615424        0.04749450471039
O            1.92607195961615       -2.19461990548012       -0.28264534756701
O            2.90413484808019        0.47341789484163        0.08102354228074
O            0.90315976855727        2.48022932764808       -0.39980517864388
O           -1.68657119369065        1.79504210247112        0.53017214951480
O           -2.98203389244683       -0.80171201701245       -0.95942805638999
H           -3.16543566602146       -0.45910305463569        1.06764871137364
H           -2.55780590988879       -2.05590174409749        0.54203229255793
H            1.49484744111515       -3.05376048707971       -0.16248850530380
H            3.49648858363816       -0.23954722626188       -0.20128159692864
H            1.84695958713414        2.68550471148129       -0.33317797500001
H           -1.39346377795627        2.68309244839826        0.27261852215410
H           -3.18763443340206        0.13305569974261       -1.09756204457146
24
 energy: -43.389665909403 gnorm: 0.001549101162 xtb: 6.7.1 (edcfbbe)
C           -2.52149589870066       -0.98313209876040        0.35339570151172
C           -1.07496139295822       -0.51260707262459        0.59042636225447
H           -0.91221059529029       -0.44401447998349        1.67818290207372
C           -0.79454554259492        0.86325858813840       -0.02816035623416
H           -0.92531145672471        0.79365182395501       -1.11961575643069
C            0.66476581997178        1.24992251949709        0.23706683809843
H            0.82327396875567        1.35224652232286        1.32287803534619
C            1.58948970928076        0.14691931241422       -0.28367359562453
H            1.49367543944166        0.08066567503786       -1.37781069745501
C            1.16036216623669       -1.20699600030779        0.30710310656563
H            1.32437567310893       -1.17704434038117        1.40751053056203
O           -0.19416455752108       -1.47868106284486        0.04928539644848
O            1.92727306474399       -2.19504369702620       -0.28056579572338
O            2.90441782868645        0.47397748203513        0.08530053113764
O            0.90245989043868        2.47961385370374       -0.40165344310605
O           -1.68839734238118        1.79449325104837        0.52239427293889
O           -2.98514055579225       -0.79426784902815       -0.95657226462129
H           -3.16443018981351       -0.46770974399022        1.07373017912897
H           -2.55364981207986       -2.05930490984282        0.53469306342972
H            1.48604041167906       -3.05290223637700       -0.17202861357308
H            3.49738298089176       -0.23728608025699       -0.19758622515849
H            1.84637036419106        2.68680007551206       -0.33223990393427
H           -1.39313765710491        2.68186155638671        0.26542383369535
H           -3.19151367998827        0.14245248317794       -1.08637740227530
24
 energy: -43.389668112725 gnorm: 0.000213273444 xtb: 6.7.1 (edcfbbe)
C           -2.52164835291156       -0.98298158068534        0.35353961509065
C           -1.07499512362963       -0.51266721393116        0.59006866031355
H           -0.91197822632970       -0.44435124501963        1.67776405446453
C           -0.79443048034717        0.86304969127565       -0.02864590721517
H           -0.92486252829367        0.79313175960676       -1.12001938485041
C            0.66470121260938        1.24977053698989        0.23699987411963
H            0.82277676256247        1.35171473835489        1.32295494818321
C            1.58958141835626        0.14698631477554       -0.28386427676465
H            1.49397553793214        0.08069207827325       -1.37807600785302
C            1.16024848687939       -1.20704217246875        0.30665273650795
H            1.32394027577636       -1.17712982315278        1.40712521651464
O           -0.19436462973298       -1.47866532775914        0.04858716647032
O            1.92714125610254       -2.19523880696773       -0.28076006580421
O            2.90430656503162        0.47443865413527        0.08535076502577
O            0.90287329927438        2.47972058483181       -0.40102420652201
O           -1.68851188071928        1.79428923578394        0.52123030418875
O           -2.98604802490280       -0.79314708842879       -0.95575243022466
H           -3.16382870662041       -0.46825692518459        1.07450716066400
H           -2.55399744472042       -2.05913422962023        0.53393849776837
H            1.48757950374521       -3.05258392778682       -0.17086506205570
H            3.49783482939928       -0.23704313267660       -0.19684026476135
H            1.84641499170673        2.68652360449941       -0.33161484514089
H           -1.39316788237158        2.68177302351665        0.26458986436095
H           -3.19261222231991        0.14302482344424       -1.08473971342525
24
 energy: -43.389668859241 gnorm: 0.000320134676 xtb: 6.7.1 (edcfbbe)
C           -2.52175258563639       -0.98284270579017        0.35361597521749
C           -1.07489173133342       -0.51277530962926        0.58966090112097
H           -0.91146886723253       -0.44450571076269        1.67729883773701
C           -0.79450837110901        0.86287301540833       -0.02927524171083
H           -0.92453162383292        0.79247549704791       -1.12067657981252
C            0.66450268486386        1.24954410714983        0.23695581191199
H            0.82225772867523        1.35101381598619        1.32302746978453
C            1.58962851803208        0.14699002947505       -0.28396565649698
H            1.49421042408518        0.08086972021266       -1.37821742424987
C            1.16031969345350       -1.20714540294146        0.30631617428419
H            1.32361557402174       -1.17733209618264        1.40685055303976
O           -0.19433240690001       -1.47869139455358        0.04789509397960
O            1.92736439564253       -2.19518005616742       -0.28108022985175
O            2.90418002960688        0.47462199551116        0.08552957474787
O            0.90293573398225        2.47978737778307       -0.40038626486049
O           -1.68889492349736        1.79416338094867        0.51993167528657
O           -2.98708170537860       -0.79167290511087       -0.95508552953641
H           -3.16330924642843       -0.46880509983513        1.07562715733706
H           -2.55385814156081       -2.05918694180393        0.53301225021079
H            1.48936670678374       -3.05292057482994       -0.16942101678287
H            3.49802071853789       -0.23686220388636       -0.19613377313205
H            1.84649465212921        2.68624882480830       -0.33101394223154
H           -1.39337044698863        2.68168900927970        0.26361831254261
H           -3.19396817343931        0.14451719968827       -1.08297742948015
24
 energy: -43.389670838532 gnorm: 0.000449370708 xtb: 6.7.1 (edcfbbe)
C           -2.52223280745299       -0.98281835763827        0.35385293947674
C           -1.07477577982860       -0.51326218275870        0.58815455732578
H           -0.90995286847331       -0.44505683389871        1.67557515100881
C           -0.79445968560710        0.86208491052435       -0.03153331879875
H           -0.92278631718349        0.78998258578197       -1.12305305438757
C            0.66397785691922        1.24907947738314        0.23689144836877
H            0.82033508526858        1.34893912982235        1.32337972809533
C            1.58973685076162        0.14712506828624       -0.28425481204418
H            1.49490757460772        0.08151866989510       -1.37860656651267
C            1.16031204007214       -1.20741140961470        0.30497968976997
H            1.32237167640397       -1.17796966007518        1.40566947072332
O           -0.19448286648402       -1.47894759623843        0.04553533319661
O            1.92810834999207       -2.19453576579733       -0.28248686610308
O            2.90380055042839        0.47520777170208        0.08612805545561
O            0.90337095341811        2.48028387789511       -0.39817008930764
O           -1.69017706005473        1.79354579386256        0.51488922857534
O           -2.99105994114531       -0.78590186008060       -0.95258977763460
H           -3.16175488298318       -0.47181033776715        1.07985256838263
H           -2.55369762230838       -2.05993662219570        0.52891259170387
H            1.49637780395370       -3.05436902337332       -0.16319257578232
H            3.49838278339854       -0.23625320317058       -0.19410715213168
H            1.84716601339976        2.68552453393852       -0.32881890139632
H           -1.39367755209353        2.68111147865595        0.25980879458837
H           -3.19886151853256        0.15074312666703       -1.07570974351735
24
 energy: -43.389671863972 gnorm: 0.000269051027 xtb: 6.7.1 (edcfbbe)
C           -2.52236612235355       -0.98275273137862        0.35385356500448
C           -1.07457933607089       -0.51363963671695        0.58712514079113
H           -0.90891311689409       -0.44531362946520        1.67442656509511
C           -0.79457246104657        0.86145114255559       -0.03334018236164
H           -0.92149986992182        0.78810570667798       -1.12498365258482
C            0.66345550862294        1.24869695886835        0.23684655816701
H            0.81875559683272        1.34776393309366        1.32356650232935
C            1.58979064184425        0.14718383672779       -0.28425260182446
H            1.49554025917326        0.08209568828065       -1.37868410199706
C            1.16038293805568       -1.20771952377159        0.30414559033176
H            1.32165475057284       -1.17875798947573        1.40494837079424
O           -0.19446589723311       -1.47931755129963        0.04413300368629
O            1.92876578136782       -2.19386027385766       -0.28377865975770
O            2.90360066844498        0.47520474124983        0.08700715874455
O            0.90336277508740        2.48039362066432       -0.39693642682365
O           -1.69141773835774        1.79309911837345        0.51090908047523
O           -2.99428551126146       -0.78061991905692       -0.95071085178150
H           -3.16071588205895       -0.47509913057309        1.08331270020751
H           -2.55292980612941       -2.06058260348852        0.52462947056453
H            1.50209329042690       -3.05551180877143       -0.15799161899900
H            3.49838140219463       -0.23611268864531       -0.19303095968227
H            1.84736038005474        2.68498133463779       -0.32736934904722
H           -1.39397325509697        2.68055207773494        0.25655102470775
H           -3.20249635977696        0.15663289944202       -1.06926962698466
24
 energy: -43.389672525972 gnorm: 0.000169254802 xtb: 6.7.1 (edcfbbe)
C           -2.52247123463505       -0.98313572286600        0.35374044254430
C           -1.07469482010752       -0.51387405241181        0.58662326862413
H           -0.90875755811168       -0.44526360781796        1.67385932189858
C           -0.79447654217096        0.86100691083216       -0.03421194951386
H           -0.92071352039606        0.78702844376440       -1.12588616695542
C            0.66328649758821        1.24872081065244        0.23673218517807
H            0.81801095756662        1.34778537905820        1.32351538165854
C            1.58978535062592        0.14719869547450       -0.28401768322026
H            1.49600494623779        0.08232205353475       -1.37847994985386
C            1.16030613479421       -1.20791639393353        0.30385658163459
H            1.32147777511925       -1.17923312833724        1.40466917237546
O           -0.19457241233982       -1.47964009469128        0.04379502429308
O            1.92895296918139       -2.19346317000945       -0.28452587485374
O            2.90352521264816        0.47498965392325        0.08784988320787
O            0.90333033460210        2.48043897338789       -0.39694298751577
O           -1.69196236632558        1.79277835376344        0.50884388128517
O           -2.99606047470163       -0.77708848085556       -0.94967919303957
H           -3.16038942871670       -0.47800646947236        1.08535065875773
H           -2.55234200985164       -2.06151733118288        0.52124003439479
H            1.50506502150267       -3.05604356815124       -0.15504815794789
H            3.49819397514532       -0.23611211045403       -0.19284208818815
H            1.84734683913573        2.68508243273904       -0.32696001029458
H           -1.39399320536840        2.68008075421010        0.25459674660646
H           -3.20392380494569        0.16073524064889       -1.06497182202069
24
 energy: -43.389673239261 gnorm: 0.000197975643 xtb: 6.7.1 (edcfbbe)
C           -2.52239315476273       -0.98353720412328        0.35336712942694
C           -1.07478801990820       -0.51402401299533        0.58663893141567
H           -0.90900495266785       -0.44499933444588        1.67388709480232
C           -0.79447313875302        0.86059830060526       -0.03469503649062
H           -0.92032747875031        0.78628741401337       -1.12638197958708
C            0.66314426080427        1.24869950082087        0.23652693249435
H            0.81759607617430        1.34847357310192        1.32325110856704
C            1.58983743935791        0.14709180421315       -0.28364133381790
H            1.49660127558716        0.08221459221279       -1.37812582361685
C            1.16028855544933       -1.20810207092769        0.30402417581395
H            1.32178977426254       -1.17966964736991        1.40478685930793
O           -0.19459510361398       -1.48002440487581        0.04431104279069
O            1.92893631244526       -2.19325630456027       -0.28495418156046
O            2.90356745547308        0.47456921668290        0.08887402883795
O            0.90297823302557        2.48006440395018       -0.39790736723519
O           -1.69233389410387        1.79252784825418        0.50767078305005
O           -2.99729988930974       -0.77363749195917       -0.94905605557424
H           -3.16045695885608       -0.48143499464649        1.08691152921033
H           -2.55132290440214       -2.06245938156964        0.51731235904038
H            1.50667946858568       -3.05631560201720       -0.15314675111664
H            3.49805893171027       -0.23609410247124       -0.19320848477228
H            1.84682688097743        2.68544463024858       -0.32717758373357
H           -1.39411420201088        2.67964134386742        0.25307458689861
H           -3.20426633023735        0.16481549579705       -1.06123526509638
24
 energy: -43.389673815223 gnorm: 0.000197223298 xtb: 6.7.1 (edcfbbe)
C           -2.52235416724539       -0.98404207899354        0.35292213812926
C           -1.07491949797347       -0.51415683542315        0.58670049551144
H           -0.90952067402845       -0.44471138633189        1.67396304260889
C           -0.79445705309211        0.86024146938907       -0.03496363039387
H           -0.92020314028025        0.78561314421372       -1.12662112594137
C            0.66308121378266        1.24869055548520        0.23612531504603
H            0.81751759830246        1.34928545719110        1.32275036607862
C            1.58993066167357        0.14688109147213       -0.28327475591024
H            1.49724346507472        0.08184274204241       -1.37777162875983
C            1.16037217694684       -1.20830577917345        0.30443209268608
H            1.32225091334957       -1.17991438100527        1.40513672551776
O           -0.19451762782826       -1.48037208234332        0.04505876035000
O            1.92887022677016       -2.19342879985018       -0.28488414149842
O            2.90355400142607        0.47431356666987        0.08985027487844
O            0.90260857564171        2.47965954432340       -0.39926802615758
O           -1.69247827172351        1.79231721550795        0.50702151956730
O           -2.99824328052087       -0.77028760300969       -0.94854615134257
H           -3.16060679061972       -0.48494909376925        1.08835601444372
H           -2.55021074022917       -2.06352967898966        0.51328435833587
H            1.50725272498496       -3.05660865780537       -0.15204187769343
H            3.49819949082607       -0.23574492529565       -0.19347116205770
H            1.84615113906370        2.68605457742929       -0.32765903462293
H           -1.39436169156891        2.67932046405776        0.25190556469115
H           -3.20423061625574        0.16870504601428       -1.05789843441166
24
 energy: -43.389674251369 gnorm: 0.000150557183 xtb: 6.7.1 (edcfbbe)
C           -2.52230119475642       -0.98445288763045        0.35246217706465
C           -1.07497444139938       -0.51427437501008        0.58680643781127
H           -0.90983494481182       -0.44456432694841        1.67409070944848
C           -0.79443030314547        0.85990516072173       -0.03523990740310
H           -0.92013401348053        0.78501597374213       -1.12688538266663
C            0.66304816417163        1.24856143630100        0.23576310446262
H            0.81747881398264        1.34978639512043        1.32233038151640
C            1.59013877228327        0.14668876582496       -0.28309904299794
H            1.49786699166651        0.08133397331835       -1.37760679156091
C            1.16047708696920       -1.20837385724418        0.30482624536562
H            1.32254409621452       -1.17984555251901        1.40549199362209
O           -0.19441080012834       -1.48058035129202        0.04559929411816
O            1.92886373218436       -2.19364808843478       -0.28444307026650
O            2.90357861703202        0.47437466651853        0.09048296358052
O            0.90237515885352        2.47920845716006       -0.40036072450296
O           -1.69252263946752        1.79205794848192        0.50649341563546
O           -2.99914507027258       -0.76749131863134       -0.94808934908658
H           -3.16055886641165       -0.48785226117213        1.08955454438081
H           -2.54933328272716       -2.06438334924483        0.50988885906038
H            1.50721552962848       -3.05675307069123       -0.15150704855157
H            3.49863879957691       -0.23515275695838       -0.19333584141994
H            1.84565371418444        2.68641782466169       -0.32800777360289
H           -1.39463842161897        2.67903471739394        0.25100151916443
H           -3.20466686205101        0.17186044833785       -1.05511001411691
24
 energy: -43.389674658459 gnorm: 0.000094384056 xtb: 6.7.1 (edcfbbe)
C           -2.52223911978643       -0.98477381413863        0.35210297226832
C           -1.07492766952808       -0.51441800061405        0.58670823748549
H           -0.91000705463509       -0.44450735051586        1.67399414682569
C           -0.79442233735720        0.85965494760657       -0.03554629467282
H           -0.92007574315395        0.78446944139825       -1.12717436462773
C            0.66301214719561        1.24844920126849        0.23536471182272
H            0.81741809078987        1.35002896356872        1.32189981925190
C            1.59034654007159        0.14650607476225       -0.28297815950972
H            1.49837473890392        0.08085133173057       -1.37748794132421
C            1.16070032463423       -1.20845418265639        0.30521716956108
H            1.32264371104255       -1.17965391378848        1.40589279262526
O           -0.19414745776721       -1.48074583458342        0.04586446304781
O            1.92907488002496       -2.19400011326889       -0.28367479888184
O            2.90356409627584        0.47458752780597        0.09091163142396
O            0.90223964328934        2.47891973477861       -0.40115543225299
O           -1.69258667985127        1.79185800356900        0.50593950205889
O           -2.99991996869697       -0.76507215140073       -0.94759505400367
H           -3.16041524131980       -0.49031274279405        1.09070061955096
H           -2.54852697694931       -2.06507145625797        0.50703003947436
H            1.50681380828065       -3.05687263335355       -0.15145292619168
H            3.49914151963796       -0.23454074021595       -0.19285001190578
H            1.84533806013685        2.68664030004349       -0.32825398997012
H           -1.39495229034223        2.67885077566946        0.25020352921849
H           -3.20551838441920        0.17448020319231       -1.05255396221939
24
 energy: -43.389675101100 gnorm: 0.000116743096 xtb: 6.7.1 (edcfbbe)
C           -2.52210713232044       -0.98513153910107        0.35170344221754
C           -1.07480874145021       -0.51459669256425        0.58652229861905
H           -0.90993594149063       -0.44452918442849        1.67380048756611
C           -0.79439156214956        0.85933432249011       -0.03606298821630
H           -0.91993574496445        0.78377908405420       -1.12769058898380
C            0.66295694358456        1.24829404677321        0.23500384098875
H            0.81722701714504        1.35011739763427        1.32154858886426
C            1.59061084507007        0.14637177244752       -0.28288695665239
H            1.49889917396462        0.08037253041595       -1.37740734019010
C            1.16094026223626       -1.20844196669296        0.30564760523283
H            1.32253216449139       -1.17926719295177        1.40637256006378
O           -0.19381973547523       -1.48086876257703        0.04592097615874
O            1.92948235196788       -2.19426814929629       -0.28258796415339
O            2.90358536107869        0.47494523715465        0.09127110803061
O            0.90217751786257        2.47862808768896       -0.40176111836022
O           -1.69273053297380        1.79153474932365        0.50507060007275
O           -3.00090860876317       -0.76239197935758       -0.94700330997263
H           -3.15995996816218       -0.49287013668365        1.09205111821032
H           -2.54763799383850       -2.06583634675633        0.50399749405514
H            1.50621905686340       -3.05681918134990       -0.15166017208232
H            3.49967605960294       -0.23396763219153       -0.19197378695751
H            1.84516795727756        2.68661455198915       -0.32848215224578
H           -1.39528043670191        2.67855576182983        0.24921283035711
H           -3.20702967637825        0.17731479395508       -1.04949987356756
24
 energy: -43.389675549178 gnorm: 0.000133883254 xtb: 6.7.1 (edcfbbe)
C           -2.52193566340086       -0.98550900216058        0.35133901688039
C           -1.07461862192690       -0.51485119926068        0.58620303416022
H           -0.90973322126521       -0.44460022766807        1.67345698228153
C           -0.79433473144282        0.85897505488417       -0.03667078380338
H           -0.91961472462237        0.78297149381907       -1.12829773800024
C            0.66288124000501        1.24819817020529        0.23463867579249
H            0.81684158621723        1.35021875684343        1.32121379806968
C            1.59088777186917        0.14629321199370       -0.28272996574560
H            1.49942637873621        0.07994926471319       -1.37725497117554
C            1.16124036462942       -1.20841311002546        0.30608501704327
H            1.32230289169363       -1.17879682505953        1.40688160807322
O           -0.19337413599301       -1.48105105612683        0.04584442473993
O            1.93013843195235       -2.19448824647747       -0.28130251843098
O            2.90365578326041        0.47531532852973        0.09163786974221
O            0.90213624563817        2.47844928732955       -0.40225005343604
O           -1.69301149573727        1.79117376913008        0.50388925236049
O           -3.00200372119211       -0.75941374969761       -0.94627755320863
H           -3.15948718090755       -0.49570980158533        1.09357749490590
H           -2.54669959357604       -2.06664078286531        0.50070352232284
H            1.50562028326222       -3.05668176429244       -0.15206143821693
H            3.50008090399794       -0.23362378267204       -0.19083554330035
H            1.84510572831160        2.68647016480190       -0.32882808273547
H           -1.39561521562466        2.67820053564322        0.24799293371913
H           -3.20896066740793        0.18043808180377       -1.04584828298316
24
 energy: -43.389675965279 gnorm: 0.000107258443 xtb: 6.7.1 (edcfbbe)
C           -2.52170279546342       -0.98597760730918        0.35096588728035
C           -1.07442676189098       -0.51511740074075        0.58587231319509
H           -0.90947643569930       -0.44467303384505        1.67309720120745
C           -0.79423809451329        0.85854752883219       -0.03740711722469
H           -0.91918527014877        0.78201077885933       -1.12904148609017
C            0.66278832372549        1.24815822958636        0.23435704637648
H            0.81638720117534        1.35040052608968        1.32097139914385
C            1.59111930737524        0.14628154518297       -0.28250992481263
H            1.49990940641753        0.07966553970562       -1.37704973242771
C            1.16150270127770       -1.20832812009215        0.30657664903016
H            1.32202378549927       -1.17831658667045        1.40745704029637
O           -0.19292695681045       -1.48124201982135        0.04576148697561
O            1.93087735478461       -2.19454346479578       -0.27999209045366
O            2.90373828691177        0.47563587936214        0.09204911768663
O            0.90208202274019        2.47832191085073       -0.40266287472146
O           -1.69337743857425        1.79072568851095        0.50242497112689
O           -3.00317426746167       -0.75614396884562       -0.94548636421336
H           -3.15886596558131       -0.49880718838673        1.09525844627072
H           -2.54566522828915       -2.06757755347851        0.49713231820184
H            1.50508413499948       -3.05640838812536       -0.15258305835260
H            3.50026883667935       -0.23356024499122       -0.18954185230972
H            1.84510038786514        2.68620417313104       -0.32936322478419
H           -1.39590768755382        2.67773079637329        0.24655113483559
H           -3.21100621098805        0.18388655242360       -1.04173058718186
24
 energy: -43.389676303966 gnorm: 0.000062911175 xtb: 6.7.1 (edcfbbe)
C           -2.52149407627994       -0.98640435441795        0.35062776060378
C           -1.07424528256070       -0.51539775061468        0.58558435742922
H           -0.90921407544371       -0.44469433029660        1.67277287428021
C           -0.79415580345460        0.85811023482464       -0.03808613438469
H           -0.91862517657036        0.78098813459614       -1.12972987895675
C            0.66266850208648        1.24813526901259        0.23411413487973
H            0.81580999935470        1.35063690843439        1.32076614158213
C            1.59135047962631        0.14630974650363       -0.28222752714989
H            1.50039937815110        0.07943554847720       -1.37677561757266
C            1.16175413864682       -1.20825250371625        0.30698328657990
H            1.32185353810303       -1.17790356980866        1.40791899639843
O           -0.19249722496606       -1.48149284655748        0.04575102117098
O            1.93161813535039       -2.19451504857903       -0.27891403646727
O            2.90388358238506        0.47587089653329        0.09251549767058
O            0.90196712563622        2.47822812129208       -0.40303411592862
O           -1.69385995875708        1.79030698557073        0.50083159821824
O           -3.00440422299370       -0.75280492877406       -0.94464474076027
H           -3.15836272357831       -0.50197883177618        1.09695341477501
H           -2.54464317227765       -2.06846205903516        0.49349575870043
H            1.50484239339186       -3.05614658850791       -0.15302462789296
H            3.50033776999007       -0.23372047276798       -0.18822439549193
H            1.84506215016067        2.68592161072036       -0.33001917210060
H           -1.39621793636196        2.67726260320444        0.24499535679074
H           -3.21289890316202        0.18744079748817       -1.03752325331875
24
 energy: -43.389676555039 gnorm: 0.000053104149 xtb: 6.7.1 (edcfbbe)
C           -2.52132591535052       -0.98682156556685        0.35036564958472
C           -1.07413178405699       -0.51561883823672        0.58535466156274
H           -0.90908468019267       -0.44470998423104        1.67252023638698
C           -0.79406557081030        0.85770088088693       -0.03874678548317
H           -0.91813394142890        0.78004813695054       -1.13040459691579
C            0.66255103443631        1.24816069889857        0.23393918778018
H            0.81535131929269        1.35090367935373        1.32062052000078
C            1.59145154444726        0.14634513250253       -0.28198840107630
H            1.50078997406418        0.07936085364412       -1.37656174306956
C            1.16193473812025       -1.20820519510572        0.30733649315696
H            1.32176911499067       -1.17771405851265        1.40832073796796
O           -0.19217428245356       -1.48170798334945        0.04580217896796
O            1.93217120294127       -2.19441001889684       -0.27820852568375
O            2.90390514387946        0.47600704955947        0.09299590749056
O            0.90182587809907        2.47818274314666       -0.40336037051478
O           -1.69424894321762        1.78991541843471        0.49936250851064
O           -3.00547335303624       -0.74977705130748       -0.94384685024347
H           -3.15793298209806       -0.50485847284276        1.09849750044753
H           -2.54376995321924       -2.06928827664743        0.49023108804322
H            1.50493561478548       -3.05596300291559       -0.15317301632386
H            3.50024188369016       -0.23393636158090       -0.18708886600012
H            1.84499334175193        2.68571562128318       -0.33066708619833
H           -1.39642142896462        2.67681873902637        0.24357335694071
H           -3.21422931919337        0.19072542731236       -1.03376708627683
24
 energy: -43.389676732084 gnorm: 0.000071331165 xtb: 6.7.1 (edcfbbe)
C           -2.52125639371567       -0.98710297400559        0.35019372648524
C           -1.07409947881421       -0.51575331557609        0.58521906501302
H           -0.90899303241785       -0.44459209386176        1.67235328125088
C           -0.79403776432662        0.85741758074710       -0.03919453192498
H           -0.91771875997087        0.77930335027765       -1.13086002405523
C            0.66244103329069        1.24814073992548        0.23381999544597
H            0.81494302769453        1.35104112754236        1.32052121750435
C            1.59156133377548        0.14637138566788       -0.28178080123657
H            1.50110970395190        0.07930918542852       -1.37636185955835
C            1.16201669201431       -1.20820303517174        0.30745972898025
H            1.32180551736195       -1.17765596040411        1.40844453140083
O           -0.19203984593145       -1.48189600251536        0.04588550992863
O            1.93245025334929       -2.19429752905638       -0.27801914632240
O            2.90397746264435        0.47606970007341        0.09339500140022
O            0.90172090205144        2.47812737166545       -0.40354654710217
O           -1.69462183898583        1.78969453668071        0.49817592072871
O           -3.00640672118194       -0.74755920313406       -0.94319294580718
H           -3.15765113798628       -0.50698636132068        1.09968380015409
H           -2.54313902603814       -2.06985795117191        0.48784351478631
H            1.50534679589576       -3.05592932432812       -0.15297187476892
H            3.50022833595541       -0.23408076376218       -0.18633590319760
H            1.84492218586669        2.68559212502156       -0.33098576917555
H           -1.39661217356986        2.67654202825727        0.24240758048210
H           -3.21501843443645        0.19317895482631       -1.03104677135667
24
 energy: -43.389676947027 gnorm: 0.000081360836 xtb: 6.7.1 (edcfbbe)
C           -2.52121313584088       -0.98738883488445        0.35003465291385
C           -1.07406200358374       -0.51590577021054        0.58504755485941
H           -0.90889418381972       -0.44446754344778        1.67215130958843
C           -0.79400840061436        0.85704968010926       -0.03983613190529
H           -0.91718183519766        0.77837982908941       -1.13152287395463
C            0.66227828116228        1.24809279016467        0.23367254185913
H            0.81439254733028        1.35113857385019        1.32041697518285
C            1.59163260703624        0.14637615184338       -0.28160071220159
H            1.50152654276845        0.07928047011753       -1.37621230081957
C            1.16213218149985       -1.20825356169683        0.30755291728774
H            1.32188087019666       -1.17776275204964        1.40854483902566
O           -0.19188996760370       -1.48210956626762        0.04596479940251
O            1.93271566343111       -2.19417549623962       -0.27800569820092
O            2.90394279445257        0.47612076467181        0.09394916703461
O            0.90157978331398        2.47805684301399       -0.40373079463892
O           -1.69505232680869        1.78942194993913        0.49661689623954
O           -3.00764017789850       -0.74474548988894       -0.94228767636108
H           -3.15737374575908       -0.50962610622201        1.10123304686813
H           -2.54237424587693       -2.07050314731581        0.48488662682219
H            1.50622038972237       -3.05601702769109       -0.15231436403984
H            3.50019817797832       -0.23413572620063       -0.18550000581499
H            1.84478527285216        2.68551660196862       -0.33117819511715
H           -1.39681891498559        2.67620498081309        0.24088387127677
H           -3.21584753727876        0.19632595833962       -1.02765974625189
24
 energy: -43.389677121516 gnorm: 0.000076846991 xtb: 6.7.1 (edcfbbe)
C           -2.52120526504370       -0.98766851560804        0.34987830194708
C           -1.07406620586818       -0.51603919798908        0.58485194995692
H           -0.90884790226493       -0.44439798876004        1.67192746629555
C           -0.79400590503735        0.85674486242583       -0.04038988053382
H           -0.91682495130399        0.77759229752674       -1.13208368372977
C            0.66213987124628        1.24802453490285        0.23348413004816
H            0.81400205707093        1.35117798950171        1.32025100415898
C            1.59172086874103        0.14634455476230       -0.28144509194491
H            1.50193371893090        0.07923261109958       -1.37607731196770
C            1.16219721885471       -1.20832829277946        0.30760873740766
H            1.32190948349853       -1.17787269951947        1.40860509331030
O           -0.19181920292340       -1.48229512552440        0.04596905383122
O            1.93287707497983       -2.19412253781188       -0.27800942830465
O            2.90390590611485        0.47619586537303        0.09446234713153
O            0.90147121965647        2.47795697018740       -0.40396388533200
O           -1.69538742476574        1.78919567801971        0.49535594581864
O           -3.00874655766155       -0.74227593983496       -0.94149093626824
H           -3.15706228356598       -0.51188621898212        1.10258560162078
H           -2.54179183653472       -2.07109185651984        0.48231104661887
H            1.50707961339814       -3.05617993588050       -0.15147270519252
H            3.50030229293655       -0.23398138228467       -0.18489479522478
H            1.84464058832814        2.68550927151443       -0.33123777041755
H           -1.39701276226040        2.67593534787775        0.23963511286290
H           -3.21648098004979        0.19910328010889       -1.02475360303766
24
 energy: -43.389677253842 gnorm: 0.000055215601 xtb: 6.7.1 (edcfbbe)
C           -2.52122909669193       -0.98781499402393        0.34970911350079
C           -1.07405822940270       -0.51618052864358        0.58469119082539
H           -0.90878556634684       -0.44442409300700        1.67174754678819
C           -0.79400916111539        0.85650074782238       -0.04076296370345
H           -0.91660420168917        0.77706401629732       -1.13246164728942
C            0.66204062193311        1.24794178692625        0.23330230064193
H            0.81371902470237        1.35121732430411        1.32008577467610
C            1.59179568295400        0.14628235737311       -0.28138528744609
H            1.50229370216862        0.07910224066147       -1.37603672501658
C            1.16227059656397       -1.20840651185507        0.30763913729687
H            1.32186880874063       -1.17793903978439        1.40864806966209
O           -0.19174169502612       -1.48243345809546        0.04590719476196
O            1.93302623732008       -2.19414168544040       -0.27795004743633
O            2.90384268819335        0.47626665450170        0.09486185920161
O            0.90136694882361        2.47782386238281       -0.40424086528777
O           -1.69558953710266        1.78899477230038        0.49456097134147
O           -3.00962397016050       -0.74036710807092       -0.94092582754902
H           -3.15686485478584       -0.51354670870196        1.10356764759786
H           -2.54139253372909       -2.07146541017345        0.48030051599322
H            1.50785021359089       -3.05637455950106       -0.15059031694971
H            3.50045813028083       -0.23371387521020       -0.18453290078664
H            1.84447632426747        2.68554187078384       -0.33127095433644
H           -1.39714631046761        2.67571757165252        0.23885750283738
H           -3.21703518654447        0.20122833930729       -1.02261459026844
24
 energy: -43.389677338669 gnorm: 0.000031509131 xtb: 6.7.1 (edcfbbe)
C           -2.52124011312888       -0.98791065982759        0.34955829041528
C           -1.07404893145660       -0.51627409866229        0.58455384456130
H           -0.90876467279753       -0.44451399766752        1.67160727405929
C           -0.79403359255088        0.85637704290302       -0.04097712058533
H           -0.91657589818280        0.77682744878295       -1.13267686985213
C            0.66198538590859        1.24786296230014        0.23314308880016
H            0.81362488795266        1.35123089993387        1.31992314999163
C            1.59186594056741        0.14621371159385       -0.28135628453264
H            1.50252853400777        0.07898012329336       -1.37601379842924
C            1.16230484140068       -1.20846609398990        0.30766962542504
H            1.32176130559295       -1.17794832304401        1.40869500517348
O           -0.19170127934657       -1.48251656022673        0.04580141101987
O            1.93312193469909       -2.19419387613160       -0.27782089373988
O            2.90381720623076        0.47631597207540        0.09509679785637
O            0.90129325282540        2.47769776769658       -0.40449250753590
O           -1.69568194714753        1.78887436864551        0.49422261516819
O           -3.01013339795625       -0.73916286210065       -0.94061813289899
H           -3.15671318132381       -0.51455347059225        1.10412729115860
H           -2.54117535184870       -2.07170171953078        0.47901194584550
H            1.50837795393255       -3.05653532470871       -0.14985521033732
H            3.50063707820300       -0.23345513527383       -0.18440116092783
H            1.84434508373592        2.68557341287213       -0.33131153102626
H           -1.39724301903642        2.67560396264955        0.23853622250780
H           -3.21742338380419        0.20254802081528       -1.02131635306200
