----------------------------------------------- 
  Element       SASA      Sigma Z        Total  
     Z         Ang**2 cal/Ang**2/mol   kcal/mol 
----------------------------------------------- 
      H        158.364      48.690       7.711
      C         35.017     129.740       4.543
      O         27.110       0.000       0.000

 Subtotal:     220.492                  12.254
 -----------------------------------------------

  Elements    COT*SASA   Sigma Z,Z'     Total   
    Z,Z'       Ang**2  cal/Ang**2/mol kcal/mol  
 ---------------------------------------------- 
  H   C        106.644     -60.770      -6.481
  H   O          0.000       0.000       0.000
  C   C         28.001     -72.950      -2.043
  O   C         14.764      68.690       1.014
  O   O          0.000       0.000       0.000

 Subtotal:                              -7.509
 ---------------------------------------------- 

 NONAQUEOUS SOLVENT CONTRIBUTION (kcal/mol):
 (proportional to SASA, atomic number independent)
 ---------------------------------------------- 
 Subtotal:                               0.000
 ---------------------------------------------- 

 CDS TOTAL (kcal/mol):                   4.745
...............................................................................
