----------------------------------------------- 
  Element       SASA      Sigma Z        Total  
     Z         Ang**2 cal/Ang**2/mol   kcal/mol 
----------------------------------------------- 
      H        207.642      48.690      10.110
      C         32.397     129.740       4.203
      O         16.021       0.000       0.000

 Subtotal:     256.060                  14.313
 -----------------------------------------------

  Elements    COT*SASA   Sigma Z,Z'     Total   
    Z,Z'       Ang**2  cal/Ang**2/mol kcal/mol  
 ---------------------------------------------- 
  H   C        131.914     -60.770      -8.016
  H   O          7.940       0.000       0.000
  C   C         26.718     -72.950      -1.949
  O   C          0.000      68.690       0.000

 Subtotal:                              -9.965
 ---------------------------------------------- 

 NONAQUEOUS SOLVENT CONTRIBUTION (kcal/mol):
 (proportional to SASA, atomic number independent)
 ---------------------------------------------- 
 Subtotal:                               0.000
 ---------------------------------------------- 

 CDS TOTAL (kcal/mol):                   4.348
...............................................................................
