15
 energy: -196.462654768980 gnorm: 0.025263201761 xtb: 6.7.1 (edcfbbe)
C           -2.06927279371695        0.07076015543136       -0.00013266220006
C           -0.70662495611312        0.68563472330382        0.00021666130010
C            0.45164947090014        0.03730313571653        0.00020592890009
C            1.76180897228070        0.76807094774035       -0.00013782440006
C            0.55637046594654       -1.46462775444902        0.00002828400001
H           -2.62498710086320        0.39719252467601        0.87878435588941
H           -2.62442025876295        0.39788672637631       -0.87913786838957
H           -2.02323283889655       -1.01333080854903       -0.00063309960028
H           -0.70259372951134        1.76895677258387        0.00015978710007
H            2.34286040853818        0.49586663381973        0.88046156919016
H            2.34307321103828        0.49423856711901       -0.88006392628998
H            1.61337254771493        1.84485257491750       -0.00118607970053
H            0.06895957463056       -1.88663366873602        0.87736618408878
H            0.08087846473584       -1.88505847103532       -0.88463657309201
H            1.59840671330830       -1.77151646208501        0.00673613300298
15
 energy: -196.463429719441 gnorm: 0.007812590378 xtb: 6.7.1 (edcfbbe)
C           -2.07241066391856        0.07120859623206       -0.00012561387032
C           -0.71021529016569        0.69406432456718        0.00029151532119
C            0.45602981031758        0.04116651275369        0.00031158837393
C            1.76656481805418        0.77514273542356       -0.00018848251875
C            0.55387263306486       -1.46631119803035        0.00004431728272
H           -2.64264760031894        0.39241869231348        0.87820256355604
H           -2.64213585890441        0.39306671619845       -0.87854544522941
H           -2.03209617432718       -1.01905667764577       -0.00061305710088
H           -0.69632287197948        1.78300162083654        0.00021739758233
H            2.35926517245239        0.50088215424682        0.87949390415303
H            2.35947358518494        0.49925308816164       -0.87922368875512
H            1.62423912525113        1.85825197622740       -0.00122504923245
H            0.06601625124041       -1.90093522381860        0.87742222396230
H            0.07838622013673       -1.89940628779185       -0.88493631834944
H            1.59822907777098       -1.78315128284728        0.00690507881186
15
 energy: -196.463496991764 gnorm: 0.001372359120 xtb: 6.7.1 (edcfbbe)
C           -2.07344232688952        0.07233044984628       -0.00008449199046
C           -0.71238750317624        0.69670612392101        0.00027833889261
C            0.45684837570277        0.04242569597798        0.00026241223706
C            1.76741394864329        0.77657891451373       -0.00022236688110
C            0.55322805968823       -1.46626469809203        0.00004736412674
H           -2.65063904319552        0.38983384495835        0.87776228110713
H           -2.65018039652452        0.39046117022179       -0.87800404201052
H           -2.03345334695226       -1.01967440955562       -0.00057167525944
H           -0.69197402812046        1.78716729990709        0.00026330324136
H            2.36608919755636        0.50322220615769        0.87850752368972
H            2.36624290842252        0.50163852717283       -0.87836080735200
H            1.62780976980371        1.86154207444599       -0.00122787896877
H            0.06478361219450       -1.90519232568540        0.87721674515121
H            0.07770621790870       -1.90371586470562       -0.88503502159461
H            1.59820281476300       -1.78746320498405        0.00719928015380
15
 energy: -196.463499608739 gnorm: 0.000269726568 xtb: 6.7.1 (edcfbbe)
C           -2.07289059697273        0.07270509201344       -0.00004060020136
C           -0.71273430585470        0.69658469278718        0.00032319952409
C            0.45675118467382        0.04217718385997        0.00027654119120
C            1.76653255866028        0.77656737613194       -0.00027562831287
C            0.55299471591910       -1.46618605380488        0.00004527590160
H           -2.65104182530038        0.38929350443559        0.87767236569452
H           -2.65060571505268        0.38990625769735       -0.87781740029291
H           -2.03221064578344       -1.01926642563771       -0.00052643895037
H           -0.68939430117578        1.78690244291068        0.00028690323579
H            2.36595932724721        0.50370671804629        0.87825172492215
H            2.36604937375766        0.50215328830980       -0.87826765100928
H            1.62727004653176        1.86153107994961       -0.00126044246431
H            0.06409314025631       -1.90512212689743        0.87698341056270
H            0.07764019367436       -1.90362324154015       -0.88516985488036
H            1.59783511602944       -1.78773398782148        0.00754956827819
15
 energy: -196.463499608739 gnorm: 0.000269726568 xtb: 6.7.1 (edcfbbe)
C           -2.07289059697273        0.07270509201344       -0.00004060020136
C           -0.71273430585470        0.69658469278718        0.00032319952409
C            0.45675118467382        0.04217718385997        0.00027654119120
C            1.76653255866028        0.77656737613194       -0.00027562831287
C            0.55299471591910       -1.46618605380488        0.00004527590160
H           -2.65104182530038        0.38929350443559        0.87767236569452
H           -2.65060571505268        0.38990625769735       -0.87781740029291
H           -2.03221064578344       -1.01926642563771       -0.00052643895037
H           -0.68939430117578        1.78690244291068        0.00028690323579
H            2.36595932724721        0.50370671804629        0.87825172492215
H            2.36604937375766        0.50215328830980       -0.87826765100928
H            1.62727004653176        1.86153107994961       -0.00126044246431
H            0.06409314025631       -1.90512212689743        0.87698341056270
H            0.07764019367436       -1.90362324154015       -0.88516985488036
H            1.59783511602944       -1.78773398782148        0.00754956827819
