----------------------------------------------- 
  Element       SASA      Sigma Z        Total  
     Z         Ang**2 cal/Ang**2/mol   kcal/mol 
----------------------------------------------- 
      H         71.727      48.690       3.492
      C         42.605     129.740       5.528
      O         26.440       0.000       0.000

 Subtotal:     140.773                   9.020
 -----------------------------------------------

  Elements    COT*SASA   Sigma Z,Z'     Total   
    Z,Z'       Ang**2  cal/Ang**2/mol kcal/mol  
 ---------------------------------------------- 
  H   C         48.354     -60.770      -2.938
  H   O          0.000       0.000       0.000
  C   C         41.070     -72.950      -2.996
  O   C         16.468      68.690       1.131

 Subtotal:                              -4.803
 ---------------------------------------------- 

 NONAQUEOUS SOLVENT CONTRIBUTION (kcal/mol):
 (proportional to SASA, atomic number independent)
 ---------------------------------------------- 
 Subtotal:                               0.000
 ---------------------------------------------- 

 CDS TOTAL (kcal/mol):                   4.217
...............................................................................
