----------------------------------------------- 
  Element       SASA      Sigma Z        Total  
     Z         Ang**2 cal/Ang**2/mol   kcal/mol 
----------------------------------------------- 
      H        174.936      48.690       8.518
      C         57.283     129.740       7.432
      O         16.831       0.000       0.000

 Subtotal:     249.050                  15.950
 -----------------------------------------------

  Elements    COT*SASA   Sigma Z,Z'     Total   
    Z,Z'       Ang**2  cal/Ang**2/mol kcal/mol  
 ---------------------------------------------- 
  H   C        110.873     -60.770      -6.738
  H   O          7.098       0.000       0.000
  C   C         57.831     -72.950      -4.219
  O   C          0.000      68.690       0.000

 Subtotal:                             -10.957
 ---------------------------------------------- 

 NONAQUEOUS SOLVENT CONTRIBUTION (kcal/mol):
 (proportional to SASA, atomic number independent)
 ---------------------------------------------- 
 Subtotal:                               0.000
 ---------------------------------------------- 

 CDS TOTAL (kcal/mol):                   4.993
...............................................................................
