24
 energy: -43.383279392931 gnorm: 0.058035506460 xtb: 6.7.1 (edcfbbe)
C           -2.57422113337369       -0.88940105705166        0.32210679182878
C           -1.14480395913019       -0.45966804853111        0.55521741637537
H           -0.98188865215991       -0.42540089551614        1.64515505376465
C           -0.80899922046404        0.90949982362284       -0.04034694706948
H           -0.99243960312962        0.88888631889750       -1.12419033099627
C            0.65899405362403        1.22948286274697        0.20195009502527
H            0.82412540478379        1.33999027004454        1.28562869243491
C            1.54404890686360        0.10551025886731       -0.31726103046355
H            1.44572386507128        0.03253450799181       -1.41098134841537
C            1.09528288129435       -1.21930280954930        0.29162771605345
H            1.21204931451681       -1.20624288636863        1.38810230879206
O           -0.28176114670407       -1.44766465706305       -0.03394351077525
O            1.85106573451490       -2.24971521470446       -0.28724804181148
O            2.88915658310298        0.41698715641119        0.05281606282519
O            0.93767614617183        2.46757895580568       -0.46324468605374
O           -1.65680842108288        1.87324140474554        0.59121931818232
O           -2.86020641851649       -0.86219150931522       -1.08380703866840
H           -3.23933515124192       -0.21060498101530        0.87043680849286
H           -2.70443618171139       -1.90279814097844        0.72489288187108
H            1.80913527457518       -3.02131520825076        0.29350849174339
H            3.46870259454763       -0.20978842514076       -0.40033818574255
H            1.82793135211421        2.74214980235386       -0.20705125378561
H           -1.40526161951817        2.74162213973251        0.24868715112863
H           -3.77402837968441       -1.15189562053729       -1.19505613795741
24
 energy: -43.386352667142 gnorm: 0.030241779983 xtb: 6.7.1 (edcfbbe)
C           -2.57336326113702       -0.89118846812118        0.31327831970069
C           -1.13473813325579       -0.46892338794791        0.56068470324985
H           -0.96879512343621       -0.42384888755698        1.64851931809291
C           -0.81796410287970        0.90689932700108       -0.03233340675441
H           -1.01228023384129        0.88157962693081       -1.11282162390229
C            0.65414024309147        1.23890373843010        0.20341850736596
H            0.82974993758530        1.35253739412844        1.28347678114855
C            1.54487122926038        0.11358483978222       -0.31584139458119
H            1.44548644968704        0.03766758505777       -1.40642363591572
C            1.09664840943342       -1.21785835367517        0.29138698437668
H            1.22353427347091       -1.18610294433366        1.38640945377590
O           -0.27496001340108       -1.45914904627507       -0.00123404333111
O            1.85234166193925       -2.23860421185611       -0.27780948955251
O            2.88154368641011        0.41776872862335        0.04681657724857
O            0.92903237303990        2.46629401633707       -0.45443861630260
O           -1.65250652383170        1.86425510049683        0.59599654583064
O           -2.85621405917755       -0.86087369326945       -1.07816596656241
H           -3.22942238291274       -0.19695533083693        0.85136964155598
H           -2.70453883345592       -1.90706982013496        0.70493323512354
H            1.78540257142819       -3.03561819795281        0.26972632826592
H            3.46608094767403       -0.21981098258671       -0.38728702783246
H            1.83332072152283        2.73003945096264       -0.23048148664846
H           -1.40596321325525        2.73462616289917        0.24952474917527
H           -3.77170439949479       -1.14665859890490       -1.20082417674843
24
 energy: -43.387957437423 gnorm: 0.013187872865 xtb: 6.7.1 (edcfbbe)
C           -2.57140773525816       -0.89542336305100        0.30422856590803
C           -1.12369941009542       -0.47786727088566        0.57107157478565
H           -0.97034103770832       -0.42004382839174        1.66069587605855
C           -0.82415277224652        0.90460511836504       -0.02269917817936
H           -1.02318408983939        0.87105318604937       -1.10230728934280
C            0.65306073216096        1.25023326009168        0.20174421099666
H            0.83216093550302        1.35898611147860        1.28189749800994
C            1.54744879024241        0.12193805620899       -0.31911044201883
H            1.43982551695682        0.04455476670318       -1.40824360410569
C            1.09865732092089       -1.21277804174235        0.29881502294560
H            1.24395361490717       -1.15449256931098        1.39572009242387
O           -0.26573293171451       -1.46530669376780        0.03854369572006
O            1.85547682944435       -2.21676621062875       -0.26395843704011
O            2.87183112865771        0.42190222996797        0.03776412450965
O            0.91509192818787        2.46695938109797       -0.44829248109891
O           -1.65235732216388        1.84519109418789        0.60475071215736
O           -2.83766302247038       -0.85433338690421       -1.07483938369928
H           -3.21406866686713       -0.18889105073078        0.84137755773726
H           -2.70373870091164       -1.91170891992282        0.69075656096235
H            1.73178048177263       -3.05848103559606        0.21960611409074
H            3.46461059281652       -0.23695947780685       -0.35784638081217
H            1.84132670419062        2.71337759884082       -0.28096767129312
H           -1.41595320805019        2.72140752035172        0.26076965525369
H           -3.75322345397164       -1.13566242740658       -1.22159611719032
24
 energy: -43.388309470172 gnorm: 0.013945643368 xtb: 6.7.1 (edcfbbe)
C           -2.56928455813105       -0.89650244965799        0.30139235458093
C           -1.12148201909522       -0.47929248761002        0.57868636167528
H           -0.97953115881379       -0.41550123133222        1.67057518602536
C           -0.82438161538261        0.90364615711775       -0.01723623345006
H           -1.02306300782250        0.86650662598316       -1.09762473181059
C            0.65393806842629        1.25286719349598        0.20110515520628
H            0.83462570446993        1.35894801786842        1.28257209851346
C            1.54746514104020        0.12406950295926       -0.32155169972830
H            1.43179993713196        0.04336706920256       -1.41065960114676
C            1.10155983133295       -1.20983646422936        0.30367248800048
H            1.25660625757456       -1.14113002111506        1.40131867660343
O           -0.26234944054780       -1.46705716724161        0.05459872790918
O            1.85722172727349       -2.21230903363588       -0.25845674978921
O            2.87123804570817        0.42657259395454        0.02909402439886
O            0.90950624733289        2.46817212097615       -0.45092490493552
O           -1.65475217934223        1.83893789062941        0.61296416969545
O           -2.82253878764424       -0.84991101336172       -1.07911279839530
H           -3.21276781983572       -0.19209510611817        0.84051066518687
H           -2.70443624271471       -1.91280290918924        0.68769327861266
H            1.70518658638071       -3.06417848142429        0.19822948547314
H            3.46319074719464       -0.24644766543374       -0.34492619649501
H            1.84170810966391        2.70703789229866       -0.30833243816488
H           -1.42317930387763        2.71790414002511        0.27296504338154
H           -3.73657804585840       -1.12947112696404       -1.23867208456848
24
 energy: -43.388821082761 gnorm: 0.012198581306 xtb: 6.7.1 (edcfbbe)
C           -2.56338190278900       -0.89941254755959        0.29608804276916
C           -1.11972015099031       -0.47952608116137        0.59492556839544
H           -0.99993162798730       -0.40635104580514        1.69044070109219
C           -0.82309380701746        0.90235886681273       -0.00526214338854
H           -1.02337819383431        0.86210068904939       -1.08645181526201
C            0.65569851556001        1.25647084370373        0.20131319613346
H            0.84286910293719        1.36175972486613        1.28404240095530
C            1.54492102159004        0.12745132050837       -0.32607873049009
H            1.41256710462331        0.03865373558792       -1.41492690049693
C            1.10913587451312       -1.20239333210307        0.31653937810169
H            1.28128225996188       -1.12042979115127        1.41436109527262
O           -0.25502609502022       -1.46888694257781        0.08553561255599
O            1.86245363918659       -2.20641355078645       -0.24567741772889
O            2.87223935845882        0.43718444405648        0.00569427128275
O            0.90079014064698        2.47120599615159       -0.45718839025795
O           -1.65805660511403        1.83134428729282        0.63174869596941
O           -2.79065258161248       -0.84358398965018       -1.09020265234474
H           -3.21681864802266       -0.20373323286479        0.83544200351863
H           -2.70474664423970       -1.91715988531533        0.67895047916639
H            1.65019080881339       -3.06958307511088        0.15887487099401
H            3.45626122254354       -0.26654180242619       -0.32455819805442
H            1.84177590232704        2.69290682644723       -0.36171224334409
H           -1.43502285888731        2.71437941004205        0.29869191243823
H           -3.70065361118334       -1.12030682080869       -1.27270946049882
24
 energy: -43.389102492070 gnorm: 0.009196528148 xtb: 6.7.1 (edcfbbe)
C           -2.55742427867707       -0.90301739342770        0.29094467111417
C           -1.11977931963810       -0.47798602714456        0.60620057527217
H           -1.01256634854385       -0.40142596449739        1.70258899851052
C           -0.82226305230831        0.90322195138118        0.00542134292794
H           -1.02740131178621        0.86490450786885       -1.07495242357440
C            0.65624293436083        1.25884133247385        0.20346239131154
H            0.85114455918552        1.36843267653949        1.28490312744034
C            1.54113888098234        0.12949163647043       -0.32705960397978
H            1.39692288333957        0.03371492353675       -1.41457462508948
C            1.11468116201295       -1.19581742557657        0.32837038725202
H            1.29582436493797       -1.10944758795455        1.42481793471656
O           -0.24918897165500       -1.46864703196287        0.10677613099712
O            1.86678954462971       -2.20352347236466       -0.23290388867190
O            2.87376555221802        0.44357637831449       -0.01486508352899
O            0.89634115356639        2.47315155379616       -0.46067579415176
O           -1.65769030903574        1.83069475811320        0.64789607921795
O           -2.76777762758471       -0.84350967741976       -1.09919267132527
H           -3.22248965282564       -0.21401086082374        0.82537766670835
H           -2.70041745453908       -1.92302131800283        0.66819552917964
H            1.60679203157105       -3.06944893438693        0.13302581194991
H            3.44753710558152       -0.27904842676017       -0.31780687944959
H            1.84319591615102        2.67868191304136       -0.40013299308676
H           -1.43918599252718        2.71499404351325        0.31689379871978
H           -3.67448954495222       -1.11930750752961       -1.29483020568136
24
 energy: -43.389326746176 gnorm: 0.003979516430 xtb: 6.7.1 (edcfbbe)
C           -2.55068472613460       -0.90804052867072        0.28442185415345
C           -1.12091434054737       -0.47513959736446        0.61567453444446
H           -1.02214415821026       -0.39881993665940        1.71147804931994
C           -0.82207803947195        0.90629554719007        0.01730316119805
H           -1.03567958012567        0.87425622344149       -1.06105186060618
C            0.65639868059923        1.26124772378595        0.20645794485871
H            0.86025310473897        1.37833098462661        1.28486798713548
C            1.53603518834699        0.13082401893886       -0.32692747754088
H            1.38007025707651        0.02681418766269       -1.41176477095872
C            1.11902349754081       -1.18847974284404        0.34104064087745
H            1.30576813248546       -1.09984378254816        1.43501077842976
O           -0.24359351734873       -1.46681869580857        0.12483547194395
O            1.87027565787167       -2.20245725095294       -0.21663493788217
O            2.87492460287949        0.44831530790817       -0.03778560028067
O            0.89468754462277        2.47459024140333       -0.46326972864637
O           -1.65375939320667        1.83406411293251        0.66739587976970
O           -2.74625212788897       -0.84863131066833       -1.10863396173134
H           -3.22916051312869       -0.22467730689761        0.80943196694020
H           -2.69095741372263       -1.93061850735667        0.65512235532909
H            1.56286124339634       -3.06410636093858        0.11104860016380
H            3.43703926736074       -0.28990234848491       -0.31633566851982
H            1.84542923794595        2.66111473269567       -0.43549902345085
H           -1.43797530774700        2.71826857656772        0.33527971904231
H           -3.64986507286863       -1.12509224076104       -1.31358563721062
24
 energy: -43.389375446783 gnorm: 0.009547712497 xtb: 6.7.1 (edcfbbe)
C           -2.54531862957056       -0.91291327924995        0.27874980857983
C           -1.12077540768214       -0.47309058263519        0.62137098443085
H           -1.02681310012886       -0.39802720076716        1.71673636491020
C           -0.82294181214232        0.91012848294931        0.02688112093887
H           -1.04464317489653        0.88417279787021       -1.04954367086459
C            0.65660175964187        1.26472653797217        0.20831390937468
H            0.86736588299497        1.38741852187797        1.28397332028488
C            1.53322851578527        0.13288340677839       -0.32624240852512
H            1.36805438543199        0.02143240243334       -1.40840801570739
C            1.12218622888528       -1.18185858760272        0.35140968451496
H            1.30984879423876       -1.09044198243100        1.44385045749058
O           -0.23812576847796       -1.46395691922719        0.13625918283514
O            1.87460625440190       -2.19974682271530       -0.20077600408078
O            2.87509445467220        0.45291205271271       -0.05458193550209
O            0.89334180646441        2.47618170132999       -0.46539807558169
O           -1.64915185655407        1.83696029601870        0.68478503216308
O           -2.73013563195982       -0.85604352793252       -1.11530470039100
H           -3.23270593810701       -0.23227576230750        0.79495760294019
H           -2.68116817237773       -1.93674477033053        0.64620250639819
H            1.51912731915320       -3.06388568854714        0.08768455900517
H            3.43073340608991       -0.29851681386950       -0.31139667946935
H            1.84851121752084        2.64611981109667       -0.46573771311146
H           -1.43549646274337        2.72110681194291        0.35035312794366
H           -3.63172184617647       -1.13504683816906       -1.32625818179810
24
 energy: -43.389419197112 gnorm: 0.005130039793 xtb: 6.7.1 (edcfbbe)
C           -2.54369906527671       -0.91518550747699        0.27485584543822
C           -1.12233110458594       -0.47120478950591        0.62238680703397
H           -1.02832291804106       -0.39982225326503        1.71724074393116
C           -0.82394069281881        0.91377492416737        0.03236502166147
H           -1.05178971291653        0.89453826269792       -1.04252077742963
C            0.65704434699107        1.26547313841245        0.20900092990613
H            0.87148321723379        1.39099347111368        1.28266413108795
C            1.53076786289442        0.13204711610784       -0.32709634331138
H            1.36011828250532        0.01671906069363       -1.40712016164948
C            1.12134817607684       -1.17924612800380        0.35529740672979
H            1.30771366944617       -1.08542736574116        1.44666964542527
O           -0.23768973773752       -1.46190144821321        0.13752834982818
O            1.87342430634968       -2.20237173984277       -0.19138386786315
O            2.87413688716500        0.45243692059109       -0.06482791206622
O            0.89545491768167        2.47604842489806       -0.46639084008880
O           -1.64378504669920        1.84103893026853        0.69768656097180
O           -2.72306322755480       -0.86294531018319       -1.12008403581813
H           -3.23583202542307       -0.23484080514970        0.78371070515399
H           -2.67560833349458       -1.93894483295529        0.64240294346782
H            1.51051926518465       -3.05437257922200        0.08598985454120
H            3.42733863071411       -0.30175418167895       -0.31368605407574
H            1.84982804965108        2.63722228556319       -0.47570306929513
H           -1.42954022807139        2.72443806981307        0.36056169449555
H           -3.62387329481042       -1.14521961589117       -1.33166730129614
24
 energy: -43.389448412735 gnorm: 0.002939680908 xtb: 6.7.1 (edcfbbe)
C           -2.54414230839552       -0.91459608520791        0.27509063675031
C           -1.12166090299200       -0.47170060646312        0.62190926169706
H           -1.02859156399782       -0.39974833717939        1.71743570397077
C           -0.82364213756734        0.91350738177315        0.03184735222298
H           -1.05052359578899        0.89354583817170       -1.04337389372631
C            0.65766456257190        1.26567524509938        0.20846308662914
H            0.87114806230596        1.39018670521319        1.28281959201316
C            1.53211214627498        0.13216632837611       -0.32691131168982
H            1.36102427787536        0.01710549244688       -1.40732994732654
C            1.12146309722441       -1.17956662796464        0.35539864539633
H            1.30645495032992       -1.08432399055498        1.44759096135036
O           -0.23750447692558       -1.46190095291598        0.13645304232731
O            1.87469286944943       -2.20179814882309       -0.18989269400611
O            2.87450164943069        0.45293126365591       -0.06318189987924
O            0.89523193695007        2.47580369812566       -0.46757651503909
O           -1.64406337934948        1.83962033922079        0.69765046009871
O           -2.72289176734178       -0.86329642410247       -1.12009269420043
H           -3.23494466508376       -0.23344002182904        0.78463128527450
H           -2.67777334985563       -1.93747351994757        0.64498494230057
H            1.50637965908214       -3.05770899419227        0.08206271601195
H            3.42941721960879       -0.29918048997502       -0.31349303502430
H            1.84920277441407        2.63867869811340       -0.47637732785337
H           -1.43041525729464        2.72363514341730        0.36182877577918
H           -3.62343757646144       -1.14662788726034       -1.33205686629842
24
 energy: -43.389464236701 gnorm: 0.002566585504 xtb: 6.7.1 (edcfbbe)
C           -2.54457235172136       -0.91404370189242        0.27442304679890
C           -1.12113798973275       -0.47219209996049        0.62104972993551
H           -1.02880876423727       -0.40087359900401        1.71719692699470
C           -0.82356140563084        0.91397719863135        0.03260899006687
H           -1.05051351239851        0.89496110224761       -1.04275384770704
C            0.65840451918415        1.26622921829707        0.20814813640183
H            0.87203196592860        1.38973730977816        1.28295767266315
C            1.53315785907618        0.13242398899570       -0.32710384879397
H            1.36081190435212        0.01680024535066       -1.40763558499902
C            1.12121389111890       -1.17939413661070        0.35589455121525
H            1.30346154999593       -1.08195256111626        1.44903586786833
O           -0.23738423941894       -1.46142120503227        0.13429157881231
O            1.87607784553421       -2.20152507718285       -0.18595373245470
O            2.87450437552387        0.45410928546676       -0.06318376483606
O            0.89466675713451        2.47600058639936       -0.46838890192381
O           -1.64346463649214        1.83841836029527        0.70082563773587
O           -2.72191129962389       -0.86555670879665       -1.12109292120026
H           -3.23426264766863       -0.23107894740278        0.78298320981410
H           -2.68034849172173       -1.93558910631187        0.64774935764893
H            1.50177467090900       -3.05879343267383        0.07715070852539
H            3.43156865291358       -0.29806646648721       -0.31194956041702
H            1.85029539819617        2.63763462854610       -0.48171365711370
H           -1.43060684612602        2.72327531691118        0.36670353161489
H           -3.62169498063135       -1.15158615125023       -1.33336284987176
24
 energy: -43.389480014534 gnorm: 0.004021885554 xtb: 6.7.1 (edcfbbe)
C           -2.54522086101819       -0.91270362765150        0.27386538926252
C           -1.12027715431098       -0.47275546467496        0.61824074063843
H           -1.02727269190952       -0.40341618859790        1.71496715999637
C           -0.82315149068553        0.91488718727426        0.03261926967399
H           -1.05072917708068        0.89818142253009       -1.04279904540810
C            0.65973365111417        1.26657690996459        0.20700958665623
H            0.87257049702640        1.38990316816957        1.28232914033351
C            1.53518695837522        0.13207488952956       -0.32673031832561
H            1.36188120185274        0.01559680434417       -1.40733682467254
C            1.12050784153127       -1.17960347000197        0.35662905126828
H            1.29579458555562       -1.07954070097281        1.45129214347863
O           -0.23735075152317       -1.46027654142117        0.12794576946996
O            1.87870573846908       -2.20212500441848       -0.17835086803070
O            2.87504220339192        0.45485703975385       -0.06211926481088
O            0.89589789517121        2.47521439057365       -0.47096329019371
O           -1.64166442282622        1.83722442042612        0.70494402147929
O           -2.72202656950213       -0.87107429792923       -1.12197337166013
H           -3.23250053174062       -0.22527462566283        0.77965591787961
H           -2.68444361128621       -1.93150088722410        0.65406382864091
H            1.49410867437118       -3.06038114727874        0.06946488358026
H            3.43559066912089       -0.29365425088545       -0.31310666457838
H            1.84924416459174        2.63877118580471       -0.48238737253334
H           -1.42949367345837        2.72322019635342        0.37345251535581
H           -3.62043092076605       -1.16270736080724       -1.33283212072172
24
 energy: -43.389492617565 gnorm: 0.002487408473 xtb: 6.7.1 (edcfbbe)
C           -2.54555708924212       -0.91183065733155        0.27353811210490
C           -1.11998479810031       -0.47319786385629        0.61643597779276
H           -1.02543138374234       -0.40583005748244        1.71308391905555
C           -0.82300627530426        0.91543021913033        0.03307532765437
H           -1.05129148819305        0.90071964574604       -1.04225883678506
C            0.66004812203514        1.26675143129008        0.20721234885749
H            0.87326827806185        1.39048888483407        1.28243703287184
C            1.53581037219432        0.13209420599502       -0.32602046075919
H            1.36297343917516        0.01531598040668       -1.40664428127862
C            1.11991729495302       -1.17954655138209        0.35694720769689
H            1.29060352077042       -1.07884346706268        1.45230828870409
O           -0.23746882457230       -1.45963858480567        0.12351090858228
O            1.88019534955793       -2.20250726937307       -0.17379311057040
O            2.87530552414795        0.45525826685515       -0.06086066356622
O            0.89607862289039        2.47520517263612       -0.47101959331589
O           -1.64083720939384        1.83688575229298        0.70733632300492
O           -2.72257932100479       -0.87489050582010       -1.12239307986280
H           -3.23135330167339       -0.22083494000660        0.77679252064847
H           -2.68709832058711       -1.92891869758622        0.65756114977322
H            1.49083140871933       -3.05963813737867        0.06518197416505
H            3.43718782171170       -0.29123937281607       -0.31445302295561
H            1.85090763968779        2.63747452391942       -0.48509878076784
H           -1.42894477338528        2.72343035093035        0.37728433322095
H           -3.61987238424242       -1.17064428193718       -1.33228331749244
24
 energy: -43.389503050548 gnorm: 0.001206204788 xtb: 6.7.1 (edcfbbe)
C           -2.54534930639261       -0.91101925368320        0.27363554331594
C           -1.11962481795018       -0.47343806350875        0.61509489662007
H           -1.02265398558580       -0.40820361930748        1.71129821401993
C           -0.82273106385573        0.91586461240512        0.03345655266041
H           -1.05241582229356        0.90323592693264       -1.04155752961197
C            0.66010122385044        1.26698628027012        0.20720012724635
H            0.87376061079821        1.39254992293528        1.28193435612650
C            1.53609360777397        0.13225781125032       -0.32508536755169
H            1.36438047328341        0.01452135312372       -1.40562016130852
C            1.11970122549488       -1.17893214074099        0.35780696249429
H            1.28611403410508       -1.07824000721142        1.45354322587452
O           -0.23713369306506       -1.45902312283736        0.11975552599653
O            1.88183509257380       -2.20273442705556       -0.16892368481845
O            2.87591841993807        0.45624289394732       -0.06014008396849
O            0.89681181965954        2.47511940338617       -0.47165816706426
O           -1.63998957372869        1.83688386058553        0.70928872949850
O           -2.72254478505854       -0.87947354091681       -1.12240231314550
H           -3.22993858618898       -0.21580421821027        0.77320011973787
H           -2.68930363707278       -1.92624082165408        0.66124046264725
H            1.48395502933908       -3.05805025017949        0.05730882486045
H            3.43776154024583       -0.29133236804439       -0.31468474676776
H            1.85152294680859        2.63687927960096       -0.48561606375203
H           -1.42832024255223        2.72382382240776        0.38038003284893
H           -3.61824828566296       -1.18037928629752       -1.33157517918017
24
 energy: -43.389510177893 gnorm: 0.001456359721 xtb: 6.7.1 (edcfbbe)
C           -2.54502190104080       -0.91011264596331        0.27458240660844
C           -1.11927388408006       -0.47334048868078        0.61491708356966
H           -1.02027892462609       -0.40899493057468        1.71072068056472
C           -0.82226346326127        0.91589125309310        0.03338193313739
H           -1.05238663301448        0.90353397073402       -1.04142757759847
C            0.65995676971661        1.26709423231368        0.20782057675835
H            0.87341654742893        1.39464647901690        1.28208645213019
C            1.53627545079132        0.13231393360144       -0.32300462801875
H            1.36691255590821        0.01508644268633       -1.40372292985957
C            1.11977853966967       -1.17867077344970        0.35901397622638
H            1.28388210716533       -1.07865893995192        1.45485291058395
O           -0.23660506784244       -1.45876393864586        0.11832503992309
O            1.88291389239416       -2.20304303161599       -0.16573439309425
O            2.87666729709814        0.45555878427639       -0.05636755364439
O            0.89741403912778        2.47489168582265       -0.47205694033460
O           -1.64004176827158        1.83716601385689        0.70860309682425
O           -2.72169233665659       -0.88348544174752       -1.12170761622174
H           -3.22861750001296       -0.21107121830314        0.77046176800224
H           -2.69132863276809       -1.92345879164575        0.66538058160801
H            1.47421296217379       -3.05685647668424        0.04550140696240
H            3.43730676812504       -0.28901067192938       -0.31756408002399
H            1.85234732276399        2.63652159309718       -0.48504671550784
H           -1.42837297204037        2.72410061088061        0.37984884524188
H           -3.61549894428447       -1.18984360298929       -1.33098404705864
24
 energy: -43.389519328447 gnorm: 0.001506876057 xtb: 6.7.1 (edcfbbe)
C           -2.54515087318628       -0.90919544668365        0.27695872171605
C           -1.11888709330080       -0.47305453839982        0.61593631856811
H           -1.01895821292446       -0.40723063315022        1.71163668117368
C           -0.82182739386235        0.91502887693205        0.03166852253604
H           -1.05029542479527        0.89965718105856       -1.04341012383071
C            0.65971648979776        1.26716103705693        0.20774723163128
H            0.87164547547566        1.39532967439772        1.28220416688141
C            1.53698009083304        0.13262632635176       -0.32157312612961
H            1.37107756406958        0.01680134756902       -1.40297034149287
C            1.11990527861582       -1.17911008000573        0.35859235339469
H            1.28609885114569       -1.08038597183498        1.45434339453778
O           -0.23664503193672       -1.45925722396125        0.11985048559137
O            1.88185341066336       -2.20312827652046       -0.16851967357334
O            2.87723569352014        0.45506998793056       -0.05037125648173
O            0.89757254927297        2.47475881880295       -0.47264073439441
O           -1.64158745871129        1.83718613915125        0.70335382157565
O           -2.72179373363848       -0.88445085130343       -1.11934011300475
H           -3.22756555700290       -0.20834810946330        0.77183845713731
H           -2.69305538347249       -1.92145338727658        0.66953915077162
H            1.46817453040916       -3.05628540750463        0.03352658579181
H            3.43743136623715       -0.28940996053718       -0.31602249594905
H            1.85157110539083        2.63978766623817       -0.47924395646901
H           -1.42961236627151        2.72373109534878        0.37380320115891
H           -3.61418165186485       -1.19433421699889       -1.32902699436151
24
 energy: -43.389530218245 gnorm: 0.002242767348 xtb: 6.7.1 (edcfbbe)
C           -2.54465653972561       -0.90890890366853        0.28098547250130
C           -1.11843286486250       -0.47136526025950        0.61948240568231
H           -1.01891677308744       -0.40153399232983        1.71509668728568
C           -0.82134947064420        0.91431563543060        0.02946248754888
H           -1.04645295872213        0.89260768675347       -1.04630045836431
C            0.65959573930671        1.26797091976027        0.20826069997772
H            0.86906363650530        1.39713282369943        1.28307680377765
C            1.53855720620130        0.13342926722094       -0.31828922069372
H            1.37770315727412        0.01982203668851       -1.40069510572533
C            1.12016159021838       -1.17965996431369        0.35902548511248
H            1.29310469010021       -1.08377134773953        1.45429431246967
O           -0.23654889410039       -1.45931918972063        0.12634082189262
O            1.87869545060770       -2.20378405049584       -0.17407746690373
O            2.87806686831570        0.45414870217093       -0.03959085866797
O            0.89750012283788        2.47472452963114       -0.47373102182194
O           -1.64381243887685        1.83907171470190        0.69411697497794
O           -2.71954692914141       -0.88722962670932       -1.11545070677541
H           -3.22750934438383       -0.20737517438471        0.77390680095822
H           -2.69222575484983       -1.92011956758233        0.67613224609328
H            1.44773499470389       -3.05563904329244        0.00543635002070
H            3.43835965583339       -0.28822657104958       -0.31186430273035
H            1.85097614083636        2.64429510621747       -0.47228814513745
H           -1.43096207872125        2.72408104741020        0.36076998827296
H           -3.60940298116172       -1.20317273094136       -1.32621997297248
24
 energy: -43.389534701873 gnorm: 0.001030080894 xtb: 6.7.1 (edcfbbe)
C           -2.54517954598700       -0.90886640457770        0.28380078691969
C           -1.11861057798809       -0.47040118880057        0.62047095993083
H           -1.01884466341746       -0.39785040440677        1.71595691940839
C           -0.82121714987979        0.91346696171912        0.02656904403629
H           -1.04304633734696        0.88743795630183       -1.04986147028276
C            0.65934409984354        1.26770492514003        0.20842206321064
H            0.86653896059219        1.39607553132638        1.28381653573090
C            1.53959959827365        0.13345055647940       -0.31696434415487
H            1.38237479897806        0.02216367641736       -1.40014834830260
C            1.11979350672681       -1.18123004897036        0.35717144764002
H            1.29743358865600       -1.08864364211592        1.45205653659590
O           -0.23758252656701       -1.45951936619411        0.12862110829691
O            1.87520218154897       -2.20481322454513       -0.18202427282173
O            2.87809663010418        0.45295106540733       -0.03241979141827
O            0.89767803606599        2.47454707885289       -0.47303494671349
O           -1.64555937103712        1.84046906283824        0.68553668699322
O           -2.72212700239328       -0.88604522433865       -1.11222545017062
H           -3.22809675434189       -0.20898685897087        0.77878153166539
H           -2.69070763260468       -1.92066095470190        0.67848355022432
H            1.44772264762615       -3.05560175795221        0.00026362202547
H            3.44006536045647       -0.28567594598388       -0.31011463911875
H            1.85047736870483        2.64899560611054       -0.46295056380708
H           -1.43140687141239        2.72417579083531        0.34943396244870
H           -3.61224612013741       -1.20164914267277       -1.32176065155779
24
 energy: -43.389538964886 gnorm: 0.000777038669 xtb: 6.7.1 (edcfbbe)
C           -2.54485727912516       -0.90948698457708        0.28409616645527
C           -1.11856085365787       -0.46972517639264        0.61991503173625
H           -1.01839867367545       -0.39729647462435        1.71523028745653
C           -0.82108644841061        0.91404230136819        0.02622385287238
H           -1.04279927355977        0.88864135974394       -1.05020112378789
C            0.65970680670303        1.26795190196460        0.20830360531219
H            0.86653198394207        1.39675439605632        1.28370178953876
C            1.54043980210101        0.13350264688371       -0.31634857205649
H            1.38305090741424        0.02123174593010       -1.39938812262569
C            1.11973951788738       -1.18119423270448        0.35765890894948
H            1.29662452470442       -1.08982367919862        1.45265417863721
O           -0.23752221271145       -1.45847487199171        0.12755335012670
O            1.87445791039039       -2.20575916837734       -0.18131920417683
O            2.87820702479667        0.45445900284292       -0.03231806401623
O            0.89834031951854        2.47447960717070       -0.47331121933985
O           -1.64470672166855        1.84152848211702        0.68518331168634
O           -2.72260098001669       -0.88881999624174       -1.11193782833416
H           -3.22861325889520       -0.20973271108674        0.77840948988013
H           -2.68892236873090       -1.92117629269921        0.68015718541294
H            1.44062485981026       -3.05521242210975       -0.00500037365950
H            3.44241755826553       -0.28375520445061       -0.30767979426448
H            1.85069894697782        2.64966528916291       -0.46202798259794
H           -1.43013969700153        2.72489524137014        0.34841356442364
H           -3.61293017059444       -1.20520071295869       -1.32008816085006
24
 energy: -43.389540883956 gnorm: 0.000489814016 xtb: 6.7.1 (edcfbbe)
C           -2.54454822357702       -0.91012434733648        0.28519397371598
C           -1.11835963844984       -0.46896116619573        0.61944324784070
H           -1.01758782563948       -0.39578485775363        1.71461918149893
C           -0.82100172742389        0.91418316195838        0.02465227075896
H           -1.04159660682043        0.88795568531270       -1.05200821641145
C            0.65973606614839        1.26783887364280        0.20827584405405
H            0.86535687432964        1.39668479300449        1.28390322872051
C            1.54154662847342        0.13351293091815       -0.31531292223898
H            1.38497653779205        0.02091891292704       -1.39849806868118
C            1.12012046546528       -1.18160491403332        0.35770969233849
H            1.29739794397633       -1.09206784004864        1.45277143257969
O           -0.23731257258554       -1.45775459570113        0.12713917427901
O            1.87320716727889       -2.20701455644698       -0.18270551974993
O            2.87836578140168        0.45581776695273       -0.03017215717743
O            0.89891228716195        2.47426932954226       -0.47308825808435
O           -1.64488492397017        1.84263301651644        0.68191813878505
O           -2.72418357104787       -0.89098033470041       -1.11064767915918
H           -3.22879739484189       -0.21096286454628        0.77968415235384
H           -2.68691007706011       -1.92175010964411        0.68223965334459
H            1.43388585070483       -3.05463678055798       -0.01166760701947
H            3.44505458368945       -0.28083173573490       -0.30434091638727
H            1.85121817620794        2.65119464528405       -0.45871445853669
H           -1.42956357746273        2.72551879502778        0.34428658631446
H           -3.61532999928713       -1.20655976118965       -1.31680049635960
24
 energy: -43.389541568168 gnorm: 0.000367424856 xtb: 6.7.1 (edcfbbe)
C           -2.54449150700176       -0.91036272785413        0.28554453200348
C           -1.11813985935071       -0.46915719869187        0.61890897657423
H           -1.01685059739570       -0.39592697251063        1.71404937912486
C           -0.82093045130227        0.91395795747535        0.02399304060186
H           -1.04135205863601        0.88763565672566       -1.05268756172317
C            0.65967431149917        1.26776167867395        0.20807303430718
H            0.86480206572143        1.39649947219222        1.28382677659486
C            1.54185399327092        0.13352711966755       -0.31516913303562
H            1.38552270248998        0.02076575959024       -1.39838929826541
C            1.12046053133444       -1.18160459057610        0.35773390717746
H            1.29693174601878       -1.09208759795159        1.45292707904624
O           -0.23698869451848       -1.45773123660124        0.12638612230069
O            1.87370908891610       -2.20710215365738       -0.18208362822914
O            2.87843208029694        0.45642138361550       -0.02988604387675
O            0.89926408611249        2.47423073746600       -0.47304021675040
O           -1.64515623619841        1.84228739789476        0.68096465582114
O           -2.72487961066740       -0.89169218442867       -1.11024070932584
H           -3.22822714577176       -0.21077516658886        0.78014828588380
H           -2.68685978584199       -1.92180686715695        0.68302569409171
H            1.43237991344106       -3.05424358819464       -0.01356247384525
H            3.44558027799079       -0.28013012387645       -0.30290048198627
H            1.85157856941166        2.65137977330414       -0.45778986087802
H           -1.42978254980805        2.72528852555465        0.34372083676150
H           -3.61682864554745       -1.20564100687393       -1.31567263559441
24
 energy: -43.389542168585 gnorm: 0.000139901356 xtb: 6.7.1 (edcfbbe)
C           -2.54440333047988       -0.91041328829822        0.28572266324177
C           -1.11790119149797       -0.46939997697076        0.61877242624867
H           -1.01639750252397       -0.39610918693705        1.71392533912203
C           -0.82094789621793        0.91373074016391        0.02366038494969
H           -1.04132146852530        0.88712297915726       -1.05303032424562
C            0.65956707505246        1.26771669130675        0.20782442916412
H            0.86452257061715        1.39639678209716        1.28363237195272
C            1.54185813051460        0.13357276480593       -0.31538163895777
H            1.38574259509811        0.02081089863903       -1.39864299496078
C            1.12062533633067       -1.18151526050414        0.35762374180410
H            1.29676009980927       -1.09162117715572        1.45284776063905
O           -0.23675185481706       -1.45792605781720        0.12615114778207
O            1.87430347851473       -2.20689114076240       -0.18169104474476
O            2.87852087618674        0.45634621638624       -0.02988867375112
O            0.89915894887520        2.47425224582257       -0.47322023018575
O           -1.64545248091730        1.84192535334822        0.68052233853436
O           -2.72521730518509       -0.89150262391750       -1.11000880707608
H           -3.22779411652425       -0.21076166249029        0.78067478337762
H           -2.68692603732379       -1.92185551686691        0.68305547549911
H            1.43305854564686       -3.05408050544504       -0.01417542185405
H            3.44513006451504       -0.28092740609503       -0.30149391244321
H            1.85143970549862        2.65165017595964       -0.45728228078357
H           -1.43011658538839        2.72500467733945        0.34347400891036
H           -3.61775543279474       -1.20403167456831       -1.31519126544427
24
 energy: -43.389542949192 gnorm: 0.000232775769 xtb: 6.7.1 (edcfbbe)
C           -2.54423765414183       -0.91081501701147        0.28619964378867
C           -1.11741539529228       -0.47007608226362        0.61824051476833
H           -1.01528762745439       -0.39669111445640        1.71334493746755
C           -0.82086806503317        0.91308995481939        0.02282939029368
H           -1.04108869912039        0.88592040176073       -1.05387569668360
C            0.65940658180648        1.26774537662943        0.20727106577531
H            0.86408092199619        1.39639940479127        1.28313608117894
C            1.54198088586668        0.13375809674749       -0.31568422540531
H            1.38635648044232        0.02107393253073       -1.39901885259543
C            1.12095532867213       -1.18129071162652        0.35742536749658
H            1.29622014184424       -1.09064844472427        1.45277382697061
O           -0.23620872735950       -1.45838892979128        0.12536047042856
O            1.87580684285271       -2.20630836492830       -0.18066590141008
O            2.87880671710783        0.45637941009327       -0.02993853109726
O            0.89882573986291        2.47441570697821       -0.47366255630512
O           -1.64603592105331        1.84102008854179        0.67921796634402
O           -2.72627006657520       -0.89120738773553       -1.10936276680748
H           -3.22681641811599       -0.21108843572376        0.78212747725552
H           -2.68681860161225       -1.92240501104488        0.68313302653469
H            1.43426001130430       -3.05373972939231       -0.01582574739386
H            3.44433750197565       -0.28299979449914       -0.29776216026148
H            1.85094321723641        2.65260341670729       -0.45619661018593
H           -1.43071780767275        2.72423488380208        0.34252776364971
H           -3.62051316307303       -1.19948760300660       -1.31371420702788
24
 energy: -43.389543193308 gnorm: 0.000179101773 xtb: 6.7.1 (edcfbbe)
C           -2.54403793845994       -0.91108509343974        0.28639089313718
C           -1.11712450264031       -0.47032726076468        0.61796865440221
H           -1.01468575554003       -0.39697590516146        1.71304971707494
C           -0.82086639453561        0.91284550189229        0.02242006684477
H           -1.04080857312284        0.88549057516095       -1.05434891434851
C            0.65933617763085        1.26771834421715        0.20712075628905
H            0.86381716590126        1.39649644403216        1.28300334717905
C            1.54216851332939        0.13385534814156       -0.31570941692284
H            1.38675927494246        0.02117389421433       -1.39909052918680
C            1.12115514794637       -1.18121341508272        0.35736904382699
H            1.29592153850229       -1.09046960834685        1.45281059890932
O           -0.23586823943107       -1.45848567389131        0.12484543197775
O            1.87647986027589       -2.20612094869512       -0.18026226755137
O            2.87897373540972        0.45644009035342       -0.02979848626721
O            0.89851717718168        2.47440192728543       -0.47384781312804
O           -1.64634027851969        1.84073038025122        0.67846981668256
O           -2.72690325938098       -0.89121265931399       -1.10905390640903
H           -3.22642295026947       -0.21161331180032        0.78290854963627
H           -2.68631344671549       -1.92282144922854        0.68311870588532
H            1.43428093386146       -3.05352785106333       -0.01678084196730
H            3.44425548077949       -0.28384959297793       -0.29580818756604
H            1.85051924236802        2.65308443142979       -0.45594780264152
H           -1.43096041098916        2.72394113146850        0.34180328914697
H           -3.62215027406050       -1.19698125148322       -1.31275042822502
24
 energy: -43.389543391198 gnorm: 0.000087665927 xtb: 6.7.1 (edcfbbe)
C           -2.54389118244283       -0.91163002123117        0.28665133409738
C           -1.11694661790786       -0.47057411404149        0.61761951334917
H           -1.01417096743007       -0.39726349683419        1.71265555633951
C           -0.82076402581703        0.91257036361220        0.02202974483197
H           -1.04036359253264        0.88501751489664       -1.05480517822535
C            0.65936255299649        1.26780942365737        0.20699794400056
H            0.86362392043989        1.39675288880945        1.28289120986646
C            1.54246788688795        0.13398923878092       -0.31552063122467
H            1.38727745368334        0.02130639297584       -1.39895000455435
C            1.12129046295562       -1.18116919152153        0.35732429778291
H            1.29562704271385       -1.09047316730085        1.45284332955339
O           -0.23557945896813       -1.45852794544447        0.12425480181526
O            1.87697233586400       -2.20607172046011       -0.17993974180416
O            2.87914851411920        0.45664349066639       -0.02936785475319
O            0.89829838077776        2.47447152725456       -0.47408033607166
O           -1.64651827863820        1.84047969622625        0.67763291211828
O           -2.72757013455168       -0.89136903700903       -1.10866641767885
H           -3.22616187663219       -0.21255867938918        0.78384264875787
H           -2.68563824577245       -1.92361203466769        0.68308437865069
H            1.43368789084559       -3.05325016609997       -0.01790230133549
H            3.44444624310870       -0.28424608473334       -0.29384303957537
H            1.85018817122872        2.65364605429233       -0.45604224253298
H           -1.43107265487741        2.72362026195941        0.34081230808240
H           -3.62401159558685       -1.19406714720072       -1.31164195471106
24
 energy: -43.389543475301 gnorm: 0.000059952113 xtb: 6.7.1 (edcfbbe)
C           -2.54376709757402       -0.91187415794122        0.28676285977589
C           -1.11684328817911       -0.47064456308500        0.61755100194724
H           -1.01392424391779       -0.39733443814260        1.71257251602259
C           -0.82079393571815        0.91244413372274        0.02182952675226
H           -1.04020784240619        0.88477240196162       -1.05504734790000
C            0.65932280758315        1.26775638510346        0.20699835278587
H            0.86345185624387        1.39688133234951        1.28289355494676
C            1.54269508211018        0.13402046064687       -0.31530806865572
H            1.38774195436778        0.02135679386074       -1.39878908292312
C            1.12138157148668       -1.18119546186924        0.35738674516140
H            1.29563168446104       -1.09069922882844        1.45293558527611
O           -0.23541683586518       -1.45851298624116        0.12408168732930
O            1.87704925033344       -2.20616014843857       -0.17991650205251
O            2.87921191291988        0.45681470724753       -0.02881348287126
O            0.89816283234818        2.47434577824055       -0.47419788639107
O           -1.64665122936505        1.84042910790216        0.67718045927992
O           -2.72786048395587       -0.89142755621111       -1.10849401248130
H           -3.22610493494708       -0.21314535047043        0.78431957733747
H           -2.68508724652878       -1.92401596139442        0.68300607058679
H            1.43298898977203       -3.05310094618709       -0.01859807592773
H            3.44482808903993       -0.28388783908452       -0.29320342267229
H            1.85002780104609        2.65364428620091       -0.45632528878708
H           -1.43120022815573        2.72349399419561        0.34015842251558
H           -3.62493424063554       -1.19246669634029       -1.31110291227640
