----------------------------------------------- 
  Element       SASA      Sigma Z        Total  
     Z         Ang**2 cal/Ang**2/mol   kcal/mol 
----------------------------------------------- 
      H        174.639      48.690       8.503
      C         57.753     129.740       7.493
      O         14.221       0.000       0.000

 Subtotal:     246.613                  15.996
 -----------------------------------------------

  Elements    COT*SASA   Sigma Z,Z'     Total   
    Z,Z'       Ang**2  cal/Ang**2/mol kcal/mol  
 ---------------------------------------------- 
  H   C        109.227     -60.770      -6.638
  H   O          9.002       0.000       0.000
  C   C         58.779     -72.950      -4.288
  O   C          0.000      68.690       0.000

 Subtotal:                             -10.926
 ---------------------------------------------- 

 NONAQUEOUS SOLVENT CONTRIBUTION (kcal/mol):
 (proportional to SASA, atomic number independent)
 ---------------------------------------------- 
 Subtotal:                               0.000
 ---------------------------------------------- 

 CDS TOTAL (kcal/mol):                   5.070
...............................................................................
