----------------------------------------------- 
  Element       SASA      Sigma Z        Total  
     Z         Ang**2 cal/Ang**2/mol   kcal/mol 
----------------------------------------------- 
      H        105.910      48.690       5.157
      C         62.524     129.740       8.112
      N         12.337       0.000       0.000

 Subtotal:     180.771                  13.269
 -----------------------------------------------

  Elements    COT*SASA   Sigma Z,Z'     Total   
    Z,Z'       Ang**2  cal/Ang**2/mol kcal/mol  
 ---------------------------------------------- 
  H   C         71.554     -60.770      -4.348
  C   C         66.440     -72.950      -4.847
  C   N          8.900       0.000       0.000
  N   C         38.819     -48.220      -1.872
  N  C(3)        0.000      84.100       0.000

 Subtotal:                             -11.067
 ---------------------------------------------- 

 NONAQUEOUS SOLVENT CONTRIBUTION (kcal/mol):
 (proportional to SASA, atomic number independent)
 ---------------------------------------------- 
 Subtotal:                               0.000
 ---------------------------------------------- 

 CDS TOTAL (kcal/mol):                   2.202
...............................................................................
