18
 energy: -20.898168375632 gnorm: 0.031708971714 xtb: 6.7.1 (edcfbbe)
C            1.89923348307022       -1.04603113366649        0.07690117022815
C            1.09954766508191        0.18710078829862        0.48838283453377
C           -0.36661961092445        0.20657826339558        0.02677062663101
C           -1.02850954886881        1.50510358003953        0.46533383184945
C           -1.14908097012650       -0.99802087394676        0.54191154632483
O           -0.42421575335909        0.22399637385698       -1.43025338705238
H            2.94071267762460       -0.94392181511634        0.39734300122018
H            1.90850818952566       -1.18266387834101       -1.01037117321329
H            1.50394832741756       -1.95965197710772        0.53092653439033
H            1.58274882300798        1.08754753982055        0.08921355347643
H            1.10913504790968        0.28031616769344        1.58133580534502
H           -0.48257703469373        2.36799206674982        0.07035487640190
H           -2.06145951243311        1.54995732548691        0.10639670966624
H           -1.03902367739837        1.57374259044938        1.55673858539159
H           -2.20067024952090       -0.91758817007978        0.24950343598467
H           -0.75094528875303       -1.93264632003206        0.13400008893853
H           -1.09606435494719       -1.05320665103176        1.63413322209669
H           -0.09861638309097       -0.63103291380591       -1.74092253322133
18
 energy: -20.899026662181 gnorm: 0.015648349920 xtb: 6.7.1 (edcfbbe)
C            1.89886585449986       -1.04573678941755        0.07880346646281
C            1.09981220003331        0.18521055505134        0.48711726094064
C           -0.36595177125184        0.20342305507000        0.01636600641283
C           -1.02691535537067        1.50099472104567        0.47218638704869
C           -1.14853504927277       -0.99807970437460        0.54292427772079
O           -0.42566904538326        0.22559881404232       -1.42656991746745
H            2.93209679155101       -0.93619610410469        0.40554227107493
H            1.90759778367343       -1.17076505689314       -1.00397142894669
H            1.49789234938013       -1.95017296963010        0.53340734641784
H            1.58805500991543        1.07551322955981        0.08015451110589
H            1.10753084094382        0.27361553247089        1.57679786270602
H           -0.48616257321067        2.35606265875385        0.07057524035590
H           -2.05078909313857        1.54411055429945        0.10582535095540
H           -1.03618969263677        1.56616277195163        1.55870341341295
H           -2.19398519761931       -0.91537264816307        0.24987828709452
H           -0.75424260673616       -1.92911007049655        0.13870522064546
H           -1.09306443406766       -1.04105251142787        1.62938376571780
H           -0.10429418178784       -0.62663507507441       -1.74813059266655
18
 energy: -20.899254215720 gnorm: 0.003606293746 xtb: 6.7.1 (edcfbbe)
C            1.90011177372655       -1.04848550643529        0.08014207114763
C            1.10105612013906        0.18547569099631        0.48576581888136
C           -0.36555415934510        0.20212291656785        0.00827046229798
C           -1.02771859141817        1.50077563554413        0.47437857378648
C           -1.14745953368360       -0.99988469847787        0.54401969142923
O           -0.42729995907054        0.22987967300049       -1.41956879916826
H            2.92809361690973       -0.93727269426762        0.41358017235781
H            1.91204588760449       -1.16723100585196       -1.00000189384688
H            1.49420021584652       -1.94834823302480        0.53239217275123
H            1.58971140630290        1.07108320349936        0.07410707993993
H            1.10336977981923        0.27443780207514        1.57271886719458
H           -0.48796069181782        2.35252099048338        0.07176544157964
H           -2.04813033219884        1.54142613181269        0.10563122584466
H           -1.03341851407822        1.55737730662128        1.55757465188084
H           -2.18989921778749       -0.91629025833628        0.24945246437990
H           -0.75369342672694       -1.93012259879903        0.14470990275955
H           -1.08999765668314       -1.03045142207774        1.62734743704296
H           -0.11140488801715       -0.61944197066704       -1.75458661126687
18
 energy: -20.899273192922 gnorm: 0.001290087274 xtb: 6.7.1 (edcfbbe)
C            1.90077976524272       -1.04937768838177        0.08082786624764
C            1.10142372040045        0.18598573590189        0.48501740098007
C           -0.36547598652936        0.20221891792785        0.00519418921380
C           -1.02831491010171        1.50083070126392        0.47448442957367
C           -1.14705240613854       -0.99995617387669        0.54454942362822
O           -0.42832307108175        0.23100175197888       -1.41949148143701
H            2.92832745851422       -0.93997856743591        0.41772680516390
H            1.91561467928943       -1.16760926277752       -0.99976070922965
H            1.49204558069563       -1.94927300300564        0.53137181086759
H            1.59051301791070        1.07111533895274        0.07260056265360
H            1.10298158798164        0.27644093361950        1.57185081077119
H           -0.48815407110099        2.35359035361139        0.07319058032499
H           -2.04955438313898        1.54132017670444        0.10650560118585
H           -1.03314333629360        1.55491861894807        1.55797770999376
H           -2.18996103117095       -0.91799124582883        0.24909065138461
H           -0.75169943640546       -1.93106016438777        0.14762142903654
H           -1.08965948524977       -1.02738682078960        1.62829667620587
H           -0.11429586330221       -0.61721863976197       -1.75935502757287
18
 energy: -20.899277205161 gnorm: 0.000855069416 xtb: 6.7.1 (edcfbbe)
C            1.90128240306043       -1.04997287872010        0.08157917385601
C            1.10192553274192        0.18657035384580        0.48340929912578
C           -0.36558265451258        0.20253192650458        0.00354674043620
C           -1.02873126486468        1.50102704008197        0.47442149021163
C           -1.14655393024160       -1.00011259514953        0.54480360265386
O           -0.42962008990489        0.23185349740408       -1.41940953602828
H            2.92837426479865       -0.94359213401756        0.42299307377434
H            1.92079014200566       -1.16833310482822       -0.99963586734352
H            1.48925658345819       -1.95044498878372        0.52950173449337
H            1.59153805390657        1.07150234160098        0.07016555224730
H            1.10342139086156        0.27920018633336        1.57032959114288
H           -0.48852585501220        2.35569889385481        0.07533695350353
H           -2.05110148075391        1.54217064429203        0.10769648511467
H           -1.03329414258642        1.55313780398612        1.55855127334317
H           -2.18999458735761       -0.92097515332742        0.24794411271362
H           -0.74900717808402       -1.93239880235622        0.15100026414809
H           -1.09048704340625       -1.02496347651690        1.62921359998322
H           -0.11763831458737       -0.61532859154109       -1.76374881438409
18
 energy: -20.899278415493 gnorm: 0.000230730044 xtb: 6.7.1 (edcfbbe)
C            1.90104189864595       -1.04981212631564        0.08158237378389
C            1.10190638898657        0.18649121870294        0.48327269831374
C           -0.36556612635249        0.20245717322259        0.00400313375644
C           -1.02848522422421        1.50069004711107        0.47471581195713
C           -1.14645032631166       -0.99997692233048        0.54482322287802
O           -0.42985162697562        0.23178299349217       -1.41962615575784
H            2.92777101628191       -0.94345282600478        0.42352058364749
H            1.92120095794684       -1.16796319769792       -0.99948950905427
H            1.48889168671189       -1.95025720175275        0.52907789709090
H            1.59119627005117        1.07125092762883        0.06940403482337
H            1.10390074291962        0.27955754760981        1.57016450573524
H           -0.48832054951596        2.35510881824084        0.07556217060042
H           -2.05054150127310        1.54202939179088        0.10764124400105
H           -1.03336681130423        1.55313640528671        1.55877536752056
H           -2.18951369610082       -0.92090326332977        0.24735050213556
H           -0.74873971784520       -1.93202175765012        0.15114291537297
H           -1.09113497681343       -1.02499115023670        1.62915569859143
H           -0.11788657530577       -0.61555511510473       -1.76337776640431
18
 energy: -20.899278887260 gnorm: 0.000120118550 xtb: 6.7.1 (edcfbbe)
C            1.90108477343433       -1.04984063375729        0.08167765956656
C            1.10205919244954        0.18659489368015        0.48262649919014
C           -0.36564557837280        0.20240847267394        0.00426004122286
C           -1.02836444739898        1.50051497105132        0.47517520374118
C           -1.14640118528302       -1.00004405422349        0.54479999487986
O           -0.43031660160022        0.23188715983488       -1.41953421648076
H            2.92721432897124       -0.94409675919595        0.42534606453498
H            1.92283191841913       -1.16734313658084       -0.99934150673497
H            1.48779047105505       -1.95021301904185        0.52807496605566
H            1.59112793827131        1.07097215228525        0.06775856537539
H            1.10453056346322        0.28054480832811        1.56940890138114
H           -0.48807107751644        2.35488078067797        0.07633261186973
H           -2.05019977800310        1.54208182495454        0.10777287756999
H           -1.03352777263467        1.55267376091011        1.55918167150349
H           -2.18909029964135       -0.92148081426963        0.24620347492257
H           -0.74798768797315       -1.93209405001385        0.15210882947659
H           -1.09219515506390       -1.02430366992970        1.62912268326314
H           -0.11878777305473       -0.61557172472070       -1.76327559234580
18
 energy: -20.899279056197 gnorm: 0.000101572488 xtb: 6.7.1 (edcfbbe)
C            1.90113247596179       -1.04992733248052        0.08170311167212
C            1.10219849523826        0.18676467902995        0.48217479163619
C           -0.36563576070912        0.20237753445691        0.00417832306914
C           -1.02832443080656        1.50035496346809        0.47553038995023
C           -1.14631776593690       -1.00002452466621        0.54490294628137
O           -0.43077301883737        0.23198870458299       -1.41972002306740
H            2.92673039530848       -0.94493380204403        0.42717360129205
H            1.92463173010977       -1.16681304324289       -0.99935743390063
H            1.48668770732079       -1.95036589644236        0.52688961758177
H            1.59103838615640        1.07082510240091        0.06636865668644
H            1.10514850665419        0.28161318089656        1.56890281380660
H           -0.48782365458443        2.35484285866818        0.07720110366856
H           -2.05009338468339        1.54219013556400        0.10792751521461
H           -1.03373725064300        1.55206527780449        1.55956879354804
H           -2.18872853152913       -0.92208958293824        0.24511383572577
H           -0.74713974189160       -1.93220478434179        0.15330809823590
H           -1.09328817927891       -1.02348979689995        1.62932208775527
H           -0.11965414832782       -0.61560271115310       -1.76348950016427
18
 energy: -20.899279086585 gnorm: 0.000042355527 xtb: 6.7.1 (edcfbbe)
C            1.90124838611933       -1.04993598326405        0.08162745550650
C            1.10223644261763        0.18679086973359        0.48202092007016
C           -0.36566819041992        0.20238801083845        0.00422480772888
C           -1.02836971977431        1.50042791071546        0.47557417468577
C           -1.14639496024845       -1.00004552483075        0.54491676852056
O           -0.43077713736469        0.23190761894202       -1.41960729926210
H            2.92673844047746       -0.94516015624120        0.42752079333826
H            1.92510656165146       -1.16652651411259       -0.99945748807501
H            1.48649802057724       -1.95042777253741        0.52643447673128
H            1.59110476087770        1.07082289748790        0.06618017369973
H            1.10523364057556        0.28163886356889        1.56872741547342
H           -0.48778142140188        2.35497072492126        0.07742913969301
H           -2.05011969587662        1.54232970927217        0.10788756827326
H           -1.03388199805243        1.55196323328989        1.55961972342314
H           -2.18875389130559       -0.92226972190033        0.24483711343548
H           -0.74702735893664       -1.93231148727551        0.15367108915771
H           -1.09363686898101       -1.02322895079864        1.62935367944016
H           -0.11970318101338       -0.61576276514617       -1.76326178284843
