9
 energy: -226.173494086799 gnorm: 0.030415209434 xtb: 6.7.1 (edcfbbe)
C           -0.64369607638524        0.97112889023033        0.00000622110000
C            0.71953037331884        0.90631992320161        0.00000246590000
N            1.12622372099906       -0.39354340487439        0.00000467280000
C            0.02740769091215       -1.10090061808784        0.00000072540000
N           -1.07683045897717       -0.32314661154319        0.00001207670001
H           -1.31406677018230        1.80416585709947       -0.00009516540004
H            1.43527036813601        1.70341196125483       -0.00007525930003
H           -0.00180748940080       -2.17138059346220       -0.00011718560005
H           -2.03602564520222       -0.63025387967928       -0.00005730560003
9
 energy: -226.174686313491 gnorm: 0.009532631864 xtb: 6.7.1 (edcfbbe)
C           -0.64327428259408        0.97912102395233       -0.00002365650660
C            0.72425203156577        0.91204262748254       -0.00002521069247
N            1.13742304295392       -0.40032547575633       -0.00002612107808
C            0.02938587786902       -1.11421689037903       -0.00002614828569
N           -1.07332766296673       -0.32405936469968       -0.00002124109356
H           -1.32367223516748        1.81482258753489       -0.00005679433467
H            1.43569132033457        1.72330384824646       -0.00003249862097
H           -0.01604540958505       -2.19280141347492       -0.00005372394711
H           -2.03442698372985       -0.63208542526760       -0.00005339103099
9
 energy: -226.174820608813 gnorm: 0.002032407429 xtb: 6.7.1 (edcfbbe)
C           -0.64170019381327        0.98228765640622       -0.00003562634312
C            0.72681896370404        0.91387216594980       -0.00003322723793
N            1.14448104115839       -0.40364452606072       -0.00003220022190
C            0.03100557315656       -1.11828671948115       -0.00003653721272
N           -1.07109571742864       -0.32412871246619       -0.00003644117359
H           -1.32758756256325        1.81613343784768       -0.00003952221083
H            1.43344241074878        1.73203907372898       -0.00002166143725
H           -0.02691367554182       -2.19856821481962       -0.00003126547044
H           -2.03244513626054       -0.63390265365085       -0.00005231658174
9
 energy: -226.174829623665 gnorm: 0.001186365077 xtb: 6.7.1 (edcfbbe)
C           -0.64073133143478        0.98273458519058       -0.00003637743524
C            0.72740773687064        0.91397641326928       -0.00003062675596
N            1.14606460389928       -0.40424717041184       -0.00003044112958
C            0.03152174735078       -1.11812277693013       -0.00003523575643
N           -1.07031889977629       -0.32401918824304       -0.00003792572588
H           -1.32810930077775        1.81508357992632       -0.00003914898719
H            1.43226179725518        1.73347644705221       -0.00002420890605
H           -0.03085324418948       -2.19798125800653       -0.00003314287779
H           -2.03123740082507       -0.63509912998562       -0.00005169207938
9
 energy: -226.174831821104 gnorm: 0.000599392629 xtb: 6.7.1 (edcfbbe)
C           -0.63965404238442        0.98305981539255       -0.00003703200966
C            0.72794386799658        0.91377228349604       -0.00002859838960
N            1.14701258824335       -0.40455906713852       -0.00002561639031
C            0.03210090456402       -1.11717014729129       -0.00003395085834
N           -1.06959320029190       -0.32378411287243       -0.00003993072103
H           -1.32844447141651        1.81375447302853       -0.00003941764413
H            1.43122320594995        1.73414742373322       -0.00002752314915
H           -0.03491478416262       -2.19636958849415       -0.00003729833407
H           -2.02966835382966       -0.63704958524193       -0.00004943304433
9
 energy: -226.174831821104 gnorm: 0.000599392629 xtb: 6.7.1 (edcfbbe)
C           -0.63965404238442        0.98305981539255       -0.00003703200966
C            0.72794386799658        0.91377228349604       -0.00002859838960
N            1.14701258824335       -0.40455906713852       -0.00002561639031
C            0.03210090456402       -1.11717014729129       -0.00003395085834
N           -1.06959320029190       -0.32378411287243       -0.00003993072103
H           -1.32844447141651        1.81375447302853       -0.00003941764413
H            1.43122320594995        1.73414742373322       -0.00002752314915
H           -0.03491478416262       -2.19636958849415       -0.00003729833407
H           -2.02966835382966       -0.63704958524193       -0.00004943304433
