----------------------------------------------- 
  Element       SASA      Sigma Z        Total  
     Z         Ang**2 cal/Ang**2/mol   kcal/mol 
----------------------------------------------- 
      H         72.792      48.690       3.544
      C         20.342     129.740       2.639
      O         42.022       0.000       0.000

 Subtotal:     135.156                   6.183
 -----------------------------------------------

  Elements    COT*SASA   Sigma Z,Z'     Total   
    Z,Z'       Ang**2  cal/Ang**2/mol kcal/mol  
 ---------------------------------------------- 
  H   C         40.876     -60.770      -2.484
  H   O          8.638       0.000       0.000
  C   C         14.806     -72.950      -1.080
  O   C         21.340      68.690       1.466
  O   O          0.000       0.000       0.000

 Subtotal:                              -2.098
 ---------------------------------------------- 

 NONAQUEOUS SOLVENT CONTRIBUTION (kcal/mol):
 (proportional to SASA, atomic number independent)
 ---------------------------------------------- 
 Subtotal:                               0.000
 ---------------------------------------------- 

 CDS TOTAL (kcal/mol):                   4.085
...............................................................................
