----------------------------------------------- 
  Element       SASA      Sigma Z        Total  
     Z         Ang**2 cal/Ang**2/mol   kcal/mol 
----------------------------------------------- 
      H        161.666      48.690       7.872
      C         34.394     129.740       4.462
      O         27.810       0.000       0.000

 Subtotal:     223.871                  12.334
 -----------------------------------------------

  Elements    COT*SASA   Sigma Z,Z'     Total   
    Z,Z'       Ang**2  cal/Ang**2/mol kcal/mol  
 ---------------------------------------------- 
  H   C        108.635     -60.770      -6.602
  H   O          0.000       0.000       0.000
  C   C         26.911     -72.950      -1.963
  O   C         15.490      68.690       1.064
  O   O          0.000       0.000       0.000

 Subtotal:                              -7.501
 ---------------------------------------------- 

 NONAQUEOUS SOLVENT CONTRIBUTION (kcal/mol):
 (proportional to SASA, atomic number independent)
 ---------------------------------------------- 
 Subtotal:                               0.000
 ---------------------------------------------- 

 CDS TOTAL (kcal/mol):                   4.833
...............................................................................
