----------------------------------------------- 
  Element       SASA      Sigma Z        Total  
     Z         Ang**2 cal/Ang**2/mol   kcal/mol 
----------------------------------------------- 
      H        160.336      48.690       7.807
      C         35.339     129.740       4.585
      O         29.508       0.000       0.000

 Subtotal:     225.183                  12.392
 -----------------------------------------------

  Elements    COT*SASA   Sigma Z,Z'     Total   
    Z,Z'       Ang**2  cal/Ang**2/mol kcal/mol  
 ---------------------------------------------- 
  H   C        107.974     -60.770      -6.562
  H   O          0.000       0.000       0.000
  C   C         26.998     -72.950      -1.969
  O   C         16.272      68.690       1.118
  O   O          0.000       0.000       0.000

 Subtotal:                              -7.413
 ---------------------------------------------- 

 NONAQUEOUS SOLVENT CONTRIBUTION (kcal/mol):
 (proportional to SASA, atomic number independent)
 ---------------------------------------------- 
 Subtotal:                               0.000
 ---------------------------------------------- 

 CDS TOTAL (kcal/mol):                   4.978
...............................................................................
