----------------------------------------------- 
  Element       SASA      Sigma Z        Total  
     Z         Ang**2 cal/Ang**2/mol   kcal/mol 
----------------------------------------------- 
      H         89.718      48.690       4.368
      C         39.722     129.740       5.154
      O         24.985       0.000       0.000

 Subtotal:     154.426                   9.522
 -----------------------------------------------

  Elements    COT*SASA   Sigma Z,Z'     Total   
    Z,Z'       Ang**2  cal/Ang**2/mol kcal/mol  
 ---------------------------------------------- 
  H   C         60.703     -60.770      -3.689
  H   O          0.000       0.000       0.000
  C   C         47.227     -72.950      -3.445
  O   C         15.382      68.690       1.057

 Subtotal:                              -6.078
 ---------------------------------------------- 

 NONAQUEOUS SOLVENT CONTRIBUTION (kcal/mol):
 (proportional to SASA, atomic number independent)
 ---------------------------------------------- 
 Subtotal:                               0.000
 ---------------------------------------------- 

 CDS TOTAL (kcal/mol):                   3.444
...............................................................................
