----------------------------------------------- 
  Element       SASA      Sigma Z        Total  
     Z         Ang**2 cal/Ang**2/mol   kcal/mol 
----------------------------------------------- 
      H        110.221      48.690       5.367
      C         62.079     129.740       8.054
      N         10.677       0.000       0.000
      O         13.104       0.000       0.000

 Subtotal:     196.082                  13.421
 -----------------------------------------------

  Elements    COT*SASA   Sigma Z,Z'     Total   
    Z,Z'       Ang**2  cal/Ang**2/mol kcal/mol  
 ---------------------------------------------- 
  H   C         57.023     -60.770      -3.465
  H   O          0.000       0.000       0.000
  C   C         69.013     -72.950      -5.035
  O   C          0.648      68.690       0.045
  C   N          3.043       0.000       0.000
  N   C         13.610     -48.220      -0.656
  N  C(3)        0.000      84.100       0.000
  O   N          0.000     121.980       0.000

 Subtotal:                              -9.112
 ---------------------------------------------- 

 NONAQUEOUS SOLVENT CONTRIBUTION (kcal/mol):
 (proportional to SASA, atomic number independent)
 ---------------------------------------------- 
 Subtotal:                               0.000
 ---------------------------------------------- 

 CDS TOTAL (kcal/mol):                   4.309
...............................................................................
