----------------------------------------------- 
  Element       SASA      Sigma Z        Total  
     Z         Ang**2 cal/Ang**2/mol   kcal/mol 
----------------------------------------------- 
      H        113.306      48.690       5.517
      C         76.072     129.740       9.870
      O         22.543       0.000       0.000

 Subtotal:     211.921                  15.386
 -----------------------------------------------

  Elements    COT*SASA   Sigma Z,Z'     Total   
    Z,Z'       Ang**2  cal/Ang**2/mol kcal/mol  
 ---------------------------------------------- 
  H   C         76.572     -60.770      -4.653
  H   O          0.000       0.000       0.000
  C   C         95.494     -72.950      -6.966
  O   C         13.846      68.690       0.951

 Subtotal:                             -10.668
 ---------------------------------------------- 

 NONAQUEOUS SOLVENT CONTRIBUTION (kcal/mol):
 (proportional to SASA, atomic number independent)
 ---------------------------------------------- 
 Subtotal:                               0.000
 ---------------------------------------------- 

 CDS TOTAL (kcal/mol):                   4.718
...............................................................................
