----------------------------------------------- 
  Element       SASA      Sigma Z        Total  
     Z         Ang**2 cal/Ang**2/mol   kcal/mol 
----------------------------------------------- 
      H         72.679      48.690       3.539
      C         42.951     129.740       5.572
      O         24.401       0.000       0.000

 Subtotal:     140.031                   9.111
 -----------------------------------------------

  Elements    COT*SASA   Sigma Z,Z'     Total   
    Z,Z'       Ang**2  cal/Ang**2/mol kcal/mol  
 ---------------------------------------------- 
  H   C         48.994     -60.770      -2.977
  H   O          0.000       0.000       0.000
  C   C         41.329     -72.950      -3.015
  O   C         15.193      68.690       1.044

 Subtotal:                              -4.949
 ---------------------------------------------- 

 NONAQUEOUS SOLVENT CONTRIBUTION (kcal/mol):
 (proportional to SASA, atomic number independent)
 ---------------------------------------------- 
 Subtotal:                               0.000
 ---------------------------------------------- 

 CDS TOTAL (kcal/mol):                   4.162
...............................................................................
