----------------------------------------------- 
  Element       SASA      Sigma Z        Total  
     Z         Ang**2 cal/Ang**2/mol   kcal/mol 
----------------------------------------------- 
      H        118.089      48.690       5.750
      C         22.090     129.740       2.866
      O         15.262       0.000       0.000

 Subtotal:     155.440                   8.616
 -----------------------------------------------

  Elements    COT*SASA   Sigma Z,Z'     Total   
    Z,Z'       Ang**2  cal/Ang**2/mol kcal/mol  
 ---------------------------------------------- 
  H   C         71.089     -60.770      -4.320
  H   O          8.980       0.000       0.000
  C   C         16.292     -72.950      -1.188
  O   C          0.001      68.690       0.000

 Subtotal:                              -5.508
 ---------------------------------------------- 

 NONAQUEOUS SOLVENT CONTRIBUTION (kcal/mol):
 (proportional to SASA, atomic number independent)
 ---------------------------------------------- 
 Subtotal:                               0.000
 ---------------------------------------------- 

 CDS TOTAL (kcal/mol):                   3.107
...............................................................................
