----------------------------------------------- 
  Element       SASA      Sigma Z        Total  
     Z         Ang**2 cal/Ang**2/mol   kcal/mol 
----------------------------------------------- 
      H        173.019      48.690       8.424
      C         53.907     129.740       6.994
      O         15.272       0.000       0.000

 Subtotal:     242.198                  15.418
 -----------------------------------------------

  Elements    COT*SASA   Sigma Z,Z'     Total   
    Z,Z'       Ang**2  cal/Ang**2/mol kcal/mol  
 ---------------------------------------------- 
  H   C        107.865     -60.770      -6.555
  H   O          8.913       0.000       0.000
  C   C         54.316     -72.950      -3.962
  O   C          0.000      68.690       0.000

 Subtotal:                             -10.517
 ---------------------------------------------- 

 NONAQUEOUS SOLVENT CONTRIBUTION (kcal/mol):
 (proportional to SASA, atomic number independent)
 ---------------------------------------------- 
 Subtotal:                               0.000
 ---------------------------------------------- 

 CDS TOTAL (kcal/mol):                   4.901
...............................................................................
