2025-04-05 02:59:44,398 -     censo.parallel     -  DEBUG   - Free cores decreased 6 -> 5.
2025-04-05 02:59:44,404 -     censo.parallel     -  DEBUG   - Free cores decreased 5 -> 4.
2025-04-05 02:59:44,404 -   censo.qm_processor   -  DEBUG   - worker627049:Running on 1 cores.
2025-04-05 02:59:44,404 -     censo.parallel     -  DEBUG   - Free cores decreased 4 -> 3.
2025-04-05 02:59:44,405 -   censo.qm_processor   -  DEBUG   - worker627050:Running on 1 cores.
2025-04-05 02:59:44,405 -     censo.parallel     -  DEBUG   - Free cores decreased 3 -> 2.
2025-04-05 02:59:44,405 -   censo.qm_processor   -  DEBUG   - worker627052:Running on 1 cores.
2025-04-05 02:59:44,405 -     censo.parallel     -  DEBUG   - Free cores decreased 2 -> 1.
2025-04-05 02:59:44,406 -   censo.qm_processor   -  DEBUG   - worker627055:Running on 1 cores.
2025-04-05 02:59:44,406 -     censo.parallel     -  DEBUG   - Free cores decreased 1 -> 0.
2025-04-05 02:59:44,406 -   censo.qm_processor   -  DEBUG   - worker627058:Running on 1 cores.
2025-04-05 02:59:44,406 -   censo.qm_processor   -  DEBUG   - worker627061:Running on 1 cores.
2025-04-05 02:59:44,469 -   censo.qm_processor   -   INFO   - worker627052:Running xtb_gsolv calculation in /srv/scratch/z5358697/.automated/4445/0_PRESCREENING/CONF3/xtb_gsolv.
2025-04-05 02:59:44,471 -   censo.qm_processor   -   INFO   - worker627055:Running xtb_gsolv calculation in /srv/scratch/z5358697/.automated/4445/0_PRESCREENING/CONF4/xtb_gsolv.
2025-04-05 02:59:44,486 -   censo.qm_processor   -  DEBUG   - worker627052:Running ['/srv/scratch/z5358697/.xtb/bin/xtb', 'gas.coord', '--gfn2', '--sp', '--chrg', '0', '--norestart', '--parallel', '1']...
2025-04-05 02:59:44,498 -   censo.qm_processor   -   INFO   - worker627049:Running xtb_gsolv calculation in /srv/scratch/z5358697/.automated/4445/0_PRESCREENING/CONF1/xtb_gsolv.
2025-04-05 02:59:44,505 -   censo.qm_processor   -   INFO   - worker627058:Running xtb_gsolv calculation in /srv/scratch/z5358697/.automated/4445/0_PRESCREENING/CONF5/xtb_gsolv.
2025-04-05 02:59:44,515 -   censo.qm_processor   -  DEBUG   - worker627049:Running ['/srv/scratch/z5358697/.xtb/bin/xtb', 'gas.coord', '--gfn2', '--sp', '--chrg', '0', '--norestart', '--parallel', '1']...
2025-04-05 02:59:44,517 -   censo.qm_processor   -   INFO   - worker627050:Running xtb_gsolv calculation in /srv/scratch/z5358697/.automated/4445/0_PRESCREENING/CONF2/xtb_gsolv.
2025-04-05 02:59:44,521 -   censo.qm_processor   -   INFO   - worker627061:Running xtb_gsolv calculation in /srv/scratch/z5358697/.automated/4445/0_PRESCREENING/CONF6/xtb_gsolv.
2025-04-05 02:59:44,523 -   censo.qm_processor   -  DEBUG   - worker627058:Running ['/srv/scratch/z5358697/.xtb/bin/xtb', 'gas.coord', '--gfn2', '--sp', '--chrg', '0', '--norestart', '--parallel', '1']...
2025-04-05 02:59:44,539 -   censo.qm_processor   -  DEBUG   - worker627050:Running ['/srv/scratch/z5358697/.xtb/bin/xtb', 'gas.coord', '--gfn2', '--sp', '--chrg', '0', '--norestart', '--parallel', '1']...
2025-04-05 02:59:44,539 -   censo.qm_processor   -  DEBUG   - worker627061:Running ['/srv/scratch/z5358697/.xtb/bin/xtb', 'gas.coord', '--gfn2', '--sp', '--chrg', '0', '--norestart', '--parallel', '1']...
2025-04-05 02:59:44,562 -   censo.qm_processor   -  DEBUG   - worker627055:Running ['/srv/scratch/z5358697/.xtb/bin/xtb', 'gas.coord', '--gfn2', '--sp', '--chrg', '0', '--norestart', '--parallel', '1']...
2025-04-05 02:59:44,567 -   censo.qm_processor   -  DEBUG   - worker627055:Started (PID: 627077).
2025-04-05 02:59:44,567 -   censo.qm_processor   -  DEBUG   - worker627052:Started (PID: 627072).
2025-04-05 02:59:44,612 -   censo.qm_processor   -  DEBUG   - worker627061:Started (PID: 627076).
2025-04-05 02:59:44,612 -   censo.qm_processor   -  DEBUG   - worker627058:Started (PID: 627074).
2025-04-05 02:59:44,612 -   censo.qm_processor   -  DEBUG   - worker627050:Started (PID: 627075).
2025-04-05 02:59:44,612 -   censo.qm_processor   -  DEBUG   - worker627049:Started (PID: 627073).
2025-04-05 02:59:44,772 -   censo.qm_processor   -  DEBUG   - worker627050:Done.
2025-04-05 02:59:44,772 -   censo.qm_processor   -  DEBUG   - worker627058:Done.
2025-04-05 02:59:44,773 -   censo.qm_processor   -  DEBUG   - worker627052:Done.
2025-04-05 02:59:44,781 -   censo.qm_processor   -  DEBUG   - worker627061:Done.
2025-04-05 02:59:44,781 -   censo.qm_processor   -  DEBUG   - worker627055:Done.
2025-04-05 02:59:44,782 -   censo.qm_processor   -  DEBUG   - worker627049:Done.
2025-04-05 02:59:44,793 -   censo.qm_processor   -  DEBUG   - worker627050:Running ['/srv/scratch/z5358697/.xtb/bin/xtb', 'solv.coord', '--gfn2', '--sp', '--chrg', '0', '--norestart', '--parallel', '1', '--alpb', 'water', 'reference', '-I', 'xtb_sp-xcontrol-inp']...
2025-04-05 02:59:44,794 -   censo.qm_processor   -  DEBUG   - worker627052:Running ['/srv/scratch/z5358697/.xtb/bin/xtb', 'solv.coord', '--gfn2', '--sp', '--chrg', '0', '--norestart', '--parallel', '1', '--alpb', 'water', 'reference', '-I', 'xtb_sp-xcontrol-inp']...
2025-04-05 02:59:44,794 -   censo.qm_processor   -  DEBUG   - worker627058:Running ['/srv/scratch/z5358697/.xtb/bin/xtb', 'solv.coord', '--gfn2', '--sp', '--chrg', '0', '--norestart', '--parallel', '1', '--alpb', 'water', 'reference', '-I', 'xtb_sp-xcontrol-inp']...
2025-04-05 02:59:44,799 -   censo.qm_processor   -  DEBUG   - worker627050:Started (PID: 627083).
2025-04-05 02:59:44,799 -   censo.qm_processor   -  DEBUG   - worker627058:Started (PID: 627084).
2025-04-05 02:59:44,799 -   censo.qm_processor   -  DEBUG   - worker627052:Started (PID: 627085).
2025-04-05 02:59:44,802 -   censo.qm_processor   -  DEBUG   - worker627061:Running ['/srv/scratch/z5358697/.xtb/bin/xtb', 'solv.coord', '--gfn2', '--sp', '--chrg', '0', '--norestart', '--parallel', '1', '--alpb', 'water', 'reference', '-I', 'xtb_sp-xcontrol-inp']...
2025-04-05 02:59:44,803 -   censo.qm_processor   -  DEBUG   - worker627055:Running ['/srv/scratch/z5358697/.xtb/bin/xtb', 'solv.coord', '--gfn2', '--sp', '--chrg', '0', '--norestart', '--parallel', '1', '--alpb', 'water', 'reference', '-I', 'xtb_sp-xcontrol-inp']...
2025-04-05 02:59:44,803 -   censo.qm_processor   -  DEBUG   - worker627049:Running ['/srv/scratch/z5358697/.xtb/bin/xtb', 'solv.coord', '--gfn2', '--sp', '--chrg', '0', '--norestart', '--parallel', '1', '--alpb', 'water', 'reference', '-I', 'xtb_sp-xcontrol-inp']...
2025-04-05 02:59:44,810 -   censo.qm_processor   -  DEBUG   - worker627061:Started (PID: 627087).
2025-04-05 02:59:44,810 -   censo.qm_processor   -  DEBUG   - worker627055:Started (PID: 627088).
2025-04-05 02:59:44,811 -   censo.qm_processor   -  DEBUG   - worker627049:Started (PID: 627089).
2025-04-05 02:59:44,847 -   censo.qm_processor   -  DEBUG   - worker627058:Done.
2025-04-05 02:59:44,847 -   censo.qm_processor   -  DEBUG   - worker627050:Done.
2025-04-05 02:59:44,848 -   censo.qm_processor   -  DEBUG   - worker627052:Done.
2025-04-05 02:59:44,849 -     censo.parallel     -  DEBUG   - Free cores increased 0 -> 1.
2025-04-05 02:59:44,850 -     censo.parallel     -  DEBUG   - Free cores increased 1 -> 2.
2025-04-05 02:59:44,850 -     censo.parallel     -  DEBUG   - Free cores increased 2 -> 3.
2025-04-05 02:59:44,880 -   censo.qm_processor   -  DEBUG   - worker627061:Done.
2025-04-05 02:59:44,880 -   censo.qm_processor   -  DEBUG   - worker627049:Done.
2025-04-05 02:59:44,880 -   censo.qm_processor   -  DEBUG   - worker627055:Done.
2025-04-05 02:59:44,882 -     censo.parallel     -  DEBUG   - Free cores increased 3 -> 4.
2025-04-05 02:59:44,882 -     censo.parallel     -  DEBUG   - Free cores increased 4 -> 5.
2025-04-05 02:59:44,883 -     censo.parallel     -  DEBUG   - Free cores increased 5 -> 6.
2025-04-05 02:59:44,891 -     censo.parallel     -  DEBUG   - Checking for failed jobs...
2025-04-05 02:59:44,891 -     censo.parallel     -   INFO   - All jobs executed successfully.
2025-04-05 02:59:44,897 -     censo.parallel     -  DEBUG   - Free cores decreased 6 -> 5.
2025-04-05 02:59:44,902 -     censo.parallel     -  DEBUG   - Free cores decreased 5 -> 4.
2025-04-05 02:59:44,902 -   censo.qm_processor   -  DEBUG   - worker627116:Running on 1 cores.
2025-04-05 02:59:44,903 -     censo.parallel     -  DEBUG   - Free cores decreased 4 -> 3.
2025-04-05 02:59:44,903 -   censo.qm_processor   -  DEBUG   - worker627117:Running on 1 cores.
2025-04-05 02:59:44,904 -     censo.parallel     -  DEBUG   - Free cores decreased 3 -> 2.
2025-04-05 02:59:44,904 -   censo.qm_processor   -  DEBUG   - worker627119:Running on 1 cores.
2025-04-05 02:59:44,904 -     censo.parallel     -  DEBUG   - Free cores decreased 2 -> 1.
2025-04-05 02:59:44,904 -   censo.qm_processor   -  DEBUG   - worker627122:Running on 1 cores.
2025-04-05 02:59:44,904 -     censo.parallel     -  DEBUG   - Free cores decreased 1 -> 0.
2025-04-05 02:59:44,904 -   censo.qm_processor   -  DEBUG   - worker627125:Running on 1 cores.
2025-04-05 02:59:44,905 -   censo.qm_processor   -  DEBUG   - worker627128:Running on 1 cores.
2025-04-05 02:59:44,907 -   censo.qm_processor   -   INFO   - worker627116:Running sp calculation in /srv/scratch/z5358697/.automated/4445/0_PRESCREENING/CONF1/sp.
2025-04-05 02:59:44,909 -   censo.qm_processor   -   INFO   - worker627117:Running sp calculation in /srv/scratch/z5358697/.automated/4445/0_PRESCREENING/CONF2/sp.
2025-04-05 02:59:44,912 -   censo.qm_processor   -   INFO   - worker627119:Running sp calculation in /srv/scratch/z5358697/.automated/4445/0_PRESCREENING/CONF3/sp.
2025-04-05 02:59:44,918 -   censo.qm_processor   -   INFO   - worker627122:Running sp calculation in /srv/scratch/z5358697/.automated/4445/0_PRESCREENING/CONF4/sp.
2025-04-05 02:59:44,922 -   censo.qm_processor   -  DEBUG   - worker627116:Running ['/apps/z_install_tree/linux-rocky8-ivybridge/gcc-12.2.0/orca-6.0.0-srtngmq3qlimg2qxbl6avaaiffipurdx/bin/orca', 'sp.inp']...
2025-04-05 02:59:44,926 -   censo.qm_processor   -   INFO   - worker627125:Running sp calculation in /srv/scratch/z5358697/.automated/4445/0_PRESCREENING/CONF5/sp.
2025-04-05 02:59:44,927 -   censo.qm_processor   -  DEBUG   - worker627117:Running ['/apps/z_install_tree/linux-rocky8-ivybridge/gcc-12.2.0/orca-6.0.0-srtngmq3qlimg2qxbl6avaaiffipurdx/bin/orca', 'sp.inp']...
2025-04-05 02:59:44,933 -   censo.qm_processor   -   INFO   - worker627128:Running sp calculation in /srv/scratch/z5358697/.automated/4445/0_PRESCREENING/CONF6/sp.
2025-04-05 02:59:44,937 -   censo.qm_processor   -  DEBUG   - worker627122:Running ['/apps/z_install_tree/linux-rocky8-ivybridge/gcc-12.2.0/orca-6.0.0-srtngmq3qlimg2qxbl6avaaiffipurdx/bin/orca', 'sp.inp']...
2025-04-05 02:59:44,937 -   censo.qm_processor   -  DEBUG   - worker627119:Running ['/apps/z_install_tree/linux-rocky8-ivybridge/gcc-12.2.0/orca-6.0.0-srtngmq3qlimg2qxbl6avaaiffipurdx/bin/orca', 'sp.inp']...
2025-04-05 02:59:44,938 -   censo.qm_processor   -  DEBUG   - worker627117:Started (PID: 627140).
2025-04-05 02:59:44,938 -   censo.qm_processor   -  DEBUG   - worker627116:Started (PID: 627139).
2025-04-05 02:59:44,941 -   censo.qm_processor   -  DEBUG   - worker627125:Running ['/apps/z_install_tree/linux-rocky8-ivybridge/gcc-12.2.0/orca-6.0.0-srtngmq3qlimg2qxbl6avaaiffipurdx/bin/orca', 'sp.inp']...
2025-04-05 02:59:44,945 -   censo.qm_processor   -  DEBUG   - worker627122:Started (PID: 627142).
2025-04-05 02:59:44,946 -   censo.qm_processor   -  DEBUG   - worker627119:Started (PID: 627141).
2025-04-05 02:59:44,946 -   censo.qm_processor   -  DEBUG   - worker627125:Started (PID: 627143).
2025-04-05 02:59:44,950 -   censo.qm_processor   -  DEBUG   - worker627128:Running ['/apps/z_install_tree/linux-rocky8-ivybridge/gcc-12.2.0/orca-6.0.0-srtngmq3qlimg2qxbl6avaaiffipurdx/bin/orca', 'sp.inp']...
2025-04-05 02:59:44,953 -   censo.qm_processor   -  DEBUG   - worker627128:Started (PID: 627146).
2025-04-05 02:59:53,955 -   censo.qm_processor   -  DEBUG   - worker627119:Done.
2025-04-05 02:59:53,957 -   censo.qm_processor   -  DEBUG   - worker627125:Done.
2025-04-05 02:59:53,961 -     censo.parallel     -  DEBUG   - Free cores increased 0 -> 1.
2025-04-05 02:59:53,962 -     censo.parallel     -  DEBUG   - Free cores increased 1 -> 2.
2025-04-05 02:59:53,974 -   censo.qm_processor   -  DEBUG   - worker627128:Done.
2025-04-05 02:59:53,978 -     censo.parallel     -  DEBUG   - Free cores increased 2 -> 3.
2025-04-05 02:59:53,981 -   censo.qm_processor   -  DEBUG   - worker627117:Done.
2025-04-05 02:59:53,986 -     censo.parallel     -  DEBUG   - Free cores increased 3 -> 4.
2025-04-05 02:59:54,047 -   censo.qm_processor   -  DEBUG   - worker627122:Done.
2025-04-05 02:59:54,052 -   censo.qm_processor   -  DEBUG   - worker627116:Done.
2025-04-05 02:59:54,053 -     censo.parallel     -  DEBUG   - Free cores increased 4 -> 5.
2025-04-05 02:59:54,057 -     censo.parallel     -  DEBUG   - Free cores increased 5 -> 6.
2025-04-05 02:59:54,065 -     censo.parallel     -  DEBUG   - Checking for failed jobs...
2025-04-05 02:59:54,066 -     censo.parallel     -   INFO   - All jobs executed successfully.
2025-04-05 02:59:54,066 -   censo.ensembledata   -  DEBUG   - Removed CONF6.
2025-04-05 02:59:54,066 -censo.ensembleopt.prescreening-  DEBUG   - Writing to /srv/scratch/z5358697/.automated/4445/0_PRESCREENING.out.
2025-04-05 02:59:54,139 -     censo.parallel     -  DEBUG   - Free cores decreased 6 -> 5.
2025-04-05 02:59:54,144 -     censo.parallel     -  DEBUG   - Free cores decreased 5 -> 4.
2025-04-05 02:59:54,145 -   censo.qm_processor   -  DEBUG   - worker628061:Running on 1 cores.
2025-04-05 02:59:54,145 -     censo.parallel     -  DEBUG   - Free cores decreased 4 -> 3.
2025-04-05 02:59:54,145 -   censo.qm_processor   -  DEBUG   - worker628062:Running on 1 cores.
2025-04-05 02:59:54,145 -     censo.parallel     -  DEBUG   - Free cores decreased 3 -> 2.
2025-04-05 02:59:54,146 -   censo.qm_processor   -  DEBUG   - worker628064:Running on 1 cores.
2025-04-05 02:59:54,146 -     censo.parallel     -  DEBUG   - Free cores decreased 2 -> 1.
2025-04-05 02:59:54,146 -   censo.qm_processor   -  DEBUG   - worker628067:Running on 1 cores.
2025-04-05 02:59:54,147 -   censo.qm_processor   -  DEBUG   - worker628070:Running on 1 cores.
2025-04-05 02:59:54,159 -   censo.qm_processor   -   INFO   - worker628061:Running gsolv calculation in /srv/scratch/z5358697/.automated/4445/1_SCREENING/CONF1/gsolv.
2025-04-05 02:59:54,175 -  censo.orca_processor  -  DEBUG   - worker628061:Copying .gbw file from /srv/scratch/z5358697/.automated/4445/0_PRESCREENING/CONF1/sp/sp.gbw.
2025-04-05 02:59:54,184 -   censo.qm_processor   -   INFO   - worker628064:Running gsolv calculation in /srv/scratch/z5358697/.automated/4445/1_SCREENING/CONF3/gsolv.
2025-04-05 02:59:54,209 -   censo.qm_processor   -   INFO   - worker628062:Running gsolv calculation in /srv/scratch/z5358697/.automated/4445/1_SCREENING/CONF2/gsolv.
2025-04-05 02:59:54,222 -  censo.orca_processor  -  DEBUG   - worker628062:Copying .gbw file from /srv/scratch/z5358697/.automated/4445/0_PRESCREENING/CONF2/sp/sp.gbw.
2025-04-05 02:59:54,233 -   censo.qm_processor   -   INFO   - worker628067:Running gsolv calculation in /srv/scratch/z5358697/.automated/4445/1_SCREENING/CONF4/gsolv.
2025-04-05 02:59:54,236 -   censo.qm_processor   -  DEBUG   - worker628061:Running ['/apps/z_install_tree/linux-rocky8-ivybridge/gcc-12.2.0/orca-6.0.0-srtngmq3qlimg2qxbl6avaaiffipurdx/bin/orca', 'sp_gas.inp']...
2025-04-05 02:59:54,241 -   censo.qm_processor   -   INFO   - worker628070:Running gsolv calculation in /srv/scratch/z5358697/.automated/4445/1_SCREENING/CONF5/gsolv.
2025-04-05 02:59:54,241 -   censo.qm_processor   -  DEBUG   - worker628061:Started (PID: 628083).
2025-04-05 02:59:54,244 -  censo.orca_processor  -  DEBUG   - worker628067:Copying .gbw file from /srv/scratch/z5358697/.automated/4445/0_PRESCREENING/CONF4/sp/sp.gbw.
2025-04-05 02:59:54,251 -   censo.qm_processor   -  DEBUG   - worker628062:Running ['/apps/z_install_tree/linux-rocky8-ivybridge/gcc-12.2.0/orca-6.0.0-srtngmq3qlimg2qxbl6avaaiffipurdx/bin/orca', 'sp_gas.inp']...
2025-04-05 02:59:54,252 -  censo.orca_processor  -  DEBUG   - worker628064:Copying .gbw file from /srv/scratch/z5358697/.automated/4445/0_PRESCREENING/CONF3/sp/sp.gbw.
2025-04-05 02:59:54,253 -  censo.orca_processor  -  DEBUG   - worker628070:Copying .gbw file from /srv/scratch/z5358697/.automated/4445/0_PRESCREENING/CONF5/sp/sp.gbw.
2025-04-05 02:59:54,256 -   censo.qm_processor   -  DEBUG   - worker628062:Started (PID: 628085).
2025-04-05 02:59:54,271 -   censo.qm_processor   -  DEBUG   - worker628067:Running ['/apps/z_install_tree/linux-rocky8-ivybridge/gcc-12.2.0/orca-6.0.0-srtngmq3qlimg2qxbl6avaaiffipurdx/bin/orca', 'sp_gas.inp']...
2025-04-05 02:59:54,275 -   censo.qm_processor   -  DEBUG   - worker628067:Started (PID: 628086).
2025-04-05 02:59:54,279 -   censo.qm_processor   -  DEBUG   - worker628064:Running ['/apps/z_install_tree/linux-rocky8-ivybridge/gcc-12.2.0/orca-6.0.0-srtngmq3qlimg2qxbl6avaaiffipurdx/bin/orca', 'sp_gas.inp']...
2025-04-05 02:59:54,279 -   censo.qm_processor   -  DEBUG   - worker628070:Running ['/apps/z_install_tree/linux-rocky8-ivybridge/gcc-12.2.0/orca-6.0.0-srtngmq3qlimg2qxbl6avaaiffipurdx/bin/orca', 'sp_gas.inp']...
2025-04-05 02:59:54,284 -   censo.qm_processor   -  DEBUG   - worker628064:Started (PID: 628088).
2025-04-05 02:59:54,284 -   censo.qm_processor   -  DEBUG   - worker628070:Started (PID: 628089).
2025-04-05 03:00:21,690 -   censo.qm_processor   -  DEBUG   - worker628064:Done.
2025-04-05 03:00:21,696 -   censo.qm_processor   -  DEBUG   - worker628062:Done.
2025-04-05 03:00:21,707 -  censo.orca_processor  -  DEBUG   - worker628064:Copying .gbw file from /srv/scratch/z5358697/.automated/4445/0_PRESCREENING/CONF3/sp/sp.gbw.
2025-04-05 03:00:21,715 -  censo.orca_processor  -  DEBUG   - worker628062:Copying .gbw file from /srv/scratch/z5358697/.automated/4445/0_PRESCREENING/CONF2/sp/sp.gbw.
2025-04-05 03:00:21,741 -   censo.qm_processor   -  DEBUG   - worker628062:Running ['/apps/z_install_tree/linux-rocky8-ivybridge/gcc-12.2.0/orca-6.0.0-srtngmq3qlimg2qxbl6avaaiffipurdx/bin/orca', 'sp_solv.inp']...
2025-04-05 03:00:21,741 -   censo.qm_processor   -  DEBUG   - worker628064:Running ['/apps/z_install_tree/linux-rocky8-ivybridge/gcc-12.2.0/orca-6.0.0-srtngmq3qlimg2qxbl6avaaiffipurdx/bin/orca', 'sp_solv.inp']...
2025-04-05 03:00:21,745 -   censo.qm_processor   -  DEBUG   - worker628064:Started (PID: 629860).
2025-04-05 03:00:21,745 -   censo.qm_processor   -  DEBUG   - worker628062:Started (PID: 629859).
2025-04-05 03:00:21,764 -   censo.qm_processor   -  DEBUG   - worker628070:Done.
2025-04-05 03:00:21,782 -  censo.orca_processor  -  DEBUG   - worker628070:Copying .gbw file from /srv/scratch/z5358697/.automated/4445/0_PRESCREENING/CONF5/sp/sp.gbw.
2025-04-05 03:00:21,810 -   censo.qm_processor   -  DEBUG   - worker628070:Running ['/apps/z_install_tree/linux-rocky8-ivybridge/gcc-12.2.0/orca-6.0.0-srtngmq3qlimg2qxbl6avaaiffipurdx/bin/orca', 'sp_solv.inp']...
2025-04-05 03:00:21,812 -   censo.qm_processor   -  DEBUG   - worker628070:Started (PID: 629862).
2025-04-05 03:00:21,865 -   censo.qm_processor   -  DEBUG   - worker628061:Done.
2025-04-05 03:00:21,880 -  censo.orca_processor  -  DEBUG   - worker628061:Copying .gbw file from /srv/scratch/z5358697/.automated/4445/0_PRESCREENING/CONF1/sp/sp.gbw.
2025-04-05 03:00:21,916 -   censo.qm_processor   -  DEBUG   - worker628061:Running ['/apps/z_install_tree/linux-rocky8-ivybridge/gcc-12.2.0/orca-6.0.0-srtngmq3qlimg2qxbl6avaaiffipurdx/bin/orca', 'sp_solv.inp']...
2025-04-05 03:00:21,918 -   censo.qm_processor   -  DEBUG   - worker628061:Started (PID: 629936).
2025-04-05 03:00:22,049 -   censo.qm_processor   -  DEBUG   - worker628067:Done.
2025-04-05 03:00:22,067 -  censo.orca_processor  -  DEBUG   - worker628067:Copying .gbw file from /srv/scratch/z5358697/.automated/4445/0_PRESCREENING/CONF4/sp/sp.gbw.
2025-04-05 03:00:22,092 -   censo.qm_processor   -  DEBUG   - worker628067:Running ['/apps/z_install_tree/linux-rocky8-ivybridge/gcc-12.2.0/orca-6.0.0-srtngmq3qlimg2qxbl6avaaiffipurdx/bin/orca', 'sp_solv.inp']...
2025-04-05 03:00:22,095 -   censo.qm_processor   -  DEBUG   - worker628067:Started (PID: 629945).
2025-04-05 03:00:54,943 -   censo.qm_processor   -  DEBUG   - worker628062:Done.
2025-04-05 03:00:54,950 -     censo.parallel     -  DEBUG   - Free cores increased 1 -> 2.
2025-04-05 03:00:54,978 -   censo.qm_processor   -  DEBUG   - worker628070:Done.
2025-04-05 03:00:54,983 -     censo.parallel     -  DEBUG   - Free cores increased 2 -> 3.
2025-04-05 03:00:54,993 -   censo.qm_processor   -  DEBUG   - worker628064:Done.
2025-04-05 03:00:54,999 -     censo.parallel     -  DEBUG   - Free cores increased 3 -> 4.
2025-04-05 03:00:55,605 -   censo.qm_processor   -  DEBUG   - worker628061:Done.
2025-04-05 03:00:55,611 -     censo.parallel     -  DEBUG   - Free cores increased 4 -> 5.
2025-04-05 03:00:55,649 -   censo.qm_processor   -  DEBUG   - worker628067:Done.
2025-04-05 03:00:55,655 -     censo.parallel     -  DEBUG   - Free cores increased 5 -> 6.
2025-04-05 03:00:55,662 -     censo.parallel     -  DEBUG   - Checking for failed jobs...
2025-04-05 03:00:55,663 -     censo.parallel     -   INFO   - All jobs executed successfully.
2025-04-05 03:00:55,706 -     censo.parallel     -  DEBUG   - Free cores decreased 6 -> 5.
2025-04-05 03:00:55,712 -   censo.qm_processor   -  DEBUG   - worker632527:Running on 1 cores.
2025-04-05 03:00:55,713 -     censo.parallel     -  DEBUG   - Free cores decreased 5 -> 4.
2025-04-05 03:00:55,713 -     censo.parallel     -  DEBUG   - Free cores decreased 4 -> 3.
2025-04-05 03:00:55,713 -   censo.qm_processor   -  DEBUG   - worker632528:Running on 1 cores.
2025-04-05 03:00:55,714 -     censo.parallel     -  DEBUG   - Free cores decreased 3 -> 2.
2025-04-05 03:00:55,714 -   censo.qm_processor   -  DEBUG   - worker632530:Running on 1 cores.
2025-04-05 03:00:55,714 -     censo.parallel     -  DEBUG   - Free cores decreased 2 -> 1.
2025-04-05 03:00:55,714 -   censo.qm_processor   -  DEBUG   - worker632533:Running on 1 cores.
2025-04-05 03:00:55,715 -   censo.qm_processor   -  DEBUG   - worker632539:Running on 1 cores.
2025-04-05 03:00:55,732 -   censo.qm_processor   -   INFO   - worker632533:Running xtb_opt calculation in /srv/scratch/z5358697/.automated/4445/2_OPTIMIZATION/CONF5/xtb_opt.
2025-04-05 03:00:55,762 -  censo.orca_processor  -  DEBUG   - worker632533:Copying .gbw file from /srv/scratch/z5358697/.automated/4445/1_SCREENING/CONF5/gsolv/sp_solv.gbw.
2025-04-05 03:00:55,763 -   censo.qm_processor   -   INFO   - worker632527:Running xtb_opt calculation in /srv/scratch/z5358697/.automated/4445/2_OPTIMIZATION/CONF1/xtb_opt.
2025-04-05 03:00:55,806 -   censo.qm_processor   -  DEBUG   - worker632533:Running ['/srv/scratch/z5358697/.xtb/bin/xtb', 'xtb_opt.coord', '--opt', 'normal', '--orca', '-I', 'xtb_opt-xcontrol-inp']...
2025-04-05 03:00:55,814 -   censo.qm_processor   -   INFO   - worker632528:Running xtb_opt calculation in /srv/scratch/z5358697/.automated/4445/2_OPTIMIZATION/CONF4/xtb_opt.
2025-04-05 03:00:55,821 -   censo.qm_processor   -   INFO   - worker632539:Running xtb_opt calculation in /srv/scratch/z5358697/.automated/4445/2_OPTIMIZATION/CONF3/xtb_opt.
2025-04-05 03:00:55,840 -   censo.qm_processor   -   INFO   - worker632530:Running xtb_opt calculation in /srv/scratch/z5358697/.automated/4445/2_OPTIMIZATION/CONF2/xtb_opt.
2025-04-05 03:00:55,853 -  censo.orca_processor  -  DEBUG   - worker632528:Copying .gbw file from /srv/scratch/z5358697/.automated/4445/1_SCREENING/CONF4/gsolv/sp_solv.gbw.
2025-04-05 03:00:55,854 -  censo.orca_processor  -  DEBUG   - worker632539:Copying .gbw file from /srv/scratch/z5358697/.automated/4445/1_SCREENING/CONF3/gsolv/sp_solv.gbw.
2025-04-05 03:00:55,856 -   censo.qm_processor   -  DEBUG   - worker632533:Started (PID: 632584).
2025-04-05 03:00:55,866 -  censo.orca_processor  -  DEBUG   - worker632527:Copying .gbw file from /srv/scratch/z5358697/.automated/4445/1_SCREENING/CONF1/gsolv/sp_solv.gbw.
2025-04-05 03:00:55,871 -  censo.orca_processor  -  DEBUG   - worker632530:Copying .gbw file from /srv/scratch/z5358697/.automated/4445/1_SCREENING/CONF2/gsolv/sp_solv.gbw.
2025-04-05 03:00:55,893 -   censo.qm_processor   -  DEBUG   - worker632539:Running ['/srv/scratch/z5358697/.xtb/bin/xtb', 'xtb_opt.coord', '--opt', 'normal', '--orca', '-I', 'xtb_opt-xcontrol-inp']...
2025-04-05 03:00:55,894 -   censo.qm_processor   -  DEBUG   - worker632528:Running ['/srv/scratch/z5358697/.xtb/bin/xtb', 'xtb_opt.coord', '--opt', 'normal', '--orca', '-I', 'xtb_opt-xcontrol-inp']...
2025-04-05 03:00:55,907 -   censo.qm_processor   -  DEBUG   - worker632528:Started (PID: 632643).
2025-04-05 03:00:55,907 -   censo.qm_processor   -  DEBUG   - worker632539:Started (PID: 632642).
2025-04-05 03:00:55,920 -   censo.qm_processor   -  DEBUG   - worker632530:Running ['/srv/scratch/z5358697/.xtb/bin/xtb', 'xtb_opt.coord', '--opt', 'normal', '--orca', '-I', 'xtb_opt-xcontrol-inp']...
2025-04-05 03:00:55,921 -   censo.qm_processor   -  DEBUG   - worker632527:Running ['/srv/scratch/z5358697/.xtb/bin/xtb', 'xtb_opt.coord', '--opt', 'normal', '--orca', '-I', 'xtb_opt-xcontrol-inp']...
2025-04-05 03:00:55,925 -   censo.qm_processor   -  DEBUG   - worker632527:Started (PID: 632657).
2025-04-05 03:00:55,925 -   censo.qm_processor   -  DEBUG   - worker632530:Started (PID: 632656).
2025-04-05 03:03:30,984 -   censo.qm_processor   -  DEBUG   - worker632533:Done.
2025-04-05 03:03:30,995 -     censo.parallel     -  DEBUG   - Free cores increased 1 -> 2.
2025-04-05 03:03:32,778 -   censo.qm_processor   -  DEBUG   - worker632530:Done.
2025-04-05 03:03:32,788 -     censo.parallel     -  DEBUG   - Free cores increased 2 -> 3.
2025-04-05 03:04:09,214 -   censo.qm_processor   -  DEBUG   - worker632528:Done.
2025-04-05 03:04:09,224 -     censo.parallel     -  DEBUG   - Free cores increased 3 -> 4.
2025-04-05 03:04:50,436 -   censo.qm_processor   -  DEBUG   - worker632527:Done.
2025-04-05 03:04:50,449 -     censo.parallel     -  DEBUG   - Free cores increased 4 -> 5.
2025-04-05 03:06:02,221 -   censo.qm_processor   -  DEBUG   - worker632539:Done.
2025-04-05 03:06:02,235 -     censo.parallel     -  DEBUG   - Free cores increased 5 -> 6.
2025-04-05 03:06:02,243 -     censo.parallel     -  DEBUG   - Checking for failed jobs...
2025-04-05 03:06:02,243 -     censo.parallel     -   INFO   - All jobs executed successfully.
2025-04-05 03:06:02,248 -     censo.parallel     -  DEBUG   - Free cores decreased 6 -> 5.
2025-04-05 03:06:02,253 -   censo.qm_processor   -  DEBUG   - worker655630:Running on 1 cores.
2025-04-05 03:06:02,254 -     censo.parallel     -  DEBUG   - Free cores decreased 5 -> 4.
2025-04-05 03:06:02,254 -     censo.parallel     -  DEBUG   - Free cores decreased 4 -> 3.
2025-04-05 03:06:02,254 -   censo.qm_processor   -  DEBUG   - worker655639:Running on 1 cores.
2025-04-05 03:06:02,255 -     censo.parallel     -  DEBUG   - Free cores decreased 3 -> 2.
2025-04-05 03:06:02,255 -   censo.qm_processor   -  DEBUG   - worker655633:Running on 1 cores.
2025-04-05 03:06:02,255 -     censo.parallel     -  DEBUG   - Free cores decreased 2 -> 1.
2025-04-05 03:06:02,255 -   censo.qm_processor   -  DEBUG   - worker655636:Running on 1 cores.
2025-04-05 03:06:02,255 -   censo.qm_processor   -  DEBUG   - worker655631:Running on 1 cores.
2025-04-05 03:06:02,259 -   censo.qm_processor   -   INFO   - worker655630:Running xtb_rrho calculation in /srv/scratch/z5358697/.automated/4445/2_OPTIMIZATION/CONF1/xtb_rrho.
2025-04-05 03:06:02,272 -   censo.qm_processor   -   INFO   - worker655633:Running xtb_rrho calculation in /srv/scratch/z5358697/.automated/4445/2_OPTIMIZATION/CONF2/xtb_rrho.
2025-04-05 03:06:02,284 -   censo.qm_processor   -   INFO   - worker655639:Running xtb_rrho calculation in /srv/scratch/z5358697/.automated/4445/2_OPTIMIZATION/CONF4/xtb_rrho.
2025-04-05 03:06:02,289 -   censo.qm_processor   -   INFO   - worker655631:Running xtb_rrho calculation in /srv/scratch/z5358697/.automated/4445/2_OPTIMIZATION/CONF3/xtb_rrho.
2025-04-05 03:06:02,297 -   censo.qm_processor   -  DEBUG   - worker655633:Running ['/srv/scratch/z5358697/.xtb/bin/xtb', 'xtb_rrho.coord', '--gfn2', '--bhess', 'vtight', '--chrg', '0', '--enso', '--norestart', '-I', 'rrho-xcontrol-inp', '--parallel', '1', '--alpb', 'water']...
2025-04-05 03:06:02,298 -   censo.qm_processor   -   INFO   - worker655636:Running xtb_rrho calculation in /srv/scratch/z5358697/.automated/4445/2_OPTIMIZATION/CONF5/xtb_rrho.
2025-04-05 03:06:02,306 -   censo.qm_processor   -  DEBUG   - worker655633:Started (PID: 655651).
2025-04-05 03:06:02,307 -   censo.qm_processor   -  DEBUG   - worker655639:Running ['/srv/scratch/z5358697/.xtb/bin/xtb', 'xtb_rrho.coord', '--gfn2', '--bhess', 'vtight', '--chrg', '0', '--enso', '--norestart', '-I', 'rrho-xcontrol-inp', '--parallel', '1', '--alpb', 'water']...
2025-04-05 03:06:02,312 -   censo.qm_processor   -  DEBUG   - worker655639:Started (PID: 655654).
2025-04-05 03:06:02,345 -   censo.qm_processor   -  DEBUG   - worker655630:Running ['/srv/scratch/z5358697/.xtb/bin/xtb', 'xtb_rrho.coord', '--gfn2', '--bhess', 'vtight', '--chrg', '0', '--enso', '--norestart', '-I', 'rrho-xcontrol-inp', '--parallel', '1', '--alpb', 'water']...
2025-04-05 03:06:02,348 -   censo.qm_processor   -  DEBUG   - worker655630:Started (PID: 655656).
2025-04-05 03:06:02,350 -   censo.qm_processor   -  DEBUG   - worker655636:Running ['/srv/scratch/z5358697/.xtb/bin/xtb', 'xtb_rrho.coord', '--gfn2', '--bhess', 'vtight', '--chrg', '0', '--enso', '--norestart', '-I', 'rrho-xcontrol-inp', '--parallel', '1', '--alpb', 'water']...
2025-04-05 03:06:02,353 -   censo.qm_processor   -  DEBUG   - worker655636:Started (PID: 655657).
2025-04-05 03:06:02,371 -   censo.qm_processor   -  DEBUG   - worker655631:Running ['/srv/scratch/z5358697/.xtb/bin/xtb', 'xtb_rrho.coord', '--gfn2', '--bhess', 'vtight', '--chrg', '0', '--enso', '--norestart', '-I', 'rrho-xcontrol-inp', '--parallel', '1', '--alpb', 'water']...
2025-04-05 03:06:02,373 -   censo.qm_processor   -  DEBUG   - worker655631:Started (PID: 655659).
2025-04-05 03:06:03,490 -   censo.qm_processor   -  DEBUG   - worker655633:Done.
2025-04-05 03:06:03,494 -     censo.parallel     -  DEBUG   - Free cores increased 1 -> 2.
2025-04-05 03:06:03,518 -   censo.qm_processor   -  DEBUG   - worker655636:Done.
2025-04-05 03:06:03,521 -   censo.qm_processor   -  DEBUG   - worker655639:Done.
2025-04-05 03:06:03,521 -     censo.parallel     -  DEBUG   - Free cores increased 2 -> 3.
2025-04-05 03:06:03,523 -     censo.parallel     -  DEBUG   - Free cores increased 3 -> 4.
2025-04-05 03:06:03,648 -   censo.qm_processor   -  DEBUG   - worker655630:Done.
2025-04-05 03:06:03,651 -     censo.parallel     -  DEBUG   - Free cores increased 4 -> 5.
2025-04-05 03:06:05,517 -   censo.qm_processor   -  DEBUG   - worker655631:Done.
2025-04-05 03:06:05,520 -     censo.parallel     -  DEBUG   - Free cores increased 5 -> 6.
2025-04-05 03:06:05,527 -     censo.parallel     -  DEBUG   - Checking for failed jobs...
2025-04-05 03:06:05,527 -     censo.parallel     -   INFO   - All jobs executed successfully.
2025-04-05 03:06:05,527 -censo.ensembleopt.optimization-   INFO   - Threshold: 1.80 kcal/mol
2025-04-05 03:06:05,532 -     censo.parallel     -  DEBUG   - Free cores decreased 6 -> 5.
2025-04-05 03:06:05,537 -   censo.qm_processor   -  DEBUG   - worker655868:Running on 1 cores.
2025-04-05 03:06:05,538 -   censo.qm_processor   -   INFO   - worker655868:Running xtb_opt calculation in /srv/scratch/z5358697/.automated/4445/2_OPTIMIZATION/CONF3/xtb_opt.
2025-04-05 03:06:05,570 -   censo.qm_processor   -  DEBUG   - worker655868:Running ['/srv/scratch/z5358697/.xtb/bin/xtb', 'xtb_opt.coord', '--opt', 'normal', '--orca', '-I', 'xtb_opt-xcontrol-inp']...
2025-04-05 03:06:05,575 -   censo.qm_processor   -  DEBUG   - worker655868:Started (PID: 655887).
2025-04-05 03:10:53,051 -   censo.qm_processor   -  DEBUG   - worker655868:Done.
2025-04-05 03:10:53,068 -     censo.parallel     -  DEBUG   - Free cores increased 5 -> 6.
2025-04-05 03:10:53,076 -     censo.parallel     -  DEBUG   - Checking for failed jobs...
2025-04-05 03:10:53,076 -     censo.parallel     -   INFO   - All jobs executed successfully.
2025-04-05 03:10:53,076 -censo.ensembleopt.optimization-   INFO   - Threshold: 1.80 kcal/mol
2025-04-05 03:10:53,082 -     censo.parallel     -  DEBUG   - Free cores decreased 6 -> 5.
2025-04-05 03:10:53,088 -   censo.qm_processor   -  DEBUG   - worker677749:Running on 1 cores.
2025-04-05 03:10:53,089 -   censo.qm_processor   -   INFO   - worker677749:Running xtb_opt calculation in /srv/scratch/z5358697/.automated/4445/2_OPTIMIZATION/CONF3/xtb_opt.
2025-04-05 03:10:53,128 -   censo.qm_processor   -  DEBUG   - worker677749:Running ['/srv/scratch/z5358697/.xtb/bin/xtb', 'xtb_opt.coord', '--opt', 'normal', '--orca', '-I', 'xtb_opt-xcontrol-inp']...
2025-04-05 03:10:53,136 -   censo.qm_processor   -  DEBUG   - worker677749:Started (PID: 677770).
2025-04-05 03:15:17,106 -   censo.qm_processor   -  DEBUG   - worker677749:Done.
2025-04-05 03:15:17,121 -     censo.parallel     -  DEBUG   - Free cores increased 5 -> 6.
2025-04-05 03:15:17,130 -     censo.parallel     -  DEBUG   - Checking for failed jobs...
2025-04-05 03:15:17,130 -     censo.parallel     -   INFO   - All jobs executed successfully.
2025-04-05 03:15:17,130 -censo.ensembleopt.optimization-   INFO   - Threshold: 1.50 kcal/mol
2025-04-05 03:15:17,136 -     censo.parallel     -  DEBUG   - Free cores decreased 6 -> 5.
2025-04-05 03:15:17,142 -     censo.parallel     -  DEBUG   - Free cores decreased 5 -> 4.
2025-04-05 03:15:17,142 -   censo.qm_processor   -  DEBUG   - worker698584:Running on 1 cores.
2025-04-05 03:15:17,143 -     censo.parallel     -  DEBUG   - Free cores decreased 4 -> 3.
2025-04-05 03:15:17,143 -   censo.qm_processor   -  DEBUG   - worker698585:Running on 1 cores.
2025-04-05 03:15:17,143 -     censo.parallel     -  DEBUG   - Free cores decreased 3 -> 2.
2025-04-05 03:15:17,143 -   censo.qm_processor   -  DEBUG   - worker698587:Running on 1 cores.
2025-04-05 03:15:17,143 -     censo.parallel     -  DEBUG   - Free cores decreased 2 -> 1.
2025-04-05 03:15:17,144 -   censo.qm_processor   -  DEBUG   - worker698590:Running on 1 cores.
2025-04-05 03:15:17,144 -   censo.qm_processor   -   INFO   - worker698584:Running xtb_rrho calculation in /srv/scratch/z5358697/.automated/4445/2_OPTIMIZATION/CONF1/xtb_rrho.
2025-04-05 03:15:17,144 -   censo.qm_processor   -  DEBUG   - worker698593:Running on 1 cores.
2025-04-05 03:15:17,145 -   censo.qm_processor   -   INFO   - worker698587:Running xtb_rrho calculation in /srv/scratch/z5358697/.automated/4445/2_OPTIMIZATION/CONF2/xtb_rrho.
2025-04-05 03:15:17,145 -   censo.qm_processor   -   INFO   - worker698585:Running xtb_rrho calculation in /srv/scratch/z5358697/.automated/4445/2_OPTIMIZATION/CONF4/xtb_rrho.
2025-04-05 03:15:17,145 -   censo.qm_processor   -   INFO   - worker698590:Running xtb_rrho calculation in /srv/scratch/z5358697/.automated/4445/2_OPTIMIZATION/CONF5/xtb_rrho.
2025-04-05 03:15:17,146 -   censo.qm_processor   -   INFO   - worker698593:Running xtb_rrho calculation in /srv/scratch/z5358697/.automated/4445/2_OPTIMIZATION/CONF3/xtb_rrho.
2025-04-05 03:15:17,180 -   censo.qm_processor   -  DEBUG   - worker698584:Running ['/srv/scratch/z5358697/.xtb/bin/xtb', 'xtb_rrho.coord', '--gfn2', '--ohess', 'vtight', '--chrg', '0', '--enso', '--norestart', '-I', 'rrho-xcontrol-inp', '--parallel', '1', '--alpb', 'water']...
2025-04-05 03:15:17,181 -   censo.qm_processor   -  DEBUG   - worker698585:Running ['/srv/scratch/z5358697/.xtb/bin/xtb', 'xtb_rrho.coord', '--gfn2', '--ohess', 'vtight', '--chrg', '0', '--enso', '--norestart', '-I', 'rrho-xcontrol-inp', '--parallel', '1', '--alpb', 'water']...
2025-04-05 03:15:17,182 -   censo.qm_processor   -  DEBUG   - worker698593:Running ['/srv/scratch/z5358697/.xtb/bin/xtb', 'xtb_rrho.coord', '--gfn2', '--ohess', 'vtight', '--chrg', '0', '--enso', '--norestart', '-I', 'rrho-xcontrol-inp', '--parallel', '1', '--alpb', 'water']...
2025-04-05 03:15:17,182 -   censo.qm_processor   -  DEBUG   - worker698590:Running ['/srv/scratch/z5358697/.xtb/bin/xtb', 'xtb_rrho.coord', '--gfn2', '--ohess', 'vtight', '--chrg', '0', '--enso', '--norestart', '-I', 'rrho-xcontrol-inp', '--parallel', '1', '--alpb', 'water']...
2025-04-05 03:15:17,185 -   censo.qm_processor   -  DEBUG   - worker698587:Running ['/srv/scratch/z5358697/.xtb/bin/xtb', 'xtb_rrho.coord', '--gfn2', '--ohess', 'vtight', '--chrg', '0', '--enso', '--norestart', '-I', 'rrho-xcontrol-inp', '--parallel', '1', '--alpb', 'water']...
2025-04-05 03:15:17,187 -   censo.qm_processor   -  DEBUG   - worker698584:Started (PID: 698607).
2025-04-05 03:15:17,187 -   censo.qm_processor   -  DEBUG   - worker698593:Started (PID: 698609).
2025-04-05 03:15:17,187 -   censo.qm_processor   -  DEBUG   - worker698585:Started (PID: 698608).
2025-04-05 03:15:17,187 -   censo.qm_processor   -  DEBUG   - worker698590:Started (PID: 698610).
2025-04-05 03:15:17,192 -   censo.qm_processor   -  DEBUG   - worker698587:Started (PID: 698611).
2025-04-05 03:15:18,370 -   censo.qm_processor   -  DEBUG   - worker698590:Done.
2025-04-05 03:15:18,373 -     censo.parallel     -  DEBUG   - Free cores increased 1 -> 2.
2025-04-05 03:15:18,374 -   censo.qm_processor   -  DEBUG   - worker698593:Done.
2025-04-05 03:15:18,376 -     censo.parallel     -  DEBUG   - Free cores increased 2 -> 3.
2025-04-05 03:15:18,387 -   censo.qm_processor   -  DEBUG   - worker698587:Done.
2025-04-05 03:15:18,390 -     censo.parallel     -  DEBUG   - Free cores increased 3 -> 4.
2025-04-05 03:15:18,423 -   censo.qm_processor   -  DEBUG   - worker698585:Done.
2025-04-05 03:15:18,425 -     censo.parallel     -  DEBUG   - Free cores increased 4 -> 5.
2025-04-05 03:15:18,504 -   censo.qm_processor   -  DEBUG   - worker698584:Done.
2025-04-05 03:15:18,507 -     censo.parallel     -  DEBUG   - Free cores increased 5 -> 6.
2025-04-05 03:15:18,515 -     censo.parallel     -  DEBUG   - Checking for failed jobs...
2025-04-05 03:15:18,515 -     censo.parallel     -   INFO   - All jobs executed successfully.
2025-04-05 03:15:18,515 -censo.ensembleopt.optimization-  DEBUG   - Writing to /srv/scratch/z5358697/.automated/4445/2_OPTIMIZATION.out.
2025-04-05 03:15:18,529 -censo.ensembleopt.optimization-  DEBUG   - Writing to /srv/scratch/z5358697/.automated/4445/2_OPTIMIZATION.out.
2025-04-05 03:15:18,568 -     censo.parallel     -  DEBUG   - Free cores decreased 6 -> 5.
2025-04-05 03:15:18,574 -     censo.parallel     -  DEBUG   - Free cores decreased 5 -> 4.
2025-04-05 03:15:18,574 -   censo.qm_processor   -  DEBUG   - worker698943:Running on 1 cores.
2025-04-05 03:15:18,574 -     censo.parallel     -  DEBUG   - Free cores decreased 4 -> 3.
2025-04-05 03:15:18,575 -   censo.qm_processor   -  DEBUG   - worker698944:Running on 1 cores.
2025-04-05 03:15:18,575 -     censo.parallel     -  DEBUG   - Free cores decreased 3 -> 2.
2025-04-05 03:15:18,575 -   censo.qm_processor   -  DEBUG   - worker698946:Running on 1 cores.
2025-04-05 03:15:18,575 -     censo.parallel     -  DEBUG   - Free cores decreased 2 -> 1.
2025-04-05 03:15:18,575 -   censo.qm_processor   -  DEBUG   - worker698948:Running on 1 cores.
2025-04-05 03:15:18,576 -   censo.qm_processor   -  DEBUG   - worker698952:Running on 1 cores.
2025-04-05 03:15:18,589 -   censo.qm_processor   -   INFO   - worker698943:Running gsolv calculation in /srv/scratch/z5358697/.automated/4445/3_REFINEMENT/CONF1/gsolv.
2025-04-05 03:15:18,616 -   censo.qm_processor   -   INFO   - worker698946:Running gsolv calculation in /srv/scratch/z5358697/.automated/4445/3_REFINEMENT/CONF3/gsolv.
2025-04-05 03:15:18,630 -  censo.orca_processor  -  DEBUG   - worker698946:Copying .gbw file from /srv/scratch/z5358697/.automated/4445/2_OPTIMIZATION/CONF3/xtb_opt/xtb_opt.gbw.
2025-04-05 03:15:18,648 -   censo.qm_processor   -   INFO   - worker698952:Running gsolv calculation in /srv/scratch/z5358697/.automated/4445/3_REFINEMENT/CONF5/gsolv.
2025-04-05 03:15:18,656 -   censo.qm_processor   -   INFO   - worker698944:Running gsolv calculation in /srv/scratch/z5358697/.automated/4445/3_REFINEMENT/CONF2/gsolv.
2025-04-05 03:15:18,658 -   censo.qm_processor   -  DEBUG   - worker698946:Running ['/apps/z_install_tree/linux-rocky8-ivybridge/gcc-12.2.0/orca-6.0.0-srtngmq3qlimg2qxbl6avaaiffipurdx/bin/orca', 'sp_gas.inp']...
2025-04-05 03:15:18,663 -   censo.qm_processor   -  DEBUG   - worker698946:Started (PID: 698965).
2025-04-05 03:15:18,663 -  censo.orca_processor  -  DEBUG   - worker698952:Copying .gbw file from /srv/scratch/z5358697/.automated/4445/2_OPTIMIZATION/CONF5/xtb_opt/xtb_opt.gbw.
2025-04-05 03:15:18,673 -  censo.orca_processor  -  DEBUG   - worker698944:Copying .gbw file from /srv/scratch/z5358697/.automated/4445/2_OPTIMIZATION/CONF2/xtb_opt/xtb_opt.gbw.
2025-04-05 03:15:18,680 -   censo.qm_processor   -   INFO   - worker698948:Running gsolv calculation in /srv/scratch/z5358697/.automated/4445/3_REFINEMENT/CONF4/gsolv.
2025-04-05 03:15:18,690 -   censo.qm_processor   -  DEBUG   - worker698952:Running ['/apps/z_install_tree/linux-rocky8-ivybridge/gcc-12.2.0/orca-6.0.0-srtngmq3qlimg2qxbl6avaaiffipurdx/bin/orca', 'sp_gas.inp']...
2025-04-05 03:15:18,694 -  censo.orca_processor  -  DEBUG   - worker698948:Copying .gbw file from /srv/scratch/z5358697/.automated/4445/2_OPTIMIZATION/CONF4/xtb_opt/xtb_opt.gbw.
2025-04-05 03:15:18,696 -  censo.orca_processor  -  DEBUG   - worker698943:Copying .gbw file from /srv/scratch/z5358697/.automated/4445/2_OPTIMIZATION/CONF1/xtb_opt/xtb_opt.gbw.
2025-04-05 03:15:18,699 -   censo.qm_processor   -  DEBUG   - worker698952:Started (PID: 698967).
2025-04-05 03:15:18,701 -   censo.qm_processor   -  DEBUG   - worker698944:Running ['/apps/z_install_tree/linux-rocky8-ivybridge/gcc-12.2.0/orca-6.0.0-srtngmq3qlimg2qxbl6avaaiffipurdx/bin/orca', 'sp_gas.inp']...
2025-04-05 03:15:18,704 -   censo.qm_processor   -  DEBUG   - worker698944:Started (PID: 698968).
2025-04-05 03:15:18,729 -   censo.qm_processor   -  DEBUG   - worker698943:Running ['/apps/z_install_tree/linux-rocky8-ivybridge/gcc-12.2.0/orca-6.0.0-srtngmq3qlimg2qxbl6avaaiffipurdx/bin/orca', 'sp_gas.inp']...
2025-04-05 03:15:18,731 -   censo.qm_processor   -  DEBUG   - worker698948:Running ['/apps/z_install_tree/linux-rocky8-ivybridge/gcc-12.2.0/orca-6.0.0-srtngmq3qlimg2qxbl6avaaiffipurdx/bin/orca', 'sp_gas.inp']...
2025-04-05 03:15:18,734 -   censo.qm_processor   -  DEBUG   - worker698948:Started (PID: 698971).
2025-04-05 03:15:18,734 -   censo.qm_processor   -  DEBUG   - worker698943:Started (PID: 698970).
2025-04-05 03:18:28,579 -   censo.qm_processor   -  DEBUG   - worker698952:Done.
2025-04-05 03:18:28,597 -  censo.orca_processor  -  DEBUG   - worker698952:Copying .gbw file from /srv/scratch/z5358697/.automated/4445/2_OPTIMIZATION/CONF5/xtb_opt/xtb_opt.gbw.
2025-04-05 03:18:28,622 -   censo.qm_processor   -  DEBUG   - worker698952:Running ['/apps/z_install_tree/linux-rocky8-ivybridge/gcc-12.2.0/orca-6.0.0-srtngmq3qlimg2qxbl6avaaiffipurdx/bin/orca', 'sp_solv.inp']...
2025-04-05 03:18:28,624 -   censo.qm_processor   -  DEBUG   - worker698952:Started (PID: 712244).
2025-04-05 03:18:29,243 -   censo.qm_processor   -  DEBUG   - worker698943:Done.
2025-04-05 03:18:29,258 -  censo.orca_processor  -  DEBUG   - worker698943:Copying .gbw file from /srv/scratch/z5358697/.automated/4445/2_OPTIMIZATION/CONF1/xtb_opt/xtb_opt.gbw.
2025-04-05 03:18:29,286 -   censo.qm_processor   -  DEBUG   - worker698943:Running ['/apps/z_install_tree/linux-rocky8-ivybridge/gcc-12.2.0/orca-6.0.0-srtngmq3qlimg2qxbl6avaaiffipurdx/bin/orca', 'sp_solv.inp']...
2025-04-05 03:18:29,289 -   censo.qm_processor   -  DEBUG   - worker698943:Started (PID: 712283).
2025-04-05 03:18:29,740 -   censo.qm_processor   -  DEBUG   - worker698948:Done.
2025-04-05 03:18:29,755 -  censo.orca_processor  -  DEBUG   - worker698948:Copying .gbw file from /srv/scratch/z5358697/.automated/4445/2_OPTIMIZATION/CONF4/xtb_opt/xtb_opt.gbw.
2025-04-05 03:18:29,790 -   censo.qm_processor   -  DEBUG   - worker698948:Running ['/apps/z_install_tree/linux-rocky8-ivybridge/gcc-12.2.0/orca-6.0.0-srtngmq3qlimg2qxbl6avaaiffipurdx/bin/orca', 'sp_solv.inp']...
2025-04-05 03:18:29,793 -   censo.qm_processor   -  DEBUG   - worker698948:Started (PID: 712303).
2025-04-05 03:18:42,802 -   censo.qm_processor   -  DEBUG   - worker698946:Done.
2025-04-05 03:18:42,819 -  censo.orca_processor  -  DEBUG   - worker698946:Copying .gbw file from /srv/scratch/z5358697/.automated/4445/2_OPTIMIZATION/CONF3/xtb_opt/xtb_opt.gbw.
2025-04-05 03:18:42,846 -   censo.qm_processor   -  DEBUG   - worker698946:Running ['/apps/z_install_tree/linux-rocky8-ivybridge/gcc-12.2.0/orca-6.0.0-srtngmq3qlimg2qxbl6avaaiffipurdx/bin/orca', 'sp_solv.inp']...
2025-04-05 03:18:42,849 -   censo.qm_processor   -  DEBUG   - worker698946:Started (PID: 713572).
2025-04-05 03:18:42,997 -   censo.qm_processor   -  DEBUG   - worker698944:Done.
2025-04-05 03:18:43,016 -  censo.orca_processor  -  DEBUG   - worker698944:Copying .gbw file from /srv/scratch/z5358697/.automated/4445/2_OPTIMIZATION/CONF2/xtb_opt/xtb_opt.gbw.
2025-04-05 03:18:43,044 -   censo.qm_processor   -  DEBUG   - worker698944:Running ['/apps/z_install_tree/linux-rocky8-ivybridge/gcc-12.2.0/orca-6.0.0-srtngmq3qlimg2qxbl6avaaiffipurdx/bin/orca', 'sp_solv.inp']...
2025-04-05 03:18:43,046 -   censo.qm_processor   -  DEBUG   - worker698944:Started (PID: 713579).
2025-04-05 03:21:45,899 -   censo.qm_processor   -  DEBUG   - worker698943:Done.
2025-04-05 03:21:45,908 -     censo.parallel     -  DEBUG   - Free cores increased 1 -> 2.
2025-04-05 03:21:46,853 -   censo.qm_processor   -  DEBUG   - worker698948:Done.
2025-04-05 03:21:46,861 -     censo.parallel     -  DEBUG   - Free cores increased 2 -> 3.
2025-04-05 03:22:00,546 -   censo.qm_processor   -  DEBUG   - worker698952:Done.
2025-04-05 03:22:00,554 -     censo.parallel     -  DEBUG   - Free cores increased 3 -> 4.
2025-04-05 03:22:12,782 -   censo.qm_processor   -  DEBUG   - worker698946:Done.
2025-04-05 03:22:12,789 -     censo.parallel     -  DEBUG   - Free cores increased 4 -> 5.
2025-04-05 03:22:13,001 -   censo.qm_processor   -  DEBUG   - worker698944:Done.
2025-04-05 03:22:13,009 -     censo.parallel     -  DEBUG   - Free cores increased 5 -> 6.
2025-04-05 03:22:13,017 -     censo.parallel     -  DEBUG   - Checking for failed jobs...
2025-04-05 03:22:13,017 -     censo.parallel     -   INFO   - All jobs executed successfully.
2025-04-05 03:22:13,018 -censo.ensembleopt.refinement-  DEBUG   - Writing to /srv/scratch/z5358697/.automated/4445/3_REFINEMENT.out.
