----------------------------------------------- 
  Element       SASA      Sigma Z        Total  
     Z         Ang**2 cal/Ang**2/mol   kcal/mol 
----------------------------------------------- 
      H        130.312      48.690       6.345
      C        102.251     129.740      13.266
      N          4.899       0.000       0.000
      O         34.574       0.000       0.000

 Subtotal:     272.036                  19.611
 -----------------------------------------------

  Elements    COT*SASA   Sigma Z,Z'     Total   
    Z,Z'       Ang**2  cal/Ang**2/mol kcal/mol  
 ---------------------------------------------- 
  H   C         82.297     -60.770      -5.001
  H   O          0.000       0.000       0.000
  C   C        121.173     -72.950      -8.840
  O   C         16.104      68.690       1.106
  O   O          0.000       0.000       0.000
  C   N          7.278       0.000       0.000
  N   C         29.288     -48.220      -1.412
  N  C(3)        0.000      84.100       0.000
  O   N          0.000     121.980       0.000

 Subtotal:                             -14.147
 ---------------------------------------------- 

 NONAQUEOUS SOLVENT CONTRIBUTION (kcal/mol):
 (proportional to SASA, atomic number independent)
 ---------------------------------------------- 
 Subtotal:                               0.000
 ---------------------------------------------- 

 CDS TOTAL (kcal/mol):                   5.464
...............................................................................
