27
 energy: -465.767658703105 gnorm: 0.002504218435 xtb: 6.7.1 (edcfbbe)
C           -3.43869444986367        0.57751097659060       -0.09483001068636
C           -1.94510543811667        0.46635560790956       -0.02302794195205
C           -1.12083729435294        1.35436908271513       -0.59000845615294
C            0.37463655895854        1.26141822222748       -0.58389242018628
C            0.87627058664880       -0.13254510860714       -0.16306112708932
H            0.64057639202672       -0.82102961733714       -0.98975988980950
C            0.08678894707851       -0.57924858013505        1.06335345055035
C           -1.40172097557546       -0.70538307226082        0.75328014496872
H           -1.95808690171198       -0.77529562983838        1.69990804396875
O           -1.68390644428387       -1.90335754690384       -0.02149994693024
C            2.37943484776010       -0.13838199985926        0.00420591828621
C            2.98943179020089       -0.35058696142943        1.17562074296796
C            3.16966041677457        0.12664202203718       -1.24775776426366
H           -3.87413061063156        0.63733572307831        0.91084871451081
H           -3.87735298503356       -0.30610939371737       -0.57407074867003
H           -3.74714825859586        1.46130409791415       -0.66028316532794
H           -1.54970449383750        2.21522404231644       -1.10278406719247
H            0.74888669422334        1.51990861324706       -1.58105467154377
H            0.79033895227606        2.01914970714696        0.09941350787621
H            0.44801532960778       -1.54279654256771        1.44137694677192
H            0.21027927951152        0.15487891244193        1.87096186071600
H           -1.56723117781199       -2.65755813017662        0.57354608390084
H            4.07417106658000       -0.33952615243028        1.24446003254521
H            2.44134820871699       -0.54124835769078        2.09307323207344
H            2.99719319117828        1.14469291094305       -1.61853633807071
H            4.24200718090055        0.00718319533549       -1.07431835342673
H            2.86399830935455       -0.55530189496972       -2.05134333722815
27
 energy: -465.767668994885 gnorm: 0.000770880506 xtb: 6.7.1 (edcfbbe)
C           -3.43880254370608        0.57750536266874       -0.09494423455230
C           -1.94523556601592        0.46685300476863       -0.02266590537443
C           -1.12092562011625        1.35469462151204       -0.59007591529168
C            0.37455563336833        1.26146454235316       -0.58408581989915
C            0.87584646690896       -0.13225815270331       -0.16261817101769
H            0.63991673821561       -0.82075211649004       -0.98906948249047
C            0.08648538422318       -0.57873780092411        1.06385820645106
C           -1.40173271200951       -0.70515145217632        0.75301161555878
H           -1.95758977316180       -0.77496712938545        1.70005727934256
O           -1.68414928578014       -1.90391223917435       -0.02140984427421
C            2.37899814432514       -0.13937492084222        0.00435313667006
C            2.98922773711978       -0.35284613002774        1.17505291340877
C            3.16878887167139        0.12653405054691       -1.24715185114670
H           -3.87443261748572        0.63737951940698        0.91044469220279
H           -3.87679443405021       -0.30619906426496       -0.57410447475266
H           -3.74726047825288        1.46095254865878       -0.66064641578332
H           -1.54978860225063        2.21523200847856       -1.10338215442590
H            0.74857734335240        1.51906772515741       -1.58144107090108
H            0.79061235629333        2.01949377433582        0.09846197218279
H            0.44777617561272       -1.54213967070550        1.44209514467017
H            0.21009372870809        0.15559646157223        1.87132554319997
H           -1.56064406191029       -2.65681575951008        0.57197531988660
H            4.07401745256442       -0.34059868942363        1.24410705565334
H            2.44119367133693       -0.54016799164688        2.09280637816934
H            2.99810850723032        1.14506614720207       -1.61581200868275
H            4.24113576295261        0.00470418980075       -1.07496058721199
H            2.86114034284609       -0.55301872926524       -2.05136065283251
27
 energy: -465.767682847874 gnorm: 0.002101706945 xtb: 6.7.1 (edcfbbe)
C           -3.43930360220108        0.57735099074315       -0.09576672167760
C           -1.94575523483692        0.46760005381019       -0.02255940051805
C           -1.12120829106381        1.35506058505149       -0.59062811107612
C            0.37430285293648        1.26137205249108       -0.58481706794594
C            0.87489037517386       -0.13156285641941       -0.16126228307548
H            0.63864659318079       -0.82087389854699       -0.98664349301910
C            0.08544532346478       -0.57680711375231        1.06537585939968
C           -1.40226902653901       -0.70358111905691        0.75388861813856
H           -1.95824524775295       -0.77379295267190        1.70107238280214
O           -1.68391550645735       -1.90381759572007       -0.02052540250359
C            2.37794094455295       -0.13960332118409        0.00520767430330
C            2.98862569308614       -0.35439577445164        1.17487525043972
C            3.16622027255488        0.12632513390116       -1.24608539235493
H           -3.87550398209290        0.63756069913980        0.90902552537744
H           -3.87568978971732       -0.30685331758099       -0.57457707782954
H           -3.74776416644099        1.45997117107874       -0.66227995083908
H           -1.54998680069810        2.21541797572156       -1.10425906394015
H            0.74769866614788        1.51646086681082       -1.58283870120811
H            0.79097856041914        2.02071185854413        0.09551408811829
H            0.44698335250676       -1.53965757201677        1.44465306738286
H            0.20860521268230        0.15823271963751        1.87232825766988
H           -1.53789895799419       -2.65478180857778        0.56786307797209
H            4.07364072760330       -0.34728167024526        1.24293125148704
H            2.44076280814001       -0.54284888169352        2.09184784918106
H            3.00173380863088        1.14721782926128       -1.60837808673470
H            4.23833026524304       -0.00364108609999       -1.07750002581231
H            2.85185345597243       -0.54617882885885       -2.05264053059591
27
 energy: -465.767694544080 gnorm: 0.001594313742 xtb: 6.7.1 (edcfbbe)
C           -3.43986582216557        0.57732067019998       -0.09678078869856
C           -1.94631068215045        0.46823292328279       -0.02256324609762
C           -1.12158121553413        1.35536435362362       -0.59091919521343
C            0.37397353402419        1.26117825721199       -0.58544126983798
C            0.87405318412220       -0.13123646225951       -0.15996497901994
H            0.63717649310073       -0.82144299775867       -0.98437799404280
C            0.08450088628079       -0.57472533053788        1.06708752816665
C           -1.40286055466013       -0.70187477163091        0.75521605384101
H           -1.95968388535103       -0.77226424414700        1.70196631970991
O           -1.68367824803781       -1.90295014891021       -0.01907932193851
C            2.37709281244024       -0.14147584396973        0.00561837812173
C            2.98813248344919       -0.35929837679565        1.17457818710676
C            3.16418779306394        0.12638395488688       -1.24576279886722
H           -3.87679039582322        0.63785300860804        0.90766408622039
H           -3.87523063745371       -0.30750951158192       -0.57537982195380
H           -3.74838688936412        1.45938204632027       -0.66414249163758
H           -1.55028459800680        2.21531553832559       -1.10530650146509
H            0.74685203591533        1.51405600009891       -1.58426179819012
H            0.79129933880181        2.02184995715491        0.09298573402315
H            0.44595069139534       -1.53716423292967        1.44761181850332
H            0.20721911692240        0.16109876301815        1.87339267624163
H           -1.51505210757384       -2.65390311339688        0.56436892390766
H            4.07311873621672       -0.35102051494214        1.24276425142629
H            2.44023814798460       -0.54545662119391        2.09207646578405
H            3.00647572840878        1.15096821192127       -1.60105372598541
H            4.23581459078367       -0.01246798182542       -1.08059855745203
H            2.84275735660364       -0.53860919861719       -2.05587525255785
27
 energy: -465.767692110769 gnorm: 0.003900414257 xtb: 6.7.1 (edcfbbe)
C           -3.44118663975292        0.57729246046083       -0.09944318347128
C           -1.94761374036316        0.46922104977196       -0.02285094987437
C           -1.12258144181507        1.35517465267219       -0.59225829791222
C            0.37303614139169        1.26033627360730       -0.58728248277232
C            0.87174359898883       -0.13105368890720       -0.15667850295625
H            0.63333632426602       -0.82403638727747       -0.97860102608033
C            0.08217662689783       -0.56954801026241        1.07196473357883
C           -1.40437105590967       -0.69811646007527        0.75906796818499
H           -1.96351525752511       -0.76752982603627        1.70452014752942
O           -1.68299410279080       -1.90092020896994       -0.01412187874096
C            2.37487194830863       -0.14370529672796        0.00697613975681
C            2.98703048341686       -0.36688796996782        1.17485756213766
C            3.16022590619742        0.12793555557407       -1.24534688506848
H           -3.88006743505746        0.63883301153296        0.90432969033486
H           -3.87528911756156       -0.30890129642951       -0.57755317150375
H           -3.74976688229226        1.45823000876196       -0.66893313749288
H           -1.55099602115754        2.21382269816019       -1.10908670836678
H            0.74512908509990        1.50826158474849       -1.58796352976401
H            0.79185476876096        2.02410653550943        0.08705875088343
H            0.44323218303370       -1.53088230296119        1.45618211716409
H            0.20421023450688        0.16880584549970        1.87595959897183
H           -1.46241857634223       -2.65293840037679        0.55615487862348
H            4.07208936072421       -0.36384160018295        1.24119271862624
H            2.43969070988874       -0.55617031222057        2.09260060816863
H            3.01973806006727        1.16205573860719       -1.58384796881743
H            4.23023546803670       -0.03333492128682       -1.08843211090885
H            2.82131613155079       -0.51860351838819       -2.06463936434290
27
 energy: -465.767703467881 gnorm: 0.001113650751 xtb: 6.7.1 (edcfbbe)
C           -3.44071861427278        0.57718343957672       -0.09874908024265
C           -1.94714384749212        0.46852334824142       -0.02309267293836
C           -1.12227805614015        1.35480659929599       -0.59217106237650
C            0.37329277633222        1.26033408772321       -0.58677829760060
C            0.87256475753016       -0.13145380883227       -0.15767658594936
H            0.63451122723125       -0.82377884965825       -0.98028299127855
C            0.08299682017413       -0.57107912492368        1.07069841207374
C           -1.40387977665210       -0.69947185318242        0.75817149525361
H           -1.96267614639996       -0.76849683063778        1.70381060897239
O           -1.68259385044905       -1.90151296121449       -0.01502572754815
C            2.37568561031370       -0.14290946690632        0.00648080017856
C            2.98762096915198       -0.36449397445808        1.17480940066300
C            3.16188900804685        0.12814062757132       -1.24574863817077
H           -3.87897652749021        0.63848330014117        0.90536611145576
H           -3.87575279756065       -0.30850673833322       -0.57702617815854
H           -3.74924097229228        1.45864044568520       -0.66751087729987
H           -1.55078247565709        2.21382130660542       -1.10831131606770
H            0.74590704373996        1.51004354207112       -1.58678539370081
H            0.79149289330518        2.02305475954014        0.08915444959015
H            0.44411056964988       -1.53267769331068        1.45413124711759
H            0.20521553896706        0.16679591368978        1.87509343982829
H           -1.48199190332049       -2.65327165584965        0.55927588185106
H            4.07261915949984       -0.35972622723892        1.24146101724228
H            2.44032580782520       -0.55428527253169        2.09253842580183
H            3.01640868140265        1.15962883789377       -1.58910138720892
H            4.23210197613169       -0.02652768048295       -1.08626497587600
H            2.82840915083955       -0.52365889389668       -2.06264108744225
27
 energy: -465.767705685509 gnorm: 0.000405678167 xtb: 6.7.1 (edcfbbe)
C           -3.44061473325861        0.57705539721076       -0.09877033622315
C           -1.94707409441508        0.46812446096519       -0.02340639635100
C           -1.12221202852874        1.35416968957322       -0.59290629413886
C            0.37331525715927        1.25984321204506       -0.58698198281473
C            0.87283203555784       -0.13197514566989       -0.15795412698182
H            0.63466259611869       -0.82434563255213       -0.98045869197299
C            0.08324894574975       -0.57134708904115        1.07056775246388
C           -1.40380112553857       -0.70010988882806        0.75794352218107
H           -1.96206445837109       -0.76796509982756        1.70401693036400
O           -1.68291429658294       -1.90184616266828       -0.01422371098593
C            2.37592340709634       -0.14291333126832        0.00627631846654
C            2.98813695683404       -0.36486240223137        1.17429048588199
C            3.16258114478725        0.12940942163925       -1.24564279166637
H           -3.87861576696908        0.63845218783622        0.90543616725337
H           -3.87621823486446       -0.30833966850170       -0.57702768661498
H           -3.74894741233245        1.45868381651725       -0.66732066221709
H           -1.55068624568409        2.21309203037869       -1.10920794540236
H            0.74655276281535        1.51006005958924       -1.58656637284671
H            0.79111752767244        2.02213471991159        0.08964674662352
H            0.44438255395660       -1.53274140040909        1.45443801482229
H            0.20562498148927        0.16697758254177        1.87453988931194
H           -1.48976031011094       -2.65355844092107        0.56131250517710
H            4.07314514783797       -0.35895111232654        1.24075749341256
H            2.44129393701961       -0.55520224268855        2.09208302521173
H            3.01668114192694        1.16071132214766       -1.58857395920015
H            4.23264763688076       -0.02483033531585       -1.08569158589269
H            2.82987956169427       -0.52212031982864       -2.06275096620670
27
 energy: -465.767705685509 gnorm: 0.000405678167 xtb: 6.7.1 (edcfbbe)
C           -3.44061473325861        0.57705539721076       -0.09877033622315
C           -1.94707409441508        0.46812446096519       -0.02340639635100
C           -1.12221202852874        1.35416968957322       -0.59290629413886
C            0.37331525715927        1.25984321204506       -0.58698198281473
C            0.87283203555784       -0.13197514566989       -0.15795412698182
H            0.63466259611869       -0.82434563255213       -0.98045869197299
C            0.08324894574975       -0.57134708904115        1.07056775246388
C           -1.40380112553857       -0.70010988882806        0.75794352218107
H           -1.96206445837109       -0.76796509982756        1.70401693036400
O           -1.68291429658294       -1.90184616266828       -0.01422371098593
C            2.37592340709634       -0.14291333126832        0.00627631846654
C            2.98813695683404       -0.36486240223137        1.17429048588199
C            3.16258114478725        0.12940942163925       -1.24564279166637
H           -3.87861576696908        0.63845218783622        0.90543616725337
H           -3.87621823486446       -0.30833966850170       -0.57702768661498
H           -3.74894741233245        1.45868381651725       -0.66732066221709
H           -1.55068624568409        2.21309203037869       -1.10920794540236
H            0.74655276281535        1.51006005958924       -1.58656637284671
H            0.79111752767244        2.02213471991159        0.08964674662352
H            0.44438255395660       -1.53274140040909        1.45443801482229
H            0.20562498148927        0.16697758254177        1.87453988931194
H           -1.48976031011094       -2.65355844092107        0.56131250517710
H            4.07314514783797       -0.35895111232654        1.24075749341256
H            2.44129393701961       -0.55520224268855        2.09208302521173
H            3.01668114192694        1.16071132214766       -1.58857395920015
H            4.23264763688076       -0.02483033531585       -1.08569158589269
H            2.82987956169427       -0.52212031982864       -2.06275096620670
