24
 energy: -43.385057145818 gnorm: 0.057643710891 xtb: 6.7.1 (edcfbbe)
C           -2.58899726155309       -0.59710147590418       -0.35243826568875
C           -1.20845721907253       -0.27318095356562        0.18589622100012
H           -1.23614544626338       -0.24314370951115        1.28844670678687
C           -0.68738337316673        1.06534757724823       -0.34099417707190
H           -0.70628883511958        1.04690434533160       -1.44254798655312
C            0.74561311847699        1.28352455248677        0.12694437328584
H            0.73985242948140        1.40264569197375        1.22209269427052
C            1.62613002760499        0.09384482958776       -0.22678744895467
H            1.71243850919228        0.00555082911417       -1.32015922369856
C            0.98768258155117       -1.18410282226109        0.30840884786902
H            0.91610286042113       -1.15530509290321        1.40821155186771
O           -0.32529099880241       -1.31975328994309       -0.24814778021898
O            1.75485055029446       -2.27609870650436       -0.12363524388488
O            2.90670148566273        0.32151697249553        0.36742886914896
O            1.21121751456062        2.48866342682994       -0.49279475533685
O           -1.54136022658590        2.10033526140517        0.15501094700486
O           -3.11594715759486       -1.81318875427356        0.19268753021289
H           -2.52875537446743       -0.74274167839742       -1.43593877413777
H           -3.26106538254740        0.24468686144862       -0.15006751246282
H            1.55581242288278       -3.03302959362549        0.44370020168855
H            3.51644828040432       -0.33384780558832        0.00433496744973
H            2.04208668288451        2.73524248669707       -0.06595384510257
H           -1.14325075356295        2.94234893743963       -0.10596503839197
H           -3.28297208048201       -1.66051854593151        1.13200271488037
24
 energy: -43.388060538873 gnorm: 0.030690740762 xtb: 6.7.1 (edcfbbe)
C           -2.59057090546109       -0.60237311469868       -0.35478294250976
C           -1.20087485318259       -0.28356573161660        0.18407758939575
H           -1.22440507394260       -0.24474197844712        1.28453865441218
C           -0.69193856221685        1.06426118162416       -0.33670630817952
H           -0.70777173863027        1.05217642177147       -1.43594439821038
C            0.74376981694198        1.29567134630018        0.13269222617352
H            0.74806912718172        1.41537377363038        1.22593527937213
C            1.62924322218401        0.10406119374784       -0.22306374037253
H            1.71431151363496        0.01570742021658       -1.31372721023159
C            0.99020707526291       -1.18273595506306        0.30551153787472
H            0.92743664149989       -1.14034591220810        1.40547803030667
O           -0.32107557780548       -1.32788526265694       -0.22686371705519
O            1.75736601436067       -2.26358721662837       -0.11764519503786
O            2.90154697007352        0.32381795753007        0.36337938153522
O            1.20292739466094        2.49076022385466       -0.48072399423751
O           -1.54367768440639        2.08637911502425        0.14914210143629
O           -3.12786133824146       -1.79673322663198        0.18790906611761
H           -2.52913793095363       -0.76637452287505       -1.43261633816862
H           -3.25119462702889        0.24721992430784       -0.15270683064436
H            1.53428119251509       -3.04599133105448        0.40964571192898
H            3.51247127132756       -0.34413660663074        0.02160687454170
H            2.05663137629533        2.72266804349049       -0.08726092853669
H           -1.15193147163397        2.93451810898590       -0.10923279778355
H           -3.28879949823627       -1.65554450832343        1.13109352183539
24
 energy: -43.389793595005 gnorm: 0.016296998630 xtb: 6.7.1 (edcfbbe)
C           -2.58788012937510       -0.61231455314948       -0.35535853072080
C           -1.18876549925024       -0.29413037644771        0.18743449045249
H           -1.21920182588870       -0.24225267565156        1.28774360473207
C           -0.69579338938477        1.06427797428738       -0.33230460942777
H           -0.69928597537949        1.05159731589083       -1.43142133741649
C            0.74418959119702        1.30965868691144        0.13852120574774
H            0.75104711378847        1.42168824549451        1.23241515838690
C            1.63588957156683        0.11616481945362       -0.22139445978987
H            1.71267005505037        0.03241563228036       -1.31252497132574
C            0.99311006568190       -1.17804660721827        0.30834103627818
H            0.94501302419624       -1.11554267928874        1.41313515599973
O           -0.31385877928919       -1.33267332446812       -0.19945939765881
O            1.76407829524374       -2.23871367573587       -0.10884568163502
O            2.89504594390379        0.33112368404790        0.35836046814960
O            1.18793998161812        2.49546089505510       -0.46655970185608
O           -1.55257483889613        2.06350505849112        0.14467033677897
O           -3.14288170111124       -1.77751481889036        0.18733067763371
H           -2.51561766882538       -0.79459392808187       -1.42762493535219
H           -3.22586422674317        0.25795541432880       -0.16615991457313
H            1.48678255494281       -3.06691767885685        0.33718474830607
H            3.50652487017383       -0.36262343936424        0.06175120116314
H            2.08080769055376        2.70059147036984       -0.13415783959578
H           -1.17604742678840        2.92307421778686       -0.10692346858445
H           -3.29630494278595       -1.65359031359545        1.13558233827013
24
 energy: -43.390146732859 gnorm: 0.014534918952 xtb: 6.7.1 (edcfbbe)
C           -2.58465156504184       -0.61526924644804       -0.35628902761865
C           -1.18617518581898       -0.29667031286843        0.19187251187728
H           -1.22304973356931       -0.23908724237220        1.29279729499337
C           -0.69548104566061        1.06240437950464       -0.32996930420789
H           -0.69459192080314        1.04530775984910       -1.43008340366160
C            0.74495290833835        1.31193656104076        0.14063834322466
H            0.74956991971628        1.41949112747503        1.23624743475899
C            1.63763573814615        0.11945062753167       -0.22195847647062
H            1.70870238229464        0.03694178718432       -1.31469573714100
C            0.99695707284959       -1.17636850157250        0.30951283423491
H            0.95561115659711       -1.10867010010285        1.41656447141345
O           -0.31127910337065       -1.33482840964708       -0.19068991271638
O            1.76841921171243       -2.23447877229587       -0.10957741464424
O            2.89650948057446        0.33641199361463        0.35507496351478
O            1.18521209302919        2.49871970961572       -0.46338121379634
O           -1.55830075273692        2.05639500799791        0.14591250813281
O           -3.15050635405404       -1.77142369299105        0.19271930178189
H           -2.50403987802406       -0.80475794774642       -1.42748102462894
H           -3.21589224695167        0.26396419313436       -0.18161442263651
H            1.47284894094280       -3.06879644366098        0.30839534549616
H            3.50300459196231       -0.37047356754946        0.07874457631521
H            2.08576227285192        2.69427727512505       -0.15033202872393
H           -1.18864130408149        2.91942877489603       -0.10306059267548
H           -3.30355432470345       -1.64530561606508        1.14038854714064
24
 energy: -43.390726816896 gnorm: 0.010787706768 xtb: 6.7.1 (edcfbbe)
C           -2.57529930653880       -0.62214100280292       -0.35981166486756
C           -1.18212919820543       -0.30117028420446        0.20254263237796
H           -1.23314048741561       -0.23509504007765        1.30404931816572
C           -0.69459432886107        1.05758787824017       -0.32417970012110
H           -0.68863312870623        1.03252969227701       -1.42594787377618
C            0.74465575172617        1.31490175289500        0.14685903403657
H            0.74620028549526        1.41577753082344        1.24544590724520
C            1.63948340338715        0.12716051972244       -0.22234445421514
H            1.69973836606956        0.04639878440491       -1.31832983333753
C            1.00827942137450       -1.17079125731923        0.31576934313418
H            0.97939513267410       -1.10087731997505        1.42652413197890
O           -0.30309975982285       -1.33857239610807       -0.17176364919634
O            1.78255811160175       -2.22526965872430       -0.11054876882196
O            2.90242737953291        0.35075860890925        0.34476911771017
O            1.17924397696671        2.50696414853423       -0.45410633391313
O           -1.56931281672213        2.04498999881511        0.14918561061628
O           -3.16556505280170       -1.75835392790989        0.20843279350643
H           -2.47559905477229       -0.83443838179445       -1.42725482240181
H           -3.19801345996539        0.27185501793569       -0.22305763068502
H            1.43807188111594       -3.06914716245069        0.23806391991709
H            3.49145445126322       -0.38763440950796        0.11457440376534
H            2.09620106164235        2.67635495563725       -0.18554901628885
H           -1.21281102390947        2.91311224833364       -0.09633184436016
H           -3.32048925092960       -1.61630095200421        1.15274495349351
24
 energy: -43.391023165394 gnorm: 0.009341069972 xtb: 6.7.1 (edcfbbe)
C           -2.56761615126287       -0.62931149841170       -0.36353233846827
C           -1.18049835249979       -0.30322755533722        0.20847483651137
H           -1.23897961117306       -0.23575384197651        1.30927860134505
C           -0.69441643403285        1.05550684953307       -0.31918843453552
H           -0.68815614891707        1.02856131667847       -1.42103606045926
C            0.74277002094131        1.31691524399709        0.15292684040883
H            0.74418483489361        1.41648683222794        1.25205947429925
C            1.63924674069978        0.13331091322934       -0.22009000397750
H            1.69412261195292        0.05202282810394       -1.31700487841328
C            1.01613727692438       -1.16528724278286        0.32177981352500
H            0.99386076725327       -1.09924208347149        1.43344174251103
O           -0.29630354144940       -1.33979065512493       -0.16006784729735
O            1.79281711071665       -2.21829270385087       -0.10932200905768
O            2.90724445159424        0.36139605146987        0.33707403913910
O            1.17516128767766        2.51303367376654       -0.44467156139179
O           -1.57435642755586        2.04102128749430        0.15179083168517
O           -3.17172704126344       -1.75103206662041        0.22109180865206
H           -2.45603729174066       -0.86399708676125       -1.42580701458501
H           -3.18879531197938        0.26942272415078       -0.25399359144412
H            1.40777261624910       -3.06567895295549        0.18382352678973
H            3.48093486491404       -0.39627839186442        0.13698400028921
H            2.10653851165309        2.65761906213935       -0.21231487688999
H           -1.22350544077200        2.91053258716840       -0.09359560829604
H           -3.33137698862462       -1.58933794715268        1.16163428362255
24
 energy: -43.391236812516 gnorm: 0.004640708256 xtb: 6.7.1 (edcfbbe)
C           -2.56034915760292       -0.63780196057889       -0.36760598478978
C           -1.18039655569730       -0.30348383713765        0.21136846985874
H           -1.24256072616797       -0.23876445305269        1.31080312583345
C           -0.69440043000250        1.05518700520525       -0.31518684898070
H           -0.69054496133817        1.03060017968492       -1.41632313889799
C            0.74032923677876        1.31764903585070        0.15837890426439
H            0.74185521294455        1.41857085255826        1.25684130264437
C            1.63762690661547        0.13785698049938       -0.21764916070276
H            1.68950155355659        0.05454877165062       -1.31423708936262
C            1.02200672715471       -1.16006321906474        0.32678817599026
H            1.00411799877254       -1.10059277338611        1.43774476906425
O           -0.29024543149888       -1.33952661474598       -0.15317179357033
O            1.79895932073393       -2.21492475891621       -0.10787831968160
O            2.91158879897351        0.36992880557547        0.32938110096141
O            1.17463069810213        2.51724701581490       -0.43492630826909
O           -1.57583160989471        2.04125231036523        0.15533546508359
O           -3.17217544229573       -1.74689390742384        0.23541752774783
H           -2.43951000268392       -0.89801345669023       -1.42239980642321
H           -3.18398710332936        0.26021228328826       -0.28308803130842
H            1.38290613675041       -3.05423679188227        0.13748951848708
H            3.47021520565172       -0.40124419304881        0.15467589485430
H            2.11259653362997        2.63908351680706       -0.23091513185922
H           -1.22526622108632        2.91002440614829       -0.09116704231617
H           -3.34204433386745       -1.55801585387166        1.17005997533474
24
 energy: -43.391128572117 gnorm: 0.018927380449 xtb: 6.7.1 (edcfbbe)
C           -2.55194707571043       -0.65057367120786       -0.37079161761383
C           -1.17727781856964       -0.30486300201930        0.21250446333725
H           -1.24175716126613       -0.24198006052557        1.31061269587166
C           -0.69545731105012        1.05638984051654       -0.31120869122121
H           -0.69282771478612        1.03542548043498       -1.41148827399869
C            0.73766945540742        1.32232923950898        0.16443749555588
H            0.74026102561600        1.42492700678555        1.26185982422204
C            1.63812594411885        0.14570246232753       -0.21175860182338
H            1.68737353078336        0.05865724467176       -1.30752153406365
C            1.02909533989195       -1.15299533799457        0.33463145609306
H            1.01097198398317       -1.09987612378211        1.44463203856752
O           -0.27952969051285       -1.33722930928674       -0.14675397315261
O            1.80970971521999       -2.20591943746841       -0.10078360764658
O            2.91525533666773        0.38264958699537        0.32483093162263
O            1.17118171874474        2.52324172591459       -0.42521672071976
O           -1.57867446731096        2.03958934395202        0.15841004716156
O           -3.16931812769444       -1.74329863405591        0.25444103822207
H           -2.42154438762928       -0.94144857560002       -1.41588957599545
H           -3.17701511487564        0.24769208614827       -0.31321944643887
H            1.33183881685330       -3.05368172042269        0.06278879401097
H            3.46031698856245       -0.40660546960559        0.18497756118485
H            2.12402344744605        2.61658690042732       -0.26247995583076
H           -1.22834305701162        2.90882821665711       -0.08883722445223
H           -3.35310902267875       -1.52494844872197        1.18155845107002
24
 energy: -43.391333711381 gnorm: 0.002427804658 xtb: 6.7.1 (edcfbbe)
C           -2.55684278688787       -0.64568207208204       -0.36913900624232
C           -1.17888457578821       -0.30372188747958        0.20969226124190
H           -1.23980436863762       -0.24122270360379        1.30851966240679
C           -0.69565839790985        1.05726757287990       -0.31355941271147
H           -0.69291073348514        1.03712988940171       -1.41408614778673
C            0.73897232725108        1.32032329654574        0.16098285197167
H            0.74185257175033        1.42210880786894        1.25857784338476
C            1.63789558559571        0.14130135062722       -0.21464397743927
H            1.68967005366652        0.05580741503105       -1.31030934298141
C            1.02400327318359       -1.15718206488878        0.32942883078647
H            1.00409055551486       -1.10093198459606        1.43937345775037
O           -0.28510298012001       -1.33723666648986       -0.15371018677974
O            1.80172427856094       -2.21196955059160       -0.10450504857041
O            2.91206449870002        0.37541315175506        0.32883646279307
O            1.17322946095189        2.51978700483548       -0.43050576527363
O           -1.57629670064464        2.04166825946005        0.15833281688306
O           -3.16798715816871       -1.74656477114131        0.24712719638388
H           -2.43195395782752       -0.92317786515897       -1.41751604119243
H           -3.18236988840119        0.25097700327835       -0.29776798351893
H            1.36102853707874       -3.05137094677482        0.10274902371317
H            3.46646337772540       -0.40241574322664        0.17126085868232
H            2.11852561064336        2.62759965969677       -0.24691527664255
H           -1.22281611195623        2.91023229318222       -0.08818195601083
H           -3.34987011659641       -1.53954010487977        1.17569445311478
24
 energy: -43.391356004907 gnorm: 0.003386771858 xtb: 6.7.1 (edcfbbe)
C           -2.55609004695090       -0.64827895017304       -0.36928828457671
C           -1.17814847719434       -0.30402575390331        0.20852375936021
H           -1.23817299624717       -0.24204298804025        1.30747248224101
C           -0.69571292622683        1.05755747452986       -0.31390437512861
H           -0.69301724173914        1.03880412369899       -1.41443232381055
C            0.73912984327643        1.32061753251198        0.16090890619887
H            0.74143079960261        1.42273728035461        1.25842968143370
C            1.63881167422606        0.14163897119390       -0.21370899164417
H            1.69082756101237        0.05565594190141       -1.30932230798055
C            1.02429976882864       -1.15701736687893        0.32956407364511
H            1.00251480207277       -1.10128863063282        1.43939229748947
O           -0.28365641205828       -1.33663884617443       -0.15594365593125
O            1.80281448431779       -2.21191516594531       -0.10315132118202
O            2.91242567123097        0.37705530741919        0.32997347529087
O            1.17371572807587        2.51976520898993       -0.43077429453158
O           -1.57629495692751        2.04142177424840        0.15924750109011
O           -3.16711954725935       -1.74621425936419        0.25319226409308
H           -2.43014019926415       -0.93167074624481       -1.41581901906088
H           -3.18179088064629        0.24881906708622       -0.30275084979641
H            1.35471652485386       -3.05106327507078        0.09171124084202
H            3.46717983839860       -0.40082529268881        0.17589216636126
H            2.11710216998185        2.62755700547632       -0.24826383471799
H           -1.22129146365163        2.90993545491618       -0.08619053614863
H           -3.35451136351319       -1.53198452356106        1.17897752042614
24
 energy: -43.391393344825 gnorm: 0.004184113903 xtb: 6.7.1 (edcfbbe)
C           -2.55299730782286       -0.65854044770469       -0.37050982440862
C           -1.17536537354231       -0.30589753957787        0.20473605870488
H           -1.23276989739235       -0.24675106054252        1.30414927625262
C           -0.69669475917021        1.05873609272370       -0.31322629528608
H           -0.69389418098788        1.04553141747475       -1.41384956649690
C            0.73895386038834        1.32256731136037        0.16229556073380
H            0.74099039036303        1.42430083569407        1.25982566790078
C            1.64179729860027        0.14426821992592       -0.21043140866626
H            1.69485770017833        0.05704359999232       -1.30600334235263
C            1.02575669471398       -1.15565396072443        0.32991967112940
H            0.99730610040031       -1.10117880456384        1.43969593352034
O           -0.27785146349668       -1.33435824901872       -0.16399900739798
O            1.80737221385208       -2.21088846705589       -0.09747412337884
O            2.91285510428346        0.38444148247536        0.33467634809470
O            1.17186370814917        2.52200811031940       -0.42899012440090
O           -1.57771143748960        2.03976331469694        0.16466221772568
O           -3.16462674376781       -1.74434464606573        0.27478080304721
H           -2.42237602719795       -0.96466557982954       -1.40980191965111
H           -3.17902793925655        0.24015000523793       -0.32358852707232
H            1.33277288874290       -3.04728591386869        0.04891319279052
H            3.46874290132467       -0.39580293915990        0.19656521081849
H            2.12165215535301        2.61918261346232       -0.26601461157372
H           -1.21799225469554        2.90856520864392       -0.07606128504955
H           -3.37459127733078       -1.50259126024591        1.18946566897901
24
 energy: -43.391410564278 gnorm: 0.002923567855 xtb: 6.7.1 (edcfbbe)
C           -2.55374813827183       -0.65773785803743       -0.36921110768326
C           -1.17484624118407       -0.30646836827043        0.20399984331468
H           -1.23118001669072       -0.24808191591418        1.30364021918434
C           -0.69636193326467        1.05803356958263       -0.31418398374392
H           -0.69374292626380        1.04434891889680       -1.41490829427277
C            0.73937672380238        1.32206734949145        0.16097982888135
H            0.74081549024646        1.42448025749443        1.25861597203652
C            1.64266782684764        0.14363563158464       -0.21033029828468
H            1.69743729154670        0.05675288832750       -1.30601166277953
C            1.02554572696241       -1.15643853500773        0.32918645950458
H            0.99490614047078       -1.10131988473514        1.43922137160518
O           -0.27773433500522       -1.33429898880148       -0.16675367016946
O            1.80745451868369       -2.21194768162676       -0.09654921389798
O            2.91248221122801        0.38375287418533        0.33747652715046
O            1.17231511962689        2.52092808879915       -0.43147890939621
O           -1.57746869882923        2.03913819257854        0.16398023233734
O           -3.16524408464173       -1.74351999296379        0.27514209084411
H           -2.42556035420675       -0.96205280581084       -1.40883922796982
H           -3.17898671957850        0.24055607425541       -0.32041769428475
H            1.33511531920507       -3.04762819520237        0.05024637807453
H            3.47086100891516       -0.39397218633019        0.19554965798705
H            2.11929499645418        2.62276424723641       -0.26297491906612
H           -1.21787499122411        2.90811516214340       -0.07534915160702
H           -3.37650158062972       -1.50250749822609        1.18870512619788
24
 energy: -43.391429221675 gnorm: 0.002923845438 xtb: 6.7.1 (edcfbbe)
C           -2.55396996761229       -0.65851895331001       -0.36757014197163
C           -1.17332489002691       -0.30852030882822        0.20264013146346
H           -1.22771632223417       -0.25178111359694        1.30260721756401
C           -0.69590513267587        1.05627244121846       -0.31524547789807
H           -0.69366242026181        1.04216864766926       -1.41609852255621
C            0.73965189576047        1.32149534280465        0.15961638726208
H            0.74025139786072        1.42527520463075        1.25737897851869
C            1.64454813122570        0.14345188510143       -0.20905419902390
H            1.70285629634783        0.05729968667213       -1.30486450004062
C            1.02618240060591       -1.15736386943772        0.32823810797005
H            0.99117241696308       -1.10170407801704        1.43869124609720
O           -0.27609987708481       -1.33464963115831       -0.17170224430576
O            1.80946240251871       -2.21297485383518       -0.09405268562946
O            2.91210340636042        0.38422322936626        0.34354407341452
O            1.17178445090456        2.51982164597866       -0.43461652177871
O           -1.57777939771766        2.03687999731573        0.16338200590179
O           -3.16728391417769       -1.74051839088981        0.28092896690342
H           -2.42798664665661       -0.96572563044084       -1.40678333687229
H           -3.17658959714379        0.24128057608701       -0.32128882782763
H            1.33423210155125       -3.04748935978714        0.04129780462147
H            3.47435094931689       -0.38957028596061        0.19645439241761
H            2.11697346687500        2.62640345433891       -0.26160152366667
H           -1.21879388009234        2.90654497238793       -0.07268231852984
H           -3.38543491640755       -1.49370126466010        1.19051656192899
24
 energy: -43.391446428310 gnorm: 0.002593359498 xtb: 6.7.1 (edcfbbe)
C           -2.55377707520701       -0.65994876846832       -0.36561963737172
C           -1.17135849287732       -0.31141762377537        0.20145700820961
H           -1.22336228438781       -0.25657002202982        1.30162868442039
C           -0.69530916496404        1.05375015414273       -0.31635525456957
H           -0.69340282247703        1.03880605237996       -1.41726175512782
C            0.73962460744528        1.32091894456124        0.15837297710941
H            0.73940474765859        1.42688076737580        1.25605541780303
C            1.64663730725017        0.14356995559153       -0.20699481072487
H            1.70968168118423        0.05813596639357       -1.30270238905704
C            1.02753770588693       -1.15824290108126        0.32752772985569
H            0.98822932799839       -1.10259448159341        1.43825652757615
O           -0.27363996276757       -1.33568307945455       -0.17629336017315
O            1.81268994257385       -2.21344625955692       -0.09140379371112
O            2.91171447576589        0.38523960914157        0.35126010804398
O            1.17051331014591        2.51865783048925       -0.43812749268990
O           -1.57845954848971        2.03356217264379        0.16183540434941
O           -3.17051023672623       -1.73609066648772        0.28880342154430
H           -2.43011468232615       -0.97198732553604       -1.40406708303638
H           -3.17245458280771        0.24253631661749       -0.32357856115683
H            1.33142698496681       -3.04697534087292        0.02593162190545
H            3.47800810622242       -0.38512865511658        0.19776477632206
H            2.11424072374682        2.63070201635514       -0.25926516510729
H           -1.22087761386439        2.90421188338886       -0.07106111949483
H           -3.39742009975129       -1.48028720145873        1.19357231904354
24
 energy: -43.391458484390 gnorm: 0.001858208153 xtb: 6.7.1 (edcfbbe)
C           -2.55343050860153       -0.66130310147154       -0.36409472180518
C           -1.16995981850381       -0.31385252226372        0.20102224236800
H           -1.22016423238936       -0.25989029184722        1.30119111207310
C           -0.69474176654208        1.05142113600560       -0.31727435285155
H           -0.69245044643987        1.03520712582283       -1.41815934118561
C            0.73926032690488        1.32037413730548        0.15807094456792
H            0.73839902841450        1.42858726863061        1.25542630971995
C            1.64792468544511        0.14355263476452       -0.20443979356921
H            1.71528125816185        0.05907992277586       -1.29982362221809
C            1.02878579092982       -1.15920135996334        0.32748694089331
H            0.98745576265713       -1.10455790756088        1.43816238026069
O           -0.27166296358737       -1.33719467940071       -0.17825404083226
O            1.81541331163144       -2.21363830610997       -0.09022499329051
O            2.91120456805929        0.38531000729885        0.35870696256483
O            1.16923455014026        2.51749956903795       -0.44066695185084
O           -1.57919033501947        2.03074132513130        0.15913268517610
O           -3.17373759295758       -1.73184198720826        0.29592949845309
H           -2.43106201184837       -0.97843521080544       -1.40162432289667
H           -3.16857324121847        0.24398615527431       -0.32643606314542
H            1.32816414934388       -3.04631432871630        0.01044393617120
H            3.48105604933584       -0.38018493857621        0.19572404658955
H            2.11183932879378        2.63475005757878       -0.25461653346697
H           -1.22292701645546        2.90198819408988       -0.07288117137788
H           -3.40709652205539       -1.46748355614311        1.19693442361495
24
 energy: -43.391468545890 gnorm: 0.001874368494 xtb: 6.7.1 (edcfbbe)
C           -2.55298249621720       -0.66259194320468       -0.36262883697787
C           -1.16927805542799       -0.31553556883861        0.20183290567128
H           -1.21847904548266       -0.26084778397395        1.30174403517926
C           -0.69420540901465        1.04926919870701       -0.31832694198031
H           -0.69043889993410        1.03083799586863       -1.41908019840977
C            0.73860808000841        1.32003754524271        0.15831193100201
H            0.73701379396640        1.43055009623991        1.25507267488020
C            1.64845622496864        0.14354905356175       -0.20189660112737
H            1.71957820759886        0.05971076444247       -1.29666423423106
C            1.02997911443984       -1.16011583552347        0.32792609062002
H            0.99065788192491       -1.10791889405818        1.43836526282941
O           -0.27050445706339       -1.33927659568614       -0.17635246563534
O            1.81690453756923       -2.21354002422844       -0.09224869651236
O            2.91052791101514        0.38536933365413        0.36524096730887
O            1.16825897806916        2.51642517018918       -0.44251181839083
O           -1.57990077346004        2.02864622013052        0.15438928353925
O           -3.17726256611772       -1.72748252000308        0.30259176395550
H           -2.43077186402936       -0.98541837013607       -1.39874280429450
H           -3.16521830337098        0.24527781853035       -0.32977513361450
H            1.32380968113436       -3.04481687700184       -0.00724111403738
H            3.48328057679765       -0.37795455639978        0.19329730116584
H            2.10859028964419        2.64040309991444       -0.24439121923859
H           -1.22495819655946        2.89982222932606       -0.08045631025940
H           -3.41264285626023       -1.45580021310362        1.20127973252013
24
 energy: -43.391478251793 gnorm: 0.001367599328 xtb: 6.7.1 (edcfbbe)
C           -2.55272390032889       -0.66303505941369       -0.36253380282867
C           -1.17012422556836       -0.31432107381352        0.20330561591986
H           -1.22052902460077       -0.25716460150233        1.30296295755091
C           -0.69398656147037        1.04943514213508       -0.31885418207696
H           -0.68816624411160        1.02917951876936       -1.41952791869800
C            0.73831996197101        1.32003291263682        0.15974413090624
H            0.73587486584674        1.43057015028350        1.25623762258799
C            1.64776445830989        0.14317898592815       -0.20050658988421
H            1.71865039062097        0.06008426149147       -1.29512541231253
C            1.02974013069820       -1.16071943873675        0.32897353165184
H            0.99499874137723       -1.11097802024986        1.43933398250934
O           -0.27146618981541       -1.33970732956350       -0.17177494122476
O            1.81515671757991       -2.21404365896298       -0.09615986809008
O            2.91015619763419        0.38386664625507        0.36661969694127
O            1.16895980784123        2.51610326011403       -0.44124751276478
O           -1.57980539038444        2.03005090052765        0.15063510924284
O           -3.17741703075078       -1.72708413938031        0.30385291186202
H           -2.42882222098326       -0.98820509257119       -1.39729850285134
H           -3.16612753469516        0.24416195461907       -0.33189584821911
H            1.31926398354731       -3.04425831158305       -0.01376365759482
H            3.48376031911721       -0.37579435120880        0.18881168766001
H            2.10765567710190        2.64272970106866       -0.23625250090404
H           -1.22448048094997        2.89998138691038       -0.08970984907954
H           -3.40763009378776       -1.45546440010397        1.20390891365902
24
 energy: -43.391477821775 gnorm: 0.002692148014 xtb: 6.7.1 (edcfbbe)
C           -2.55246982431763       -0.66346961523513       -0.36244378549585
C           -1.17094891586861       -0.31313968578098        0.20474164821669
H           -1.22252694209854       -0.25357586862874        1.30415057026415
C           -0.69377285913863        1.04959674202322       -0.31936476140048
H           -0.68594762164656        1.02756287453528       -1.41996091964734
C            0.73803672008666        1.32003030993371        0.16114833144031
H            0.73476697954497        1.43059831278501        1.25737862701251
C            1.64708626436375        0.14281887321648       -0.19914058022384
H            1.71774487505200        0.06045440211501       -1.29361249011690
C            1.02950752718786       -1.16130718379219        0.33000322582432
H            0.99922515472999       -1.11396424762070        1.44028318802787
O           -0.27239917417623       -1.34013031249371       -0.16730845311548
O            1.81346558685458       -2.21452620572920       -0.09996168903068
O            2.90979329064489        0.38239131263656        0.36797542858084
O            1.16963923798357        2.51578907674615       -0.44001474377844
O           -1.57971456978002        2.03141701565470        0.14697472062792
O           -3.17756935521607       -1.72669614072846        0.30507997340637
H           -2.42691898483242       -0.99092566594145       -1.39589255722027
H           -3.16701137316539        0.24307323826232       -0.33396369458023
H            1.31482124799300       -3.04372389316238       -0.02013714128043
H            3.48422575360159       -0.37366288370861        0.18440356237407
H            2.10675741046228        2.64498290483523       -0.22833570025255
H           -1.22401434386777        2.90013361667946       -0.09873343753465
H           -3.40275373019825       -1.45512763295229        1.20646625186458
24
 energy: -43.391483752877 gnorm: 0.001084396418 xtb: 6.7.1 (edcfbbe)
C           -2.55254043277696       -0.66360169068974       -0.36233330018140
C           -1.17111916146313       -0.31251791719380        0.20488101462026
H           -1.22306116748660       -0.25241360308696        1.30434681020219
C           -0.69378677450127        1.04987599041469       -0.31964671385304
H           -0.68592144923215        1.02761900506292       -1.42023507116772
C            0.73825397607143        1.32012336658890        0.16081591895123
H            0.73453784168846        1.42989212111232        1.25729429260650
C            1.64738335081894        0.14296769494169       -0.19990010737726
H            1.71739053686469        0.06022607192704       -1.29458693495141
C            1.02937654780373       -1.16118993034207        0.32943969643247
H            0.99991022793913       -1.11395273823433        1.44002559359396
O           -0.27295272683636       -1.33957660971945       -0.16704774487722
O            1.81225943741406       -2.21492323652034       -0.10140069670019
O            2.90990385774760        0.38339150775078        0.36670126454456
O            1.17002195838960        2.51615270985606       -0.43937726595449
O           -1.57944025885912        2.03213599932571        0.14678570634348
O           -3.17696453647219       -1.72714390828667        0.30558683470241
H           -2.42628396743246       -0.99171058254588       -1.39553831975748
H           -3.16779780427662        0.24249403899059       -0.33473746370902
H            1.31366985077182       -3.04340524945230       -0.02034802146769
H            3.48423316996830       -0.37564813449912        0.18794625186294
H            2.10634068308475        2.64577160230606       -0.22731943196968
H           -1.22362124552029        2.90059280054860       -0.09925103456896
H           -3.40076955950633       -1.45655996460540        1.20763429663801
24
 energy: -43.391486004481 gnorm: 0.001069653948 xtb: 6.7.1 (edcfbbe)
C           -2.55274710448672       -0.66403389345432       -0.36124567111850
C           -1.17072230448115       -0.31223058657516        0.20444379915687
H           -1.22226462128700       -0.25192338078416        1.30405968627373
C           -0.69354324626125        1.04961766690272       -0.32081867961121
H           -0.68559680753750        1.02647930603387       -1.42140781865603
C            0.73850961148176        1.31991990431456        0.16002108961256
H            0.73360759991982        1.42885480103631        1.25688727860360
C            1.64853380806334        0.14303847941564       -0.20000062712682
H            1.71947471467506        0.06033006134665       -1.29500683251203
C            1.02950833337740       -1.16151919850036        0.32840373120240
H            0.99929640531633       -1.11448070453827        1.43945687478774
O           -0.27304714042310       -1.33870699224905       -0.16853667047595
O            1.81115399126641       -2.21601219674779       -0.10239916633576
O            2.90969369464272        0.38453395145197        0.36812114515432
O            1.17009672963692        2.51628256539267       -0.43907152972154
O           -1.57913514032938        2.03257008961150        0.14511988752251
O           -3.17654531116567       -1.72664450762979        0.30855825359633
H           -2.42681536696531       -0.99391681004167       -1.39383277077334
H           -3.16794207181628        0.24172541644072       -0.33551767518237
H            1.30991330960089       -3.04314110507754       -0.02535450584291
H            3.48564584837564       -0.37524023148519        0.19278242729744
H            2.10534249265300        2.64808003436074       -0.22530945704086
H           -1.22344943092934        2.90091903889918       -0.10006580534092
H           -3.39994563912758       -1.45590236447393        1.21044861049321
24
 energy: -43.391486767050 gnorm: 0.000539007177 xtb: 6.7.1 (edcfbbe)
C           -2.55293421192112       -0.66397434740039       -0.36091401028116
C           -1.17081428466570       -0.31208607715199        0.20440817939474
H           -1.22210523265866       -0.25135694051902        1.30400421583948
C           -0.69342328213672        1.04942573321496       -0.32142749668845
H           -0.68506269231961        1.02563108688736       -1.42199147452308
C            0.73833642850366        1.31966054037592        0.16008023131366
H            0.73296946194094        1.42830619469665        1.25695967862332
C            1.64857931094462        0.14285935402578       -0.19969627893664
H            1.72020010019670        0.06049418560215       -1.29464941651474
C            1.02949549600422       -1.16185497358813        0.32817041950869
H            0.99963332030167       -1.11527859256305        1.43920352850911
O           -0.27331057417556       -1.33875392002693       -0.16841433527465
O            1.81057790298250       -2.21642804809181       -0.10339308269578
O            2.90940587794562        0.38420444923593        0.36919018727672
O            1.16999699460595        2.51619005145986       -0.43855207062034
O           -1.57906002234662        2.03280846578901        0.14349305252977
O           -3.17660666377233       -1.72628041490256        0.30951944045348
H           -2.42719658865481       -0.99435034184918       -1.39347072816364
H           -3.16797360619618        0.24197347711710       -0.33547598652578
H            1.30916307939513       -3.04285906811593       -0.02683715251659
H            3.48595437144178       -0.37419054999582        0.19250801396032
H            2.10498380277381        2.64908939381704       -0.22295675569655
H           -1.22332485079669        2.90106424819403       -0.10190773055210
H           -3.39846178319360       -1.45569456256170        1.21188514554266
24
 energy: -43.391487353521 gnorm: 0.000104415647 xtb: 6.7.1 (edcfbbe)
C           -2.55310041673462       -0.66386117611216       -0.36067533020715
C           -1.17075836253842       -0.31208421870149        0.20411093461176
H           -1.22166472391817       -0.25138037624599        1.30371644809936
C           -0.69339276061862        1.04942219755646       -0.32186407481680
H           -0.68488332607964        1.02551417162139       -1.42241985005866
C            0.73825263059698        1.31965792521556        0.15986421563706
H            0.73272703822239        1.42827309786457        1.25670933672049
C            1.64859692853203        0.14285388790074       -0.19967659437961
H            1.72053025377668        0.06033038606552       -1.29453746685522
C            1.02951725604159       -1.16181216876135        0.32815986680113
H            0.99927773720915       -1.11534839487580        1.43911103391845
O           -0.27317957938135       -1.33870716211765       -0.16883782152564
O            1.81080076077713       -2.21626292887541       -0.10326908900595
O            2.90936562914796        0.38423733549971        0.36942317940170
O            1.17002075062161        2.51618909030069       -0.43867338750643
O           -1.57909506331533        2.03280097735244        0.14277211022139
O           -3.17644369580546       -1.72638859648090        0.30964576739647
H           -2.42810574908883       -0.99371846708618       -1.39348271948773
H           -3.16825745348112        0.24204063371257       -0.33432799952071
H            1.30886823906424       -3.04281822463072       -0.02786873668770
H            3.48535831623897       -0.37450035846019        0.19407681131606
H            2.10483424926450        2.64937077949204       -0.22251358753088
H           -1.22300804749174        2.90109240742333       -0.10225682908773
H           -3.39723825684095       -1.45630147400791        1.21254935650881
24
 energy: -43.391487875739 gnorm: 0.000280977297 xtb: 6.7.1 (edcfbbe)
C           -2.55338101707295       -0.66360460562867       -0.36014985118466
C           -1.17067892313691       -0.31201478901028        0.20368996303399
H           -1.22095487286564       -0.25126369655046        1.30332026788715
C           -0.69333624918860        1.04941925155027       -0.32259502265265
H           -0.68453693400816        1.02510935856900       -1.42314559527059
C            0.73814273545071        1.31973434960459        0.15950696111098
H            0.73230021103100        1.42838236527390        1.25633160214392
C            1.64861085106584        0.14287817567886       -0.19959524972375
H            1.72108065703264        0.06022690874332       -1.29438582936380
C            1.02939740080299       -1.16178218591884        0.32799674637567
H            0.99856777796233       -1.11535029532094        1.43887906713374
O           -0.27314919206719       -1.33865771889313       -0.16955558828808
O            1.81093180378636       -2.21622027149168       -0.10298167714741
O            2.90923894595473        0.38432494655749        0.36996214140040
O            1.17004306976198        2.51624017718803       -0.43897389129724
O           -1.57912142503426        2.03293296289776        0.14145961702704
O           -3.17594153510167       -1.72682304422661        0.30979568033153
H           -2.42949169628621       -0.99240841485977       -1.39341089489789
H           -3.16863639133249        0.24223966015727       -0.33228957475125
H            1.30811170308694       -3.04259404493565       -0.02975828341847
H            3.48445274861553       -0.37534260961568        0.19686868387110
H            2.10456451101997        2.64993334243360       -0.22188181152926
H           -1.22240485425838        2.90118296120939       -0.10295155231791
H           -3.39478697101955       -1.45794343976250        1.21359966548989
24
 energy: -43.391488253670 gnorm: 0.000247294458 xtb: 6.7.1 (edcfbbe)
C           -2.55365415211800       -0.66329876499048       -0.35955528596375
C           -1.17061905064073       -0.31184809733423        0.20342048260507
H           -1.22025865946391       -0.25097693320320        1.30308140105661
C           -0.69326974502784        1.04940267513022       -0.32332035702714
H           -0.68410916376604        1.02455248140021       -1.42386406288912
C            0.73805386879198        1.31981871623473        0.15918775324019
H            0.73184566089187        1.42855930065246        1.25600474748748
C            1.64866110415975        0.14293083381611       -0.19950350172920
H            1.72174115988655        0.06036848227587       -1.29428306018245
C            1.02920348858778       -1.16171465826616        0.32783913197529
H            0.99790727320146       -1.11531687165104        1.43873189256044
O           -0.27319300298022       -1.33849518114499       -0.17013081576179
O            1.81088355476403       -2.21623048360448       -0.10272867566202
O            2.90905871288043        0.38425227108559        0.37067952447747
O            1.17005063735290        2.51629025847134       -0.43925970675010
O           -1.57916238901911        2.03315842001592        0.13996320342974
O           -3.17522732191287       -1.72740561528948        0.30989219235074
H           -2.43077333787530       -0.99097837255909       -1.39329117865570
H           -3.16914904898383        0.24235023522980       -0.33013579972924
H            1.30706030328736       -3.04217891875701       -0.03199850641589
H            3.48357619784999       -0.37646108544787        0.19967550682432
H            2.10429104537394        2.65049203038374       -0.22129622340347
H           -1.22182751285764        2.90128754735343       -0.10397166812359
H           -3.39206726818353       -1.45995892615210        1.21459858024857
24
 energy: -43.391488468949 gnorm: 0.000110035368 xtb: 6.7.1 (edcfbbe)
C           -2.55386849121370       -0.66311337284313       -0.35900665328697
C           -1.17060980257814       -0.31161317522922        0.20329783283362
H           -1.21985495234805       -0.25056220312018        1.30296996258325
C           -0.69317356707954        1.04943581407699       -0.32383337768882
H           -0.68367680856478        1.02404225886817       -1.42436454016919
C            0.73803336963197        1.31997806645893        0.15902211921862
H            0.73151158321897        1.42883902803795        1.25583293530759
C            1.64871572623851        0.14300507815015       -0.19925939854558
H            1.72230088926946        0.06057592449025       -1.29403447461439
C            1.02895090013420       -1.16168029569146        0.32766127144328
H            0.99754969780015       -1.11529223389795        1.43859131907193
O           -0.27336268039361       -1.33834607459174       -0.17039788721932
O            1.81061030687632       -2.21633775455109       -0.10269996135440
O            2.90888430222120        0.38408841225618        0.37150640345297
O            1.17012056777757        2.51639760968897       -0.43945568619603
O           -1.57912485280301        2.03350844725012        0.13868196510592
O           -3.17451180164289       -1.72810477216557        0.30992940863686
H           -2.43160549654447       -0.98982962384178       -1.39311545237920
H           -3.16965778732690        0.24228574270644       -0.32836035652223
H            1.30588694956851       -3.04181682191312       -0.03406992234966
H            3.48298748298829       -0.37730339698437        0.20168795597730
H            2.10419028364112        2.65090350088219       -0.22097198924981
H           -1.22139799793524        2.90147283142394       -0.10520464831457
H           -3.38987546673692       -1.46193364581138        1.21532874822129
24
 energy: -43.391488581926 gnorm: 0.000053366539 xtb: 6.7.1 (edcfbbe)
C           -2.55398418587375       -0.66293369080735       -0.35863307949635
C           -1.17063678429554       -0.31135707120658        0.20339343585638
H           -1.21967779111920       -0.25010928206645        1.30307579820561
C           -0.69311889072238        1.04947632393220       -0.32415075390001
H           -0.68334306877237        1.02366070320036       -1.42467523430123
C            0.73801300267983        1.32005083017130        0.15898227005725
H            0.73125695680795        1.42908141833549        1.25578269337116
C            1.64876375352933        0.14303576266997       -0.19903724997226
H            1.72278068923700        0.06076685858027       -1.29382339208953
C            1.02875174263529       -1.16165459007227        0.32767648924975
H            0.99744876473124       -1.11545937372909        1.43866576510681
O           -0.27351770368489       -1.33816920453476       -0.17032009212821
O            1.81027655102001       -2.21639733174048       -0.10283012959301
O            2.90869611006972        0.38389594093018        0.37228878154813
O            1.17019969025754        2.51638303636474       -0.43958183821615
O           -1.57909913273057        2.03381302657363        0.13776891076280
O           -3.17382167210490       -1.72868699615159        0.30984384612441
H           -2.43206353089621       -0.98891388139160       -1.39301557876061
H           -3.17012852051397        0.24218256314520       -0.32709206308355
H            1.30484631052316       -3.04150070008849       -0.03575269268808
H            3.48273709212020       -0.37767945617726        0.20277094787691
H            2.10420652879597        2.65099030505238       -0.22090168951987
H           -1.22123652947232        2.90162761461660       -0.10640827005859
H           -3.38832702802214       -1.46350346195709        1.21570869961071
24
 energy: -43.391488656942 gnorm: 0.000078745226 xtb: 6.7.1 (edcfbbe)
C           -2.55409680559452       -0.66281676373067       -0.35830015302197
C           -1.17070082901516       -0.31111234062938        0.20350608425151
H           -1.21966384022574       -0.24963353183462        1.30317541493185
C           -0.69304489550661        1.04953918957433       -0.32432946742922
H           -0.68305139703372        1.02334543098650       -1.42483668319066
C            0.73803365519875        1.32016630953597        0.15897673141799
H            0.73109607956954        1.42937376293355        1.25575441675491
C            1.64879549854708        0.14304611699604       -0.19868632302324
H            1.72316183801347        0.06081113775737       -1.29344616528675
C            1.02858839029544       -1.16169679965566        0.32772431466354
H            0.99754767229504       -1.11567642523394        1.43874109190022
O           -0.27370415665272       -1.33806425427442       -0.17008527655672
O            1.80991891652514       -2.21652685690719       -0.10305286817416
O            2.90854495371638        0.38379448510645        0.37306796487647
O            1.17036621188834        2.51638883369706       -0.43971593511575
O           -1.57903605395253        2.03410658882438        0.13707647381888
O           -3.17330717883934       -1.72927071257015        0.30965164798573
H           -2.43237111501722       -0.98808314736419       -1.39292711070483
H           -3.17055913963421        0.24204887974069       -0.32598490465653
H            1.30386665589126       -3.04132528313183       -0.03720355969568
H            3.48274507195912       -0.37763087568500        0.20331803300506
H            2.10436160766616        2.65097122125542       -0.22097542300170
H           -1.22120150444767        2.90178916034112       -0.10759906254349
H           -3.38726728144726       -1.46494478208254        1.21588633275701
