----------------------------------------------- 
  Element       SASA      Sigma Z        Total  
     Z         Ang**2 cal/Ang**2/mol   kcal/mol 
----------------------------------------------- 
      H        149.680      48.690       7.288
      C         27.693     129.740       3.593
      N          4.883       0.000       0.000

 Subtotal:     182.256                  10.881
 -----------------------------------------------

  Elements    COT*SASA   Sigma Z,Z'     Total   
    Z,Z'       Ang**2  cal/Ang**2/mol kcal/mol  
 ---------------------------------------------- 
  H   C        100.637     -60.770      -6.116
  C   C         19.496     -72.950      -1.422
  C   N          6.326       0.000       0.000
  N   C         67.914     -48.220      -3.275
  N  C(3)        0.000      84.100       0.000

 Subtotal:                             -10.813
 ---------------------------------------------- 

 NONAQUEOUS SOLVENT CONTRIBUTION (kcal/mol):
 (proportional to SASA, atomic number independent)
 ---------------------------------------------- 
 Subtotal:                               0.000
 ---------------------------------------------- 

 CDS TOTAL (kcal/mol):                   0.068
...............................................................................
