19
 energy: -26.301070792393 gnorm: 0.024417178515 xtb: 6.7.1 (edcfbbe)
C           -2.61180772001849       -0.93727809520797       -0.00025222103971
C           -1.15198981484526       -0.58258055076532        0.00000929603180
C           -0.17527377605610       -1.57912895642128        0.00003464230051
C            1.18555338944895       -1.27965020133594        0.00005841257199
C            1.57898636343815        0.05407835217258        0.00006963619298
C            0.62417908268977        1.06899853905484        0.00008087562880
C           -0.73740618804653        0.76527808357371        0.00003954832638
C           -1.75247487037089        1.87154837085599       -0.00011892188207
O            2.90895123338574        0.43142067477105        0.00007648478440
H           -3.12549410652952       -0.52947152847113        0.87840220933984
H           -3.12458975607290       -0.53161144001897       -0.88044626715135
H           -2.74714692871693       -2.02163828581011        0.00096925710811
H           -0.48328218906341       -2.62143323337763        0.00003241619129
H            1.93065178816446       -2.07043069055310        0.00006894435728
H            0.95187617931387        2.10458458034654        0.00011817889081
H           -2.40431290799516        1.81089163968701       -0.87942516097809
H           -2.40562918500747        1.81002286562335        0.87813527921633
H           -1.26791635624809        2.85046978023540        0.00071442023960
H            3.45633961970257       -0.36608649408621        0.00002140268927
19
 energy: -26.302066706245 gnorm: 0.010942483261 xtb: 6.7.1 (edcfbbe)
C           -2.60319564586547       -0.93595397908989       -0.00024774317627
C           -1.14924773965106       -0.57804789955305       -0.00001851102977
C           -0.17985985381299       -1.57102763731379        0.00002608005938
C            1.17265626979602       -1.27154794452484        0.00006778802807
C            1.56989198753803        0.05682461993938        0.00008391490456
C            0.61361161175201        1.06489007355980        0.00007929422946
C           -0.74033515999257        0.76306717816903        0.00001417179752
C           -1.75164394878608        1.86671765372873       -0.00012968555672
O            2.89331088150107        0.42839652562310        0.00009247130891
H           -3.10375216205977       -0.52646303525768        0.87873036374721
H           -3.10288307792408       -0.52847394234757       -0.88067098359292
H           -2.73407391327280       -2.01637889034479        0.00090585413145
H           -0.48560532087296       -2.60909452901854        0.00001446127325
H            1.90993943827197       -2.06274997073517        0.00007538501393
H            0.94425012338355        2.09364669682560        0.00010486152556
H           -2.39328984332281        1.80072389364302       -0.88013440647243
H           -2.39452859858316        1.79992053315470        0.87890014245786
H           -1.26363682223954        2.83885962229143        0.00065298090120
H            3.44760563131337       -0.36532555847668        0.00004199326793
19
 energy: -26.302168132517 gnorm: 0.003977725452 xtb: 6.7.1 (edcfbbe)
C           -2.60221160238354       -0.93457388461987       -0.00024819638013
C           -1.14811676564857       -0.57691208500256       -0.00002412193510
C           -0.18099278182246       -1.56946700300274        0.00001975202761
C            1.16927429093718       -1.26895816680435        0.00006698014665
C            1.56972814043269        0.05818038877128        0.00008547852844
C            0.61060325210803        1.06311902942954        0.00007308361500
C           -0.74112842064345        0.76192384273648        0.00000584156539
C           -1.75272935513620        1.86507133201229       -0.00014190111400
O            2.88799486149510        0.42712105017570        0.00011310230941
H           -3.09810927862898       -0.52461625070057        0.87846535034777
H           -3.09729489137542       -0.52645348564660       -0.88028931146416
H           -2.73129330555566       -2.01337028702400        0.00080694006461
H           -0.48598664763311       -2.60602177531139        0.00000421255238
H            1.90297314627922       -2.06156321198698        0.00008473080953
H            0.94406277676803        2.08944000208429        0.00009833632857
H           -2.39084640724769        1.79676318084189       -0.87983065174258
H           -2.39197539576415        1.79605631569148        0.87866488608296
H           -1.26346313133231        2.83481787585560        0.00056049844145
H            3.44872537232404       -0.36257345722668        0.00007342263439
19
 energy: -26.302180661806 gnorm: 0.001377691401 xtb: 6.7.1 (edcfbbe)
C           -2.60323836932435       -0.93425213859405       -0.00024942097474
C           -1.14818636576688       -0.57709311967169       -0.00003289923998
C           -0.18116223891405       -1.56997300968785        0.00001513807051
C            1.16909926468553       -1.26876894796480        0.00007190892518
C            1.57113084394622        0.05843070550411        0.00009303210521
C            0.61048992137102        1.06268469692654        0.00006911983295
C           -0.74114377860590        0.76158684764323       -0.00000445588791
C           -1.75329978068514        1.86503050547316       -0.00015157946302
O            2.88713234448613        0.42703502983252        0.00012935646562
H           -3.09824869683390       -0.52403594869721        0.87855754691499
H           -3.09748926342152       -0.52571578063997       -0.88027795899177
H           -2.73217794218467       -2.01293212715091        0.00071447069902
H           -0.48595472160096       -2.60646903463357       -0.00000228527000
H            1.90199960864990       -2.06231351639096        0.00009246848562
H            0.94536411799304        2.08879080737478        0.00009222181035
H           -2.39098223147594        1.79609428814157       -0.87981817674283
H           -2.39201026091827        1.79547296310579        0.87871443079651
H           -1.26369280163963        2.83452933147172        0.00047646806372
H            3.45158420741211       -0.36011814176961        0.00009904721875
19
 energy: -26.302183274735 gnorm: 0.000836063283 xtb: 6.7.1 (edcfbbe)
C           -2.60453960500528       -0.93418808452384       -0.00025262455024
C           -1.14860149016187       -0.57759064195451       -0.00004975268163
C           -0.18132062284784       -1.57077911983107        0.00000803442105
C            1.16923390904748       -1.26910093070073        0.00007841121599
C            1.57263711397312        0.05818456617989        0.00010116864198
C            0.61078495385840        1.06223656043959        0.00006011308615
C           -0.74097873056907        0.76127184969716       -0.00002397715564
C           -1.75343851534671        1.86523499335498       -0.00016886223896
O            2.88679689596893        0.42734522982084        0.00015881969717
H           -3.09950900285094       -0.52387514769314        0.87876026728277
H           -3.09885420041144       -0.52526773338891       -0.88029280685720
H           -2.73389431412307       -2.01303576849825        0.00054434804562
H           -0.48586396283050       -2.60752631293415       -0.00001063045275
H            1.90188893776955       -2.06348833412270        0.00010999307868
H            0.94680231750731        2.08849900549205        0.00008254021375
H           -2.39143027489922        1.79621272950801       -0.87984089977227
H           -2.39227085587884        1.79574325879234        0.87885155500814
H           -1.26368730482486        2.83488346449790        0.00032424764656
H            3.45545860879762       -0.35677617386266        0.00014848818901
19
 energy: -26.302183812123 gnorm: 0.000096767228 xtb: 6.7.1 (edcfbbe)
C           -2.60421808267960       -0.93426583490240       -0.00025370049292
C           -1.14863349899123       -0.57756420040563       -0.00005601761295
C           -0.18138125251305       -1.57060839213363        0.00000636240634
C            1.16916135723767       -1.26920374496371        0.00008110314092
C            1.57216864084634        0.05798422209049        0.00010399144764
C            0.61072207607058        1.06222670056409        0.00005777084166
C           -0.74100597365298        0.76129812287934       -0.00003075792706
C           -1.75317690411260        1.86520040998594       -0.00017302593346
O            2.88683191239149        0.42746278009859        0.00016510718383
H           -3.09938970120360       -0.52408160681745        0.87875971376140
H           -3.09876206462106       -0.52540257950305       -0.88024522944154
H           -2.73364026196531       -2.01311835146843        0.00050157873480
H           -0.48592694231115       -2.60736781353123       -0.00001122253361
H            1.90198749564718       -2.06332520577135        0.00011574461892
H            0.94635994785330        2.08849016654544        0.00007975849479
H           -2.39132015711018        1.79639964647658       -0.87981399499951
H           -2.39211421730317        1.79596444887101        0.87885314783926
H           -1.26344203453890        2.83484907430365        0.00028814520929
H            3.45499351812902       -0.35695443204545        0.00015995808040
19
 energy: -26.302183835258 gnorm: 0.000033332193 xtb: 6.7.1 (edcfbbe)
C           -2.60419748406156       -0.93426249839322       -0.00025576625830
C           -1.14866674170475       -0.57758637489948       -0.00006527658341
C           -0.18143339838686       -1.57059611575470        0.00000342939304
C            1.16912126431090       -1.26925737910032        0.00008508112850
C            1.57210519548375        0.05789237948034        0.00010759924512
C            0.61067846903569        1.06215161298729        0.00005262286709
C           -0.74102528802208        0.76127559611055       -0.00004147517009
C           -1.75312675207149        1.86518619397695       -0.00018163622040
O            2.88671346829714        0.42753948678515        0.00017857050511
H           -3.09933733510516       -0.52414981718660        0.87879465548685
H           -3.09876300071815       -0.52532432296011       -0.88018504863095
H           -2.73364231990560       -2.01309833150413        0.00041443211534
H           -0.48595947130401       -2.60735222578474       -0.00001393294461
H            1.90191173578194       -2.06337376313534        0.00012680134635
H            0.94632167781722        2.08837817449097        0.00007418272281
H           -2.39130954396257        1.79639372838280       -0.87977544087594
H           -2.39200976254524        1.79603141501958        0.87887189138123
H           -1.26333299172983        2.83479018106436        0.00021357451182
H            3.45516613596341       -0.35665452930655        0.00018416879863
