----------------------------------------------- 
  Element       SASA      Sigma Z        Total  
     Z         Ang**2 cal/Ang**2/mol   kcal/mol 
----------------------------------------------- 
      H        127.745      48.690       6.220
      C         25.794     129.740       3.347
      N          5.011       0.000       0.000
      O         14.183       0.000       0.000

 Subtotal:     172.732                   9.566
 -----------------------------------------------

  Elements    COT*SASA   Sigma Z,Z'     Total   
    Z,Z'       Ang**2  cal/Ang**2/mol kcal/mol  
 ---------------------------------------------- 
  H   C         85.846     -60.770      -5.217
  H   O          0.000       0.000       0.000
  C   C         10.513     -72.950      -0.767
  O   C          0.040      68.690       0.003
  C   N          6.506       0.000       0.000
  N   C         69.672     -48.220      -3.360
  N  C(3)        0.000      84.100       0.000
  O   N          0.000     121.980       0.000

 Subtotal:                              -9.341
 ---------------------------------------------- 

 NONAQUEOUS SOLVENT CONTRIBUTION (kcal/mol):
 (proportional to SASA, atomic number independent)
 ---------------------------------------------- 
 Subtotal:                               0.000
 ---------------------------------------------- 

 CDS TOTAL (kcal/mol):                   0.226
...............................................................................
