----------------------------------------------- 
  Element       SASA      Sigma Z        Total  
     Z         Ang**2 cal/Ang**2/mol   kcal/mol 
----------------------------------------------- 
      C         73.676     129.740       9.559
      O         15.217       0.000       0.000
      Cl       275.081       9.820       2.701

 Subtotal:     363.973                  12.260
 -----------------------------------------------

  Elements    COT*SASA   Sigma Z,Z'     Total   
    Z,Z'       Ang**2  cal/Ang**2/mol kcal/mol  
 ---------------------------------------------- 
  C   C         98.572     -72.950      -7.191
  O   C          6.261      68.690       0.430
  O   O          0.000       0.000       0.000

 Subtotal:                              -6.761
 ---------------------------------------------- 

 NONAQUEOUS SOLVENT CONTRIBUTION (kcal/mol):
 (proportional to SASA, atomic number independent)
 ---------------------------------------------- 
 Subtotal:                               0.000
 ---------------------------------------------- 

 CDS TOTAL (kcal/mol):                   5.499
...............................................................................
