----------------------------------------------- 
  Element       SASA      Sigma Z        Total  
     Z         Ang**2 cal/Ang**2/mol   kcal/mol 
----------------------------------------------- 
      H         57.254      48.690       2.788
      C         54.891     129.740       7.122
      N          4.222       0.000       0.000
      O         67.554       0.000       0.000

 Subtotal:     183.920                   9.909
 -----------------------------------------------

  Elements    COT*SASA   Sigma Z,Z'     Total   
    Z,Z'       Ang**2  cal/Ang**2/mol kcal/mol  
 ---------------------------------------------- 
  H   C         30.491     -60.770      -1.853
  H   O          8.647       0.000       0.000
  C   C         73.528     -72.950      -5.364
  O   C          3.778      68.690       0.259
  O   O          0.000       0.000       0.000
  C   N          2.744       0.000       0.000
  N   C          5.070     -48.220      -0.244
  N  C(3)        0.000      84.100       0.000
  O   N         29.014     121.980       3.539

 Subtotal:                              -3.663
 ---------------------------------------------- 

 NONAQUEOUS SOLVENT CONTRIBUTION (kcal/mol):
 (proportional to SASA, atomic number independent)
 ---------------------------------------------- 
 Subtotal:                               0.000
 ---------------------------------------------- 

 CDS TOTAL (kcal/mol):                   6.246
...............................................................................
