2025-04-04 18:28:26,124 -     censo.parallel     -  DEBUG   - Free cores decreased 4 -> 3.
2025-04-04 18:28:26,128 -   censo.qm_processor   -  DEBUG   - worker395071:Running on 1 cores.
2025-04-04 18:28:26,128 -     censo.parallel     -  DEBUG   - Free cores decreased 3 -> 2.
2025-04-04 18:28:26,129 -     censo.parallel     -  DEBUG   - Free cores decreased 2 -> 1.
2025-04-04 18:28:26,129 -   censo.qm_processor   -  DEBUG   - worker395074:Running on 1 cores.
2025-04-04 18:28:26,129 -     censo.parallel     -  DEBUG   - Free cores decreased 1 -> 0.
2025-04-04 18:28:26,129 -   censo.qm_processor   -  DEBUG   - worker395072:Running on 1 cores.
2025-04-04 18:28:26,130 -   censo.qm_processor   -  DEBUG   - worker395077:Running on 1 cores.
2025-04-04 18:28:26,162 -   censo.qm_processor   -   INFO   - worker395071:Running xtb_gsolv calculation in /srv/scratch/z5358697/.automated/4250/0_PRESCREENING/CONF1/xtb_gsolv.
2025-04-04 18:28:26,166 -   censo.qm_processor   -   INFO   - worker395074:Running xtb_gsolv calculation in /srv/scratch/z5358697/.automated/4250/0_PRESCREENING/CONF2/xtb_gsolv.
2025-04-04 18:28:26,178 -   censo.qm_processor   -  DEBUG   - worker395071:Running ['/srv/scratch/z5358697/.xtb/bin/xtb', 'gas.coord', '--gfn2', '--sp', '--chrg', '0', '--norestart', '--parallel', '1']...
2025-04-04 18:28:26,182 -   censo.qm_processor   -  DEBUG   - worker395074:Running ['/srv/scratch/z5358697/.xtb/bin/xtb', 'gas.coord', '--gfn2', '--sp', '--chrg', '0', '--norestart', '--parallel', '1']...
2025-04-04 18:28:26,186 -   censo.qm_processor   -   INFO   - worker395072:Running xtb_gsolv calculation in /srv/scratch/z5358697/.automated/4250/0_PRESCREENING/CONF3/xtb_gsolv.
2025-04-04 18:28:26,202 -   censo.qm_processor   -   INFO   - worker395077:Running xtb_gsolv calculation in /srv/scratch/z5358697/.automated/4250/0_PRESCREENING/CONF4/xtb_gsolv.
2025-04-04 18:28:26,217 -   censo.qm_processor   -  DEBUG   - worker395077:Running ['/srv/scratch/z5358697/.xtb/bin/xtb', 'gas.coord', '--gfn2', '--sp', '--chrg', '0', '--norestart', '--parallel', '1']...
2025-04-04 18:28:26,227 -   censo.qm_processor   -  DEBUG   - worker395072:Running ['/srv/scratch/z5358697/.xtb/bin/xtb', 'gas.coord', '--gfn2', '--sp', '--chrg', '0', '--norestart', '--parallel', '1']...
2025-04-04 18:28:26,264 -   censo.qm_processor   -  DEBUG   - worker395071:Started (PID: 395085).
2025-04-04 18:28:26,264 -   censo.qm_processor   -  DEBUG   - worker395072:Started (PID: 395088).
2025-04-04 18:28:26,264 -   censo.qm_processor   -  DEBUG   - worker395077:Started (PID: 395087).
2025-04-04 18:28:26,296 -   censo.qm_processor   -  DEBUG   - worker395074:Started (PID: 395086).
2025-04-04 18:28:26,579 -   censo.qm_processor   -  DEBUG   - worker395077:Done.
2025-04-04 18:28:26,579 -   censo.qm_processor   -  DEBUG   - worker395071:Done.
2025-04-04 18:28:26,581 -   censo.qm_processor   -  DEBUG   - worker395074:Done.
2025-04-04 18:28:26,581 -   censo.qm_processor   -  DEBUG   - worker395072:Done.
2025-04-04 18:28:26,603 -   censo.qm_processor   -  DEBUG   - worker395077:Running ['/srv/scratch/z5358697/.xtb/bin/xtb', 'solv.coord', '--gfn2', '--sp', '--chrg', '0', '--norestart', '--parallel', '1', '--alpb', 'water', 'reference', '-I', 'xtb_sp-xcontrol-inp']...
2025-04-04 18:28:26,603 -   censo.qm_processor   -  DEBUG   - worker395071:Running ['/srv/scratch/z5358697/.xtb/bin/xtb', 'solv.coord', '--gfn2', '--sp', '--chrg', '0', '--norestart', '--parallel', '1', '--alpb', 'water', 'reference', '-I', 'xtb_sp-xcontrol-inp']...
2025-04-04 18:28:26,604 -   censo.qm_processor   -  DEBUG   - worker395072:Running ['/srv/scratch/z5358697/.xtb/bin/xtb', 'solv.coord', '--gfn2', '--sp', '--chrg', '0', '--norestart', '--parallel', '1', '--alpb', 'water', 'reference', '-I', 'xtb_sp-xcontrol-inp']...
2025-04-04 18:28:26,604 -   censo.qm_processor   -  DEBUG   - worker395074:Running ['/srv/scratch/z5358697/.xtb/bin/xtb', 'solv.coord', '--gfn2', '--sp', '--chrg', '0', '--norestart', '--parallel', '1', '--alpb', 'water', 'reference', '-I', 'xtb_sp-xcontrol-inp']...
2025-04-04 18:28:26,613 -   censo.qm_processor   -  DEBUG   - worker395071:Started (PID: 395102).
2025-04-04 18:28:26,613 -   censo.qm_processor   -  DEBUG   - worker395072:Started (PID: 395103).
2025-04-04 18:28:26,613 -   censo.qm_processor   -  DEBUG   - worker395074:Started (PID: 395104).
2025-04-04 18:28:26,613 -   censo.qm_processor   -  DEBUG   - worker395077:Started (PID: 395101).
2025-04-04 18:28:26,656 -   censo.qm_processor   -  DEBUG   - worker395071:Done.
2025-04-04 18:28:26,658 -     censo.parallel     -  DEBUG   - Free cores increased 0 -> 1.
2025-04-04 18:28:26,669 -   censo.qm_processor   -  DEBUG   - worker395074:Done.
2025-04-04 18:28:26,669 -   censo.qm_processor   -  DEBUG   - worker395072:Done.
2025-04-04 18:28:26,670 -   censo.qm_processor   -  DEBUG   - worker395077:Done.
2025-04-04 18:28:26,671 -     censo.parallel     -  DEBUG   - Free cores increased 1 -> 2.
2025-04-04 18:28:26,671 -     censo.parallel     -  DEBUG   - Free cores increased 2 -> 3.
2025-04-04 18:28:26,671 -     censo.parallel     -  DEBUG   - Free cores increased 3 -> 4.
2025-04-04 18:28:26,678 -     censo.parallel     -  DEBUG   - Checking for failed jobs...
2025-04-04 18:28:26,678 -     censo.parallel     -   INFO   - All jobs executed successfully.
2025-04-04 18:28:26,683 -     censo.parallel     -  DEBUG   - Free cores decreased 4 -> 3.
2025-04-04 18:28:26,687 -     censo.parallel     -  DEBUG   - Free cores decreased 3 -> 2.
2025-04-04 18:28:26,687 -   censo.qm_processor   -  DEBUG   - worker395124:Running on 1 cores.
2025-04-04 18:28:26,688 -     censo.parallel     -  DEBUG   - Free cores decreased 2 -> 1.
2025-04-04 18:28:26,688 -   censo.qm_processor   -  DEBUG   - worker395125:Running on 1 cores.
2025-04-04 18:28:26,689 -     censo.parallel     -  DEBUG   - Free cores decreased 1 -> 0.
2025-04-04 18:28:26,689 -   censo.qm_processor   -  DEBUG   - worker395127:Running on 1 cores.
2025-04-04 18:28:26,689 -   censo.qm_processor   -  DEBUG   - worker395128:Running on 1 cores.
2025-04-04 18:28:26,692 -   censo.qm_processor   -   INFO   - worker395124:Running sp calculation in /srv/scratch/z5358697/.automated/4250/0_PRESCREENING/CONF1/sp.
2025-04-04 18:28:26,696 -   censo.qm_processor   -   INFO   - worker395125:Running sp calculation in /srv/scratch/z5358697/.automated/4250/0_PRESCREENING/CONF2/sp.
2025-04-04 18:28:26,699 -   censo.qm_processor   -   INFO   - worker395127:Running sp calculation in /srv/scratch/z5358697/.automated/4250/0_PRESCREENING/CONF3/sp.
2025-04-04 18:28:26,701 -   censo.qm_processor   -   INFO   - worker395128:Running sp calculation in /srv/scratch/z5358697/.automated/4250/0_PRESCREENING/CONF4/sp.
2025-04-04 18:28:26,709 -   censo.qm_processor   -  DEBUG   - worker395124:Running ['/apps/z_install_tree/linux-rocky8-ivybridge/gcc-12.2.0/orca-6.0.0-srtngmq3qlimg2qxbl6avaaiffipurdx/bin/orca', 'sp.inp']...
2025-04-04 18:28:26,710 -   censo.qm_processor   -  DEBUG   - worker395125:Running ['/apps/z_install_tree/linux-rocky8-ivybridge/gcc-12.2.0/orca-6.0.0-srtngmq3qlimg2qxbl6avaaiffipurdx/bin/orca', 'sp.inp']...
2025-04-04 18:28:26,713 -   censo.qm_processor   -  DEBUG   - worker395127:Running ['/apps/z_install_tree/linux-rocky8-ivybridge/gcc-12.2.0/orca-6.0.0-srtngmq3qlimg2qxbl6avaaiffipurdx/bin/orca', 'sp.inp']...
2025-04-04 18:28:26,715 -   censo.qm_processor   -  DEBUG   - worker395128:Running ['/apps/z_install_tree/linux-rocky8-ivybridge/gcc-12.2.0/orca-6.0.0-srtngmq3qlimg2qxbl6avaaiffipurdx/bin/orca', 'sp.inp']...
2025-04-04 18:28:26,724 -   censo.qm_processor   -  DEBUG   - worker395124:Started (PID: 395138).
2025-04-04 18:28:26,725 -   censo.qm_processor   -  DEBUG   - worker395128:Started (PID: 395141).
2025-04-04 18:28:26,725 -   censo.qm_processor   -  DEBUG   - worker395127:Started (PID: 395140).
2025-04-04 18:28:26,725 -   censo.qm_processor   -  DEBUG   - worker395125:Started (PID: 395139).
2025-04-04 18:28:32,435 -   censo.qm_processor   -  DEBUG   - worker395128:Done.
2025-04-04 18:28:32,441 -     censo.parallel     -  DEBUG   - Free cores increased 0 -> 1.
2025-04-04 18:28:32,462 -   censo.qm_processor   -  DEBUG   - worker395125:Done.
2025-04-04 18:28:32,467 -     censo.parallel     -  DEBUG   - Free cores increased 1 -> 2.
2025-04-04 18:28:32,511 -   censo.qm_processor   -  DEBUG   - worker395124:Done.
2025-04-04 18:28:32,514 -   censo.qm_processor   -  DEBUG   - worker395127:Done.
2025-04-04 18:28:32,516 -     censo.parallel     -  DEBUG   - Free cores increased 2 -> 3.
2025-04-04 18:28:32,518 -     censo.parallel     -  DEBUG   - Free cores increased 3 -> 4.
2025-04-04 18:28:32,526 -     censo.parallel     -  DEBUG   - Checking for failed jobs...
2025-04-04 18:28:32,526 -     censo.parallel     -   INFO   - All jobs executed successfully.
2025-04-04 18:28:32,527 -censo.ensembleopt.prescreening-  DEBUG   - Writing to /srv/scratch/z5358697/.automated/4250/0_PRESCREENING.out.
2025-04-04 18:28:32,591 -     censo.parallel     -  DEBUG   - Free cores decreased 4 -> 3.
2025-04-04 18:28:32,596 -     censo.parallel     -  DEBUG   - Free cores decreased 3 -> 2.
2025-04-04 18:28:32,596 -   censo.qm_processor   -  DEBUG   - worker395192:Running on 1 cores.
2025-04-04 18:28:32,596 -     censo.parallel     -  DEBUG   - Free cores decreased 2 -> 1.
2025-04-04 18:28:32,596 -   censo.qm_processor   -  DEBUG   - worker395193:Running on 1 cores.
2025-04-04 18:28:32,597 -     censo.parallel     -  DEBUG   - Free cores decreased 1 -> 0.
2025-04-04 18:28:32,597 -   censo.qm_processor   -  DEBUG   - worker395195:Running on 1 cores.
2025-04-04 18:28:32,598 -   censo.qm_processor   -  DEBUG   - worker395198:Running on 1 cores.
2025-04-04 18:28:32,622 -   censo.qm_processor   -   INFO   - worker395192:Running gsolv calculation in /srv/scratch/z5358697/.automated/4250/1_SCREENING/CONF3/gsolv.
2025-04-04 18:28:32,635 -  censo.orca_processor  -  DEBUG   - worker395192:Copying .gbw file from /srv/scratch/z5358697/.automated/4250/0_PRESCREENING/CONF3/sp/sp.gbw.
2025-04-04 18:28:32,638 -   censo.qm_processor   -   INFO   - worker395193:Running gsolv calculation in /srv/scratch/z5358697/.automated/4250/1_SCREENING/CONF1/gsolv.
2025-04-04 18:28:32,654 -   censo.qm_processor   -   INFO   - worker395195:Running gsolv calculation in /srv/scratch/z5358697/.automated/4250/1_SCREENING/CONF4/gsolv.
2025-04-04 18:28:32,657 -  censo.orca_processor  -  DEBUG   - worker395193:Copying .gbw file from /srv/scratch/z5358697/.automated/4250/0_PRESCREENING/CONF1/sp/sp.gbw.
2025-04-04 18:28:32,661 -   censo.qm_processor   -  DEBUG   - worker395192:Running ['/apps/z_install_tree/linux-rocky8-ivybridge/gcc-12.2.0/orca-6.0.0-srtngmq3qlimg2qxbl6avaaiffipurdx/bin/orca', 'sp_gas.inp']...
2025-04-04 18:28:32,665 -  censo.orca_processor  -  DEBUG   - worker395195:Copying .gbw file from /srv/scratch/z5358697/.automated/4250/0_PRESCREENING/CONF4/sp/sp.gbw.
2025-04-04 18:28:32,669 -   censo.qm_processor   -  DEBUG   - worker395192:Started (PID: 395206).
2025-04-04 18:28:32,682 -   censo.qm_processor   -   INFO   - worker395198:Running gsolv calculation in /srv/scratch/z5358697/.automated/4250/1_SCREENING/CONF2/gsolv.
2025-04-04 18:28:32,684 -   censo.qm_processor   -  DEBUG   - worker395193:Running ['/apps/z_install_tree/linux-rocky8-ivybridge/gcc-12.2.0/orca-6.0.0-srtngmq3qlimg2qxbl6avaaiffipurdx/bin/orca', 'sp_gas.inp']...
2025-04-04 18:28:32,690 -   censo.qm_processor   -  DEBUG   - worker395193:Started (PID: 395207).
2025-04-04 18:28:32,693 -   censo.qm_processor   -  DEBUG   - worker395195:Running ['/apps/z_install_tree/linux-rocky8-ivybridge/gcc-12.2.0/orca-6.0.0-srtngmq3qlimg2qxbl6avaaiffipurdx/bin/orca', 'sp_gas.inp']...
2025-04-04 18:28:32,696 -   censo.qm_processor   -  DEBUG   - worker395195:Started (PID: 395208).
2025-04-04 18:28:32,701 -  censo.orca_processor  -  DEBUG   - worker395198:Copying .gbw file from /srv/scratch/z5358697/.automated/4250/0_PRESCREENING/CONF2/sp/sp.gbw.
2025-04-04 18:28:32,739 -   censo.qm_processor   -  DEBUG   - worker395198:Running ['/apps/z_install_tree/linux-rocky8-ivybridge/gcc-12.2.0/orca-6.0.0-srtngmq3qlimg2qxbl6avaaiffipurdx/bin/orca', 'sp_gas.inp']...
2025-04-04 18:28:32,743 -   censo.qm_processor   -  DEBUG   - worker395198:Started (PID: 395210).
2025-04-04 18:28:47,963 -   censo.qm_processor   -  DEBUG   - worker395195:Done.
2025-04-04 18:28:48,011 -  censo.orca_processor  -  DEBUG   - worker395195:Copying .gbw file from /srv/scratch/z5358697/.automated/4250/0_PRESCREENING/CONF4/sp/sp.gbw.
2025-04-04 18:28:48,038 -   censo.qm_processor   -  DEBUG   - worker395195:Running ['/apps/z_install_tree/linux-rocky8-ivybridge/gcc-12.2.0/orca-6.0.0-srtngmq3qlimg2qxbl6avaaiffipurdx/bin/orca', 'sp_solv.inp']...
2025-04-04 18:28:48,047 -   censo.qm_processor   -  DEBUG   - worker395195:Started (PID: 395271).
2025-04-04 18:28:48,065 -   censo.qm_processor   -  DEBUG   - worker395193:Done.
2025-04-04 18:28:48,065 -   censo.qm_processor   -  DEBUG   - worker395198:Done.
2025-04-04 18:28:48,067 -   censo.qm_processor   -  DEBUG   - worker395192:Done.
2025-04-04 18:28:48,083 -  censo.orca_processor  -  DEBUG   - worker395198:Copying .gbw file from /srv/scratch/z5358697/.automated/4250/0_PRESCREENING/CONF2/sp/sp.gbw.
2025-04-04 18:28:48,084 -  censo.orca_processor  -  DEBUG   - worker395192:Copying .gbw file from /srv/scratch/z5358697/.automated/4250/0_PRESCREENING/CONF3/sp/sp.gbw.
2025-04-04 18:28:48,085 -  censo.orca_processor  -  DEBUG   - worker395193:Copying .gbw file from /srv/scratch/z5358697/.automated/4250/0_PRESCREENING/CONF1/sp/sp.gbw.
2025-04-04 18:28:48,110 -   censo.qm_processor   -  DEBUG   - worker395198:Running ['/apps/z_install_tree/linux-rocky8-ivybridge/gcc-12.2.0/orca-6.0.0-srtngmq3qlimg2qxbl6avaaiffipurdx/bin/orca', 'sp_solv.inp']...
2025-04-04 18:28:48,112 -   censo.qm_processor   -  DEBUG   - worker395193:Running ['/apps/z_install_tree/linux-rocky8-ivybridge/gcc-12.2.0/orca-6.0.0-srtngmq3qlimg2qxbl6avaaiffipurdx/bin/orca', 'sp_solv.inp']...
2025-04-04 18:28:48,116 -   censo.qm_processor   -  DEBUG   - worker395193:Started (PID: 395273).
2025-04-04 18:28:48,116 -   censo.qm_processor   -  DEBUG   - worker395198:Started (PID: 395272).
2025-04-04 18:28:48,118 -   censo.qm_processor   -  DEBUG   - worker395192:Running ['/apps/z_install_tree/linux-rocky8-ivybridge/gcc-12.2.0/orca-6.0.0-srtngmq3qlimg2qxbl6avaaiffipurdx/bin/orca', 'sp_solv.inp']...
2025-04-04 18:28:48,121 -   censo.qm_processor   -  DEBUG   - worker395192:Started (PID: 395274).
2025-04-04 18:29:06,698 -   censo.qm_processor   -  DEBUG   - worker395195:Done.
2025-04-04 18:29:06,703 -     censo.parallel     -  DEBUG   - Free cores increased 0 -> 1.
2025-04-04 18:29:06,928 -   censo.qm_processor   -  DEBUG   - worker395192:Done.
2025-04-04 18:29:06,933 -     censo.parallel     -  DEBUG   - Free cores increased 1 -> 2.
2025-04-04 18:29:06,984 -   censo.qm_processor   -  DEBUG   - worker395198:Done.
2025-04-04 18:29:06,988 -     censo.parallel     -  DEBUG   - Free cores increased 2 -> 3.
2025-04-04 18:29:07,005 -   censo.qm_processor   -  DEBUG   - worker395193:Done.
2025-04-04 18:29:07,009 -     censo.parallel     -  DEBUG   - Free cores increased 3 -> 4.
2025-04-04 18:29:07,015 -     censo.parallel     -  DEBUG   - Checking for failed jobs...
2025-04-04 18:29:07,015 -     censo.parallel     -   INFO   - All jobs executed successfully.
2025-04-04 18:29:07,059 -     censo.parallel     -  DEBUG   - Free cores decreased 4 -> 3.
2025-04-04 18:29:07,064 -   censo.qm_processor   -  DEBUG   - worker395327:Running on 1 cores.
2025-04-04 18:29:07,064 -     censo.parallel     -  DEBUG   - Free cores decreased 3 -> 2.
2025-04-04 18:29:07,065 -   censo.qm_processor   -  DEBUG   - worker395328:Running on 1 cores.
2025-04-04 18:29:07,065 -     censo.parallel     -  DEBUG   - Free cores decreased 2 -> 1.
2025-04-04 18:29:07,066 -     censo.parallel     -  DEBUG   - Free cores decreased 1 -> 0.
2025-04-04 18:29:07,066 -   censo.qm_processor   -  DEBUG   - worker395330:Running on 1 cores.
2025-04-04 18:29:07,066 -   censo.qm_processor   -  DEBUG   - worker395332:Running on 1 cores.
2025-04-04 18:29:07,085 -   censo.qm_processor   -   INFO   - worker395327:Running xtb_opt calculation in /srv/scratch/z5358697/.automated/4250/2_OPTIMIZATION/CONF1/xtb_opt.
2025-04-04 18:29:07,094 -   censo.qm_processor   -   INFO   - worker395330:Running xtb_opt calculation in /srv/scratch/z5358697/.automated/4250/2_OPTIMIZATION/CONF2/xtb_opt.
2025-04-04 18:29:07,102 -   censo.qm_processor   -   INFO   - worker395328:Running xtb_opt calculation in /srv/scratch/z5358697/.automated/4250/2_OPTIMIZATION/CONF3/xtb_opt.
2025-04-04 18:29:07,107 -   censo.qm_processor   -   INFO   - worker395332:Running xtb_opt calculation in /srv/scratch/z5358697/.automated/4250/2_OPTIMIZATION/CONF4/xtb_opt.
2025-04-04 18:29:07,119 -  censo.orca_processor  -  DEBUG   - worker395327:Copying .gbw file from /srv/scratch/z5358697/.automated/4250/1_SCREENING/CONF1/gsolv/sp_solv.gbw.
2025-04-04 18:29:07,125 -  censo.orca_processor  -  DEBUG   - worker395330:Copying .gbw file from /srv/scratch/z5358697/.automated/4250/1_SCREENING/CONF2/gsolv/sp_solv.gbw.
2025-04-04 18:29:07,134 -  censo.orca_processor  -  DEBUG   - worker395328:Copying .gbw file from /srv/scratch/z5358697/.automated/4250/1_SCREENING/CONF3/gsolv/sp_solv.gbw.
2025-04-04 18:29:07,139 -  censo.orca_processor  -  DEBUG   - worker395332:Copying .gbw file from /srv/scratch/z5358697/.automated/4250/1_SCREENING/CONF4/gsolv/sp_solv.gbw.
2025-04-04 18:29:07,146 -   censo.qm_processor   -  DEBUG   - worker395327:Running ['/srv/scratch/z5358697/.xtb/bin/xtb', 'xtb_opt.coord', '--opt', 'normal', '--orca', '-I', 'xtb_opt-xcontrol-inp']...
2025-04-04 18:29:07,152 -   censo.qm_processor   -  DEBUG   - worker395330:Running ['/srv/scratch/z5358697/.xtb/bin/xtb', 'xtb_opt.coord', '--opt', 'normal', '--orca', '-I', 'xtb_opt-xcontrol-inp']...
2025-04-04 18:29:07,159 -   censo.qm_processor   -  DEBUG   - worker395328:Running ['/srv/scratch/z5358697/.xtb/bin/xtb', 'xtb_opt.coord', '--opt', 'normal', '--orca', '-I', 'xtb_opt-xcontrol-inp']...
2025-04-04 18:29:07,164 -   censo.qm_processor   -  DEBUG   - worker395332:Running ['/srv/scratch/z5358697/.xtb/bin/xtb', 'xtb_opt.coord', '--opt', 'normal', '--orca', '-I', 'xtb_opt-xcontrol-inp']...
2025-04-04 18:29:07,182 -   censo.qm_processor   -  DEBUG   - worker395330:Started (PID: 395342).
2025-04-04 18:29:07,182 -   censo.qm_processor   -  DEBUG   - worker395328:Started (PID: 395343).
2025-04-04 18:29:07,182 -   censo.qm_processor   -  DEBUG   - worker395327:Started (PID: 395341).
2025-04-04 18:29:07,183 -   censo.qm_processor   -  DEBUG   - worker395332:Started (PID: 395344).
2025-04-04 18:31:05,336 -   censo.qm_processor   -  DEBUG   - worker395328:Done.
2025-04-04 18:31:05,350 -     censo.parallel     -  DEBUG   - Free cores increased 0 -> 1.
2025-04-04 18:31:42,903 -   censo.qm_processor   -  DEBUG   - worker395332:Done.
2025-04-04 18:31:42,915 -     censo.parallel     -  DEBUG   - Free cores increased 1 -> 2.
2025-04-04 18:31:51,280 -   censo.qm_processor   -  DEBUG   - worker395327:Done.
2025-04-04 18:31:51,293 -     censo.parallel     -  DEBUG   - Free cores increased 2 -> 3.
2025-04-04 18:32:00,320 -   censo.qm_processor   -  DEBUG   - worker395330:Done.
2025-04-04 18:32:00,333 -     censo.parallel     -  DEBUG   - Free cores increased 3 -> 4.
2025-04-04 18:32:00,340 -     censo.parallel     -  DEBUG   - Checking for failed jobs...
2025-04-04 18:32:00,340 -     censo.parallel     -   INFO   - All jobs executed successfully.
2025-04-04 18:32:00,345 -     censo.parallel     -  DEBUG   - Free cores decreased 4 -> 3.
2025-04-04 18:32:00,350 -   censo.qm_processor   -  DEBUG   - worker396031:Running on 1 cores.
2025-04-04 18:32:00,350 -     censo.parallel     -  DEBUG   - Free cores decreased 3 -> 2.
2025-04-04 18:32:00,351 -     censo.parallel     -  DEBUG   - Free cores decreased 2 -> 1.
2025-04-04 18:32:00,351 -   censo.qm_processor   -  DEBUG   - worker396032:Running on 1 cores.
2025-04-04 18:32:00,351 -     censo.parallel     -  DEBUG   - Free cores decreased 1 -> 0.
2025-04-04 18:32:00,352 -   censo.qm_processor   -  DEBUG   - worker396034:Running on 1 cores.
2025-04-04 18:32:00,352 -   censo.qm_processor   -  DEBUG   - worker396036:Running on 1 cores.
2025-04-04 18:32:00,355 -   censo.qm_processor   -   INFO   - worker396031:Running xtb_rrho calculation in /srv/scratch/z5358697/.automated/4250/2_OPTIMIZATION/CONF1/xtb_rrho.
2025-04-04 18:32:00,362 -   censo.qm_processor   -   INFO   - worker396032:Running xtb_rrho calculation in /srv/scratch/z5358697/.automated/4250/2_OPTIMIZATION/CONF3/xtb_rrho.
2025-04-04 18:32:00,364 -   censo.qm_processor   -   INFO   - worker396034:Running xtb_rrho calculation in /srv/scratch/z5358697/.automated/4250/2_OPTIMIZATION/CONF2/xtb_rrho.
2025-04-04 18:32:00,374 -   censo.qm_processor   -   INFO   - worker396036:Running xtb_rrho calculation in /srv/scratch/z5358697/.automated/4250/2_OPTIMIZATION/CONF4/xtb_rrho.
2025-04-04 18:32:00,377 -   censo.qm_processor   -  DEBUG   - worker396031:Running ['/srv/scratch/z5358697/.xtb/bin/xtb', 'xtb_rrho.coord', '--gfn2', '--bhess', 'vtight', '--chrg', '0', '--enso', '--norestart', '-I', 'rrho-xcontrol-inp', '--parallel', '1', '--alpb', 'water']...
2025-04-04 18:32:00,384 -   censo.qm_processor   -  DEBUG   - worker396032:Running ['/srv/scratch/z5358697/.xtb/bin/xtb', 'xtb_rrho.coord', '--gfn2', '--bhess', 'vtight', '--chrg', '0', '--enso', '--norestart', '-I', 'rrho-xcontrol-inp', '--parallel', '1', '--alpb', 'water']...
2025-04-04 18:32:00,385 -   censo.qm_processor   -  DEBUG   - worker396031:Started (PID: 396045).
2025-04-04 18:32:00,387 -   censo.qm_processor   -  DEBUG   - worker396034:Running ['/srv/scratch/z5358697/.xtb/bin/xtb', 'xtb_rrho.coord', '--gfn2', '--bhess', 'vtight', '--chrg', '0', '--enso', '--norestart', '-I', 'rrho-xcontrol-inp', '--parallel', '1', '--alpb', 'water']...
2025-04-04 18:32:00,389 -   censo.qm_processor   -  DEBUG   - worker396032:Started (PID: 396046).
2025-04-04 18:32:00,389 -   censo.qm_processor   -  DEBUG   - worker396034:Started (PID: 396047).
2025-04-04 18:32:00,394 -   censo.qm_processor   -  DEBUG   - worker396036:Running ['/srv/scratch/z5358697/.xtb/bin/xtb', 'xtb_rrho.coord', '--gfn2', '--bhess', 'vtight', '--chrg', '0', '--enso', '--norestart', '-I', 'rrho-xcontrol-inp', '--parallel', '1', '--alpb', 'water']...
2025-04-04 18:32:00,399 -   censo.qm_processor   -  DEBUG   - worker396036:Started (PID: 396048).
2025-04-04 18:32:00,874 -   censo.qm_processor   -  DEBUG   - worker396032:Done.
2025-04-04 18:32:00,877 -     censo.parallel     -  DEBUG   - Free cores increased 0 -> 1.
2025-04-04 18:32:01,746 -   censo.qm_processor   -  DEBUG   - worker396031:Done.
2025-04-04 18:32:01,749 -     censo.parallel     -  DEBUG   - Free cores increased 1 -> 2.
2025-04-04 18:32:01,994 -   censo.qm_processor   -  DEBUG   - worker396034:Done.
2025-04-04 18:32:01,997 -     censo.parallel     -  DEBUG   - Free cores increased 2 -> 3.
2025-04-04 18:32:02,025 -   censo.qm_processor   -  DEBUG   - worker396036:Done.
2025-04-04 18:32:02,028 -     censo.parallel     -  DEBUG   - Free cores increased 3 -> 4.
2025-04-04 18:32:02,034 -     censo.parallel     -  DEBUG   - Checking for failed jobs...
2025-04-04 18:32:02,035 -     censo.parallel     -   INFO   - All jobs executed successfully.
2025-04-04 18:32:02,035 -censo.ensembleopt.optimization-   INFO   - Threshold: 2.62 kcal/mol
2025-04-04 18:32:02,040 -     censo.parallel     -  DEBUG   - Free cores decreased 4 -> 3.
2025-04-04 18:32:02,044 -     censo.parallel     -  DEBUG   - Free cores decreased 3 -> 2.
2025-04-04 18:32:02,044 -   censo.qm_processor   -  DEBUG   - worker396068:Running on 1 cores.
2025-04-04 18:32:02,045 -     censo.parallel     -  DEBUG   - Free cores decreased 2 -> 1.
2025-04-04 18:32:02,045 -   censo.qm_processor   -  DEBUG   - worker396069:Running on 1 cores.
2025-04-04 18:32:02,046 -   censo.qm_processor   -   INFO   - worker396068:Running xtb_opt calculation in /srv/scratch/z5358697/.automated/4250/2_OPTIMIZATION/CONF1/xtb_opt.
2025-04-04 18:32:02,046 -   censo.qm_processor   -   INFO   - worker396069:Running xtb_opt calculation in /srv/scratch/z5358697/.automated/4250/2_OPTIMIZATION/CONF2/xtb_opt.
2025-04-04 18:32:02,046 -   censo.qm_processor   -  DEBUG   - worker396074:Running on 1 cores.
2025-04-04 18:32:02,047 -   censo.qm_processor   -   INFO   - worker396074:Running xtb_opt calculation in /srv/scratch/z5358697/.automated/4250/2_OPTIMIZATION/CONF4/xtb_opt.
2025-04-04 18:32:02,077 -   censo.qm_processor   -  DEBUG   - worker396069:Running ['/srv/scratch/z5358697/.xtb/bin/xtb', 'xtb_opt.coord', '--opt', 'normal', '--orca', '-I', 'xtb_opt-xcontrol-inp']...
2025-04-04 18:32:02,081 -   censo.qm_processor   -  DEBUG   - worker396068:Running ['/srv/scratch/z5358697/.xtb/bin/xtb', 'xtb_opt.coord', '--opt', 'normal', '--orca', '-I', 'xtb_opt-xcontrol-inp']...
2025-04-04 18:32:02,082 -   censo.qm_processor   -  DEBUG   - worker396074:Running ['/srv/scratch/z5358697/.xtb/bin/xtb', 'xtb_opt.coord', '--opt', 'normal', '--orca', '-I', 'xtb_opt-xcontrol-inp']...
2025-04-04 18:32:02,086 -   censo.qm_processor   -  DEBUG   - worker396068:Started (PID: 396083).
2025-04-04 18:32:02,086 -   censo.qm_processor   -  DEBUG   - worker396069:Started (PID: 396082).
2025-04-04 18:32:02,086 -   censo.qm_processor   -  DEBUG   - worker396074:Started (PID: 396084).
2025-04-04 18:34:37,730 -   censo.qm_processor   -  DEBUG   - worker396068:Done.
2025-04-04 18:34:37,743 -     censo.parallel     -  DEBUG   - Free cores increased 1 -> 2.
2025-04-04 18:35:02,066 -   censo.qm_processor   -  DEBUG   - worker396074:Done.
2025-04-04 18:35:02,079 -     censo.parallel     -  DEBUG   - Free cores increased 2 -> 3.
2025-04-04 18:35:05,368 -   censo.qm_processor   -  DEBUG   - worker396069:Done.
2025-04-04 18:35:05,380 -     censo.parallel     -  DEBUG   - Free cores increased 3 -> 4.
2025-04-04 18:35:05,387 -     censo.parallel     -  DEBUG   - Checking for failed jobs...
2025-04-04 18:35:05,387 -     censo.parallel     -   INFO   - All jobs executed successfully.
2025-04-04 18:35:05,387 -censo.ensembleopt.optimization-   INFO   - Threshold: 2.62 kcal/mol
2025-04-04 18:35:05,393 -     censo.parallel     -  DEBUG   - Free cores decreased 4 -> 3.
2025-04-04 18:35:05,397 -   censo.qm_processor   -  DEBUG   - worker396740:Running on 1 cores.
2025-04-04 18:35:05,397 -     censo.parallel     -  DEBUG   - Free cores decreased 3 -> 2.
2025-04-04 18:35:05,398 -     censo.parallel     -  DEBUG   - Free cores decreased 2 -> 1.
2025-04-04 18:35:05,398 -   censo.qm_processor   -  DEBUG   - worker396741:Running on 1 cores.
2025-04-04 18:35:05,398 -   censo.qm_processor   -   INFO   - worker396741:Running xtb_opt calculation in /srv/scratch/z5358697/.automated/4250/2_OPTIMIZATION/CONF2/xtb_opt.
2025-04-04 18:35:05,398 -   censo.qm_processor   -   INFO   - worker396740:Running xtb_opt calculation in /srv/scratch/z5358697/.automated/4250/2_OPTIMIZATION/CONF1/xtb_opt.
2025-04-04 18:35:05,398 -   censo.qm_processor   -  DEBUG   - worker396746:Running on 1 cores.
2025-04-04 18:35:05,400 -   censo.qm_processor   -   INFO   - worker396746:Running xtb_opt calculation in /srv/scratch/z5358697/.automated/4250/2_OPTIMIZATION/CONF4/xtb_opt.
2025-04-04 18:35:05,433 -   censo.qm_processor   -  DEBUG   - worker396741:Running ['/srv/scratch/z5358697/.xtb/bin/xtb', 'xtb_opt.coord', '--opt', 'normal', '--orca', '-I', 'xtb_opt-xcontrol-inp']...
2025-04-04 18:35:05,434 -   censo.qm_processor   -  DEBUG   - worker396740:Running ['/srv/scratch/z5358697/.xtb/bin/xtb', 'xtb_opt.coord', '--opt', 'normal', '--orca', '-I', 'xtb_opt-xcontrol-inp']...
2025-04-04 18:35:05,440 -   censo.qm_processor   -  DEBUG   - worker396740:Started (PID: 396755).
2025-04-04 18:35:05,440 -   censo.qm_processor   -  DEBUG   - worker396741:Started (PID: 396754).
2025-04-04 18:35:05,440 -   censo.qm_processor   -  DEBUG   - worker396746:Running ['/srv/scratch/z5358697/.xtb/bin/xtb', 'xtb_opt.coord', '--opt', 'normal', '--orca', '-I', 'xtb_opt-xcontrol-inp']...
2025-04-04 18:35:05,444 -   censo.qm_processor   -  DEBUG   - worker396746:Started (PID: 396756).
2025-04-04 18:36:11,103 -   censo.qm_processor   -  DEBUG   - worker396740:Done.
2025-04-04 18:36:11,112 -     censo.parallel     -  DEBUG   - Free cores increased 1 -> 2.
2025-04-04 18:37:58,373 -   censo.qm_processor   -  DEBUG   - worker396746:Done.
2025-04-04 18:37:58,385 -     censo.parallel     -  DEBUG   - Free cores increased 2 -> 3.
2025-04-04 18:38:13,341 -   censo.qm_processor   -  DEBUG   - worker396741:Done.
2025-04-04 18:38:13,354 -     censo.parallel     -  DEBUG   - Free cores increased 3 -> 4.
2025-04-04 18:38:13,361 -     censo.parallel     -  DEBUG   - Checking for failed jobs...
2025-04-04 18:38:13,361 -     censo.parallel     -   INFO   - All jobs executed successfully.
2025-04-04 18:38:13,361 -censo.ensembleopt.optimization-   INFO   - Threshold: 2.25 kcal/mol
2025-04-04 18:38:13,366 -     censo.parallel     -  DEBUG   - Free cores decreased 4 -> 3.
2025-04-04 18:38:13,371 -   censo.qm_processor   -  DEBUG   - worker397308:Running on 1 cores.
2025-04-04 18:38:13,372 -     censo.parallel     -  DEBUG   - Free cores decreased 3 -> 2.
2025-04-04 18:38:13,372 -   censo.qm_processor   -   INFO   - worker397308:Running xtb_opt calculation in /srv/scratch/z5358697/.automated/4250/2_OPTIMIZATION/CONF2/xtb_opt.
2025-04-04 18:38:13,373 -   censo.qm_processor   -  DEBUG   - worker397309:Running on 1 cores.
2025-04-04 18:38:13,374 -   censo.qm_processor   -   INFO   - worker397309:Running xtb_opt calculation in /srv/scratch/z5358697/.automated/4250/2_OPTIMIZATION/CONF4/xtb_opt.
2025-04-04 18:38:13,404 -   censo.qm_processor   -  DEBUG   - worker397308:Running ['/srv/scratch/z5358697/.xtb/bin/xtb', 'xtb_opt.coord', '--opt', 'normal', '--orca', '-I', 'xtb_opt-xcontrol-inp']...
2025-04-04 18:38:13,407 -   censo.qm_processor   -  DEBUG   - worker397309:Running ['/srv/scratch/z5358697/.xtb/bin/xtb', 'xtb_opt.coord', '--opt', 'normal', '--orca', '-I', 'xtb_opt-xcontrol-inp']...
2025-04-04 18:38:13,434 -   censo.qm_processor   -  DEBUG   - worker397308:Started (PID: 397322).
2025-04-04 18:38:13,434 -   censo.qm_processor   -  DEBUG   - worker397309:Started (PID: 397323).
2025-04-04 18:40:07,003 -   censo.qm_processor   -  DEBUG   - worker397309:Done.
2025-04-04 18:40:07,015 -     censo.parallel     -  DEBUG   - Free cores increased 2 -> 3.
2025-04-04 18:40:09,037 -   censo.qm_processor   -  DEBUG   - worker397308:Done.
2025-04-04 18:40:09,047 -     censo.parallel     -  DEBUG   - Free cores increased 3 -> 4.
2025-04-04 18:40:09,055 -     censo.parallel     -  DEBUG   - Checking for failed jobs...
2025-04-04 18:40:09,055 -     censo.parallel     -   INFO   - All jobs executed successfully.
2025-04-04 18:40:09,055 -censo.ensembleopt.optimization-   INFO   - Threshold: 1.50 kcal/mol
2025-04-04 18:40:09,060 -     censo.parallel     -  DEBUG   - Free cores decreased 4 -> 3.
2025-04-04 18:40:09,066 -     censo.parallel     -  DEBUG   - Free cores decreased 3 -> 2.
2025-04-04 18:40:09,066 -   censo.qm_processor   -  DEBUG   - worker397751:Running on 1 cores.
2025-04-04 18:40:09,066 -     censo.parallel     -  DEBUG   - Free cores decreased 2 -> 1.
2025-04-04 18:40:09,067 -   censo.qm_processor   -  DEBUG   - worker397752:Running on 1 cores.
2025-04-04 18:40:09,067 -     censo.parallel     -  DEBUG   - Free cores decreased 1 -> 0.
2025-04-04 18:40:09,067 -   censo.qm_processor   -  DEBUG   - worker397753:Running on 1 cores.
2025-04-04 18:40:09,068 -   censo.qm_processor   -  DEBUG   - worker397755:Running on 1 cores.
2025-04-04 18:40:09,068 -   censo.qm_processor   -   INFO   - worker397751:Running xtb_rrho calculation in /srv/scratch/z5358697/.automated/4250/2_OPTIMIZATION/CONF1/xtb_rrho.
2025-04-04 18:40:09,069 -   censo.qm_processor   -   INFO   - worker397753:Running xtb_rrho calculation in /srv/scratch/z5358697/.automated/4250/2_OPTIMIZATION/CONF2/xtb_rrho.
2025-04-04 18:40:09,069 -   censo.qm_processor   -   INFO   - worker397752:Running xtb_rrho calculation in /srv/scratch/z5358697/.automated/4250/2_OPTIMIZATION/CONF3/xtb_rrho.
2025-04-04 18:40:09,069 -   censo.qm_processor   -   INFO   - worker397755:Running xtb_rrho calculation in /srv/scratch/z5358697/.automated/4250/2_OPTIMIZATION/CONF4/xtb_rrho.
2025-04-04 18:40:09,099 -   censo.qm_processor   -  DEBUG   - worker397751:Running ['/srv/scratch/z5358697/.xtb/bin/xtb', 'xtb_rrho.coord', '--gfn2', '--ohess', 'vtight', '--chrg', '0', '--enso', '--norestart', '-I', 'rrho-xcontrol-inp', '--parallel', '1', '--alpb', 'water']...
2025-04-04 18:40:09,099 -   censo.qm_processor   -  DEBUG   - worker397753:Running ['/srv/scratch/z5358697/.xtb/bin/xtb', 'xtb_rrho.coord', '--gfn2', '--ohess', 'vtight', '--chrg', '0', '--enso', '--norestart', '-I', 'rrho-xcontrol-inp', '--parallel', '1', '--alpb', 'water']...
2025-04-04 18:40:09,099 -   censo.qm_processor   -  DEBUG   - worker397752:Running ['/srv/scratch/z5358697/.xtb/bin/xtb', 'xtb_rrho.coord', '--gfn2', '--ohess', 'vtight', '--chrg', '0', '--enso', '--norestart', '-I', 'rrho-xcontrol-inp', '--parallel', '1', '--alpb', 'water']...
2025-04-04 18:40:09,099 -   censo.qm_processor   -  DEBUG   - worker397755:Running ['/srv/scratch/z5358697/.xtb/bin/xtb', 'xtb_rrho.coord', '--gfn2', '--ohess', 'vtight', '--chrg', '0', '--enso', '--norestart', '-I', 'rrho-xcontrol-inp', '--parallel', '1', '--alpb', 'water']...
2025-04-04 18:40:09,133 -   censo.qm_processor   -  DEBUG   - worker397753:Started (PID: 397766).
2025-04-04 18:40:09,133 -   censo.qm_processor   -  DEBUG   - worker397755:Started (PID: 397768).
2025-04-04 18:40:09,133 -   censo.qm_processor   -  DEBUG   - worker397752:Started (PID: 397767).
2025-04-04 18:40:09,133 -   censo.qm_processor   -  DEBUG   - worker397751:Started (PID: 397765).
2025-04-04 18:40:09,638 -   censo.qm_processor   -  DEBUG   - worker397752:Done.
2025-04-04 18:40:09,640 -     censo.parallel     -  DEBUG   - Free cores increased 0 -> 1.
2025-04-04 18:40:09,663 -   censo.qm_processor   -  DEBUG   - worker397755:Done.
2025-04-04 18:40:09,665 -     censo.parallel     -  DEBUG   - Free cores increased 1 -> 2.
2025-04-04 18:40:09,716 -   censo.qm_processor   -  DEBUG   - worker397751:Done.
2025-04-04 18:40:09,718 -     censo.parallel     -  DEBUG   - Free cores increased 2 -> 3.
2025-04-04 18:40:09,731 -   censo.qm_processor   -  DEBUG   - worker397753:Done.
2025-04-04 18:40:09,733 -     censo.parallel     -  DEBUG   - Free cores increased 3 -> 4.
2025-04-04 18:40:09,740 -     censo.parallel     -  DEBUG   - Checking for failed jobs...
2025-04-04 18:40:09,740 -     censo.parallel     -   INFO   - All jobs executed successfully.
2025-04-04 18:40:09,741 -censo.ensembleopt.optimization-  DEBUG   - Writing to /srv/scratch/z5358697/.automated/4250/2_OPTIMIZATION.out.
2025-04-04 18:40:09,753 -censo.ensembleopt.optimization-  DEBUG   - Writing to /srv/scratch/z5358697/.automated/4250/2_OPTIMIZATION.out.
2025-04-04 18:40:09,798 -     censo.parallel     -  DEBUG   - Free cores decreased 4 -> 3.
2025-04-04 18:40:09,803 -   censo.qm_processor   -  DEBUG   - worker397789:Running on 1 cores.
2025-04-04 18:40:09,803 -     censo.parallel     -  DEBUG   - Free cores decreased 3 -> 2.
2025-04-04 18:40:09,804 -     censo.parallel     -  DEBUG   - Free cores decreased 2 -> 1.
2025-04-04 18:40:09,804 -   censo.qm_processor   -  DEBUG   - worker397792:Running on 1 cores.
2025-04-04 18:40:09,805 -     censo.parallel     -  DEBUG   - Free cores decreased 1 -> 0.
2025-04-04 18:40:09,805 -   censo.qm_processor   -  DEBUG   - worker397790:Running on 1 cores.
2025-04-04 18:40:09,805 -   censo.qm_processor   -  DEBUG   - worker397794:Running on 1 cores.
2025-04-04 18:40:09,817 -   censo.qm_processor   -   INFO   - worker397790:Running gsolv calculation in /srv/scratch/z5358697/.automated/4250/3_REFINEMENT/CONF2/gsolv.
2025-04-04 18:40:09,829 -  censo.orca_processor  -  DEBUG   - worker397790:Copying .gbw file from /srv/scratch/z5358697/.automated/4250/2_OPTIMIZATION/CONF2/xtb_opt/xtb_opt.gbw.
2025-04-04 18:40:09,850 -   censo.qm_processor   -   INFO   - worker397792:Running gsolv calculation in /srv/scratch/z5358697/.automated/4250/3_REFINEMENT/CONF4/gsolv.
2025-04-04 18:40:09,858 -   censo.qm_processor   -  DEBUG   - worker397790:Running ['/apps/z_install_tree/linux-rocky8-ivybridge/gcc-12.2.0/orca-6.0.0-srtngmq3qlimg2qxbl6avaaiffipurdx/bin/orca', 'sp_gas.inp']...
2025-04-04 18:40:09,864 -   censo.qm_processor   -  DEBUG   - worker397790:Started (PID: 397803).
2025-04-04 18:40:09,890 -   censo.qm_processor   -   INFO   - worker397789:Running gsolv calculation in /srv/scratch/z5358697/.automated/4250/3_REFINEMENT/CONF3/gsolv.
2025-04-04 18:40:09,906 -  censo.orca_processor  -  DEBUG   - worker397789:Copying .gbw file from /srv/scratch/z5358697/.automated/4250/2_OPTIMIZATION/CONF3/xtb_opt/xtb_opt.gbw.
2025-04-04 18:40:09,922 -   censo.qm_processor   -   INFO   - worker397794:Running gsolv calculation in /srv/scratch/z5358697/.automated/4250/3_REFINEMENT/CONF1/gsolv.
2025-04-04 18:40:09,934 -   censo.qm_processor   -  DEBUG   - worker397789:Running ['/apps/z_install_tree/linux-rocky8-ivybridge/gcc-12.2.0/orca-6.0.0-srtngmq3qlimg2qxbl6avaaiffipurdx/bin/orca', 'sp_gas.inp']...
2025-04-04 18:40:09,937 -  censo.orca_processor  -  DEBUG   - worker397794:Copying .gbw file from /srv/scratch/z5358697/.automated/4250/2_OPTIMIZATION/CONF1/xtb_opt/xtb_opt.gbw.
2025-04-04 18:40:09,939 -   censo.qm_processor   -  DEBUG   - worker397789:Started (PID: 397804).
2025-04-04 18:40:09,946 -  censo.orca_processor  -  DEBUG   - worker397792:Copying .gbw file from /srv/scratch/z5358697/.automated/4250/2_OPTIMIZATION/CONF4/xtb_opt/xtb_opt.gbw.
2025-04-04 18:40:09,964 -   censo.qm_processor   -  DEBUG   - worker397794:Running ['/apps/z_install_tree/linux-rocky8-ivybridge/gcc-12.2.0/orca-6.0.0-srtngmq3qlimg2qxbl6avaaiffipurdx/bin/orca', 'sp_gas.inp']...
2025-04-04 18:40:09,967 -   censo.qm_processor   -  DEBUG   - worker397794:Started (PID: 397805).
2025-04-04 18:40:09,973 -   censo.qm_processor   -  DEBUG   - worker397792:Running ['/apps/z_install_tree/linux-rocky8-ivybridge/gcc-12.2.0/orca-6.0.0-srtngmq3qlimg2qxbl6avaaiffipurdx/bin/orca', 'sp_gas.inp']...
2025-04-04 18:40:09,976 -   censo.qm_processor   -  DEBUG   - worker397792:Started (PID: 397806).
2025-04-04 18:41:21,020 -   censo.qm_processor   -  DEBUG   - worker397792:Done.
2025-04-04 18:41:21,035 -  censo.orca_processor  -  DEBUG   - worker397792:Copying .gbw file from /srv/scratch/z5358697/.automated/4250/2_OPTIMIZATION/CONF4/xtb_opt/xtb_opt.gbw.
2025-04-04 18:41:21,065 -   censo.qm_processor   -  DEBUG   - worker397792:Running ['/apps/z_install_tree/linux-rocky8-ivybridge/gcc-12.2.0/orca-6.0.0-srtngmq3qlimg2qxbl6avaaiffipurdx/bin/orca', 'sp_solv.inp']...
2025-04-04 18:41:21,069 -   censo.qm_processor   -  DEBUG   - worker397792:Started (PID: 398147).
2025-04-04 18:41:21,408 -   censo.qm_processor   -  DEBUG   - worker397789:Done.
2025-04-04 18:41:21,426 -  censo.orca_processor  -  DEBUG   - worker397789:Copying .gbw file from /srv/scratch/z5358697/.automated/4250/2_OPTIMIZATION/CONF3/xtb_opt/xtb_opt.gbw.
2025-04-04 18:41:21,456 -   censo.qm_processor   -  DEBUG   - worker397789:Running ['/apps/z_install_tree/linux-rocky8-ivybridge/gcc-12.2.0/orca-6.0.0-srtngmq3qlimg2qxbl6avaaiffipurdx/bin/orca', 'sp_solv.inp']...
2025-04-04 18:41:21,459 -   censo.qm_processor   -  DEBUG   - worker397789:Started (PID: 398149).
2025-04-04 18:41:22,235 -   censo.qm_processor   -  DEBUG   - worker397790:Done.
2025-04-04 18:41:22,248 -  censo.orca_processor  -  DEBUG   - worker397790:Copying .gbw file from /srv/scratch/z5358697/.automated/4250/2_OPTIMIZATION/CONF2/xtb_opt/xtb_opt.gbw.
2025-04-04 18:41:22,285 -   censo.qm_processor   -  DEBUG   - worker397790:Running ['/apps/z_install_tree/linux-rocky8-ivybridge/gcc-12.2.0/orca-6.0.0-srtngmq3qlimg2qxbl6avaaiffipurdx/bin/orca', 'sp_solv.inp']...
2025-04-04 18:41:22,287 -   censo.qm_processor   -  DEBUG   - worker397790:Started (PID: 398158).
2025-04-04 18:41:22,783 -   censo.qm_processor   -  DEBUG   - worker397794:Done.
2025-04-04 18:41:22,798 -  censo.orca_processor  -  DEBUG   - worker397794:Copying .gbw file from /srv/scratch/z5358697/.automated/4250/2_OPTIMIZATION/CONF1/xtb_opt/xtb_opt.gbw.
2025-04-04 18:41:22,831 -   censo.qm_processor   -  DEBUG   - worker397794:Running ['/apps/z_install_tree/linux-rocky8-ivybridge/gcc-12.2.0/orca-6.0.0-srtngmq3qlimg2qxbl6avaaiffipurdx/bin/orca', 'sp_solv.inp']...
2025-04-04 18:41:22,833 -   censo.qm_processor   -  DEBUG   - worker397794:Started (PID: 398161).
2025-04-04 18:42:36,764 -   censo.qm_processor   -  DEBUG   - worker397792:Done.
2025-04-04 18:42:36,770 -     censo.parallel     -  DEBUG   - Free cores increased 0 -> 1.
2025-04-04 18:42:37,392 -   censo.qm_processor   -  DEBUG   - worker397789:Done.
2025-04-04 18:42:37,396 -     censo.parallel     -  DEBUG   - Free cores increased 1 -> 2.
2025-04-04 18:42:40,077 -   censo.qm_processor   -  DEBUG   - worker397794:Done.
2025-04-04 18:42:40,082 -     censo.parallel     -  DEBUG   - Free cores increased 2 -> 3.
2025-04-04 18:42:40,781 -   censo.qm_processor   -  DEBUG   - worker397790:Done.
2025-04-04 18:42:40,787 -     censo.parallel     -  DEBUG   - Free cores increased 3 -> 4.
2025-04-04 18:42:40,794 -     censo.parallel     -  DEBUG   - Checking for failed jobs...
2025-04-04 18:42:40,794 -     censo.parallel     -   INFO   - All jobs executed successfully.
2025-04-04 18:42:40,795 -censo.ensembleopt.refinement-  DEBUG   - Writing to /srv/scratch/z5358697/.automated/4250/3_REFINEMENT.out.
