----------------------------------------------- 
  Element       SASA      Sigma Z        Total  
     Z         Ang**2 cal/Ang**2/mol   kcal/mol 
----------------------------------------------- 
      H        131.553      48.690       6.405
      C         20.635     129.740       2.677
      N          9.299       0.000       0.000

 Subtotal:     161.486                   9.082
 -----------------------------------------------

  Elements    COT*SASA   Sigma Z,Z'     Total   
    Z,Z'       Ang**2  cal/Ang**2/mol kcal/mol  
 ---------------------------------------------- 
  H   C         80.836     -60.770      -4.912
  C   C         20.020     -72.950      -1.460
  C   N          3.462       0.000       0.000
  N   C         72.639     -48.220      -3.503
  N  C(3)        0.000      84.100       0.000

 Subtotal:                              -9.876
 ---------------------------------------------- 

 NONAQUEOUS SOLVENT CONTRIBUTION (kcal/mol):
 (proportional to SASA, atomic number independent)
 ---------------------------------------------- 
 Subtotal:                               0.000
 ---------------------------------------------- 

 CDS TOTAL (kcal/mol):                  -0.793
...............................................................................
