----------------------------------------------- 
  Element       SASA      Sigma Z        Total  
     Z         Ang**2 cal/Ang**2/mol   kcal/mol 
----------------------------------------------- 
      H        115.325      48.690       5.615
      C         30.517     129.740       3.959
      O         22.932       0.000       0.000

 Subtotal:     168.774                   9.574
 -----------------------------------------------

  Elements    COT*SASA   Sigma Z,Z'     Total   
    Z,Z'       Ang**2  cal/Ang**2/mol kcal/mol  
 ---------------------------------------------- 
  H   C         77.526     -60.770      -4.711
  H   O          0.000       0.000       0.000
  C   C         22.976     -72.950      -1.676
  O   C         13.979      68.690       0.960

 Subtotal:                              -5.427
 ---------------------------------------------- 

 NONAQUEOUS SOLVENT CONTRIBUTION (kcal/mol):
 (proportional to SASA, atomic number independent)
 ---------------------------------------------- 
 Subtotal:                               0.000
 ---------------------------------------------- 

 CDS TOTAL (kcal/mol):                   4.147
...............................................................................
