19
 energy: -23.051860708083 gnorm: 0.029797615002 xtb: 6.7.1 (edcfbbe)
C           -1.79192469180792       -0.00013718725936        0.17011525289563
C           -0.94081793238952       -1.25958828865088        0.34738270870852
C            0.24317909738462       -1.26172310540250       -0.62396530578259
C            1.09773428880834        0.00004544903197       -0.49723725632647
C            0.24305168495392        1.26174733664645       -0.62378265249851
C           -0.94090528138350        1.25934135162348        0.34760630376053
O            1.85525008948576        0.00000885101524        0.74066647337433
H           -2.62573886179419       -0.00023360907371        0.88130611863015
H           -2.22775868426947       -0.00006247788954       -0.83898234339033
H           -0.57778053680325       -1.30853038330143        1.38397033873431
H           -1.54681410758940       -2.15884048120334        0.19033151590792
H            0.87489064270468       -2.14420779450474       -0.47128698742834
H           -0.13713453376522       -1.30744104206932       -1.65306964014172
H            1.86590878213164        0.00013720823683       -1.27803750733144
H            0.87468266831317        2.14426900327585       -0.47098704986536
H           -0.13728946396484        1.30758068055032       -1.65287308045371
H           -0.57779526971081        1.30807627024136        1.38417615209876
H           -1.54697811482207        2.15857986690872        0.19077183616967
H            1.22551708151382       -0.00063003841076        1.47322302163621
19
 energy: -23.052765213770 gnorm: 0.014629068503 xtb: 6.7.1 (edcfbbe)
C           -1.78924157387086       -0.00013868553512        0.16033211342471
C           -0.94014781108756       -1.25382169936596        0.35092287001570
C            0.23636798632051       -1.25846565920574       -0.62269049689521
C            1.09637969129603        0.00003680877262       -0.49047291123650
C            0.23624692061438        1.25848053727679       -0.62249622610947
C           -0.94023433812481        1.25356805379843        0.35115201236173
O            1.86127328572798       -0.00000840206215        0.72252355346524
H           -2.61625361732521       -0.00023331263061        0.87402495611969
H           -2.21716173220918       -0.00006146467110       -0.84713173173889
H           -0.57490632195842       -1.29921847876341        1.38216520094085
H           -1.54822403414024       -2.14607337392023        0.18508914365800
H            0.86323603308442       -2.13740919172699       -0.45442833964372
H           -0.14149418054356       -1.30577095672961       -1.64806653318415
H            1.86612704958592        0.00013598323697       -1.26940810275604
H            0.86303887209437        2.13745355878932       -0.45410803417664
H           -0.14164027891343        1.30590652983358       -1.64785830191899
H           -0.57493379188818        1.29877511086766        1.38237960369337
H           -1.54838181780583        2.14580918071514        0.18552623833522
H            1.23922651613944       -0.00057292891496        1.46187288434266
19
 energy: -23.052948181942 gnorm: 0.004147924673 xtb: 6.7.1 (edcfbbe)
C           -1.79148917848569       -0.00014176436008        0.16011014922245
C           -0.94221226145431       -1.25250880669008        0.35083955800492
C            0.23572276306741       -1.25940150301134       -0.62049615291806
C            1.09846959616449        0.00002626454669       -0.48710215697200
C            0.23561258562945        1.25940641216600       -0.62028516135090
C           -0.94229813410068        1.25224733742878        0.35107426136921
O            1.86291243814641       -0.00003277871394        0.70957703495596
H           -2.61890764184946       -0.00023740044013        0.87154413282761
H           -2.21181889300289       -0.00006034699503       -0.84710083383293
H           -0.57716737517302       -1.29425016143027        1.37906344637910
H           -1.54977345761721       -2.14312044297355        0.18349651333247
H            0.86179933438637       -2.13607964628692       -0.44540158160956
H           -0.13869930529117       -1.30688189016001       -1.64389163339894
H            1.86322713830530        0.00013056810053       -1.27247039330147
H            0.86162082003102        2.13610487653338       -0.44505152287582
H           -0.13882898098501        1.30702123377045       -1.64366751393994
H           -0.57721167702233        1.29380685363707        1.37928905977155
H           -1.54992639758493        2.14285009020350        0.18392860786227
H            1.24824548383202       -0.00048728556041        1.45587208517163
19
 energy: -23.052973780843 gnorm: 0.001331479478 xtb: 6.7.1 (edcfbbe)
C           -1.79251858314132       -0.00014371824024        0.15775239271008
C           -0.94328121659693       -1.25283267497657        0.35170287639631
C            0.23550435836350       -1.26007230175505       -0.61964415512967
C            1.09982847126643        0.00001936401931       -0.48536004307396
C            0.23540282589694        1.26007052845053       -0.61942135517190
C           -0.94336542824512        1.25256496915460        0.35194170797046
O            1.86571472688100       -0.00004941429787        0.70639412401026
H           -2.62173755080303       -0.00024015834944        0.86715288789629
H           -2.21072042724976       -0.00006040029763       -0.85055193519893
H           -0.57903516459858       -1.29316605444608        1.38040340263798
H           -1.55026064080297       -2.14414825693830        0.18515621882885
H            0.86197454530920       -2.13626076851957       -0.44299485490252
H           -0.13761693465458       -1.30863172522008       -1.64337684466273
H            1.85867445230411        0.00012455281414       -1.27754052035028
H            0.86180980622915        2.13627334030384       -0.44262256052706
H           -0.13773266029722        1.30877732202008       -1.64314205042187
H           -0.57909003149912        1.29271740612687        1.38063779085783
H           -1.55040916405341        2.14387237168118        0.18558537995218
H            1.25613547268750       -0.00042277176507        1.45725543687626
19
 energy: -23.052979175286 gnorm: 0.000902407655 xtb: 6.7.1 (edcfbbe)
C           -1.79415459191105       -0.00014674186494        0.15574198673195
C           -0.94468477800323       -1.25279187528318        0.35202649774748
C            0.23576541527668       -1.26119060163590       -0.61791719371861
C            1.10073886836355        0.00001062959745       -0.48527036529632
C            0.23567610857768        1.26117954045635       -0.61767901230327
C           -0.94476581472589        1.25251490819049        0.35227057851233
O            1.86997428747455       -0.00007109934855        0.70292656170518
H           -2.62647154602232       -0.00024325249739        0.86214241515717
H           -2.20946283990511       -0.00006121797058       -0.85442601075573
H           -0.58161910787785       -1.29111937360577        1.38184316547330
H           -1.55118566294559       -2.14522031764881        0.18719795857854
H            0.86274785176114       -2.13731092406359       -0.44026761060921
H           -0.13650890154524       -1.31135844623527       -1.64229246408109
H            1.85431537004013        0.00011525876649       -1.28306412268898
H            0.86260133237102        2.13730694295714       -0.43986504465464
H           -0.13660515254878        1.31151361259658       -1.64204380260663
H           -0.58168670354911        1.29066088864222        1.38208868388022
H           -1.55132669893398        2.14493637468999        0.18762469064480
H            1.26592942109917       -0.00033269597809        1.45829098698105
19
 energy: -23.052980727509 gnorm: 0.000258282905 xtb: 6.7.1 (edcfbbe)
C           -1.79398256739881       -0.00014755897395        0.15512786685765
C           -0.94480927051867       -1.25256956822727        0.35222527285026
C            0.23542045186157       -1.26105937429743       -0.61755514416529
C            1.10020944820485        0.00000847248656       -0.48590315746415
C            0.23533443577237        1.26104549565359       -0.61731329176520
C           -0.94488894648597        1.25228969698052        0.35247099231030
O            1.87087775309054       -0.00007680544273        0.70202841215569
H           -2.62678280875481       -0.00024368811248        0.86081266091905
H           -2.20848338959814       -0.00006121544729       -0.85531626121083
H           -0.58196450676234       -1.29033851864024        1.38211325651099
H           -1.55113075630832       -2.14510223378020        0.18762074022873
H            0.86253955270170       -2.13686286698877       -0.43927936821109
H           -0.13670361665994       -1.31198886364503       -1.64198099929235
H            1.85402919524030        0.00011270999082       -1.28310656864463
H            0.86239742727243        2.13685463820555       -0.43886970233250
H           -0.13679540194003        1.31214587107842       -1.64172869161763
H           -0.58203378718581        1.28987625832187        1.38236146201828
H           -1.55126905663603        2.14481616142070        0.18804859649119
H            1.26731270110089       -0.00030700081799        1.45757182305909
19
 energy: -23.052981176748 gnorm: 0.000140778061 xtb: 6.7.1 (edcfbbe)
C           -1.79427540079963       -0.00014895845193        0.15448797450044
C           -0.94495458932378       -1.25217669304056        0.35242246227240
C            0.23528850098150       -1.26121588227939       -0.61713746993339
C            1.09970857135694        0.00000420360952       -0.48641851524285
C            0.23520834861914        1.26119673262697       -0.61688869621808
C           -0.94503151460573        1.25189150487654        0.35267195342078
O            1.87173080160079       -0.00008660516032        0.70094679387747
H           -2.62777186584627       -0.00024487297582        0.85929724180964
H           -2.20755367876666       -0.00006076937371       -0.85636515788865
H           -0.58218651910271       -1.28926240389200        1.38228503098463
H           -1.55108399347626       -2.14483547392818        0.18819047320836
H            0.86265225082700       -2.13662604695687       -0.43803649336440
H           -0.13670082404332       -1.31315079990190       -1.64151829891352
H            1.85312447641815        0.00010795371549       -1.28385661741622
H            0.86251837044704        2.13660971018855       -0.43761416851894
H           -0.13678470701785        1.31331040390418       -1.64125916987831
H           -0.58225903690152        1.28879294489292        1.38253928368278
H           -1.55121683103663        2.14454564054112        0.18862111537835
H            1.26886449766557       -0.00025897862997        1.45696015693707
19
 energy: -23.052981329389 gnorm: 0.000132563485 xtb: 6.7.1 (edcfbbe)
C           -1.79423337574270       -0.00014996265171        0.15407443693276
C           -0.94516360740279       -1.25225078492879        0.35259903031006
C            0.23519321734094       -1.26127859322772       -0.61686908772368
C            1.09961271875594        0.00000106118295       -0.48675937790175
C            0.23511729988208        1.26125554268599       -0.61661524525174
C           -0.94523836521014        1.25196152773146        0.35285153277780
O            1.87231118690619       -0.00009423861243        0.70024454582555
H           -2.62822380433381       -0.00024583369389        0.85827023353443
H           -2.20679061048299       -0.00006024547019       -0.85705715740274
H           -0.58253257146427       -1.28884638173293        1.38251944179490
H           -1.55119530911784       -2.14504441056925        0.18863411624964
H            0.86271640654450       -2.13646100234846       -0.43726689982830
H           -0.13666711538215       -1.31383481173877       -1.64126429275200
H            1.85260534983232        0.00010436777683       -1.28462218774325
H            0.86258865321015        2.13643863155776       -0.43683568010393
H           -0.13674580459669        1.31399631171365       -1.64099996681608
H           -0.58260714437486        1.28837099291661        1.38277836505303
H           -1.55132375123710        2.14475187984125        0.18906737560166
H            1.26985348386899       -0.00022244066769        1.45657871614119
19
 energy: -23.052981393674 gnorm: 0.000043384432 xtb: 6.7.1 (edcfbbe)
C           -1.79438462770003       -0.00015042147631        0.15387569092666
C           -0.94523703504800       -1.25218594470916        0.35267621528064
C            0.23521634528303       -1.26136915251716       -0.61674605522190
C            1.09961191624224       -0.00000072064696       -0.48680594784776
C            0.23514260058150        1.26134380427935       -0.61648945907145
C           -0.94531050954938        1.25189451008599        0.35293054116127
O            1.87267539811004       -0.00009873677768        0.69991345208587
H           -2.62860430307722       -0.00024635713461        0.85781125562789
H           -2.20661385524036       -0.00005970520447       -0.85741417404418
H           -0.58270048454783       -1.28862614575982        1.38265247183729
H           -1.55123729756183       -2.14502492781366        0.18880702103426
H            0.86280824367228       -2.13648156792513       -0.43695822476156
H           -0.13664455775873       -1.31414598429725       -1.64113464652163
H            1.85228766522210        0.00010250803021       -1.28500597500184
H            0.86268368736366        2.13645581644495       -0.43652257978404
H           -0.13672083475814        1.31430807403479       -1.64086743858198
H           -0.58277579707294        1.28814682961359        1.38291405622339
H           -1.55136311525530        2.14473121061389        0.18924244920181
H            1.27044341809069       -0.00020147907591        1.45644924615483
