2025-04-03 21:43:49,690 -     censo.parallel     -  DEBUG   - Free cores decreased 1 -> 0.
2025-04-03 21:43:49,695 -   censo.qm_processor   -  DEBUG   - worker323200:Running on 1 cores.
2025-04-03 21:43:49,713 -   censo.qm_processor   -   INFO   - worker323200:Running xtb_gsolv calculation in /srv/scratch/z5358697/.automated/4093/0_PRESCREENING/CONF1/xtb_gsolv.
2025-04-03 21:43:49,728 -   censo.qm_processor   -  DEBUG   - worker323200:Running ['/srv/scratch/z5358697/.xtb/bin/xtb', 'gas.coord', '--gfn2', '--sp', '--chrg', '0', '--norestart', '--parallel', '1']...
2025-04-03 21:43:49,734 -   censo.qm_processor   -  DEBUG   - worker323200:Started (PID: 323206).
2025-04-03 21:43:49,766 -   censo.qm_processor   -  DEBUG   - worker323200:Done.
2025-04-03 21:43:49,789 -   censo.qm_processor   -  DEBUG   - worker323200:Running ['/srv/scratch/z5358697/.xtb/bin/xtb', 'solv.coord', '--gfn2', '--sp', '--chrg', '0', '--norestart', '--parallel', '1', '--alpb', 'water', 'reference', '-I', 'xtb_sp-xcontrol-inp']...
2025-04-03 21:43:49,793 -   censo.qm_processor   -  DEBUG   - worker323200:Started (PID: 323208).
2025-04-03 21:43:49,828 -   censo.qm_processor   -  DEBUG   - worker323200:Done.
2025-04-03 21:43:49,830 -     censo.parallel     -  DEBUG   - Free cores increased 0 -> 1.
2025-04-03 21:43:49,836 -     censo.parallel     -  DEBUG   - Checking for failed jobs...
2025-04-03 21:43:49,836 -     censo.parallel     -   INFO   - All jobs executed successfully.
2025-04-03 21:43:49,842 -     censo.parallel     -  DEBUG   - Free cores decreased 1 -> 0.
2025-04-03 21:43:49,846 -   censo.qm_processor   -  DEBUG   - worker323241:Running on 1 cores.
2025-04-03 21:43:49,862 -   censo.qm_processor   -   INFO   - worker323241:Running sp calculation in /srv/scratch/z5358697/.automated/4093/0_PRESCREENING/CONF1/sp.
2025-04-03 21:43:49,879 -   censo.qm_processor   -  DEBUG   - worker323241:Running ['/apps/z_install_tree/linux-rocky8-ivybridge/gcc-12.2.0/orca-6.0.0-srtngmq3qlimg2qxbl6avaaiffipurdx/bin/orca', 'sp.inp']...
2025-04-03 21:43:49,884 -   censo.qm_processor   -  DEBUG   - worker323241:Started (PID: 323246).
2025-04-03 21:43:53,251 -   censo.qm_processor   -  DEBUG   - worker323241:Done.
2025-04-03 21:43:53,257 -     censo.parallel     -  DEBUG   - Free cores increased 0 -> 1.
2025-04-03 21:43:53,264 -     censo.parallel     -  DEBUG   - Checking for failed jobs...
2025-04-03 21:43:53,264 -     censo.parallel     -   INFO   - All jobs executed successfully.
2025-04-03 21:43:53,265 -censo.ensembleopt.prescreening-  DEBUG   - Writing to /srv/scratch/z5358697/.automated/4093/0_PRESCREENING.out.
2025-04-03 21:43:53,306 -     censo.parallel     -  DEBUG   - Free cores decreased 1 -> 0.
2025-04-03 21:43:53,310 -   censo.qm_processor   -  DEBUG   - worker323295:Running on 1 cores.
2025-04-03 21:43:53,433 -   censo.qm_processor   -   INFO   - worker323295:Running gsolv calculation in /srv/scratch/z5358697/.automated/4093/1_SCREENING/CONF1/gsolv.
2025-04-03 21:43:53,446 -  censo.orca_processor  -  DEBUG   - worker323295:Copying .gbw file from /srv/scratch/z5358697/.automated/4093/0_PRESCREENING/CONF1/sp/sp.gbw.
2025-04-03 21:43:53,461 -   censo.qm_processor   -  DEBUG   - worker323295:Running ['/apps/z_install_tree/linux-rocky8-ivybridge/gcc-12.2.0/orca-6.0.0-srtngmq3qlimg2qxbl6avaaiffipurdx/bin/orca', 'sp_gas.inp']...
2025-04-03 21:43:53,467 -   censo.qm_processor   -  DEBUG   - worker323295:Started (PID: 323300).
2025-04-03 21:44:00,661 -   censo.qm_processor   -  DEBUG   - worker323295:Done.
2025-04-03 21:44:00,670 -  censo.orca_processor  -  DEBUG   - worker323295:Copying .gbw file from /srv/scratch/z5358697/.automated/4093/0_PRESCREENING/CONF1/sp/sp.gbw.
2025-04-03 21:44:00,684 -   censo.qm_processor   -  DEBUG   - worker323295:Running ['/apps/z_install_tree/linux-rocky8-ivybridge/gcc-12.2.0/orca-6.0.0-srtngmq3qlimg2qxbl6avaaiffipurdx/bin/orca', 'sp_solv.inp']...
2025-04-03 21:44:00,688 -   censo.qm_processor   -  DEBUG   - worker323295:Started (PID: 323319).
2025-04-03 21:44:08,944 -   censo.qm_processor   -  DEBUG   - worker323295:Done.
2025-04-03 21:44:08,948 -     censo.parallel     -  DEBUG   - Free cores increased 0 -> 1.
2025-04-03 21:44:08,955 -     censo.parallel     -  DEBUG   - Checking for failed jobs...
2025-04-03 21:44:08,955 -     censo.parallel     -   INFO   - All jobs executed successfully.
2025-04-03 21:44:09,000 -     censo.parallel     -  DEBUG   - Free cores decreased 1 -> 0.
2025-04-03 21:44:09,005 -   censo.qm_processor   -  DEBUG   - worker323404:Running on 1 cores.
2025-04-03 21:44:09,043 -   censo.qm_processor   -   INFO   - worker323404:Running xtb_opt calculation in /srv/scratch/z5358697/.automated/4093/2_OPTIMIZATION/CONF1/xtb_opt.
2025-04-03 21:44:09,073 -  censo.orca_processor  -  DEBUG   - worker323404:Copying .gbw file from /srv/scratch/z5358697/.automated/4093/1_SCREENING/CONF1/gsolv/sp_solv.gbw.
2025-04-03 21:44:09,090 -   censo.qm_processor   -  DEBUG   - worker323404:Running ['/srv/scratch/z5358697/.xtb/bin/xtb', 'xtb_opt.coord', '--opt', 'normal', '--orca', '-I', 'xtb_opt-xcontrol-inp']...
2025-04-03 21:44:09,096 -   censo.qm_processor   -  DEBUG   - worker323404:Started (PID: 323409).
2025-04-03 21:44:44,059 -   censo.qm_processor   -  DEBUG   - worker323404:Done.
2025-04-03 21:44:44,068 -     censo.parallel     -  DEBUG   - Free cores increased 0 -> 1.
2025-04-03 21:44:44,075 -     censo.parallel     -  DEBUG   - Checking for failed jobs...
2025-04-03 21:44:44,075 -     censo.parallel     -   INFO   - All jobs executed successfully.
2025-04-03 21:44:44,080 -     censo.parallel     -  DEBUG   - Free cores decreased 1 -> 0.
2025-04-03 21:44:44,084 -   censo.qm_processor   -  DEBUG   - worker323634:Running on 1 cores.
2025-04-03 21:44:44,089 -   censo.qm_processor   -   INFO   - worker323634:Running xtb_rrho calculation in /srv/scratch/z5358697/.automated/4093/2_OPTIMIZATION/CONF1/xtb_rrho.
2025-04-03 21:44:44,124 -   censo.qm_processor   -  DEBUG   - worker323634:Running ['/srv/scratch/z5358697/.xtb/bin/xtb', 'xtb_rrho.coord', '--gfn2', '--ohess', 'vtight', '--chrg', '0', '--enso', '--norestart', '-I', 'rrho-xcontrol-inp', '--parallel', '1', '--alpb', 'water']...
2025-04-03 21:44:44,130 -   censo.qm_processor   -  DEBUG   - worker323634:Started (PID: 323639).
2025-04-03 21:44:44,265 -   censo.qm_processor   -  DEBUG   - worker323634:Done.
2025-04-03 21:44:44,269 -     censo.parallel     -  DEBUG   - Free cores increased 0 -> 1.
2025-04-03 21:44:44,275 -     censo.parallel     -  DEBUG   - Checking for failed jobs...
2025-04-03 21:44:44,275 -     censo.parallel     -   INFO   - All jobs executed successfully.
2025-04-03 21:44:44,275 -censo.ensembleopt.optimization-  DEBUG   - Writing to /srv/scratch/z5358697/.automated/4093/2_OPTIMIZATION.out.
2025-04-03 21:44:44,286 -censo.ensembleopt.optimization-  DEBUG   - Writing to /srv/scratch/z5358697/.automated/4093/2_OPTIMIZATION.out.
2025-04-03 21:44:44,324 -     censo.parallel     -  DEBUG   - Free cores decreased 1 -> 0.
2025-04-03 21:44:44,328 -   censo.qm_processor   -  DEBUG   - worker323654:Running on 1 cores.
2025-04-03 21:44:44,343 -   censo.qm_processor   -   INFO   - worker323654:Running gsolv calculation in /srv/scratch/z5358697/.automated/4093/3_REFINEMENT/CONF1/gsolv.
2025-04-03 21:44:44,354 -  censo.orca_processor  -  DEBUG   - worker323654:Copying .gbw file from /srv/scratch/z5358697/.automated/4093/2_OPTIMIZATION/CONF1/xtb_opt/xtb_opt.gbw.
2025-04-03 21:44:44,368 -   censo.qm_processor   -  DEBUG   - worker323654:Running ['/apps/z_install_tree/linux-rocky8-ivybridge/gcc-12.2.0/orca-6.0.0-srtngmq3qlimg2qxbl6avaaiffipurdx/bin/orca', 'sp_gas.inp']...
2025-04-03 21:44:44,374 -   censo.qm_processor   -  DEBUG   - worker323654:Started (PID: 323659).
2025-04-03 21:45:04,280 -   censo.qm_processor   -  DEBUG   - worker323654:Done.
2025-04-03 21:45:04,291 -  censo.orca_processor  -  DEBUG   - worker323654:Copying .gbw file from /srv/scratch/z5358697/.automated/4093/2_OPTIMIZATION/CONF1/xtb_opt/xtb_opt.gbw.
2025-04-03 21:45:04,321 -   censo.qm_processor   -  DEBUG   - worker323654:Running ['/apps/z_install_tree/linux-rocky8-ivybridge/gcc-12.2.0/orca-6.0.0-srtngmq3qlimg2qxbl6avaaiffipurdx/bin/orca', 'sp_solv.inp']...
2025-04-03 21:45:04,324 -   censo.qm_processor   -  DEBUG   - worker323654:Started (PID: 323798).
2025-04-03 21:45:24,894 -   censo.qm_processor   -  DEBUG   - worker323654:Done.
2025-04-03 21:45:24,898 -     censo.parallel     -  DEBUG   - Free cores increased 0 -> 1.
2025-04-03 21:45:24,905 -     censo.parallel     -  DEBUG   - Checking for failed jobs...
2025-04-03 21:45:24,905 -     censo.parallel     -   INFO   - All jobs executed successfully.
2025-04-03 21:45:24,905 -censo.ensembleopt.refinement-  DEBUG   - Writing to /srv/scratch/z5358697/.automated/4093/3_REFINEMENT.out.
