----------------------------------------------- 
  Element       SASA      Sigma Z        Total  
     Z         Ang**2 cal/Ang**2/mol   kcal/mol 
----------------------------------------------- 
      H        118.613      48.690       5.775
      C         34.650     129.740       4.496
      O         30.932       0.000       0.000

 Subtotal:     184.196                  10.271
 -----------------------------------------------

  Elements    COT*SASA   Sigma Z,Z'     Total   
    Z,Z'       Ang**2  cal/Ang**2/mol kcal/mol  
 ---------------------------------------------- 
  H   C         79.780     -60.770      -4.848
  H   O          0.000       0.000       0.000
  C   C         22.370     -72.950      -1.632
  O   C         16.131      68.690       1.108
  O   O          0.000       0.000       0.000

 Subtotal:                              -5.372
 ---------------------------------------------- 

 NONAQUEOUS SOLVENT CONTRIBUTION (kcal/mol):
 (proportional to SASA, atomic number independent)
 ---------------------------------------------- 
 Subtotal:                               0.000
 ---------------------------------------------- 

 CDS TOTAL (kcal/mol):                   4.899
...............................................................................
