----------------------------------------------- 
  Element       SASA      Sigma Z        Total  
     Z         Ang**2 cal/Ang**2/mol   kcal/mol 
----------------------------------------------- 
      H         80.883      48.690       3.938
      C         65.337     129.740       8.477
      N         14.084       0.000       0.000
      O         23.446       0.000       0.000

 Subtotal:     183.750                  12.415
 -----------------------------------------------

  Elements    COT*SASA   Sigma Z,Z'     Total   
    Z,Z'       Ang**2  cal/Ang**2/mol kcal/mol  
 ---------------------------------------------- 
  H   C         54.702     -60.770      -3.324
  H   O          0.000       0.000       0.000
  C   C         68.280     -72.950      -4.981
  O   C         14.539      68.690       0.999
  C   N         10.952       0.000       0.000
  N   C         46.661     -48.220      -2.250
  N  C(3)        0.000      84.100       0.000
  O   N          0.000     121.980       0.000

 Subtotal:                              -9.557
 ---------------------------------------------- 

 NONAQUEOUS SOLVENT CONTRIBUTION (kcal/mol):
 (proportional to SASA, atomic number independent)
 ---------------------------------------------- 
 Subtotal:                               0.000
 ---------------------------------------------- 

 CDS TOTAL (kcal/mol):                   2.858
...............................................................................
