18
 energy: -26.556071844671 gnorm: 0.023327880806 xtb: 6.7.1 (edcfbbe)
C           -2.60510327588855       -1.47218994707393       -0.00101886161092
O           -2.22767386033384       -0.08793143214934       -0.01157608705048
C           -0.88421357586265        0.20282218448485       -0.01207612760107
C           -0.56287264466685        1.56543212633755       -0.02682496314721
C            0.77686813672768        1.93215985349160       -0.02236657064654
C            1.79162650027424        0.98025702722585       -0.00630035733416
C            1.46332388290465       -0.38248604086362        0.00460457868310
C            0.11208135475164       -0.76950927828058        0.00468091779619
N            2.45842170725065       -1.35131104513578       -0.04576051968233
H           -2.24160717702646       -1.97277610149973        0.90358662674257
H           -2.22845420592627       -1.99008115109742       -0.89034888982241
H           -3.69567188977321       -1.48081595060730       -0.00891803671460
H           -1.35568865529040        2.30512335844730       -0.03807726097657
H            1.03830661805440        2.98615973267421       -0.02901401506888
H            2.83419279144323        1.28343051213272       -0.00261057851291
H           -0.13017278165463       -1.82583440284363        0.01741405358189
H            3.35512138422511       -1.04744609516027        0.30665593536876
H            2.18872594211221       -2.25238291657006        0.32309829011376
18
 energy: -26.557104168208 gnorm: 0.009833472732 xtb: 6.7.1 (edcfbbe)
C           -2.61139096098917       -1.46713190055907       -0.00201865576146
O           -2.22157327756639       -0.09866876734833       -0.01339886745217
C           -0.87987322484044        0.19247670387918       -0.01300082952200
C           -0.55540735371366        1.54987209640459       -0.02718477186774
C            0.77530048183123        1.92418752685743       -0.02381365046170
C            1.78472822107461        0.97908368561449       -0.00257704010307
C            1.46457343288530       -0.37888486355958        0.01563283008720
C            0.12096230969540       -0.76617900760819        0.00968025024646
N            2.45787161172514       -1.34161152094110       -0.03882331640928
H           -2.25316495201465       -1.96486258357839        0.90284122304058
H           -2.23847001778471       -1.98380983190698       -0.89008753803831
H           -3.69929106771725       -1.45696618731230       -0.01053445141787
H           -1.34807548662430        2.28146848943312       -0.03876661075429
H            1.03155660921430        2.97491086904101       -0.03207941922581
H            2.82091636653270        1.28463834729294       -0.00151711607191
H           -0.11310488387383       -1.81891234551278        0.02016830387101
H            3.35977621832849       -1.03793487778771        0.29668273912458
H            2.19187622515818       -2.24905539889592        0.31394505483396
18
 energy: -26.557285469522 gnorm: 0.004771893424 xtb: 6.7.1 (edcfbbe)
C           -2.61575262130114       -1.46156844287459       -0.00312312916451
O           -2.21899889020605       -0.10266369121308       -0.01419880216324
C           -0.87857587588325        0.18646435578199       -0.01095934870712
C           -0.55233809512740        1.54217102348935       -0.02709298395713
C            0.77470187867976        1.92197781725717       -0.02360596054921
C            1.78322356612960        0.97918231093804       -0.00018973524098
C            1.46740605386395       -0.37827907184810        0.01988808669365
C            0.12577537937847       -0.76609831841933        0.01417316672070
N            2.46003075221398       -1.33625147626506       -0.03130692625119
H           -2.26477612720926       -1.96391077289247        0.90135228916128
H           -2.24753922832184       -1.98375013356346       -0.88916293083917
H           -3.70265652620602       -1.44098156971300       -0.01317282500362
H           -1.34754928302818        2.26860720190738       -0.04166619076907
H            1.02666921024237        2.97166241223612       -0.03573186133944
H            2.81720851387420        1.28649235784875        0.00167110025503
H           -0.10432166184215       -1.81879519445834        0.02552816906307
H            3.36714228346330       -1.03193579650262        0.28685597352133
H            2.19756092260061       -2.24970257819632        0.30589004268782
18
 energy: -26.557344517406 gnorm: 0.002876795654 xtb: 6.7.1 (edcfbbe)
C           -2.61975627618312       -1.45775891232368       -0.00380405596897
O           -2.21768677344534       -0.10373450433041       -0.01494383870270
C           -0.87782407230952        0.18326477218924       -0.00997104114692
C           -0.55140031202789        1.53913924706370       -0.02812215126232
C            0.77458455056074        1.92198475728334       -0.02388793696105
C            1.78380095075839        0.97979994050562        0.00222204275916
C            1.47004730387994       -0.37863497794783        0.02357134004456
C            0.12820444207284       -0.76746516177568        0.01791179651581
N            2.46263859318468       -1.33312895680538       -0.02469409023064
H           -2.27414896401017       -1.96474278957947        0.90078440230237
H           -2.25420239440796       -1.98536512188841       -0.88835189731183
H           -3.70676673243565       -1.43243033677423       -0.01562746013481
H           -1.34932364703028        2.26289750554303       -0.04477293076061
H            1.02390448162215        2.97185072691510       -0.03748440095977
H            2.81752964251557        1.28835183096845        0.00456029811215
H           -0.10044075202469       -1.82103998655463        0.03108894466100
H            3.37422365985777       -1.02845515199613        0.27807799729689
H            2.20382655074346       -2.25191244698023        0.29859111586588
18
 energy: -26.557373489642 gnorm: 0.002191265356 xtb: 6.7.1 (edcfbbe)
C           -2.62294363468467       -1.45542238210415       -0.00431836767576
O           -2.21693726155551       -0.10361414804826       -0.01547192671468
C           -0.87709283761279        0.18157321023054       -0.00904278895097
C           -0.55134767738543        1.53819484395542       -0.02934708665234
C            0.77453259660709        1.92232681277631       -0.02374986651163
C            1.78457223753373        0.98029289889181        0.00457242779042
C            1.47183172856390       -0.37925906654274        0.02660162855447
C            0.12920975617889       -0.76917137262352        0.02143353156858
N            2.46463284644109       -1.33085170020538       -0.01827708365906
H           -2.28150135678029       -1.96530759571832        0.90103908231670
H           -2.25802132209641       -1.98692246758114       -0.88766092470169
H           -3.71033756876706       -1.42803333680905       -0.01840168656196
H           -1.35130737696878        2.26053524879322       -0.04864928961492
H            1.02254926470991        2.97271171467716       -0.03871401169317
H            2.81861213352411        1.28961749285465        0.00763324143934
H           -0.09935895543651       -1.82343942953617        0.03689930474180
H            3.38033252986082       -1.02594759452656        0.26926767167281
H            2.20978514918886       -2.25466269497141        0.29133427877025
18
 energy: -26.557382385496 gnorm: 0.001466283342 xtb: 6.7.1 (edcfbbe)
C           -2.62355878873367       -1.45529476978107       -0.00446519837664
O           -2.21702602641131       -0.10308447395078       -0.01563259726904
C           -0.87682329967409        0.18163813127657       -0.00865523431801
C           -0.55175236618852        1.53867800992932       -0.03021145998281
C            0.77442888123813        1.92239314444462       -0.02375324815223
C            1.78462153211748        0.98030710159329        0.00582414505773
C            1.47188160372411       -0.37960029045380        0.02821763474329
C            0.12882345843982       -0.76982813882050        0.02323195464052
N            2.46469186759671       -1.33007174266109       -0.01474076023541
H           -2.28351722446786       -1.96483665722273        0.90178464614923
H           -2.25728793796609       -1.98727321572150       -0.88717903333265
H           -3.71109508014696       -1.42816398354779       -0.02026525833643
H           -1.35198601849689        2.26094289663312       -0.05096442367947
H            1.02272961405120        2.97300356207563       -0.03901612694639
H            2.81889699803600        1.28962446105582        0.00943197593216
H           -0.10040718194591       -1.82406777838087        0.03998519225761
H            3.38250944130028       -1.02529870440578        0.26429016963989
H            2.21208077884847       -2.25644711855004        0.28726575632685
18
 energy: -26.557386435396 gnorm: 0.000452824199 xtb: 6.7.1 (edcfbbe)
C           -2.62271862686266       -1.45632489472906       -0.00448001968460
O           -2.21771366394686       -0.10235641131440       -0.01567788231026
C           -0.87687376990161        0.18269293597992       -0.00834712219851
C           -0.55243061993211        1.53987454202378       -0.03101656027676
C            0.77424565433104        1.92231717094674       -0.02366518965578
C            1.78413799463771        0.98009424754910        0.00710868973693
C            1.47095154300595       -0.37979801571143        0.02988245195957
C            0.12763507299321       -0.76976426741183        0.02487567089400
N            2.46331152852683       -1.32977798740436       -0.01117407995776
H           -2.28342272995609       -1.96346445188001        0.90314858190541
H           -2.25319512904562       -1.98715848064307       -0.88630742236709
H           -3.71019863333004       -1.43058499921930       -0.02273272553104
H           -1.35197225085393        2.26268040510830       -0.05326702872965
H            1.02373104746356        2.97290773674454       -0.03940943263848
H            2.81854346881697        1.28896537152331        0.01122835030271
H           -0.10264628317895       -1.82353335166113        0.04275754512288
H            3.38325312688060       -1.02559404972077        0.25923395923297
H            2.21257252167296       -2.25855506666790        0.28299034831365
18
 energy: -26.557386986066 gnorm: 0.000133795800 xtb: 6.7.1 (edcfbbe)
C           -2.62206810171431       -1.45670878115897       -0.00441816525618
O           -2.21792785865290       -0.10249679691517       -0.01560435599658
C           -0.87713621313734        0.18302938663772       -0.00833566700668
C           -0.55238154887238        1.53994551941068       -0.03080668587701
C            0.77427172124233        1.92233913283281       -0.02373939529032
C            1.78398873158334        0.98010315137893        0.00687752065063
C            1.47068563033991       -0.37962623845010        0.02968403293067
C            0.12752838998109       -0.76921184790369        0.02460385638829
N            2.46267874242404       -1.33012126876200       -0.01176448389105
H           -2.28264089998009       -1.96328472020611        0.90331403312462
H           -2.25192586165062       -1.98713565423461       -0.88603019353841
H           -3.70943193428520       -1.43128891475660       -0.02295626642021
H           -1.35154747858856        2.26299655421857       -0.05274474036522
H            1.02388023945638        2.97276479300023       -0.03946340794280
H            2.81828781310769        1.28888227324548        0.01089314721698
H           -0.10258806052851       -1.82290533445449        0.04214776568818
H            3.38239488426628       -1.02625380604407        0.25998828106206
H            2.21114205632978       -2.25840701432618        0.28350285864122
18
 energy: -26.557387055687 gnorm: 0.000053277541 xtb: 6.7.1 (edcfbbe)
C           -2.62182782768992       -1.45685434445428       -0.00439472291895
O           -2.21802360427733       -0.10253549803870       -0.01556212528709
C           -0.87727929215930        0.18320528768383       -0.00828343204235
C           -0.55238975444832        1.54004184048629       -0.03073202002837
C            0.77430037086545        1.92241493125945       -0.02369579547756
C            1.78400361342585        0.98017038437377        0.00685753198131
C            1.47063614564977       -0.37956173453188        0.02966132485234
C            0.12746971601733       -0.76898443831044        0.02464538983228
N            2.46239981486662       -1.33025290385083       -0.01184154733219
H           -2.28273503685683       -1.96318806815731        0.90359600974316
H           -2.25106831260947       -1.98731866142699       -0.88570856419900
H           -3.70917788980986       -1.43170013244785       -0.02352143948456
H           -1.35141704383646        2.26327499991463       -0.05265911639093
H            1.02390465638926        2.97281514744100       -0.03954647657902
H            2.81829880021876        1.28895849731402        0.01079801193556
H           -0.10257344434996       -1.82270617814013        0.04222744828747
H            3.38221451759628       -1.02666658069258        0.25996843623466
H            2.21047482232906       -2.25849211490958        0.28333922099142
