19
 energy: -29.554905869607 gnorm: 0.022340095503 xtb: 6.7.1 (edcfbbe)
C           -2.74496198908461       -0.25704349043002        0.00005336033781
C           -2.35297578706436        1.09828984039359        0.00010360928183
C           -1.01955590365483        1.43765398414853        0.00011337578605
C           -0.02355807478859        0.43233632672912        0.00007938085189
C           -0.41445516637394       -0.94528616306106        0.00004106522298
C           -1.79751556598051       -1.25336625633782        0.00002172202584
C            0.57684905783107       -1.95751368174022        0.00002873626200
C            1.90869538527600       -1.61743476251444        0.00004522305394
C            2.31326200887946       -0.26765066696343        0.00006781591339
C            1.36691035418368        0.73424501407382        0.00008059470299
O            1.70492968027316        2.06462941069995        0.00009717591734
H           -3.80037481392178       -0.51067655614403        0.00003808054767
H           -3.10924621890333        1.87669914445899        0.00013913826598
H           -0.72475891010236        2.48076575135686        0.00015073560335
H           -2.09591278009272       -2.29795379242957       -0.00002317634070
H            0.26705711230499       -2.99794961595987        0.00000738575113
H            2.66958741375447       -2.39168379097422        0.00004913915712
H            3.36865948039708       -0.00971776678475        0.00007963996143
H            2.66949918897319        2.14200478206182        0.00005671174753
19
 energy: -29.555884974408 gnorm: 0.009056003704 xtb: 6.7.1 (edcfbbe)
C           -2.73617821632946       -0.25719601627549        0.00005348846372
C           -2.34565849189083        1.09084403733885        0.00010251112614
C           -1.01831283941838        1.42638548374289        0.00011086676497
C           -0.02626494794323        0.42617327510946        0.00007806771652
C           -0.41574662009695       -0.94161923443192        0.00004205429837
C           -1.79337366925155       -1.24872082780481        0.00002415042419
C            0.57534936002643       -1.94641628642204        0.00002863520867
C            1.90053710077742       -1.60977950192888        0.00004655563203
C            2.30097241921939       -0.26621339986821        0.00006879082744
C            1.36072567397605        0.73512514085358        0.00008134120716
O            1.70353816822004        2.05812977968618        0.00009944513394
H           -3.78792009407202       -0.50713373902613        0.00004060378550
H           -3.09978812563605        1.86511658926675        0.00013127682948
H           -0.71483120621675        2.46309700336624        0.00014407310400
H           -2.09070894521805       -2.28872007580715       -0.00001175464821
H            0.26853232326822       -2.98247788825043        0.00000539146704
H            2.65908720186509       -2.38012015420075        0.00004018055678
H            3.35361547418623       -0.01784431846578        0.00007486648708
H            2.66855990644046        2.14171784370087        0.00006916966474
19
 energy: -29.555972020102 gnorm: 0.003877328867 xtb: 6.7.1 (edcfbbe)
C           -2.73412221876471       -0.25710744081652        0.00005571131460
C           -2.34397830241458        1.08971976316406        0.00009812556757
C           -1.01783611518707        1.42324945049468        0.00010670648979
C           -0.02718446940997        0.42303324445836        0.00007732865101
C           -0.41624084759828       -0.94137420579951        0.00004356275483
C           -1.79257225302121       -1.24810221700600        0.00002935394346
C            0.57495611653563       -1.94460923287476        0.00002695499826
C            1.89851373034571       -1.60831941781073        0.00004185045854
C            2.29673776937175       -0.26522469564795        0.00006672586076
C            1.35896293006909        0.73734678600014        0.00008181349178
O            1.70208626259231        2.05592432531722        0.00010270783751
H           -3.78496658255582       -0.50524892604483        0.00004434369030
H           -3.09774504078629        1.86250068270461        0.00012450891821
H           -0.70700467735171        2.45687607167333        0.00013802597518
H           -2.08914014962643       -2.28688206492328       -0.00000298625034
H            0.26869101275429       -2.97957968046602        0.00000469791733
H            2.65686248465708       -2.37669416004336        0.00003460840905
H            3.34919355098096       -0.02185970097753        0.00007307923776
H            2.66692127131529        2.14669912918131        0.00008259478395
19
 energy: -29.555986639927 gnorm: 0.001354655837 xtb: 6.7.1 (edcfbbe)
C           -2.73393319745291       -0.25691502223173        0.00005711571029
C           -2.34382454823746        1.09025423271496        0.00009568797007
C           -1.01766101950249        1.42298734134788        0.00010408522008
C           -0.02727627688663        0.42178039825059        0.00007707827338
C           -0.41626351130473       -0.94195120510761        0.00004464316860
C           -1.79274750824577       -1.24833840318396        0.00003265423913
C            0.57494175787359       -1.94550689349112        0.00002675309377
C            1.89834987014063       -1.60864937369080        0.00003946224348
C            2.29578117102163       -0.26495066442055        0.00006539145590
C            1.35890880786448        0.73869032114175        0.00008241604707
O            1.70091778980783        2.05535617140059        0.00010574707265
H           -3.78488268705005       -0.50434570834902        0.00004764482991
H           -3.09790138836145        1.86259000158478        0.00011806107727
H           -0.70297517813430        2.45542104533640        0.00013208258631
H           -2.08925176593147       -2.28704013961247        0.00000442194960
H            0.26855650999404       -2.98048879366399        0.00000368130529
H            2.65726315402229       -2.37615161830299        0.00002813968274
H            3.34875043196284       -0.02365326083506        0.00007110454621
H            2.66538206032599        2.15125928169559        0.00009354357778
19
 energy: -29.555989463069 gnorm: 0.000758706354 xtb: 6.7.1 (edcfbbe)
C           -2.73399082472220       -0.25663548790746        0.00005956694603
C           -2.34378406568467        1.09112792870211        0.00009170055017
C           -1.01745759891570        1.42336771913640        0.00009987006720
C           -0.02706928769040        0.42099026168778        0.00007676314340
C           -0.41607047553238       -0.94272045735557        0.00004618546428
C           -1.79313966652720       -1.24862259929446        0.00003751752679
C            0.57499468629979       -1.94708745662762        0.00002563030899
C            1.89849976325841       -1.60940798852474        0.00003495664681
C            2.29570751092585       -0.26511398087264        0.00006340187905
C            1.35940132693708        0.73945739768832        0.00008338374047
O            1.69954631091940        2.05509998110028        0.00010986293931
H           -3.78533038015193       -0.50361581232001        0.00005223566068
H           -3.09842093740017        1.86323758304833        0.00011058330541
H           -0.70018287129770        2.45512508317153        0.00012489079578
H           -2.08998495981921       -2.28749263032181        0.00001251782756
H            0.26829802351520       -2.98227783113901        0.00000326457896
H            2.65832450435289       -2.37628604899785        0.00002105308790
H            3.34934335160549       -0.02498664615200        0.00006919513866
H            2.66345006183350        2.15618869556164        0.00010713444209
19
 energy: -29.555989989972 gnorm: 0.000065881046 xtb: 6.7.1 (edcfbbe)
C           -2.73394648813079       -0.25667388477045        0.00005944288592
C           -2.34369213931029        1.09095278016227        0.00009209205435
C           -1.01743393812109        1.42334551643007        0.00010007408737
C           -0.02702340484632        0.42123544505198        0.00007670613593
C           -0.41604524603490       -0.94256510068526        0.00004607578118
C           -1.79307439047066       -1.24851523695995        0.00003721925440
C            0.57496345266429       -1.94682509057538        0.00002596133563
C            1.89844389973195       -1.60930909481578        0.00003538261574
C            2.29593448165864       -0.26527536645108        0.00006334774909
C            1.35944997672667        0.73900660051760        0.00008325476270
O            1.69970930780668        2.05516338435944        0.00011007778331
H           -3.78525283841981       -0.50378262373950        0.00005242904461
H           -3.09826477080992        1.86313312496431        0.00011030152794
H           -0.70113459040888        2.45537721606533        0.00012425622658
H           -2.08997962149377       -2.28737204841012        0.00001286285561
H            0.26828313617667       -2.98196126562531        0.00000312807111
H            2.65815818944711       -2.37636511144836        0.00002054157280
H            3.34941009188638       -0.02464620671016        0.00006898716092
H            2.66362936385408        2.15542467322358        0.00010757314436
19
 energy: -29.555989869643 gnorm: 0.000411931049 xtb: 6.7.1 (edcfbbe)
C           -2.73375551598269       -0.25665188479499        0.00005700333338
C           -2.34357549705532        1.09087834810635        0.00009617186688
C           -1.01747580630100        1.42330419107081        0.00010420258480
C           -0.02699863423117        0.42124325291358        0.00007721887224
C           -0.41597312591364       -0.94252526559782        0.00004506404264
C           -1.79302012101918       -1.24838058547087        0.00003321722484
C            0.57496763087157       -1.94677623247033        0.00002829659127
C            1.89831879720926       -1.60920689237375        0.00003999083739
C            2.29582837932098       -0.26537308905670        0.00006419404562
C            1.35946825662564        0.73892278115269        0.00008219513303
O            1.69967563549652        2.05515039663815        0.00010848846395
H           -3.78509653707494       -0.50381187890581        0.00005005425058
H           -3.09823297230072        1.86300785313153        0.00011230765027
H           -0.70125734052289        2.45530264837425        0.00012610165460
H           -2.09009761587090       -2.28722532289484        0.00001072650034
H            0.26828985746521       -2.98186607887256        0.00000213953691
H            2.65816934871389       -2.37617884282232        0.00002173222397
H            3.34935703030774       -0.02478931012050        0.00006921164111
H            2.66354270216772        2.15532362257638        0.00010139759575
19
 energy: -29.555990000895 gnorm: 0.000019495678 xtb: 6.7.1 (edcfbbe)
C           -2.73393088917855       -0.25667296618809        0.00006015062074
C           -2.34364407693810        1.09094137138833        0.00009097650452
C           -1.01739140467126        1.42330764716620        0.00009885494312
C           -0.02701497448448        0.42120772748957        0.00007653383784
C           -0.41604908723200       -0.94256247968642        0.00004639962754
C           -1.79307166981851       -1.24851116619944        0.00003843979910
C            0.57494561715936       -1.94681096048407        0.00002547441824
C            1.89841784706956       -1.60931846559893        0.00003413237954
C            2.29595157154547       -0.26530832501343        0.00006296168802
C            1.35946330789150        0.73894783249756        0.00008352298253
O            1.69965424929846        2.05512488444914        0.00011088320895
H           -3.78522613239178       -0.50374862813656        0.00005344520504
H           -3.09820481887509        1.86311186244161        0.00010903762235
H           -0.70111622984409        2.45534164810130        0.00012293041723
H           -2.08996962848551       -2.28735420772282        0.00001426845200
H            0.26825627715240       -2.98192565766349        0.00000323650636
H            2.65812185112500       -2.37637666380987        0.00001940466198
H            3.34939624776042       -0.02466134671513        0.00006866134674
H            2.66354641482326        2.15561560426779        0.00011039982772
19
 energy: -29.555989886986 gnorm: 0.000399404183 xtb: 6.7.1 (edcfbbe)
C           -2.73408146347939       -0.25668699148921        0.00006274634856
C           -2.34369314839950        1.09098867358210        0.00008701414004
C           -1.01729604017584        1.42330143996074        0.00009418292140
C           -0.02703427397144        0.42117495702416        0.00007588852793
C           -0.41613471050980       -0.94258353764284        0.00004785678846
C           -1.79311751870393       -1.24863131216617        0.00004340336281
C            0.57492790074240       -1.94682737014742        0.00002453684136
C            1.89850262910735       -1.60944261279026        0.00002965141020
C            2.29607604797926       -0.26526679817877        0.00006069040108
C            1.35946735171713        0.73894784405371        0.00008428074543
O            1.69962727915794        2.05505254961665        0.00011566450356
H           -3.78533622565662       -0.50365507090795        0.00005923758933
H           -3.09816115268327        1.86319090048366        0.00010056754284
H           -0.70101786162005        2.45538055384231        0.00011368907805
H           -2.08983826609860       -2.28747627520772        0.00002394843899
H            0.26825330607967       -2.98197106867933        0.00000232784377
H            2.65803276965729       -2.37660910345653        0.00001107772260
H            3.34944197187663       -0.02458234549561        0.00006634970714
H            2.66351587688685        2.15604327818173        0.00012660013602
19
 energy: -29.555990001919 gnorm: 0.000024784633 xtb: 6.7.1 (edcfbbe)
C           -2.73392828310226       -0.25666669498651        0.00006088500240
C           -2.34363549957728        1.09095121529267        0.00008986943041
C           -1.01738053423642        1.42330694794544        0.00009766373844
C           -0.02701026129132        0.42119090123251        0.00007635440539
C           -0.41604933349810       -0.94257336846519        0.00004664264311
C           -1.79307856407903       -1.24851274853384        0.00003960603916
C            0.57494407756964       -1.94683225393953        0.00002486897621
C            1.89841504663102       -1.60933316461916        0.00003290878953
C            2.29595518568268       -0.26532058983477        0.00006268090818
C            1.35947611881385        0.73894403908415        0.00008382891230
O            1.69963011750046        2.05510913344382        0.00011152667615
H           -3.78522856031047       -0.50372860992300        0.00005426567012
H           -3.09820530662970        1.86311546497186        0.00010811464260
H           -0.70108110359609        2.45533343573162        0.00012203486869
H           -2.08998342504825       -2.28735565362623        0.00001528043362
H            0.26825740121902       -2.98194806357129        0.00000342593355
H            2.65812918397683       -2.37638140338280        0.00001866205542
H            3.34940439173251       -0.02468942572354        0.00006848596731
H            2.66350382014897        2.15573854948702        0.00011260895697
19
 energy: -29.555989893111 gnorm: 0.000386423448 xtb: 6.7.1 (edcfbbe)
C           -2.73376609521779       -0.25664402183518        0.00006061638791
C           -2.34357421521419        1.09090478504765        0.00009040515582
C           -1.01746112219755        1.42331029845627        0.00009863771441
C           -0.02698989672271        0.42121068469050        0.00007640621196
C           -0.41597224856960       -0.94255239703263        0.00004585524602
C           -1.79303634416932       -1.24839167086445        0.00003822290426
C            0.57496128857955       -1.94682433911142        0.00002382600375
C            1.89832259140526       -1.60922994432634        0.00003363267673
C            2.29583305195226       -0.26538161699443        0.00006414789019
C            1.35948980849321        0.73893365595626        0.00008404668614
O            1.69964395862300        2.05513629170638        0.00010852294060
H           -3.78511352670110       -0.50379156643594        0.00005078411982
H           -3.09824690208531        1.86302582026677        0.00011404438580
H           -0.70117368950318        2.45529182742537        0.00012893603010
H           -2.09012403284585       -2.28723473674389        0.00000836185879
H            0.26828064872537       -2.98191497036019        0.00000510426583
H            2.65820249350638       -2.37617083899167        0.00002504789141
H            3.34936755599950       -0.02481969947747        0.00007026450328
H            2.66349114784814        2.15549014920765        0.00010285117673
19
 energy: -29.555990001772 gnorm: 0.000015815330 xtb: 6.7.1 (edcfbbe)
C           -2.73392685349088       -0.25667018365211        0.00005920044900
C           -2.34363141344474        1.09094078245273        0.00009250822846
C           -1.01737939684148        1.42330182368462        0.00010013148625
C           -0.02700948216600        0.42120229361341        0.00007669349796
C           -0.41604964313450       -0.94256545205164        0.00004636268979
C           -1.79307283955866       -1.24851071142499        0.00003743735838
C            0.57494456073384       -1.94681626266682        0.00002711121402
C            1.89841392908881       -1.60932994007381        0.00003579489327
C            2.29596305689255       -0.26532333426795        0.00006247673540
C            1.35947347735990        0.73892893582334        0.00008288734566
O            1.69963225500816        2.05511759397688        0.00011198755369
H           -3.78522420835501       -0.50373161778858        0.00005450259450
H           -3.09818975273680        1.86311276630286        0.00010642563298
H           -0.70111724355614        2.45533895788863        0.00011964320311
H           -2.08997047202067       -2.28735329947104        0.00001746482925
H            0.26825172336953       -2.98193126343523        0.00000175042296
H            2.65811213353792       -2.37639688153367        0.00001616795487
H            3.34940620257537       -0.02467596484251        0.00006778114399
H            2.66350843864485        2.15570946804911        0.00011338681601
19
 energy: -29.555989897747 gnorm: 0.000379522646 xtb: 6.7.1 (edcfbbe)
C           -2.73407754736715       -0.25669498155778        0.00006174606715
C           -2.34368500293269        1.09096474544090        0.00008893839792
C           -1.01729575145158        1.42329185133835        0.00009590023795
C           -0.02703233557827        0.42120274922340        0.00007611752887
C           -0.41613512451916       -0.94256512592664        0.00004762067688
C           -1.79310553126837       -1.24862469352095        0.00004191798136
C            0.57493044594137       -1.94679055189328        0.00002615053439
C            1.89850037649545       -1.60943193793433        0.00003178045338
C            2.29609540170525       -0.26527222890985        0.00006072334980
C            1.35946097794461        0.73891092353451        0.00008370574140
O            1.69963467726150        2.05507249678896        0.00011586663394
H           -3.78532744209163       -0.50366331169213        0.00005913948933
H           -3.09813036402980        1.86318412830644        0.00009958010462
H           -0.70110389515380        2.45539534059251        0.00011231282891
H           -2.08981271717124       -2.28747021135646        0.00002496434332
H            0.26824374100870       -2.98193280923918        0.00000131638029
H            2.65799614075466       -2.37664019927349        0.00000941510726
H            3.34944942219881       -0.02455045456670        0.00006587753589
H            2.66352900015939        2.15596198122897        0.00012664065689
19
 energy: -29.555990001830 gnorm: 0.000011738473 xtb: 6.7.1 (edcfbbe)
C           -2.73392896973072       -0.25666656976400        0.00006187040640
C           -2.34363373035978        1.09094814759383        0.00008836339214
C           -1.01737663645200        1.42330920803899        0.00009609012348
C           -0.02700738533368        0.42119705479503        0.00007611600310
C           -0.41605106916365       -0.94257127328222        0.00004691546216
C           -1.79307908704082       -1.24851232581101        0.00004105979699
C            0.57494409439844       -1.94683027724775        0.00002390164268
C            1.89841594474499       -1.60933675457532        0.00003123804197
C            2.29596687312538       -0.26532729826029        0.00006245565099
C            1.35948269372430        0.73892963939354        0.00008427868396
O            1.69963201001699        2.05510681070846        0.00011203084016
H           -3.78523087606921       -0.50372763064508        0.00005500956910
H           -3.09820241073608        1.86311562504494        0.00010763193451
H           -0.70110838543095        2.45534565515515        0.00012165219603
H           -2.08998580263507       -2.28735642163462        0.00001572387043
H            0.26826037207606       -2.98194753810379        0.00000395836014
H            2.65812261704876       -2.37639401882269        0.00001847276873
H            3.34941438917927       -0.02468834692695        0.00006846349742
H            2.66349983054380        2.15575402492701        0.00011448180918
19
 energy: -29.555989901846 gnorm: 0.000375786339 xtb: 6.7.1 (edcfbbe)
C           -2.73377510950041       -0.25663803530191        0.00006485413084
C           -2.34358191841325        1.09092108702500        0.00008340687230
C           -1.01745492842046        1.42332773297982        0.00009189839063
C           -0.02698460439038        0.42120196349237        0.00007549807996
C           -0.41597528193723       -0.94256497635616        0.00004687275088
C           -1.79304972865069       -1.24839752341358        0.00004419414559
C            0.57495929093559       -1.94685433274152        0.00001848921543
C            1.89832984308960       -1.60924510834605        0.00002589738348
C            2.29584480550161       -0.26538813779509        0.00006394924438
C            1.35950976374121        0.73893499592012        0.00008630028574
O            1.69964651361491        2.05511840606797        0.00010876276448
H           -3.78513085213127       -0.50378685567873        0.00005197440800
H           -3.09827399854999        1.86303480286582        0.00011589696846
H           -0.70115999449314        2.45531099354364        0.00013192172659
H           -2.09015406023864       -2.28724342299127        0.00000585012204
H            0.26829466787310       -2.98195017018290        0.00000866012638
H            2.65822562563310       -2.37616720058735        0.00002876196923
H            3.34938596289688       -0.02483743929879        0.00007141989182
H            2.66347847534553        2.15557093138184        0.00010510557332
19
 energy: -29.555990001791 gnorm: 0.000011604564 xtb: 6.7.1 (edcfbbe)
C           -2.73392352979595       -0.25666835023619        0.00005778068308
C           -2.34362615302359        1.09094175823513        0.00009480933695
C           -1.01737622796615        1.42329691807588        0.00010221048391
C           -0.02700864738095        0.42119465322613        0.00007693761174
C           -0.41604897348398       -0.94256877425003        0.00004613812469
C           -1.79307276634362       -1.24851056525421        0.00003566663072
C            0.57494415716585       -1.94682033518291        0.00002915691378
C            1.89841068871607       -1.60933229701602        0.00003829206231
C            2.29595888621550       -0.26532580230821        0.00006213680652
C            1.35947460866663        0.73893103302259        0.00008202146734
O            1.69961990442319        2.05511440895211        0.00011268112123
H           -3.78522145583964       -0.50372422906939        0.00005501231114
H           -3.09818348817981        1.86311313106004        0.00010436503214
H           -0.70109820072452        2.45532802074353        0.00011690183181
H           -2.08997075298077       -2.28735177067886        0.00002006557432
H            0.26824883655274       -2.98193377868458        0.00000013548527
H            2.65811175009494       -2.37639688310629        0.00001340278204
H            3.34940389255625       -0.02468820450827        0.00006696085366
H            2.66349194323386        2.15574877756278        0.00011503893689
