13
 energy: -24.188265306238 gnorm: 0.020868483522 xtb: 6.7.1 (edcfbbe)
C           -1.95974818226124        0.62785994824436       -0.00015997836572
C           -1.90493746074833       -0.76300440811780        0.00001350377530
C           -0.66745101944576       -1.40667387880300        0.00012063250537
C            0.48204507330491       -0.64308652747539        0.00003269194489
C            0.45174980845715        0.75178829511963       -0.00014890884579
C           -0.78972096032619        1.38427416201481       -0.00024142889857
O            1.64955254689492        1.41507581715798       -0.00025297023035
F            1.69507058110648       -1.25439777967743        0.00012410098041
H           -2.91841683872518        1.13560100466446       -0.00025002501253
H           -2.81590472493309       -1.35097780717303        0.00007012771810
H           -0.58514689741449       -2.48841902922129        0.00026942603137
H           -0.82634938913421        2.47013157876936       -0.00040639694790
H            1.47573962541350        2.36696031763380       -0.00036539160109
13
 energy: -24.188912880683 gnorm: 0.010015325034 xtb: 6.7.1 (edcfbbe)
C           -1.95071939125993        0.62519035576395       -0.00017054867678
C           -1.89872349601291       -0.75779934788428        0.00001691613580
C           -0.67036352875861       -1.40213074373336        0.00012023002699
C            0.48065108918997       -0.64494588734512        0.00002974465305
C            0.45278370976608        0.75009215138397       -0.00016120581486
C           -0.78704042638243        1.37709582309035       -0.00025816833413
O            1.63770329425758        1.42168975285505       -0.00024350946031
F            1.69205166336027       -1.26844110879012        0.00012659758534
H           -2.90470688620143        1.13014406535616       -0.00024567812547
H           -2.80672000647823       -1.33987782322292        0.00008238672648
H           -0.59355223517158       -2.47849980720123        0.00026556957841
H           -0.83211408975465        2.45672294198550       -0.00039811579853
H            1.46723246563435        2.37589132087850       -0.00035883544249
13
 energy: -24.189015784171 gnorm: 0.004477501781 xtb: 6.7.1 (edcfbbe)
C           -1.94859438007081        0.62471190251488       -0.00016722173440
C           -1.89794797111186       -0.75666441276353        0.00001773800225
C           -0.67168474592930       -1.40028167840276        0.00011675302343
C            0.48073257305636       -0.64536192908066        0.00002797953202
C            0.45595477242508        0.74985874445535       -0.00015957162227
C           -0.78538800603227        1.37379464880841       -0.00025525488951
O            1.63185809377608        1.42652069197639       -0.00024132868465
F            1.69109425702211       -1.27851664968143        0.00012750748561
H           -2.90097718045872        1.12917775641190       -0.00024842155187
H           -2.80487868061462       -1.33724197312286        0.00008567254816
H           -0.59549836402464       -2.47470370261383        0.00026355992415
H           -0.83483548650643        2.45122467962695       -0.00040251744413
H            1.46664728065750        2.38261361500763       -0.00035951153530
13
 energy: -24.189035318826 gnorm: 0.001662782210 xtb: 6.7.1 (edcfbbe)
C           -1.94909463182239        0.62482466372931       -0.00017001706736
C           -1.89891043328792       -0.75718636010759        0.00001760231045
C           -0.67206559040910       -1.39972714002846        0.00011762421450
C            0.48068148459053       -0.64479104384370        0.00002844160868
C            0.45811129330044        0.75019697514930       -0.00016035142061
C           -0.78500106037576        1.37269922228234       -0.00025778474923
O            1.63034168506464        1.42861338630859       -0.00023910609769
F            1.69049089749655       -1.28276793749709        0.00012786876863
H           -2.90128519702704        1.12980250606330       -0.00024634735276
H           -2.80571327694829       -1.33816328249243        0.00008680898566
H           -0.59445672509804       -2.47412176935491        0.00026270899335
H           -0.83551074356694        2.45019804307964       -0.00040126933011
H            1.46889446027180        2.38555442984814       -0.00036079581001
13
 energy: -24.189038605844 gnorm: 0.000701479657 xtb: 6.7.1 (edcfbbe)
C           -1.95006172884069        0.62488168219744       -0.00016729439887
C           -1.90013370713492       -0.75811784672236        0.00001845998273
C           -0.67226540122061       -1.39947167655725        0.00011682974356
C            0.48024871311512       -0.64373997251497        0.00002751373033
C            0.45943358822310        0.75072641382809       -0.00015904138643
C           -0.78530554141085        1.37220246236057       -0.00025584015591
O            1.63038090937973        1.42949581423023       -0.00023730805016
F            1.68964731219763       -1.28449392187464        0.00012671370342
H           -2.90234153377650        1.13062666722174       -0.00024856683805
H           -2.80701656944919       -1.33984809031240        0.00008668553362
H           -0.59245220737253       -2.47430997026086        0.00026292197805
H           -0.83545044685972        2.45041532527393       -0.00040341501248
H            1.47179877533790        2.38676480626692       -0.00036227577632
13
 energy: -24.189039130277 gnorm: 0.000125850112 xtb: 6.7.1 (edcfbbe)
C           -1.94987742435761        0.62479182437739       -0.00016985821009
C           -1.89992350859376       -0.75804065836125        0.00001738152646
C           -0.67227297527684       -1.39955102211545        0.00011747762084
C            0.48014877637163       -0.64375414701811        0.00002836236657
C            0.45896146935485        0.75069809147176       -0.00015943450844
C           -0.78548501398712        1.37236488037611       -0.00025711771102
O            1.63066585068462        1.42908619598477       -0.00023725932188
F            1.68960775147350       -1.28371277952708        0.00012741508250
H           -2.90214251123772        1.13044008290772       -0.00024648401343
H           -2.80682299464697       -1.33958177954169        0.00008679805851
H           -0.59249041552061       -2.47431783672868        0.00026268797419
H           -0.83527638837896        2.45053615596553       -0.00040154377133
H            1.47138954630347        2.38617268534543       -0.00036304203938
13
 energy: -24.189039146982 gnorm: 0.000040788441 xtb: 6.7.1 (edcfbbe)
C           -1.94982547159371        0.62477603923335       -0.00016767666455
C           -1.89990952046398       -0.75804938082276        0.00001824745580
C           -0.67231817115778       -1.39955252589098        0.00011712713059
C            0.48012668783929       -0.64372886327452        0.00002793872545
C            0.45896312102445        0.75070554632525       -0.00015909382503
C           -0.78550828330417        1.37235530651717       -0.00025575456243
O            1.63062133435654        1.42911243520857       -0.00023741077252
F            1.68955290104348       -1.28382563571988        0.00012724219390
H           -2.90208068348459        1.13040391734820       -0.00024821937212
H           -2.80683300996294       -1.33949498227603        0.00008593401552
H           -0.59238999566855       -2.47427062915488        0.00026272391517
H           -0.83523915813107        2.45049544282152       -0.00040222439618
H            1.47132241169151        2.38620502282145       -0.00036345079011
