2025-04-03 21:50:14,435 -     censo.parallel     -  DEBUG   - Free cores decreased 1 -> 0.
2025-04-03 21:50:14,440 -   censo.qm_processor   -  DEBUG   - worker2170771:Running on 1 cores.
2025-04-03 21:50:14,470 -   censo.qm_processor   -   INFO   - worker2170771:Running xtb_gsolv calculation in /srv/scratch/z5358697/.automated/4122/0_PRESCREENING/CONF1/xtb_gsolv.
2025-04-03 21:50:14,543 -   censo.qm_processor   -  DEBUG   - worker2170771:Running ['/srv/scratch/z5358697/.xtb/bin/xtb', 'gas.coord', '--gfn2', '--sp', '--chrg', '0', '--norestart', '--parallel', '1']...
2025-04-03 21:50:14,548 -   censo.qm_processor   -  DEBUG   - worker2170771:Started (PID: 2170784).
2025-04-03 21:50:14,583 -   censo.qm_processor   -  DEBUG   - worker2170771:Done.
2025-04-03 21:50:14,607 -   censo.qm_processor   -  DEBUG   - worker2170771:Running ['/srv/scratch/z5358697/.xtb/bin/xtb', 'solv.coord', '--gfn2', '--sp', '--chrg', '0', '--norestart', '--parallel', '1', '--alpb', 'water', 'reference', '-I', 'xtb_sp-xcontrol-inp']...
2025-04-03 21:50:14,610 -   censo.qm_processor   -  DEBUG   - worker2170771:Started (PID: 2170790).
2025-04-03 21:50:14,650 -   censo.qm_processor   -  DEBUG   - worker2170771:Done.
2025-04-03 21:50:14,652 -     censo.parallel     -  DEBUG   - Free cores increased 0 -> 1.
2025-04-03 21:50:14,659 -     censo.parallel     -  DEBUG   - Checking for failed jobs...
2025-04-03 21:50:14,659 -     censo.parallel     -   INFO   - All jobs executed successfully.
2025-04-03 21:50:14,666 -     censo.parallel     -  DEBUG   - Free cores decreased 1 -> 0.
2025-04-03 21:50:14,671 -   censo.qm_processor   -  DEBUG   - worker2170808:Running on 1 cores.
2025-04-03 21:50:14,683 -   censo.qm_processor   -   INFO   - worker2170808:Running sp calculation in /srv/scratch/z5358697/.automated/4122/0_PRESCREENING/CONF1/sp.
2025-04-03 21:50:14,712 -   censo.qm_processor   -  DEBUG   - worker2170808:Running ['/apps/z_install_tree/linux-rocky8-ivybridge/gcc-12.2.0/orca-6.0.0-srtngmq3qlimg2qxbl6avaaiffipurdx/bin/orca', 'sp.inp']...
2025-04-03 21:50:14,718 -   censo.qm_processor   -  DEBUG   - worker2170808:Started (PID: 2170844).
2025-04-03 21:50:19,592 -   censo.qm_processor   -  DEBUG   - worker2170808:Done.
2025-04-03 21:50:19,598 -     censo.parallel     -  DEBUG   - Free cores increased 0 -> 1.
2025-04-03 21:50:19,604 -     censo.parallel     -  DEBUG   - Checking for failed jobs...
2025-04-03 21:50:19,604 -     censo.parallel     -   INFO   - All jobs executed successfully.
2025-04-03 21:50:19,605 -censo.ensembleopt.prescreening-  DEBUG   - Writing to /srv/scratch/z5358697/.automated/4122/0_PRESCREENING.out.
2025-04-03 21:50:19,638 -     censo.parallel     -  DEBUG   - Free cores decreased 1 -> 0.
2025-04-03 21:50:19,643 -   censo.qm_processor   -  DEBUG   - worker2171146:Running on 1 cores.
2025-04-03 21:50:19,658 -   censo.qm_processor   -   INFO   - worker2171146:Running gsolv calculation in /srv/scratch/z5358697/.automated/4122/1_SCREENING/CONF1/gsolv.
2025-04-03 21:50:19,692 -  censo.orca_processor  -  DEBUG   - worker2171146:Copying .gbw file from /srv/scratch/z5358697/.automated/4122/0_PRESCREENING/CONF1/sp/sp.gbw.
2025-04-03 21:50:19,708 -   censo.qm_processor   -  DEBUG   - worker2171146:Running ['/apps/z_install_tree/linux-rocky8-ivybridge/gcc-12.2.0/orca-6.0.0-srtngmq3qlimg2qxbl6avaaiffipurdx/bin/orca', 'sp_gas.inp']...
2025-04-03 21:50:19,714 -   censo.qm_processor   -  DEBUG   - worker2171146:Started (PID: 2171153).
2025-04-03 21:50:32,262 -   censo.qm_processor   -  DEBUG   - worker2171146:Done.
2025-04-03 21:50:32,272 -  censo.orca_processor  -  DEBUG   - worker2171146:Copying .gbw file from /srv/scratch/z5358697/.automated/4122/0_PRESCREENING/CONF1/sp/sp.gbw.
2025-04-03 21:50:32,304 -   censo.qm_processor   -  DEBUG   - worker2171146:Running ['/apps/z_install_tree/linux-rocky8-ivybridge/gcc-12.2.0/orca-6.0.0-srtngmq3qlimg2qxbl6avaaiffipurdx/bin/orca', 'sp_solv.inp']...
2025-04-03 21:50:32,307 -   censo.qm_processor   -  DEBUG   - worker2171146:Started (PID: 2171345).
2025-04-03 21:50:48,268 -   censo.qm_processor   -  DEBUG   - worker2171146:Done.
2025-04-03 21:50:48,273 -     censo.parallel     -  DEBUG   - Free cores increased 0 -> 1.
2025-04-03 21:50:48,280 -     censo.parallel     -  DEBUG   - Checking for failed jobs...
2025-04-03 21:50:48,280 -     censo.parallel     -   INFO   - All jobs executed successfully.
2025-04-03 21:50:48,315 -     censo.parallel     -  DEBUG   - Free cores decreased 1 -> 0.
2025-04-03 21:50:48,320 -   censo.qm_processor   -  DEBUG   - worker2171510:Running on 1 cores.
2025-04-03 21:50:48,339 -   censo.qm_processor   -   INFO   - worker2171510:Running xtb_opt calculation in /srv/scratch/z5358697/.automated/4122/2_OPTIMIZATION/CONF1/xtb_opt.
2025-04-03 21:50:48,374 -  censo.orca_processor  -  DEBUG   - worker2171510:Copying .gbw file from /srv/scratch/z5358697/.automated/4122/1_SCREENING/CONF1/gsolv/sp_solv.gbw.
2025-04-03 21:50:48,409 -   censo.qm_processor   -  DEBUG   - worker2171510:Running ['/srv/scratch/z5358697/.xtb/bin/xtb', 'xtb_opt.coord', '--opt', 'normal', '--orca', '-I', 'xtb_opt-xcontrol-inp']...
2025-04-03 21:50:48,414 -   censo.qm_processor   -  DEBUG   - worker2171510:Started (PID: 2171515).
2025-04-03 21:52:13,833 -   censo.qm_processor   -  DEBUG   - worker2171510:Done.
2025-04-03 21:52:13,848 -     censo.parallel     -  DEBUG   - Free cores increased 0 -> 1.
2025-04-03 21:52:13,854 -     censo.parallel     -  DEBUG   - Checking for failed jobs...
2025-04-03 21:52:13,854 -     censo.parallel     -   INFO   - All jobs executed successfully.
2025-04-03 21:52:13,861 -     censo.parallel     -  DEBUG   - Free cores decreased 1 -> 0.
2025-04-03 21:52:13,866 -   censo.qm_processor   -  DEBUG   - worker2174973:Running on 1 cores.
2025-04-03 21:52:13,873 -   censo.qm_processor   -   INFO   - worker2174973:Running xtb_rrho calculation in /srv/scratch/z5358697/.automated/4122/2_OPTIMIZATION/CONF1/xtb_rrho.
2025-04-03 21:52:13,894 -   censo.qm_processor   -  DEBUG   - worker2174973:Running ['/srv/scratch/z5358697/.xtb/bin/xtb', 'xtb_rrho.coord', '--gfn2', '--ohess', 'vtight', '--chrg', '0', '--enso', '--norestart', '-I', 'rrho-xcontrol-inp', '--parallel', '1', '--alpb', 'water']...
2025-04-03 21:52:13,899 -   censo.qm_processor   -  DEBUG   - worker2174973:Started (PID: 2174981).
2025-04-03 21:52:14,339 -   censo.qm_processor   -  DEBUG   - worker2174973:Done.
2025-04-03 21:52:14,343 -     censo.parallel     -  DEBUG   - Free cores increased 0 -> 1.
2025-04-03 21:52:14,350 -     censo.parallel     -  DEBUG   - Checking for failed jobs...
2025-04-03 21:52:14,350 -     censo.parallel     -   INFO   - All jobs executed successfully.
2025-04-03 21:52:14,350 -censo.ensembleopt.optimization-  DEBUG   - Writing to /srv/scratch/z5358697/.automated/4122/2_OPTIMIZATION.out.
2025-04-03 21:52:14,363 -censo.ensembleopt.optimization-  DEBUG   - Writing to /srv/scratch/z5358697/.automated/4122/2_OPTIMIZATION.out.
2025-04-03 21:52:14,422 -     censo.parallel     -  DEBUG   - Free cores decreased 1 -> 0.
2025-04-03 21:52:14,428 -   censo.qm_processor   -  DEBUG   - worker2175005:Running on 1 cores.
2025-04-03 21:52:14,468 -   censo.qm_processor   -   INFO   - worker2175005:Running gsolv calculation in /srv/scratch/z5358697/.automated/4122/3_REFINEMENT/CONF1/gsolv.
2025-04-03 21:52:14,498 -  censo.orca_processor  -  DEBUG   - worker2175005:Copying .gbw file from /srv/scratch/z5358697/.automated/4122/2_OPTIMIZATION/CONF1/xtb_opt/xtb_opt.gbw.
2025-04-03 21:52:14,527 -   censo.qm_processor   -  DEBUG   - worker2175005:Running ['/apps/z_install_tree/linux-rocky8-ivybridge/gcc-12.2.0/orca-6.0.0-srtngmq3qlimg2qxbl6avaaiffipurdx/bin/orca', 'sp_gas.inp']...
2025-04-03 21:52:14,532 -   censo.qm_processor   -  DEBUG   - worker2175005:Started (PID: 2175011).
2025-04-03 21:53:08,908 -   censo.qm_processor   -  DEBUG   - worker2175005:Done.
2025-04-03 21:53:08,927 -  censo.orca_processor  -  DEBUG   - worker2175005:Copying .gbw file from /srv/scratch/z5358697/.automated/4122/2_OPTIMIZATION/CONF1/xtb_opt/xtb_opt.gbw.
2025-04-03 21:53:08,958 -   censo.qm_processor   -  DEBUG   - worker2175005:Running ['/apps/z_install_tree/linux-rocky8-ivybridge/gcc-12.2.0/orca-6.0.0-srtngmq3qlimg2qxbl6avaaiffipurdx/bin/orca', 'sp_solv.inp']...
2025-04-03 21:53:08,961 -   censo.qm_processor   -  DEBUG   - worker2175005:Started (PID: 2175357).
2025-04-03 21:54:00,724 -   censo.qm_processor   -  DEBUG   - worker2175005:Done.
2025-04-03 21:54:00,729 -     censo.parallel     -  DEBUG   - Free cores increased 0 -> 1.
2025-04-03 21:54:00,736 -     censo.parallel     -  DEBUG   - Checking for failed jobs...
2025-04-03 21:54:00,736 -     censo.parallel     -   INFO   - All jobs executed successfully.
2025-04-03 21:54:00,736 -censo.ensembleopt.refinement-  DEBUG   - Writing to /srv/scratch/z5358697/.automated/4122/3_REFINEMENT.out.
