15
 energy: -271.428050135167 gnorm: 0.031476435307 xtb: 6.7.1 (edcfbbe)
C            1.43509039253593        0.00020756380009       -0.58203083545791
C            0.96916957242946        1.17834803862216        0.21364806729467
C           -0.32956466864604        1.49208461286118        0.29309282292988
C           -1.39997520142037        0.67550132169933       -0.20727506789185
C           -1.39982047812030       -0.67583083099948       -0.20719388599181
C           -0.32923337984589       -1.49216738026122        0.29321038752993
C            0.96947438072960       -1.17814534952207        0.21350308539461
H            2.51527073611458        0.00034297110015       -0.70712093221334
H            0.94978069662087        0.00010617980005       -1.56203390949218
H            1.71219682905872        1.77706137188746        0.72065271141934
H           -0.62542621497714        2.40979227646784        0.78491851144782
H           -2.31449850522562        1.19156286092801       -0.47160170380898
H           -2.31397562492538       -1.19205430892823       -0.47184315500909
H           -0.62486829827690       -2.40995323996791        0.78501881684786
H            1.71271437105895       -1.77683399558736        0.71997704221904
15
 energy: -271.429154416977 gnorm: 0.009888813330 xtb: 6.7.1 (edcfbbe)
C            1.43968148406592        0.00019435454670       -0.57347099714948
C            0.97662956949557        1.18995710025303        0.21255592245280
C           -0.33245405721002        1.50597513900733        0.28427086226703
C           -1.40286393174783        0.68157072965288       -0.21209306720860
C           -1.40268775988033       -0.68188676791638       -0.21210658470764
C           -0.33207472620580       -1.50607461200353        0.28420747537537
C            0.97694688569541       -1.18977332933206        0.21242597674811
H            2.52176065456931        0.00033496119248       -0.70133928776092
H            0.95907622257509        0.00017850102767       -1.56042977274881
H            1.71844979992267        1.79649667149972        0.72381131630958
H           -0.62643028718167        2.43109051170314        0.77435176524275
H           -2.33156155302393        1.19108353713107       -0.45749620568038
H           -2.33125043289502       -1.19160834042839       -0.45747660217087
H           -0.62583463179065       -2.43127778309798        0.77424865526571
H            1.71894742175674       -1.79623879347233        0.72346231928208
15
 energy: -271.429355591565 gnorm: 0.002992282024 xtb: 6.7.1 (edcfbbe)
C            1.44371312769999        0.00018844660532       -0.56587200705889
C            0.97922555396859        1.19500486094058        0.21441693896074
C           -0.33394105256039        1.51381130655652        0.27846955547347
C           -1.40510322652177        0.68414364016970       -0.20685411460501
C           -1.40493436244370       -0.68446408850460       -0.20688465712926
C           -0.33356653035375       -1.51392010651083        0.27835700642770
C            0.97952455850107       -1.19481145220963        0.21431226332337
H            2.52716780630123        0.00033563033765       -0.69325226721970
H            0.96817115219817        0.00018540713271       -1.55731069996264
H            1.71821585678940        1.81066864868102        0.72312630645957
H           -0.62405076225824        2.45163435293300        0.75135724463988
H           -2.34178732562931        1.18622418656508       -0.44451787983862
H           -2.34151873833946       -1.18676931547580       -0.44453722609740
H           -0.62345538771521       -2.45185665912030        0.75115720273876
H            1.71867400872981       -1.81035324808550        0.72295401254384
15
 energy: -271.429399593341 gnorm: 0.001813736275 xtb: 6.7.1 (edcfbbe)
C            1.44671883829569        0.00018903091301       -0.56134396408835
C            0.97910566896227        1.19685024356249        0.21421827761178
C           -0.33487803886074        1.51634948454375        0.27397650005652
C           -1.40570895351634        0.68466382913654       -0.20412699253390
C           -1.40554150299752       -0.68499418934197       -0.20417568540488
C           -0.33451001097804       -1.51646317425747        0.27384987690361
C            0.97939486507869       -1.19664455628457        0.21412552712029
H            2.53097538431914        0.00032917735774       -0.68412855024078
H            0.97630237809482        0.00017664793309       -1.55541860439520
H            1.71560146114570        1.81764979537739        0.72044310258970
H           -0.62243799568474        2.45953242957562        0.73779138220118
H           -2.34657976906055        1.18229841239264       -0.43405126285176
H           -2.34630351813224       -1.18285003968996       -0.43413086511637
H           -0.62184535970220       -2.45975703633635        0.73757954625889
H            1.71604131555770       -1.81730859556761        0.72031331248296
15
 energy: -271.429418808742 gnorm: 0.001036794392 xtb: 6.7.1 (edcfbbe)
C            1.45014898673429        0.00019104963382       -0.55812456594572
C            0.97767326891389        1.19730730781097        0.21264611646423
C           -0.33569682301014        1.51691557056425        0.26936930816417
C           -1.40693262087680        0.68449856008468       -0.20054157816864
C           -1.40676610646600       -0.68483933116263       -0.20060672608762
C           -0.33533269309559       -1.51703248676825        0.26924190886759
C            0.97795950412584       -1.19709682477762        0.21255380345909
H            2.53516183934837        0.00032210391077       -0.67135622198862
H            0.98857561775695        0.00016940627128       -1.55577180540335
H            1.71127625314547        1.82239965516373        0.71607189710289
H           -0.62064903054599        2.46339330553157        0.72601123816531
H           -2.35051358122778        1.17865515805778       -0.42310140774190
H           -2.35022155247954       -1.17920412773329       -0.42322651719854
H           -0.62005622860669       -2.46361307330534        0.72581162788856
H            1.71170809051380       -1.82204493663170        0.71594443511791
15
 energy: -271.429422435494 gnorm: 0.000449564067 xtb: 6.7.1 (edcfbbe)
C            1.45066554288714        0.00019079153418       -0.55894441259980
C            0.97736320936382        1.19707501368402        0.21176299055531
C           -0.33594638307666        1.51605039439713        0.26980326857370
C           -1.40786222557481        0.68429613695311       -0.20073934238391
C           -1.40769619718921       -0.68463453432805       -0.20079924727890
C           -0.33557990323495       -1.51616760391123        0.26967949869856
C            0.97765242821295       -1.19686824063197        0.21166902109216
H            2.53588813412190        0.00032569013888       -0.66943601662105
H            0.99167250365547        0.00017374605188       -1.55771167847027
H            1.71127751671398        1.82198718949343        0.71501349548761
H           -0.62114429415773        2.46156285661545        0.72808145470769
H           -2.35070309087181        1.17977435277521       -0.42305666360541
H           -2.35041694522087       -1.18031995009274       -0.42315995980662
H           -0.62055023243567       -2.46178496527562        0.72788329087746
H            1.71171491054777       -1.82163952482391        0.71487580511885
15
 energy: -271.429422435494 gnorm: 0.000449564067 xtb: 6.7.1 (edcfbbe)
C            1.45066554288714        0.00019079153418       -0.55894441259980
C            0.97736320936382        1.19707501368402        0.21176299055531
C           -0.33594638307666        1.51605039439713        0.26980326857370
C           -1.40786222557481        0.68429613695311       -0.20073934238391
C           -1.40769619718921       -0.68463453432805       -0.20079924727890
C           -0.33557990323495       -1.51616760391123        0.26967949869856
C            0.97765242821295       -1.19686824063197        0.21166902109216
H            2.53588813412190        0.00032569013888       -0.66943601662105
H            0.99167250365547        0.00017374605188       -1.55771167847027
H            1.71127751671398        1.82198718949343        0.71501349548761
H           -0.62114429415773        2.46156285661545        0.72808145470769
H           -2.35070309087181        1.17977435277521       -0.42305666360541
H           -2.35041694522087       -1.18031995009274       -0.42315995980662
H           -0.62055023243567       -2.46178496527562        0.72788329087746
H            1.71171491054777       -1.82163952482391        0.71487580511885
