24
 energy: -463.642540133382 gnorm: 0.001735664665 xtb: 6.7.1 (edcfbbe)
C           -3.03195473594962        0.71574469227635        0.69295024257678
O           -1.81643573795688        0.79769798618849       -0.09399205783340
C           -1.09837954129933       -0.33975162763791       -0.18579751360893
O           -1.44811359767457       -1.37728783838655        0.35248985113361
C            0.12480166897513       -0.18225781132777       -1.06663631939565
C            1.14798225070707       -1.29389127351086       -0.79796100880936
C            1.82856089091232       -1.11917307817316        0.56275990690005
C            2.46459057258171        0.26626442538991        0.69715848807309
C            1.44048424101071        1.37238584125664        0.43133126577841
C            0.79167420678590        1.19713869021286       -0.94298905479288
H           -3.46651617596423        1.71429552363266        0.65652518167004
H           -2.79509040673657        0.44129107049684        1.72379290145546
H           -3.71728545203987       -0.01499827729738        0.25680081369040
H           -0.26799162772442       -0.29477865448282       -2.08842137741729
H            0.67131193520985       -2.27606388256709       -0.86973146076650
H            1.90462907924962       -1.24214473630350       -1.59004766335581
H            1.08839410044072       -1.25512747278589        1.36225549016738
H            2.58638175505890       -1.89912373407529        0.69727130071642
H            2.90005498553641        0.38522759858601        1.69597512555210
H            3.28694398249065        0.35981636271773       -0.02563012682929
H            0.66354625723263        1.34300347965946        1.20906367965166
H            1.91693927794424        2.35708056794863        0.49482791591504
H            0.07453308666131        1.99650748016990       -1.14559636920664
H            1.56747137252762        1.25612415277180       -1.71629832232725
24
 energy: -463.642546036703 gnorm: 0.000841196140 xtb: 6.7.1 (edcfbbe)
C           -3.03436457052017        0.71500122116042        0.69139843283413
O           -1.81864954957384        0.79654073966490       -0.09516330885563
C           -1.09935313022118       -0.33911706297865       -0.18501941225230
O           -1.44875860584606       -1.37711157091498        0.35313029678167
C            0.12452131855255       -0.18174414443479       -1.06573618176126
C            1.14732266786133       -1.29375256433436       -0.79695165196920
C            1.82942163183026       -1.11917786895619        0.56299399392291
C            2.46630882304715        0.26600729871656        0.69599646803303
C            1.44264249986417        1.37256798614148        0.43186289427992
C            0.79193236533996        1.19784229616354       -0.94145953622973
H           -3.46902773445869        1.71327887825109        0.65411567557329
H           -2.79812620485066        0.44095768174021        1.72237582883432
H           -3.71937347269992       -0.01605602762697        0.25559713477002
H           -0.26740004763015       -0.29339010685131       -2.08797578863120
H            0.67023768918476       -2.27582451905683       -0.86817785513289
H            1.90349308074675       -1.24311280423483       -1.58991490309967
H            1.08992198798030       -1.25436181880898        1.36389079668772
H            2.58673657131193       -1.89998800957812        0.69737298684005
H            2.90433140646668        0.38484853311206        1.69377421626074
H            3.28751342425719        0.35903200576896       -0.02850401289748
H            0.66662229082907        1.34369842710953        1.21068610292988
H            1.91953333660494        2.35713717866721        0.49511028326157
H            0.07445876303424        1.99728699163597       -1.14306907600430
H            1.56658688813088        1.25741690554082       -1.71623250871289
24
 energy: -463.642551466671 gnorm: 0.001461476501 xtb: 6.7.1 (edcfbbe)
C           -3.03996681926465        0.71334306181410        0.68713570564419
O           -1.82322088316697        0.79466986108850       -0.09775628857673
C           -1.10230240701096       -0.33810836817612       -0.18469342810938
O           -1.44869599638538       -1.37601576481494        0.35686770593670
C            0.12412670783041       -0.18058116196037       -1.06286121154850
C            1.14584254734120       -1.29366754935656       -0.79468907758664
C            1.83125505440787       -1.11873810132104        0.56339801795605
C            2.47111283814659        0.26527697129533        0.69316551485387
C            1.44743976378654        1.37238352903457        0.43323385709568
C            0.79196340729796        1.19943711550131       -0.93780221988007
H           -3.47503016219344        1.71124228085489        0.64831965413381
H           -2.80521609261428        0.43993079365074        1.71854678339120
H           -3.72409785132096       -0.01839302529881        0.25108092785580
H           -0.26628511297070       -0.29065463698308       -2.08579518725365
H            0.66731146682583       -2.27523444046174       -0.86435041212096
H            1.90070859280494       -1.24515228629593       -1.58926292901185
H            1.09351487513874       -1.25177821524759        1.36676795781514
H            2.58739061194952       -1.90104941406657        0.69703680878277
H            2.91480632037957        0.38394266107298        1.68852272747669
H            3.28895889952512        0.35682309631009       -0.03561033467860
H            0.67410097523791        1.34411345912706        1.21489010481555
H            1.92541633345107        2.35656244634305        0.49545815621951
H            0.07349700618256        1.99895450830928       -1.13606686060692
H            1.56389889944868        1.26067321445360       -1.71543511300393
24
 energy: -463.642555393829 gnorm: 0.001737529941 xtb: 6.7.1 (edcfbbe)
C           -3.04437373157161        0.71208200353445        0.68298904701311
O           -1.82556005570501        0.79422044562340       -0.09883690046384
C           -1.10172022136410       -0.33670612087435       -0.18061673789142
O           -1.44781387487182       -1.37484233479240        0.36083359834220
C            0.12372297838962       -0.17959224528416       -1.06029926564119
C            1.14477040319366       -1.29339819644311       -0.79325476332671
C            1.83293370720828       -1.11888910671986        0.56345166282387
C            2.47463820639300        0.26438661218386        0.69064650314194
C            1.45097720105219        1.37233632645093        0.43436026943176
C            0.79182874908825        1.20030180759979       -0.93499502695823
H           -3.48034032055288        1.70958406745650        0.64220998867430
H           -2.81153039603621        0.43991134009816        1.71520040262153
H           -3.72653703882676       -0.02089937296648        0.24576165690805
H           -0.26719429027161       -0.28844121629355       -2.08317092383308
H            0.66483624114404       -2.27434652777676       -0.86143066087089
H            1.89823036292829       -1.24604899201848       -1.58909853475402
H            1.09654310268856       -1.24994183401487        1.36812499033199
H            2.58809546616053       -1.90214430087442        0.69614267321343
H            2.92210924227664        0.38286586643579        1.68431958181932
H            3.28971975958116        0.35494203819145       -0.04129352652993
H            0.67985834088136        1.34377387524706        1.21819091842581
H            1.92950142379154        2.35632589133921        0.49554386050125
H            0.07239398320971        1.99972992667659       -1.12999031178470
H            1.56143760952267        1.26277039210280       -1.71468771095244
24
 energy: -463.642559827083 gnorm: 0.001016042761 xtb: 6.7.1 (edcfbbe)
C           -3.04883466846312        0.71120648500643        0.67908671628314
O           -1.82805990576792        0.79432438210455       -0.09996918000720
C           -1.10180533395796       -0.33611486125805       -0.17755711793631
O           -1.44605055785845       -1.37276160898249        0.36714633955554
C            0.12318359866868       -0.17861045777697       -1.05750768473107
C            1.14404550712972       -1.29285787560026       -0.79216469685895
C            1.83491419367112       -1.11934257141796        0.56333799138998
C            2.47809418815898        0.26337934682608        0.68834958083076
C            1.45437167511948        1.37218263387497        0.43545470688114
C            0.79172161537686        1.20094159802348       -0.93241872985312
H           -3.48613459854918        1.70807761345090        0.63584532791120
H           -2.81848430111330        0.44047042279645        1.71219661750803
H           -3.72831020750386       -0.02323742938805        0.24018580987479
H           -0.26884942196586       -0.28678515062466       -2.08003326687883
H            0.66295850814203       -2.27323353529147       -0.85930179954899
H            1.89613056211827       -1.24624141552152       -1.58924779383902
H            1.09973542451270       -1.24870960262326        1.36915702915762
H            2.58920102057230       -1.90353105949608        0.69479201356712
H            2.92893642747155        0.38153516928685        1.68049725205781
H            3.29057391380477        0.35331994356334       -0.04646912100049
H            0.68525069331656        1.34300674161805        1.22120816757717
H            1.93320106019538        2.35605708725910        0.49584430407540
H            0.07145010104364        2.00028854407117       -1.12445297544422
H            1.55928524209800        1.26461617627146       -1.71387875285596
24
 energy: -463.642564148137 gnorm: 0.000817638709 xtb: 6.7.1 (edcfbbe)
C           -3.05923965232805        0.70932607546624        0.66974225967441
O           -1.83384374869557        0.79518979720752       -0.10234355449349
C           -1.10143048880936       -0.33369495931123       -0.16976431295636
O           -1.44157918093432       -1.36676393052665        0.38339746218099
C            0.12224011167758       -0.17654479062967       -1.05090245979552
C            1.14216374576837       -1.29265192333395       -0.79041296160156
C            1.83917547689139       -1.11972107195082        0.56217479592784
C            2.48649622714276        0.26131107629612        0.68378020158911
C            1.46164646352187        1.37088130587770        0.43803835258417
C            0.79115820825145        1.20270211972631       -0.92664249658531
H           -3.50065219203148        1.70417475119371        0.62049898456024
H           -2.83478036467828        0.44291330485517        1.70523664384227
H           -3.73265867159558       -0.02928427650318        0.22842631075312
H           -0.27274169107363       -0.28313023915292       -2.07250096140058
H            0.65910465878127       -2.27219133319600       -0.85569623417324
H            1.89120686309621       -1.24704175833104       -1.59031008695571
H            1.10722630455541       -1.24672170880653        1.37115248272115
H            2.59208182781363       -1.90563781257254        0.69050443364489
H            2.94462800664715        0.37868122728711        1.67268722859132
H            3.29352336908237        0.35018325961489       -0.05712258285242
H            0.69688257247093        1.34101381795777        1.22799052997972
H            1.94151918581068        2.35424948203496        0.49693350613729
H            0.06995863060531        2.00258366923017       -1.11274430508040
H            1.55443425883271        1.26815491002025       -1.71202260026848
24
 energy: -463.642564148137 gnorm: 0.000817638709 xtb: 6.7.1 (edcfbbe)
C           -3.05923965232805        0.70932607546624        0.66974225967441
O           -1.83384374869557        0.79518979720752       -0.10234355449349
C           -1.10143048880936       -0.33369495931123       -0.16976431295636
O           -1.44157918093432       -1.36676393052665        0.38339746218099
C            0.12224011167758       -0.17654479062967       -1.05090245979552
C            1.14216374576837       -1.29265192333395       -0.79041296160156
C            1.83917547689139       -1.11972107195082        0.56217479592784
C            2.48649622714276        0.26131107629612        0.68378020158911
C            1.46164646352187        1.37088130587770        0.43803835258417
C            0.79115820825145        1.20270211972631       -0.92664249658531
H           -3.50065219203148        1.70417475119371        0.62049898456024
H           -2.83478036467828        0.44291330485517        1.70523664384227
H           -3.73265867159558       -0.02928427650318        0.22842631075312
H           -0.27274169107363       -0.28313023915292       -2.07250096140058
H            0.65910465878127       -2.27219133319600       -0.85569623417324
H            1.89120686309621       -1.24704175833104       -1.59031008695571
H            1.10722630455541       -1.24672170880653        1.37115248272115
H            2.59208182781363       -1.90563781257254        0.69050443364489
H            2.94462800664715        0.37868122728711        1.67268722859132
H            3.29352336908237        0.35018325961489       -0.05712258285242
H            0.69688257247093        1.34101381795777        1.22799052997972
H            1.94151918581068        2.35424948203496        0.49693350613729
H            0.06995863060531        2.00258366923017       -1.11274430508040
H            1.55443425883271        1.26815491002025       -1.71202260026848
