20
 energy: -22.412134651460 gnorm: 0.023398638595 xtb: 6.7.1 (edcfbbe)
C           -2.38451860829262       -0.00000683860225        0.04821755680231
N           -0.98491562464164        0.00000015755221       -0.38145951564490
C           -0.32170570149118        1.20118360478203        0.15519257645967
C            1.15088328646443        1.25189220120471       -0.23075106406288
C            1.87870004957879        0.00001233135911        0.25727353387218
C            1.15089585412058       -1.25187182634691       -0.23075221124558
C           -0.32169338710077       -1.20117803290976        0.15519277672052
H           -2.89631656681834       -0.88680566328587       -0.34007892544631
H           -2.89632785783459        0.88678270376953       -0.34008625886347
H           -2.48836194153157       -0.00000285491216        1.14922447069213
H           -0.84661543277738        2.08435089622501       -0.22716080610858
H           -0.40760485594727        1.22672527660761        1.26090674240597
H            1.24216362231105        1.33431833866642       -1.32142302598604
H            1.60034888885232        2.15354952964594        0.20069740785181
H            2.92014174194391        0.00001889431955       -0.08354008400810
H            1.89601212021876        0.00001230297395        1.35595711455542
H            1.24217648878296       -1.33429692122363       -1.32142384488443
H            1.60036863595224       -2.15352650492211        0.20069419157890
H           -0.84659449611627       -2.08434956915980       -0.22716190313994
H           -0.40759088419893       -1.22671788801679        1.26090588270973
20
 energy: -22.413509236557 gnorm: 0.010039225598 xtb: 6.7.1 (edcfbbe)
C           -2.38280102567154       -0.00000684633340        0.04334948114392
N           -0.98115834098521        0.00000007159615       -0.34335134563882
C           -0.31924547712206        1.19744690370972        0.17356541673490
C            1.14700769899691        1.24291674871656       -0.23515784833784
C            1.87527094999423        0.00001290028657        0.26369520172477
C            1.14701990199297       -1.24289658999397       -0.23515887025542
C           -0.31923355870032       -1.19744111834072        0.17356542311734
H           -2.87194521832944       -0.88603369127741       -0.36264350725345
H           -2.87195555482859        0.88601151684971       -0.36264992213414
H           -2.50670776852517       -0.00000353025156        1.13919448789575
H           -0.84507008239051        2.06874636907254       -0.22815679610698
H           -0.39691277975688        1.23178474141162        1.27765879809381
H            1.21913757430158        1.30102923609587       -1.32464047523654
H            1.60299466409828        2.14350555219385        0.18377264012454
H            2.90846976128699        0.00001880911067       -0.08999113562156
H            1.89435983295318        0.00001278255572        1.35874331784006
H            1.21914960067438       -1.30100763690815       -1.32464156583084
H            1.60301496381027       -2.14348213229411        0.18377010446869
H           -0.84505002563188       -2.06874508790163       -0.22815705730160
H           -0.39689978469269       -1.23177886057124        1.27765826683182
20
 energy: -22.413893445936 gnorm: 0.002749820301 xtb: 6.7.1 (edcfbbe)
C           -2.37980893162643       -0.00000679492397        0.03536870188208
N           -0.97431517566376       -0.00000013254453       -0.31481149701449
C           -0.31793307815777        1.19638642742188        0.18975960180202
C            1.14463136580875        1.23979003109879       -0.23614283246489
C            1.87618990031152        0.00001337445563        0.26350181091983
C            1.14464320176200       -1.23976991405843       -0.23614361625531
C           -0.31792150823035       -1.19638060266335        0.18975945285052
H           -2.85264144727782       -0.88507287983625       -0.38558385714997
H           -2.85265090551482        0.88505180825241       -0.38558894559226
H           -2.53645453003886       -0.00000453546290        1.12710246325208
H           -0.84661027186052        2.06171236241338       -0.21789368191067
H           -0.38210088300461        1.24216139496732        1.29390059534962
H            1.19546704489728        1.27649615845344       -1.32516786581686
H            1.60580154282690        2.14413853370600        0.16459586540613
H            2.90649406286159        0.00001851499520       -0.09339913802716
H            1.89403314879654        0.00001309918219        1.35573560401617
H            1.19547864840951       -1.27647458075985       -1.32516880636700
H            1.60582223247978       -2.14411441680643        0.16459406995321
H           -0.84659058949960       -2.06171145234253       -0.21789371539161
H           -0.38208849580483       -1.24215625782120        1.29390040481697
20
 energy: -22.413978202739 gnorm: 0.001649103306 xtb: 6.7.1 (edcfbbe)
C           -2.38060311771620       -0.00000677079380        0.02749062922439
N           -0.97073674552575       -0.00000021787768       -0.30022521092738
C           -0.31621783708751        1.19612750566119        0.20073824571857
C            1.14394100673580        1.23877559501091       -0.23820028142449
C            1.87755449370499        0.00001353607143        0.26242171978532
C            1.14395276065703       -1.23875548707185       -0.23820080389867
C           -0.31620635995501       -1.19612164910371        0.20073802452976
H           -2.84636279657092       -0.88511761490579       -0.40125169587218
H           -2.84637173272155        0.88509747939463       -0.40125549133825
H           -2.55949347039765       -0.00000541495083        1.11657072448594
H           -0.84757959201634        2.06134592971705       -0.20318205737939
H           -0.37116916761086        1.24609335291233        1.30580613460111
H            1.18257652051765        1.26652810142522       -1.32767021964896
H            1.60958966641011        2.14543122536074        0.15082246454024
H            2.90776890524466        0.00001838622333       -0.09458387403678
H            1.89532099175056        0.00001328987181        1.35463207133441
H            1.18258822354593       -1.26650679694150       -1.32767080088583
H            1.60961043208115       -2.14540675769895        0.15082124978086
H           -0.84755984193762       -2.06134520713192       -0.20318221334997
H           -0.37115700763399       -1.24608834744585        1.30580599901970
20
 energy: -22.414009701723 gnorm: 0.001533263707 xtb: 6.7.1 (edcfbbe)
C           -2.38171510454695       -0.00000680229165        0.01845046572309
N           -0.96832191455744       -0.00000022008790       -0.29140730330306
C           -0.31443525639689        1.19571802047593        0.21061321494501
C            1.14295773558229        1.23867000101158       -0.23975190763503
C            1.87895792283808        0.00001356112678        0.25864082105034
C            1.14296952526951       -1.23864991033849       -0.23975219688818
C           -0.31442378942299       -1.19571209127948        0.21061311047474
H           -2.84248644508862       -0.88537597686896       -0.41639882973832
H           -2.84249500004942        0.88535687424768       -0.41640086141924
H           -2.57857783079127       -0.00000654469339        1.10433460579450
H           -0.84971522043183        2.06347338125260       -0.18367371519862
H           -0.35963879572871        1.24277095899965        1.31681709599492
H            1.17163267693401        1.26204286905166       -1.32955666388398
H            1.61270380942626        2.14690798869426        0.14005477008229
H            2.91008259766987        0.00001840562314       -0.09732770476296
H            1.89690351017007        0.00001349112447        1.35152947042335
H            1.17164455742961       -1.26202202517578       -1.32955693419397
H            1.61272450655419       -2.14688339827146        0.14005408046507
H           -0.84969532373702       -2.06347267126998       -0.18367393239837
H           -0.35962682964827       -1.24276577360388        1.31681702872683
20
 energy: -22.414019227785 gnorm: 0.000552357805 xtb: 6.7.1 (edcfbbe)
C           -2.38163279154179       -0.00000682448737        0.01579464691209
N           -0.96818370144633       -0.00000014404229       -0.29310393562137
C           -0.31391294269681        1.19476648552166        0.21262304813363
C            1.14230017896702        1.23901282296688       -0.23969972113018
C            1.87895333400559        0.00001352473179        0.25650914551611
C            1.14231205251493       -1.23899276375403       -0.23969987796233
C           -0.31390148029042       -1.19476053132952        0.21262290510393
H           -2.84203870653145       -0.88522626799653       -0.41992199944854
H           -2.84204730972364        0.88520746977588       -0.41992334588715
H           -2.57943355893818       -0.00000697525890        1.10087075591201
H           -0.85029686321289        2.06389010009577       -0.17721798711419
H           -0.35796576007437        1.23615789838148        1.31893042388190
H            1.16983649564858        1.26457297325238       -1.32956784707643
H            1.61234244180924        2.14665013686507        0.14108050492192
H            2.90936983424371        0.00001848998378       -0.10168262691483
H            1.89976338964051        0.00001354820355        1.34958646050923
H            1.16984850410490       -1.26455235939920       -1.32956799550845
H            1.61236308491698       -2.14662564271184        0.14108006347390
H           -0.85027701431655       -2.06388929020123       -0.17721825831753
H           -0.35795385560455       -1.23615251287054        1.31893025487469
20
 energy: -22.414023214751 gnorm: 0.000364723737 xtb: 6.7.1 (edcfbbe)
C           -2.38194023508956       -0.00000686536507        0.01340943536852
N           -0.96806085174719       -0.00000008900974       -0.29393870897796
C           -0.31391669299572        1.19422097743560        0.21428298005843
C            1.14166668546029        1.23925745249251       -0.23887734778037
C            1.87989227395512        0.00001348568083        0.25436289221662
C            1.14167857148176       -1.23923745095663       -0.23887754118875
C           -0.31390523570818       -1.19421495868184        0.21428288017867
H           -2.84164675660264       -0.88512121176496       -0.42318334067012
H           -2.84165533738321        0.88510271715788       -0.42318396754006
H           -2.58050111193965       -0.00000745092176        1.09820936311048
H           -0.85082042424969        2.06418200987400       -0.17267668626514
H           -0.35739583880915        1.23122219954542        1.32056335766780
H            1.16823648147123        1.26657677323103       -1.32876832843790
H            1.61205227159453        2.14633762305160        0.14315953271025
H            2.90885223621543        0.00001846103364       -0.10785462215743
H            1.90477251369684        0.00001385689266        1.34723769433628
H            1.16824862381897       -1.26655641562753       -1.32876853233171
H            1.61207280722713       -2.14631318182899        0.14315923633188
H           -0.85080061447999       -2.06418106783837       -0.17267691954498
H           -0.35738403444187       -1.23121672667349        1.32056323717390
20
 energy: -22.414024579499 gnorm: 0.000293118973 xtb: 6.7.1 (edcfbbe)
C           -2.38212161414505       -0.00000687029669        0.01195164819177
N           -0.96783069229359       -0.00000008244934       -0.29365453002984
C           -0.31386286951178        1.19384111077061        0.21560337418895
C            1.14140603283483        1.23960790525837       -0.23854608596615
C            1.88012260793773        0.00001354948887        0.25337428154437
C            1.14141794353728       -1.23958785071507       -0.23854606949804
C           -0.31385143933091       -1.19383508492204        0.21560326243108
H           -2.84114612411540       -0.88510456699801       -0.42522279916450
H           -2.84115465655750        0.88508631930952       -0.42522297249259
H           -2.58203366320486       -0.00000773337269        1.09654066600408
H           -0.85084629740263        2.06400130980271       -0.17049933080615
H           -0.35700399174115        1.22991357537126        1.32193449844088
H            1.16723734268531        1.26791769460540       -1.32841916426751
H            1.61183158979793        2.14644159766762        0.14405733804117
H            2.90796859542608        0.00001849825043       -0.11173249248189
H            1.90802954686460        0.00001354823926        1.34613000755133
H            1.16724959884376       -1.26789728460519       -1.32841914420253
H            1.61185217678257       -2.14641708262721        0.14405729692616
H           -0.85082652698541       -2.06400037612151       -0.17049954251196
H           -0.35699222794734       -1.22990803892950        1.32193437235978
20
 energy: -22.414025347341 gnorm: 0.000146031506 xtb: 6.7.1 (edcfbbe)
C           -2.38229589116276       -0.00000688363484        0.01109301116035
N           -0.96769796635812       -0.00000008138523       -0.29291648270277
C           -0.31399909947055        1.19379721175804        0.21640981862240
C            1.14122452327359        1.23969084445772       -0.23820143168368
C            1.88072390459184        0.00001356911689        0.25247687893256
C            1.14123643412270       -1.23967080002390       -0.23820149137352
C           -0.31398763420050       -1.19379112833027        0.21640974361536
H           -2.84072328665000       -0.88511877028204       -0.42663235276787
H           -2.84073178479787        0.88510065499918       -0.42663224700451
H           -2.58358746441821       -0.00000791153571        1.09543368956499
H           -0.85113367070339        2.06405244643430       -0.16932735569713
H           -0.35674720547466        1.22977088499670        1.32277974818754
H            1.16653517064574        1.26876985958771       -1.32802399140048
H            1.61174149325173        2.14626264832746        0.14480851809418
H            2.90794874738413        0.00001851414357       -0.11442399280960
H            1.91047888911068        0.00001353393311        1.34513591424290
H            1.16654735202695       -1.26874961297836       -1.32802405688384
H            1.61176208525019       -2.14623809081691        0.14480848623709
H           -0.85111385479107       -2.06405149503888       -0.16932746759385
H           -0.35673541015596       -1.22976525600175        1.32277967551830
20
 energy: -22.414025676161 gnorm: 0.000080712888 xtb: 6.7.1 (edcfbbe)
C           -2.38243886616798       -0.00000689346208        0.01046343641882
N           -0.96754967695156       -0.00000008539808       -0.29205178955916
C           -0.31396587063860        1.19377809360580        0.21713770976925
C            1.14114918863814        1.23989530097059       -0.23799297009771
C            1.88091556214383        0.00001354775602        0.25175833614482
C            1.14116106440045       -1.23987529617779       -0.23799305571509
C           -0.31395443455148       -1.19377202529312        0.21713764123932
H           -2.84041302999097       -0.88510657049296       -0.42784829949830
H           -2.84042148081011        0.88508854659035       -0.42784802573419
H           -2.58512606437133       -0.00000802955228        1.09455551726679
H           -0.85125822107331        2.06407244516838       -0.16836786349475
H           -0.35630682857002        1.22978621403495        1.32355566457570
H            1.16588378060982        1.26931391805727       -1.32785600569416
H            1.61188705441455        2.14635853057868        0.14512120762968
H            2.90778762380605        0.00001849556102       -0.11617834304745
H            1.91182545119654        0.00001377082894        1.34437874405464
H            1.16589596458859       -1.26929370798758       -1.32785608981348
H            1.61190761516008       -2.14633400070694        0.14512115504749
H           -0.85123845940874       -2.06407150786699       -0.16836795770234
H           -0.35629504094948       -1.22978060848739        1.32355560246851
20
 energy: -22.414025677961 gnorm: 0.000234678196 xtb: 6.7.1 (edcfbbe)
C           -2.38253714984024       -0.00000690337957        0.01014239890230
N           -0.96747379715332       -0.00000008725269       -0.29148987712345
C           -0.31394915203765        1.19379035366312        0.21752000591713
C            1.14112860346107        1.24006066468382       -0.23784705676049
C            1.88099877839448        0.00001352821047        0.25132385045912
C            1.14114044440889       -1.24004069555875       -0.23784719042587
C           -0.31393774018946       -1.19378429516032        0.21751994068269
H           -2.84025421580562       -0.88509883562575       -0.42851143191289
H           -2.84026262857919        0.88508087679090       -0.42851102929800
H           -2.58604611445963       -0.00000812237144        1.09409199348376
H           -0.85131800509771        2.06410219755641       -0.16790360565960
H           -0.35606720833604        1.22988516254512        1.32396361947600
H            1.16555579329508        1.26964124553427       -1.32774072793374
H            1.61199638961618        2.14646951559599        0.14533854367034
H            2.90766878423315        0.00001848880563       -0.11719783593926
H            1.91257138110927        0.00001398705856        1.34391552513498
H            1.16556796160963       -1.26962109522021       -1.32774085532557
H            1.61201691810247       -2.14644500531042        0.14533846106939
H           -0.85129829152639       -2.06410126912488       -0.16790368116514
H           -0.35605541973050       -1.22987957371348        1.32396356700669
20
 energy: -22.414025811995 gnorm: 0.000101267275 xtb: 6.7.1 (edcfbbe)
C           -2.38247924153671       -0.00000688955894        0.00987887521356
N           -0.96740693029619       -0.00000009084619       -0.29147329417531
C           -0.31394617622200        1.19371511315696        0.21779128516289
C            1.14101599617350        1.23990810157183       -0.23793489209318
C            1.88111518797343        0.00001354624388        0.25128788801505
C            1.14102787992543       -1.23988810009007       -0.23793488859645
C           -0.31393475120539       -1.19370905893484        0.21779122402455
H           -2.84007478518468       -0.88510546444170       -0.42886313445904
H           -2.84008321731735        0.88508751659339       -0.42886275351980
H           -2.58628895388167       -0.00000809539926        1.09374425784402
H           -0.85139580101039        2.06405122995762       -0.16741387402693
H           -0.35588026215615        1.22968331447544        1.32426113159053
H            1.16526750105504        1.26967960110519       -1.32781158897713
H            1.61192496441198        2.14626192525584        0.14522314741350
H            2.90772719923863        0.00001845795247       -0.11741948591806
H            1.91287598002401        0.00001377829609        1.34390206020566
H            1.16527975905232       -1.26965929762540       -1.32781157598952
H            1.61194553638269       -2.14623741545408        0.14522314445331
H           -0.85137604928893       -2.06405030333250       -0.16741398126545
H           -0.35586850466309       -1.22967773119896        1.32426106935619
20
 energy: -22.414025861841 gnorm: 0.000047120679 xtb: 6.7.1 (edcfbbe)
C           -2.38247511665706       -0.00000689332529        0.00961941750087
N           -0.96736981408000       -0.00000009001757       -0.29150130608720
C           -0.31391922998745        1.19366142378969        0.21800083294206
C            1.14095432669479        1.23991549628777       -0.23791971641806
C            1.88117027621635        0.00001355878477        0.25112370859422
C            1.14096622326305       -1.23989546563654       -0.23791973875487
C           -0.31390778179781       -1.19365535054425        0.21800079158058
H           -2.83997175198705       -0.88510241848049       -0.42919975449126
H           -2.83998020753749        0.88508442308100       -0.42919943137370
H           -2.58642808106462       -0.00000806043704        1.09343074743159
H           -0.85146268648830        2.06405759069938       -0.16688598690454
H           -0.35574003525446        1.22927692807189        1.32446726097256
H            1.16505796388662        1.26979993866825       -1.32776716838491
H            1.61188428864515        2.14624375184943        0.14520884207593
H            2.90770765541999        0.00001847068281       -0.11778855436381
H            1.91315546236063        0.00001368103542        1.34373190864841
H            1.16507015337790       -1.26977967089647       -1.32776719559681
H            1.61190485272297       -2.14621921392832        0.14520882145731
H           -0.85144288042399       -2.06405665416132       -0.16688608195834
H           -0.35572828583473       -1.22927130779635        1.32446721738839
