24
 energy: -43.385678008492 gnorm: 0.057388205457 xtb: 6.7.1 (edcfbbe)
C           -2.58420568359192       -0.62094788535635       -0.29466789139463
C           -1.20288932328795       -0.27216786102077        0.22180407694571
H           -1.21317703315250       -0.23901486393328        1.32344741705887
C           -0.69628901297678        1.06204266474919       -0.32347471099039
H           -0.72054252383158        1.03317775044253       -1.42464053244409
C            0.73796455012089        1.28435526176321        0.13589363005779
H            0.73672881922374        1.40411000474567        1.23240273398178
C            1.62398312939831        0.09185390630592       -0.22037646596220
H            1.70583663608504        0.00616083203846       -1.31183644203902
C            0.99820307535842       -1.19616635702264        0.31954238091785
H            0.94905999150209       -1.17726299385193        1.41930577097367
O           -0.32447612037795       -1.32248222205764       -0.21892902152859
O            1.71898075143753       -2.34568426338864       -0.03162113686113
O            2.95446401432449        0.27769110504485        0.26628599194226
O            1.20266655335123        2.48766891188251       -0.48622231778250
O           -1.55803229316989        2.09341439374025        0.16792414994203
O           -3.08113646192269       -1.83257097652606        0.28508771121310
H           -2.55288656543593       -0.69626141373109       -1.39147324362818
H           -3.28589668531005        0.16935499593981       -0.01890884282906
H            1.92318292515028       -2.30094112497500       -0.97765336590569
H            2.90567363987117        0.37387858281785        1.22852378012204
H            2.06307070196321        2.70071782754486       -0.10024931520603
H           -1.17721881924839        2.93710118743993       -0.11212236449466
H           -2.47469400147264       -2.54011800557494        0.02920434766183
24
 energy: -43.388526248621 gnorm: 0.029416435623 xtb: 6.7.1 (edcfbbe)
C           -2.58806976193498       -0.62400451613287       -0.30060753604087
C           -1.19791069156314       -0.28370557843559        0.21798553740937
H           -1.21523487745943       -0.25029978087909        1.31728301566882
C           -0.69947909272916        1.06083891616267       -0.31663814249155
H           -0.72096926420926        1.04129807783892       -1.41583543535208
C            0.73779356829126        1.29619096262067        0.14592201477020
H            0.73435999416941        1.42225502347935        1.24020039114351
C            1.62728068911684        0.10225867582834       -0.21639263145626
H            1.71572974648966        0.03386782248215       -1.30647396818256
C            0.99651843846628       -1.19361705953299        0.31304826562316
H            0.94822820920712       -1.17898569951323        1.41243006404806
O           -0.32065812925948       -1.32674367474720       -0.21065411338445
O            1.71586546600881       -2.33152816886333       -0.02185891276527
O            2.94807797694841        0.28387725038999        0.26112135970476
O            1.19195170522965        2.49056155973531       -0.47357086081402
O           -1.55495504743273        2.08146913619513        0.16455250004283
O           -3.08353486274059       -1.82038736723520        0.27284587339588
H           -2.55432089415819       -0.71109174484206       -1.39307156619259
H           -3.28461827664178        0.16724500291649       -0.01952034616443
H            1.90617483510289       -2.32002080300128       -0.97311768066011
H            2.92349780476400        0.34323462776398        1.22833287088534
H            2.07408451168381        2.69682903683493       -0.13047449713722
H           -1.17963932715641        2.93050794826596       -0.11423182871188
H           -2.47180245618484       -2.53214019031436        0.03597196641212
24
 energy: -43.389837379348 gnorm: 0.012520083216 xtb: 6.7.1 (edcfbbe)
C           -2.58746095996817       -0.63291017410864       -0.31000231605929
C           -1.19019137374949       -0.29121745814546        0.21402562711844
H           -1.22061362459064       -0.25826484972600        1.31298712751656
C           -0.70542279428518        1.06620931853444       -0.30956110071578
H           -0.71513727283070        1.04825573769535       -1.40895214779282
C            0.73653821975111        1.31146000730866        0.15672598807781
H            0.72818665063955        1.43605952316759        1.25087114071206
C            1.63291582199460        0.11676525344528       -0.20866404796848
H            1.72244329988741        0.06635095874446       -1.29895140864139
C            0.99518899509813       -1.18839550871877        0.30834336960472
H            0.95071420270217       -1.16882101840289        1.41032376868274
O           -0.31453647594765       -1.32246861888063       -0.20629790971003
O            1.71551658775409       -2.31182629630491       -0.01337620968222
O            2.94302977149607        0.28977745921207        0.26119728006687
O            1.17514019105347        2.49778684993284       -0.45851435720579
O           -1.56243706489198        2.06684223450518        0.16552144684129
O           -3.08680527494511       -1.81251596806988        0.25757962291404
H           -2.54552860672304       -0.71875306885648       -1.40076826526821
H           -3.27294980951258        0.16597719742332       -0.02723974834537
H            1.87325250279401       -2.34955393852342       -0.97378455005567
H            2.95111817927021        0.28890893005583        1.23481338257480
H            2.09263054807742        2.68382782475068       -0.18507406908314
H           -1.19980695983698        2.92540019770871       -0.10780644388548
H           -2.46741448922858       -2.53098513573065        0.05385016005509
24
 energy: -43.390077587591 gnorm: 0.011432066444 xtb: 6.7.1 (edcfbbe)
C           -2.58553094351274       -0.63517407299840       -0.31434982781392
C           -1.18825567565929       -0.29197244089302        0.21335279361852
H           -1.22270495345932       -0.25851918256073        1.31301439745675
C           -0.70674743743231        1.06807042505602       -0.30735967832519
H           -0.71139004466042        1.04870192750579       -1.40775705314576
C            0.73603900249838        1.31612818090963        0.15979647158358
H            0.72602383884006        1.43775532774652        1.25534294469196
C            1.63460457642734        0.12219778918345       -0.20682063961255
H            1.72124777967336        0.07404555727304       -1.29791160868535
C            0.99711170320855       -1.18538108804896        0.30871988823552
H            0.95355511941497       -1.16062589452150        1.41198343553081
O           -0.31142099646583       -1.31986675194330       -0.20674302715053
O            1.71976762135004       -2.30731305440228       -0.01149437097165
O            2.94396789333018        0.29411240015666        0.26281448432594
O            1.17241276392299        2.50244311892808       -0.45444876535391
O           -1.56908166831088        2.06216584645871        0.16908731646228
O           -3.08826952431897       -1.81216205768992        0.25382721158351
H           -2.53824439862142       -0.71889785437068       -1.40609816863694
H           -3.26865753716487        0.16788079357976       -0.03620740472900
H            1.85617251508757       -2.36275542215294       -0.97449978334006
H            2.95983096160848        0.26860589100480        1.23534407869841
H            2.09778733335675        2.67607297793230       -0.20423329131230
H           -1.21308325926029        2.92446343858826       -0.10072906962252
H           -2.46676440584418       -2.53206639772461        0.06261600626315
24
 energy: -43.390444809247 gnorm: 0.009419758083 xtb: 6.7.1 (edcfbbe)
C           -2.57926832672683       -0.63882249249626       -0.32464620473098
C           -1.18485598893983       -0.29293920417783        0.21255136400117
H           -1.22657990750879       -0.25963731694596        1.31336698166567
C           -0.70884196157202        1.07129372948402       -0.30232849375337
H           -0.70662900922490        1.05260693310307       -1.40442303238877
C            0.73389352529508        1.32436928954877        0.16682263258353
H            0.72302604741944        1.44001815750043        1.26502226494466
C            1.63643528876768        0.13386006837605       -0.20440395161996
H            1.71622204686289        0.08733656301126       -1.29693150745061
C            1.00280692629029       -1.17706803242086        0.31244508247194
H            0.95963270030427       -1.14399824171281        1.41724827061593
O           -0.30369020175135       -1.31564315049784       -0.20703777702246
O            1.73230163616798       -2.29752826723551       -0.00568487640047
O            2.94664028761378        0.31029556333987        0.26339535291604
O            1.16829778429086        2.51388665954435       -0.44294109507707
O           -1.58246796256753        2.05424680127350        0.17862174245082
O           -3.09117321740841       -1.81163821687375        0.24560575684239
H           -2.52057369228710       -0.72309428382818       -1.41798762538800
H           -3.26096075022366        0.17112731018528       -0.06000017109616
H            1.81397339066543       -2.38982825330912       -0.97272701955127
H            2.97647399013672        0.22645536731183        1.23113936524615
H            2.11003303113651        2.65245809320044       -0.24440703553058
H           -1.24045547977224        2.92332656434891       -0.08456860468609
H           -2.46586989296012       -2.53317418371300        0.07911492070823
24
 energy: -43.390638022518 gnorm: 0.007493000773 xtb: 6.7.1 (edcfbbe)
C           -2.57386544028672       -0.64127496551478       -0.33316198684555
C           -1.18372581858367       -0.29300197204438        0.21183166448757
H           -1.23011285170979       -0.26139288421058        1.31264474724399
C           -0.71031096735438        1.07383822580132       -0.29816256684266
H           -0.70750492864599        1.05969669108824       -1.40048956457411
C            0.73121362425232        1.32885104061064        0.17226464719872
H            0.72120170836716        1.44142910954244        1.27123172215776
C            1.63578464284388        0.14170219243095       -0.20320779916419
H            1.71073594574874        0.09442252163612       -1.29614438137509
C            1.00695839716852       -1.17009473559388        0.31673821799113
H            0.96310774861495       -1.13487160049024        1.42131619453521
O           -0.29783756976687       -1.31322369990931       -0.20573179919533
O            1.74111933393088       -2.28972635684553       -0.00048086419487
O            2.94773679218521        0.32601656576250        0.26025962659807
O            1.16738626091175        2.52167378612696       -0.43177799551941
O           -1.58948908156033        2.05112704469117        0.18666713892195
O           -3.09227108768601       -1.81095159168351        0.23949630169567
H           -2.50715520985138       -0.73160920288284       -1.42618670542872
H           -3.25723006103881        0.17091349873388       -0.07925523379161
H            1.78358435849458       -2.40455320496196       -0.96645843845199
H            2.98797319213533        0.19917025739366        1.22217057953860
H            2.12043196497693        2.62904278553063       -0.27195408334206
H           -1.25508229980427        2.92345532531197       -0.07301192769058
H           -2.46427838933389       -2.53272937350682        0.08864884579821
24
 energy: -43.390791242562 gnorm: 0.003002294417 xtb: 6.7.1 (edcfbbe)
C           -2.56789430099267       -0.64405639996246       -0.34293074607230
C           -1.18405871926101       -0.29197268663702        0.21093004978681
H           -1.23554587856093       -0.26265242383871        1.31094351696677
C           -0.71167496751982        1.07704855449486       -0.29413614505020
H           -0.71204268014810        1.07052731672011       -1.39586154678228
C            0.72790248085838        1.33174106853525        0.17757437837280
H            0.71847124203924        1.44194453890619        1.27630445264519
C            1.63331129010530        0.14833475589546       -0.20299458581130
H            1.70243560075722        0.09852718989890       -1.29595910304910
C            1.01100172473620       -1.16244929735547        0.32228224328665
H            0.96694045462273       -1.12674147603433        1.42571484568559
O           -0.29213996291636       -1.31128910860569       -0.20175119292697
O            1.74861339129800       -2.28174454672615        0.00612380270576
O            2.94791476328829        0.34327794072147        0.25276827776284
O            1.17008463228510        2.52789384880701       -0.41852716687058
O           -1.59325026250774        2.05095839736221        0.19571913605223
O           -3.09156252834847       -1.81041077000503        0.23375266576537
H           -2.49279164535613       -0.74547284553437       -1.43403685065536
H           -3.25533178573268        0.16786683453579       -0.10062571067985
H            1.75249569536130       -2.41769695520299       -0.95554487957637
H            3.00073711316468        0.17751600396343        1.20564765331232
H            2.12826647151330        2.60359774472744       -0.29234567315115
H           -1.26244578113900        2.92487326952540       -0.06115267516558
H           -2.46106608353871       -2.53171149717468        0.09535159319940
24
 energy: -43.390811685405 gnorm: 0.007863499717 xtb: 6.7.1 (edcfbbe)
C           -2.56293957856750       -0.64786597603449       -0.35299609464122
C           -1.18500554422875       -0.29104490895439        0.21095722216957
H           -1.24368126727315       -0.26272489389114        1.31001570560720
C           -0.71386093413437        1.08082434004347       -0.28895449796712
H           -0.71619941242382        1.08085420788950       -1.39010347836274
C            0.72443726542407        1.33551337851004        0.18447781264400
H            0.71627112022386        1.44178885584632        1.28292105149626
C            1.63028442635889        0.15536547128584       -0.20295970494649
H            1.69257613805884        0.10543346555359       -1.29615078251795
C            1.01433883920563       -1.15485689443860        0.32753275359149
H            0.97215865889335       -1.11699882524169        1.43034149525415
O           -0.28759983315903       -1.30958422918654       -0.19452668714207
O            1.75409396063332       -2.27322810678031        0.01447395556185
O            2.94691662654771        0.35842468497766        0.24293806565943
O            1.16901768708005        2.53472050019870       -0.40397775743395
O           -1.59632105403568        2.05173408483216        0.20412380735235
O           -3.08986746764294       -1.81083589074113        0.22660079084189
H           -2.47834732099101       -0.75922014011779       -1.44172215445465
H           -3.25458341959306        0.16314356858418       -0.12126136412598
H            1.72375726716483       -2.43238800760137       -0.94482322694337
H            3.01637753407655        0.15428196019382        1.18998254524375
H            2.13912085238045        2.57978296463029       -0.31703234733652
H           -1.26596786599988        2.92671520850365       -0.05037720465926
H           -2.45660641399024       -2.53192536104513        0.09776643486003
24
 energy: -43.390856356258 gnorm: 0.002254245721 xtb: 6.7.1 (edcfbbe)
C           -2.56238134882830       -0.64860188592001       -0.35474695585458
C           -1.18644943867703       -0.28971920300938        0.21155155068865
H           -1.24715910650688       -0.26067792624035        1.31011187755406
C           -0.71375102540012        1.08157936376954       -0.28871999659386
H           -0.71814063669868        1.08303359720043       -1.38947083262027
C            0.72448824591305        1.33424589748517        0.18457967334449
H            0.71581268246445        1.43980117163870        1.28261706877594
C            1.62892098710458        0.15397998604326       -0.20416875733844
H            1.68807175301346        0.10283984436414       -1.29741019895962
C            1.01401403318840       -1.15449435392402        0.32922474830776
H            0.97347114480114       -1.11584980274570        1.43186507643915
O           -0.28837224578788       -1.30984129312347       -0.19079504202323
O            1.75210225152871       -2.27375877936747        0.01621481078337
O            2.94686223470862        0.35790520439024        0.23729157396559
O            1.17153776190596        2.53359259080074       -0.40236645050659
O           -1.59411025904708        2.05420815539460        0.20551468734629
O           -3.08840194897001       -1.81154665881400        0.22644844858248
H           -2.47558798868670       -0.76320585433346       -1.44223132850723
H           -3.25610539888125        0.16093922975576       -0.12537515789440
H            1.72304086110361       -2.43282057630715       -0.93969492159989
H            3.02068946653094        0.15913576529343        1.18117905858214
H            2.13474803580000        2.58159445779977       -0.31022151838766
H           -1.25925569573394        2.92798599088039       -0.04837661825726
H           -2.45567410083693       -2.53241546401453        0.09422554392375
24
 energy: -43.390866076443 gnorm: 0.001494521674 xtb: 6.7.1 (edcfbbe)
C           -2.56176825363094       -0.64943847826182       -0.35653159040376
C           -1.18694689734196       -0.28933176241373        0.21255776280357
H           -1.25019376729730       -0.25925474683659        1.31106629137995
C           -0.71409408593906        1.08197178489838       -0.28767351767395
H           -0.71781201768274        1.08328877461810       -1.38856364961271
C            0.72438090963583        1.33468064805429        0.18561267662232
H            0.71587734231826        1.43843962278721        1.28398115483780
C            1.62859646745442        0.15472947409564       -0.20503894418838
H            1.68457677982122        0.10344100803703       -1.29853242189808
C            1.01444009984183       -1.15330069661592        0.33078140154940
H            0.97554185916344       -1.11202984444466        1.43373165296911
O           -0.28839789957767       -1.30970045450138       -0.18765215887858
O            1.75263243278425       -2.27282026839267        0.01899791190578
O            2.94741701549973        0.35904856228556        0.23295210775326
O            1.17064273088325        2.53488559612785       -0.39983927922000
O           -1.59469124806842        2.05449212678504        0.20668063532824
O           -3.08829736786638       -1.81226078989541        0.22466591755227
H           -2.47199181079506       -0.76442744879709       -1.44378619530300
H           -3.25632370032552        0.16023319024844       -0.12975502783150
H            1.71874152713681       -2.43694205533160       -0.93707327369278
H            3.02565485174403        0.15606334279121        1.17633286980255
H            2.13448042196134        2.58135091232577       -0.31185868533394
H           -1.25818118634641        2.92826223720303       -0.04566659132998
H           -2.45591393936481       -2.53347127775004        0.09185729261303
24
 energy: -43.390868749914 gnorm: 0.003644857281 xtb: 6.7.1 (edcfbbe)
C           -2.56044601128511       -0.65195381555541       -0.36172753160413
C           -1.18921106703931       -0.28784540900396        0.21643257967342
H           -1.26086960440232       -0.25401834108675        1.31468011210073
C           -0.71518954040298        1.08298472411807       -0.28396935215137
H           -0.71659178512856        1.08311942518725       -1.38538171584329
C            0.72415080586502        1.33535865063956        0.18946261555475
H            0.71715003865753        1.43180689797588        1.28908827691071
C            1.62673557456352        0.15593088710580       -0.20843095957735
H            1.67110387193407        0.10366087215919       -1.30276063794895
C            1.01457350991925       -1.15046724118368        0.33606166390383
H            0.98071907175618       -1.10092992760459        1.43994918685446
O           -0.28984122349181       -1.30932787306296       -0.17708153429063
O            1.75215878402237       -2.27119297507535        0.02753458646190
O            2.94890545147092        0.35999680150852        0.21693822471836
O            1.16636246923674        2.53928245948283       -0.39017092869365
O           -1.59580808711214        2.05642581119399        0.20955731005073
O           -3.08815628891899       -1.81473697328110        0.21910487110019
H           -2.46103538769871       -0.76764267921753       -1.44821146168325
H           -3.25784127057479        0.15775650548170       -0.14305127930034
H            1.71462504699640       -2.44423953303095       -0.92540894253295
H            3.04104809114518        0.15134648565733        1.15805188420593
H            2.13523991427456        2.58066650760518       -0.31805445875285
H           -1.25140646735731        2.92947114865157       -0.03673184017986
H           -2.45800563242155       -2.53754295164796        0.08136567077421
24
 energy: -43.390878375538 gnorm: 0.001155654062 xtb: 6.7.1 (edcfbbe)
C           -2.56014946163439       -0.65176359166397       -0.36178721072401
C           -1.18907507380720       -0.28803773673962        0.21665846255512
H           -1.26079576599779       -0.25412430133270        1.31475976937729
C           -0.71499472366062        1.08262021251737       -0.28409606128474
H           -0.71693347939037        1.08278552683996       -1.38541225492157
C            0.72417863399137        1.33514978328569        0.18922157351691
H            0.71720137235905        1.43168662587996        1.28873826114146
C            1.62657921732717        0.15596447905669       -0.20912196293937
H            1.67011346377966        0.10287624225322       -1.30333349002398
C            1.01499397153769       -1.15003145847763        0.33671024213308
H            0.98119030220915       -1.09995599601990        1.44028958458354
O           -0.28950250823157       -1.30973123740095       -0.17602991965489
O            1.75275233992297       -2.27091887116465        0.02932136345379
O            2.94909427540790        0.36064203426290        0.21485262742614
O            1.16683505756478        2.53896310263585       -0.39011775728544
O           -1.59522692681783        2.05646725134357        0.20901667778889
O           -3.08826071857113       -1.81459309801285        0.21818193751555
H           -2.46083503394931       -0.76741978894162       -1.44817846485115
H           -3.25761412465895        0.15762390925627       -0.14277604808097
H            1.71285449002642       -2.44595434053648       -0.92432174618320
H            3.04171314152665        0.15105686689921        1.15597446723450
H            2.13294801253802        2.58283364603631       -0.31460501779210
H           -1.25015366170501        2.92937151540911       -0.03641957246351
H           -2.45854253575853       -2.53760131836911        0.07972087922926
24
 energy: -43.390880331295 gnorm: 0.001153369149 xtb: 6.7.1 (edcfbbe)
C           -2.56020039275254       -0.65066462728632       -0.36069031174409
C           -1.18849202139931       -0.28887448046132        0.21618987935423
H           -1.25826492849962       -0.25623020787056        1.31420592472966
C           -0.71455539964646        1.08184234684059       -0.28452375601745
H           -0.71765291845746        1.08228413424751       -1.38565533896432
C            0.72429771861147        1.33453609349329        0.18822303965900
H            0.71773168836959        1.43230088551142        1.28737087182052
C            1.62657998269075        0.15538322500061       -0.20930116424701
H            1.67121547882551        0.10099087844349       -1.30313222945076
C            1.01510117601852       -1.15026524637354        0.33664211556453
H            0.97953521394199       -1.10118922395577        1.43950922310360
O           -0.28888304644547       -1.31035405073691       -0.17759633291305
O            1.75331264728169       -2.27118746671136        0.03031097550765
O            2.94904869924614        0.36026520934558        0.21549803364589
O            1.16742637069170        2.53798529142315       -0.39166504364972
O           -1.59461088157879        2.05576729980174        0.20827291452591
O           -3.08883513976133       -1.81400596624696        0.21717919272595
H           -2.46324412752284       -0.76495454327220       -1.44734188888372
H           -3.25682629794332        0.15836264933884       -0.13858726589617
H            1.71489914744885       -2.44446128932922       -0.92387673920201
H            3.03823780040201        0.15489811622708        1.15653318159347
H            2.13242778792649        2.58362535367409       -0.31233345403961
H           -1.25048373411972        2.92886702551511       -0.03653063003664
H           -2.45939455931972       -2.53701194960173        0.07854514256474
24
 energy: -43.390880818708 gnorm: 0.001381384549 xtb: 6.7.1 (edcfbbe)
C           -2.56007937139316       -0.65051286109224       -0.36104251732234
C           -1.18859418398280       -0.28903609421813        0.21652709004509
H           -1.25882002382076       -0.25625467166473        1.31451548506738
C           -0.71459187963719        1.08163045731960       -0.28431101393346
H           -0.71767380566541        1.08180455954861       -1.38547799108938
C            0.72419536411187        1.33452529343364        0.18836019818063
H            0.71799873667207        1.43181289182288        1.28756765996437
C            1.62613960591945        0.15549540442284       -0.20994133431334
H            1.66891507167141        0.10069118872064       -1.30384482274135
C            1.01511372133184       -1.14984602483760        0.33751768101943
H            0.97922380321441       -1.09961630335858        1.44028050687744
O           -0.28879695705840       -1.31053261394203       -0.17682418850137
O            1.75343778997527       -2.27105511767408        0.03247057985013
O            2.94938752812463        0.36082800873375        0.21237183976952
O            1.16689078854124        2.53821742782308       -0.39125724728205
O           -1.59478410260747        2.05558222658245        0.20812853515929
O           -3.08920491441213       -1.81407167225256        0.21586803858329
H           -2.46267441391108       -0.76404861501499       -1.44778373536406
H           -3.25663746488633        0.15855508114359       -0.13869417978627
H            1.71681690324539       -2.44417701443185       -0.92088239716506
H            3.04055447818564        0.15201094785098        1.15406901374752
H            2.13161412584001        2.58456523446632       -0.31191574454952
H           -1.24988400004787        2.92876952529693       -0.03520602210249
H           -2.46017653540249       -2.53742780166189        0.07675090563721
24
 energy: -43.390882193899 gnorm: 0.000360908671 xtb: 6.7.1 (edcfbbe)
C           -2.55996773086430       -0.65075132853468       -0.36179916144696
C           -1.18884394985245       -0.28903092786288        0.21707378775438
H           -1.26023649273066       -0.25573073279367        1.31508656683393
C           -0.71468030418499        1.08164137185586       -0.28374346086506
H           -0.71734855753925        1.08160035805675       -1.38503374945329
C            0.72433135698745        1.33454330867320        0.18877610463372
H            0.71841621854990        1.43069669515555        1.28822839459291
C            1.62597688083158        0.15547920738070       -0.21069875198997
H            1.66681949643034        0.10037616963518       -1.30477247312334
C            1.01514684588668       -1.14943410219287        0.33834975419394
H            0.97980603664098       -1.09721559473758        1.44130924642526
O           -0.28895856711575       -1.31065952874139       -0.17541024771490
O            1.75357295155205       -2.27089330480045        0.03458236241870
O            2.94976501553839        0.36031937345775        0.20979695734547
O            1.16611136070231        2.53883486734906       -0.39011006794206
O           -1.59500572424255        2.05548946073003        0.20875856838448
O           -3.08930057472742       -1.81457965808081        0.21446537825916
H           -2.46135988908477       -0.76352018690531       -1.44860053874824
H           -3.25674468729659        0.15841770696116       -0.14000979059990
H            1.71607634530041       -2.44623057127653       -0.91901679771399
H            3.04263444742231        0.15298889002314        1.15107947305072
H            2.13170352710677        2.58497122281002       -0.31242393451140
H           -1.24898686338772        2.92875617409550       -0.03321828808254
H           -2.46055687791458       -2.53815941324111        0.07457700804960
24
 energy: -43.390882475693 gnorm: 0.000077777419 xtb: 6.7.1 (edcfbbe)
C           -2.55992594009881       -0.65066304104038       -0.36190426913774
C           -1.18883571685917       -0.28913465929870        0.21690568071605
H           -1.26006167865413       -0.25612365584916        1.31488110944512
C           -0.71470288490488        1.08168039588801       -0.28365202606303
H           -0.71772872697574        1.08199268953043       -1.38489397440979
C            0.72431060409095        1.33448429382230        0.18864742179087
H            0.71853301843832        1.43083541602376        1.28801123488121
C            1.62584256214294        0.15539976466007       -0.21081773064988
H            1.66652917248602        0.10006278939528       -1.30483455967117
C            1.01511650158156       -1.14931161946824        0.33851066069057
H            0.97926955323864       -1.09690268410550        1.44134956666149
O           -0.28880396359573       -1.31072551116845       -0.17562799663641
O            1.75368928845330       -2.27082010840510        0.03541176031801
O            2.94971775448610        0.36044355105671        0.20934254764795
O            1.16632309026415        2.53869852594663       -0.39031634069658
O           -1.59491815961064        2.05540852973849        0.20920117562334
O           -3.08922501461036       -1.81470915226737        0.21387353167354
H           -2.46162441034808       -0.76313173896638       -1.44871857857648
H           -3.25670682035973        0.15832487318962       -0.13957066703607
H            1.71638122268884       -2.44639171714023       -0.91804087472341
H            3.04265765346368        0.15328939417570        1.15042432429663
H            2.13183570309306        2.58456225701143       -0.31249411006963
H           -1.24897959659449        2.92872691212187       -0.03252327590267
H           -2.46032294780765       -2.53808604783414        0.07408172957867
24
 energy: -43.390882448374 gnorm: 0.000360566170 xtb: 6.7.1 (edcfbbe)
C           -2.55988298600975       -0.65057322544952       -0.36201380222942
C           -1.18882787469764       -0.28924038912166        0.21673468319716
H           -1.25988564994035       -0.25652458792904        1.31467232557327
C           -0.71472699529137        1.08172089319789       -0.28355732560448
H           -0.71811847510361        1.08239481640784       -1.38475025716451
C            0.72428909343565        1.33442483642901        0.18851627373406
H            0.71865365359416        1.43097767956012        1.28779016520879
C            1.62570487690324        0.15531945222104       -0.21094000498909
H            1.66622908684976        0.09974368585320       -1.30489920219287
C            1.01508549363578       -1.14918535514077        0.33867687726108
H            0.97872151000481       -1.09657833588748        1.44139313448684
O           -0.28864617261719       -1.31079235521146       -0.17584907955857
O            1.75380846582759       -2.27074485391678        0.03626368264456
O            2.94966984934843        0.36057326707225        0.20887420997557
O            1.16653810153991        2.53855949935930       -0.39052872087406
O           -1.59482966265150        2.05532566175487        0.20965715004903
O           -3.08914711600399       -1.81484365358270        0.21326456172362
H           -2.46189169143083       -0.76273232297608       -1.44884204851039
H           -3.25666913658840        0.15822919946674       -0.13912476633455
H            1.71669049362743       -2.44656104783834       -0.91704051891501
H            3.04268701056279        0.15358819313777        1.14975360452825
H            2.13197183574117        2.58414297545749       -0.31257056400051
H           -1.24897340906434        2.92869745382518       -0.03180860658657
H           -2.46008003766360       -2.53801202967224        0.07357456832842
24
 energy: -43.390882627586 gnorm: 0.000113842141 xtb: 6.7.1 (edcfbbe)
C           -2.55988425248151       -0.65056051976464       -0.36215925551106
C           -1.18885853895475       -0.28923461061940        0.21682735969697
H           -1.26011994130292       -0.25642272875701        1.31479323915255
C           -0.71477460226825        1.08171933494472       -0.28345486440238
H           -0.71812607227101        1.08240199386918       -1.38468729882237
C            0.72432747610636        1.33446697677269        0.18854073808750
H            0.71881787046122        1.43093959567392        1.28787832642832
C            1.62569895337211        0.15532344156675       -0.21107754233899
H            1.66585742965532        0.09971707077899       -1.30508264786906
C            1.01503781785963       -1.14913168128316        0.33882441748955
H            0.97868057976202       -1.09612214511630        1.44158701554231
O           -0.28871633807868       -1.31076445857402       -0.17570302087585
O            1.75378843515366       -2.27075425752814        0.03669573214099
O            2.94975249125521        0.36050322699497        0.20841676821790
O            1.16637687731993        2.53859772448582       -0.39060310612380
O           -1.59490755130790        2.05524867548323        0.20990799017534
O           -3.08911565603015       -1.81496200945046        0.21292379409328
H           -2.46166616148466       -0.76244308559374       -1.44905168052378
H           -3.25674077107501        0.15822762300415       -0.13932679991731
H            1.71685239178080       -2.44688885517816       -0.91659815051159
H            3.04318338867556        0.15307471102399        1.14937364484852
H            2.13183713988726        2.58437774561798       -0.31270471190204
H           -1.24905825626843        2.92867502945395       -0.03142868191275
H           -2.45987244575769       -2.53807934078867        0.07335507458835
24
 energy: -43.390882722480 gnorm: 0.000093389874 xtb: 6.7.1 (edcfbbe)
C           -2.55988776481015       -0.65057211439005       -0.36232737638171
C           -1.18892656352992       -0.28920003817395        0.21688388975749
H           -1.26039430122298       -0.25638217734148        1.31486423900903
C           -0.71485304164268        1.08181427253846       -0.28323363519421
H           -0.71835929060454        1.08268218061029       -1.38447877487457
C            0.72440999195749        1.33453063132091        0.18842909003249
H            0.71910486765740        1.43106226048097        1.28778659318150
C            1.62564707975605        0.15524666239632       -0.21121106923621
H            1.66544526559136        0.09949801595476       -1.30524181842991
C            1.01492011964910       -1.14907471429298        0.33905127570818
H            0.97845654152483       -1.09557264384113        1.44183380133903
O           -0.28881788774229       -1.31073435780229       -0.17556183801692
O            1.75367610989124       -2.27080933998847        0.03742922171613
O            2.94980367230377        0.36035491435591        0.20791239380665
O            1.16631244971380        2.53856929462584       -0.39099954756716
O           -1.59489507656159        2.05523992561846        0.21054566267929
O           -3.08890367717423       -1.81533068266668        0.21227065552330
H           -2.46152708757313       -0.76193187598042       -1.44928527359278
H           -3.25689070830092        0.15803708000201       -0.13927831900924
H            1.71709986466779       -2.44734806364026       -0.91583091181159
H            3.04366418157982        0.15270879130691        1.14886101343351
H            2.13177640225138        2.58455267768792       -0.31306739701565
H           -1.24914151429394        2.92872537701375       -0.03077916788879
H           -2.45934936907953       -2.53815661877819        0.07267363258275
