----------------------------------------------- 
  Element       SASA      Sigma Z        Total  
     Z         Ang**2 cal/Ang**2/mol   kcal/mol 
----------------------------------------------- 
      H         83.241      48.690       4.053
      C         20.042     129.740       2.600
      N          9.866       0.000       0.000
      O         25.512       0.000       0.000

 Subtotal:     138.662                   6.653
 -----------------------------------------------

  Elements    COT*SASA   Sigma Z,Z'     Total   
    Z,Z'       Ang**2  cal/Ang**2/mol kcal/mol  
 ---------------------------------------------- 
  H   C         40.521     -60.770      -2.462
  H   O          0.000       0.000       0.000
  C   C         14.868     -72.950      -1.085
  O   C         15.422      68.690       1.059
  C   N          3.736       0.000       0.000
  N   C         12.924     -48.220      -0.623
  N  C(3)        0.000      84.100       0.000
  O   N          0.000     121.980       0.000

 Subtotal:                              -3.111
 ---------------------------------------------- 

 NONAQUEOUS SOLVENT CONTRIBUTION (kcal/mol):
 (proportional to SASA, atomic number independent)
 ---------------------------------------------- 
 Subtotal:                               0.000
 ---------------------------------------------- 

 CDS TOTAL (kcal/mol):                   3.542
...............................................................................
