----------------------------------------------- 
  Element       SASA      Sigma Z        Total  
     Z         Ang**2 cal/Ang**2/mol   kcal/mol 
----------------------------------------------- 
      H         58.914      48.690       2.869
      C          9.951     129.740       1.291
      O         16.175       0.000       0.000
      F         65.161      38.180       2.488

 Subtotal:     150.201                   6.647
 -----------------------------------------------

  Elements    COT*SASA   Sigma Z,Z'     Total   
    Z,Z'       Ang**2  cal/Ang**2/mol kcal/mol  
 ---------------------------------------------- 
  H   C         31.222     -60.770      -1.897
  H   O          8.870       0.000       0.000
  C   C          6.813     -72.950      -0.497
  O   C          0.000      68.690       0.000

 Subtotal:                              -2.394
 ---------------------------------------------- 

 NONAQUEOUS SOLVENT CONTRIBUTION (kcal/mol):
 (proportional to SASA, atomic number independent)
 ---------------------------------------------- 
 Subtotal:                               0.000
 ---------------------------------------------- 

 CDS TOTAL (kcal/mol):                   4.253
...............................................................................
