----------------------------------------------- 
  Element       SASA      Sigma Z        Total  
     Z         Ang**2 cal/Ang**2/mol   kcal/mol 
----------------------------------------------- 
      H         70.574      48.690       3.436
      C         20.244     129.740       2.626
      O         44.647       0.000       0.000

 Subtotal:     135.464                   6.063
 -----------------------------------------------

  Elements    COT*SASA   Sigma Z,Z'     Total   
    Z,Z'       Ang**2  cal/Ang**2/mol kcal/mol  
 ---------------------------------------------- 
  H   C         40.450     -60.770      -2.458
  H   O          7.423       0.000       0.000
  C   C         15.130     -72.950      -1.104
  O   C         20.885      68.690       1.435
  O   O          0.000       0.000       0.000

 Subtotal:                              -2.127
 ---------------------------------------------- 

 NONAQUEOUS SOLVENT CONTRIBUTION (kcal/mol):
 (proportional to SASA, atomic number independent)
 ---------------------------------------------- 
 Subtotal:                               0.000
 ---------------------------------------------- 

 CDS TOTAL (kcal/mol):                   3.935
...............................................................................
