----------------------------------------------- 
  Element       SASA      Sigma Z        Total  
     Z         Ang**2 cal/Ang**2/mol   kcal/mol 
----------------------------------------------- 
      H         96.203      48.690       4.684
      C         62.715     129.740       8.137
      O         18.383       0.000       0.000

 Subtotal:     177.302                  12.821
 -----------------------------------------------

  Elements    COT*SASA   Sigma Z,Z'     Total   
    Z,Z'       Ang**2  cal/Ang**2/mol kcal/mol  
 ---------------------------------------------- 
  H   C         56.818     -60.770      -3.453
  H   O          8.662       0.000       0.000
  C   C         80.983     -72.950      -5.908
  O   C          4.146      68.690       0.285

 Subtotal:                              -9.076
 ---------------------------------------------- 

 NONAQUEOUS SOLVENT CONTRIBUTION (kcal/mol):
 (proportional to SASA, atomic number independent)
 ---------------------------------------------- 
 Subtotal:                               0.000
 ---------------------------------------------- 

 CDS TOTAL (kcal/mol):                   3.745
...............................................................................
