11
 energy: -416.232619267925 gnorm: 0.014731528307 xtb: 6.7.1 (edcfbbe)
C           -3.65382457131911       -0.02679285251187        0.00002087310001
C           -2.22318779098515        0.50381571342325       -0.00002525670001
C           -1.24483477065162       -0.65221755428901       -0.00001506690001
I            0.82383714456506        0.02256127041000        0.00000087150000
H           -4.35623099603036        0.80163661395523       -0.00001751040001
H           -3.83692358730024       -0.63510300178143       -0.88251544979107
H           -3.83675401970017       -0.63485838618132        0.88273752459116
H           -2.06264684321401        1.12638188469913        0.88253181029107
H           -2.06279296171408        1.12612634289902       -0.88276632279118
H           -1.35252143929934       -1.26867448966218       -0.88864677729378
H           -1.35235852219927       -1.26843904526208        0.88879877059385
11
 energy: -416.233000400002 gnorm: 0.004222338519 xtb: 6.7.1 (edcfbbe)
C           -3.65847386003423       -0.02677359471184        0.00004708192179
C           -2.22653962311674        0.51095530907207       -0.00004938135190
C           -1.25592513320731       -0.65126633619170        0.00010298333067
I            0.83613268809568        0.00582551404672       -0.00021925813420
H           -4.37063752353764        0.80147452805162       -0.00002632452387
H           -3.84729958584917       -0.63929236313991       -0.88563801620887
H           -3.84726220056666       -0.63909784919146        0.88587311087935
H           -2.06034090312258        1.13565013560774        0.88276589161902
H           -2.06035312452593        1.13546024500418       -0.88300180168354
H           -1.33369650348184       -1.26929580191404       -0.89446866692080
H           -1.33384237439671       -1.26920345122690        0.89471800892730
11
 energy: -416.233005620365 gnorm: 0.003020016619 xtb: 6.7.1 (edcfbbe)
C           -3.65744164349342       -0.02459055170352        0.00006907091016
C           -2.22111871623157        0.50760177657296       -0.00009477836792
C           -1.25849577801890       -0.65954978345354       -0.00006575483441
I            0.83934492090277        0.03065978013953        0.00012190956085
H           -4.37264555932689        0.80460286406564        0.00001575959590
H           -3.85111429615745       -0.63834799698637       -0.88656085497770
H           -3.85102964332109       -0.63817231786949        0.88684171319863
H           -2.05275097415049        1.13311239135255        0.88287488361688
H           -2.05286291111652        1.13293262700922       -0.88321248472644
H           -1.34022493787965       -1.27705468844514       -0.89508722167529
H           -1.33989878434609       -1.27675763293900        0.89520141703684
11
 energy: -416.233038243038 gnorm: 0.000369551326 xtb: 6.7.1 (edcfbbe)
C           -3.65906811207500       -0.02467585750472        0.00004715632222
C           -2.22318181184226        0.50728920484966       -0.00005334755684
C           -1.25697653452677       -0.65573465420504        0.00004633849713
I            0.83780153671297        0.01974792296868       -0.00011409966717
H           -4.37349505651313        0.80438724675998       -0.00001805735947
H           -3.85166514770684       -0.63799486099148       -0.88633305733317
H           -3.85160339015353       -0.63780328137978        0.88657332878490
H           -2.05573030098820        1.13264132091058        0.88281914184766
H           -2.05578461418286        1.13244790676434       -0.88307351614980
H           -1.33427614117527       -1.27301937872045       -0.89491525892633
H           -1.33425864408642       -1.27284917775110        0.89512507201195
11
 energy: -416.233039961988 gnorm: 0.000267436253 xtb: 6.7.1 (edcfbbe)
C           -3.65924568509777       -0.02486838914862        0.00005108258565
C           -2.22316017519712        0.50666182029620       -0.00006247654434
C           -1.25677667614589       -0.65559971707977        0.00001212455261
I            0.83739373598581        0.02048409810080       -0.00004986484497
H           -4.37227251726049        0.80526657120683       -0.00000992101595
H           -3.85263177755952       -0.63778900835930       -0.88637621803398
H           -3.85256727371689       -0.63760599307761        0.88661890940161
H           -2.05590097859437        1.13200137799208        0.88285179583653
H           -2.05597066445588        1.13181390635603       -0.88312186747424
H           -1.33361800823845       -1.27307394392712       -0.89474035618238
H           -1.33348819296800       -1.27285433323081        0.89493051623359
11
 energy: -416.233039961988 gnorm: 0.000267436253 xtb: 6.7.1 (edcfbbe)
C           -3.65924568509777       -0.02486838914862        0.00005108258565
C           -2.22316017519712        0.50666182029620       -0.00006247654434
C           -1.25677667614589       -0.65559971707977        0.00001212455261
I            0.83739373598581        0.02048409810080       -0.00004986484497
H           -4.37227251726049        0.80526657120683       -0.00000992101595
H           -3.85263177755952       -0.63778900835930       -0.88637621803398
H           -3.85256727371689       -0.63760599307761        0.88661890940161
H           -2.05590097859437        1.13200137799208        0.88285179583653
H           -2.05597066445588        1.13181390635603       -0.88312186747424
H           -1.33361800823845       -1.27307394392712       -0.89474035618238
H           -1.33348819296800       -1.27285433323081        0.89493051623359
