9
 energy: -10.570983137205 gnorm: 0.019217842814 xtb: 6.7.1 (edcfbbe)
C           -1.38591854188054       -0.57932859262701        0.00001532600276
S           -0.00000667470537        0.61223171065411        0.00000774325296
C            1.38591613914447       -0.57931585450509       -0.00001284718405
H           -1.35407967398520       -1.20801424909117        0.89471497054882
H           -1.35424323625318       -1.20784809358781       -0.89480668145942
H           -2.31750769883542       -0.00761190126569        0.00015572395452
H            1.35423151918515       -1.20785934167564        0.89479206834451
H            2.31749992193354       -0.00759069149937       -0.00012188760662
H            1.35409811921373       -1.20797801400618       -0.89472956996107
9
 energy: -10.571747485522 gnorm: 0.004505925240 xtb: 6.7.1 (edcfbbe)
C           -1.38686248988025       -0.58773666567915        0.00001793145520
S           -0.00000657979195        0.58760427394600        0.00000846302923
C            1.38686014803147       -0.58772391024967       -0.00001498440573
H           -1.33770570063640       -1.20252463668069        0.89634170836802
H           -1.33785865069829       -1.20236435138011       -0.89642449140639
H           -2.30001887436304        0.00213676256006        0.00014879092717
H            1.33784909694096       -1.20237614939764        0.89641020947040
H            2.30001109661406        0.00215787765207       -0.00011680115750
H            1.33772182760062       -1.20248822837471       -0.89635598038799
9
 energy: -10.571781159414 gnorm: 0.000851229504 xtb: 6.7.1 (edcfbbe)
C           -1.38034476774203       -0.58944693206252        0.00001919472106
S           -0.00000659906155        0.59167554121740        0.00000992732186
C            1.38034243244708       -0.58943424213792       -0.00001614065893
H           -1.32932979086495       -1.20190379970342        0.89511610620723
H           -1.32947264328188       -1.20175511043204       -0.89518811716175
H           -2.29005367324464        0.00058147597193        0.00014066336264
H            1.32946512995901       -1.20176683861230        0.89517411548071
H            2.29004592086242        0.00060252160873       -0.00011079276183
H            1.32934386474371       -1.20186764345370       -0.89513011061857
9
 energy: -10.571783265598 gnorm: 0.000654352122 xtb: 6.7.1 (edcfbbe)
C           -1.38235913676245       -0.58851679159388        0.00002086111009
S           -0.00000659599017        0.59099942358069        0.00001153005669
C            1.38235678822140       -0.58850408693209       -0.00001767474359
H           -1.32912622923641       -1.20121475320687        0.89459602520772
H           -1.32925693906934       -1.20108033579848       -0.89465477076594
H           -2.29372072077201       -0.00137444760697        0.00013144214744
H            1.32925171863376       -1.20109190935438        0.89464108337044
H            2.29371297974757       -0.00135336988084       -0.00010393791334
H            1.32913800904483       -1.20117875681101       -0.89460971257710
9
 energy: -10.571784307642 gnorm: 0.000113601859 xtb: 6.7.1 (edcfbbe)
C           -1.38129438563276       -0.58877224231301        0.00002195846864
S           -0.00000660178334        0.59234173333656        0.00001254568419
C            1.38129204019070       -0.58875954559847       -0.00001869749937
H           -1.32810558275551       -1.20137135623722        0.89488397976552
H           -1.32822746033338       -1.20124699561541       -0.89493294383168
H           -2.29269092051045       -0.00146687183973        0.00012467816453
H            1.32822374796584       -1.20125854761924        0.89491946959201
H            2.29268318227716       -0.00144580583560       -0.00009869238218
H            1.32811585439890       -1.20133539588172       -0.89489745206926
9
 energy: -10.571784321392 gnorm: 0.000037206030 xtb: 6.7.1 (edcfbbe)
C           -1.38119348863695       -0.58883685590976        0.00002337806168
S           -0.00000660176213        0.59241791495732        0.00001369999048
C            1.38119114437357       -0.58882415986915       -0.00002004573578
H           -1.32784512591573       -1.20130547669876        0.89487671287813
H           -1.32795602181088       -1.20119368701334       -0.89491351106325
H           -2.29254140774717       -0.00155953401266        0.00011639089940
H            1.32795400218605       -1.20120517419947        0.89490027201040
H            2.29253367105827       -0.00153846848879       -0.00009210068937
H            1.32785370207215       -1.20126958636923       -0.89488995045926
