11
 energy: -12.877872028011 gnorm: 0.029591321242 xtb: 6.7.1 (edcfbbe)
C            1.10272859242763       -0.00113089306445        0.08944155925220
C           -0.00941196707997        1.04555388167501       -0.08897587551653
N           -1.02849940219035        0.00105691860648        0.26341306996623
C           -0.01155999599681       -1.04553053656763       -0.08898401365436
H            1.50785874913228       -0.00154941916787        1.10461055021207
H            1.91836544268575       -0.00195966286089       -0.63515548430646
H           -0.00284764546051        1.91821838575160        0.57213441483836
H           -0.08744693107240        1.38555584465263       -1.12948007661188
H           -1.80455902342816        0.00185837715173       -0.39200844216123
H           -0.00678906933775       -1.91820792748950        0.57212470377892
H           -0.09029215514203       -1.38536989929550       -1.12948860792629
11
 energy: -12.879413782974 gnorm: 0.014880273442 xtb: 6.7.1 (edcfbbe)
C            1.10078991837701       -0.00112834281751        0.07647626482435
C           -0.00487374781839        1.04780740555370       -0.08604991120570
N           -1.01070338285415        0.00103891320568        0.22917026320961
C           -0.00702500075491       -1.04779101333870       -0.08605663668646
H            1.50963791734561       -0.00155304958548        1.08413716659553
H            1.90565978427977       -0.00195231354435       -0.65366831775852
H           -0.01867436933696        1.89179733763317        0.60549167674448
H           -0.07971971154206        1.41525483445056       -1.11520432657559
H           -1.80236220823880        0.00185426814718       -0.40693409871619
H           -0.02255733713027       -1.89175317219476        0.60548183151075
H           -0.08262526778919       -1.41507979811788       -1.11521211407123
11
 energy: -12.880108768621 gnorm: 0.004853759364 xtb: 6.7.1 (edcfbbe)
C            1.09997725870737       -0.00112766108161        0.06978748322900
C           -0.00624046360674        1.04566569771953       -0.08770752399431
N           -1.00243528909088        0.00103070943413        0.19469764604609
C           -0.00838767034816       -1.04564596930006       -0.08771290334068
H            1.52182877465417       -0.00156339327402        1.06934781559019
H            1.89195895266735       -0.00194070064706       -0.67101171249432
H           -0.03035933001982        1.86110718370397        0.63521142284224
H           -0.06238133334703        1.45322922401189       -1.10419514817513
H           -1.81686876539136        0.00186746633559       -0.41178302563564
H           -0.03417682367597       -1.86104080486780        0.63520040227543
H           -0.06536871601124       -1.45308668264297       -1.10420265847186
11
 energy: -12.880242957223 gnorm: 0.003263652699 xtb: 6.7.1 (edcfbbe)
C            1.09890633411246       -0.00112653397609        0.06598231561658
C           -0.00888928868446        1.04798112606058       -0.08370241919391
N           -1.00467238549792        0.00103285096091        0.17374704144242
C           -0.01104103134864       -1.04795638435831       -0.08370760088355
H            1.53764232694410       -0.00157948491485        1.05898763988757
H            1.88049542316739       -0.00192758127232       -0.68734340072859
H           -0.03672198246177        1.85260896662031        0.65286640840745
H           -0.05181256232906        1.47865671209348       -1.09245327218098
H           -1.82098541536220        0.00187145265982       -0.42713941480522
H           -0.04052764178543       -1.85253015118016        0.65285611035001
H           -0.05484718221680       -1.47853590330179       -1.09246161004074
11
 energy: -12.880281605964 gnorm: 0.002621184498 xtb: 6.7.1 (edcfbbe)
C            1.09909563860376       -0.00112671249761        0.06564114222099
C           -0.01035976867221        1.04856355485332       -0.08111272143156
N           -1.00790720291683        0.00103593115973        0.16313569899340
C           -0.01251268258049       -1.04853612786103       -0.08111839666935
H            1.55159333635231       -0.00159320531951        1.05317225540770
H            1.87202871928706       -0.00191824747569       -0.69765582578569
H           -0.04114389376527        1.84690124823420        0.66270015753223
H           -0.04769268856395        1.49177347659193       -1.08429635582808
H           -1.81986150607232        0.00187068228448       -0.44121871580850
H           -0.04493807713260       -1.84681338250730        0.66268961270693
H           -0.05075528000177       -1.49166214807093       -1.08430505346706
11
 energy: -12.880302211242 gnorm: 0.001988075247 xtb: 6.7.1 (edcfbbe)
C            1.09863454045704       -0.00112623777614        0.06497798404108
C           -0.01112648385602        1.04914363949105       -0.07899953131871
N           -1.01057876350396        0.00103886254876        0.15869042639208
C           -0.01328060514115       -1.04911449486959       -0.07900536332972
H            1.55945151008799       -0.00160195940347        1.04851582385633
H            1.86579660430234       -0.00191178086217       -0.70446080746018
H           -0.04312133956464        1.84336711500118        0.66936010365468
H           -0.04594973875670        1.49856268284883       -1.07869079250913
H           -1.81634544479667        0.00186726459577       -0.45340626224841
H           -0.04690787393832       -1.84327480877368        0.66934970321795
H           -0.04902581075222       -1.49845521340894       -1.07869948642495
11
 energy: -12.880330360020 gnorm: 0.001299039790 xtb: 6.7.1 (edcfbbe)
C            1.09800905357506       -0.00112565483886        0.06249837033060
C           -0.01189129284636        1.04988018163068       -0.07498125393036
N           -1.01542479430106        0.00104391859546        0.15299604248905
C           -0.01404714918512       -1.04984960912443       -0.07498740644192
H            1.57097332521678       -0.00161367863018        1.03944217837789
H            1.85606444286990       -0.00190144170094       -0.71588272708823
H           -0.04538063590862        1.83557123770641        0.68226141385869
H           -0.04571028004813        1.50937622612764       -1.06860872754894
H           -1.80708620588679        0.00185820430054       -0.47873953892061
H           -0.04915029524630       -1.83547442363400        0.68225068439425
H           -0.04880957370167       -1.50926989104071       -1.06861723764939
11
 energy: -12.880340357673 gnorm: 0.000655057990 xtb: 6.7.1 (edcfbbe)
C            1.09736229026746       -0.00112495553543        0.05917799384720
C           -0.01221343649284        1.05048310742479       -0.07270213006628
N           -1.01717225615633        0.00104580862347        0.14828011193675
C           -0.01437039659710       -1.05045158788986       -0.07270810100458
H            1.57422283006774       -0.00161780448318        1.03405935218918
H            1.85217001910592       -0.00189781406829       -0.72206100597030
H           -0.04563078769722        1.82985682389635        0.69101353336973
H           -0.04608622736077        1.51777203826498       -1.06310764321874
H           -1.80214536032110        0.00185282676966       -0.49220731347557
H           -0.04938988994503       -1.82975919259032        0.69100341700880
H           -0.04920019033305       -1.51766418102057       -1.06311641674516
11
 energy: -12.880343557423 gnorm: 0.000240819360 xtb: 6.7.1 (edcfbbe)
C            1.09739251119350       -0.00112497254941        0.05715031443994
C           -0.01239611272843        1.05051905454507       -0.07134892024829
N           -1.01820325235400        0.00104649392165        0.14439359977783
C           -0.01455334685733       -1.05048762116714       -0.07135520684310
H            1.57716086884773       -0.00161886868985        1.03094405354118
H            1.85009287427487       -0.00189514982733       -0.72599082660981
H           -0.04616401056352        1.82539245517643        0.69632059159517
H           -0.04681732430638        1.52333795360352       -1.05896823048418
H           -1.79910522352857        0.00184897817579       -0.50084609283843
H           -0.04991451880287       -1.82529442371434        0.69630980760192
H           -0.04994587063733       -1.52322883008280       -1.05897729206122
11
 energy: -12.880344245136 gnorm: 0.000170637557 xtb: 6.7.1 (edcfbbe)
C            1.09695325975672       -0.00112452155588        0.05613564136088
C           -0.01264090983608        1.05090875640825       -0.07079543028475
N           -1.01868027903243        0.00104759605774        0.14250565168216
C           -0.01479874555886       -1.05087611329559       -0.07080124276262
H            1.57830344671201       -0.00162225108798        1.02921653951681
H            1.84853811193774       -0.00189438777375       -0.72811235938546
H           -0.04642417586277        1.82377129283428        0.69905421247525
H           -0.04615532261227        1.52640448304356       -1.05715383790953
H           -1.79809115729664        0.00184830098640       -0.50429878468505
H           -0.05017011728142       -1.82367195307569        0.69904413707821
H           -0.04928751638831       -1.52629613314974       -1.05716272921487
11
 energy: -12.880344441815 gnorm: 0.000065384830 xtb: 6.7.1 (edcfbbe)
C            1.09702683136896       -0.00112454402513        0.05581191612654
C           -0.01271009198104        1.05092496056870       -0.07041268143480
N           -1.01911863228030        0.00104772551743        0.14145247819142
C           -0.01486800793098       -1.05089248118214       -0.07041871293163
H            1.57955023574561       -0.00162223765062        1.02826952055453
H            1.84777461510632       -0.00189315525933       -0.72929287570593
H           -0.04681470172416        1.82282747247998        0.70044145070936
H           -0.04601509640050        1.52771681522317       -1.05605737840456
H           -1.79756737358434        0.00184743159614       -0.50652649337534
H           -0.05055929599243       -1.82272787347468        0.70043082239493
H           -0.04915188778946       -1.52760904440191       -1.05606624825349
11
 energy: -12.880344487014 gnorm: 0.000057526227 xtb: 6.7.1 (edcfbbe)
C            1.09694830450283       -0.00112451484020        0.05566029367695
C           -0.01277986101833        1.05099191872393       -0.07011445574608
N           -1.01933335348927        0.00104826572882        0.14072698680127
C           -0.01493791477334       -1.05095902033479       -0.07012035456431
H            1.58049146361501       -0.00162388310164        1.02758596589921
H            1.84689252541035       -0.00189281772017       -0.73020367765503
H           -0.04704748418486        1.82215214547712        0.70142650610495
H           -0.04593513917883        1.52880551338146       -1.05521086691103
H           -1.79688911547109        0.00184718715909       -0.50831493291137
H           -0.05078974807408       -1.82205188936754        0.70141598513158
H           -0.04907308280071       -1.52869783571446       -1.05521965195511
