----------------------------------------------- 
  Element       SASA      Sigma Z        Total  
     Z         Ang**2 cal/Ang**2/mol   kcal/mol 
----------------------------------------------- 
      H         50.842      48.690       2.475
      C         93.450     129.740      12.124
      O         19.517       0.000       0.000
      Cl       138.476       9.820       1.360

 Subtotal:     302.286                  15.960
 -----------------------------------------------

  Elements    COT*SASA   Sigma Z,Z'     Total   
    Z,Z'       Ang**2  cal/Ang**2/mol kcal/mol  
 ---------------------------------------------- 
  H   C         34.358     -60.770      -2.088
  H   O          0.000       0.000       0.000
  C   C        125.155     -72.950      -9.130
  O   C          5.194      68.690       0.357
  O   O          0.000       0.000       0.000

 Subtotal:                             -10.861
 ---------------------------------------------- 

 NONAQUEOUS SOLVENT CONTRIBUTION (kcal/mol):
 (proportional to SASA, atomic number independent)
 ---------------------------------------------- 
 Subtotal:                               0.000
 ---------------------------------------------- 

 CDS TOTAL (kcal/mol):                   5.098
...............................................................................
