24
 energy: -43.384486700524 gnorm: 0.058015443039 xtb: 6.7.1 (edcfbbe)
C           -2.58178145501658       -0.61108888930409       -0.31235385068086
C           -1.20508310751011       -0.26941446104463        0.22063172107921
H           -1.22581784477948       -0.24260770065886        1.32232783494270
C           -0.68799063317494        1.06479100065628       -0.31391016015051
H           -0.70482963825362        1.03567734513302       -1.41648766722584
C            0.74950094891476        1.29687181886736        0.15198524637590
H            0.74741381051772        1.42455330439796        1.24238012048154
C            1.63333246368430        0.10791378968804       -0.20038972447124
H            1.72039200905810        0.01919984937386       -1.29521159137214
C            0.99270979643013       -1.17302541683475        0.33111631482419
H            0.92333041739965       -1.14369854945463        1.43108675372600
O           -0.32101681664373       -1.31448822742541       -0.22166197989919
O            1.76391813806393       -2.26174157314791       -0.10195755032308
O            2.91411538617339        0.32015754251975        0.39484291537777
O            1.25916078141424        2.52680705561290       -0.37532488837824
O           -1.54504731750248        2.10149003128573        0.16995869840410
O           -3.08683787888250       -1.82880045297836        0.24791594413729
H           -2.54053690124829       -0.67340255852508       -1.40955528893528
H           -3.28491615692103        0.17702431014769       -0.03359123027890
H            1.57917086150094       -3.01519221405118        0.47473164228733
H            3.49686519089537       -0.38478342851310        0.08196489546683
H            1.28871545260503        2.44328816154416       -1.34011251011210
H           -1.12878607740422        2.94185331004400       -0.06975079261768
H           -2.48396775330712       -2.53586906910046       -0.01771233719117
24
 energy: -43.387415480737 gnorm: 0.030132642636 xtb: 6.7.1 (edcfbbe)
C           -2.58332985386062       -0.61289489969203       -0.31653046251486
C           -1.19686714135798       -0.27813352544586        0.21729417441706
H           -1.22322819462058       -0.24326425273941        1.31621783979048
C           -0.69215312386352        1.06514205414285       -0.31330556961786
H           -0.71618821935254        1.03505046310672       -1.41432322165180
C            0.74807430742633        1.30785097975414        0.15385522289873
H            0.75839021418152        1.44873682128924        1.24064263824376
C            1.63586245852584        0.11455355535518       -0.19640710184755
H            1.72489427147665        0.01693848887528       -1.28803963910670
C            0.99508668583476       -1.17382209147707        0.33072716302224
H            0.93341587431060       -1.12937371919063        1.43000161641031
O           -0.31653429031218       -1.32414042996473       -0.19916298599889
O            1.76436938439653       -2.25208976008039       -0.09610403661092
O            2.90931655874425        0.31683743721525        0.38734591825706
O            1.24147332176100        2.52646817640458       -0.37592690002518
O           -1.54981337007011        2.08866977013150        0.15791256872432
O           -3.08720804862438       -1.81366349539629        0.24016086313649
H           -2.54146368270221       -0.69008451955466       -1.40952929509249
H           -3.28074757048378        0.17701198672093       -0.03360583976284
H            1.56494282401611       -3.02927479127781        0.44708368269869
H            3.49324258346344       -0.39601704670436        0.08971817332688
H            1.30832618001287        2.43940441558519       -1.33925601962778
H           -1.13298827015417        2.93882948645383       -0.05411719372942
H           -2.48485922273435       -2.52722012527918       -0.01372907987308
24
 energy: -43.388847250517 gnorm: 0.011364470103 xtb: 6.7.1 (edcfbbe)
C           -2.58331732075800       -0.62410280170403       -0.32007993502599
C           -1.18958885018940       -0.28742767206633        0.21994756694978
H           -1.22919041873996       -0.24009259645179        1.31802938358899
C           -0.69639545624991        1.06280310614935       -0.31370574578671
H           -0.71765156769189        1.02675836426748       -1.41500586172409
C            0.74908073520779        1.32246117355064        0.14684468222238
H            0.76716476552631        1.47083087096674        1.23139509564075
C            1.63969093217255        0.12288646786601       -0.19744446244100
H            1.72294748874711        0.02063295318242       -1.28910733570435
C            0.99377281280278       -1.16985501746912        0.33556020634689
H            0.94581732044087       -1.10667061547989        1.43833083795329
O           -0.31423743614377       -1.33036143312026       -0.17174503184736
O            1.76505318573903       -2.22997725163418       -0.08844608683375
O            2.90177395547679        0.31807955128359        0.37881396700542
O            1.22391726296087        2.52958600021801       -0.38423515012661
O           -1.55719618796133        2.06821317528220        0.14597155313403
O           -3.09316477154679       -1.80559137685450        0.23206448599741
H           -2.53164386657006       -0.70234278273172       -1.41103657475126
H           -3.26762777508750        0.17599889552648       -0.03798242333168
H            1.53195692619655       -3.04679141006115        0.39217824073495
H            3.48732504316010       -0.40950820689676        0.11366114680073
H            1.35074956139221        2.43832490466064       -1.34440362430170
H           -1.13687601992667        2.93088086545003       -0.02129091191283
H           -2.49034664294424       -2.52922018570156        0.00260849287937
24
 energy: -43.389111334162 gnorm: 0.011166851734 xtb: 6.7.1 (edcfbbe)
C           -2.58173437614422       -0.62772754168376       -0.32163253979310
C           -1.18850315240193       -0.28970964388033        0.22404919652517
H           -1.23442867944697       -0.23512308777135        1.32257782591602
C           -0.69785340484652        1.06026896323680       -0.31353886653375
H           -0.71550423133171        1.01842456572055       -1.41596993964192
C            0.74920049399123        1.32578048833307        0.14385266230411
H            0.76728850879870        1.47317419211016        1.22917299434229
C            1.64035940037645        0.12593173913134       -0.19971729825663
H            1.71758409871972        0.02221271316305       -1.29277414399978
C            0.99573356769927       -1.16755940880104        0.33793485149130
H            0.95441847313952       -1.09805702717733        1.44270366271935
O           -0.31356065285398       -1.33282678984568       -0.16118518258322
O            1.76928309612457       -2.22392588323863       -0.08655488432230
O            2.90163856332705        0.32274778684262        0.37463937822575
O            1.21864925114364        2.53266262047630       -0.39045148784285
O           -1.56128930231013        2.06305487101785        0.14408681232584
O           -3.09855720966168       -1.80496892489125        0.23109740312488
H           -2.52184508268988       -0.70435077322735       -1.41340008009201
H           -3.26294177853819        0.17822454556335       -0.04714309951967
H            1.51719307862930       -3.05080935745607        0.36650525597231
H            3.48380617195620       -0.41412945630415        0.12697129891057
H            1.36720557052058        2.43811792923527       -1.34659543031908
H           -1.13773384926183        2.92675360482442       -0.00665526387854
H           -2.49639487892573       -2.53265114714558        0.01294939039192
24
 energy: -43.389450465837 gnorm: 0.009612199042 xtb: 6.7.1 (edcfbbe)
C           -2.57728517894327       -0.63330075914898       -0.32440991596116
C           -1.18773305435611       -0.29274441461728        0.23262261647407
H           -1.24381178491668       -0.22643585284852        1.33146146840096
C           -0.70020187432536        1.05461546126973       -0.31395668527635
H           -0.71348952583143        1.00359337368440       -1.41791758194490
C            0.74772740480390        1.32918785174970        0.13955425350694
H            0.76473142410273        1.47407672558766        1.22635539713587
C            1.64019421638371        0.13191441135537       -0.20496321487398
H            1.70727443672674        0.02538868977527       -1.30028699842300
C            1.00186619237206       -1.16155667005338        0.34383206969648
H            0.97236454806695       -1.08546350048725        1.45147197017392
O           -0.31085235478577       -1.33694283239464       -0.14164512429522
O            1.78019868642627       -2.21388581253709       -0.08225065225006
O            2.90391455739403        0.33472331836285        0.36271460300361
O            1.20836904490460        2.53931816623214       -0.39913288158484
O           -1.56811226311791        2.05699164575909        0.13898742493175
O           -3.10946374181055       -1.80326228663209        0.23179060704131
H           -2.50228712208504       -0.71322840232676       -1.41719439254674
H           -3.25628251471494        0.18188238794603       -0.06850055297924
H            1.48648788539415       -3.05383508007549        0.31686517059981
H            3.47439755442320       -0.42280771014726        0.15028802034808
H            1.39881841897148        2.43650631639112       -1.34555671458629
H           -1.13505309339672        2.91873175476243        0.01725233888481
H           -2.50975818567258       -2.53795180337480        0.03354128999083
24
 energy: -43.389620399941 gnorm: 0.009171553875 xtb: 6.7.1 (edcfbbe)
C           -2.57374473533033       -0.63729948908206       -0.32646000434739
C           -1.18791569093675       -0.29375378856772        0.23624513675352
H           -1.24850133236020       -0.22234058276320        1.33443934474995
C           -0.70139196877682        1.05148138902595       -0.31562526919082
H           -0.71403302375938        0.99674534466886       -1.41949149426320
C            0.74508358049542        1.33015026949332        0.13836436370343
H            0.76069201328473        1.47365666131696        1.22558628055138
C            1.63883246779758        0.13615757197145       -0.20778322676183
H            1.70104024947240        0.02727287731490       -1.30357342389416
C            1.00651419423492       -1.15650163002898        0.34789082657823
H            0.98336306816752       -1.07940596401764        1.45613679088805
O           -0.30777345440473       -1.33884122285188       -0.13067026855572
O            1.78716060046545       -2.20833937208487       -0.07870173585433
O            2.90661862983602        0.34313189086894        0.35188869733044
O            1.20104738839658        2.54394943475922       -0.39979652851494
O           -1.57136316430688        2.05601433109889        0.13213065668819
O           -3.11501537952206       -1.80102808179196        0.23624478767562
H           -2.49118284990827       -0.72701357539840       -1.41844717257427
H           -3.25298569373575        0.18204612334805       -0.08392612559832
H            1.46365708073655       -3.05196179860752        0.28396010329311
H            3.46604935940704       -0.42789085582196        0.16163147357520
H            1.42219953639574        2.43488521080106       -1.33829662697536
H           -1.12842730114118        2.91449420733369        0.02967358569897
H           -2.51790989849413       -2.54009397275282        0.04950234451089
24
 energy: -43.388471872415 gnorm: 0.031836101572 xtb: 6.7.1 (edcfbbe)
C           -2.55149253816858       -0.65044179560124       -0.33611123669017
C           -1.19206594704978       -0.29830852438751        0.28082467390439
H           -1.27690169650988       -0.20612737913111        1.37460875326717
C           -0.70940990999081        1.03285084916818       -0.30887393956438
H           -0.72698838327874        0.95300348422526       -1.41144413739507
C            0.73294872033881        1.33399005033598        0.13260837248999
H            0.75210733689755        1.47885142435520        1.22037104891962
C            1.62945650088769        0.15479352760520       -0.22374452600955
H            1.65935637512903        0.02750571251835       -1.32138671153337
C            1.03097767668149       -1.12915501234580        0.37864303189495
H            1.04624344603024       -1.04357062767422        1.48896398683226
O           -0.29501470394677       -1.34705179795042       -0.05542585403833
O            1.81835274988333       -2.18327705583919       -0.05001257904136
O            2.92475813190838        0.38495496580974        0.28054022936045
O            1.16133479842269        2.56259442991925       -0.41597371321632
O           -1.58488102018236        2.05597016311220        0.10504664824976
O           -3.14800634774745       -1.80039220474606        0.20877340050556
H           -2.41733038861889       -0.76915621267132       -1.42330978502536
H           -3.23996726904210        0.17930588800508       -0.15300131819126
H            1.35113426138372       -3.03709568990665        0.13687805903581
H            3.42450219281022       -0.45302738721540        0.19632542990821
H            1.52386554678825        2.41590942896328       -1.31315232036333
H           -1.09280594857566        2.89350289218807        0.08265903031821
H           -2.54815990803691       -2.55011415050461        0.08711597184871
24
 energy: -43.389266937410 gnorm: 0.025503073049 xtb: 6.7.1 (edcfbbe)
C           -2.56044087547587       -0.64323993143416       -0.33505882814412
C           -1.19382594222388       -0.29395438410129        0.26373093728208
H           -1.26851092883471       -0.21407550955072        1.35839100659525
C           -0.70505827427274        1.04214441852434       -0.30852932118314
H           -0.72344156792816        0.97330758383609       -1.41040229026035
C            0.73840231288344        1.32906897035651        0.13819051847488
H            0.75860050426576        1.47275029777206        1.22534919306926
C            1.63015536653203        0.14293131098144       -0.21833742070497
H            1.67267160537273        0.02457098656665       -1.31413051803971
C            1.01853350942745       -1.14220205513120        0.36544760706417
H            1.02135562134788       -1.05966585662906        1.47340122096277
O           -0.30330873855397       -1.34289354776750       -0.08540896116368
O            1.79464441441890       -2.20254052340037       -0.06432493645307
O            2.91667279949845        0.35972609142160        0.30629921985029
O            1.18487743234523        2.55011744274141       -0.40438190614485
O           -1.57486143506532        2.06162920305877        0.11843866598471
O           -3.13427390241519       -1.80093946409441        0.21337822001799
H           -2.44389707374153       -0.75212972155209       -1.42219355093129
H           -3.24758197641209        0.17884725794587       -0.12830084497025
H            1.41882459053353       -3.02816169670925        0.22392783285370
H            3.44255393397926       -0.43751020794728        0.16292363605727
H            1.46609398652175        2.42680140898578       -1.31635780252634
H           -1.10289735274950        2.90466819680411        0.05389686237326
H           -2.53327433343998       -2.54373529244503        0.06497397540276
24
 energy: -43.389498769344 gnorm: 0.018448827528 xtb: 6.7.1 (edcfbbe)
C           -2.57118297471300       -0.64218033954648       -0.32997490404454
C           -1.18782928451476       -0.29301367431950        0.23664361803747
H           -1.25244062392800       -0.22094718431623        1.33328830107165
C           -0.70214668187542        1.05419586582693       -0.31393081230541
H           -0.71718023847002        0.99559307072007       -1.41605555200112
C            0.74376838292930        1.33409498465685        0.14124820558660
H            0.76246888715092        1.48177586398335        1.22683926395427
C            1.63763360621433        0.13780956604960       -0.20373544192413
H            1.69469775380034        0.02400793300224       -1.29778145098713
C            1.00736161977284       -1.15368755160933        0.35607615714963
H            0.98445228826886       -1.07513151312015        1.46219727035434
O           -0.30313260519874       -1.33601425196719       -0.12186871569477
O            1.78456066530888       -2.20470007782189       -0.07206441944376
O            2.90655001840004        0.34163728530146        0.34460239092081
O            1.19861345237246        2.54282409391982       -0.39722410337742
O           -1.56978323115301        2.05820736078448        0.12735990716027
O           -3.10992429337504       -1.80115257307520        0.23402258893192
H           -2.48040458483110       -0.73926357970368       -1.41774817394926
H           -3.25126844350094        0.17517863976438       -0.09081314662499
H            1.43283148859127       -3.06165562423144        0.25770695582916
H            3.46767941629553       -0.42169994318584        0.14985775916880
H            1.42974325266882        2.43270828858820       -1.33185265325535
H           -1.12478003852154        2.91679841598500        0.02657758920105
H           -2.50827415567852       -2.53987007745319        0.05755188170855
24
 energy: -43.389749456814 gnorm: 0.003102357310 xtb: 6.7.1 (edcfbbe)
C           -2.56692456350705       -0.64276140423173       -0.33144489526040
C           -1.19037899670266       -0.29316457530783        0.24723152383166
H           -1.25780613092160       -0.21897811506004        1.34309697833855
C           -0.70335017684649        1.04944641524762       -0.31249844697890
H           -0.71913421821165        0.98814649236263       -1.41458234766299
C            0.74105829727852        1.33156539389787        0.14023087508235
H            0.75868282117768        1.47646043349670        1.22667616013368
C            1.63488280643883        0.14002725359020       -0.21000437487132
H            1.68458652991983        0.02321518158327       -1.30483004324821
C            1.01173597592207       -1.14853576446289        0.35948695822103
H            0.99797742813142       -1.06916173706279        1.46620857595892
O           -0.30319245139168       -1.33877591015267       -0.10905125177471
O            1.79016432230361       -2.20394797612215       -0.06697395482731
O            2.91225024028892        0.35245239200017        0.32624354990018
O            1.19065386871033        2.54754505796506       -0.39806160340815
O           -1.57206810050860        2.06027720156295        0.12345126047970
O           -3.11809011068150       -1.80194544758573        0.22802456552191
H           -2.46771693215009       -0.74582471829749       -1.41898187001564
H           -3.25074333394607        0.17586447916231       -0.10488779432033
H            1.42271177915251       -3.04768081676402        0.24160692362562
H            3.45833089693400       -0.42937217504162        0.15695182168267
H            1.45107232881706        2.42952276450449       -1.32364670465976
H           -1.11623680010832        2.91249117660332        0.03533012504583
H           -2.51645180408559       -2.54135062365536        0.06134648467224
24
 energy: -43.389763251760 gnorm: 0.002003181510 xtb: 6.7.1 (edcfbbe)
C           -2.56699321387942       -0.64301297059570       -0.33156994196615
C           -1.19046865468435       -0.29295629147550        0.24636424892245
H           -1.25733358693549       -0.21920453007294        1.34228516846832
C           -0.70299257748783        1.04955982197020       -0.31293456178985
H           -0.71840241472771        0.98897870691919       -1.41503365669709
C            0.74105392439908        1.33121141416218        0.14100316590516
H            0.75819353091107        1.47474648189888        1.22768181497888
C            1.63468356303014        0.14009001580667       -0.21034300136744
H            1.68335366962953        0.02317246682744       -1.30529520030556
C            1.01174879930611       -1.14816325359380        0.35978150343325
H            0.99694665422502       -1.06928403650384        1.46657114979618
O           -0.30282654388472       -1.33865521905695       -0.11039353252449
O            1.79105848277702       -2.20385263589219       -0.06573058202892
O            2.91282664196327        0.35342335249721        0.32439098804662
O            1.19135665641508        2.54788157024661       -0.39594677005073
O           -1.57181176612920        2.06078250930060        0.12298406946633
O           -3.11765804588474       -1.80208997190095        0.23015611727771
H           -2.46847490940751       -0.74763046052382       -1.41919424597073
H           -3.25152665493943        0.17555332355958       -0.10566407364816
H            1.42135254277137       -3.04696399561995        0.24067490275796
H            3.45814486076360       -0.43053510775245        0.15647366902665
H            1.45113890318634        2.43073951357413       -1.32117399702839
H           -1.11562805123890        2.91313202071902        0.03284631137328
H           -2.51572813416483       -2.54140774626137        0.06298896939136
24
 energy: -43.389794508990 gnorm: 0.002417297653 xtb: 6.7.1 (edcfbbe)
C           -2.56738914639544       -0.64432330375713       -0.33123572755092
C           -1.19024075503860       -0.29226978170801        0.24235515116146
H           -1.25493496949557       -0.21996770967947        1.33853529243147
C           -0.70196077935328        1.05034045291589       -0.31514566720368
H           -0.71527935120865        0.99197918168518       -1.41730263891154
C            0.74060334609882        1.33033397637507        0.14420128978808
H            0.75439845181580        1.46899409679075        1.23158819497876
C            1.63415254378692        0.14042593718014       -0.21020312384226
H            1.67969099127918        0.02424207840962       -1.30552033787205
C            1.01146844931462       -1.14746455558802        0.35999699379398
H            0.99217273949990       -1.06979477452454        1.46692404034049
O           -0.30148271891210       -1.33801534210034       -0.11612470261085
O            1.79357444097169       -2.20383343520314       -0.06168229508007
O            2.91418352336395        0.35446430807485        0.32044971641496
O            1.19303046512252        2.54966257509976       -0.38625757771951
O           -1.57116034690532        2.06221597804256        0.12071796947314
O           -3.11513310394478       -1.80201906361407        0.24001277611740
H           -2.47276738032668       -0.75505140116445       -1.41888154188611
H           -3.25333502528418        0.17429661022487       -0.10711805353484
H            1.41573382337136       -3.04574534954727        0.23591070935695
H            3.45853192239741       -0.43110213068207        0.15076709011909
H            1.45771006693115        2.43433564265656       -1.31103066298152
H           -1.11613590475517        2.91520569849239        0.02023667744044
H           -2.51341760632007       -2.54139471014687        0.06972894324375
24
 energy: -43.389815497374 gnorm: 0.002824174619 xtb: 6.7.1 (edcfbbe)
C           -2.56724799385231       -0.64614406116546       -0.33056194630679
C           -1.18932414030020       -0.29189228187348        0.23877214862237
H           -1.25272485941176       -0.22012509817872        1.33512047225959
C           -0.70085812258447        1.05096106553813       -0.31737633295729
H           -0.71168370789203        0.99342115939620       -1.41952647594466
C            0.74057914761096        1.33009443181642        0.14686470602536
H            0.75089798581323        1.46472400130900        1.23482947347505
C            1.63437810388627        0.14114972774281       -0.20954908295919
H            1.67759437307389        0.02589005162289       -1.30509040999437
C            1.01157380746271       -1.14678167434588        0.35986582732052
H            0.98873651080711       -1.06923185264117        1.46685333727310
O           -0.29989321281024       -1.33736541690971       -0.12019627730391
O            1.79541426065531       -2.20339786390769       -0.05851832786174
O            2.91524684009635        0.35453781139169        0.31864003501967
O            1.19484135215233        2.55120571610290       -0.37787253612415
O           -1.57098088291008        2.06260753689702        0.11748139242021
O           -3.11308495838889       -1.80070713253454        0.25023776759309
H           -2.47587600520311       -0.76371847557263       -1.41772962826470
H           -3.25296926215497        0.17348638772722       -0.10931525562985
H            1.40732636564534       -3.04588139641754        0.22587590633906
H            3.45889601567039       -0.43105723838752        0.14746402170237
H            1.46317249060673        2.43896845641727       -1.30101498586663
H           -1.11851835869734        2.91617823759106        0.00789825798064
H           -2.51348207326174       -2.54140711338600        0.07777042864885
24
 energy: -43.389838210914 gnorm: 0.002371286998 xtb: 6.7.1 (edcfbbe)
C           -2.56711980499678       -0.64887229886131       -0.32919196237190
C           -1.18770053373466       -0.29215292763805        0.23454912172632
H           -1.24986839464537       -0.21985944832105        1.33109418648012
C           -0.69998101177313        1.05113812833455       -0.32091272310060
H           -0.70682696343459        0.99362481934304       -1.42302665584712
C            0.74001688271410        1.33046150031803        0.14952826067027
H            0.74503223772015        1.46066148311795        1.23810784413459
C            1.63506992518859        0.14276772490505       -0.20876991698772
H            1.67652116440277        0.02901297173824       -1.30453635578436
C            1.01202468176498       -1.14609747732432        0.35859538358756
H            0.98639944846592       -1.06805097577953        1.46574667086369
O           -0.29792073459724       -1.33694793504995       -0.12403461317914
O            1.79704364667012       -2.20231504314967       -0.05704474085864
O            2.91587156839088        0.35497928160185        0.31800155090928
O            1.19506725414522        2.55385261717978       -0.36780726682155
O           -1.57205462520548        2.06126886444228        0.11205628639915
O           -3.11219592914513       -1.79710490375835        0.26458466738639
H           -2.47885450278006       -0.77631378021842       -1.41529722685396
H           -3.25068374619223        0.17362729742036       -0.11306305879541
H            1.39746260133900       -3.04566404148560        0.20778639392044
H            3.45885237341658       -0.43104648138157        0.14758019070026
H            1.47685524397448        2.44373092425039       -1.28836126269584
H           -1.12367065016009        2.91624635804798       -0.00583455505672
H           -2.51732645551454       -2.54143167949943        0.09117229704145
24
 energy: -43.389854580414 gnorm: 0.001669655103 xtb: 6.7.1 (edcfbbe)
C           -2.56643833652699       -0.65084627187344       -0.32807595752637
C           -1.18610379198950       -0.29295707617839        0.23297269756640
H           -1.24800480795754       -0.21907632736551        1.32955586584287
C           -0.69947612206343        1.05040748330298       -0.32341208240926
H           -0.70324622479986        0.99119576940030       -1.42542970041591
C            0.73955627624100        1.33110432016649        0.15059161016508
H            0.74115609113953        1.45949730604114        1.23942747394285
C            1.63611937760752        0.14439376131099       -0.20760643491540
H            1.67829648224602        0.03221939267688       -1.30349605336463
C            1.01327628274390       -1.14586318299320        0.35750084219646
H            0.98737707071670       -1.06818985270168        1.46477731956022
O           -0.29613676267796       -1.33695919029169       -0.12473819450272
O            1.79871433179366       -2.20092801330291       -0.05860767852520
O            2.91609175731945        0.35597764409174        0.32041081235930
O            1.19429118777024        2.55548363125611       -0.36375956876395
O           -1.57375553291922        2.05929172875896        0.10660756374414
O           -3.11451941555693       -1.79215054232487        0.27492713846354
H           -2.47831238568389       -0.78677753015632       -1.41293533147750
H           -3.24695148571730        0.17545216573339       -0.11828781954335
H            1.38954988994273       -3.04598245149272        0.18713594043399
H            3.45839969490891       -0.42994314351277        0.15299587332456
H            1.48577243948757        2.44650224844145       -1.28067301853863
H           -1.12840870116942        2.91496299452426       -0.01306466410065
H           -2.52523363884169       -2.54129988527896        0.10410588195072
24
 energy: -43.389870738105 gnorm: 0.002153327333 xtb: 6.7.1 (edcfbbe)
C           -2.56613665062182       -0.65271161876640       -0.32614125722724
C           -1.18407431561597       -0.29487040739088        0.23181516349735
H           -1.24475525714909       -0.21887102726090        1.32847515443132
C           -0.69946584248078        1.04860802983846       -0.32673963270561
H           -0.69963487873238        0.98652122168098       -1.42860122838798
C            0.73826586356742        1.33234090289897        0.15048720778801
H            0.73626185984624        1.46072634260965        1.23932205734530
C            1.63791489275090        0.14686551494869       -0.20543173176636
H            1.68535857194093        0.03710435563331       -1.30135862455395
C            1.01516405584005       -1.14653970236462        0.35422858899064
H            0.99073425006229       -1.07201869406441        1.46184333749965
O           -0.29430267549439       -1.33746311065447       -0.12619295661418
O            1.80084240536269       -2.19890711006305       -0.06649737994360
O            2.91506011971629        0.35888445619957        0.32895258268623
O            1.19151370677698        2.55726609863063       -0.36292953637157
O           -1.57701157280155        2.05553953096872        0.09912399955618
O           -3.12137796374728       -1.78317599877009        0.28833711330577
H           -2.47709577091948       -0.79984078551542       -1.40917802634821
H           -3.24112054475954        0.18006268449544       -0.12552418913500
H            1.38568399324913       -3.04553377818160        0.15813128652167
H            3.45793029100726       -0.42748542970897        0.16812787149124
H            1.49821051802529        2.44682657158892       -1.27525479803274
H           -1.13479000784613        2.91263763928811       -0.01740272084253
H           -2.54116137196356       -2.54045070780838        0.12333023428214
24
 energy: -43.389879884778 gnorm: 0.001619675945 xtb: 6.7.1 (edcfbbe)
C           -2.56617258890652       -0.65298812208321       -0.32530023392418
C           -1.18345192486928       -0.29561277995923        0.23139235040779
H           -1.24270681117846       -0.21982504513609        1.32811443751865
C           -0.69937708168390        1.04778474951754       -0.32788764512880
H           -0.69872390048956        0.98472571265932       -1.42969186259988
C            0.73763408906140        1.33258064307161        0.15029901967275
H            0.73490225748037        1.46185658385844        1.23905304999538
C            1.63871490412337        0.14775099740045       -0.20376404753204
H            1.69029647129538        0.03917081566959       -1.29967204460001
C            1.01600662309176       -1.14713569751380        0.35257431884157
H            0.99164646575303       -1.07625432726418        1.46040963690657
O           -0.29346882492703       -1.33759232046707       -0.12843547918912
O            1.80258988454341       -2.19808105658894       -0.07120725066832
O            2.91422869251976        0.36076833677775        0.33520661702816
O            1.19076333775285        2.55739827463331       -0.36436949367767
O           -1.57795150721171        2.05475503749721        0.09621567370191
O           -3.12505568836160       -1.77912602742280        0.29407544501231
H           -2.47704723256101       -0.80509272078237       -1.40771498836211
H           -3.23922385849088        0.18240993992652       -0.12861493413973
H            1.38491732562482       -3.04549109807830        0.14633956091278
H            3.45823674386006       -0.42501155313043        0.17583189353081
H            1.49919959975439        2.44601001765270       -1.27511316505663
H           -1.13559178304084        2.91204653227502       -0.01852764194993
H           -2.54835151712634       -2.53953191428079        0.13170929876630
24
 energy: -43.389894093158 gnorm: 0.001734621221 xtb: 6.7.1 (edcfbbe)
C           -2.56742122577707       -0.65273461176508       -0.32288335870425
C           -1.18258859921621       -0.29744944248607        0.22959640914227
H           -1.23668674424777       -0.22458941053212        1.32661928999729
C           -0.69971418841520        1.04608933255920       -0.33017755673513
H           -0.69868544867713        0.98166636675973       -1.43186918443334
C            0.73569820024526        1.33302426590428        0.14872704178489
H            0.73247989288425        1.46679926122177        1.23693425552822
C            1.64089185258301        0.14962136314937       -0.19867731633496
H            1.70677055298806        0.04417422434820       -1.29429427655934
C            1.01732163656463       -1.14943681736789        0.34659046219567
H            0.99274084425217       -1.09027207451164        1.45509756905013
O           -0.29215803015073       -1.33778343615904       -0.13730806121728
O            1.80578478704856       -2.19667748496701       -0.08669814379883
O            2.91040468308050        0.36553166489157        0.35639684652413
O            1.18857871784831        2.55673806302152       -0.37126456898305
O           -1.57947201541541        2.05377796070711        0.09127257454191
O           -3.13412320834132       -1.76949808487112        0.30728597681423
H           -2.47948312086477       -0.81541183710565       -1.40398449854873
H           -3.23598009127528        0.18830658895808       -0.13369229397734
H            1.38862116949565       -3.04485380462928        0.12452715879368
H            3.46016575456365       -0.41703256875535        0.19688001187752
H            1.49818629425783        2.44079328629868       -1.28061305018118
H           -1.13441712561624        2.91100104817866       -0.01764802603504
H           -2.56490091180129       -2.53626887461567        0.15010525472509
24
 energy: -43.389898838945 gnorm: 0.000785893171 xtb: 6.7.1 (edcfbbe)
C           -2.56780674371064       -0.65340021002381       -0.32200439209332
C           -1.18217090490818       -0.29746264133652        0.22759148106713
H           -1.23482096294948       -0.22563421776219        1.32480954818528
C           -0.69953756580190        1.04622525190262       -0.33160874101998
H           -0.69768443180392        0.98184241024109       -1.43334508177957
C            0.73538609412786        1.33313743861722        0.14903301063653
H            0.73052191466330        1.46701897844380        1.23722816545715
C            1.64171245991770        0.15020808706227       -0.19691909316062
H            1.71088643648992        0.04625580346757       -1.29233313948553
C            1.01723873468949       -1.14989454756575        0.34450234790902
H            0.99147836667629       -1.09285401345508        1.45311213894219
O           -0.29167053047496       -1.33731926738219       -0.14079879217503
O            1.80568683493539       -2.19639458689842       -0.09009997403516
O            2.90907590869536        0.36555498911224        0.36244791019885
O            1.18879542957337        2.55690712996538       -0.36997986666148
O           -1.57941101913343        2.05395717470691        0.08939126894449
O           -3.13409121692696       -1.76744877401075        0.31372884229971
H           -2.48170874162351       -0.82032313737134       -1.40264416624328
H           -3.23532912481397        0.18892011078483       -0.13476079749405
H            1.38594364370585       -3.04550506845284        0.11773283479336
H            3.46103398389633       -0.41478958867357        0.19976666147594
H            1.49902332947791        2.44129321023087       -1.27955568838693
H           -1.13419120595946        2.91075906428259       -0.02114844580205
H           -2.56634701272890       -2.53553861765268        0.15677648389394
24
 energy: -43.389901914919 gnorm: 0.000593021339 xtb: 6.7.1 (edcfbbe)
C           -2.56871069533113       -0.65339941745274       -0.32114617506846
C           -1.18228845387033       -0.29700874252052        0.22571698380408
H           -1.23368654970694       -0.22608940025810        1.32313254397586
C           -0.69945575979349        1.04669915657732       -0.33280653983449
H           -0.69726279240171        0.98257035114716       -1.43459180973634
C            0.73539331125545        1.33298706724248        0.14882441030005
H            0.72942436781844        1.46755314780414        1.23688841871586
C            1.64253086526978        0.15004108108241       -0.19529812382243
H            1.71605658272144        0.04804537239141       -1.29042181910019
C            1.01635941543142       -1.15102567556798        0.34172955225097
H            0.99025978697491       -1.09579659106609        1.45041771201379
O           -0.29238064097881       -1.33675907105454       -0.14396496455896
O            1.80356621505214       -2.19697551574690       -0.09518719922372
O            2.90697501876413        0.36387294729615        0.37020318574089
O            1.18967946690291        2.55626065710287       -0.36971249226537
O           -1.57876435015933        2.05478680877449        0.08825661673398
O           -3.13270368416036       -1.76657471271806        0.31740661772067
H           -2.48485409792320       -0.82204882846838       -1.40140649064560
H           -3.23596769746161        0.18881056405499       -0.13384645884714
H            1.38755077677263       -3.04604499172768        0.11856295396778
H            3.46233878442645       -0.41280284285260        0.20158644299759
H            1.49471700445259        2.44193026316818       -1.28128908651196
H           -1.13215961225772        2.91076687410699       -0.02209215324320
H           -2.56460358578414       -2.53428352308280        0.15996039010289
24
 energy: -43.389902974475 gnorm: 0.000335177296 xtb: 6.7.1 (edcfbbe)
C           -2.56884233812794       -0.65357381478470       -0.32112982491242
C           -1.18249279204429       -0.29678882172948        0.22547334767665
H           -1.23386994466556       -0.22516025886068        1.32286437527974
C           -0.69936786411587        1.04649977521721       -0.33361376787206
H           -0.69656242274041        0.98193714465871       -1.43535091641782
C            0.73514541740812        1.33279602328232        0.14899515318815
H            0.72836023263971        1.46696781174525        1.23712633724360
C            1.64262047293326        0.15008015810334       -0.19493840616962
H            1.71747372190090        0.04891758109415       -1.29007832250217
C            1.01624362225820       -1.15136256005803        0.34109694349976
H            0.99096485435939       -1.09696491857501        1.44991393527839
O           -0.29281946929376       -1.33684644811344       -0.14384798580572
O            1.80319141330176       -2.19696603993805       -0.09728212238876
O            2.90651765347117        0.36356936270144        0.37229065830809
O            1.18954039358901        2.55645956382392       -0.36878227838898
O           -1.57872471070724        2.05520167259865        0.08643976371712
O           -3.13306709884885       -1.76594345036904        0.31909743691791
H           -2.48474022550276       -0.82381931966098       -1.40124131306449
H           -3.23614734377913        0.18909951167818       -0.13523606716317
H            1.38751113505282       -3.04621400000607        0.11699436491342
H            3.46264225183130       -0.41188088573191        0.20178752540040
H            1.49393997584215        2.44271820871820       -1.28095478020117
H           -1.13075006834232        2.91067300125579       -0.02172454859106
H           -2.56475319040618       -2.53388431881754        0.16302300752079
24
 energy: -43.389903694961 gnorm: 0.000136635325 xtb: 6.7.1 (edcfbbe)
C           -2.56886263865478       -0.65367349761832       -0.32126527257376
C           -1.18248445598767       -0.29667502567863        0.22518531517521
H           -1.23404847694921       -0.22449857135233        1.32249438287480
C           -0.69913421306163        1.04645277856841       -0.33416326346751
H           -0.69572421261227        0.98165435477682       -1.43584044441079
C            0.73510181084565        1.33271027648503        0.14921267528892
H            0.72805313444141        1.46615771133171        1.23743266647974
C            1.64256170928499        0.15009338995824       -0.19508136158577
H            1.71724222124851        0.04887423521958       -1.29021925395385
C            1.01629486887343       -1.15140097946583        0.34114010698760
H            0.99137673172886       -1.09718308639828        1.44994367305856
O           -0.29288820983035       -1.33691651876398       -0.14356141463658
O            1.80319831486284       -2.19699493412246       -0.09753900219382
O            2.90668270669733        0.36368855201362        0.37185908607677
O            1.18975801976387        2.55665895617379       -0.36770677071183
O           -1.57876003442882        2.05522474781359        0.08508530174423
O           -3.13326257360533       -1.76557722470412        0.31966623841118
H           -2.48474896855269       -0.82451789375275       -1.40123828918482
H           -3.23615649456354        0.18903351130236       -0.13588437101025
H            1.38762428855822       -3.04626379889815        0.11684410495756
H            3.46271380590578       -0.41208332720498        0.20171820859040
H            1.49297362583834        2.44366640010285       -1.28030875821203
H           -1.13047406629627        2.91064297326391       -0.02107865733909
H           -2.56502321749318       -2.53355805081785        0.16422761510170
24
 energy: -43.389904721979 gnorm: 0.000270321365 xtb: 6.7.1 (edcfbbe)
C           -2.56871096391161       -0.65377036543336       -0.32174963166729
C           -1.18239566683156       -0.29638820463124        0.22469747545439
H           -1.23444286008503       -0.22290114463760        1.32190332920834
C           -0.69866663812367        1.04628016047853       -0.33562256551897
H           -0.69358908706190        0.98044226549033       -1.43721276984369
C            0.73484872997640        1.33235363372489        0.14974789335280
H            0.72676338163986        1.46398961024534        1.23816059600975
C            1.64243237481517        0.15005393750564       -0.19540898197611
H            1.71658211302583        0.04887620838820       -1.29054619349374
C            1.01653999967208       -1.15154208533394        0.34112114124449
H            0.99252426950343       -1.09763475898148        1.44989574241090
O           -0.29298288830577       -1.33713575238690       -0.14274763799693
O            1.80318515133137       -2.19713414589515       -0.09833569701956
O            2.90703491613374        0.36369465952631        0.37072348047420
O            1.19009843135772        2.55717750327428       -0.36445261811091
O           -1.57901929226882        2.05536554727435        0.08121669229419
O           -3.13366031744549       -1.76426469644403        0.32125866689998
H           -2.48434357269546       -0.82675034184838       -1.40133890446113
H           -3.23582498104796        0.18941494778043       -0.13808227779223
H            1.38783093668300       -3.04642444418941        0.11638056232977
H            3.46258539025912       -0.41269212698704        0.20129802998352
H            1.48991639032707        2.44656281271405       -1.27845174471401
H           -1.12916962606695        2.91057015928532       -0.01934190645094
H           -2.56552251486709       -2.53262840068691        0.16780983484977
24
 energy: -43.389904992330 gnorm: 0.000169282176 xtb: 6.7.1 (edcfbbe)
C           -2.56869054878403       -0.65395651500546       -0.32189599202562
C           -1.18243880305776       -0.29633045239919        0.22446958420990
H           -1.23462788415770       -0.22254347133962        1.32164988976389
C           -0.69838710015799        1.04611113832947       -0.33614418883241
H           -0.69271198327930        0.97957534168252       -1.43771762249700
C            0.73477782417705        1.33227257992230        0.15007939773622
H            0.72615315895602        1.46321359134985        1.23857823700742
C            1.64242491591221        0.15010585634035       -0.19549125223301
H            1.71633465447196        0.04918965667853       -1.29068030556488
C            1.01661862703197       -1.15152703945484        0.34099369123516
H            0.99288147266382       -1.09772366029062        1.44979631796473
O           -0.29301184360855       -1.33722447597655       -0.14255641880977
O            1.80315229608779       -2.19706336617323       -0.09874278437541
O            2.90709323870704        0.36363695252004        0.37041430489054
O            1.19020307183069        2.55744678619453       -0.36295112659227
O           -1.57888378335294        2.05553951736875        0.07944718194316
O           -3.13416169781633       -1.76367621626611        0.32201382146512
H           -2.48397569594968       -0.82805736898827       -1.40127376560488
H           -3.23561794765553        0.18963703067172       -0.13936340898043
H            1.38785202360424       -3.04637403514106        0.11600686007041
H            3.46242005610797       -0.41283752026231        0.20098069486768
H            1.48835889384196        2.44800864360453       -1.27766945937358
H           -1.12773676114470        2.91040753653298       -0.01871892584286
H           -2.56601250841472       -2.53231553166607        0.16969778504443
24
 energy: -43.389904996862 gnorm: 0.000167863531 xtb: 6.7.1 (edcfbbe)
C           -2.56867013365645       -0.65414266457756       -0.32204235238394
C           -1.18248193928396       -0.29627270016715        0.22424169296541
H           -1.23481290823037       -0.22218579804165        1.32139645031943
C           -0.69810756219230        1.04594211618041       -0.33666581214585
H           -0.69183487949671        0.97870841787471       -1.43822247515032
C            0.73470691837769        1.33219152611970        0.15041090211963
H            0.72554293627218        1.46243757245437        1.23899587800510
C            1.64241745700926        0.15015777517505       -0.19557352248991
H            1.71608719591809        0.04950310496886       -1.29081441763602
C            1.01669725439186       -1.15151199357574        0.34086624122584
H            0.99323867582421       -1.09781256159976        1.44969689351857
O           -0.29304079891132       -1.33731319956620       -0.14236519962262
O            1.80311944084421       -2.19699258645131       -0.09914987173126
O            2.90715156128034        0.36357924551378        0.37010512930688
O            1.19030771230365        2.55771606911477       -0.36144963507362
O           -1.57874827443707        2.05571348746315        0.07767767159214
O           -3.13466307818717       -1.76308773608820        0.32276897603026
H           -2.48360781920389       -0.82936439612816       -1.40120862674862
H           -3.23541091426311        0.18985911356301       -0.14064454016863
H            1.38787311052548       -3.04632362609270        0.11563315781105
H            3.46225472195681       -0.41298291353759        0.20066335975185
H            1.48680139735686        2.44945447449502       -1.27688717403314
H           -1.12630389622245        2.91024491378065       -0.01809594523478
H           -2.56650250196234       -2.53200266264523        0.17158573523910
