----------------------------------------------- 
  Element       SASA      Sigma Z        Total  
     Z         Ang**2 cal/Ang**2/mol   kcal/mol 
----------------------------------------------- 
      H        117.376      48.690       5.715
      C         20.958     129.740       2.719
      O         16.097       0.000       0.000

 Subtotal:     154.431                   8.434
 -----------------------------------------------

  Elements    COT*SASA   Sigma Z,Z'     Total   
    Z,Z'       Ang**2  cal/Ang**2/mol kcal/mol  
 ---------------------------------------------- 
  H   C         69.745     -60.770      -4.238
  H   O          9.855       0.000       0.000
  C   C         13.965     -72.950      -1.019
  O   C          0.024      68.690       0.002

 Subtotal:                              -5.255
 ---------------------------------------------- 

 NONAQUEOUS SOLVENT CONTRIBUTION (kcal/mol):
 (proportional to SASA, atomic number independent)
 ---------------------------------------------- 
 Subtotal:                               0.000
 ---------------------------------------------- 

 CDS TOTAL (kcal/mol):                   3.179
...............................................................................
