24
 energy: -687.114098917236 gnorm: 0.002860861304 xtb: 6.7.1 (edcfbbe)
C           -2.40260451751507       -1.17783638977405       -0.28078280716581
C           -1.09808167848893       -0.62761000930816        0.27508399488747
H           -1.12969365365515       -0.62103555913254        1.37693811285902
C           -0.77752267711710        0.78480871781157       -0.23075441202608
H           -0.82548448208532        0.78269039579796       -1.33201348237083
C            0.62304086727615        1.20217800089775        0.20219501454999
H            0.63894502764195        1.28249978333995        1.30125750931586
C            1.63681907116242        0.15759456567259       -0.22292323603501
H            1.67208848782842        0.10135207709212       -1.32339389726154
C            1.21082335678491       -1.21230329297540        0.31401516278260
H            1.20176803870998       -1.20926385470745        1.41411058731584
O           -0.08933393738778       -1.54163910558792       -0.18386651887826
O            2.09329000336356       -2.22951068403771       -0.07690762327540
O            2.90858733249304        0.52831199308033        0.30701617059497
O            0.99338784643671        2.45346498077310       -0.38430949190749
O           -1.67785488380867        1.75790213243511        0.30871160805254
O           -3.47884826412431       -0.35617211240512        0.20236840343032
H           -2.52753974587157       -2.21551923275528        0.05462613097230
H           -2.36390741660751       -1.16024787882274       -1.37806117999598
H            2.18691488075999       -2.19430447846493       -1.04271064536863
H            3.55042188936589       -0.11999537890388       -0.01291230197551
H            0.38434621105259        3.11869781721382       -0.03810665950262
H           -2.57416448887662        1.42344596054713        0.14537418600671
H           -4.27738370124440       -0.61124396711967       -0.27645384329498
24
 energy: -687.114124541439 gnorm: 0.001251576196 xtb: 6.7.1 (edcfbbe)
C           -2.40284472585698       -1.17803533424630       -0.28039555908551
C           -1.09851275319808       -0.62759182599354        0.27527647879177
H           -1.12924116696135       -0.62162231689750        1.37721453287362
C           -0.77829696441757        0.78510382780476       -0.23031929385748
H           -0.82787021202375        0.78315997370318       -1.33153824945414
C            0.62290815886110        1.20193000151922        0.20115703852199
H            0.63957634528868        1.28436258563226        1.30009856651372
C            1.63679447959347        0.15680221321334       -0.22251070698258
H            1.67403775685268        0.10050533554880       -1.32296287617057
C            1.20966984611316       -1.21298397805382        0.31338679405105
H            1.20021044090536       -1.21136199604935        1.41341076241592
O           -0.09024012081223       -1.54068734958638       -0.18566761465907
O            2.09122612815236       -2.23131461380087       -0.07818929500638
O            2.90798153513970        0.52774498992306        0.31014631435979
O            0.99396573246383        2.45229431884753       -0.38841577143324
O           -1.67771699959185        1.75878110656619        0.31050130707881
O           -3.47948921297202       -0.35676955303993        0.20226033713112
H           -2.52753489405937       -2.21584570234368        0.05490047634260
H           -2.36341043274309       -1.16063965008819       -1.37771373145381
H            2.19169083887100       -2.19059667547559       -1.04222885642990
H            3.55144296140713       -0.11858953514467       -0.01074261268488
H            0.38564198775855        3.11936974976323       -0.04348938261212
H           -2.57510440510664        1.42131342009388        0.15432455305634
H           -4.27687068271445       -0.60906486467708       -0.28000207027306
24
 energy: -687.114171279064 gnorm: 0.003841137458 xtb: 6.7.1 (edcfbbe)
C           -2.40528128971525       -1.17848407820845       -0.27834751418304
C           -1.10066650909538       -0.62862823375902        0.27541631584534
H           -1.12597302513302       -0.62644192099518        1.37770170685724
C           -0.78276891144016        0.78570353675259       -0.22787209870885
H           -0.84018220970021        0.78615464972979       -1.32880411881005
C            0.62177195029644        1.20055700062716        0.19474008055475
H            0.64225402161710        1.29529857620739        1.29260589238934
C            1.63686960928793        0.15238220428745       -0.21968430787685
H            1.68592140762391        0.09674936481616       -1.31978798296676
C            1.20472654478022       -1.21725909777063        0.31026818156321
H            1.19146042989469       -1.22168484614424        1.40997030481078
O           -0.09421810302695       -1.53724841271488       -0.19470571460198
O            2.08303788438867       -2.23908182295563       -0.08331898536872
O            2.90400422586437        0.52433539740845        0.32722562951773
O            0.99612346278230        2.44536685776348       -0.41062536573460
O           -1.67889905190343        1.75985118039148        0.32121880667643
O           -3.48208575260036       -0.35717950279856        0.20249500232863
H           -2.52982913804722       -2.21645332665280        0.05719803558064
H           -2.36382413769099       -1.16237715629435       -1.37575222829922
H            2.22021373164545       -2.16970659900673       -1.04060613766803
H            3.55570094513280       -0.11060546376600       -0.00048017080684
H            0.39191493116869        3.12057815803942       -0.07213909087895
H           -2.57868592927768        1.40571653747539        0.20106915627615
H           -4.27357102731628       -0.59128090662312       -0.29928233949438
24
 energy: -687.114183450549 gnorm: 0.001886179056 xtb: 6.7.1 (edcfbbe)
C           -2.40576400132969       -1.17850670867985       -0.27820064947115
C           -1.10031480644947       -0.62940825348826        0.27478444804612
H           -1.12544317504255       -0.62746354860847        1.37703400511086
C           -0.78281337173358        0.78509765338741       -0.22772972077634
H           -0.84031493064669        0.78648449940452       -1.32861630109253
C            0.62155906816162        1.20056426675241        0.19462971989686
H            0.64204653627391        1.29590994723806        1.29232246552222
C            1.63684187726405        0.15236268687371       -0.21934970976829
H            1.68656515943756        0.09713326391019       -1.31935453658572
C            1.20485175896477       -1.21759559461338        0.30996122773686
H            1.19073119485577       -1.22158742360266        1.40973835539927
O           -0.09398653533545       -1.53833857983374       -0.19531095891785
O            2.08413111905462       -2.23831525959443       -0.08294753729763
O            2.90344476005171        0.52410313048054        0.32786893977173
O            0.99534854297366        2.44472523503791       -0.41124067378306
O           -1.67953603836034        1.75784548099148        0.32229788365234
O           -3.48142653133918       -0.35595375099350        0.20344654620403
H           -2.53131514524882       -2.21613892486707        0.05782562964763
H           -2.36565386497086       -1.16246189664142       -1.37553714051375
H            2.22282526324738       -2.16874371904100       -1.03992118678648
H            3.55524889491790       -0.10979388687782       -0.00117442820182
H            0.39135954259425        3.11946964564263       -0.07258146678637
H           -2.57763642340626        1.40382949915510        0.20013211927541
H           -4.27273480447510       -0.58695576944104       -0.29957396325443
24
 energy: -687.114192274340 gnorm: 0.002455151257 xtb: 6.7.1 (edcfbbe)
C           -2.40824841625989       -1.17894928173408       -0.27704841244002
C           -1.09928993031998       -0.63301014866784        0.27226316163142
H           -1.12259132301617       -0.63304743744720        1.37447956380392
C           -0.78364855448398        0.78242716726642       -0.22728348212715
H           -0.84379267969866        0.78811818590886       -1.32787856924986
C            0.62051154690812        1.20010035386902        0.19259665100025
H            0.64165845121649        1.29991886205415        1.28959902991654
C            1.63680178175020        0.15153238763830       -0.21787722190242
H            1.69105484244233        0.09799983463594       -1.31752476224845
C            1.20443485255902       -1.21948982661840        0.30847311216686
H            1.18572191852813       -1.22326890043856        1.40839805525101
O           -0.09360733435022       -1.54206619837781       -0.19968176598459
O            2.08720580645779       -2.23688292197147       -0.08136005629628
O            2.90063424007641        0.52242504498620        0.33371777515672
O            0.99251886061196        2.44116319785327       -0.41783494881143
O           -1.68140162140123        1.75064874237440        0.32811906547828
O           -3.47941034378149       -0.35157149654676        0.20810072239192
H           -2.53753611667772       -2.21542474059146        0.06057180139143
H           -2.37320379027401       -1.16324358182515       -1.37418032117885
H            2.23890847915191       -2.16176959797566       -1.03640083248361
H            3.55514882773091       -0.10435031751375       -0.00272393691928
H            0.39047491302662        3.11642005465919       -0.07913100286137
H           -2.57579084050320        1.39318906833110        0.20699445944685
H           -4.26853936612048       -0.56460726504994       -0.30588463025468
24
 energy: -687.114196220965 gnorm: 0.001159792845 xtb: 6.7.1 (edcfbbe)
C           -2.40797009972283       -1.17895045622059       -0.27706618383950
C           -1.09945448869270       -0.63258794849395        0.27270529757541
H           -1.12262425200958       -0.63260597930372        1.37495158195597
C           -0.78369154782933        0.78278701743407       -0.22721076074714
H           -0.84344328061714        0.78746531540444       -1.32789755539000
C            0.62067241684840        1.20020826602303        0.19253464973722
H            0.64157088123029        1.29918374197344        1.28970674032837
C            1.63696209586483        0.15169579668824       -0.21810945511115
H            1.69042533900331        0.09773528464969       -1.31785511036053
C            1.20465811897268       -1.21922430244180        0.30874433420496
H            1.18607042078264       -1.22301505929045        1.40861816544599
O           -0.09356817110807       -1.54133881234107       -0.19941571385420
O            2.08676580031962       -2.23736791124165       -0.08125515873952
O            2.90112189736913        0.52266449578165        0.33304418160226
O            0.99273560813816        2.44175544572080       -0.41721726222800
O           -1.68109935981693        1.75185150299033        0.32727616948304
O           -3.48000125456172       -0.35262946447212        0.20798605973870
H           -2.53651325723343       -2.21568467121752        0.06015889596850
H           -2.37247040292796       -1.16302613391233       -1.37425432653550
H            2.23682582979116       -2.16308702780745       -1.03645334492809
H            3.55552007624540       -0.10445056296911       -0.00301387477088
H            0.39054292537842        3.11702542321966       -0.07818622245040
H           -2.57639975097496        1.39388678970571        0.20722329036200
H           -4.26862139663884       -0.56602947243360       -0.30651098947328
24
 energy: -687.114197847006 gnorm: 0.001103945442 xtb: 6.7.1 (edcfbbe)
C           -2.40762869221418       -1.17927600557989       -0.27652090585188
C           -1.09969306146478       -0.63223359127805        0.27356660345857
H           -1.12229384669258       -0.63253983918586        1.37586482959273
C           -0.78388416929669        0.78295404803503       -0.22726313525133
H           -0.84326114950917        0.78588567364691       -1.32814313730974
C            0.62077976194288        1.20012031366640        0.19256794325022
H            0.64145514611103        1.29796382464899        1.29004578416128
C            1.63724182664350        0.15188667118731       -0.21860370261250
H            1.68950285729643        0.09702534366138       -1.31850798748236
C            1.20494838546355       -1.21877019263375        0.30929063581559
H            1.18604024008703       -1.22242924465340        1.40902454483737
O           -0.09357542061290       -1.54028829499324       -0.19939193222199
O            2.08607190183817       -2.23812100311221       -0.08050695307101
O            2.90178625568620        0.52337395254711        0.33181274150219
O            0.99269749750451        2.44232085144018       -0.41639486459172
O           -1.68105492301939        1.75309125593832        0.32578040054052
O           -3.48081065544584       -0.35456837262062        0.20902859988406
H           -2.53490271606225       -2.21657523224219        0.05966497697391
H           -2.37177285957762       -1.16248552843690       -1.37376726735532
H            2.23408889642124       -2.16516523908230       -1.03590753766142
H            3.55654009438224       -0.10309847579994       -0.00485494325740
H            0.39065456571101        3.11779446671295       -0.07645854317170
H           -2.57759912130400        1.39334727787564        0.20859552205909
H           -4.26731681428604       -0.56395125231793       -0.31041835904433
24
 energy: -687.114200186632 gnorm: 0.000995964804 xtb: 6.7.1 (edcfbbe)
C           -2.40762583956961       -1.17966601691303       -0.27595287478425
C           -1.09946488808036       -0.63266713085577        0.27373181539452
H           -1.12184443830264       -0.63279723543523        1.37605025565909
C           -0.78410098768021        0.78262497000812       -0.22705821875820
H           -0.84308544878500        0.78489275448919       -1.32798433181102
C            0.62060008436942        1.20005733964302        0.19256437132526
H            0.64128189776300        1.29758174174587        1.29007637401484
C            1.63714031765673        0.15188232829290       -0.21874448796333
H            1.68913789032224        0.09681064893938       -1.31863934635870
C            1.20492094496547       -1.21873737742356        0.30940474709835
H            1.18571066235658       -1.22192288683885        1.40914702927825
O           -0.09343203645942       -1.54057658633549       -0.19955814048408
O            2.08639246933992       -2.23813941064855       -0.07961002332123
O            2.90175550663864        0.52366793154754        0.33121416876748
O            0.99212680772028        2.44236469519184       -0.41615782242418
O           -1.68149799955000        1.75271454105367        0.32533926611269
O           -3.48101967225481       -0.35556568972313        0.21064111280445
H           -2.53475620577221       -2.21711536103715        0.05976989722504
H           -2.37249257813549       -1.16212352929085       -1.37315796759794
H            2.23421053400724       -2.16604255722083       -1.03509914219028
H            3.55696129215669       -0.10151555655380       -0.00701443307726
H            0.39040705891511        3.11772402419139       -0.07550891300064
H           -2.57768578484219        1.39178687935800        0.20928906207406
H           -4.26562569455264       -0.55897707865993       -0.31423914970587
24
 energy: -687.114200186632 gnorm: 0.000995964804 xtb: 6.7.1 (edcfbbe)
C           -2.40762583956961       -1.17966601691303       -0.27595287478425
C           -1.09946488808036       -0.63266713085577        0.27373181539452
H           -1.12184443830264       -0.63279723543523        1.37605025565909
C           -0.78410098768021        0.78262497000812       -0.22705821875820
H           -0.84308544878500        0.78489275448919       -1.32798433181102
C            0.62060008436942        1.20005733964302        0.19256437132526
H            0.64128189776300        1.29758174174587        1.29007637401484
C            1.63714031765673        0.15188232829290       -0.21874448796333
H            1.68913789032224        0.09681064893938       -1.31863934635870
C            1.20492094496547       -1.21873737742356        0.30940474709835
H            1.18571066235658       -1.22192288683885        1.40914702927825
O           -0.09343203645942       -1.54057658633549       -0.19955814048408
O            2.08639246933992       -2.23813941064855       -0.07961002332123
O            2.90175550663864        0.52366793154754        0.33121416876748
O            0.99212680772028        2.44236469519184       -0.41615782242418
O           -1.68149799955000        1.75271454105367        0.32533926611269
O           -3.48101967225481       -0.35556568972313        0.21064111280445
H           -2.53475620577221       -2.21711536103715        0.05976989722504
H           -2.37249257813549       -1.16212352929085       -1.37315796759794
H            2.23421053400724       -2.16604255722083       -1.03509914219028
H            3.55696129215669       -0.10151555655380       -0.00701443307726
H            0.39040705891511        3.11772402419139       -0.07550891300064
H           -2.57768578484219        1.39178687935800        0.20928906207406
H           -4.26562569455264       -0.55897707865993       -0.31423914970587
