----------------------------------------------- 
  Element       SASA      Sigma Z        Total  
     Z         Ang**2 cal/Ang**2/mol   kcal/mol 
----------------------------------------------- 
      H        134.792      48.690       6.563
      C          7.070     129.740       0.917
      O         91.105       0.000       0.000

 Subtotal:     232.967                   7.480
 -----------------------------------------------

  Elements    COT*SASA   Sigma Z,Z'     Total   
    Z,Z'       Ang**2  cal/Ang**2/mol kcal/mol  
 ---------------------------------------------- 
  H   C         49.512     -60.770      -3.009
  H   O         43.389       0.000       0.000
  C   C          5.437     -72.950      -0.397
  O   C          0.403      68.690       0.028
  O   O          0.000       0.000       0.000

 Subtotal:                              -3.378
 ---------------------------------------------- 

 NONAQUEOUS SOLVENT CONTRIBUTION (kcal/mol):
 (proportional to SASA, atomic number independent)
 ---------------------------------------------- 
 Subtotal:                               0.000
 ---------------------------------------------- 

 CDS TOTAL (kcal/mol):                   4.102
...............................................................................
