15
 energy: -15.813773534384 gnorm: 0.013630167032 xtb: 6.7.1 (edcfbbe)
C           -0.58771843765332       -1.14225916338608       -0.14107699162964
C           -1.28132134045173        0.24015566508912       -0.00690413548764
C           -0.13691153568228        1.27449984444508        0.15396858204566
C            1.13599849178207        0.52277017077329       -0.25991730610963
C            0.87589487160790       -0.89558347834228        0.25426203704700
H           -0.62801944318712       -1.48154246764262       -1.18211551205956
H           -1.06581858048136       -1.91332349038897        0.47042663315302
H           -1.88800205292728        0.45567882120303       -0.89157683985239
H           -1.95510989628903        0.26684720118490        0.85468457435860
H           -0.30419017994947        2.18204724123077       -0.43381865741771
H           -0.05042288129833        1.57698277386408        1.20376702440742
H            1.22600378187497        0.50506180137168       -1.35377759273995
H            2.04800095472569        0.97307814185604        0.14488423245838
H            1.56044413572958       -1.64248627259518       -0.16027245795422
H            0.98116270312488       -0.91229033033447        1.34663865228272
15
 energy: -15.814349144646 gnorm: 0.002988055786 xtb: 6.7.1 (edcfbbe)
C           -0.58488131257169       -1.13480926457585       -0.14162605920125
C           -1.27211480583401        0.23822092509370       -0.00704513976249
C           -0.13681711260998        1.26643900304991        0.15434844561148
C            1.13124292054249        0.52065032251694       -0.26008865053597
C            0.87188931737722       -0.89144733749849        0.25429733156162
H           -0.62926025069120       -1.47216496667560       -1.17929053900353
H           -1.06032809104334       -1.89401279355562        0.47898135180488
H           -1.87130076434261        0.45344431943132       -0.89226015177091
H           -1.93762010875357        0.26235537770461        0.85621278471577
H           -0.30592067567399        2.16223795721683       -0.44273619016771
H           -0.05526299456380        1.56875051109556        1.20070621419043
H            1.22125972187824        0.50669623305383       -1.34939300222012
H            2.03447412951064        0.96755962220650        0.15540766636084
H            1.54938455757508       -1.63209364170666       -0.17060877550406
H            0.97524606012568       -0.91218980902858        1.34226695642307
15
 energy: -15.814371436978 gnorm: 0.001088407085 xtb: 6.7.1 (edcfbbe)
C           -0.58587175031590       -1.13442470067337       -0.14026593840222
C           -1.27151770399331        0.23804145304752       -0.00699937195202
C           -0.13793962229347        1.26660904812794        0.15276630303011
C            1.13116113765656        0.52135719582365       -0.25688301068813
C            0.87159230077669       -0.89224782513426        0.25119363787038
H           -0.63126816042029       -1.47518409773529       -1.17545685933733
H           -1.05860953521911       -1.89202990958027        0.48275190624021
H           -1.87100944698357        0.45302911504542       -0.89086186827891
H           -1.93675033847626        0.26266401789681        0.85524049790129
H           -0.30525002976930        2.15985031864333       -0.44701666803732
H           -0.05619483317035        1.57261554455664        1.19667518031326
H            1.22492583049792        0.50948950224684       -1.34413120944847
H            2.03179251140406        0.96658171558876        0.16342177938220
H            1.54731725521653       -1.63039805137539       -0.17837848771677
H            0.97761297601498       -0.91631686814994        1.33711635162577
15
 energy: -15.814377207100 gnorm: 0.000526693878 xtb: 6.7.1 (edcfbbe)
C           -0.58660907027623       -1.13429601240789       -0.13966372925927
C           -1.27185888864106        0.23800626827315       -0.00695297939196
C           -0.13858174260322        1.26672029523313        0.15208869178763
C            1.13211491353628        0.52193733682937       -0.25555353438085
C            0.87212654095309       -0.89300217404763        0.24988894911634
H           -0.63499183293323       -1.47792312133683       -1.17349558799596
H           -1.05801655606637       -1.89011441057778        0.48624116037573
H           -1.87191940622019        0.45277508623233       -0.89035518562274
H           -1.93720208971351        0.26289465672621        0.85507751819808
H           -0.30528759203620        2.15768378170708       -0.45091247303312
H           -0.05863667371640        1.57677463607498        1.19464927127645
H            1.23055141854052        0.51272893772767       -1.34198627198689
H            2.03058768747718        0.96597964171617        0.16981838049831
H            1.54627325236100       -1.62924871246930       -0.18464066839020
H            0.98144063026349       -0.92127975135226        1.33496870131052
15
 energy: -15.814378656688 gnorm: 0.000252103483 xtb: 6.7.1 (edcfbbe)
C           -0.58708305432069       -1.13489861743519       -0.13906939287089
C           -1.27184258453014        0.23801852948929       -0.00692285161202
C           -0.13888909309190        1.26757408399020        0.15141666710149
C            1.13246066638062        0.52237516675781       -0.25445768020959
C            0.87237565497966       -0.89369895202022        0.24882855449851
H           -0.63655582276449       -1.47958333850543       -1.17270560662801
H           -1.05814837549770       -1.89005277015773        0.48840652621921
H           -1.87209917418168        0.45242208953558       -0.89061224705931
H           -1.93705456570813        0.26333927267400        0.85553931378037
H           -0.30560940488203        2.15774192600464       -0.45329041443194
H           -0.05965642409731        1.57914372348166        1.19378054661096
H            1.23313499499882        0.51471923015861       -1.34092464484498
H            2.03008957578554        0.96627702633487        0.17340813824883
H            1.54576215276059       -1.62954653957018       -0.18814766904498
H            0.98310604509398       -0.92419437240951        1.33392300274439
15
 energy: -15.814378845225 gnorm: 0.000159187355 xtb: 6.7.1 (edcfbbe)
C           -0.58713948386073       -1.13463891207625       -0.13882068829304
C           -1.27233350103670        0.23807740861598       -0.00689293075220
C           -0.13898376504566        1.26726084076035        0.15114821286096
C            1.13272655131858        0.52242968956025       -0.25405453021876
C            0.87249177019335       -0.89372078320411        0.24843587394868
H           -0.63717824788040       -1.47959286223386       -1.17235528088544
H           -1.05803415671432       -1.88950414338480        0.48908297931330
H           -1.87262189647898        0.45218596828717       -0.89063772199953
H           -1.93743798631035        0.26355550956259        0.85565293743434
H           -0.30558437206097        2.15706502158324       -0.45406204517247
H           -0.06010785328600        1.57940548935278        1.19338639166761
H            1.23434473072233        0.51513495534060       -1.34049383424438
H            2.03012817230636        0.96609813096170        0.17462945321494
H            1.54575512645997       -1.62923706342339       -0.18933637493561
H            0.98396550259867       -0.92488279137385        1.33348980056366
15
 energy: -15.814378924166 gnorm: 0.000050139038 xtb: 6.7.1 (edcfbbe)
C           -0.58717487005124       -1.13475233496498       -0.13879122222881
C           -1.27212340713023        0.23804816729892       -0.00688768873302
C           -0.13900223626940        1.26741226584382        0.15109558746916
C            1.13259396958444        0.52244769498000       -0.25394764130578
C            0.87238992237775       -0.89373957372592        0.24833597520248
H           -0.63745671809172       -1.47988734196978       -1.17221281255987
H           -1.05793008710254       -1.88950048670852        0.48925620070444
H           -1.87245593730914        0.45207049839252       -0.89053197721743
H           -1.93716663815684        0.26362150341104        0.85560533665397
H           -0.30553135381638        2.15704327273141       -0.45429361496046
H           -0.06030583871358        1.57984880698803        1.19322151252033
H            1.23466312348627        0.51541138358885       -1.34031720335206
H            2.02981424192982        0.96603081518981        0.17506308244675
H            1.54552526361651       -1.62911607911536       -0.18974293817289
H            0.98415115657144       -0.92530213361146        1.33331964603523
