2025-04-03 21:09:22,014 -     censo.parallel     -  DEBUG   - Free cores decreased 1 -> 0.
2025-04-03 21:09:22,019 -   censo.qm_processor   -  DEBUG   - worker3037562:Running on 1 cores.
2025-04-03 21:09:22,036 -   censo.qm_processor   -   INFO   - worker3037562:Running xtb_gsolv calculation in /srv/scratch/z5358697/.automated/4031/0_PRESCREENING/CONF1/xtb_gsolv.
2025-04-03 21:09:22,053 -   censo.qm_processor   -  DEBUG   - worker3037562:Running ['/srv/scratch/z5358697/.xtb/bin/xtb', 'gas.coord', '--gfn2', '--sp', '--chrg', '0', '--norestart', '--parallel', '1']...
2025-04-03 21:09:22,060 -   censo.qm_processor   -  DEBUG   - worker3037562:Started (PID: 3037603).
2025-04-03 21:09:22,092 -   censo.qm_processor   -  DEBUG   - worker3037562:Done.
2025-04-03 21:09:22,118 -   censo.qm_processor   -  DEBUG   - worker3037562:Running ['/srv/scratch/z5358697/.xtb/bin/xtb', 'solv.coord', '--gfn2', '--sp', '--chrg', '0', '--norestart', '--parallel', '1', '--alpb', 'water', 'reference', '-I', 'xtb_sp-xcontrol-inp']...
2025-04-03 21:09:22,122 -   censo.qm_processor   -  DEBUG   - worker3037562:Started (PID: 3037605).
2025-04-03 21:09:22,159 -   censo.qm_processor   -  DEBUG   - worker3037562:Done.
2025-04-03 21:09:22,161 -     censo.parallel     -  DEBUG   - Free cores increased 0 -> 1.
2025-04-03 21:09:22,168 -     censo.parallel     -  DEBUG   - Checking for failed jobs...
2025-04-03 21:09:22,168 -     censo.parallel     -   INFO   - All jobs executed successfully.
2025-04-03 21:09:22,175 -     censo.parallel     -  DEBUG   - Free cores decreased 1 -> 0.
2025-04-03 21:09:22,179 -   censo.qm_processor   -  DEBUG   - worker3037619:Running on 1 cores.
2025-04-03 21:09:22,196 -   censo.qm_processor   -   INFO   - worker3037619:Running sp calculation in /srv/scratch/z5358697/.automated/4031/0_PRESCREENING/CONF1/sp.
2025-04-03 21:09:22,285 -   censo.qm_processor   -  DEBUG   - worker3037619:Running ['/apps/z_install_tree/linux-rocky8-ivybridge/gcc-12.2.0/orca-6.0.0-srtngmq3qlimg2qxbl6avaaiffipurdx/bin/orca', 'sp.inp']...
2025-04-03 21:09:22,292 -   censo.qm_processor   -  DEBUG   - worker3037619:Started (PID: 3037625).
2025-04-03 21:09:25,706 -   censo.qm_processor   -  DEBUG   - worker3037619:Done.
2025-04-03 21:09:25,711 -     censo.parallel     -  DEBUG   - Free cores increased 0 -> 1.
2025-04-03 21:09:25,718 -     censo.parallel     -  DEBUG   - Checking for failed jobs...
2025-04-03 21:09:25,719 -     censo.parallel     -   INFO   - All jobs executed successfully.
2025-04-03 21:09:25,719 -censo.ensembleopt.prescreening-  DEBUG   - Writing to /srv/scratch/z5358697/.automated/4031/0_PRESCREENING.out.
2025-04-03 21:09:25,771 -     censo.parallel     -  DEBUG   - Free cores decreased 1 -> 0.
2025-04-03 21:09:25,776 -   censo.qm_processor   -  DEBUG   - worker3037743:Running on 1 cores.
2025-04-03 21:09:25,815 -   censo.qm_processor   -   INFO   - worker3037743:Running gsolv calculation in /srv/scratch/z5358697/.automated/4031/1_SCREENING/CONF1/gsolv.
2025-04-03 21:09:25,831 -  censo.orca_processor  -  DEBUG   - worker3037743:Copying .gbw file from /srv/scratch/z5358697/.automated/4031/0_PRESCREENING/CONF1/sp/sp.gbw.
2025-04-03 21:09:25,847 -   censo.qm_processor   -  DEBUG   - worker3037743:Running ['/apps/z_install_tree/linux-rocky8-ivybridge/gcc-12.2.0/orca-6.0.0-srtngmq3qlimg2qxbl6avaaiffipurdx/bin/orca', 'sp_gas.inp']...
2025-04-03 21:09:25,853 -   censo.qm_processor   -  DEBUG   - worker3037743:Started (PID: 3037748).
2025-04-03 21:09:30,518 -   censo.qm_processor   -  DEBUG   - worker3037743:Done.
2025-04-03 21:09:30,527 -  censo.orca_processor  -  DEBUG   - worker3037743:Copying .gbw file from /srv/scratch/z5358697/.automated/4031/0_PRESCREENING/CONF1/sp/sp.gbw.
2025-04-03 21:09:30,543 -   censo.qm_processor   -  DEBUG   - worker3037743:Running ['/apps/z_install_tree/linux-rocky8-ivybridge/gcc-12.2.0/orca-6.0.0-srtngmq3qlimg2qxbl6avaaiffipurdx/bin/orca', 'sp_solv.inp']...
2025-04-03 21:09:30,547 -   censo.qm_processor   -  DEBUG   - worker3037743:Started (PID: 3037920).
2025-04-03 21:09:35,705 -   censo.qm_processor   -  DEBUG   - worker3037743:Done.
2025-04-03 21:09:35,709 -     censo.parallel     -  DEBUG   - Free cores increased 0 -> 1.
2025-04-03 21:09:35,716 -     censo.parallel     -  DEBUG   - Checking for failed jobs...
2025-04-03 21:09:35,716 -     censo.parallel     -   INFO   - All jobs executed successfully.
2025-04-03 21:09:35,767 -     censo.parallel     -  DEBUG   - Free cores decreased 1 -> 0.
2025-04-03 21:09:35,772 -   censo.qm_processor   -  DEBUG   - worker3037962:Running on 1 cores.
2025-04-03 21:09:36,587 -   censo.qm_processor   -   INFO   - worker3037962:Running xtb_opt calculation in /srv/scratch/z5358697/.automated/4031/2_OPTIMIZATION/CONF1/xtb_opt.
2025-04-03 21:09:36,653 -  censo.orca_processor  -  DEBUG   - worker3037962:Copying .gbw file from /srv/scratch/z5358697/.automated/4031/1_SCREENING/CONF1/gsolv/sp_solv.gbw.
2025-04-03 21:09:36,668 -   censo.qm_processor   -  DEBUG   - worker3037962:Running ['/srv/scratch/z5358697/.xtb/bin/xtb', 'xtb_opt.coord', '--opt', 'normal', '--orca', '-I', 'xtb_opt-xcontrol-inp']...
2025-04-03 21:09:36,675 -   censo.qm_processor   -  DEBUG   - worker3037962:Started (PID: 3037968).
2025-04-03 21:09:55,984 -   censo.qm_processor   -  DEBUG   - worker3037962:Done.
2025-04-03 21:09:55,994 -     censo.parallel     -  DEBUG   - Free cores increased 0 -> 1.
2025-04-03 21:09:56,001 -     censo.parallel     -  DEBUG   - Checking for failed jobs...
2025-04-03 21:09:56,001 -     censo.parallel     -   INFO   - All jobs executed successfully.
2025-04-03 21:09:56,007 -     censo.parallel     -  DEBUG   - Free cores decreased 1 -> 0.
2025-04-03 21:09:56,012 -   censo.qm_processor   -  DEBUG   - worker3038083:Running on 1 cores.
2025-04-03 21:09:56,017 -   censo.qm_processor   -   INFO   - worker3038083:Running xtb_rrho calculation in /srv/scratch/z5358697/.automated/4031/2_OPTIMIZATION/CONF1/xtb_rrho.
2025-04-03 21:09:56,090 -   censo.qm_processor   -  DEBUG   - worker3038083:Running ['/srv/scratch/z5358697/.xtb/bin/xtb', 'xtb_rrho.coord', '--gfn2', '--ohess', 'vtight', '--chrg', '0', '--enso', '--norestart', '-I', 'rrho-xcontrol-inp', '--parallel', '1', '--alpb', 'water']...
2025-04-03 21:09:56,097 -   censo.qm_processor   -  DEBUG   - worker3038083:Started (PID: 3038088).
2025-04-03 21:09:56,213 -   censo.qm_processor   -  DEBUG   - worker3038083:Done.
2025-04-03 21:09:56,217 -     censo.parallel     -  DEBUG   - Free cores increased 0 -> 1.
2025-04-03 21:09:56,224 -     censo.parallel     -  DEBUG   - Checking for failed jobs...
2025-04-03 21:09:56,224 -     censo.parallel     -   INFO   - All jobs executed successfully.
2025-04-03 21:09:56,224 -censo.ensembleopt.optimization-  DEBUG   - Writing to /srv/scratch/z5358697/.automated/4031/2_OPTIMIZATION.out.
2025-04-03 21:09:56,238 -censo.ensembleopt.optimization-  DEBUG   - Writing to /srv/scratch/z5358697/.automated/4031/2_OPTIMIZATION.out.
2025-04-03 21:09:56,275 -     censo.parallel     -  DEBUG   - Free cores decreased 1 -> 0.
2025-04-03 21:09:56,280 -   censo.qm_processor   -  DEBUG   - worker3038103:Running on 1 cores.
2025-04-03 21:09:58,210 -   censo.qm_processor   -   INFO   - worker3038103:Running gsolv calculation in /srv/scratch/z5358697/.automated/4031/3_REFINEMENT/CONF1/gsolv.
2025-04-03 21:09:58,274 -  censo.orca_processor  -  DEBUG   - worker3038103:Copying .gbw file from /srv/scratch/z5358697/.automated/4031/2_OPTIMIZATION/CONF1/xtb_opt/xtb_opt.gbw.
2025-04-03 21:09:58,290 -   censo.qm_processor   -  DEBUG   - worker3038103:Running ['/apps/z_install_tree/linux-rocky8-ivybridge/gcc-12.2.0/orca-6.0.0-srtngmq3qlimg2qxbl6avaaiffipurdx/bin/orca', 'sp_gas.inp']...
2025-04-03 21:09:58,298 -   censo.qm_processor   -  DEBUG   - worker3038103:Started (PID: 3038111).
2025-04-03 21:10:10,469 -   censo.qm_processor   -  DEBUG   - worker3038103:Done.
2025-04-03 21:10:10,488 -  censo.orca_processor  -  DEBUG   - worker3038103:Copying .gbw file from /srv/scratch/z5358697/.automated/4031/2_OPTIMIZATION/CONF1/xtb_opt/xtb_opt.gbw.
2025-04-03 21:10:10,515 -   censo.qm_processor   -  DEBUG   - worker3038103:Running ['/apps/z_install_tree/linux-rocky8-ivybridge/gcc-12.2.0/orca-6.0.0-srtngmq3qlimg2qxbl6avaaiffipurdx/bin/orca', 'sp_solv.inp']...
2025-04-03 21:10:10,524 -   censo.qm_processor   -  DEBUG   - worker3038103:Started (PID: 3038136).
2025-04-03 21:10:22,068 -   censo.qm_processor   -  DEBUG   - worker3038103:Done.
2025-04-03 21:10:22,072 -     censo.parallel     -  DEBUG   - Free cores increased 0 -> 1.
2025-04-03 21:10:22,080 -     censo.parallel     -  DEBUG   - Checking for failed jobs...
2025-04-03 21:10:22,080 -     censo.parallel     -   INFO   - All jobs executed successfully.
2025-04-03 21:10:22,080 -censo.ensembleopt.refinement-  DEBUG   - Writing to /srv/scratch/z5358697/.automated/4031/3_REFINEMENT.out.
