11
 energy: -18.589723703909 gnorm: 0.022483753029 xtb: 6.7.1 (edcfbbe)
C            0.97798441961042        2.10304601002468       -0.38363733815601
C            0.34828664499922        0.85637237626838        0.20311118253344
H            0.11311312655067        0.98911745055336        1.26099251429842
C           -0.87861218603733        0.46393459387582       -0.58042708109081
Cl          -1.78050266216432       -0.93505301056386        0.17152349922815
Cl           1.58144061048719       -0.52292362181002        0.16552373808999
H            0.26483601390683        2.93002833705276       -0.30077410930750
H            1.88179275300108        2.37303753818640        0.16612856162915
H            1.22900560176373        1.96082001311297       -1.43833482827942
H           -1.57412856792600        1.30693447544582       -0.58848617018566
H           -0.63506329314717        0.17450768008356       -1.60412439149142
11
 energy: -18.590572260296 gnorm: 0.012313987388 xtb: 6.7.1 (edcfbbe)
C            0.98389114518909        2.11005107033522       -0.37994463231865
C            0.33975172655425        0.86745201662128        0.19927446547482
H            0.11008828354853        0.98787699280975        1.25857213679287
C           -0.88554384764374        0.47013299347231       -0.58654253638736
Cl          -1.73440489433734       -0.93595306086968        0.17832378756040
Cl           1.54563356461045       -0.51417293923991        0.15677814535627
H            0.28706081823323        2.94285361114588       -0.29877576369927
H            1.88929003843037        2.35850104320177        0.16718144050353
H            1.23630997736957        1.96084979087634       -1.42686550152474
H           -1.60400464357653        1.29016676425601       -0.59503599702194
H           -0.63991970733355        0.16206355962089       -1.60146996746759
11
 energy: -18.590762436708 gnorm: 0.005219194206 xtb: 6.7.1 (edcfbbe)
C            0.98722200567839        2.11263043356951       -0.37875195300823
C            0.33923695670493        0.86869997345749        0.19647448493286
H            0.10516765229079        0.99105803948907        1.25441413928636
C           -0.89127449639831        0.46778464505493       -0.58571704346390
Cl          -1.72290049381790       -0.93436090712963        0.17992393645625
Cl           1.53654805404025       -0.50257978231351        0.15004869238312
H            0.29704578095457        2.94672887879194       -0.29715353849372
H            1.89271944970976        2.35013535998449        0.16945511478772
H            1.24065668582708        1.96017951365953       -1.42265714350428
H           -1.61573904518552        1.27982026929076       -0.59650683511169
H           -0.64053008875971        0.15972541837527       -1.59803427699616
11
 energy: -18.590797489742 gnorm: 0.001760575864 xtb: 6.7.1 (edcfbbe)
C            0.98700769557840        2.11271102654637       -0.37929086399320
C            0.34098329309120        0.86652816779619        0.19670927514685
H            0.10231555955397        0.99383889268329        1.25374434540381
C           -0.89291444340254        0.46580147611705       -0.58526463793307
Cl          -1.71785979162477       -0.93487401319982        0.18090039682705
Cl           1.53250863605687       -0.50198561520292        0.14994089072754
H            0.29772970378545        2.94726122627989       -0.29664676088519
H            1.89276998835294        2.34796682324362        0.16984053325474
H            1.24077806083747        1.96042350368254       -1.42359774500201
H           -1.61506534788199        1.27947126307494       -0.59571143446178
H           -0.64010089330267        0.16267909120871       -1.59912842181641
11
 energy: -18.590804079808 gnorm: 0.000863243468 xtb: 6.7.1 (edcfbbe)
C            0.98718851275015        2.11116801540599       -0.38021103575698
C            0.34307513471728        0.86392063937083        0.19790783253030
H            0.10171418162441        0.99628506544547        1.25437405210049
C           -0.89385399640920        0.46382958299850       -0.58393575637716
Cl          -1.72024501136636       -0.93690958808793        0.17616638783246
Cl           1.53474614972696       -0.50027792246123        0.15419807420136
H            0.29614728986518        2.94491576289901       -0.29628213766422
H            1.89374482092178        2.34889131751226        0.16785485482815
H            1.23957123181596        1.95990129759869       -1.42583536692974
H           -1.61264302187835        1.28129819656487       -0.59214305947057
H           -0.64129283072348        0.16679947498341       -1.60059826802574
11
 energy: -18.590805362042 gnorm: 0.000182157880 xtb: 6.7.1 (edcfbbe)
C            0.98671014352619        2.11109977500122       -0.38035019546669
C            0.34300734007993        0.86430812558729        0.19837696677904
H            0.10191308525402        0.99605146100585        1.25480544437860
C           -0.89275862295473        0.46467265264513       -0.58419368093484
Cl          -1.71905908067985       -0.93738970725766        0.17558379758548
Cl           1.53343621656317       -0.50249550629888        0.15506616629370
H            0.29539711432696        2.94481144506233       -0.29684470009702
H            1.89342686480937        2.34962649987230        0.16697916022944
H            1.23867683261241        1.95933414664439       -1.42585822368733
H           -1.61202652932349        1.28197212929604       -0.59118766016323
H           -0.64057090316966        0.16783082067186       -1.60088149764882
11
 energy: -18.590805538452 gnorm: 0.000121255946 xtb: 6.7.1 (edcfbbe)
C            0.98694028036704        2.11084318850703       -0.38041090912470
C            0.34264286509697        0.86455375974168        0.19844914938183
H            0.10177193110276        0.99623899779822        1.25485931606856
C           -0.89299124902391        0.46497430683373       -0.58411333381288
Cl          -1.71872205674500       -0.93798276404930        0.17470843587527
Cl           1.53387219146178       -0.50158676585627        0.15549090452688
H            0.29588997182694        2.94466821818541       -0.29702575010346
H            1.89374948239132        2.34922253100536        0.16670991958101
H            1.23871849070131        1.95869391819246       -1.42580939526708
H           -1.61293329856591        1.28162404566744       -0.59056795885804
H           -0.64078614756898        0.16857240620408       -1.60079480099906
11
 energy: -18.590805615689 gnorm: 0.000046244067 xtb: 6.7.1 (edcfbbe)
C            0.98700565747575        2.11087659105694       -0.38051648109521
C            0.34266241222832        0.86462434657929        0.19852295331691
H            0.10160750823392        0.99662876494141        1.25487239780194
C           -0.89303900670130        0.46490855740410       -0.58398756060524
Cl          -1.71829610608892       -0.93855184337723        0.17420903799858
Cl           1.53344768873938       -0.50171892468590        0.15583651223200
H            0.29614894597693        2.94486309633604       -0.29717568673845
H            1.89390088327354        2.34910272600421        0.16653693849037
H            1.23870466161050        1.95854103080332       -1.42592327446488
H           -1.61317319253150        1.28134741642031       -0.58999747546439
H           -0.64081699117230        0.16920008074737       -1.60088178420330
