----------------------------------------------- 
  Element       SASA      Sigma Z        Total  
     Z         Ang**2 cal/Ang**2/mol   kcal/mol 
----------------------------------------------- 
      H        116.580      48.690       5.676
      C         20.759     129.740       2.693
      O         17.460       0.000       0.000

 Subtotal:     154.799                   8.370
 -----------------------------------------------

  Elements    COT*SASA   Sigma Z,Z'     Total   
    Z,Z'       Ang**2  cal/Ang**2/mol kcal/mol  
 ---------------------------------------------- 
  H   C         70.116     -60.770      -4.261
  H   O          8.678       0.000       0.000
  C   C         15.447     -72.950      -1.127
  O   C          0.000      68.690       0.000

 Subtotal:                              -5.388
 ---------------------------------------------- 

 NONAQUEOUS SOLVENT CONTRIBUTION (kcal/mol):
 (proportional to SASA, atomic number independent)
 ---------------------------------------------- 
 Subtotal:                               0.000
 ---------------------------------------------- 

 CDS TOTAL (kcal/mol):                   2.982
...............................................................................
