----------------------------------------------- 
  Element       SASA      Sigma Z        Total  
     Z         Ang**2 cal/Ang**2/mol   kcal/mol 
----------------------------------------------- 
      H         57.080      48.690       2.779
      C         54.655     129.740       7.091
      N          4.050       0.000       0.000
      O         66.994       0.000       0.000

 Subtotal:     182.778                   9.870
 -----------------------------------------------

  Elements    COT*SASA   Sigma Z,Z'     Total   
    Z,Z'       Ang**2  cal/Ang**2/mol kcal/mol  
 ---------------------------------------------- 
  H   C         30.343     -60.770      -1.844
  H   O          8.759       0.000       0.000
  C   C         73.300     -72.950      -5.347
  O   C          5.657      68.690       0.389
  O   O          0.000       0.000       0.000
  C   N          2.861       0.000       0.000
  N   C          5.028     -48.220      -0.242
  N  C(3)        0.000      84.100       0.000
  O   N         29.027     121.980       3.541

 Subtotal:                              -3.504
 ---------------------------------------------- 

 NONAQUEOUS SOLVENT CONTRIBUTION (kcal/mol):
 (proportional to SASA, atomic number independent)
 ---------------------------------------------- 
 Subtotal:                               0.000
 ---------------------------------------------- 

 CDS TOTAL (kcal/mol):                   6.366
...............................................................................
