----------------------------------------------- 
  Element       SASA      Sigma Z        Total  
     Z         Ang**2 cal/Ang**2/mol   kcal/mol 
----------------------------------------------- 
      H         80.049      48.690       3.898
      C         65.602     129.740       8.511
      N         14.169       0.000       0.000
      O         22.622       0.000       0.000

 Subtotal:     182.442                  12.409
 -----------------------------------------------

  Elements    COT*SASA   Sigma Z,Z'     Total   
    Z,Z'       Ang**2  cal/Ang**2/mol kcal/mol  
 ---------------------------------------------- 
  H   C         54.141     -60.770      -3.290
  H   O          0.000       0.000       0.000
  C   C         68.385     -72.950      -4.989
  O   C         14.084      68.690       0.967
  C   N         11.637       0.000       0.000
  N   C         47.100     -48.220      -2.271
  N  C(3)        0.000      84.100       0.000
  O   N          0.000     121.980       0.000

 Subtotal:                              -9.583
 ---------------------------------------------- 

 NONAQUEOUS SOLVENT CONTRIBUTION (kcal/mol):
 (proportional to SASA, atomic number independent)
 ---------------------------------------------- 
 Subtotal:                               0.000
 ---------------------------------------------- 

 CDS TOTAL (kcal/mol):                   2.826
...............................................................................
