2025-04-04 23:56:51,197 -     censo.parallel     -  DEBUG   - Free cores decreased 4 -> 3.
2025-04-04 23:56:51,201 -   censo.qm_processor   -  DEBUG   - worker1695305:Running on 1 cores.
2025-04-04 23:56:51,202 -     censo.parallel     -  DEBUG   - Free cores decreased 3 -> 2.
2025-04-04 23:56:51,202 -     censo.parallel     -  DEBUG   - Free cores decreased 2 -> 1.
2025-04-04 23:56:51,202 -   censo.qm_processor   -  DEBUG   - worker1695306:Running on 1 cores.
2025-04-04 23:56:51,203 -     censo.parallel     -  DEBUG   - Free cores decreased 1 -> 0.
2025-04-04 23:56:51,203 -   censo.qm_processor   -  DEBUG   - worker1695308:Running on 1 cores.
2025-04-04 23:56:51,203 -   censo.qm_processor   -  DEBUG   - worker1695310:Running on 1 cores.
2025-04-04 23:56:51,222 -   censo.qm_processor   -   INFO   - worker1695305:Running xtb_gsolv calculation in /srv/scratch/z5358697/.automated/4411/0_PRESCREENING/CONF1/xtb_gsolv.
2025-04-04 23:56:51,233 -   censo.qm_processor   -   INFO   - worker1695308:Running xtb_gsolv calculation in /srv/scratch/z5358697/.automated/4411/0_PRESCREENING/CONF3/xtb_gsolv.
2025-04-04 23:56:51,241 -   censo.qm_processor   -  DEBUG   - worker1695305:Running ['/srv/scratch/z5358697/.xtb/bin/xtb', 'gas.coord', '--gfn2', '--sp', '--chrg', '0', '--norestart', '--parallel', '1']...
2025-04-04 23:56:51,257 -   censo.qm_processor   -  DEBUG   - worker1695308:Running ['/srv/scratch/z5358697/.xtb/bin/xtb', 'gas.coord', '--gfn2', '--sp', '--chrg', '0', '--norestart', '--parallel', '1']...
2025-04-04 23:56:51,271 -   censo.qm_processor   -   INFO   - worker1695306:Running xtb_gsolv calculation in /srv/scratch/z5358697/.automated/4411/0_PRESCREENING/CONF2/xtb_gsolv.
2025-04-04 23:56:51,272 -   censo.qm_processor   -  DEBUG   - worker1695305:Started (PID: 1695319).
2025-04-04 23:56:51,272 -   censo.qm_processor   -  DEBUG   - worker1695308:Started (PID: 1695320).
2025-04-04 23:56:51,289 -   censo.qm_processor   -   INFO   - worker1695310:Running xtb_gsolv calculation in /srv/scratch/z5358697/.automated/4411/0_PRESCREENING/CONF4/xtb_gsolv.
2025-04-04 23:56:51,296 -   censo.qm_processor   -  DEBUG   - worker1695306:Running ['/srv/scratch/z5358697/.xtb/bin/xtb', 'gas.coord', '--gfn2', '--sp', '--chrg', '0', '--norestart', '--parallel', '1']...
2025-04-04 23:56:51,303 -   censo.qm_processor   -  DEBUG   - worker1695306:Started (PID: 1695321).
2025-04-04 23:56:51,306 -   censo.qm_processor   -  DEBUG   - worker1695310:Running ['/srv/scratch/z5358697/.xtb/bin/xtb', 'gas.coord', '--gfn2', '--sp', '--chrg', '0', '--norestart', '--parallel', '1']...
2025-04-04 23:56:51,309 -   censo.qm_processor   -  DEBUG   - worker1695310:Started (PID: 1695322).
2025-04-04 23:56:51,893 -   censo.qm_processor   -  DEBUG   - worker1695306:Done.
2025-04-04 23:56:51,903 -   censo.qm_processor   -  DEBUG   - worker1695305:Done.
2025-04-04 23:56:51,903 -   censo.qm_processor   -  DEBUG   - worker1695310:Done.
2025-04-04 23:56:51,904 -   censo.qm_processor   -  DEBUG   - worker1695308:Done.
2025-04-04 23:56:51,918 -   censo.qm_processor   -  DEBUG   - worker1695306:Running ['/srv/scratch/z5358697/.xtb/bin/xtb', 'solv.coord', '--gfn2', '--sp', '--chrg', '0', '--norestart', '--parallel', '1', '--alpb', 'water', 'reference', '-I', 'xtb_sp-xcontrol-inp']...
2025-04-04 23:56:51,922 -   censo.qm_processor   -  DEBUG   - worker1695306:Started (PID: 1695328).
2025-04-04 23:56:51,926 -   censo.qm_processor   -  DEBUG   - worker1695305:Running ['/srv/scratch/z5358697/.xtb/bin/xtb', 'solv.coord', '--gfn2', '--sp', '--chrg', '0', '--norestart', '--parallel', '1', '--alpb', 'water', 'reference', '-I', 'xtb_sp-xcontrol-inp']...
2025-04-04 23:56:51,927 -   censo.qm_processor   -  DEBUG   - worker1695308:Running ['/srv/scratch/z5358697/.xtb/bin/xtb', 'solv.coord', '--gfn2', '--sp', '--chrg', '0', '--norestart', '--parallel', '1', '--alpb', 'water', 'reference', '-I', 'xtb_sp-xcontrol-inp']...
2025-04-04 23:56:51,927 -   censo.qm_processor   -  DEBUG   - worker1695310:Running ['/srv/scratch/z5358697/.xtb/bin/xtb', 'solv.coord', '--gfn2', '--sp', '--chrg', '0', '--norestart', '--parallel', '1', '--alpb', 'water', 'reference', '-I', 'xtb_sp-xcontrol-inp']...
2025-04-04 23:56:51,932 -   censo.qm_processor   -  DEBUG   - worker1695308:Started (PID: 1695331).
2025-04-04 23:56:51,932 -   censo.qm_processor   -  DEBUG   - worker1695310:Started (PID: 1695330).
2025-04-04 23:56:51,932 -   censo.qm_processor   -  DEBUG   - worker1695305:Started (PID: 1695329).
2025-04-04 23:56:51,967 -   censo.qm_processor   -  DEBUG   - worker1695306:Done.
2025-04-04 23:56:51,969 -     censo.parallel     -  DEBUG   - Free cores increased 0 -> 1.
2025-04-04 23:56:51,977 -   censo.qm_processor   -  DEBUG   - worker1695305:Done.
2025-04-04 23:56:51,978 -   censo.qm_processor   -  DEBUG   - worker1695308:Done.
2025-04-04 23:56:51,979 -     censo.parallel     -  DEBUG   - Free cores increased 1 -> 2.
2025-04-04 23:56:51,980 -     censo.parallel     -  DEBUG   - Free cores increased 2 -> 3.
2025-04-04 23:56:51,980 -   censo.qm_processor   -  DEBUG   - worker1695310:Done.
2025-04-04 23:56:51,981 -     censo.parallel     -  DEBUG   - Free cores increased 3 -> 4.
2025-04-04 23:56:51,989 -     censo.parallel     -  DEBUG   - Checking for failed jobs...
2025-04-04 23:56:51,989 -     censo.parallel     -   INFO   - All jobs executed successfully.
2025-04-04 23:56:51,994 -     censo.parallel     -  DEBUG   - Free cores decreased 4 -> 3.
2025-04-04 23:56:51,998 -   censo.qm_processor   -  DEBUG   - worker1695351:Running on 1 cores.
2025-04-04 23:56:51,999 -     censo.parallel     -  DEBUG   - Free cores decreased 3 -> 2.
2025-04-04 23:56:52,000 -   censo.qm_processor   -  DEBUG   - worker1695352:Running on 1 cores.
2025-04-04 23:56:52,000 -     censo.parallel     -  DEBUG   - Free cores decreased 2 -> 1.
2025-04-04 23:56:52,001 -     censo.parallel     -  DEBUG   - Free cores decreased 1 -> 0.
2025-04-04 23:56:52,001 -   censo.qm_processor   -  DEBUG   - worker1695354:Running on 1 cores.
2025-04-04 23:56:52,001 -   censo.qm_processor   -  DEBUG   - worker1695356:Running on 1 cores.
2025-04-04 23:56:52,009 -   censo.qm_processor   -   INFO   - worker1695351:Running sp calculation in /srv/scratch/z5358697/.automated/4411/0_PRESCREENING/CONF1/sp.
2025-04-04 23:56:52,017 -   censo.qm_processor   -   INFO   - worker1695352:Running sp calculation in /srv/scratch/z5358697/.automated/4411/0_PRESCREENING/CONF2/sp.
2025-04-04 23:56:52,029 -   censo.qm_processor   -   INFO   - worker1695354:Running sp calculation in /srv/scratch/z5358697/.automated/4411/0_PRESCREENING/CONF3/sp.
2025-04-04 23:56:52,033 -   censo.qm_processor   -  DEBUG   - worker1695351:Running ['/apps/z_install_tree/linux-rocky8-ivybridge/gcc-12.2.0/orca-6.0.0-srtngmq3qlimg2qxbl6avaaiffipurdx/bin/orca', 'sp.inp']...
2025-04-04 23:56:52,034 -   censo.qm_processor   -  DEBUG   - worker1695352:Running ['/apps/z_install_tree/linux-rocky8-ivybridge/gcc-12.2.0/orca-6.0.0-srtngmq3qlimg2qxbl6avaaiffipurdx/bin/orca', 'sp.inp']...
2025-04-04 23:56:52,034 -   censo.qm_processor   -   INFO   - worker1695356:Running sp calculation in /srv/scratch/z5358697/.automated/4411/0_PRESCREENING/CONF4/sp.
2025-04-04 23:56:52,039 -   censo.qm_processor   -  DEBUG   - worker1695351:Started (PID: 1695365).
2025-04-04 23:56:52,039 -   censo.qm_processor   -  DEBUG   - worker1695352:Started (PID: 1695366).
2025-04-04 23:56:52,045 -   censo.qm_processor   -  DEBUG   - worker1695354:Running ['/apps/z_install_tree/linux-rocky8-ivybridge/gcc-12.2.0/orca-6.0.0-srtngmq3qlimg2qxbl6avaaiffipurdx/bin/orca', 'sp.inp']...
2025-04-04 23:56:52,052 -   censo.qm_processor   -  DEBUG   - worker1695354:Started (PID: 1695367).
2025-04-04 23:56:52,053 -   censo.qm_processor   -  DEBUG   - worker1695356:Running ['/apps/z_install_tree/linux-rocky8-ivybridge/gcc-12.2.0/orca-6.0.0-srtngmq3qlimg2qxbl6avaaiffipurdx/bin/orca', 'sp.inp']...
2025-04-04 23:56:52,057 -   censo.qm_processor   -  DEBUG   - worker1695356:Started (PID: 1695370).
2025-04-04 23:57:00,588 -   censo.qm_processor   -  DEBUG   - worker1695351:Done.
2025-04-04 23:57:00,589 -   censo.qm_processor   -  DEBUG   - worker1695352:Done.
2025-04-04 23:57:00,615 -     censo.parallel     -  DEBUG   - Free cores increased 0 -> 1.
2025-04-04 23:57:00,615 -     censo.parallel     -  DEBUG   - Free cores increased 1 -> 2.
2025-04-04 23:57:00,629 -   censo.qm_processor   -  DEBUG   - worker1695354:Done.
2025-04-04 23:57:00,633 -     censo.parallel     -  DEBUG   - Free cores increased 2 -> 3.
2025-04-04 23:57:00,656 -   censo.qm_processor   -  DEBUG   - worker1695356:Done.
2025-04-04 23:57:00,660 -     censo.parallel     -  DEBUG   - Free cores increased 3 -> 4.
2025-04-04 23:57:00,680 -     censo.parallel     -  DEBUG   - Checking for failed jobs...
2025-04-04 23:57:00,680 -     censo.parallel     -   INFO   - All jobs executed successfully.
2025-04-04 23:57:00,681 -censo.ensembleopt.prescreening-  DEBUG   - Writing to /srv/scratch/z5358697/.automated/4411/0_PRESCREENING.out.
2025-04-04 23:57:00,719 -     censo.parallel     -  DEBUG   - Free cores decreased 4 -> 3.
2025-04-04 23:57:00,723 -     censo.parallel     -  DEBUG   - Free cores decreased 3 -> 2.
2025-04-04 23:57:00,723 -     censo.parallel     -  DEBUG   - Free cores decreased 2 -> 1.
2025-04-04 23:57:00,724 -   censo.qm_processor   -  DEBUG   - worker1695435:Running on 1 cores.
2025-04-04 23:57:00,724 -     censo.parallel     -  DEBUG   - Free cores decreased 1 -> 0.
2025-04-04 23:57:00,724 -   censo.qm_processor   -  DEBUG   - worker1695441:Running on 1 cores.
2025-04-04 23:57:00,725 -   censo.qm_processor   -  DEBUG   - worker1695436:Running on 1 cores.
2025-04-04 23:57:00,725 -   censo.qm_processor   -  DEBUG   - worker1695438:Running on 1 cores.
2025-04-04 23:57:00,791 -   censo.qm_processor   -   INFO   - worker1695441:Running gsolv calculation in /srv/scratch/z5358697/.automated/4411/1_SCREENING/CONF1/gsolv.
2025-04-04 23:57:00,797 -   censo.qm_processor   -   INFO   - worker1695435:Running gsolv calculation in /srv/scratch/z5358697/.automated/4411/1_SCREENING/CONF2/gsolv.
2025-04-04 23:57:00,810 -  censo.orca_processor  -  DEBUG   - worker1695435:Copying .gbw file from /srv/scratch/z5358697/.automated/4411/0_PRESCREENING/CONF2/sp/sp.gbw.
2025-04-04 23:57:00,811 -  censo.orca_processor  -  DEBUG   - worker1695441:Copying .gbw file from /srv/scratch/z5358697/.automated/4411/0_PRESCREENING/CONF1/sp/sp.gbw.
2025-04-04 23:57:00,814 -   censo.qm_processor   -   INFO   - worker1695436:Running gsolv calculation in /srv/scratch/z5358697/.automated/4411/1_SCREENING/CONF3/gsolv.
2025-04-04 23:57:00,820 -   censo.qm_processor   -   INFO   - worker1695438:Running gsolv calculation in /srv/scratch/z5358697/.automated/4411/1_SCREENING/CONF4/gsolv.
2025-04-04 23:57:00,827 -  censo.orca_processor  -  DEBUG   - worker1695436:Copying .gbw file from /srv/scratch/z5358697/.automated/4411/0_PRESCREENING/CONF3/sp/sp.gbw.
2025-04-04 23:57:00,836 -  censo.orca_processor  -  DEBUG   - worker1695438:Copying .gbw file from /srv/scratch/z5358697/.automated/4411/0_PRESCREENING/CONF4/sp/sp.gbw.
2025-04-04 23:57:00,838 -   censo.qm_processor   -  DEBUG   - worker1695441:Running ['/apps/z_install_tree/linux-rocky8-ivybridge/gcc-12.2.0/orca-6.0.0-srtngmq3qlimg2qxbl6avaaiffipurdx/bin/orca', 'sp_gas.inp']...
2025-04-04 23:57:00,839 -   censo.qm_processor   -  DEBUG   - worker1695435:Running ['/apps/z_install_tree/linux-rocky8-ivybridge/gcc-12.2.0/orca-6.0.0-srtngmq3qlimg2qxbl6avaaiffipurdx/bin/orca', 'sp_gas.inp']...
2025-04-04 23:57:00,844 -   censo.qm_processor   -  DEBUG   - worker1695435:Started (PID: 1695450).
2025-04-04 23:57:00,844 -   censo.qm_processor   -  DEBUG   - worker1695441:Started (PID: 1695449).
2025-04-04 23:57:00,854 -   censo.qm_processor   -  DEBUG   - worker1695436:Running ['/apps/z_install_tree/linux-rocky8-ivybridge/gcc-12.2.0/orca-6.0.0-srtngmq3qlimg2qxbl6avaaiffipurdx/bin/orca', 'sp_gas.inp']...
2025-04-04 23:57:00,857 -   censo.qm_processor   -  DEBUG   - worker1695436:Started (PID: 1695451).
2025-04-04 23:57:00,864 -   censo.qm_processor   -  DEBUG   - worker1695438:Running ['/apps/z_install_tree/linux-rocky8-ivybridge/gcc-12.2.0/orca-6.0.0-srtngmq3qlimg2qxbl6avaaiffipurdx/bin/orca', 'sp_gas.inp']...
2025-04-04 23:57:00,867 -   censo.qm_processor   -  DEBUG   - worker1695438:Started (PID: 1695452).
2025-04-04 23:57:21,312 -   censo.qm_processor   -  DEBUG   - worker1695435:Done.
2025-04-04 23:57:21,315 -   censo.qm_processor   -  DEBUG   - worker1695441:Done.
2025-04-04 23:57:21,329 -  censo.orca_processor  -  DEBUG   - worker1695435:Copying .gbw file from /srv/scratch/z5358697/.automated/4411/0_PRESCREENING/CONF2/sp/sp.gbw.
2025-04-04 23:57:21,330 -  censo.orca_processor  -  DEBUG   - worker1695441:Copying .gbw file from /srv/scratch/z5358697/.automated/4411/0_PRESCREENING/CONF1/sp/sp.gbw.
2025-04-04 23:57:21,360 -   censo.qm_processor   -  DEBUG   - worker1695435:Running ['/apps/z_install_tree/linux-rocky8-ivybridge/gcc-12.2.0/orca-6.0.0-srtngmq3qlimg2qxbl6avaaiffipurdx/bin/orca', 'sp_solv.inp']...
2025-04-04 23:57:21,362 -   censo.qm_processor   -  DEBUG   - worker1695441:Running ['/apps/z_install_tree/linux-rocky8-ivybridge/gcc-12.2.0/orca-6.0.0-srtngmq3qlimg2qxbl6avaaiffipurdx/bin/orca', 'sp_solv.inp']...
2025-04-04 23:57:21,365 -   censo.qm_processor   -  DEBUG   - worker1695441:Started (PID: 1695545).
2025-04-04 23:57:21,365 -   censo.qm_processor   -  DEBUG   - worker1695435:Started (PID: 1695544).
2025-04-04 23:57:21,847 -   censo.qm_processor   -  DEBUG   - worker1695436:Done.
2025-04-04 23:57:21,865 -  censo.orca_processor  -  DEBUG   - worker1695436:Copying .gbw file from /srv/scratch/z5358697/.automated/4411/0_PRESCREENING/CONF3/sp/sp.gbw.
2025-04-04 23:57:21,894 -   censo.qm_processor   -  DEBUG   - worker1695436:Running ['/apps/z_install_tree/linux-rocky8-ivybridge/gcc-12.2.0/orca-6.0.0-srtngmq3qlimg2qxbl6avaaiffipurdx/bin/orca', 'sp_solv.inp']...
2025-04-04 23:57:21,896 -   censo.qm_processor   -  DEBUG   - worker1695436:Started (PID: 1695548).
2025-04-04 23:57:22,365 -   censo.qm_processor   -  DEBUG   - worker1695438:Done.
2025-04-04 23:57:22,383 -  censo.orca_processor  -  DEBUG   - worker1695438:Copying .gbw file from /srv/scratch/z5358697/.automated/4411/0_PRESCREENING/CONF4/sp/sp.gbw.
2025-04-04 23:57:22,411 -   censo.qm_processor   -  DEBUG   - worker1695438:Running ['/apps/z_install_tree/linux-rocky8-ivybridge/gcc-12.2.0/orca-6.0.0-srtngmq3qlimg2qxbl6avaaiffipurdx/bin/orca', 'sp_solv.inp']...
2025-04-04 23:57:22,414 -   censo.qm_processor   -  DEBUG   - worker1695438:Started (PID: 1695554).
2025-04-04 23:57:46,910 -   censo.qm_processor   -  DEBUG   - worker1695435:Done.
2025-04-04 23:57:46,915 -     censo.parallel     -  DEBUG   - Free cores increased 0 -> 1.
2025-04-04 23:57:46,957 -   censo.qm_processor   -  DEBUG   - worker1695441:Done.
2025-04-04 23:57:46,962 -     censo.parallel     -  DEBUG   - Free cores increased 1 -> 2.
2025-04-04 23:57:47,104 -   censo.qm_processor   -  DEBUG   - worker1695436:Done.
2025-04-04 23:57:47,111 -     censo.parallel     -  DEBUG   - Free cores increased 2 -> 3.
2025-04-04 23:57:47,798 -   censo.qm_processor   -  DEBUG   - worker1695438:Done.
2025-04-04 23:57:47,803 -     censo.parallel     -  DEBUG   - Free cores increased 3 -> 4.
2025-04-04 23:57:47,810 -     censo.parallel     -  DEBUG   - Checking for failed jobs...
2025-04-04 23:57:47,810 -     censo.parallel     -   INFO   - All jobs executed successfully.
2025-04-04 23:57:47,848 -     censo.parallel     -  DEBUG   - Free cores decreased 4 -> 3.
2025-04-04 23:57:47,852 -     censo.parallel     -  DEBUG   - Free cores decreased 3 -> 2.
2025-04-04 23:57:47,852 -   censo.qm_processor   -  DEBUG   - worker1695779:Running on 1 cores.
2025-04-04 23:57:47,853 -     censo.parallel     -  DEBUG   - Free cores decreased 2 -> 1.
2025-04-04 23:57:47,853 -   censo.qm_processor   -  DEBUG   - worker1695780:Running on 1 cores.
2025-04-04 23:57:47,854 -     censo.parallel     -  DEBUG   - Free cores decreased 1 -> 0.
2025-04-04 23:57:47,854 -   censo.qm_processor   -  DEBUG   - worker1695785:Running on 1 cores.
2025-04-04 23:57:47,855 -   censo.qm_processor   -  DEBUG   - worker1695782:Running on 1 cores.
2025-04-04 23:57:47,872 -   censo.qm_processor   -   INFO   - worker1695782:Running xtb_opt calculation in /srv/scratch/z5358697/.automated/4411/2_OPTIMIZATION/CONF4/xtb_opt.
2025-04-04 23:57:47,889 -   censo.qm_processor   -   INFO   - worker1695779:Running xtb_opt calculation in /srv/scratch/z5358697/.automated/4411/2_OPTIMIZATION/CONF2/xtb_opt.
2025-04-04 23:57:47,911 -   censo.qm_processor   -   INFO   - worker1695780:Running xtb_opt calculation in /srv/scratch/z5358697/.automated/4411/2_OPTIMIZATION/CONF1/xtb_opt.
2025-04-04 23:57:47,916 -  censo.orca_processor  -  DEBUG   - worker1695782:Copying .gbw file from /srv/scratch/z5358697/.automated/4411/1_SCREENING/CONF4/gsolv/sp_solv.gbw.
2025-04-04 23:57:47,918 -   censo.qm_processor   -   INFO   - worker1695785:Running xtb_opt calculation in /srv/scratch/z5358697/.automated/4411/2_OPTIMIZATION/CONF3/xtb_opt.
2025-04-04 23:57:47,924 -  censo.orca_processor  -  DEBUG   - worker1695779:Copying .gbw file from /srv/scratch/z5358697/.automated/4411/1_SCREENING/CONF2/gsolv/sp_solv.gbw.
2025-04-04 23:57:47,947 -   censo.qm_processor   -  DEBUG   - worker1695782:Running ['/srv/scratch/z5358697/.xtb/bin/xtb', 'xtb_opt.coord', '--opt', 'normal', '--orca', '-I', 'xtb_opt-xcontrol-inp']...
2025-04-04 23:57:47,952 -   censo.qm_processor   -  DEBUG   - worker1695779:Running ['/srv/scratch/z5358697/.xtb/bin/xtb', 'xtb_opt.coord', '--opt', 'normal', '--orca', '-I', 'xtb_opt-xcontrol-inp']...
2025-04-04 23:57:47,954 -   censo.qm_processor   -  DEBUG   - worker1695782:Started (PID: 1695793).
2025-04-04 23:57:47,957 -   censo.qm_processor   -  DEBUG   - worker1695779:Started (PID: 1695794).
2025-04-04 23:57:47,969 -  censo.orca_processor  -  DEBUG   - worker1695785:Copying .gbw file from /srv/scratch/z5358697/.automated/4411/1_SCREENING/CONF3/gsolv/sp_solv.gbw.
2025-04-04 23:57:48,006 -   censo.qm_processor   -  DEBUG   - worker1695785:Running ['/srv/scratch/z5358697/.xtb/bin/xtb', 'xtb_opt.coord', '--opt', 'normal', '--orca', '-I', 'xtb_opt-xcontrol-inp']...
2025-04-04 23:57:48,009 -  censo.orca_processor  -  DEBUG   - worker1695780:Copying .gbw file from /srv/scratch/z5358697/.automated/4411/1_SCREENING/CONF1/gsolv/sp_solv.gbw.
2025-04-04 23:57:48,014 -   censo.qm_processor   -  DEBUG   - worker1695785:Started (PID: 1695803).
2025-04-04 23:57:48,040 -   censo.qm_processor   -  DEBUG   - worker1695780:Running ['/srv/scratch/z5358697/.xtb/bin/xtb', 'xtb_opt.coord', '--opt', 'normal', '--orca', '-I', 'xtb_opt-xcontrol-inp']...
2025-04-04 23:57:48,053 -   censo.qm_processor   -  DEBUG   - worker1695780:Started (PID: 1695807).
2025-04-05 00:01:16,999 -   censo.qm_processor   -  DEBUG   - worker1695779:Done.
2025-04-05 00:01:17,013 -     censo.parallel     -  DEBUG   - Free cores increased 0 -> 1.
2025-04-05 00:01:23,387 -   censo.qm_processor   -  DEBUG   - worker1695780:Done.
2025-04-05 00:01:23,398 -     censo.parallel     -  DEBUG   - Free cores increased 1 -> 2.
2025-04-05 00:01:25,562 -   censo.qm_processor   -  DEBUG   - worker1695782:Done.
2025-04-05 00:01:25,575 -     censo.parallel     -  DEBUG   - Free cores increased 2 -> 3.
2025-04-05 00:01:39,810 -   censo.qm_processor   -  DEBUG   - worker1695785:Done.
2025-04-05 00:01:39,823 -     censo.parallel     -  DEBUG   - Free cores increased 3 -> 4.
2025-04-05 00:01:39,831 -     censo.parallel     -  DEBUG   - Checking for failed jobs...
2025-04-05 00:01:39,831 -     censo.parallel     -   INFO   - All jobs executed successfully.
2025-04-05 00:01:39,836 -     censo.parallel     -  DEBUG   - Free cores decreased 4 -> 3.
2025-04-05 00:01:39,839 -     censo.parallel     -  DEBUG   - Free cores decreased 3 -> 2.
2025-04-05 00:01:39,840 -     censo.parallel     -  DEBUG   - Free cores decreased 2 -> 1.
2025-04-05 00:01:39,840 -   censo.qm_processor   -  DEBUG   - worker1697417:Running on 1 cores.
2025-04-05 00:01:39,841 -     censo.parallel     -  DEBUG   - Free cores decreased 1 -> 0.
2025-04-05 00:01:39,841 -   censo.qm_processor   -  DEBUG   - worker1697418:Running on 1 cores.
2025-04-05 00:01:39,842 -   censo.qm_processor   -  DEBUG   - worker1697423:Running on 1 cores.
2025-04-05 00:01:39,842 -   censo.qm_processor   -  DEBUG   - worker1697419:Running on 1 cores.
2025-04-05 00:01:39,861 -   censo.qm_processor   -   INFO   - worker1697417:Running xtb_rrho calculation in /srv/scratch/z5358697/.automated/4411/2_OPTIMIZATION/CONF2/xtb_rrho.
2025-04-05 00:01:39,869 -   censo.qm_processor   -   INFO   - worker1697418:Running xtb_rrho calculation in /srv/scratch/z5358697/.automated/4411/2_OPTIMIZATION/CONF1/xtb_rrho.
2025-04-05 00:01:39,876 -   censo.qm_processor   -   INFO   - worker1697423:Running xtb_rrho calculation in /srv/scratch/z5358697/.automated/4411/2_OPTIMIZATION/CONF3/xtb_rrho.
2025-04-05 00:01:39,881 -   censo.qm_processor   -   INFO   - worker1697419:Running xtb_rrho calculation in /srv/scratch/z5358697/.automated/4411/2_OPTIMIZATION/CONF4/xtb_rrho.
2025-04-05 00:01:39,890 -   censo.qm_processor   -  DEBUG   - worker1697417:Running ['/srv/scratch/z5358697/.xtb/bin/xtb', 'xtb_rrho.coord', '--gfn2', '--bhess', 'vtight', '--chrg', '0', '--enso', '--norestart', '-I', 'rrho-xcontrol-inp', '--parallel', '1', '--alpb', 'water']...
2025-04-05 00:01:39,898 -   censo.qm_processor   -  DEBUG   - worker1697417:Started (PID: 1697431).
2025-04-05 00:01:39,899 -   censo.qm_processor   -  DEBUG   - worker1697423:Running ['/srv/scratch/z5358697/.xtb/bin/xtb', 'xtb_rrho.coord', '--gfn2', '--bhess', 'vtight', '--chrg', '0', '--enso', '--norestart', '-I', 'rrho-xcontrol-inp', '--parallel', '1', '--alpb', 'water']...
2025-04-05 00:01:39,902 -   censo.qm_processor   -  DEBUG   - worker1697423:Started (PID: 1697432).
2025-04-05 00:01:39,909 -   censo.qm_processor   -  DEBUG   - worker1697418:Running ['/srv/scratch/z5358697/.xtb/bin/xtb', 'xtb_rrho.coord', '--gfn2', '--bhess', 'vtight', '--chrg', '0', '--enso', '--norestart', '-I', 'rrho-xcontrol-inp', '--parallel', '1', '--alpb', 'water']...
2025-04-05 00:01:39,911 -   censo.qm_processor   -  DEBUG   - worker1697418:Started (PID: 1697433).
2025-04-05 00:01:39,914 -   censo.qm_processor   -  DEBUG   - worker1697419:Running ['/srv/scratch/z5358697/.xtb/bin/xtb', 'xtb_rrho.coord', '--gfn2', '--bhess', 'vtight', '--chrg', '0', '--enso', '--norestart', '-I', 'rrho-xcontrol-inp', '--parallel', '1', '--alpb', 'water']...
2025-04-05 00:01:39,917 -   censo.qm_processor   -  DEBUG   - worker1697419:Started (PID: 1697434).
2025-04-05 00:01:40,757 -   censo.qm_processor   -  DEBUG   - worker1697419:Done.
2025-04-05 00:01:40,760 -     censo.parallel     -  DEBUG   - Free cores increased 0 -> 1.
2025-04-05 00:01:40,787 -   censo.qm_processor   -  DEBUG   - worker1697418:Done.
2025-04-05 00:01:40,790 -     censo.parallel     -  DEBUG   - Free cores increased 1 -> 2.
2025-04-05 00:01:41,778 -   censo.qm_processor   -  DEBUG   - worker1697423:Done.
2025-04-05 00:01:41,781 -     censo.parallel     -  DEBUG   - Free cores increased 2 -> 3.
2025-04-05 00:01:42,127 -   censo.qm_processor   -  DEBUG   - worker1697417:Done.
2025-04-05 00:01:42,130 -     censo.parallel     -  DEBUG   - Free cores increased 3 -> 4.
2025-04-05 00:01:42,136 -     censo.parallel     -  DEBUG   - Checking for failed jobs...
2025-04-05 00:01:42,136 -     censo.parallel     -   INFO   - All jobs executed successfully.
2025-04-05 00:01:42,137 -censo.ensembleopt.optimization-   INFO   - Threshold: 1.88 kcal/mol
2025-04-05 00:01:42,141 -     censo.parallel     -  DEBUG   - Free cores decreased 4 -> 3.
2025-04-05 00:01:42,145 -   censo.qm_processor   -  DEBUG   - worker1697455:Running on 1 cores.
2025-04-05 00:01:42,146 -   censo.qm_processor   -   INFO   - worker1697455:Running xtb_opt calculation in /srv/scratch/z5358697/.automated/4411/2_OPTIMIZATION/CONF3/xtb_opt.
2025-04-05 00:01:42,385 -   censo.qm_processor   -  DEBUG   - worker1697455:Running ['/srv/scratch/z5358697/.xtb/bin/xtb', 'xtb_opt.coord', '--opt', 'normal', '--orca', '-I', 'xtb_opt-xcontrol-inp']...
2025-04-05 00:01:42,390 -   censo.qm_processor   -  DEBUG   - worker1697455:Started (PID: 1697469).
2025-04-05 00:05:32,983 -   censo.qm_processor   -  DEBUG   - worker1697455:Done.
2025-04-05 00:05:32,996 -     censo.parallel     -  DEBUG   - Free cores increased 3 -> 4.
2025-04-05 00:05:33,002 -     censo.parallel     -  DEBUG   - Checking for failed jobs...
2025-04-05 00:05:33,002 -     censo.parallel     -   INFO   - All jobs executed successfully.
2025-04-05 00:05:33,002 -censo.ensembleopt.optimization-   INFO   - Threshold: 1.88 kcal/mol
2025-04-05 00:05:33,002 -   censo.ensembledata   -  DEBUG   - Removed CONF4.
2025-04-05 00:05:33,007 -     censo.parallel     -  DEBUG   - Free cores decreased 4 -> 3.
2025-04-05 00:05:33,011 -   censo.qm_processor   -  DEBUG   - worker1698728:Running on 1 cores.
2025-04-05 00:05:33,013 -   censo.qm_processor   -   INFO   - worker1698728:Running xtb_opt calculation in /srv/scratch/z5358697/.automated/4411/2_OPTIMIZATION/CONF3/xtb_opt.
2025-04-05 00:05:33,045 -   censo.qm_processor   -  DEBUG   - worker1698728:Running ['/srv/scratch/z5358697/.xtb/bin/xtb', 'xtb_opt.coord', '--opt', 'normal', '--orca', '-I', 'xtb_opt-xcontrol-inp']...
2025-04-05 00:05:33,051 -   censo.qm_processor   -  DEBUG   - worker1698728:Started (PID: 1698742).
2025-04-05 00:07:42,329 -   censo.qm_processor   -  DEBUG   - worker1698728:Done.
2025-04-05 00:07:42,339 -     censo.parallel     -  DEBUG   - Free cores increased 3 -> 4.
2025-04-05 00:07:42,346 -     censo.parallel     -  DEBUG   - Checking for failed jobs...
2025-04-05 00:07:42,346 -     censo.parallel     -   INFO   - All jobs executed successfully.
2025-04-05 00:07:42,346 -censo.ensembleopt.optimization-   INFO   - Threshold: 1.50 kcal/mol
2025-04-05 00:07:42,351 -     censo.parallel     -  DEBUG   - Free cores decreased 4 -> 3.
2025-04-05 00:07:42,354 -     censo.parallel     -  DEBUG   - Free cores decreased 3 -> 2.
2025-04-05 00:07:42,354 -   censo.qm_processor   -  DEBUG   - worker1699031:Running on 1 cores.
2025-04-05 00:07:42,355 -   censo.qm_processor   -  DEBUG   - worker1699032:Running on 1 cores.
2025-04-05 00:07:42,355 -     censo.parallel     -  DEBUG   - Free cores decreased 2 -> 1.
2025-04-05 00:07:42,356 -   censo.qm_processor   -  DEBUG   - worker1699037:Running on 1 cores.
2025-04-05 00:07:42,356 -   censo.qm_processor   -   INFO   - worker1699031:Running xtb_rrho calculation in /srv/scratch/z5358697/.automated/4411/2_OPTIMIZATION/CONF2/xtb_rrho.
2025-04-05 00:07:42,357 -   censo.qm_processor   -   INFO   - worker1699032:Running xtb_rrho calculation in /srv/scratch/z5358697/.automated/4411/2_OPTIMIZATION/CONF1/xtb_rrho.
2025-04-05 00:07:42,358 -   censo.qm_processor   -   INFO   - worker1699037:Running xtb_rrho calculation in /srv/scratch/z5358697/.automated/4411/2_OPTIMIZATION/CONF3/xtb_rrho.
2025-04-05 00:07:42,392 -   censo.qm_processor   -  DEBUG   - worker1699031:Running ['/srv/scratch/z5358697/.xtb/bin/xtb', 'xtb_rrho.coord', '--gfn2', '--ohess', 'vtight', '--chrg', '0', '--enso', '--norestart', '-I', 'rrho-xcontrol-inp', '--parallel', '1', '--alpb', 'water']...
2025-04-05 00:07:42,392 -   censo.qm_processor   -  DEBUG   - worker1699037:Running ['/srv/scratch/z5358697/.xtb/bin/xtb', 'xtb_rrho.coord', '--gfn2', '--ohess', 'vtight', '--chrg', '0', '--enso', '--norestart', '-I', 'rrho-xcontrol-inp', '--parallel', '1', '--alpb', 'water']...
2025-04-05 00:07:42,393 -   censo.qm_processor   -  DEBUG   - worker1699032:Running ['/srv/scratch/z5358697/.xtb/bin/xtb', 'xtb_rrho.coord', '--gfn2', '--ohess', 'vtight', '--chrg', '0', '--enso', '--norestart', '-I', 'rrho-xcontrol-inp', '--parallel', '1', '--alpb', 'water']...
2025-04-05 00:07:42,418 -   censo.qm_processor   -  DEBUG   - worker1699037:Started (PID: 1699046).
2025-04-05 00:07:42,418 -   censo.qm_processor   -  DEBUG   - worker1699031:Started (PID: 1699045).
2025-04-05 00:07:42,418 -   censo.qm_processor   -  DEBUG   - worker1699032:Started (PID: 1699047).
2025-04-05 00:07:43,181 -   censo.qm_processor   -  DEBUG   - worker1699032:Done.
2025-04-05 00:07:43,184 -     censo.parallel     -  DEBUG   - Free cores increased 1 -> 2.
2025-04-05 00:07:43,346 -   censo.qm_processor   -  DEBUG   - worker1699037:Done.
2025-04-05 00:07:43,348 -     censo.parallel     -  DEBUG   - Free cores increased 2 -> 3.
2025-04-05 00:07:43,450 -   censo.qm_processor   -  DEBUG   - worker1699031:Done.
2025-04-05 00:07:43,453 -     censo.parallel     -  DEBUG   - Free cores increased 3 -> 4.
2025-04-05 00:07:43,458 -     censo.parallel     -  DEBUG   - Checking for failed jobs...
2025-04-05 00:07:43,458 -     censo.parallel     -   INFO   - All jobs executed successfully.
2025-04-05 00:07:43,459 -censo.ensembleopt.optimization-  DEBUG   - Writing to /srv/scratch/z5358697/.automated/4411/2_OPTIMIZATION.out.
2025-04-05 00:07:43,471 -censo.ensembleopt.optimization-  DEBUG   - Writing to /srv/scratch/z5358697/.automated/4411/2_OPTIMIZATION.out.
2025-04-05 00:07:43,521 -     censo.parallel     -  DEBUG   - Free cores decreased 4 -> 3.
2025-04-05 00:07:43,525 -   censo.qm_processor   -  DEBUG   - worker1699068:Running on 1 cores.
2025-04-05 00:07:43,525 -     censo.parallel     -  DEBUG   - Free cores decreased 3 -> 2.
2025-04-05 00:07:43,526 -     censo.parallel     -  DEBUG   - Free cores decreased 2 -> 1.
2025-04-05 00:07:43,526 -   censo.qm_processor   -  DEBUG   - worker1699069:Running on 1 cores.
2025-04-05 00:07:43,526 -   censo.qm_processor   -  DEBUG   - worker1699071:Running on 1 cores.
2025-04-05 00:07:43,558 -   censo.qm_processor   -   INFO   - worker1699068:Running gsolv calculation in /srv/scratch/z5358697/.automated/4411/3_REFINEMENT/CONF3/gsolv.
2025-04-05 00:07:43,579 -  censo.orca_processor  -  DEBUG   - worker1699068:Copying .gbw file from /srv/scratch/z5358697/.automated/4411/2_OPTIMIZATION/CONF3/xtb_opt/xtb_opt.gbw.
2025-04-05 00:07:43,586 -   censo.qm_processor   -   INFO   - worker1699071:Running gsolv calculation in /srv/scratch/z5358697/.automated/4411/3_REFINEMENT/CONF2/gsolv.
2025-04-05 00:07:43,595 -   censo.qm_processor   -   INFO   - worker1699069:Running gsolv calculation in /srv/scratch/z5358697/.automated/4411/3_REFINEMENT/CONF1/gsolv.
2025-04-05 00:07:43,600 -  censo.orca_processor  -  DEBUG   - worker1699071:Copying .gbw file from /srv/scratch/z5358697/.automated/4411/2_OPTIMIZATION/CONF2/xtb_opt/xtb_opt.gbw.
2025-04-05 00:07:43,607 -  censo.orca_processor  -  DEBUG   - worker1699069:Copying .gbw file from /srv/scratch/z5358697/.automated/4411/2_OPTIMIZATION/CONF1/xtb_opt/xtb_opt.gbw.
2025-04-05 00:07:43,608 -   censo.qm_processor   -  DEBUG   - worker1699068:Running ['/apps/z_install_tree/linux-rocky8-ivybridge/gcc-12.2.0/orca-6.0.0-srtngmq3qlimg2qxbl6avaaiffipurdx/bin/orca', 'sp_gas.inp']...
2025-04-05 00:07:43,612 -   censo.qm_processor   -  DEBUG   - worker1699068:Started (PID: 1699082).
2025-04-05 00:07:43,628 -   censo.qm_processor   -  DEBUG   - worker1699071:Running ['/apps/z_install_tree/linux-rocky8-ivybridge/gcc-12.2.0/orca-6.0.0-srtngmq3qlimg2qxbl6avaaiffipurdx/bin/orca', 'sp_gas.inp']...
2025-04-05 00:07:43,631 -   censo.qm_processor   -  DEBUG   - worker1699071:Started (PID: 1699083).
2025-04-05 00:07:43,633 -   censo.qm_processor   -  DEBUG   - worker1699069:Running ['/apps/z_install_tree/linux-rocky8-ivybridge/gcc-12.2.0/orca-6.0.0-srtngmq3qlimg2qxbl6avaaiffipurdx/bin/orca', 'sp_gas.inp']...
2025-04-05 00:07:43,636 -   censo.qm_processor   -  DEBUG   - worker1699069:Started (PID: 1699084).
2025-04-05 00:09:38,522 -   censo.qm_processor   -  DEBUG   - worker1699071:Done.
2025-04-05 00:09:38,542 -  censo.orca_processor  -  DEBUG   - worker1699071:Copying .gbw file from /srv/scratch/z5358697/.automated/4411/2_OPTIMIZATION/CONF2/xtb_opt/xtb_opt.gbw.
2025-04-05 00:09:38,571 -   censo.qm_processor   -  DEBUG   - worker1699071:Running ['/apps/z_install_tree/linux-rocky8-ivybridge/gcc-12.2.0/orca-6.0.0-srtngmq3qlimg2qxbl6avaaiffipurdx/bin/orca', 'sp_solv.inp']...
2025-04-05 00:09:38,574 -   censo.qm_processor   -  DEBUG   - worker1699071:Started (PID: 1699263).
2025-04-05 00:09:38,896 -   censo.qm_processor   -  DEBUG   - worker1699069:Done.
2025-04-05 00:09:38,916 -  censo.orca_processor  -  DEBUG   - worker1699069:Copying .gbw file from /srv/scratch/z5358697/.automated/4411/2_OPTIMIZATION/CONF1/xtb_opt/xtb_opt.gbw.
2025-04-05 00:09:38,956 -   censo.qm_processor   -  DEBUG   - worker1699069:Running ['/apps/z_install_tree/linux-rocky8-ivybridge/gcc-12.2.0/orca-6.0.0-srtngmq3qlimg2qxbl6avaaiffipurdx/bin/orca', 'sp_solv.inp']...
2025-04-05 00:09:38,959 -   censo.qm_processor   -  DEBUG   - worker1699069:Started (PID: 1699270).
2025-04-05 00:09:39,259 -   censo.qm_processor   -  DEBUG   - worker1699068:Done.
2025-04-05 00:09:39,277 -  censo.orca_processor  -  DEBUG   - worker1699068:Copying .gbw file from /srv/scratch/z5358697/.automated/4411/2_OPTIMIZATION/CONF3/xtb_opt/xtb_opt.gbw.
2025-04-05 00:09:39,302 -   censo.qm_processor   -  DEBUG   - worker1699068:Running ['/apps/z_install_tree/linux-rocky8-ivybridge/gcc-12.2.0/orca-6.0.0-srtngmq3qlimg2qxbl6avaaiffipurdx/bin/orca', 'sp_solv.inp']...
2025-04-05 00:09:39,304 -   censo.qm_processor   -  DEBUG   - worker1699068:Started (PID: 1699272).
2025-04-05 00:11:36,691 -   censo.qm_processor   -  DEBUG   - worker1699071:Done.
2025-04-05 00:11:36,697 -     censo.parallel     -  DEBUG   - Free cores increased 1 -> 2.
2025-04-05 00:11:37,185 -   censo.qm_processor   -  DEBUG   - worker1699069:Done.
2025-04-05 00:11:37,191 -     censo.parallel     -  DEBUG   - Free cores increased 2 -> 3.
2025-04-05 00:11:37,953 -   censo.qm_processor   -  DEBUG   - worker1699068:Done.
2025-04-05 00:11:37,959 -     censo.parallel     -  DEBUG   - Free cores increased 3 -> 4.
2025-04-05 00:11:37,966 -     censo.parallel     -  DEBUG   - Checking for failed jobs...
2025-04-05 00:11:37,966 -     censo.parallel     -   INFO   - All jobs executed successfully.
2025-04-05 00:11:37,966 -censo.ensembleopt.refinement-  DEBUG   - Writing to /srv/scratch/z5358697/.automated/4411/3_REFINEMENT.out.
