----------------------------------------------- 
  Element       SASA      Sigma Z        Total  
     Z         Ang**2 cal/Ang**2/mol   kcal/mol 
----------------------------------------------- 
      H        143.790      48.690       7.001
      C         28.825     129.740       3.740
      N          5.272       0.000       0.000

 Subtotal:     177.886                  10.741
 -----------------------------------------------

  Elements    COT*SASA   Sigma Z,Z'     Total   
    Z,Z'       Ang**2  cal/Ang**2/mol kcal/mol  
 ---------------------------------------------- 
  H   C         96.773     -60.770      -5.881
  C   C         20.158     -72.950      -1.471
  C   N          6.865       0.000       0.000
  N   C         73.365     -48.220      -3.538
  N  C(3)        0.000      84.100       0.000

 Subtotal:                             -10.889
 ---------------------------------------------- 

 NONAQUEOUS SOLVENT CONTRIBUTION (kcal/mol):
 (proportional to SASA, atomic number independent)
 ---------------------------------------------- 
 Subtotal:                               0.000
 ---------------------------------------------- 

 CDS TOTAL (kcal/mol):                  -0.148
...............................................................................
