4
 energy: -4.432474397281 gnorm: 0.007497623593 xtb: 6.7.1 (edcfbbe)
N           -0.00003893422565       -0.00002328752423       -0.08493091683800
H           -0.69266131422176        0.62486567574531        0.31563415154568
H            0.88744145215243        0.28733835890644        0.31567408805578
H           -0.19482520755192       -0.91235591724567        0.31555345479277
4
 energy: -4.432598004477 gnorm: 0.004234412880 xtb: 6.7.1 (edcfbbe)
N           -0.00002210341098       -0.00002475671134       -0.07496885445096
H           -0.69657675574477        0.62837295688142        0.31231715635991
H            0.89246820214152        0.28897691496827        0.31234933448632
H           -0.19595334683266       -0.91750028525651        0.31223314116096
4
 energy: -4.432629308498 gnorm: 0.000939761038 xtb: 6.7.1 (edcfbbe)
N           -0.00000985352664       -0.00002761361596       -0.06764978094153
H           -0.69824887398499        0.62986757785856        0.30988047046107
H            0.89461623924907        0.28968134422252        0.30990675309023
H           -0.19644151558434       -0.91969647858327        0.30979333494647
4
 energy: -4.432630021999 gnorm: 0.000304052696 xtb: 6.7.1 (edcfbbe)
N           -0.00001039120338       -0.00002925968386       -0.06642207935623
H           -0.69812061618279        0.62975534329906        0.30947140396368
H            0.89445167389836        0.28962931289234        0.30949781506389
H           -0.19640467035908       -0.91953056662570        0.30938363788490
4
 energy: -4.432630126326 gnorm: 0.000013825263 xtb: 6.7.1 (edcfbbe)
N           -0.00001166971375       -0.00002914173449       -0.06683903807105
H           -0.69809692915219        0.62973547101697        0.30961010532457
H            0.89442111858822        0.28961884656523        0.30963713403642
H           -0.19639652356918       -0.91950034596586        0.30952257626629
4
 energy: -4.432630126751 gnorm: 0.000005244054 xtb: 6.7.1 (edcfbbe)
N           -0.00001182436424       -0.00002920824247       -0.06681082910926
H           -0.69811447657897        0.62975154651324        0.30960068179701
H            0.89444365448319        0.28962617999389        0.30962778082006
H           -0.19640135738687       -0.91952368838282        0.30951314404841
