----------------------------------------------- 
  Element       SASA      Sigma Z        Total  
     Z         Ang**2 cal/Ang**2/mol   kcal/mol 
----------------------------------------------- 
      H        115.676      48.690       5.632
      C         28.140     129.740       3.651
      O         11.744       0.000       0.000

 Subtotal:     155.561                   9.283
 -----------------------------------------------

  Elements    COT*SASA   Sigma Z,Z'     Total   
    Z,Z'       Ang**2  cal/Ang**2/mol kcal/mol  
 ---------------------------------------------- 
  H   C         77.955     -60.770      -4.737
  H   O          0.000       0.000       0.000
  C   C         11.615     -72.950      -0.847
  O   C          0.105      68.690       0.007

 Subtotal:                              -5.577
 ---------------------------------------------- 

 NONAQUEOUS SOLVENT CONTRIBUTION (kcal/mol):
 (proportional to SASA, atomic number independent)
 ---------------------------------------------- 
 Subtotal:                               0.000
 ---------------------------------------------- 

 CDS TOTAL (kcal/mol):                   3.706
...............................................................................
