22
 energy: -54.092302164184 gnorm: 0.028387123899 xtb: 6.7.1 (edcfbbe)
C            5.16143913670970        0.69586714154466        0.00132978128341
C            5.16143889252861       -0.69586910022433        0.00107883321951
C            3.95757293891610       -1.39756504942642        0.00028086161230
C            2.76588558621273       -0.69401747780588       -0.00029748504321
C            2.76588579339414        0.69401717801026       -0.00009737222407
C            3.95757352973866        1.39756387637670        0.00075159084507
O            1.58034213182320        1.42340246633422       -0.00085937322192
C            0.41981886189237        0.69713842914404       -0.00058171309197
C            0.41981870738008       -0.69713761152794       -0.00070166662826
C           -0.78634559173660       -1.39144310317374       -0.00033405710685
C           -2.00212342953430       -0.69805706765444        0.00001636335995
C           -2.00212351612287        0.69805906349912        0.00005961943059
C           -0.78634518852758        1.39144449872286       -0.00022736136061
Cl          -0.74247822104094        3.12316029811657       -0.00016195876551
Cl          -3.49415280414994        1.57542196229413        0.00048781258861
Cl          -3.49415304310641       -1.57542038216166        0.00045153272010
Cl          -0.74247931586751       -3.12315886330105       -0.00038239389535
O            1.58034151674043       -1.42340213578619       -0.00118441520091
H            6.09686958049399        1.24407887455890        0.00196700378872
H            6.09686913610697       -1.24408134786619        0.00150121175880
H            3.92983515737254       -2.48187286369165        0.00007174511355
H            3.92983622265345        2.48187175326380        0.00090942769497
22
 energy: -54.093271138924 gnorm: 0.013577085495 xtb: 6.7.1 (edcfbbe)
C            5.15440280101450        0.69226238054537        0.00130960942899
C            5.15440261967397       -0.69226427419731        0.00107310729153
C            3.95587431933771       -1.39251642201781        0.00028010140863
C            2.76158873669240       -0.69484889245981       -0.00031235401015
C            2.76158889310751        0.69484867425481       -0.00012083814299
C            3.95587486102813        1.39251530284523        0.00072097174518
O            1.57896109052999        1.42454945733387       -0.00079746052682
C            0.42634002255263        0.69875799022182       -0.00055814975828
C            0.42633983370937       -0.69875727405801       -0.00067028152875
C           -0.78194915425954       -1.38776342248977       -0.00033275268378
C           -1.99209942861703       -0.69486006481641        0.00000928095836
C           -1.99209935483788        0.69486186849667        0.00005700913547
C           -0.78194866309753        1.38776464032706       -0.00020351763126
Cl          -0.75138398138312        3.11277890759434       -0.00014229703600
Cl          -3.48025583796236        1.56501395280321        0.00046299179850
Cl          -3.48025637141368       -1.56501203537109        0.00040330143477
Cl          -0.75138517478367       -3.11277766452764       -0.00040869934841
O            1.57896055556671       -1.42454909619517       -0.00110904681891
H            6.08607798949605        1.23636767424522        0.00194417754734
H            6.08607762044958       -1.23637007358910        0.00150405188471
H            3.92910681191984       -2.47080478846183        0.00009090282741
H            3.92910789315323        2.47080369876214        0.00087787890142
22
 energy: -54.093443669290 gnorm: 0.004336816764 xtb: 6.7.1 (edcfbbe)
C            5.15179297085430        0.69123781431601        0.00126890917449
C            5.15179283555372       -0.69123960343091        0.00105225013166
C            3.95462689695903       -1.39032305269587        0.00028411669403
C            2.75853983094175       -0.69557262259861       -0.00029398063033
C            2.75853998097022        0.69557232175691       -0.00011557653296
C            3.95462737723778        1.39032196845835        0.00068850043812
O            1.57770513897177        1.42509604524414       -0.00071435918615
C            0.43048829140492        0.70006988479537       -0.00051899609816
C            0.43048804858982       -0.70006925541217       -0.00062894188171
C           -0.77943860122755       -1.38638562834531       -0.00034245083073
C           -1.98867268146114       -0.69401582519319       -0.00001633479357
C           -1.98867246834706        0.69401751112416        0.00004302078146
C           -0.77943802722588        1.38638675443278       -0.00018650653077
Cl          -0.75386709256069        3.10565686280952       -0.00011033461935
Cl          -3.47249871143788        1.56031325373592        0.00043220646391
Cl          -3.47249941536955       -1.56031106950041        0.00033639118752
Cl          -0.75386843196481       -3.10565572646863       -0.00043731724158
O            1.57770460578836       -1.42509576768765       -0.00101159443039
H            6.08170612223243        1.23432098380886        0.00190002394734
H            6.08170581173227       -1.23432324247298        0.00149792954998
H            3.92628128409321       -2.46629898755663        0.00011522091295
H            3.92628231614180        2.46629792012610        0.00083581037118
22
 energy: -54.093457325234 gnorm: 0.001828335394 xtb: 6.7.1 (edcfbbe)
C            5.15206367908248        0.69148905053402        0.00123957685891
C            5.15206354621073       -0.69149078234192        0.00103785843694
C            3.95446234561046       -1.39022645955748        0.00029527392866
C            2.75815523912975       -0.69569332715988       -0.00026204188336
C            2.75815540711226        0.69569293524701       -0.00009258388787
C            3.95446280074135        1.39022537972186        0.00067474446361
O            1.57751595379602        1.42506753218926       -0.00065406980300
C            0.43092578406068        0.70031060463653       -0.00048587098435
C            0.43092551347685       -0.70031000567011       -0.00059828428778
C           -0.77920514357206       -1.38651872229572       -0.00034739084534
C           -1.98939133080749       -0.69432590153879       -0.00003927737860
C           -1.98939106680003        0.69432757106322        0.00003049477587
C           -0.77920453726699        1.38651984077843       -0.00017561783168
Cl          -0.75313993426988        3.10421265017247       -0.00008847166573
Cl          -3.47154675714192        1.56028707454353        0.00040307401229
Cl          -3.47154749111465       -1.56028480533036        0.00027774395515
Cl          -0.75314134868801       -3.10421152900841       -0.00045601613089
O            1.57751539620555       -1.42506733144783       -0.00094389358162
H            6.08194211577672        1.23507297253780        0.00184623961132
H            6.08194180987974       -1.23507514474012        0.00147269700602
H            3.92488156323632       -2.46653407513532        0.00013433026175
H            3.92488253721891        2.46653301204758        0.00080947184665
22
 energy: -54.093452136039 gnorm: 0.003375734398 xtb: 6.7.1 (edcfbbe)
C            5.15246974142475        0.69186590486104        0.00119557838555
C            5.15246961219626       -0.69186755070844        0.00101627089486
C            3.95421551858760       -1.39008156984989        0.00031200978061
C            2.75757835141175       -0.69587438400178       -0.00021413376292
C            2.75757854632532        0.69587385548217       -0.00005809492023
C            3.95421593599669        1.39008049661711        0.00065411050184
O            1.57723217603238        1.42502476260694       -0.00056363572829
C            0.43158202304431        0.70067168439827       -0.00043618331363
C            0.43158171080740       -0.70067113105702       -0.00055229789689
C           -0.77885495708881       -1.38671836322132       -0.00035480086725
C           -1.99046930482702       -0.69479101605720       -0.00007369125613
C           -1.99046896447947        0.69479266097180        0.00001170576748
C           -0.77885430232864        1.38671947029692       -0.00015928478305
Cl          -0.75204919683367        3.10204633121689       -0.00005567723531
Cl          -3.47011882569797        1.56024780575493        0.00035937533487
Cl          -3.47011960473229       -1.56024540907529        0.00018977310658
Cl          -0.75205072377281       -3.10204523281808       -0.00048406446486
O            1.57723158183135       -1.42502467708812       -0.00084234230847
H            6.08229610609315        1.23620095563121        0.00176556310728
H            6.08229580710096       -1.23620299814083        0.00143484819008
H            3.92278198195098       -2.46688670650335        0.00016299428494
H            3.92278286883459        2.46688564992981        0.00076996405987
22
 energy: -54.093459374299 gnorm: 0.001179268588 xtb: 6.7.1 (edcfbbe)
C            5.15251936530648        0.69176748964781        0.00118945297602
C            5.15251921737466       -0.69176915569993        0.00100968143078
C            3.95445572896513       -1.39022281473879        0.00031550529222
C            2.75807323199234       -0.69573154532484       -0.00020450697323
C            2.75807343078322        0.69573104950487       -0.00004798401268
C            3.95445617136115        1.39022173815859        0.00065822932709
O            1.57748413997263        1.42499090203646       -0.00055859298876
C            0.43092440078046        0.70040434085213       -0.00043108837698
C            0.43092410052999       -0.70040377091741       -0.00054784518946
C           -0.77917603223899       -1.38676284334166       -0.00035247334823
C           -1.99041433551970       -0.69468070228742       -0.00007686851796
C           -1.99041401875114        0.69468236229211        0.00000889228001
C           -0.77917539439092        1.38676396053507       -0.00015800057752
Cl          -0.75233044721742        3.10319959974841       -0.00005518820538
Cl          -3.47099704209289        1.56053532123860        0.00034994420007
Cl          -3.47099779581488       -1.56053297399293        0.00017968423972
Cl          -0.75233193659514       -3.10319848961411       -0.00048092198479
O            1.57748355169332       -1.42499078939774       -0.00083833298226
H            6.08245782365484        1.23593277437579        0.00175376207488
H            6.08245749954517       -1.23593485249069        0.00142277206781
H            3.92366675763809       -2.46701758709675        0.00016641738055
H            3.92366766490042        2.46701652575818        0.00077544876504
22
 energy: -54.093460120964 gnorm: 0.000536570682 xtb: 6.7.1 (edcfbbe)
C            5.15244824494887        0.69163302502925        0.00115345968735
C            5.15244806407702       -0.69163469150607        0.00098438915426
C            3.95463431939021       -1.39027315954288        0.00033070888589
C            2.75839442255641       -0.69562750474729       -0.00016047142890
C            2.75839463796041        0.69562702412248       -0.00000966335613
C            3.95463479715179        1.39027208316934        0.00065559259063
O            1.57768686608698        1.42501208060658       -0.00049375440725
C            0.43045460403108        0.70019014853110       -0.00038947813800
C            0.43045430756473       -0.70018957263634       -0.00050868023673
C           -0.77934827450412       -1.38678595043462       -0.00034979604389
C           -1.99020721533976       -0.69454160305085       -0.00010354359300
C           -1.99020690551569        0.69454326694934       -0.00000928917753
C           -0.77934764385040        1.38678706868394       -0.00014416571723
Cl          -0.75277236739570        3.10395039140637       -0.00003517859962
Cl          -3.47139453075992        1.56052535756222        0.00029966674882
Cl          -3.47139527352231       -1.56052302993097        0.00010596416776
Cl          -0.75277383058117       -3.10394928148096       -0.00048676901355
O            1.57768628014295       -1.42501196171119       -0.00076985776495
H            6.08241186813576        1.23559819137422        0.00168117749586
H            6.08241149902863       -1.23560027965775        0.00137145110502
H            3.92435564382060       -2.46694219372302        0.00018919278189
H            3.92435656845043        2.46694113023290        0.00076703173623
22
 energy: -54.093460335429 gnorm: 0.000040560687 xtb: 6.7.1 (edcfbbe)
C            5.15245907052549        0.69167207324078        0.00113290107937
C            5.15245888266087       -0.69167372868042        0.00097015372225
C            3.95458280939469       -1.39025764381025        0.00033720321304
C            2.75828352619385       -0.69565935872732       -0.00013820254331
C            2.75828374901332        0.69565886710425        0.00000895962258
C            3.95458329285448        1.39025657001073        0.00065157443577
O            1.57763808237511        1.42502291435233       -0.00045501706589
C            0.43059038894635        0.70025060592061       -0.00036649072817
C            0.43059008730925       -0.70025003562079       -0.00048667425022
C           -0.77927812771712       -1.38681137570355       -0.00034904091589
C           -1.99024891580429       -0.69458373728936       -0.00011830616537
C           -1.99024859701286        0.69458539577635       -0.00001956547385
C           -0.77927749193208        1.38681249108608       -0.00013666306679
Cl          -0.75269567611045        3.10370523772165       -0.00002242645167
Cl          -3.47120369784937        1.56046614924572        0.00027205986465
Cl          -3.47120444592306       -1.56046381072521        0.00006547759058
Cl          -0.75269714686235       -3.10370413174019       -0.00049071090541
O            1.57763749180512       -1.42502280726012       -0.00072834672162
H            6.08240689806929        1.23568992798664        0.00164423327907
H            6.08240651871670       -1.23569200308273        0.00134684269850
H            3.92412922751407       -2.46694721405103        0.00020064151286
H            3.92413015570980        2.46694615349161        0.00075938414643
22
 energy: -54.093460152947 gnorm: 0.000527981441 xtb: 6.7.1 (edcfbbe)
C            5.15248968662693        0.69171140245227        0.00117939318018
C            5.15248952357324       -0.69171306579635        0.00100443921626
C            3.95455287673539       -1.39028393214666        0.00032113071697
C            2.75820099170285       -0.69570316797366       -0.00019464328367
C            2.75820120045538        0.69570267817008       -0.00004058729537
C            3.95455333639791        1.39028285802936        0.00065603660886
O            1.57758145072178        1.42504477694545       -0.00054844905810
C            0.43073387220339        0.70031582330455       -0.00042316897781
C            0.43073357196220       -0.70031525294684       -0.00054096466683
C           -0.77923401580140       -1.38684757765951       -0.00035429050257
C           -1.99033806487949       -0.69464672126020       -0.00008321414640
C           -1.99033774538819        0.69464837933700        0.00000644392248
C           -0.77923337625898        1.38684869354208       -0.00015463993243
Cl          -0.75260773583146        3.10354259375422       -0.00005018046458
Cl          -3.47116433900688        1.56046896954074        0.00034602831344
Cl          -3.47116508984684       -1.56046662986038        0.00016519389266
Cl          -0.75260922516236       -3.10354148654284       -0.00048730079491
O            1.57758086363545       -1.42504465799730       -0.00082664896756
H            6.08245121833748        1.23579204900803        0.00173850758196
H            6.08245087271120       -1.23579413073531        0.00141714453382
H            3.92399765064543       -2.46700336057910        0.00017634786613
H            3.92399855834378        2.46700229866013        0.00077140913440
22
 energy: -54.093460338154 gnorm: 0.000015671757 xtb: 6.7.1 (edcfbbe)
C            5.15245084762967        0.69167200725619        0.00108840592278
C            5.15245063921124       -0.69167365258039        0.00093702654888
C            3.95458311086141       -1.39025858493878        0.00035136366713
C            2.75827995666130       -0.69565577266758       -0.00008646967469
C            2.75828019348175        0.69565527625044        0.00005430405671
C            3.95458361581004        1.39025751399192        0.00064680408334
O            1.57764034095106        1.42501440073312       -0.00036846622860
C            0.43057701952239        0.70024331822840       -0.00031387337161
C            0.43057671537017       -0.70024275077966       -0.00043615331509
C           -0.77927164141405       -1.38683232622545       -0.00034445123921
C           -1.99023547460184       -0.69458476441443       -0.00015112407534
C           -1.99023515245392        0.69458641989093       -0.00004398325998
C           -0.77927100590578        1.38683343939141       -0.00012003794981
Cl          -0.75270437472466        3.10372687735394        0.00000364244207
Cl          -3.47117650348405        1.56044754311392        0.00020400324519
Cl          -3.47117725138967       -1.56044520214682       -0.00002624963677
Cl          -0.75270583580065       -3.10372577442611       -0.00049377113194
O            1.57763974624472       -1.42501430536218       -0.00063724998625
H            6.08240251592298        1.23568581278591        0.00155888814958
H            6.08240210664495       -1.23568787836544        0.00128379006088
H            3.92411778229167       -2.46694720976064        0.00022337090609
H            3.92411873104807        2.46694615191708        0.00074821766357
22
 energy: -54.093460151057 gnorm: 0.000531199816 xtb: 6.7.1 (edcfbbe)
C            5.15241764652579        0.69163923544853        0.00094845738866
C            5.15241737303351       -0.69164085479158        0.00083136656704
C            3.95461640008180       -1.39024785932940        0.00039550336143
C            2.75835997101006       -0.69560988023140        0.00007832922994
C            2.75836024899004        0.69560937481664        0.00019986392231
C            3.95461697200727        1.39024679398931        0.00063372387224
O            1.57770175684114        1.42498674034998       -0.00009307616662
C            0.43041918107189        0.70016911170771       -0.00014658270859
C            0.43041887198128       -0.70016854917418       -0.00027533825671
C           -0.77930943807251       -1.38683206032208       -0.00032840712335
C           -1.99014326475826       -0.69453119799048       -0.00025486305980
C           -1.99014294006078        0.69453284969468       -0.00012231331324
C           -0.77930880880312        1.38683316934254       -0.00006787176851
Cl          -0.75279674854666        3.10393857581589        0.00008469940632
Cl          -3.47121966951925        1.56043052983433       -0.00001528617367
Cl          -3.47122040975943       -1.56042818829899       -0.00031730202652
Cl          -0.75279816836766       -3.10393747888229       -0.00050033430690
O            1.57770115080301       -1.42498667836515       -0.00034826083725
H            6.08237176288863        1.23558663274155        0.00128755126372
H            6.08237126120611       -1.23558867561979        0.00107976679275
H            3.92424595935570       -2.46691080898137        0.00029282072185
H            3.92424697396824        2.46690975749132        0.00071554009184
22
 energy: -54.093460338236 gnorm: 0.000015291698 xtb: 6.7.1 (edcfbbe)
C            5.15245778772479        0.69167705243889        0.00107964566986
C            5.15245757705088       -0.69167869921585        0.00093046363050
C            3.95458071258573       -1.39026283868939        0.00035361987577
C            2.75827945883221       -0.69565608104082       -0.00007648647083
C            2.75827969752511        0.69565558520763        0.00006307732395
C            3.95458121999210        1.39026176733671        0.00064543382599
O            1.57764240514273        1.42502158877987       -0.00034982603118
C            0.43058261005991        0.70024403079991       -0.00030426038261
C            0.43058230663008       -0.70024346186026       -0.00042696309304
C           -0.77927250055555       -1.38682747549866       -0.00034475512465
C           -1.99024201836759       -0.69458650543646       -0.00015830630910
C           -1.99024169896588        0.69458816262226       -0.00004957673123
C           -0.77927186787682        1.38682859041824       -0.00011802966408
Cl          -0.75270122897224        3.10372249416050        0.00000829945079
Cl          -3.47119815400163        1.56045200683229        0.00019231472465
Cl          -3.47119889512427       -1.56044966808487       -0.00004251094006
Cl          -0.75270268307359       -3.10372138941511       -0.00049467584228
O            1.57764180978341       -1.42502149342805       -0.00061779449967
H            6.08241274493623        1.23569175197308        0.00154287099494
H            6.08241233296378       -1.23569382063070        0.00127208835670
H            3.92412175696046       -2.46695459125611        0.00022750622786
H            3.92412270862697        2.46695353323264        0.00074585188466
22
 energy: -54.093460145535 gnorm: 0.000528020281 xtb: 6.7.1 (edcfbbe)
C            5.15250061061939        0.69171754207768        0.00119087076976
C            5.15250045695901       -0.69171921529351        0.00101386098760
C            3.95454716386527       -1.39028491558398        0.00031728594186
C            2.75820047972825       -0.69570308401087       -0.00020816582449
C            2.75820068331554        0.69570259678670       -0.00005292536817
C            3.95454761305078        1.39028383840287        0.00065565191558
O            1.57758417778454        1.42505693158614       -0.00056763132908
C            0.43074486096415        0.70031818493478       -0.00043804404998
C            0.43074456344047       -0.70031760921965       -0.00055552614058
C           -0.77923603946010       -1.38682942168539       -0.00035841751363
C           -1.99034577049973       -0.69464561546490       -0.00007649626470
C           -1.99034545860683        0.69464727962288        0.00001155429878
C           -0.77923540635366        1.38683054358972       -0.00016093103555
Cl          -0.75260363121006        3.10352111197052       -0.00005677561314
Cl          -3.47119276750768        1.56047723314040        0.00036790415072
Cl          -3.47119350305990       -1.56047489788797        0.00019146143573
Cl          -0.75260511130777       -3.10351999834631       -0.00048850281211
O            1.57758359189670       -1.42505680605175       -0.00084684558088
H            6.08246224191879        1.23580004275087        0.00176072223417
H            6.08246191150845       -1.23580213757640        0.00143532109079
H            3.92400225970098       -2.46700769695551        0.00017116467036
H            3.92400315513021        2.46700663245945        0.00077245091390
22
 energy: -54.093460338839 gnorm: 0.000018506345 xtb: 6.7.1 (edcfbbe)
C            5.15244660229789        0.69167207939399        0.00104136369449
C            5.15244637528081       -0.69167371581461        0.00090006995654
C            3.95458156450864       -1.39025671634666        0.00036518744867
C            2.75827584378522       -0.69565478399958       -0.00003119878528
C            2.75827609298951        0.69565428364236        0.00010391656703
C            3.95458208976062        1.39025564747609        0.00064381966519
O            1.57764098433395        1.42501384403954       -0.00027471929469
C            0.43057714467737        0.70024203360240       -0.00025733330789
C            0.43057683948948       -0.70024146941886       -0.00038144944669
C           -0.77926887206469       -1.38683623390176       -0.00033797784983
C           -1.99022784464015       -0.69458339387597       -0.00018570728212
C           -1.99022752142683        0.69458504794715       -0.00007111120516
C           -0.77926823773092        1.38683734499485       -0.00010290601036
Cl          -0.75271031804473        3.10372255666231        0.00002947872474
Cl          -3.47116097764475        1.56043414153270        0.00012754758639
Cl          -3.47116172296024       -1.56043179873054       -0.00012371714669
Cl          -0.75271176883410       -3.10372145640100       -0.00049378693933
O            1.57764038605247       -1.42501375987889       -0.00053932139328
H            6.08239802260535        1.23568073540771        0.00146834972933
H            6.08239758609450       -1.23568279158025        0.00121300737652
H            3.92411142050633       -2.46694349519067        0.00024481325596
H            3.92411239284107        2.46694243968545        0.00073966153338
22
 energy: -54.093460146068 gnorm: 0.000529168243 xtb: 6.7.1 (edcfbbe)
C            5.15240108435708        0.69163505116686        0.00082216979177
C            5.15240075875652       -0.69163664133787        0.00073051984342
C            3.95461997072653       -1.39024533829532        0.00043180823341
C            2.75835414515342       -0.69560798116946        0.00022689832125
C            2.75835445667187        0.69560746417237        0.00033413296414
C            3.95462059911848        1.39024428075658        0.00062760369692
O            1.57770141164282        1.42497215433608        0.00015564167171
C            0.43040615053314        0.70016398413908        0.00000711676806
C            0.43040583699554       -0.70016343457408       -0.00012626988823
C           -0.77930295858514       -1.38685855431608       -0.00030747762146
C           -1.99012365115867       -0.69453047993826       -0.00034629168450
C           -1.99012331902850        0.69453212420704       -0.00019485201881
C           -0.77930232818757        1.38685965334889       -0.00001995222559
Cl          -0.75280877699686        3.10395303737661        0.00015431407138
Cl          -3.47116537996914        1.56039740142585       -0.00022666124323
Cl          -3.47116612576584       -1.56039504994470       -0.00058174752457
Cl          -0.75281017758618       -3.10395195199121       -0.00049608271401
O            1.57770079647621       -1.42497212586420       -0.00008896044886
H            6.08235560449261        1.23557129689855        0.00104481318766
H            6.08235502577776       -1.23557330748927        0.00088692770793
H            3.92422593905330       -2.46690243417923        0.00034876809695
H            3.92422701939943        2.46690139051752        0.00069556789159
22
 energy: -54.093460339570 gnorm: 0.000010659694 xtb: 6.7.1 (edcfbbe)
C            5.15245069473344        0.69167520579492        0.00102084957296
C            5.15245046463817       -0.69167684375519        0.00088346682825
C            3.95458188198012       -1.39026132665124        0.00037018470441
C            2.75827637750177       -0.69565548075638       -0.00000740119974
C            2.75827662953071        0.69565497956415        0.00012565704041
C            3.95458241024551        1.39026025695895        0.00064242904891
O            1.57764201047425        1.42501648275756       -0.00023243404769
C            0.43057837416376        0.70024240932298       -0.00023297220691
C            0.43057807042776       -0.70024184405754       -0.00035797145718
C           -0.77926987264712       -1.38683783152788       -0.00033585403809
C           -1.99023345105508       -0.69458607230188       -0.00020135799423
C           -1.99023313283099        0.69458772987021       -0.00008383953078
C           -0.77926924412224        1.38683894490424       -0.00009650299604
Cl          -0.75270694171251        3.10372728113809        0.00003965219497
Cl          -3.47117505221191        1.56043831651963        0.00009508544620
Cl          -3.47117578679176       -1.56043597263506       -0.00016444698019
Cl          -0.75270837949650       -3.10372617856736       -0.00049309219601
O            1.57764141159761       -1.42501640111402       -0.00049591740112
H            6.08240597062809        1.23568490275392        0.00143016434159
H            6.08240553060416       -1.23568696262706        0.00118253069809
H            3.92411357049818       -2.46695049591517        0.00025321194042
H            3.92411454572138        2.46694943956991        0.00073654510871
22
 energy: -54.093460144845 gnorm: 0.000527895982 xtb: 6.7.1 (edcfbbe)
C            5.15250260950807        0.69171983090886        0.00115761229601
C            5.15250246146391       -0.69172151547950        0.00098703073092
C            3.95454818814898       -1.39028996869403        0.00032561207202
C            2.75820058116050       -0.69570395965451       -0.00016940594413
C            2.75820078452222        0.69570346997227       -0.00001715645961
C            3.95454862973988        1.39028888574387        0.00065379439804
O            1.57758513948741        1.42505936859457       -0.00049804410563
C            0.43074599678299        0.70031856698612       -0.00039762308949
C            0.43074570445276       -0.70031798602776       -0.00051700090148
C           -0.77923673671986       -1.38683282759829       -0.00035477431886
C           -1.99034823872876       -0.69464804095868       -0.00010191364257
C           -1.99034794303299        0.69464971792308       -0.00000886836246
C           -0.77923612178255        1.38683395829562       -0.00014992141679
Cl          -0.75260376467147        3.10353061810158       -0.00004206103539
Cl          -3.47120589833525        1.56048082471802        0.00031527062130
Cl          -3.47120660162092       -1.56047848218794        0.00012453002884
Cl          -0.75260520940396       -3.10352949560641       -0.00048756978913
O            1.57758455452276       -1.42505924407426       -0.00077664761016
H            6.08246947459302        1.23580147677213        0.00169790099159
H            6.08246915578799       -1.23580358833745        0.00138521362673
H            3.92400621697590       -2.46701428111116        0.00018456561554
H            3.92400709902618        2.46701321095965        0.00076744317164
22
 energy: -54.093460339348 gnorm: 0.000024700271 xtb: 6.7.1 (edcfbbe)
C            5.15244508789907        0.69167252758887        0.00099013985276
C            5.15244484094227       -0.69167415234949        0.00085740683413
C            3.95458216982502       -1.39025799710222        0.00037882106424
C            2.75827489263727       -0.69565487385956        0.00002974807438
C            2.75827515400431        0.69565436923161        0.00015991413823
C            3.95458271755471        1.39025693150842        0.00064307395122
O            1.57764071873977        1.42501160755267       -0.00017227581558
C            0.43057547063266        0.70024145615112       -0.00019399917601
C            0.43057516453969       -0.70024089782264       -0.00031952588535
C           -0.77926830443629       -1.38684163007407       -0.00032789525369
C           -1.99022634787764       -0.69458419174269       -0.00022273206352
C           -1.99022602265011        0.69458584379380       -0.00010192078755
C           -0.77926766950115        1.38684273729412       -0.00008387504169
Cl          -0.75271011782547        3.10372593426440        0.00005708990942
Cl          -3.47115472495271        1.56042780507745        0.00003709954673
Cl          -3.47115547165073       -1.56042546027694       -0.00023153494908
Cl          -0.75271156356744       -3.10372483820612       -0.00048887820968
O            1.57764011704180       -1.42501153713444       -0.00043295479321
H            6.08239765058464        1.23567944900469        0.00136950231789
H            6.08239718392119       -1.23568149141410        0.00113092951350
H            3.92410706726634       -2.46694441763348        0.00026534645952
H            3.92410806874961        2.46694336539437        0.00073450719026
22
 energy: -54.093460146952 gnorm: 0.000524213729 xtb: 6.7.1 (edcfbbe)
C            5.15239779792480        0.69163477972635        0.00074112641399
C            5.15239742917457       -0.69163633981061        0.00066152782069
C            3.95462028115264       -1.39024424864239        0.00045282186926
C            2.75835286978017       -0.69560728194531        0.00032362590823
C            2.75835320553985        0.69560675919962        0.00042326729912
C            3.95462095782898        1.39024320190125        0.00062787172330
O            1.57770085371266        1.42496567494514        0.00031552142772
C            0.43040122176612        0.70016234200245        0.00010806294831
C            0.43040090272403       -0.70016180865391       -0.00002674167553
C           -0.77930142990134       -1.38686594139862       -0.00028867628176
C           -1.99012036052828       -0.69453046232445       -0.00040433327274
C           -1.99012001395110        0.69453209447515       -0.00024431794869
C           -0.77930078647270        1.38686702635811        0.00001134999111
Cl          -0.75280716955280        3.10395112858217        0.00020148243216
Cl          -3.47114404159838        1.56038361927586       -0.00037656944952
Cl          -3.47114481330354       -1.56038126602148       -0.00075488616537
Cl          -0.75280858106814       -3.10395005816672       -0.00048367195168
O            1.57770023191809       -1.42496567355130        0.00007862825124
H            6.08235018968660        1.23556911605161        0.00088804347999
H            6.08234954497566       -1.23557108995653        0.00075355895699
H            3.92421332373416       -2.46689994013091        0.00038030275465
H            3.92421446833478        2.46689890733026        0.00068999234548
22
 energy: -54.093460339162 gnorm: 0.000034121793 xtb: 6.7.1 (edcfbbe)
C            5.15244335970828        0.69167315712042        0.00096100414686
C            5.15244310185852       -0.69167477424861        0.00083315463450
C            3.95458370566834       -1.39026130001323        0.00038738346385
C            2.75827363592129       -0.69565574820145        0.00006461222681
C            2.75827390408773        0.69565524048393        0.00019192738791
C            3.95458426559272        1.39026023618834        0.00064342793457
O            1.57763979716102        1.42500862481786       -0.00011668981107
C            0.43057367581940        0.70024136412408       -0.00015691949016
C            0.43057336847436       -0.70024081037685       -0.00028322915590
C           -0.77926732635382       -1.38685068774234       -0.00032024968730
C           -1.99022556209266       -0.69458638974980       -0.00024296588472
C           -1.99022523430300        0.69458804000274       -0.00011855435913
C           -0.77926668971756        1.38685179175856       -0.00007108061153
Cl          -0.75270973461886        3.10373539431506        0.00007405463247
Cl          -3.47115029269695        1.56042332059089       -0.00001706021682
Cl          -3.47115104371768       -1.56042097243856       -0.00029564055806
Cl          -0.75271117980579       -3.10373430173188       -0.00048490474539
O            1.57763919377367       -1.42500856277008       -0.00037498154820
H            6.08239836680551        1.23567943787643        0.00131219274319
H            6.08239788366248       -1.23568147035946        0.00108314386958
H            3.92410393512302       -2.46694780279316        0.00027744422376
H            3.92410495152678        2.46694675239289        0.00073191768173
22
 energy: -54.093460146235 gnorm: 0.000540043486 xtb: 6.7.1 (edcfbbe)
C            5.15248797917135        0.69171426338500        0.00111385600649
C            5.15248781642795       -0.69171593137055        0.00095135193203
C            3.95455167562251       -1.39028940237265        0.00034141656743
C            2.75819508507745       -0.69570529531371       -0.00011518653025
C            2.75819529782411        0.69570479644499        0.00003206317133
C            3.95455213522600        1.39028832141764        0.00065577843538
O            1.57757993975316        1.42504839554089       -0.00041800858181
C            0.43074075706755        0.70031809887623       -0.00033950498508
C            0.43074046225494       -0.70031752955672       -0.00045970349896
C           -0.77923234769390       -1.38685382080568       -0.00034014106880
C           -1.99033220758013       -0.69464816790579       -0.00013007426063
C           -1.99033190400179        0.69464983965109       -0.00003117860703
C           -0.77923172640440        1.38685494238573       -0.00012744397839
Cl          -0.75261260116291        3.10354978061201       -0.00001569694448
Cl          -3.47116822353100        1.56046158635636        0.00022937805248
Cl          -3.47116894344449       -1.56045922969995        0.00002230112815
Cl          -0.75261405522399       -3.10354866798905       -0.00048361223340
O            1.57757935234751       -1.42504828747846       -0.00069189925665
H            6.08245517329761        1.23579022652656        0.00160740826728
H            6.08245483007493       -1.23579231165008        0.00131039795059
H            3.92399834122497       -2.46700850293676        0.00020392823404
H            3.92399924554938        2.46700743512865        0.00076255707722
22
 energy: -54.093460326687 gnorm: 0.000095089142 xtb: 6.7.1 (edcfbbe)
C            5.15243771800530        0.69166256978717        0.00108875400334
C            5.15243751560224       -0.69166421664200        0.00093365040220
C            3.95457214564299       -1.39022866655173        0.00034901766335
C            2.75826954071410       -0.69565366114380       -0.00008543950119
C            2.75826977353140        0.69565316202076        0.00005750181320
C            3.95457264528895        1.39022759465254        0.00065061750837
O            1.57762767875276        1.42500687810804       -0.00036443840551
C            0.43059946876950        0.70024620422276       -0.00031148616321
C            0.43059916762433       -0.70024563811740       -0.00043308250642
C           -0.77926149046961       -1.38680283886353       -0.00034080890190
C           -1.99023034478603       -0.69457825530709       -0.00015149730058
C           -1.99023002659416        0.69457991357486       -0.00004704847766
C           -0.77926085830899        1.38680395260846       -0.00012022234694
Cl          -0.75269496280994        3.10362896660410        0.00000159387330
Cl          -3.47111363788866        1.56042158683975        0.00019388406666
Cl          -3.47111437611473       -1.56041924272808       -0.00002869116545
Cl          -0.75269642483593       -3.10362786302393       -0.00048645184215
O            1.57762708297152       -1.42500678275800       -0.00063499374211
H            6.08237515522366        1.23568090049414        0.00155723828762
H            6.08237475280259       -1.23568296525192        0.00127491687572
H            3.92408230568329       -2.46691482941323        0.00021950671809
H            3.92408325307225        2.46691377013391        0.00075546601819
22
 energy: -54.093460178262 gnorm: 0.000458467806 xtb: 6.7.1 (edcfbbe)
C            5.15239857611626        0.69161857936356        0.00104658933539
C            5.15239832657702       -0.69162020323570        0.00090300405492
C            3.95459981960378       -1.39018603242951        0.00036167705988
C            2.75835159182018       -0.69560292407331       -0.00003597920809
C            2.75835185002913        0.69560242445141        0.00010033890367
C            3.95460036574613        1.39018496968291        0.00064371807260
O            1.57768276256895        1.42496952555316       -0.00027827646941
C            0.43044292530424        0.70017129651978       -0.00026359827429
C            0.43044261672234       -0.70017073299221       -0.00038734608357
C           -0.77929846371054       -1.38677034365835       -0.00033994461781
C           -1.99013871558533       -0.69451432885051       -0.00018498828767
C           -1.99013838182542        0.69451597320636       -0.00007197731353
C           -0.77929782162934        1.38677145006919       -0.00010714357944
Cl          -0.75277934987155        3.10375325344610        0.00002805085821
Cl          -3.47109070489924        1.56039308039392        0.00013290873142
Cl          -3.47109146071708       -1.56039074956563       -0.00011382248407
Cl          -0.75278081182953       -3.10375215862261       -0.00049088452282
O            1.57768215710360       -1.42496944554772       -0.00054382264185
H            6.08231296697423        1.23557903451656        0.00147628075022
H            6.08231249633282       -1.23558107886018        0.00121671388211
H            3.92418217125137       -2.46684129251705        0.00024275231402
H            3.92418316579479        2.46684024239560        0.00074373639705
22
 energy: -54.093460338692 gnorm: 0.000026505676 xtb: 6.7.1 (edcfbbe)
C            5.15245205900183        0.69167339093784        0.00105765220552
C            5.15245184165332       -0.69167503311124        0.00091007750183
C            3.95458217579435       -1.39025776438776        0.00035832165931
C            2.75828171180477       -0.69565446162748       -0.00004945998319
C            2.75828195470860        0.69565396185517        0.00008927974577
C            3.95458268916336        1.39025669339489        0.00064747323765
O            1.57764104283569        1.42501737798646       -0.00030362587829
C            0.43057118461281        0.70024038448892       -0.00027547578408
C            0.43057088140326       -0.70023981782821       -0.00039851628976
C           -0.77927300885900       -1.38683492895711       -0.00033849596113
C           -1.99023918857080       -0.69458553336161       -0.00017439800910
C           -1.99023886829728        0.69458719025887       -0.00006437108431
C           -0.77927237783357        1.38683604294288       -0.00010984655399
Cl          -0.75270324169525        3.10371410044761        0.00001858205410
Cl          -3.47116261429552        1.56043892306420        0.00014750959735
Cl          -3.47116335197575       -1.56043658072262       -0.00009076293995
Cl          -0.75270469089242       -3.10371299710213       -0.00048898427755
O            1.57764044433295       -1.42501728842736       -0.00057115130652
H            6.08240309935441        1.23568862662538        0.00150014213295
H            6.08240267789915       -1.23569068956865        0.00123252347437
H            3.92411035184893       -2.46694959294555        0.00023397068253
H            3.92411130988295        2.46694853528324        0.00074754265345
22
 energy: -54.093460188135 gnorm: 0.000437593946 xtb: 6.7.1 (edcfbbe)
C            5.15250786848835        0.69172947757456        0.00107041711245
C            5.15250768350630       -0.69173113847505        0.00091864155624
C            3.95456722435523       -1.39033342132032        0.00035455088284
C            2.75821524122584       -0.69570616704429       -0.00006518758548
C            2.75821546871601        0.69570566747694        0.00007609570637
C            3.95456770428608        1.39033234194078        0.00065118687888
O            1.57760039722385        1.42506483311562       -0.00033311343446
C            0.43069386185740        0.70030832359639       -0.00028978380022
C            0.43069356383873       -0.70030775329394       -0.00041207082626
C           -0.77925006328376       -1.38690505686393       -0.00033749454078
C           -1.99034371142276       -0.69465874958251       -0.00016232875001
C           -1.99034340416870        0.69466041888709       -0.00005545766821
C           -0.77924944317370        1.38690617872953       -0.00011323852873
Cl          -0.75262669541027        3.10368478158039        0.00000821466278
Cl          -3.47123886231468        1.56048782016957        0.00016573993235
Cl          -3.47123958243654       -1.56048546682151       -0.00006360378799
Cl          -0.75262813163594       -3.10368366943883       -0.00048744525930
O            1.57759980564606       -1.42506473328570       -0.00060270384899
H            6.08249670756766        1.23580067300788        0.00152794248330
H            6.08249633594293       -1.23580275548042        0.00125184438421
H            3.92404159655998       -2.46706281049464        0.00022449495220
H            3.92404251650875        2.46706174526816        0.00075128635574
22
 energy: -54.093460339586 gnorm: 0.000016425610 xtb: 6.7.1 (edcfbbe)
C            5.15245677012242        0.69167680130186        0.00103865921482
C            5.15245654760743       -0.69167844164971        0.00089507698573
C            3.95458120686094       -1.39026043432006        0.00036373497447
C            2.75827687290048       -0.69565482963188       -0.00002703768226
C            2.75827711981550        0.69565432863495        0.00010950320151
C            3.95458172564979        1.39025936332784        0.00064629712987
O            1.57764322202100        1.42501751824563       -0.00026512248482
C            0.43057799368462        0.70024054051808       -0.00025260261352
C            0.43057769028169       -0.70023997448828       -0.00037645259570
C           -0.77927189015511       -1.38683295879813       -0.00033631009995
C           -1.99024274761282       -0.69458704807674       -0.00018868408854
C           -1.99024242834216        0.69458870573352       -0.00007565305224
C           -0.77927126091673        1.38683407294594       -0.00010329914224
Cl          -0.75270309133989        3.10371566574245        0.00002851684997
Cl          -3.47117856619684        1.56044020905192        0.00011683700431
Cl          -3.47117930102485       -1.56043786541100       -0.00012974758684
Cl          -0.75270453346585       -3.10371456235108       -0.00048920332332
O            1.57764262283846       -1.42501743252410       -0.00053110812654
H            6.08240929526734        1.23569117224038        0.00146403975565
H            6.08240886716667       -1.23569323375491        0.00120420064107
H            3.92411450166961       -2.46694866683758        0.00024226726477
H            3.92411546504511        2.46694760934667        0.00074407465075
22
 energy: -54.093460196210 gnorm: 0.000429022623 xtb: 6.7.1 (edcfbbe)
C            5.15240594724759        0.69162437463956        0.00100506874067
C            5.15240568652472       -0.69162599420888        0.00087005063516
C            3.95459558039011       -1.39018813846417        0.00037341934546
C            2.75833894940786       -0.69560354987906        0.00001328830084
C            2.75833921620746        0.69560304734169        0.00014488098694
C            3.95459613870810        1.39018707590519        0.00064129413537
O            1.57768629595864        1.42497033379031       -0.00019347878018
C            0.43046145078451        0.70017269518710       -0.00021318354541
C            0.43046114198044       -0.70017213347746       -0.00033866883173
C           -0.77929411441463       -1.38676173377475       -0.00033487435359
C           -1.99014220478458       -0.69451567271446       -0.00021636753719
C           -1.99014187354539        0.69451731873999       -0.00009690638504
C           -0.77929347620349        1.38676284019954       -0.00009271315356
Cl          -0.75277952576146        3.10374840671509        0.00004978282251
Cl          -3.47111943343908        1.56039328801809        0.00006491649843
Cl          -3.47112018273135       -1.56039095405692       -0.00019968580601
Cl          -0.75278097310910       -3.10374731209410       -0.00049096711810
O            1.57768568907685       -1.42497026253686       -0.00045572259629
H            6.08232243600993        1.23558188955384        0.00139669668066
H            6.08232195050710       -1.23558392995503        0.00115385179633
H            3.92418818778900       -2.46683538192782        0.00026079877084
H            3.92418919527357        2.46683433224486        0.00073650627082
22
 energy: -54.093460339886 gnorm: 0.000014156576 xtb: 6.7.1 (edcfbbe)
C            5.15244956076353        0.69167411953436        0.00102601642276
C            5.15244933212484       -0.69167575714943        0.00088492103509
C            3.95458001876351       -1.39025950382663        0.00036715920158
C            2.75827807760047       -0.69565507659040       -0.00001121833496
C            2.75827832822739        0.69565457452912        0.00012390093484
C            3.95458054483324        1.39025843405461        0.00064550891312
O            1.57764239651844        1.42502217943495       -0.00023825523829
C            0.43057761292506        0.70024252355308       -0.00023590259423
C            0.43057730957731       -0.70024195865862       -0.00036020627361
C           -0.77927026540849       -1.38683464202195       -0.00033397588828
C           -1.99023236548107       -0.69458494468568       -0.00019833055197
C           -1.99023204691949        0.69458660178413       -0.00008350777409
C           -0.77926963694553        1.38683575509084       -0.00009835702297
Cl          -0.75270790675294        3.10372088315592        0.00003558994150
Cl          -3.47117228449761        1.56043886707895        0.00009390141937
Cl          -3.47117301713926       -1.56043652343151       -0.00015803367989
Cl          -0.75270934575051       -3.10371978088931       -0.00048884653754
O            1.57764179644571       -1.42502209700116       -0.00050329949724
H            6.08240380485286        1.23568422914171        0.00143816753345
H            6.08240336684834       -1.23568628748035        0.00118338463024
H            3.92411491412257       -2.46695147307722        0.00024761766933
H            3.92411588716845        2.46695041670035        0.00074175256872
22
 energy: -54.093460201931 gnorm: 0.000419236966 xtb: 6.7.1 (edcfbbe)
C            5.15249339720024        0.69172406583095        0.00104695169051
C            5.15249320054138       -0.69172572151878        0.00089982937180
C            3.95456482813992       -1.39033151347707        0.00036093080760
C            2.75821763613268       -0.69570667264580       -0.00003568674068
C            2.75821787067274        0.69570617106180        0.00010292846973
C            3.95456532200489        1.39033043647160        0.00064967020915
O            1.57759874382064        1.42507415727609       -0.00028306593971
C            0.43069304776795        0.70031226554518       -0.00025857015953
C            0.43069274983840       -0.70031169739665       -0.00038169894558
C           -0.77924678332379       -1.38690845578410       -0.00033308969189
C           -1.99032299108292       -0.69465455514331       -0.00018027492311
C           -1.99032268514923        0.69465622329391       -0.00007005587543
C           -0.77924616462244        1.38690957554377       -0.00010396287215
Cl          -0.75263637024250        3.10369505446843        0.00002143557576
Cl          -3.47122591165046        1.56048500621510        0.00012292021777
Cl          -3.47122662765976       -1.56048265293660       -0.00011646972031
Cl          -0.75263780071013       -3.10369394451340       -0.00048683937039
O            1.57759815052717       -1.42507406362240       -0.00055088768013
H            6.08248561327410        1.23578685554115        0.00147959634650
H            6.08248522266951       -1.23578893189699        0.00121298680294
H            3.92404234761375       -2.46706839192601        0.00023447551543
H            3.92404328611464        2.46706732885891        0.00074686378868
22
 energy: -54.093460340222 gnorm: 0.000013579097 xtb: 6.7.1 (edcfbbe)
C            5.15245702909180        0.69167738265724        0.00100640431023
C            5.15245679643608       -0.69167901874848        0.00086857954167
C            3.95458082213927       -1.39026001622447        0.00037209803515
C            2.75827569025863       -0.69565456553352        0.00001101884909
C            2.75827594386091        0.69565406268444        0.00014436776414
C            3.95458135229486        1.39025894642850        0.00064512187542
O            1.57764379117086        1.42501706176181       -0.00019931757006
C            0.43058014768749        0.70024081879983       -0.00021374413625
C            0.43057984466051       -0.70024025455462       -0.00033872299093
C           -0.77927191023485       -1.38683052336177       -0.00033177227286
C           -1.99024138209549       -0.69458659119215       -0.00021279390863
C           -1.99024106485205        0.69458824959250       -0.00009552966647
C           -0.77927128388402        1.38683163680653       -0.00009261756024
Cl          -0.75270306889912        3.10371643169757        0.00004496415321
Cl          -3.47118452933873        1.56044303565326        0.00006286049618
Cl          -3.47118525897409       -1.56044069079445       -0.00019560923542
Cl          -0.75270450139710       -3.10371532922703       -0.00048759776881
O            1.57764319069901       -1.42501698314798       -0.00046308973614
H            6.08241014272399        1.23568984836083        0.00140332503548
H            6.08240969984615       -1.23569190612025        0.00115473402492
H            3.92411682656031       -2.46694761710103        0.00025524916996
H            3.92411780412239        2.46694656080899        0.00074005846731
22
 energy: -54.093460207771 gnorm: 0.000414772793 xtb: 6.7.1 (edcfbbe)
C            5.15242094262147        0.69163105305059        0.00096239931427
C            5.15242067275212       -0.69163266912487        0.00083458112644
C            3.95459742880799       -1.39018961414792        0.00038417212647
C            2.75833444284597       -0.69560260604107        0.00006189705521
C            2.75833471630829        0.69560210170925        0.00018961526709
C            3.95459799652685        1.39018855166114        0.00064031891042
O            1.57768926009540        1.42496021317514       -0.00010841032520
C            0.43046609913493        0.70016929888285       -0.00016415028718
C            0.43046579101707       -0.70016873873923       -0.00029135417509
C           -0.77929767279258       -1.38675410788171       -0.00032998836439
C           -1.99016044725581       -0.69451920553541       -0.00024829567794
C           -1.99016011882229        0.69452085428421       -0.00012319093744
C           -0.77929703910330        1.38675521497144       -0.00007984825117
Cl          -0.75276988731508        3.10374083547178        0.00007030060968
Cl          -3.47114460753433        1.56040228562312       -0.00000311126177
Cl          -3.47114535029651       -1.56039994909316       -0.00028209150759
Cl          -0.75277132062179       -3.10373974055153       -0.00048817232696
O            1.57768865229631       -1.42496015032834       -0.00036803342221
H            6.08233534013884        1.23559329078099        0.00132031017970
H            6.08233484325460       -1.23559532955538        0.00109116127806
H            3.92419266087390       -2.46682832423563        0.00027740649305
H            3.92419367894475        2.46682727486951        0.00073247105347
22
 energy: -54.093460340358 gnorm: 0.000014422313 xtb: 6.7.1 (edcfbbe)
C            5.15244907955591        0.69167424401283        0.00099599730428
C            5.15244884159383       -0.69167587758875        0.00086052931566
C            3.95457995362996       -1.39025991393892        0.00037466117624
C            2.75827827326350       -0.69565515972270        0.00002413946591
C            2.75827852978465        0.69565465588200        0.00015642479164
C            3.95458049041314        1.39025884540008        0.00064384866185
O            1.57764209263165        1.42502322534790       -0.00017624884897
C            0.43057808345514        0.70024317525984       -0.00019574980396
C            0.43057778068855       -0.70024261274421       -0.00032318761737
C           -0.77927031594487       -1.38683494049564       -0.00032990446450
C           -1.99023069768999       -0.69458455331935       -0.00022437432448
C           -1.99023038087472        0.69458621139313       -0.00010303305507
C           -0.77926969002130        1.38683605257862       -0.00008651231691
Cl          -0.75270783629607        3.10372361539812        0.00005093856003
Cl          -3.47117490288722        1.56044006052297        0.00004288923025
Cl          -3.47117563076544       -1.56043771563561       -0.00022008156012
Cl          -0.75270926696462       -3.10372251430068       -0.00048581231578
O            1.57764149163390       -1.42502314955729       -0.00044065405393
H            6.08240434005049        1.23568304836755        0.00138095618029
H            6.08240388809559       -1.23568510255336        0.00113720668968
H            3.92411548553534       -2.46695253758288        0.00025927243053
H            3.92411647298939        2.46695148252212        0.00073668143168
22
 energy: -54.093460212722 gnorm: 0.000400713683 xtb: 6.7.1 (edcfbbe)
C            5.15247770668254        0.69171827951941        0.00102788268429
C            5.15247749953496       -0.69171993048433        0.00088532448083
C            3.95456402509157       -1.39033303096822        0.00036568094029
C            2.75822383040551       -0.69570814891054       -0.00001120664368
C            2.75822407079842        0.69570764538741        0.00012532588072
C            3.95456453188597        1.39033195636075        0.00064694167011
O            1.57759618896222        1.42508697338379       -0.00024017183155
C            0.43068688283431        0.70031682328065       -0.00022398991094
C            0.43068658525045       -0.70031625832857       -0.00035212633608
C           -0.77924462660924       -1.38691989975275       -0.00032986901684
C           -1.99030262853705       -0.69465146719252       -0.00020275117068
C           -1.99030232315595        0.69465313464883       -0.00008418138401
C           -0.77924400861532        1.38692101697087       -0.00009205362953
Cl          -0.75264642987141        3.10371450125244        0.00003250711256
Cl          -3.47120836301794        1.56048094928457        0.00008598032845
Cl          -3.47120907569995       -1.56047859620974       -0.00016209885083
Cl          -0.75264785653374       -3.10371339387894       -0.00048371975318
O            1.57759559460920       -1.42508688489474       -0.00050937211061
H            6.08247477081318        1.23577408734546        0.00143763166483
H            6.08247436235828       -1.23577615692005        0.00118046832528
H            3.92404219368993       -2.46708071094465        0.00024199787784
H            3.92404315100085        2.46707965029664        0.00073978654970
22
 energy: -54.093460340600 gnorm: 0.000015271170 xtb: 6.7.1 (edcfbbe)
C            5.15245763651359        0.69167767096483        0.00097643079354
C            5.15245739582751       -0.69167930351060        0.00084330360861
C            3.95458064990680       -1.39025935476159        0.00037948760866
C            2.75827494751577       -0.69565445812764        0.00004679015241
C            2.75827520622592        0.69565395334671        0.00017760106038
C            3.95458118903551        1.39025828566493        0.00064480213236
O            1.57764386775005        1.42501567237576       -0.00013677769767
C            0.43058155426021        0.70024077824116       -0.00017757144324
C            0.43058125222423       -0.70024021589041       -0.00030331394906
C           -0.77927179817558       -1.38682851256215       -0.00032656876005
C           -1.99024199357034       -0.69458654225988       -0.00023433782863
C           -1.99024167902363        0.69458820200206       -0.00011418045853
C           -0.77927117516039        1.38682962560002       -0.00008314766491
Cl          -0.75270192482193        3.10371435728063        0.00006007357604
Cl          -3.47118672013092        1.56044473494574        0.00001024413195
Cl          -3.47118744466358       -1.56044238806128       -0.00025810761977
Cl          -0.75270334863321       -3.10371325536754       -0.00048491491610
O            1.57764326620319       -1.42501560099563       -0.00039862924824
H            6.08241029058383        1.23569005341020        0.00134604155478
H            6.08240983601721       -1.23569210747957        0.00110673972558
H            3.92411704217657       -2.46694626925764        0.00026645774636
H            3.92411803181602        2.46694521368765        0.00073756437248
22
 energy: -54.093460218021 gnorm: 0.000397284719 xtb: 6.7.1 (edcfbbe)
C            5.15243768007250        0.69163791868270        0.00091493224686
C            5.15243740240126       -0.69163953173516        0.00079271867051
C            3.95459877759143       -1.39018857142821        0.00039559250796
C            2.75832773428765       -0.69560136925096        0.00011765265177
C            2.75832801361557        0.69560086251229        0.00024181566798
C            3.95459935265277        1.39018750805692        0.00064236589821
O            1.57769292074912        1.42494527143140       -0.00001120309347
C            0.43047301728502        0.70016472275594       -0.00011721524866
C            0.43047271099452       -0.70016416350935       -0.00024093264831
C           -0.77930073598370       -1.38674149312572       -0.00032172846215
C           -1.99018291196969       -0.69452332708757       -0.00027451982679
C           -1.99018258888677        0.69452497970024       -0.00015123251623
C           -0.77930010902012        1.38674260206733       -0.00007050125856
Cl          -0.75275806803101        3.10372288183260        0.00009246051469
Cl          -3.47116792351082        1.56041257370348       -0.00008409564709
Cl          -3.47116865780851       -1.56041023286729       -0.00037590593217
Cl          -0.75275948520988       -3.10372178538624       -0.00048522756480
O            1.57769231152606       -1.42494521947484       -0.00026513103372
H            6.08234680290777        1.23560751487823        0.00123399940615
H            6.08234629734005       -1.23560955235010        0.00101561632457
H            3.92419625740639       -2.46681621278475        0.00029450902718
H            3.92419728346718        2.46681516262482        0.00073401719302
22
 energy: -54.093460340588 gnorm: 0.000017260327 xtb: 6.7.1 (edcfbbe)
C            5.15244861800962        0.69167425167262        0.00097100826921
C            5.15244837273091       -0.69167588253967        0.00083869524123
C            3.95458019476135       -1.39026070414173        0.00038034339353
C            2.75827903375787       -0.69565521275639        0.00005477342631
C            2.75827929494956        0.69565470750876        0.00018508211921
C            3.95458073955542        1.39025963623984        0.00064414418237
O            1.57764222744531        1.42502423909267       -0.00012344998062
C            0.43057699593354        0.70024335976155       -0.00016674076163
C            0.43057669424099       -0.70024279818999       -0.00029315762628
C           -0.77927073406248       -1.38683636034689       -0.00032473596231
C           -1.99022959741473       -0.69458435192894       -0.00024027977126
C           -1.99022928331998        0.69458601120991       -0.00011855216097
C           -0.77927011128178        1.38683747247783       -0.00007944768127
Cl          -0.75270844573762        3.10372749848166        0.00006313759609
Cl          -3.47117579062304        1.56044080499082       -0.00000284067150
Cl          -3.47117651300667       -1.56043845948402       -0.00027303201115
Cl          -0.75270986843752       -3.10372639745528       -0.00048361378679
O            1.57764162523288       -1.42502416914259       -0.00038550900075
H            6.08240465044929        1.23568253036810        0.00133299435564
H            6.08240418794884       -1.23568458215753        0.00109553391630
H            3.92411639640079       -2.46695406834979        0.00026783014259
H            3.92411739434424        2.46695301393484        0.00073580364899
22
 energy: -54.093460222128 gnorm: 0.000381175200 xtb: 6.7.1 (edcfbbe)
C            5.15245948601506        0.69171095714569        0.00102467211520
C            5.15245927217613       -0.69171260540240        0.00088273075462
C            3.95456227286841       -1.39033414090835        0.00036569414666
C            2.75823103749560       -0.69570935575167       -0.00000480100113
C            2.75823128121323        0.69570885167531        0.00013134656464
C            3.95456278825597        1.39033306856962        0.00064567923655
O            1.57759228580089        1.42510361441572       -0.00023020700421
C            0.43067939751638        0.70032197669959       -0.00021249676534
C            0.43067910039654       -0.70032141323211       -0.00034175820485
C           -0.77924159405462       -1.38693327032217       -0.00032741971368
C           -1.99027691541508       -0.69464616700798       -0.00020829631330
C           -1.99027661027478        0.69464783293538       -0.00008757295349
C           -0.77924097568113        1.38693438534112       -0.00008731067338
Cl          -0.75265927907059        3.10373630370665        0.00003504492734
Cl          -3.47118478100062        1.56047095306548        0.00007384667408
Cl          -3.47118549172325       -1.56046860195092       -0.00017579480565
Cl          -0.75266070612260       -3.10373519843075       -0.00048203769419
O            1.57759169052130       -1.42510352723321       -0.00050021619713
H            6.08246279480058        1.23575829624039        0.00142668222974
H            6.08246237406962       -1.23576036180071        0.00117115141311
H            3.92403884180946       -2.46709399528264        0.00024213064875
H            3.92403981228029        2.46709293677373        0.00073691949259
22
 energy: -54.093460340699 gnorm: 0.000018616098 xtb: 6.7.1 (edcfbbe)
C            5.15245832287584        0.69167776623771        0.00095090661801
C            5.15245807623229       -0.69167939772085        0.00082033048949
C            3.95458041072328       -1.39025843319934        0.00038478445992
C            2.75827399681299       -0.69565442751356        0.00007753059654
C            2.75827425946567        0.69565392172991        0.00020678633649
C            3.95458095710733        1.39025736390112        0.00064574848383
O            1.57764354428078        1.42501423249136       -0.00008164974421
C            0.43058341931214        0.70024078215440       -0.00014638278036
C            0.43058311856059       -0.70024021893094       -0.00027238253194
C           -0.77927127755151       -1.38682628675078       -0.00032234316593
C           -1.99024297449505       -0.69458657715391       -0.00025431747617
C           -1.99024266345120        0.69458824014225       -0.00013212355685
C           -0.77927065796947        1.38682740245226       -0.00007572032930
Cl          -0.75270072348606        3.10371007150996        0.00007125052315
Cl          -3.47118769739055        1.56044466618235       -0.00003593850658
Cl          -3.47118841088615       -1.56044232406832       -0.00030937279921
Cl          -0.75270213958782       -3.10370896713849       -0.00048048873628
O            1.57764294147325       -1.42501416568846       -0.00034222163295
H            6.08241026042055        1.23569034885199        0.00129777022338
H            6.08240979715730       -1.23569240239889        0.00106335542987
H            3.92411626090276       -2.46694441417758        0.00027450653777
H            3.92411726136983        2.46694335833357        0.00073795843827
22
 energy: -54.093460226961 gnorm: 0.000375388559 xtb: 6.7.1 (edcfbbe)
C            5.15245624202021        0.69164552001243        0.00086003970748
C            5.15245595698732       -0.69164713281394        0.00074296764488
C            3.95460008552059       -1.39018615021984        0.00040738046866
C            2.75831861647581       -0.69560053517577        0.00018227154983
C            2.75831890165495        0.69560002635623        0.00030332598339
C            3.95460066887525        1.39018508440733        0.00064556997560
O            1.57769705235102        1.42492617208801        0.00010572109209
C            0.43048317439147        0.70015986397056       -0.00005579829223
C            0.43048287060502       -0.70015930231500       -0.00017915072987
C           -0.77930340865807       -1.38672497686780       -0.00031421733714
C           -1.99021034306326       -0.69452922062584       -0.00031476876548
C           -1.99021002722315        0.69453088161820       -0.00018886733557
C           -0.77930278996021        1.38672609291864       -0.00005795796236
Cl          -0.75274363289211        3.10369546345661        0.00011510566363
Cl          -3.47119231324544        1.56042475313935       -0.00017883097706
Cl          -3.47119302685919       -1.56042241846662       -0.00048080060612
Cl          -0.75274503092846       -3.10369436047900       -0.00047706680571
O            1.57769644138787       -1.42492612993064       -0.00014468287708
H            6.08235758163901        1.23562478060283        0.00113342242699
H            6.08235706769483       -1.23562681988155        0.00092466327092
H            3.92420047867328       -2.46680088868112        0.00031242390586
H            3.92420151643009        2.46679983613267        0.00073723687623
22
 energy: -54.093460340590 gnorm: 0.000021461696 xtb: 6.7.1 (edcfbbe)
C            5.15244803852674        0.69167418584131        0.00094494904002
C            5.15244778648784       -0.69167581487262        0.00081533565052
C            3.95458036590381       -1.39026113972105        0.00038537083198
C            2.75827965667036       -0.69565513547235        0.00008682771783
C            2.75827992216075        0.69565462896501        0.00021561801813
C            3.95458091847291        1.39026007211398        0.00064465370474
O            1.57764297482241        1.42502473344402       -0.00006641638829
C            0.43057530726478        0.70024316987716       -0.00013338538642
C            0.43057500700485       -0.70024260887967       -0.00026034977375
C           -0.77927144956602       -1.38683742708366       -0.00031995317707
C           -1.99022858382514       -0.69458408632705       -0.00026023813577
C           -1.99022827256649        0.69458574772388       -0.00013642497533
C           -0.77927083063218        1.38683853985409       -0.00007164423074
Cl          -0.75270960112570        3.10373132071240        0.00007419519744
Cl          -3.47117580006826        1.56044184863878       -0.00005113885003
Cl          -3.47117651568022       -1.56043950311851       -0.00032699201298
Cl          -0.75271101338301       -3.10373021928604       -0.00047964607322
O            1.57764237170856       -1.42502466883160       -0.00032748947895
H            6.08240433940290        1.23568234405959        0.00128308620743
H            6.08240386700059       -1.23568439436112        0.00105097890075
H            3.92411829215530       -2.46695517133863        0.00027547164512
H            3.92411930114203        2.46695411730785        0.00073517844553
22
 energy: -54.093460230223 gnorm: 0.000355811420 xtb: 6.7.1 (edcfbbe)
C            5.15243974930483        0.69170291244756        0.00102897961458
C            5.15243952996479       -0.69170455764231        0.00088695555714
C            3.95456073497102       -1.39033634274383        0.00036355179913
C            2.75824078427273       -0.69570980720552       -0.00000742248311
C            2.75824103027270        0.69570930293599        0.00012901009679
C            3.95456125706516        1.39033527335312        0.00064368753030
O            1.57758908208591        1.42512336188104       -0.00023654828287
C            0.43066713657009        0.70032648946415       -0.00020965739131
C            0.43066683986099       -0.70032592917012       -0.00034027046617
C           -0.77923966909206       -1.38695024136626       -0.00032556322500
C           -1.99024689197535       -0.69463909650027       -0.00020648167772
C           -1.99024658536809        0.69464075837860       -0.00008460476718
C           -0.77923905005052        1.38695135087272       -0.00008498256410
Cl          -0.75267569727298        3.10376798027395        0.00003369527993
Cl          -3.47115935895035        1.56045939294534        0.00007485343943
Cl          -3.47116007633569       -1.56045703653461       -0.00017518343796
Cl          -0.75267712331631       -3.10376688039491       -0.00048218453157
O            1.57758848678065       -1.42512327501666       -0.00050821415766
H            6.08245104296728        1.23574008835106        0.00143086876475
H            6.08245061167942       -1.23574214959651        0.00117569126697
H            3.92403663393750       -2.46710985898941        0.00023883679043
H            3.92403761450510        2.46710880350262        0.00073296972212
22
 energy: -54.093460340454 gnorm: 0.000023579096 xtb: 6.7.1 (edcfbbe)
C            5.15245954489064        0.69167793040075        0.00092898140475
C            5.15245929482654       -0.69167955955314        0.00079996060997
C            3.95458039414997       -1.39025785290413        0.00038885024037
C            2.75827322772644       -0.69565452195893        0.00010359960060
C            2.75827349260828        0.69565401439314        0.00023227471214
C            3.95458094435805        1.39025678369396        0.00064748712500
O            1.57764259291998        1.42501330524622       -0.00003414623772
C            0.43058559692339        0.70024094960686       -0.00011945630453
C            0.43058529750843       -0.70024038882894       -0.00024567968063
C           -0.77927051735118       -1.38682456522582       -0.00031708910743
C           -1.99024461019903       -0.69458686266478       -0.00027006470202
C           -1.99024430122403        0.69458852704127       -0.00014715627721
C           -0.77926990061723        1.38682567977005       -0.00006960192252
Cl          -0.75269894623083        3.10370516462641        0.00007982296929
Cl          -3.47118911049643        1.56044344357061       -0.00007747291086
Cl          -3.47118982240358       -1.56044109603830       -0.00035389599456
Cl          -0.75270035531961       -3.10370406148078       -0.00047562781181
O            1.57764199007560       -1.42501324410116       -0.00029472475112
H            6.08241109489857        1.23569068636154        0.00125690886181
H            6.08241062686738       -1.23569273694129        0.00102546456206
H            3.92411427084144       -2.46694269977375        0.00028008619872
H            3.92411527712402        2.46694164400597        0.00073946629263
22
 energy: -54.093460234506 gnorm: 0.000346626285 xtb: 6.7.1 (edcfbbe)
C            5.15247631615457        0.69165395192365        0.00079986534317
C            5.15247602608180       -0.69165556185928        0.00068688413073
C            3.95460093504736       -1.39018302729984        0.00041951183340
C            2.75830664142874       -0.69560087260495        0.00025346530821
C            2.75830693101926        0.69560035930898        0.00037230120812
C            3.95460152359542        1.39018195904375        0.00065108411344
O            1.57769992662746        1.42490482186605        0.00023567081953
C            0.43049866713158        0.70015624654955        0.00001326513449
C            0.43049836620923       -0.70015568748626       -0.00010950857789
C           -0.77930466624672       -1.38670572521992       -0.00030327774492
C           -1.99024251424643       -0.69453735368772       -0.00035863847033
C           -1.99024220525476        0.69453902278188       -0.00023108797212
C           -0.77930405535045        1.38670684482913       -0.00004374980586
Cl          -0.75272529537509        3.10365732720657        0.00013861256114
Cl          -3.47121704423478        1.56043783227900       -0.00028801159782
Cl          -3.47121774443225       -1.56043549241025       -0.00059774749217
Cl          -0.75272667668542       -3.10365622103475       -0.00046490765499
O            1.57769931509385       -1.42490479403491       -0.00001245259359
H            6.08236832589410        1.23564518252079        0.00102180331167
H            6.08236780729284       -1.23564721834074        0.00082073887796
H            3.92420222850758       -2.46678384853629        0.00033023413770
H            3.92420327361891        2.46678279345132        0.00074393200706
22
 energy: -54.093460336260 gnorm: 0.000058704498 xtb: 6.7.1 (edcfbbe)
C            5.15245663808011        0.69168638301079        0.00080882851440
C            5.15245635837267       -0.69168800050937        0.00069203579410
C            3.95457985675526       -1.39027801725910        0.00041168967650
C            2.75826837442241       -0.69566500405424        0.00025709690191
C            2.75826865828868        0.69566448578349        0.00037791897517
C            3.95458043893538        1.39027694862961        0.00064869467450
O            1.57765590612216        1.42503782832662        0.00023719396961
C            0.43057344208882        0.70024933942508        0.00004396972580
C            0.43057314838694       -0.70024878803468       -0.00008571230057
C           -0.77927871459819       -1.38685047450561       -0.00029683316105
C           -1.99024465913467       -0.69459714168263       -0.00036920161698
C           -1.99024436348009        0.69459881811314       -0.00023349929472
C           -0.77927811514888        1.38685159013240       -0.00003105333065
Cl          -0.75270657464005        3.10376871813567        0.00012992885737
Cl          -3.47120043282026        1.56047813953223       -0.00030614710635
Cl          -3.47120111873487       -1.56047578072253       -0.00060920979315
Cl          -0.75270794069728       -3.10376761448321       -0.00045840618631
O            1.57765530001964       -1.42503779894330       -0.00001789172117
H            6.08241291209420        1.23570882339922        0.00101637736805
H            6.08241240162160       -1.23571086012829        0.00081024625097
H            3.92414675993797       -2.46698264072425        0.00031671819035
H            3.92414780600523        2.46698158580472        0.00073524248915
22
 energy: -54.093460342083 gnorm: 0.000012625078 xtb: 6.7.1 (edcfbbe)
C            5.15245284806708        0.69167559149304        0.00080124098188
C            5.15245257064456       -0.69167720936460        0.00068380024912
C            3.95457974722627       -1.39025923055536        0.00041277630561
C            2.75827303037198       -0.69565697637655        0.00025981415613
C            2.75827331295283        0.69565645857302        0.00038183685930
C            3.95458032874868        1.39025816197077        0.00065213885946
O            1.57764442306645        1.42502328027087        0.00024183959162
C            0.43058117455336        0.70024378077182        0.00004431446924
C            0.43058088248171       -0.70024322829048       -0.00008460796325
C           -0.77927054277519       -1.38683340069664       -0.00029058000991
C           -1.99023497999333       -0.69458641170062       -0.00036445010229
C           -1.99023468675313        0.69458808789348       -0.00023259666403
C           -0.77926994370482        1.38683451656051       -0.00003027410695
Cl          -0.75270444742990        3.10373056225051        0.00013008276592
Cl          -3.47119252564235        1.56043813476674       -0.00031714967307
Cl          -3.47119320565197       -1.56043577810691       -0.00061787984398
Cl          -0.75270581760730       -3.10372945791465       -0.00045488759086
O            1.57764381690179       -1.42502324940863       -0.00001377587098
H            6.08240820630064        1.23568823682455        0.00101634020406
H            6.08240769829602       -1.23569027476003        0.00080702365035
H            3.92412657128695       -2.46695238608820        0.00031398140434
H            3.92412762053647        2.46695133113309        0.00073899920525
