----------------------------------------------- 
  Element       SASA      Sigma Z        Total  
     Z         Ang**2 cal/Ang**2/mol   kcal/mol 
----------------------------------------------- 
      H        193.236      48.690       9.409
      C         38.405     129.740       4.983
      O         18.713       0.000       0.000

 Subtotal:     250.354                  14.391
 -----------------------------------------------

  Elements    COT*SASA   Sigma Z,Z'     Total   
    Z,Z'       Ang**2  cal/Ang**2/mol kcal/mol  
 ---------------------------------------------- 
  H   C        129.766     -60.770      -7.886
  H   O          0.000       0.000       0.000
  C   C         33.924     -72.950      -2.475
  O   C         11.403      68.690       0.783

 Subtotal:                              -9.577
 ---------------------------------------------- 

 NONAQUEOUS SOLVENT CONTRIBUTION (kcal/mol):
 (proportional to SASA, atomic number independent)
 ---------------------------------------------- 
 Subtotal:                               0.000
 ---------------------------------------------- 

 CDS TOTAL (kcal/mol):                   4.814
...............................................................................
