----------------------------------------------- 
  Element       SASA      Sigma Z        Total  
     Z         Ang**2 cal/Ang**2/mol   kcal/mol 
----------------------------------------------- 
      H        165.073      48.690       8.037
      C         48.264     129.740       6.262
      O         23.225       0.000       0.000

 Subtotal:     236.562                  14.299
 -----------------------------------------------

  Elements    COT*SASA   Sigma Z,Z'     Total   
    Z,Z'       Ang**2  cal/Ang**2/mol kcal/mol  
 ---------------------------------------------- 
  H   C        110.975     -60.770      -6.744
  H   O          0.000       0.000       0.000
  C   C         44.685     -72.950      -3.260
  O   C         14.097      68.690       0.968

 Subtotal:                              -9.035
 ---------------------------------------------- 

 NONAQUEOUS SOLVENT CONTRIBUTION (kcal/mol):
 (proportional to SASA, atomic number independent)
 ---------------------------------------------- 
 Subtotal:                               0.000
 ---------------------------------------------- 

 CDS TOTAL (kcal/mol):                   5.264
...............................................................................
