----------------------------------------------- 
  Element       SASA      Sigma Z        Total  
     Z         Ang**2 cal/Ang**2/mol   kcal/mol 
----------------------------------------------- 
      H         90.872      48.690       4.425
      C         22.068     129.740       2.863
      N         11.279       0.000       0.000

 Subtotal:     124.219                   7.288
 -----------------------------------------------

  Elements    COT*SASA   Sigma Z,Z'     Total   
    Z,Z'       Ang**2  cal/Ang**2/mol kcal/mol  
 ---------------------------------------------- 
  H   C         52.186     -60.770      -3.171
  C   C         17.826     -72.950      -1.300
  C   N          5.808       0.000       0.000
  N   C         85.988     -48.220      -4.146
  N  C(3)        0.000      84.100       0.000

 Subtotal:                              -8.618
 ---------------------------------------------- 

 NONAQUEOUS SOLVENT CONTRIBUTION (kcal/mol):
 (proportional to SASA, atomic number independent)
 ---------------------------------------------- 
 Subtotal:                               0.000
 ---------------------------------------------- 

 CDS TOTAL (kcal/mol):                  -1.330
...............................................................................
