----------------------------------------------- 
  Element       SASA      Sigma Z        Total  
     Z         Ang**2 cal/Ang**2/mol   kcal/mol 
----------------------------------------------- 
      H        130.932      48.690       6.375
      C          8.171     129.740       1.060
      O         88.442       0.000       0.000

 Subtotal:     227.545                   7.435
 -----------------------------------------------

  Elements    COT*SASA   Sigma Z,Z'     Total   
    Z,Z'       Ang**2  cal/Ang**2/mol kcal/mol  
 ---------------------------------------------- 
  H   C         49.847     -60.770      -3.029
  H   O         40.232       0.000       0.000
  C   C          6.280     -72.950      -0.458
  O   C          3.581      68.690       0.246
  O   O          0.000       0.000       0.000

 Subtotal:                              -3.241
 ---------------------------------------------- 

 NONAQUEOUS SOLVENT CONTRIBUTION (kcal/mol):
 (proportional to SASA, atomic number independent)
 ---------------------------------------------- 
 Subtotal:                               0.000
 ---------------------------------------------- 

 CDS TOTAL (kcal/mol):                   4.194
...............................................................................
