17
 energy: -27.189739404524 gnorm: 0.024685448778 xtb: 6.7.1 (edcfbbe)
C           -2.77012323171009       -0.78707966586678        0.00002362991157
O           -1.79974955214285        0.27143619755877       -0.00000473154736
C           -0.47975551959268       -0.09795952587526       -0.00000442220825
C           -0.01411329466192       -1.40993515749137       -0.00000620134968
C            1.35987284539604       -1.66658578969369       -0.00000316547243
C            2.26901013863248       -0.61731427911496        0.00000140607389
C            1.80754297511533        0.70021891726077        0.00000153380882
C            0.44519865745864        0.96362020642948       -0.00000196264098
O           -0.07090659161975        2.23969395703708       -0.00000186583437
H           -3.74252822903832       -0.29368082886285        0.00004035918345
H           -2.67256111194107       -1.40839170701405        0.89737080157785
H           -2.67259989056019       -1.40840619573106       -0.89731783447151
H           -0.71229444603508       -2.23804519543257       -0.00001022385838
H            1.70659405763184       -2.69462280809283       -0.00000418494282
H            3.33642381475825       -0.81094577881657        0.00000507077831
H            2.50369943093120        1.53493615502065        0.00000518267833
H            0.66558158759471        2.86719365640744       -0.00000208668116
17
 energy: -27.190646217868 gnorm: 0.010467827404 xtb: 6.7.1 (edcfbbe)
C           -2.77113178921434       -0.78521575721663        0.00002336777195
O           -1.79983572190558        0.25531452970143       -0.00000304755638
C           -0.47974619771361       -0.10608175014018       -0.00000320638983
C           -0.00587469421832       -1.40929988106000       -0.00000517919634
C            1.36083788832905       -1.65866802468619       -0.00000309368062
C            2.26179316703051       -0.61334216702861        0.00000086052531
C            1.79997975055220        0.69570632762273        0.00000102282606
C            0.44152510194757        0.95794245225344       -0.00000152355177
O           -0.06649798132325        2.22993304169917       -0.00000138093431
H           -3.73315954119997       -0.27749768594063        0.00003891438275
H           -2.67649708365340       -1.40264071148862        0.89678719478557
H           -2.67653345063330       -1.40265362625273       -0.89673546456523
H           -0.69391425506729       -2.23934034042753       -0.00000885880130
H            1.70971534000661       -2.68060087526535       -0.00000433120512
H            3.32436620474517       -0.80492125449092        0.00000377149936
H            2.49738081616673        1.52231228146488        0.00000398918490
H            0.66688408636772        2.86318559897796       -0.00000173008972
17
 energy: -27.190759631890 gnorm: 0.004032645610 xtb: 6.7.1 (edcfbbe)
C           -2.77050031855811       -0.78264139146867        0.00002285542933
O           -1.79973806254781        0.24838631098786       -0.00000104080546
C           -0.47979929915007       -0.10928437976942       -0.00000187857104
C           -0.00210527128221       -1.40961638257917       -0.00000394690591
C            1.36290482408252       -1.65737649753819       -0.00000303826594
C            2.26106621021401       -0.61198374841098        0.00000001120522
C            1.79698247307731        0.69445790680759        0.00000047432467
C            0.43926623445584        0.95711096269445       -0.00000093076475
O           -0.06428716083089        2.22584809627123       -0.00000073039010
H           -3.72821112332403       -0.26841547696803        0.00003726696466
H           -2.68263603980904       -1.40217960972842        0.89543445243631
H           -2.68266942825494       -1.40219065101711       -0.89538438951477
H           -0.68696372763838       -2.24082135165524       -0.00000668761713
H            1.71289177582031       -2.67732223642997       -0.00000435133214
H            3.32228439614489       -0.80204625849080        0.00000197896524
H            2.49560842679384        1.51755428008261        0.00000256097104
H            0.66519773102325        2.86465258493449       -0.00000130112393
17
 energy: -27.190775949218 gnorm: 0.001368943045 xtb: 6.7.1 (edcfbbe)
C           -2.77053703569221       -0.78075607119575        0.00002231596088
O           -1.79938452225955        0.24657232796243        0.00000011887534
C           -0.47930619717555       -0.11020954120940       -0.00000089023078
C           -0.00072351729991       -1.41021165311405       -0.00000275008994
C            1.36456684268475       -1.65827046282188       -0.00000272340641
C            2.26226678959261       -0.61196912565658       -0.00000081915559
C            1.79669670379228        0.69427021094406       -0.00000003443305
C            0.43876268308889        0.95749503220344       -0.00000026929063
O           -0.06401738738304        2.22465625758575        0.00000020451659
H           -3.72772477257014       -0.26504056891351        0.00003571267314
H           -2.68643475743815       -1.40257899905505        0.89488986056332
H           -2.68646563497830       -1.40258920926724       -0.89484101345970
H           -0.68563114179322       -2.24171361247324       -0.00000473193033
H            1.71494863227599       -2.67811780870326       -0.00000420406554
H            3.32366464952491       -0.80111808600831        0.00000003233217
H            2.49594096348681        1.51688529849683        0.00000121516488
H            0.66266934236036        2.86682816894795       -0.00000071901905
17
 energy: -27.190778755857 gnorm: 0.000681578361 xtb: 6.7.1 (edcfbbe)
C           -2.77052072399642       -0.77917129826705        0.00002147740442
O           -1.79884301953297        0.24612629444959        0.00000228492185
C           -0.47840795795834       -0.11066394663779        0.00000090996273
C            0.00005528334092       -1.41083418298850       -0.00000068176720
C            1.36585292051786       -1.65954676732773       -0.00000268168630
C            2.26349309306481       -0.61242682375634       -0.00000231261904
C            1.79710849727106        0.69404571613615       -0.00000112733462
C            0.43893806570702        0.95799192041258        0.00000044675973
O           -0.06451553378092        2.22397371365552        0.00000180586323
H           -3.72816540893100       -0.26336175325474        0.00003311445725
H           -2.68881501611975       -1.40280626759229        0.89473813717476
H           -2.68884177519789       -1.40281511679303       -0.89469144596365
H           -0.68585589097873       -2.24211276376475       -0.00000138143234
H            1.71638278508503       -2.67966578415972       -0.00000384652936
H            3.32536619738868       -0.80078131589089       -0.00000280632082
H            2.49677478396632        1.51692942425387       -0.00000075408556
H            0.65928534037084        2.86925110924733        0.00000016620021
17
 energy: -27.190779282275 gnorm: 0.000115751089 xtb: 6.7.1 (edcfbbe)
C           -2.77035454043905       -0.77951994989181        0.00002144461924
O           -1.79885575961089        0.24652456088891        0.00000335283227
C           -0.47838014887809       -0.11054581502925        0.00000114096797
C           -0.00022157699674       -1.41075457542136       -0.00000065359550
C            1.36545270151215       -1.65937976196874       -0.00000231078067
C            2.26311174864364       -0.61250415130820       -0.00000235287747
C            1.79718523688510        0.69398731517968       -0.00000124158222
C            0.43912479117594        0.95787329844131        0.00000041638445
O           -0.06471997016559        2.22403854237769        0.00000184682073
H           -3.72807709892423       -0.26400770294319        0.00003266887672
H           -2.68778726642775       -1.40257806376102        0.89486970102204
H           -2.68781283850193       -1.40258605803334       -0.89482363009988
H           -0.68621511804585       -2.24183375622087       -0.00000093812341
H            1.71589092069489       -2.67947852622145       -0.00000375224926
H            3.32492080747695       -0.80100480767169       -0.00000343709128
H            2.49673094731972        1.51691590023890       -0.00000124504942
H            0.65929880449825        2.86898570906665        0.00000029493096
17
 energy: -27.190779306914 gnorm: 0.000036070892 xtb: 6.7.1 (edcfbbe)
C           -2.77027487302966       -0.77948011621063        0.00002122543901
O           -1.79881189974695        0.24655588010589        0.00000505790054
C           -0.47830355077280       -0.11059568762758        0.00000207306521
C           -0.00022307441070       -1.41080285625996        0.00000012998436
C            1.36543446025932       -1.65940000068461       -0.00000246248926
C            2.26305149418814       -0.61254177661960       -0.00000306407954
C            1.79721113898862        0.69396426349661       -0.00000181098180
C            0.43917548686398        0.95785367422012        0.00000055979406
O           -0.06482109892057        2.22390425588202        0.00000208021579
H           -3.72796324074087       -0.26394511765466        0.00003165092653
H           -2.68768589614461       -1.40249689056163        0.89486101918894
H           -2.68770925158601       -1.40250356808636       -0.89481609107770
H           -0.68625202630971       -2.24181571925159        0.00000029290610
H            1.71588052168425       -2.67947472260515       -0.00000367732851
H            3.32484544756600       -0.80103249492132       -0.00000427974469
H            2.49677065768415        1.51683758761485       -0.00000177743393
H            0.65896734464395        2.86910544688581        0.00000037872017
