----------------------------------------------- 
  Element       SASA      Sigma Z        Total  
     Z         Ang**2 cal/Ang**2/mol   kcal/mol 
----------------------------------------------- 
      H        170.700      48.690       8.311
      C         51.577     129.740       6.692
      O         22.648       0.000       0.000

 Subtotal:     244.926                  15.003
 -----------------------------------------------

  Elements    COT*SASA   Sigma Z,Z'     Total   
    Z,Z'       Ang**2  cal/Ang**2/mol kcal/mol  
 ---------------------------------------------- 
  H   C        115.131     -60.770      -6.996
  H   O          0.000       0.000       0.000
  C   C         48.154     -72.950      -3.513
  O   C         14.212      68.690       0.976

 Subtotal:                              -9.533
 ---------------------------------------------- 

 NONAQUEOUS SOLVENT CONTRIBUTION (kcal/mol):
 (proportional to SASA, atomic number independent)
 ---------------------------------------------- 
 Subtotal:                               0.000
 ---------------------------------------------- 

 CDS TOTAL (kcal/mol):                   5.470
...............................................................................
