----------------------------------------------- 
  Element       SASA      Sigma Z        Total  
     Z         Ang**2 cal/Ang**2/mol   kcal/mol 
----------------------------------------------- 
      H        149.899      48.690       7.299
      C         78.815     129.740      10.226
      N          2.519       0.000       0.000
      O         21.403       0.000       0.000

 Subtotal:     252.637                  17.524
 -----------------------------------------------

  Elements    COT*SASA   Sigma Z,Z'     Total   
    Z,Z'       Ang**2  cal/Ang**2/mol kcal/mol  
 ---------------------------------------------- 
  H   C        100.919     -60.770      -6.133
  H   O          0.000       0.000       0.000
  C   C         78.389     -72.950      -5.718
  O   C         12.241      68.690       0.841
  C   N          9.674       0.000       0.000
  N   C         28.488     -48.220      -1.374
  N  C(3)        0.000      84.100       0.000
  O   N          0.000     121.980       0.000

 Subtotal:                             -12.384
 ---------------------------------------------- 

 NONAQUEOUS SOLVENT CONTRIBUTION (kcal/mol):
 (proportional to SASA, atomic number independent)
 ---------------------------------------------- 
 Subtotal:                               0.000
 ---------------------------------------------- 

 CDS TOTAL (kcal/mol):                   5.140
...............................................................................
