18
 energy: -18.980835457818 gnorm: 0.017827238338 xtb: 6.7.1 (edcfbbe)
C           -2.18402450701579       -0.07154266053094       -0.21540984129708
C           -0.79447913215135        0.01294338282902        0.40242763175001
C            0.09738265142041       -1.22981222795088        0.11126328197035
C            1.48060391166740       -0.68272482427400       -0.31459497545973
C            1.48126451093827        0.77730315786282        0.15846353493246
C            0.03656463873241        1.20756929459020       -0.09830792000560
H           -2.74517082446013       -0.92712799280322        0.17667707111381
H           -2.76784581925196        0.83298582274145       -0.00975519580884
H           -2.11342007497905       -0.18671117941906       -1.30366223465756
H           -0.90222760828635        0.11496402264598        1.49012096244955
H            0.17907047750370       -1.85983237910305        1.00272003196608
H           -0.34432388041081       -1.84857275817919       -0.67740693805247
H            2.31240427264635       -1.26599961416193        0.09183979522624
H            1.57035980660509       -0.70290318612701       -1.40688288929331
H            1.69682804908079        0.82697976690303        1.23370018085566
H            2.22113083252446        1.39494458407518       -0.36086193712543
H           -0.23908575288037        2.14581704776334        0.39459663887205
H           -0.12039218612154        1.33703891379493       -1.17843996180622
18
 energy: -18.981552498016 gnorm: 0.005572263597 xtb: 6.7.1 (edcfbbe)
C           -2.16957344299785       -0.07337077682033       -0.22115950316960
C           -0.78858166504435        0.01258653563055        0.40866036351734
C            0.09384563274399       -1.22375184527973        0.11049397048272
C            1.46809573544646       -0.67974017597858       -0.31498376120995
C            1.47134190607638        0.77390176894220        0.15698611676073
C            0.03243164878856        1.20484759391094       -0.10052645728906
H           -2.72012110809865       -0.92651944234434        0.17461872057765
H           -2.74262944138357        0.82905452220621       -0.00870435537432
H           -2.09602796694092       -0.18444248775799       -1.30359941487408
H           -0.90276345805170        0.11083335491190        1.49407364257308
H            0.18093096986701       -1.84997966494166        0.99932566027321
H           -0.34412041725752       -1.83416304660284       -0.68064995241498
H            2.29091782907170       -1.25884375146268        0.10419170341178
H            1.55861032005615       -0.70516239486790       -1.40339563651160
H            1.68936438389621        0.82304272020275        1.22722621459979
H            2.20273299784455        1.38584662521581       -0.37141007687831
H           -0.23358073506876        2.13604915369551        0.40046815305178
H           -0.12623382338617        1.33513048199683       -1.17512815189620
18
 energy: -18.981610282747 gnorm: 0.001802537636 xtb: 6.7.1 (edcfbbe)
C           -2.16996162710535       -0.07378426815593       -0.22347228383517
C           -0.78865160034589        0.01140358710344        0.40841266035545
C            0.09386060501156       -1.22141719130403        0.11204044586492
C            1.46747446248381       -0.68044198592548       -0.31415112865989
C            1.47187649046479        0.77365476667347        0.15206544373512
C            0.03183381053065        1.20413064751755       -0.09604758423300
H           -2.71766537852941       -0.92754684989562        0.16930220024524
H           -2.74051823171101        0.82772798349518       -0.01067459600008
H           -2.08943339879074       -0.18225124667881       -1.30302088370953
H           -0.90796848897550        0.10954141757382        1.49215486634078
H            0.18111848531658       -1.84812349911099        0.99902625759339
H           -0.34562123906254       -1.82867884349865       -0.67842977877621
H            2.28842179474087       -1.25656834140212        0.10978148661647
H            1.55998755142721       -0.70974518677873       -1.40075001568942
H            1.69393704982555        0.82490399806577        1.21938176922620
H            2.19849975442713        1.38379856253723       -0.38248029252307
H           -0.23060089853190        2.13182987171067        0.41042962872208
H           -0.13194977561428        1.33688574872988       -1.16708095964331
18
 energy: -18.981628098894 gnorm: 0.001066188303 xtb: 6.7.1 (edcfbbe)
C           -2.16882016999502       -0.07390640262062       -0.22631029797241
C           -0.78803146451072        0.01081059779958        0.41135004180593
C            0.09270617163225       -1.22203093603645        0.11356012009139
C            1.46684422859046       -0.68183843344637       -0.31326160283290
C            1.47235820548725        0.77450624557971        0.14796150219409
C            0.03043919623053        1.20557221323878       -0.09221967235822
H           -2.71587796989501       -0.92909755574827        0.16272179055172
H           -2.73963612265899        0.82656953514625       -0.01259756952394
H           -2.08309871986047       -0.17941477325557       -1.30531531591969
H           -0.91233436817408        0.10792155978493        1.49460624984984
H            0.18033575238618       -1.85030568823963        0.99925332679307
H           -0.34769688880828       -1.82836291648150       -0.67706857269106
H            2.28692161228871       -1.25575601729695        0.11506511373226
H            1.56188370870423       -0.71687708366487       -1.39914799757375
H            1.70178994570190        0.83011439904786        1.21316315090201
H            2.19403465908884        1.38336725388122       -0.39429025029018
H           -0.22836859636577        2.13072133277963        0.42036580383401
H           -0.13880981428048        1.34332584018895       -1.16134858496222
18
 energy: -18.981635731584 gnorm: 0.000837815978 xtb: 6.7.1 (edcfbbe)
C           -2.16929207719240       -0.07393641846878       -0.22875325618007
C           -0.78952840510248        0.01025050315676        0.41301683542003
C            0.09236395144244       -1.22189642583859        0.11529135323553
C            1.46757636805328       -0.68323360593825       -0.31215407636722
C            1.47369452556984        0.77528194835962        0.14385723978238
C            0.02967440382196        1.20604803356273       -0.08806880360612
H           -2.71696909035022       -0.93124123584303        0.15592208355918
H           -2.74202373031784        0.82549990717476       -0.01385748006730
H           -2.08005962308809       -0.17597083497436       -1.30830418632525
H           -0.91672888365938        0.10534558672377        1.49614959149898
H            0.17970607425689       -1.85094584753152        1.00090678838102
H           -0.34810793785532       -1.82820275221625       -0.67588703457824
H            2.28705719955173       -1.25532753064493        0.12066494469220
H            1.56484220708882       -0.72373662961117       -1.39792457277478
H            1.71181075993429        0.83564439521366        1.20728767786025
H            2.19116296054926        1.38235386682833       -0.40654266080910
H           -0.22610422002352        2.12883123059142        0.43085568031402
H           -0.14443511711775        1.35055498011248       -1.15597288840555
18
 energy: -18.981636918555 gnorm: 0.000349773267 xtb: 6.7.1 (edcfbbe)
C           -2.16803784829817       -0.07391609622527       -0.22947850605887
C           -0.78932153857319        0.01006969762101        0.41289783247704
C            0.09202743227329       -1.22283253397648        0.11566725727663
C            1.46687586307423       -0.68359036687925       -0.31149052904048
C            1.47335382605259        0.77544244722873        0.14267817437941
C            0.02942765013430        1.20676625355970       -0.08675657737349
H           -2.71597094058808       -0.93182349190042        0.15376344065538
H           -2.74173165515073        0.82490905815442       -0.01402028174611
H           -2.07885892221315       -0.17471180833493       -1.30919037675838
H           -0.91708448193514        0.10476745327498        1.49595137093714
H            0.17931579436626       -1.85137212823600        1.00164127380222
H           -0.34832650281197       -1.82948093412765       -0.67532996993005
H            2.28608343266417       -1.25528133506731        0.12222846532924
H            1.56471545896208       -0.72533421925803       -1.39711857795583
H            1.71426179629304        0.83748055377500        1.20533414468919
H            2.18935538429239        1.38200814396237       -0.41009095132031
H           -0.22560606816406        2.12878954001174        0.43398059958358
H           -0.14583931481634        1.35342893707404       -1.15417955331634
18
 energy: -18.981637167802 gnorm: 0.000109139403 xtb: 6.7.1 (edcfbbe)
C           -2.16792600382127       -0.07391192203651       -0.22961388734894
C           -0.78965752969138        0.01012061511119        0.41310781401539
C            0.09214544968803       -1.22244671231399        0.11582555357490
C            1.46689935314523       -0.68360584412740       -0.31169442678542
C            1.47335868818576        0.77523632003592        0.14271297002573
C            0.02948630951579        1.20643613930664       -0.08669809648216
H           -2.71581916905536       -0.93196743705735        0.15320493323940
H           -2.74188662163121        0.82469236542632       -0.01414173327467
H           -2.07859293871168       -0.17440299984646       -1.30929641620735
H           -0.91739241817949        0.10486181983831        1.49618754163293
H            0.17942336420354       -1.85057078846966        1.00198000442140
H           -0.34831258133594       -1.82932237355044       -0.67478765716246
H            2.28620005784627       -1.25524321175986        0.12174564640414
H            1.56447416927128       -0.72521140873273       -1.39729899264752
H            1.71448988124406        0.83737200993435        1.20521487763221
H            2.18924641266148        1.38164912342344       -0.41023956799922
H           -0.22559178630923        2.12821084082304        0.43426237698674
H           -0.14590527146437        1.35342263465185       -1.15398370439514
18
 energy: -18.981637248297 gnorm: 0.000060271962 xtb: 6.7.1 (edcfbbe)
C           -2.16798394200675       -0.07394982829678       -0.22971067204450
C           -0.78971007476281        0.01015567577939        0.41303838131975
C            0.09219556131721       -1.22247540214472        0.11608453108351
C            1.46678693431246       -0.68355623326927       -0.31184598737485
C            1.47344352448326        0.77524896527163        0.14277684667722
C            0.02955949048195        1.20649949310335       -0.08666184866679
H           -2.71585689999209       -0.93212485017798        0.15294790551578
H           -2.74206390025905        0.82460026221582       -0.01419743084492
H           -2.07845086926086       -0.17429750178172       -1.30941846467089
H           -0.91748011339097        0.10491580966231        1.49611788860978
H            0.17974350607871       -1.85037698167507        1.00240330375947
H           -0.34835916339285       -1.82958460530396       -0.67430705382320
H            2.28624688427968       -1.25531907501313        0.12118051613589
H            1.56392918468282       -0.72493947605239       -1.39752230005912
H            1.71443049881732        0.83710220940064        1.20533737250469
H            2.18949551931241        1.38168982560534       -0.40999826202786
H           -0.22551898105415        2.12833789469945        0.43423915615357
H           -0.14576779408478        1.35339298863376       -1.15397664661754
