31
 energy: -35.714159047345 gnorm: 0.034111604819 xtb: 6.7.1 (edcfbbe)
C            3.69769724035806        0.37553869064664        0.07626447232434
C            2.22641782861707        0.32934873172438       -0.32528125504456
H            2.15726227344435        0.44160142591611       -1.41792149222844
C            1.43128290038342        1.46859732238075        0.31663246479637
C           -0.05342459555744        1.39525067284503       -0.03987299533644
C           -0.67557763226623        0.04936271263985        0.36264479622019
H           -0.52507688112003       -0.07617532735349        1.44717845631464
C            0.11266328030700       -1.06922019128795       -0.31819643562892
H            0.01848913424955       -0.96407788105395       -1.41101240523487
C            1.59033391733608       -1.01105040209822        0.05470958999052
O           -0.45731838035785       -2.33961519578591        0.07863157239542
C           -2.19969300526937       -0.03194808798619        0.11376684128764
C           -2.96106505626845        0.97282285160155        0.98267323647783
C           -2.59324918705720        0.13486511034150       -1.35568325591402
H            4.15592002994916        1.32816694470593       -0.21170908997033
H            3.80283823533619        0.26636888227768        1.16248579424659
H            4.26654357578342       -0.43086554691775       -0.39948892451821
H            1.54885401921349        1.40876989567249        1.40862559971024
H            1.84626216246136        2.43460700119249        0.00281134146858
H           -0.59213731486050        2.21274042917814        0.45014104926387
H           -0.16805685399836        1.54168530368103       -1.12211260031329
H            1.68392587816225       -1.16175162656631        1.14016255429197
H            2.12188850727936       -1.83559214325601       -0.43962627656984
H            0.08911211459368       -3.02963139101170       -0.32020127106449
H           -2.51471746380900       -1.03350802632266        0.43093066670528
H           -4.03914502033996        0.78677899337519        0.92705031925286
H           -2.78964761198145        2.00347025271424        0.65337134797068
H           -2.66055926354697        0.89939197836197        2.03426866212689
H           -2.34368229948700        1.13587122561333       -1.72465549085562
H           -3.67447204435281        0.00215242745445       -1.47243874175450
H           -2.09960065433201       -0.59789002228690       -2.00251251251977
31
 energy: -35.715512456141 gnorm: 0.014742870181 xtb: 6.7.1 (edcfbbe)
C            3.68612554538412        0.37513937533309        0.07713263580573
C            2.21713571270100        0.32943912258511       -0.32965478180958
H            2.15013195700793        0.43983905731361       -1.42004360628335
C            1.42931608733273        1.46515344808970        0.32340906110335
C           -0.04879002023527        1.39911900402735       -0.04771609695752
C           -0.66777103894440        0.05988773236828        0.36532632535299
H           -0.52442496540777       -0.07003218297511        1.44680702576302
C            0.10911361891605       -1.06885581521433       -0.31906126181247
H            0.01391692204719       -0.96945168681883       -1.41138376404920
C            1.58785059941055       -1.00834777612671        0.06098869224285
O           -0.46090884341020       -2.32385382537622        0.07685644716657
C           -2.18808825532296       -0.03301649570093        0.11153855648691
C           -2.95450394167599        0.96770368350262        0.97666807835668
C           -2.58874412506082        0.14387581423064       -1.35147191339111
H            4.13612948890400        1.32371288183554       -0.21336487251170
H            3.78985838205832        0.26644781431603        1.15707512296037
H            4.24637967705657       -0.42778059233500       -0.40063721903585
H            1.53894617707320        1.40194244025318        1.41126224017844
H            1.84124854389039        2.42668326130666        0.00567869569351
H           -0.57971948014091        2.21344154795967        0.44773029026640
H           -0.15604458095243        1.53541239925455       -1.12784613317036
H            1.67970011099814       -1.15741544414546        1.14199041504099
H            2.12285338305930       -1.82497521576939       -0.43407948474890
H            0.07560094664887       -3.02655463139051       -0.31336050373740
H           -2.48725669842592       -1.04108878619648        0.42202558582533
H           -4.02466687968889        0.77161824032122        0.91777190153014
H           -2.78605265084533        1.99166271098539        0.64493348144344
H           -2.65304043313321        0.88954086093995        2.02081944260889
H           -2.34182152061674        1.14167694615195       -1.71288362320003
H           -3.66445141232560        0.00486734692432       -1.45806432217066
H           -2.09595447343210       -0.58972622525422       -1.98681039705691
31
 energy: -35.715784489845 gnorm: 0.004321269904 xtb: 6.7.1 (edcfbbe)
C            3.68391118136178        0.37563042736679        0.07569055150097
C            2.21335611522900        0.32975358208670       -0.32786677351082
H            2.14449501296331        0.43899321967193       -1.41611442051491
C            1.42861070567041        1.46664084548302        0.32418040572630
C           -0.04756283818964        1.40217841726332       -0.05291072994973
C           -0.66519495370809        0.06627894470445        0.36231576547427
H           -0.52392979407919       -0.06324578552352        1.44166587679032
C            0.10718919653665       -1.07241703012171       -0.31742353175130
H            0.01523552877110       -0.97124898619519       -1.40968951172259
C            1.58807784241836       -1.00836737533171        0.06316740869029
O           -0.46682358185695       -2.31220095162138        0.08003547099838
C           -2.18392083960589       -0.03258540329550        0.10953680354652
C           -2.95400211452649        0.96026225593931        0.97963429856858
C           -2.58364714333224        0.14967806408488       -1.35255560743582
H            4.12815173456269        1.32334698807846       -0.21604963916518
H            3.78376722807197        0.26687125096900        1.15257791492758
H            4.23858384845349       -0.42674989622560       -0.40346388851677
H            1.53115873235776        1.39648125929102        1.40894267953408
H            1.84301344938407        2.42616964206059        0.00940387563514
H           -0.57718381201779        2.21670313401979        0.43961953349931
H           -0.14688650321662        1.52966448737394       -1.13177786984311
H            1.67525617866427       -1.15384798563046        1.14195546611396
H            2.12537147985186       -1.82216688333318       -0.43041187523701
H            0.05886841243368       -3.02872214227877       -0.30056415242780
H           -2.47106452654684       -1.04574681382495        0.41349961532178
H           -4.02004423465225        0.75807603538723        0.91749586459913
H           -2.78604614187864        1.97990127084473        0.64456675845119
H           -2.65065510380306        0.88047143144633        2.02006280182850
H           -2.33740919910951        1.14743609618206       -1.70439359139587
H           -3.65698846724430        0.01013623378149       -1.45280523316133
H           -2.09161956009307       -0.58130932225740       -1.98668824868348
31
 energy: -35.715833008828 gnorm: 0.002124522500 xtb: 6.7.1 (edcfbbe)
C            3.68460397076712        0.37625678302185        0.07410766712859
C            2.21279903388409        0.32961003239343       -0.32794345363472
H            2.14175442966004        0.43802362493854       -1.41619464278872
C            1.42851803383006        1.46659013052017        0.32453475024169
C           -0.04714332960434        1.40235101852007       -0.05728829724580
C           -0.66449206354509        0.06785631835039        0.36147258356365
H           -0.52220014496985       -0.05920948690588        1.44102358136299
C            0.10715825827444       -1.07426470974410       -0.31611287587025
H            0.01777825716936       -0.97171606697910       -1.40926474667893
C            1.58872680652358       -1.00834895415172        0.06534431580043
O           -0.46857761283829       -2.30771350379434        0.08535702935414
C           -2.18293130466269       -0.03359215462855        0.10824042734701
C           -2.95549848106275        0.95474538510463        0.98182787828722
C           -2.58279553308318        0.15458286276573       -1.35387508316246
H            4.12760807270774        1.32440896078785       -0.21846673743767
H            3.78480544928008        0.26751693545588        1.15112688928777
H            4.23841427129810       -0.42630232162669       -0.40592057916117
H            1.52757123060356        1.39435677068084        1.40946578849769
H            1.84517834022101        2.42595370496230        0.01233999218621
H           -0.57841512108389        2.21871996354059        0.43048564523740
H           -0.14231812095469        1.52644604262682       -1.13683579552492
H            1.67459497435592       -1.15227591689373        1.14452465785239
H            2.12650484518529       -1.82238564097265       -0.42727183540929
H            0.05115202204921       -3.03094817898906       -0.29075575403349
H           -2.46749763427584       -1.04853365788747        0.40803305366907
H           -4.02108525010292        0.74969895223306        0.91962301470970
H           -2.78947634683128        1.97567963676078        0.64911597861467
H           -2.65086603225688        0.87246493251035        2.02176705256885
H           -2.33545066129105        1.15383591641420       -1.70097371595346
H           -3.65629850890052        0.01597958956992       -1.45510078049992
H           -2.09005401747650       -0.57372195818841       -1.99074999041807
31
 energy: -35.715866716144 gnorm: 0.001651150014 xtb: 6.7.1 (edcfbbe)
C            3.68607962210585        0.37718407253196        0.07187031570694
C            2.21295444079275        0.32910205605627       -0.32722161585160
H            2.13958232383085        0.43630764120728       -1.41575521003904
C            1.42818320897587        1.46641178796276        0.32446317875595
C           -0.04649984360279        1.40213973419675       -0.06346576901885
C           -0.66465868439803        0.06936816418943        0.35927474139941
H           -0.52144793926928       -0.05339474236966        1.43955933221234
C            0.10762488760340       -1.07658976462663       -0.31340530159232
H            0.02089707592816       -0.97464989206713       -1.40771407699420
C            1.58987285582143       -1.00867859890733        0.06838971965124
O           -0.46927784316400       -2.30487693135004        0.09286608035083
C           -2.18290372818438       -0.03413831025341        0.10613364646097
C           -2.95803331932750        0.94758267068216        0.98541372386065
C           -2.58218054962620        0.16181375470037       -1.35574764392032
H            4.12817162427032        1.32599102412277       -0.22165156781549
H            3.78840444838920        0.26860199112879        1.14926315541196
H            4.23999906582675       -0.42526950856217       -0.40916345073265
H            1.52269713869252        1.39228507310728        1.41011388415823
H            1.84742738652213        2.42616353773280        0.01608380082810
H           -0.58075503231674        2.22167888146684        0.41667823026909
H           -0.13598916085857        1.52159266265114       -1.14442900487666
H            1.67527227342340       -1.15056121002478        1.14834464574706
H            2.12810858852391       -1.82390097962212       -0.42237284364362
H            0.04418021685975       -3.03428203408219       -0.27931950761258
H           -2.46594509656038       -1.05094437729689        0.40019638024335
H           -4.02349897894623        0.73952437213450        0.92375384228589
H           -2.79558294473453        1.97148737368288        0.65807234361610
H           -2.65192681394385        0.86125830079778        2.02515239994767
H           -2.33414613809185        1.16341041351250       -1.69729564510211
H           -3.65606084830036        0.02412455382598       -1.45918227462693
H           -2.08848040337177       -0.56267670613222       -1.99726949118879
31
 energy: -35.715888588861 gnorm: 0.002042688876 xtb: 6.7.1 (edcfbbe)
C            3.68709261648634        0.37826431058152        0.07014305092430
C            2.21345719574100        0.32851735584006       -0.32628949570924
H            2.13864343217785        0.43405183467325       -1.41514776861485
C            1.42750377080341        1.46611858896118        0.32363707081003
C           -0.04555896549152        1.40107225834908       -0.07021010171803
C           -0.66507954069812        0.07032830658706        0.35715564136647
H           -0.52207090285344       -0.04764214780094        1.43832753028963
C            0.10825078852184       -1.07855373313719       -0.31003432597141
H            0.02247218147457       -0.98074935127158       -1.40522874417518
C            1.59071515244297       -1.00867450118422        0.07193717781364
O           -0.46873657269014       -2.30441501424376        0.10157739262830
C           -2.18299114492451       -0.03392536196532        0.10318493527209
C           -2.95999374632013        0.94025614808821        0.98913638482250
C           -2.58190659491600        0.17071233563930       -1.35760505736674
H            4.12821862021449        1.32753102626337       -0.22447934797659
H            3.79242081432173        0.27011681058054        1.14765488405623
H            4.24152463840292       -0.42372497172947       -0.41173888620063
H            1.51790807832084        1.39112455919462        1.40993334832001
H            1.84847481110330        2.42624498475971        0.01822001359979
H           -0.58285447405370        2.22367803369545        0.40199636132080
H           -0.12966630471819        1.51509521142358       -1.15259870322651
H            1.67641850535147       -1.14839432020548        1.15252032895947
H            2.12917407818453       -1.82535520354401       -0.41662213503688
H            0.04039645858363       -3.03708850116108       -0.26921344247354
H           -2.46517807440267       -1.05270800514439        0.39088428528695
H           -4.02531370459332        0.72992876220384        0.92756611474381
H           -2.80104830388333        1.96747188987895        0.66914410064912
H           -2.65296143745520        0.84828895571610        2.02852989851840
H           -2.33468887471755        1.17486017471797       -1.69330253907661
H           -3.65582431027239        0.03269653349932       -1.46344917472257
H           -2.08673035727082       -0.54906195886999       -2.00399277922212
31
 energy: -35.715902265085 gnorm: 0.001464566301 xtb: 6.7.1 (edcfbbe)
C            3.68704944211300        0.37873405703862        0.06998954866626
C            2.21364305493589        0.32825297786005       -0.32601249972266
H            2.13889127918369        0.43273970541400       -1.41497901305474
C            1.42703725403315        1.46614151711256        0.32263900223192
C           -0.04512576558776        1.40035993303356       -0.07328459321051
C           -0.66525031397324        0.07050440066379        0.35615631994753
H           -0.52302954963203       -0.04547789230110        1.43760994824854
C            0.10854643724500       -1.07928479207935       -0.30829584083072
H            0.02199785986035       -0.98510667090799       -1.40358247302067
C            1.59090039632252       -1.00858932261759        0.07345277078042
O           -0.46779581823781       -2.30540789850479        0.10622166007767
C           -2.18300600941293       -0.03365271876360        0.10162143413788
C           -2.96032188249580        0.93712847949454        0.99076536474271
C           -2.58179243127841        0.17539608345827       -1.35829511732651
H            4.12763573272761        1.32811295536684       -0.22502533131709
H            3.79332595249739        0.27089072040249        1.14739879224040
H            4.24183255047758       -0.42293956806949       -0.41199651222465
H            1.51610567438183        1.39145989658879        1.40904677032799
H            1.84821918134507        2.42624577351396        0.01755929132595
H           -0.58351737740850        2.22399321835990        0.39577525379403
H           -0.12738752596616        1.51145978148711       -1.15610396593637
H            1.67675346149771       -1.14717204951669        1.15416349450854
H            2.12948589078104       -1.82583337951545       -0.41403933576525
H            0.04063442327418       -3.03786758188001       -0.26567053902012
H           -2.46485313866483       -1.05347386805322        0.38615235477467
H           -4.02553873225795        0.72662921959865        0.92854338755943
H           -2.80196579271145        1.96557527462803        0.67463027982494
H           -2.65332744467391        0.84171445322504        2.02983020666720
H           -2.33624816892493        1.18096547551823       -1.69078563643021
H           -3.65543585128260        0.03602583195325       -1.46489033892945
H           -2.08539495529782       -0.54145900211267       -2.00695866517651
31
 energy: -35.715926981086 gnorm: 0.000862911481 xtb: 6.7.1 (edcfbbe)
C            3.68659218371151        0.37960710331340        0.07070960046463
C            2.21389641160655        0.32771253363547       -0.32592583446645
H            2.14005841852577        0.42975053952564       -1.41507386025800
C            1.42597577988656        1.46651548620245        0.31950567533410
C           -0.04459479057010        1.39878838107946       -0.07973554434812
C           -0.66529851108046        0.07059210885582        0.35438062879880
H           -0.52485761545970       -0.04158473579642        1.43625810525036
C            0.10898353628630       -1.08091900730395       -0.30481376107218
H            0.01987831648810       -0.99506702608138       -1.40003956094634
C            1.59107508648983       -1.00839892239291        0.07608489156324
O           -0.46546337333165       -2.30790578277240        0.11665946284167
C           -2.18277958243273       -0.03330062723082        0.09842470831914
C           -2.96032787722826        0.93082180004062        0.99420870424345
C           -2.58166549068479        0.18531412531696       -1.35959907919832
H            4.12617101450841        1.32917092314680       -0.22463409099177
H            3.79306926461908        0.27238813941390        1.14791927853125
H            4.24228875149578       -0.42150870355631       -0.41082664804188
H            1.51295928444916        1.39347391053365        1.40599126092652
H            1.84717705618019        2.42619922775858        0.01358846552702
H           -0.58479427037788        2.22414860641069        0.38369696034249
H           -0.12385193948203        1.50364572922002       -1.16319398722786
H            1.67696398981578       -1.14450821370796        1.15692545603601
H            2.13011099211279       -1.82643587353636       -0.40934635711107
H            0.04221204726284       -3.03904690750118       -0.25891851022211
H           -2.46363903121576       -1.05535567866699        0.37624557126112
H           -4.02541147479046        0.72145568877206        0.92930037656344
H           -2.80107567643110        1.96139350623848        0.68635439551823
H           -2.65437658626758        0.82713336731568        2.03256839758267
H           -2.34152477480685        1.19462367723445       -1.68392421549056
H           -3.65437771381486        0.04111492685255       -1.46762326349493
H           -2.08130559259454       -0.52375329192425       -2.01353120834390
31
 energy: -35.715946106150 gnorm: 0.001207969512 xtb: 6.7.1 (edcfbbe)
C            3.68622816380464        0.38017051189312        0.07186808911760
C            2.21402775976408        0.32708775744551       -0.32645397403209
H            2.14133937718324        0.42659883992083       -1.41582214502860
C            1.42533553831956        1.46722972700244        0.31565057437289
C           -0.04442825989450        1.39753121384830       -0.08559298190906
C           -0.66523987596572        0.07077170497992        0.35265945203859
H           -0.52576686935917       -0.03815281720598        1.43481445681450
C            0.10930700764842       -1.08283908901293       -0.30190530583185
H            0.01845889258127       -1.00313477054699       -1.39714302444149
C            1.59143773203350       -1.00842188810041        0.07812997906301
O           -0.46371591755230       -2.30914812938416        0.12599416845196
C           -2.18257652360079       -0.03354892654813        0.09600123663958
C           -2.96071898708790        0.92471360400040        0.99756017325589
C           -2.58135668897795        0.19431245625909       -1.36061507537877
H            4.12522492928838        1.32979910311904       -0.22369814021202
H            3.79134536624831        0.27381361198222        1.14915481993754
H            4.24282546018168       -0.42085913340189       -0.40849870626478
H            1.51088472192288        1.39659772094378        1.40224828450434
H            1.84652028591354        2.42623338154733        0.00785108035591
H           -0.58584618403964        2.22435798054332        0.37349615338626
H           -0.12174721225341        1.49728671351475       -1.16947681909043
H            1.67706191575838       -1.14214669192828        1.15916130411050
H            2.13100590946166       -1.82705051626768       -0.40549332885289
H            0.04266146293534       -3.04040733289176       -0.25153391698964
H           -2.46229212794763       -1.05761805982101        0.36762257590243
H           -4.02584317982310        0.71739956504153        0.92887171746684
H           -2.79899144724303        1.95719105254840        0.69781454765027
H           -2.65681071180177        0.81249113313860        2.03550113595028
H           -2.34750512122796        1.20779873750225       -1.67617766433078
H           -3.65294713090106        0.04405199833729       -1.47050370953992
H           -2.07581045249907       -0.50604444806313       -2.01984893922538
31
 energy: -35.715965642836 gnorm: 0.001177350035 xtb: 6.7.1 (edcfbbe)
C            3.68609005003758        0.38041194135571        0.07338523330395
C            2.21435984497103        0.32627022510008       -0.32726226919452
H            2.14323157562482        0.42312311368281       -1.41691912463860
C            1.42491290770906        1.46800798600141        0.31099120773664
C           -0.04467263348335        1.39648318360186       -0.09072915425145
C           -0.66506578624954        0.07093922990233        0.35153512955518
H           -0.52592635453596       -0.03517908725063        1.43396875077969
C            0.10943212751354       -1.08467655888503       -0.29957740494026
H            0.01764109846267       -1.00931583273101       -1.39495682215662
C            1.59170965025862       -1.00847437947513        0.07976004677867
O           -0.46259157992756       -2.30959136970796        0.13363247145331
C           -2.18224459827956       -0.03377531368134        0.09398137598761
C           -2.96122773856832        0.91890828355275        1.00080229500159
C           -2.58115402834352        0.20219552134463       -1.36140473065894
H            4.12512003563155        1.32986421579380       -0.22252978120736
H            3.78891862865034        0.27543120221959        1.15098698043903
H            4.24372410284357       -0.42105714145803       -0.40492491994223
H            1.51004969457443        1.40090298601384        1.39777397031899
H            1.84578967151233        2.42612147259502        0.00008831601683
H           -0.58664971392874        2.22451002122122        0.36541334046229
H           -0.12132610680711        1.49252663705596       -1.17489290947322
H            1.67718415907072       -1.14000900285188        1.16102720448895
H            2.13164371092602       -1.82773953786538       -0.40224648106898
H            0.04256066643136       -3.04176592660669       -0.24401030634161
H           -2.46095835410068       -1.05950946177623        0.36000627946187
H           -4.02657001270790        0.71466189325228        0.92690807897752
H           -2.79579240606708        1.95328060049713        0.70975780581372
H           -2.66088117479868        0.79758470204807        2.03874061914675
H           -2.35479518539006        1.22007196780703       -1.66810092590921
H           -3.65139383055525        0.04445880147518       -1.47389849933750
H           -2.06905058760443       -0.48859536183563       -2.02566975871139
31
 energy: -35.715990377666 gnorm: 0.000814376700 xtb: 6.7.1 (edcfbbe)
C            3.68583846784795        0.38033205671174        0.07553904140363
C            2.21487571386765        0.32502058657958       -0.32860475864605
H            2.14609734070634        0.41830865195854       -1.41874233135394
C            1.42498675629245        1.46930748453837        0.30451850751943
C           -0.04480774749962        1.39546692789604       -0.09658060090369
C           -0.66507842706556        0.07139947121630        0.34979429250858
H           -0.52605351373856       -0.03151014205366        1.43251673712926
C            0.10965577549490       -1.08663702383535       -0.29714537433292
H            0.01755525599702       -1.01511280684225       -1.39282480667390
C            1.59212322990961       -1.00867593002697        0.08169967790506
O           -0.46178964309486       -2.30937567905542        0.14125532306318
C           -2.18217211152505       -0.03432682696766        0.09207776560532
C           -2.96244241249577        0.91171950097373        1.00478678808589
C           -2.58071592312126        0.21133980933753       -1.36194923285314
H            4.12547673678993        1.32916529053320       -0.22148491341991
H            3.78568692733873        0.27792708375816        1.15373288289427
H            4.24474438026269       -0.42227364434182       -0.39937998959506
H            1.51032235760836        1.40745037477104        1.39163992701924
H            1.84542342995378        2.42613193048338       -0.01112558044073
H           -0.58696944517110        2.22485071405544        0.35698462299303
H           -0.12183675134129        1.48796662782576       -1.18100704414741
H            1.67734983358369       -1.13744217096600        1.16336092726498
H            2.13228690012734       -1.82909028098102       -0.39813706023078
H            0.04213978634155       -3.04348247542255       -0.23434028711472
H           -2.45963199813385       -1.06205099577865        0.35152719196360
H           -4.02822127433606        0.71247938103994        0.92301289324291
H           -2.79119582202999        1.94861736971738        0.72584027703439
H           -2.66801941858042        0.77801710750347        2.04299097854643
H           -2.36548248724767        1.23490062185898       -1.65794201639435
H           -3.64889694564112        0.04237648426609       -1.47826477440860
H           -2.05918113822990       -0.46673448835752       -2.03211304577327
31
 energy: -35.716018708836 gnorm: 0.000619636825 xtb: 6.7.1 (edcfbbe)
C            3.68594524305964        0.37998694329041        0.07783334578453
C            2.21587765459176        0.32313201340564       -0.32993693275172
H            2.14989890528985        0.41158868950508       -1.42067391294024
C            1.42486650636200        1.47056920227856        0.29607329364002
C           -0.04526342778483        1.39462327789948       -0.10391149899029
C           -0.66477541151543        0.07230595012209        0.34841543407582
H           -0.52573814599680       -0.02642881627293        1.43162985690489
C            0.10976699486373       -1.08867518879328       -0.29409711298429
H            0.01808303648232       -1.02117461896067       -1.39032632830247
C            1.59227051843777       -1.00874288712459        0.08469846585759
O           -0.46158679572809       -2.30872762986600        0.14958791029083
C           -2.18157204166635       -0.03426762797985        0.08929484951376
C           -2.96402794625554        0.90215267757130        1.01006444237532
C           -2.58044577942865        0.22256017196321       -1.36283022892618
H            4.12670778424440        1.32761165118175       -0.22161420485799
H            3.78234620849623        0.28197278870652        1.15683105987742
H            4.24628354370195       -0.42473468965418       -0.39195812979178
H            1.51084528824077        1.41585120611873        1.38361679332262
H            1.84483044537358        2.42555094794659       -0.02590732393808
H           -0.58741659877957        2.22590190376004        0.34660264865226
H           -0.12298520662098        1.48301339011402       -1.18876945502414
H            1.67716369143599       -1.13371844664132        1.16690283666586
H            2.13253585511931       -1.83094715052433       -0.39205350786092
H            0.04143554524286       -3.04552561689534       -0.22181028513022
H           -2.45720056737862       -1.06448593431169        0.34044110549101
H           -4.03031278887226        0.70996011077963        0.91682332594638
H           -2.78484981601199        1.94236676158922        0.74814747678090
H           -2.67867440416527        0.75135226353209        2.04870943335676
H           -2.38035046051044        1.25319265502915       -1.64518985131323
H           -3.64562514614337        0.03835811331931       -1.48491253576086
H           -2.04596485121402       -0.43855710069283       -2.04004495207282
31
 energy: -35.716042219777 gnorm: 0.000854732401 xtb: 6.7.1 (edcfbbe)
C            3.68579392660810        0.37963211749560        0.07946634870855
C            2.21653355474940        0.32117524897279       -0.33132148313830
H            2.15274521951102        0.40452936796532       -1.42265654870638
C            1.42539245973255        1.47221989180901        0.28801847896427
C           -0.04496114320611        1.39369971584087       -0.11110995049328
C           -0.66492365215951        0.07346214747262        0.34635552231382
H           -0.52607709118206       -0.02093721554466        1.42997801060665
C            0.11008101022822       -1.09029174794293       -0.29106790974090
H            0.01925117383105       -1.02651880994956       -1.38783487990577
C            1.59242818126808       -1.00887275842285        0.08842581428564
O           -0.46169860563816       -2.30766874939893        0.15723692948996
C           -2.18151795310717       -0.03480915791653        0.08676524265021
C           -2.96617580439791        0.89207025715714        1.01515198766107
C           -2.57982000419440        0.23406738090069       -1.36347551479990
H            4.12777963920034        1.32554298574328       -0.22382969144154
H            3.77979930519131        0.28705896044966        1.15927231709882
H            4.24688154379395       -0.42778418162939       -0.38492347316984
H            1.51153487110095        1.42398555617159        1.37594079503726
H            1.84532831075120        2.42536934701914       -0.03967932787680
H           -0.58713845009079        2.22682763995062        0.33620214155059
H           -0.12339222851039        1.47811185628215       -1.19627801501015
H            1.67653029851147       -1.12938731373857        1.17129487191519
H            2.13290354083056       -1.83326413536930       -0.38447761476585
H            0.04117541471527       -3.04709778273618       -0.20894020121619
H           -2.45520592681729       -1.06763009056934        0.32924867089858
H           -4.03281005199088        0.70754413396985        0.91029630730265
H           -2.77882267615151        1.93535560144453        0.77116406136593
H           -2.69018104313597        0.72357087543379        2.05371109915227
H           -2.39475665440358        1.27116734513949       -1.63246658867853
H           -3.64162708246955        0.03500638913758       -1.49157538055161
H           -2.03298224969826       -0.41006986474167       -2.04725600161564
31
 energy: -35.716058457234 gnorm: 0.000914152302 xtb: 6.7.1 (edcfbbe)
C            3.68596076434157        0.37933007133949        0.07958487710363
C            2.21698002876823        0.31962569121962       -0.33203171121077
H            2.15402253314187        0.39898438134573       -1.42371905321531
C            1.42523979510237        1.47285474400802        0.28254554412381
C           -0.04515508185429        1.39337205684267       -0.11645612872801
C           -0.66487711519062        0.07442864312771        0.34502967893857
H           -0.52654938492851       -0.01657795311773        1.42900452895694
C            0.11036443214479       -1.09157085199176       -0.28823892742533
H            0.02037424485410       -1.03073140794429       -1.38536950257936
C            1.59242040383578       -1.00880195783274        0.09202980181270
O           -0.46183478905324       -2.30734631050577        0.16307423808218
C           -2.18118757016046       -0.03472550003526        0.08434762112915
C           -2.96788770947208        0.88401193243158        1.01897461938742
C           -2.57909014157776        0.24331730675162       -1.36428568909181
H            4.12869225855665        1.32361016404248       -0.22779868673453
H            3.77902392497123        0.29187834302053        1.15993222598338
H            4.24717194642914       -0.43055530659846       -0.38042672635948
H            1.51138497694544        1.42916438325235        1.37068080129526
H            1.84523305214372        2.42462198450102       -0.04898843090933
H           -0.58752655090663        2.22808576179887        0.32798869347299
H           -0.12342923993425        1.47434150045336       -1.20197946579352
H            1.67564347415622       -1.12538468473156        1.17542830446958
H            2.13320794061682       -1.83498793707844       -0.37741722181452
H            0.04178580098162       -3.04826798201494       -0.19885338170427
H           -2.45317803042298       -1.06956713801995        0.31980276341889
H           -4.03460384987121        0.70540776200964        0.90523491095955
H           -2.77451533787981        1.92934572769731        0.78922566454790
H           -2.69921164744649        0.70150913413842        2.05701324008953
H           -2.40455952967830        1.28472830730366       -1.62287089452687
H           -3.63823920856368        0.03411703805333       -1.49721665721620
H           -2.02359255717927       -0.38815289307066       -2.05260901857139
31
 energy: -35.716070773597 gnorm: 0.000715070924 xtb: 6.7.1 (edcfbbe)
C            3.68591561916380        0.37941309303199        0.07857695338322
C            2.21689288038384        0.31848482064550       -0.33236720198407
H            2.15368385428475        0.39481118763292       -1.42424326455463
C            1.42543687635855        1.47351298951800        0.27916876628831
C           -0.04475597984648        1.39258150392486       -0.12009524404101
C           -0.66513327366700        0.07496420571652        0.34447255271413
H           -0.52754524512957       -0.01341874970212        1.42876721477489
C            0.11051239346692       -1.09227160442861       -0.28586397401702
H            0.02104477446316       -1.03432663924108       -1.38326354246212
C            1.59218364479821       -1.00867692406498        0.09538582903215
O           -0.46195881177731       -2.30715850346225        0.16799222983087
C           -2.18113404711504       -0.03492386451727        0.08211845911395
C           -2.96914098355839        0.87763535784278        1.02150808704860
C           -2.57834771794403        0.25066714094188       -1.36523860341939
H            4.12910625810578        1.32210130765230       -0.23305624372864
H            3.77944164936591        0.29652625639009        1.15922740517479
H            4.24652207439027       -0.43272258644379       -0.37816877920156
H            1.51122163655417        1.43230555576883        1.36739991118825
H            1.84559479768499        2.42447507248140       -0.05449240657405
H           -0.58739866291341        2.22831101613489        0.32202950450864
H           -0.12264434855696        1.47110045376843       -1.20579871852918
H            1.67470733096790       -1.12173919956648        1.17921415740934
H            2.13328467615664       -1.83641200457554       -0.37096117872589
H            0.04301894138792       -3.04869307296707       -0.19071964934939
H           -2.45209228358340       -1.07128541287328        0.31182879324136
H           -4.03581723997713        0.70352123585537        0.90114855925730
H           -2.77138504486232        1.92435729465871        0.80270687489794
H           -2.70592114034886        0.68438785361385        2.05886407590314
H           -2.41067441773795        1.29510086549572       -1.61562566804928
H           -3.63564695069037        0.03506184977160       -1.50195595445850
H           -2.01690342695459       -0.37162548860734       -2.05692292678135
31
 energy: -35.716081011527 gnorm: 0.000432078834 xtb: 6.7.1 (edcfbbe)
C            3.68607438596224        0.37946746831221        0.07654849021613
C            2.21667814142287        0.31766646297333       -0.33261545723551
H            2.15230252139938        0.39168696222382       -1.42457285320877
C            1.42513116589490        1.47343680972414        0.27741547055997
C           -0.04481027857150        1.39231209367464       -0.12245633045894
C           -0.66533894934209        0.07533165078305        0.34375525172147
H           -0.52900676856991       -0.01111053530612        1.42826259616239
C            0.11085271880680       -1.09319318476843       -0.28325620193838
H            0.02156883971995       -1.03795897009683       -1.38072298588164
C            1.59219924523444       -1.00848974300076        0.09854528645858
O           -0.46166343262695       -2.30770702824279        0.17265655297904
C           -2.18107119625770       -0.03489016148236        0.08012943904474
C           -2.97055689736195        0.87248165999519        1.02320070682492
C           -2.57715417839441        0.25726409713302       -1.36617235299937
H            4.12915202623349        1.32074850908532       -0.23932497253363
H            3.78091785222480        0.30081386279288        1.15735602329500
H            4.24586095459498       -0.43458122329596       -0.37773296735581
H            1.51059263491518        1.43360503731532        1.36568088962425
H            1.84543964401748        2.42388472795538       -0.05730533023860
H           -0.58788537743119        2.22889995020980        0.31754990674562
H           -0.12182557832765        1.46847840803158       -1.20834668553820
H            1.67405542955002       -1.11848558319831        1.18269699579277
H            2.13371767510925       -1.83737753324767       -0.36516118782501
H            0.04492114325205       -3.04933183365319       -0.18362971335483
H           -2.45115032901265       -1.07258037659274        0.30483810271591
H           -4.03715743846891        0.70186224513544        0.89777815513653
H           -2.76936695882265        1.92020488935465        0.81310300445847
H           -2.71146206873068        0.67067417100785        2.05981572689733
H           -2.41391784994829        1.30375974616927       -1.61024560243265
H           -3.63317483085568        0.03763547254036       -1.50576743432809
H           -2.01185441274565       -0.35844304113625       -2.06038650541290
31
 energy: -35.716089076049 gnorm: 0.000212943823 xtb: 6.7.1 (edcfbbe)
C            3.68613231558236        0.37982917360876        0.07393125802470
C            2.21616835866640        0.31706153411615       -0.33271640167149
H            2.15019396031610        0.38941912419147       -1.42466000458143
C            1.42503262645884        1.47346291266103        0.27663729116015
C           -0.04461258929828        1.39172029936812       -0.12384663702960
C           -0.66564267081902        0.07540956263743        0.34383051065422
H           -0.53063309122249       -0.00955817863104        1.42858976281128
C            0.11099521470865       -1.09397961977639       -0.28074060633040
H            0.02156461103203       -1.04159391631822       -1.37826478989547
C            1.59216132043032       -1.00840394343891        0.10120220392765
O           -0.46124554309432       -2.30814081082167        0.17761931198331
C           -2.18103346741144       -0.03488325423196        0.07807321336478
C           -2.97169061312645        0.86814600535068        1.02429728278001
C           -2.57589640722588        0.26289219949574       -1.36735897874827
H            4.12891160214388        1.31989810478322       -0.24581497725865
H            3.78277087609357        0.30467883454448        1.15476007197970
H            4.24487263307700       -0.43583309688289       -0.37865401155417
H            1.51019322059545        1.43400666789944        1.36489386225044
H            1.84541449828501        2.42374526144694       -0.05841883445737
H           -0.58805954761617        2.22882774634869        0.31458233145641
H           -0.12081874330469        1.46623583328375       -1.20985278233087
H            1.67377061760873       -1.11577321471874        1.18558196346797
H            2.13398791980738       -1.83821755264311       -0.36040846647142
H            0.04665512630293       -3.04977140096336       -0.17690553873593
H           -2.45073004743681       -1.07361302413334        0.29837021844562
H           -4.03815893956867        0.70012766822886        0.89462915470277
H           -2.76797853695768        1.91671001772220        0.82117581635302
H           -2.71609296816640        0.65952760761082        2.06041511660235
H           -2.41508994425640        1.31094445086332       -1.60617087691876
H           -3.63112154591302        0.04121716949537       -1.50948576243617
H           -2.00795241282095       -0.34802715070096       -2.06365468365359
31
 energy: -35.716095017608 gnorm: 0.000287802869 xtb: 6.7.1 (edcfbbe)
C            3.68632571966618        0.38019107122809        0.07121326924030
C            2.21576113950931        0.31669760524323       -0.33301033611665
H            2.14803803132786        0.38794159167688       -1.42491707395750
C            1.42497170628021        1.47326050244898        0.27641032220347
C           -0.04452073247648        1.39124567959467       -0.12430364863065
C           -0.66595217819261        0.07534184727524        0.34402941252377
H           -0.53220871620946       -0.00859834180818        1.42898775831776
C            0.11109606343320       -1.09481423181013       -0.27843406859085
H            0.02120957660776       -1.04493197572183       -1.37599305209873
C            1.59225185792118       -1.00821337348088        0.10326159372512
O           -0.46077498816473       -2.30842540836603        0.18254096502927
C           -2.18104453596366       -0.03501375568398        0.07640672052496
C           -2.97300264625768        0.86459862699512        1.02472441269462
C           -2.57450113470277        0.26765791750456       -1.36838545977400
H            4.12862157535769        1.31940492057066       -0.25159838956869
H            3.78478013333353        0.30766006087529        1.15202240905964
H            4.24416872800834       -0.43660954945549       -0.38037735319758
H            1.51005794251210        1.43379148745739        1.36464185297449
H            1.84539467138886        2.42349064405958       -0.05867321440880
H           -0.58829199363508        2.22863837418810        0.31310283392161
H           -0.12013425249139        1.46476933266506       -1.21034864002982
H            1.67404680732119       -1.11373032618441        1.18779050748260
H            2.13421876267952       -1.83861120057221       -0.35703940173201
H            0.04779845651866       -3.05031507440675       -0.17057682214932
H           -2.45055153846091       -1.07457389229814        0.29300209471634
H           -4.03932311944020        0.69834727144816        0.89201107275615
H           -2.76762920412860        1.91376811121779        0.82682260459789
H           -2.71985963324652        0.65106971929321        2.06033813488537
H           -2.41459351640530        1.31673842163708       -1.60318221893731
H           -3.62929877290307        0.04534819786237       -1.51263056392245
H           -2.00498637631711       -0.34005924305758       -2.06619970364826
31
 energy: -35.716099452779 gnorm: 0.000297165250 xtb: 6.7.1 (edcfbbe)
C            3.68636946407825        0.38048379361930        0.06865198193288
C            2.21522976527138        0.31641535092089       -0.33329029063132
H            2.14599292266025        0.38692263981014       -1.42514596771313
C            1.42493758776236        1.47314094012621        0.27647816881251
C           -0.04450177170431        1.39104258437802       -0.12429726417879
C           -0.66622522888898        0.07536637038856        0.34436554954519
H           -0.53368302923898       -0.00794998252089        1.42949994064397
C            0.11115548485984       -1.09557669789108       -0.27620571157462
H            0.02073112260773       -1.04785965797799       -1.37377546873768
C            1.59248329253450       -1.00828877244288        0.10463097025310
O           -0.46020101834291       -2.30859459610551        0.18718694593377
C           -2.18103653734035       -0.03490019380499        0.07491329234558
C           -2.97419155527169        0.86182623961063        1.02500347600658
C           -2.57300772858674        0.27141774859702       -1.36946842889899
H            4.12816104933048        1.31915475069597       -0.25637596659208
H            3.78648737057393        0.30969185410385        1.14939841104171
H            4.24350437897218       -0.43702115413577       -0.38251425390500
H            1.51026107497483        1.43352773767091        1.36468088770442
H            1.84524562325520        2.42341514791717       -0.05862066467539
H           -0.58837335008909        2.22860295647133        0.31266234071793
H           -0.11982005619679        1.46405615771672       -1.21039214124864
H            1.67467163244796       -1.11243561397912        1.18924547180928
H            2.13446103952992       -1.83913618467667       -0.35487169734751
H            0.04853685953907       -3.05088984577703       -0.16484368248124
H           -2.45039815140600       -1.07512411197649        0.28844718212339
H           -4.04035125048874        0.69653054166100        0.88966967394079
H           -2.76782838182299        1.91158785115324        0.83113115380573
H           -2.72313022671962        0.64438903979531        2.06039744643980
H           -2.41330169636881        1.32123896089827       -1.60114608786922
H           -3.62760490493581        0.04916864233324       -1.51536622859614
H           -2.00250594812608       -0.33413748618347       -2.06841302071615
31
 energy: -35.716103039186 gnorm: 0.000269334504 xtb: 6.7.1 (edcfbbe)
C            3.68663297441365        0.38074554679010        0.06616600859901
C            2.21495287954302        0.31623593868997       -0.33370586517473
H            2.14419256404295        0.38622485010905       -1.42550349969930
C            1.42506238169238        1.47293876806558        0.27653199542543
C           -0.04446445635997        1.39082828159771       -0.12381581034648
C           -0.66645274118844        0.07530303151166        0.34489500761751
H           -0.53499374960062       -0.00747823935554        1.43020739586078
C            0.11110541943401       -1.09627425436159       -0.27425160735589
H            0.01999668218987       -1.05051886412003       -1.37186488907874
C            1.59262347823054       -1.00811789485025        0.10577546841091
O           -0.45986139041125       -2.30848638041879        0.19177197041836
C           -2.18099014147308       -0.03505899719264        0.07365877668881
C           -2.97553267326360        0.85918868659422        1.02489104886688
C           -2.57157983489551        0.27483590404462       -1.37039810212245
H            4.12792658822082        1.31909276776947       -0.26047711494262
H            3.78823829940606        0.31109318426769        1.14684631357872
H            4.24315274607584       -0.43722760428150       -0.38493052217779
H            1.51076951617918        1.43318871590802        1.36469973355668
H            1.84531678304468        2.42321805941081       -0.05862759111246
H           -0.58838754696786        2.22841894255475        0.31307008015492
H           -0.11973652539011        1.46379006516088       -1.20990159606776
H            1.67553166305668       -1.11135022766705        1.19043760276305
H            2.13445421061760       -1.83923921862877       -0.35336436514095
H            0.04870052348777       -3.05145112019801       -0.15912106846305
H           -2.45030070413647       -1.07583486260139        0.28452383235371
H           -4.04152907705235        0.69455497600537        0.88756793467137
H           -2.76863168146558        1.90942169358508        0.83430077576098
H           -2.72606452638503        0.63892715343068        2.05999056396599
H           -2.41174894965364        1.32523263504510       -1.59952507723817
H           -3.62604492240090        0.05287179768243       -1.51797477877321
H           -2.00026995612064       -0.32900832415172       -2.07023660310879
31
 energy: -35.716105892962 gnorm: 0.000171771240 xtb: 6.7.1 (edcfbbe)
C            3.68672853436814        0.38085174287535        0.06386143759469
C            2.21456102306400        0.31603533986141       -0.33419335616385
H            2.14246746740969        0.38554416459064       -1.42595382958666
C            1.42523327106492        1.47282782825896        0.27658819740647
C           -0.04443868248747        1.39077826396107       -0.12325850111601
C           -0.66668937737381        0.07537135464343        0.34541142820556
H           -0.53624214337620       -0.00705073265014        1.43087363923548
C            0.11110549511701       -1.09685603487936       -0.27229802070853
H            0.01933785428637       -1.05286243111761       -1.36993549429806
C            1.59288789621127       -1.00815197582743        0.10665829341477
O           -0.45941670389148       -2.30827780947081        0.19608757358277
C           -2.18097172686944       -0.03493125136889        0.07248156009266
C           -2.97688141427512        0.85692240279446        1.02482166568616
C           -2.57014454319605        0.27775403059288       -1.37133218300646
H            4.12752176468121        1.31904168551094       -0.26393375375515
H            3.78976208964621        0.31186617649633        1.14446440782417
H            4.24276062218240       -0.43732481353961       -0.38748786986482
H            1.51151990020736        1.43306038012093        1.36472484583023
H            1.84533858280159        2.42310549194913       -0.05878370587156
H           -0.58824881544985        2.22834628097119        0.31386095066228
H           -0.11992060034722        1.46394128073787       -1.20931644862863
H            1.67649508838655       -1.11053833170438        1.19136876505306
H            2.13454383285506       -1.83956305612480       -0.35222204382738
H            0.04886673960954       -3.05192505199617       -0.15370265846705
H           -2.45015277782610       -1.07624318024723        0.28083368026579
H           -4.04269254234512        0.69259121558706        0.88548006105737
H           -2.76963012893141        1.90767208052631        0.83721562038693
H           -2.72895488400272        0.63390191331743        2.05978061032686
H           -2.41029775205775        1.32870554588338       -1.59806167079611
H           -3.62444303097162        0.05593372869483       -1.52046627288918
H           -1.99793720561994       -0.32446122805128       -2.07193090975512
31
 energy: -35.716107097555 gnorm: 0.000103789710 xtb: 6.7.1 (edcfbbe)
C            3.68679892851610        0.38086468921266        0.06328124407402
C            2.21450752450237        0.31582745325220       -0.33433003359071
H            2.14220021844816        0.38486034562138       -1.42610801920314
C            1.42529286160807        1.47290387982001        0.27605524635905
C           -0.04451523827198        1.39073966255032       -0.12338199531441
C           -0.66675112751954        0.07539082522800        0.34550174693163
H           -0.53653189259375       -0.00683540838111        1.43102683539859
C            0.11105759406668       -1.09717181379133       -0.27164898587550
H            0.01933766228796       -1.05369132704955       -1.36933933079216
C            1.59287460397419       -1.00815221277242        0.10717500236090
O           -0.45942269072031       -2.30820120364017        0.19753275457986
C           -2.18093743466259       -0.03501141135023        0.07205042560050
C           -2.97739011927925        0.85565674375139        1.02505683877578
C           -2.56956157977959        0.27928777205428       -1.37164037347822
H            4.12747863193795        1.31907446263858       -0.26472001691461
H            3.79004199696490        0.31200974919891        1.14389738340898
H            4.24280424946361       -0.43735692549133       -0.38808301015761
H            1.51186323533271        1.43362608094498        1.36420384914836
H            1.84532116993005        2.42304094580167       -0.05985458514605
H           -0.58827490462606        2.22841551150708        0.31370333461229
H           -0.12016171985901        1.46379826144622       -1.20948890698936
H            1.67661302439505       -1.11001577782655        1.19194323562287
H            2.13449953068829       -1.83980057828728       -0.35134197289737
H            0.04883325484665       -3.05218477969207       -0.15150068581507
H           -2.45000370393636       -1.07655421859904        0.27932915148642
H           -4.04312116190509        0.69110139967025        0.88522445154748
H           -2.77046566754471        1.90669984451744        0.83859802001277
H           -2.72975719750896        0.63171099964558        2.05991040729820
H           -2.41004543321741        1.33057690360047       -1.59712605064957
H           -3.62370428415815        0.05728854026589       -1.52156052401993
H           -1.99681249850998       -0.32183340345034       -2.07272941848333
31
 energy: -35.716108376434 gnorm: 0.000109326482 xtb: 6.7.1 (edcfbbe)
C            3.68681401685091        0.38079410867049        0.06239435907132
C            2.21436749438387        0.31561250758918       -0.33463754508278
H            2.14159759015372        0.38419146434365       -1.42642478327369
C            1.42545742158535        1.47292783807843        0.27568629928417
C           -0.04448206452290        1.39069566246870       -0.12327558698560
C           -0.66683659346571        0.07547732644871        0.34572667484191
H           -0.53704235052697       -0.00643170271115        1.43133048643883
C            0.11106703231538       -1.09744298576519       -0.27072211946290
H            0.01914933195338       -1.05472218252038       -1.36845038381653
C            1.59297765312807       -1.00817005873682        0.10773220895649
O           -0.45932333200504       -2.30799983771429        0.19947937350437
C           -2.18089329138275       -0.03497235918907        0.07145979625821
C           -2.97811420802766        0.85430137355258        1.02512749500359
C           -2.56890912199071        0.28093580327669       -1.37204887585148
H            4.12719971362946        1.31911291967985       -0.26569157080453
H            3.79058384087202        0.31182417863804        1.14296329368528
H            4.24275617452649       -0.43727267351196       -0.38933421300897
H            1.51248517473189        1.43413354404612        1.36382650730121
H            1.84534287688282        2.42291628880190       -0.06082877742344
H           -0.58813169155745        2.22836178909085        0.31401048276021
H           -0.12043503373156        1.46384619626879       -1.20936222554271
H            1.67695027572634       -1.10944456126100        1.19254609034971
H            2.13453683200046       -1.84005682017127       -0.35045434478249
H            0.04887331849723       -3.05241878445049       -0.14869344472363
H           -2.44983402293137       -1.07682168062945        0.27727503156888
H           -4.04373519691803        0.68954692631937        0.88460637394708
H           -2.77144219602576        1.90565191195651        0.84004121877479
H           -2.73090402753929        0.62921333421506        2.05984144363359
H           -2.41006920310945        1.33267424970865       -1.59590826921519
H           -3.62278013544325        0.05832334818162       -1.52298920816528
H           -1.99515844518945       -0.31872211427822       -2.07358976934975
31
 energy: -35.716109727896 gnorm: 0.000122077867 xtb: 6.7.1 (edcfbbe)
C            3.68693873104363        0.38071759614198        0.06111193056089
C            2.21422629390244        0.31540102631337       -0.33488607390476
H            2.14076259691707        0.38354256351698       -1.42664241293734
C            1.42560331052916        1.47291732310744        0.27539828199213
C           -0.04447498982671        1.39074574036717       -0.12302026516498
C           -0.66695088807333        0.07559817228205        0.34601638186757
H           -0.53783538827204       -0.00597043419564        1.43171097610465
C            0.11098910150585       -1.09777612531061       -0.26954320782450
H            0.01871974774200       -1.05608710533423       -1.36729177607335
C            1.59299163567578       -1.00811848829299        0.10841157960529
O           -0.45923318506276       -2.30789610598110        0.20194163283879
C           -2.18083681976831       -0.03496298298545        0.07073551620655
C           -2.97889862513689        0.85278052469161        1.02510072867042
C           -2.56807167306820        0.28284902894364       -1.37256505570393
H            4.12693506062804        1.31919730810282       -0.26700726125175
H            3.79142890825931        0.31146193535056        1.14157318604698
H            4.24270642233980       -0.43712634598167       -0.39121424871584
H            1.51311976596616        1.43444311677876        1.36348926976981
H            1.84539594369816        2.42277368074653       -0.06159749629106
H           -0.58797568481819        2.22838346194705        0.31451928697038
H           -0.12068751888903        1.46402783471923       -1.20904176840679
H            1.67729428128575       -1.10871052300123        1.19325279750012
H            2.13444604813717       -1.84025228986665       -0.34943079618020
H            0.04904291161269       -3.05270449737365       -0.14532662689910
H           -2.44958461446515       -1.07717931277108        0.27498310494675
H           -4.04437560725848        0.68801270868300        0.88356206753031
H           -2.77225672745312        1.90442394577907        0.84166614783750
H           -2.73239166922489        0.62621878746576        2.05965119667050
H           -2.41049137117361        1.33517018316779       -1.59456518306389
H           -3.62151285279178        0.05906183887818       -1.52470644325209
H           -1.99295531109047       -0.31487755549281       -2.07464945155839
31
 energy: -35.716111098195 gnorm: 0.000094374906 xtb: 6.7.1 (edcfbbe)
C            3.68697760412318        0.38065008589867        0.05954338518404
C            2.21394796822699        0.31518257046011       -0.33523734995807
H            2.13960580374882        0.38285002271099       -1.42697300132234
C            1.42578253155194        1.47290700801567        0.27525325048674
C           -0.04441667155509        1.39071948233337       -0.12274721864395
C           -0.66707863023377        0.07567473228781        0.34638757136475
H           -0.53866683014015       -0.00557268293443        1.43219043835139
C            0.11099620418630       -1.09809302214873       -0.26821827890757
H            0.01832185403918       -1.05767339193126       -1.36598157748386
C            1.59308643088949       -1.00812104786074        0.10920497803658
O           -0.45900951228728       -2.30775140459781        0.20485164687979
C           -2.18078992104226       -0.03490932527233        0.06993046165191
C           -2.97980701507840        0.85115029422559        1.02505586585093
C           -2.56714218697543        0.28495571730096       -1.37318587524350
H            4.12652457573772        1.31929485037215       -0.26873211734203
H            3.79247291361513        0.31109263721208        1.13989761322844
H            4.24245437119695       -0.43697568760618       -0.39354970678642
H            1.51370412384010        1.43457457170060        1.36332212105158
H            1.84550194150511        2.42269784820652       -0.06205208443563
H           -0.58777339373663        2.22835814762270        0.31499675741063
H           -0.12089451731997        1.46408586110803       -1.20874731872972
H            1.67772810529656       -1.10790558729549        1.19410305168655
H            2.13443522829973       -1.84055789854633       -0.34822137464154
H            0.04942875047026       -3.05288136561689       -0.14147711100055
H           -2.44936535103353       -1.07749059104349        0.27252158852947
H           -4.04514890932741        0.68669225256835        0.88211609737514
H           -2.77288240900250        1.90310082692554        0.84370119400552
H           -2.73439389951489        0.62272456025073        2.05945966854530
H           -2.41122212557356        1.33798611869527       -1.59300310600747
H           -3.62003783538057        0.05962493794824       -1.52685508494189
H           -1.99027136565600       -0.31032551059383       -2.07591846630356
31
 energy: -35.716112363006 gnorm: 0.000076771518 xtb: 6.7.1 (edcfbbe)
C            3.68714732692429        0.38060758522482        0.05780051688100
C            2.21374139883235        0.31499037364986       -0.33553193143892
H            2.13836460434990        0.38218713016251       -1.42722295091061
C            1.42587820220681        1.47278506731021        0.27516910417244
C           -0.04441754274404        1.39072503187206       -0.12248108333466
C           -0.66723796100836        0.07577938481178        0.34671014008381
H           -0.53956886587711       -0.00508357942946        1.43261955026918
C            0.11094828125135       -1.09848933597629       -0.26677330968579
H            0.01787594746513       -1.05943959555871       -1.36453736473771
C            1.59314110959294       -1.00802796202843        0.11005346363793
O           -0.45883694120633       -2.30771358798443        0.20788332677411
C           -2.18075316244489       -0.03487780834625        0.06908667429966
C           -2.98071233933448        0.84950621462813        1.02496919154465
C           -2.56619381496494        0.28714206633045       -1.37377838278246
H            4.12621437879149        1.31936197615581       -0.27078347334017
H            3.79373301262461        0.31092323531731        1.13802988390539
H            4.24230811189677       -0.43686084047442       -0.39596463836854
H            1.51413230967012        1.43449176557179        1.36320831206463
H            1.84555529785057        2.42251960797395       -0.06230958717483
H           -0.58772110227064        2.22841079855304        0.31526115570753
H           -0.12102083552495        1.46402423269451       -1.20846183879829
H            1.67815319883752       -1.10697497301123        1.19499652886719
H            2.13443036393129       -1.84074929335662       -0.34691140675761
H            0.04982748343376       -3.05312358877734       -0.13750150353190
H           -2.44920348310284       -1.07784014637292        0.26984808057994
H           -4.04592680653516        0.68571500506636        0.88028721342613
H           -2.77314120221459        1.90176879802090        0.84613191278072
H           -2.73673781316027        0.61878049057945        2.05920345599312
H           -2.41216682587985        1.34097216850405       -1.59113720038385
H           -3.61846368341931        0.05999686155044       -1.52909971125690
H           -1.98728081510115       -0.30544207226547       -2.07712811059453
31
 energy: -35.716113398959 gnorm: 0.000068551943 xtb: 6.7.1 (edcfbbe)
C            3.68716673636975        0.38064467791121        0.05622294220041
C            2.21343416182577        0.31478865193573       -0.33577312773451
H            2.13715640980993        0.38155213923616       -1.42742729884505
C            1.42597611367975        1.47276013843088        0.27508624337537
C           -0.04433752452024        1.39060304939219       -0.12241527320167
C           -0.66739129780904        0.07584626844888        0.34702539907474
H           -0.54040692987218       -0.00459461820081        1.43304533818778
C            0.11093047780024       -1.09884100372034       -0.26549539347671
H            0.01749975737037       -1.06106032418938       -1.36327587607744
C            1.59320390941705       -1.00803414910589        0.11089338587339
O           -0.45863515496441       -2.30762877009925        0.21065544360003
C           -2.18072356347619       -0.03485770518804        0.06833007052489
C           -2.98148828057817        0.84790341356018        1.02501341602560
C           -2.56527832411074        0.28925759648176       -1.37433303661500
H            4.12582934796574        1.31939868440649       -0.27290493914267
H            3.79478279682625        0.31108997369886        1.13635127041956
H            4.24197297799228       -0.43681296719261       -0.39798560048273
H            1.51442274383018        1.43442557250641        1.36310240708950
H            1.84562120454966        2.42248676471032       -0.06246788641738
H           -0.58758860784438        2.22837936788410        0.31520614467342
H           -0.12094519953102        1.46377528167971       -1.20839625967882
H            1.67853172774610       -1.10616475194895        1.19588812601069
H            2.13442336459918       -1.84104613599374       -0.34562732432261
H            0.05020488235294       -3.05332284693514       -0.13386729723934
H           -2.44903769121222       -1.07816064210801        0.26750035090184
H           -4.04659163720157        0.68510873060327        0.87841929192737
H           -2.77296012957485        1.90040705545896        0.84875412084203
H           -2.73914649566524        0.61476508782830        2.05909201326703
H           -2.41317674270913        1.34382480786060       -1.58947064737335
H           -3.61691199905041        0.06031193652268       -1.53121853027959
H           -1.98446920114540       -0.30074027347862       -2.07829145521612
31
 energy: -35.716114164076 gnorm: 0.000062692627 xtb: 6.7.1 (edcfbbe)
C            3.68725850418048        0.38067439767582        0.05505007440886
C            2.21328443104238        0.31462848567134       -0.33599383919767
H            2.13629853982080        0.38096502084486       -1.42763037132191
C            1.42597513877909        1.47265380178215        0.27494805119456
C           -0.04435917462120        1.39055197460542       -0.12248663958480
C           -0.66748104365725        0.07591415533727        0.34719808948773
H           -0.54096815966509       -0.00413674459941        1.43329361150454
C            0.11094256305153       -1.09917232117256       -0.26442292803343
H            0.01728740620007       -1.06234148501161       -1.36221223934184
C            1.59328097327237       -1.00798045328771        0.11158618049897
O           -0.45848566070455       -2.30760373780725        0.21286232052996
C           -2.18067875965605       -0.03481353892408        0.06770169851870
C           -2.98209669802220        0.84657592744668        1.02510203413550
C           -2.56465101626213        0.29099876096177       -1.37473808742762
H            4.12562433318445        1.31933706961655       -0.27473915206461
H            3.79561376575220        0.31153820678039        1.13513424213088
H            4.24180750313103       -0.43691585827997       -0.39924502398699
H            1.51453414097055        1.43438748077677        1.36296150047075
H            1.84562461831126        2.42233435150571       -0.06270830617662
H           -0.58763906520821        2.22845864101443        0.31488564828495
H           -0.12091445159523        1.46342878991263       -1.20848978332686
H            1.67880875344037       -1.10546647739232        1.19662398869414
H            2.13447190512464       -1.84121633510809       -0.34455195008343
H            0.05044662138961       -3.05354491643254       -0.13098170808576
H           -2.44886077261818       -1.07841586374568        0.26545078413335
H           -4.04712944469496        0.68485376905619        0.87679463831881
H           -2.77254022694799        1.89929077690883        0.85130547546741
H           -2.74127137581449        0.61111380975689        2.05900727353326
H           -2.41407404772373        1.34617334603849       -1.58794435828388
H           -3.61578340585506        0.06061416761624       -1.53291041140852
H           -1.98225806173449       -0.29682019115134       -2.07921479509780
31
 energy: -35.716114721273 gnorm: 0.000055032685 xtb: 6.7.1 (edcfbbe)
C            3.68729374349790        0.38074541413246        0.05433028315737
C            2.21317435877032        0.31448554059574       -0.33609633045406
H            2.13579430560152        0.38045433386504       -1.42772208831541
C            1.42601767447404        1.47268242223772        0.27469695361620
C           -0.04429943546583        1.39043938841652       -0.12272926918917
C           -0.66758550899926        0.07598563345315        0.34725351505038
H           -0.54140703235451       -0.00367931459271        1.43341170510861
C            0.11092875436110       -1.09938818839238       -0.26372093154026
H            0.01715055278437       -1.06330024455750       -1.36153049838963
C            1.59330579279245       -1.00796604242602        0.11211378010976
O           -0.45840129842621       -2.30752774431764        0.21440402455791
C           -2.18068978488531       -0.03486405618698        0.06724895036435
C           -2.98248769075074        0.84547364286662        1.02528557089899
C           -2.56422643881528        0.29235840690266       -1.37498451274849
H            4.12555252178374        1.31920557763831       -0.27617207471515
H            3.79606720249935        0.31223159738298        1.13440304179298
H            4.24165262147810       -0.43711203246611       -0.39970849192843
H            1.51458644563536        1.43452453151145        1.36270802017603
H            1.84568333239566        2.42231345442671       -0.06308459271924
H           -0.58761767002554        2.22847191495846        0.31434229828331
H           -0.12078208953910        1.46301785322311       -1.20874894123516
H            1.67896972640298       -1.10493043721293        1.19718525443690
H            2.13449029243946       -1.84139218784063       -0.34368565034187
H            0.05055696729087       -3.05367949722688       -0.12894555600381
H           -2.44878093966181       -1.07869777773452        0.26389375248559
H           -4.04747377998970        0.68483196245696        0.87549631255836
H           -2.77191021387537        1.89833229843670        0.85361076492756
H           -2.74298892774983        0.60797514450852        2.05903081237770
H           -2.41480959571534        1.34799855988445       -1.58671233148016
H           -3.61498385781924        0.06090753756005       -1.53404650716460
H           -1.98071219526414       -0.29383268110745       -2.07989124578591
31
 energy: -35.716115174580 gnorm: 0.000050587659 xtb: 6.7.1 (edcfbbe)
C            3.68729441533609        0.38079385853029        0.05398305526386
C            2.21312532498027        0.31435465470337       -0.33621489463424
H            2.13558478162415        0.37996449753509       -1.42785535465288
C            1.42597266855372        1.47268185184206        0.27433957290501
C           -0.04431667895682        1.39035906921945       -0.12314662995462
C           -0.66759162294345        0.07603693888047        0.34723814302577
H           -0.54161246308727       -0.00327542248901        1.43344454513618
C            0.11097101893904       -1.09959038920719       -0.26319444094140
H            0.01713049692113       -1.06402803118761       -1.36102126107023
C            1.59335792739549       -1.00795380510929        0.11255523599837
O           -0.45830721719061       -2.30750712921084        0.21553983513041
C           -2.18063497923212       -0.03482257752664        0.06688149054061
C           -2.98274833123302        0.84450043247320        1.02557638063453
C           -2.56398708013852        0.29353207312418       -1.37516085624792
H            4.12554766534419        1.31899512632310       -0.27726408106619
H            3.79623451840002        0.31304537291493        1.13409028149408
H            4.24154105445380       -0.43741361494182       -0.39956481898897
H            1.51453431196088        1.43478039859225        1.36236286787166
H            1.84562831181312        2.42223564992986       -0.06365754040619
H           -0.58765885863054        2.22854595209196        0.31361634019946
H           -0.12070009006062        1.46260066629431       -1.20919932742414
H            1.67904421679765       -1.10449982441909        1.19766532769532
H            2.13454326207008       -1.84154065557079       -0.34294881777178
H            0.05062726203592       -3.05382950570671       -0.12747235849557
H           -2.44856812240872       -1.07885187610527        0.26266100609954
H           -4.04770762817857        0.68486787690692        0.87452231422220
H           -2.77122936291684        1.89746971839743        0.85578530055080
H           -2.74439016187490        0.60517284718417        2.05916374802906
H           -2.41544945763459        1.34951902652420       -1.58574492096475
H           -3.61447209562681        0.06130805804350       -1.53486842207844
H           -1.97969525364216       -0.29138622764062       -2.08047570220890
31
 energy: -35.716115558124 gnorm: 0.000043526490 xtb: 6.7.1 (edcfbbe)
C            3.68731393715971        0.38084392282747        0.05394252188052
C            2.21315957108791        0.31423451171270       -0.33628087341296
H            2.13565302342354        0.37945958563742       -1.42794636448549
C            1.42598990929186        1.47277223046703        0.27385564052368
C           -0.04428362648982        1.39026647851123       -0.12365512452288
C           -0.66763328421596        0.07611056614052        0.34708634345709
H           -0.54173980534755       -0.00284582687100        1.43332131067240
C            0.11099203694591       -1.09972414713532       -0.26286233674261
H            0.01715771976323       -1.06458512930883       -1.36070525557857
C            1.59337245603926       -1.00792530862333        0.11289085157117
O           -0.45826819581941       -2.30746271867649        0.21633479559707
C           -2.18064854189867       -0.03489626178738        0.06659838168569
C           -2.98290095106920        0.84363558896124        1.02590275525586
C           -2.56391910603526        0.29451008287971       -1.37522115886740
H            4.12567440943686        1.31874460125555       -0.27801961019256
H            3.79617946747266        0.31393621328599        1.13411092800040
H            4.24150586829590       -0.43777741954671       -0.39893006949826
H            1.51449203878886        1.43521996524770        1.36189502649642
H            1.84566728241388        2.42221664382055       -0.06443324239881
H           -0.58769668766725        2.22859972837667        0.31274871958483
H           -0.12059927898159        1.46211043517756       -1.20973506997180
H            1.67901775407695       -1.10410066524047        1.19803538842915
H            2.13458982564334       -1.84166375946142       -0.34229835547921
H            0.05063033246838       -3.05392062420654       -0.12643426345695
H           -2.44845318793567       -1.07911393282579        0.26156727249325
H           -4.04784852277006        0.68489747072000        0.87384382056605
H           -2.77056478054660        1.89671911003843        0.85781413981596
H           -2.74545938384794        0.60264696805227        2.05931202378658
H           -2.41599853096736        1.35078309734135       -1.58481351536585
H           -3.61422772667092        0.06176828245577       -1.53535346688762
H           -1.97908618917496       -0.28939467883002       -2.08093519506452
31
 energy: -35.716115902044 gnorm: 0.000040119909 xtb: 6.7.1 (edcfbbe)
C            3.68731026316017        0.38087549716203        0.05413487822709
C            2.21322114268788        0.31410342079163       -0.33631541295448
H            2.13591570139209        0.37894351184301       -1.42801517034529
C            1.42594959970720        1.47286798164244        0.27325809042221
C           -0.04428402752832        1.39016867459101       -0.12433533230221
C           -0.66761768959240        0.07618289122675        0.34690853294699
H           -0.54176178961750       -0.00239524303680        1.43317718969783
C            0.11102689211085       -1.09983616162561       -0.26266572421886
H            0.01722830996964       -1.06506777359502       -1.36052975646779
C            1.59337366307199       -1.00790915248485        0.11320190931396
O           -0.45822558187948       -2.30742984285781        0.21689636583939
C           -2.18061498959966       -0.03489997347289        0.06634512807972
C           -2.98297157000782        0.84277670365884        1.02633419538915
C           -2.56394330259147        0.29543898818898       -1.37524437412895
H            4.12585307543246        1.31844617609746       -0.27850879607456
H            3.79593106569366        0.31486323821418        1.13437844178520
H            4.24151768218729       -0.43818595957662       -0.39791841695804
H            1.51438495832456        1.43577604545417        1.36131668573542
H            1.84561953188479        2.42218056352566       -0.06540573810234
H           -0.58775219830433        2.22866699400627        0.31168362673256
H           -0.12049958910309        1.46159271337890       -1.21045002058046
H            1.67892299902463       -1.10373850314452        1.19838540247279
H            2.13463864031578       -1.84178933348368       -0.34166953826831
H            0.05063203117565       -3.05399418718746       -0.12570078436068
H           -2.44826112294333       -1.07928366872459        0.26060485137563
H           -4.04791657898968        0.68485242958529        0.87341471671813
H           -2.76991166251964        1.89595018267154        0.85978050666965
H           -2.74628406296028        0.60027095475534        2.05956228904635
H           -2.41652350107044        1.35195222915856       -1.58397755110803
H           -3.61412443132899        0.06231545703198       -1.53564229501961
H           -1.97876562523219       -0.28762984339835       -2.08136788167182
31
 energy: -35.716116213143 gnorm: 0.000038509158 xtb: 6.7.1 (edcfbbe)
C            3.68727918039238        0.38090135278496        0.05451638247874
C            2.21331454804719        0.31397523692373       -0.33638380830167
H            2.13632100694487        0.37838975547436       -1.42813557559537
C            1.42592653785781        1.47299461400191        0.27257592866128
C           -0.04426709948556        1.39006761746858       -0.12511689148688
C           -0.66760042209678        0.07625459407112        0.34661455346728
H           -0.54170837969181       -0.00193096327611        1.43289807493187
C            0.11109046163534       -1.09995951221887       -0.26249884069605
H            0.01736028459107       -1.06547953063602       -1.36037549834571
C            1.59339493455331       -1.00788806956328        0.11348947587589
O           -0.45819169306122       -2.30743472531505        0.21734083756930
C           -2.18060362972101       -0.03494502139881        0.06611915478949
C           -2.98300149485001        0.84192408545608        1.02681042909793
C           -2.56406070930335        0.29637872987139       -1.37521468354939
H            4.12603688127862        1.31813491249361       -0.27879442522838
H            3.79555194474616        0.31579461357461        1.13485739021350
H            4.24152705515764       -0.43861215842123       -0.39666795917218
H            1.51425156731542        1.43645593941627        1.36066384784709
H            1.84560096847392        2.42215089935851       -0.06652248700778
H           -0.58781020026216        2.22875584223408        0.31045816054760
H           -0.12037025750346        1.46099310609211       -1.21127071828273
H            1.67876793286238       -1.10338044988178        1.19871728194909
H            2.13471980388257       -1.84191896489081       -0.34103495030183
H            0.05063210732345       -3.05408844989440       -0.12511162854351
H           -2.44805552392492       -1.07950858048511        0.25968373818061
H           -4.04795071727110        0.68470991083906        0.87320531876648
H           -2.76933169188135        1.89520626936657        0.86171918836523
H           -2.74691187543033        0.59796954717011        2.05983192907524
H           -2.41706358374839        1.35310601688992       -1.58314946374357
H           -3.61414522657292        0.06295894559505       -1.53581291935390
H           -1.97863487738777       -0.28591055270468       -2.08177582431700
31
 energy: -35.716116482470 gnorm: 0.000034386685 xtb: 6.7.1 (edcfbbe)
C            3.68728473542504        0.38091165124243        0.05497462880404
C            2.21344329193373        0.31383261942608       -0.33637969058874
H            2.13681872281498        0.37781207626461       -1.42817832721851
C            1.42588276691014        1.47312645637594        0.27183941814722
C           -0.04426298627482        1.38995277307879       -0.12598245671277
C           -0.66757340911673        0.07634195382273        0.34633346847714
H           -0.54161949038039       -0.00142146423258        1.43264196632528
C            0.11112933367971       -1.10003967980586       -0.26243958505099
H            0.01749347058684       -1.06588254719174       -1.36034223542507
C            1.59337492823592       -1.00786479904027        0.11376712054982
O           -0.45817962371780       -2.30738397883951        0.21770026804184
C           -2.18057905442826       -0.03496818461339        0.06588286626222
C           -2.98298339539361        0.84106714231750        1.02732752009723
C           -2.56423581574965        0.29728056381268       -1.37517694331182
H            4.12627125879032        1.31784040693689       -0.27889129414654
H            3.79511844979060        0.31664700374222        1.13540650578011
H            4.24162749719799       -0.43902036713213       -0.39533554172569
H            1.51408167643723        1.43716353412946        1.35995434770821
H            1.84557228689657        2.42211665999418       -0.06771049624190
H           -0.58791774190577        2.22882135441558        0.30911235946859
H           -0.12024078113760        1.46034250429187       -1.21218046401260
H            1.67857092843690       -1.10300982422106        1.19903948646421
H            2.13477893243985       -1.84204234103260       -0.34039249092598
H            0.05063622202362       -3.05412931259594       -0.12456385890753
H           -2.44785339908096       -1.07970826446854        0.25872371127853
H           -4.04793968404887        0.68443164587599        0.87318252784291
H           -2.76884087294545        1.89446313419556        0.86357769245538
H           -2.74733384534471        0.59578154197521        2.06013612606571
H           -2.41760980984231        1.35422589471531       -1.58226730679203
H           -3.61425084683300        0.06362448195855       -1.53592168118065
H           -1.97859591252946       -0.28424762500211       -2.08220162363697
31
 energy: -35.716116690107 gnorm: 0.000027691927 xtb: 6.7.1 (edcfbbe)
C            3.68725066062783        0.38092384870498        0.05544936447623
C            2.21354603382200        0.31370447479587       -0.33640956023085
H            2.13728972932265        0.37728862639226       -1.42825879867565
C            1.42584958203773        1.47325726226973        0.27115568444072
C           -0.04423989807569        1.38985147389532       -0.12680691717123
C           -0.66754885613190        0.07641221701349        0.34599646904915
H           -0.54154081992140       -0.00097452133685        1.43231898482821
C            0.11118339950680       -1.10015493648036       -0.26236522237416
H            0.01764521424323       -1.06625911191294       -1.36028399856220
C            1.59337456152949       -1.00785451907620        0.11402179792697
O           -0.45816327920713       -2.30739804028167        0.21798501811086
C           -2.18056967655664       -0.03499922926783        0.06568604465469
C           -2.98297104075027        0.84028474746337        1.02781081256384
C           -2.56439405348581        0.29815078106354       -1.37512170484291
H            4.12643344253028        1.31760817303788       -0.27883549055846
H            3.79469229051516        0.31732207006834        1.13596114970957
H            4.24169996428548       -0.43932589251032       -0.39414322982427
H            1.51390148211512        1.43783389715222        1.35929999094861
H            1.84555149917590        2.42209389648174       -0.06880767899829
H           -0.58797630217637        2.22891041680956        0.30782236429298
H           -0.12007080254255        1.45974817496623       -1.21304598230309
H            1.67836822111036       -1.10269017983238        1.19933805976494
H            2.13485524295812       -1.84216985480835       -0.33979220924184
H            0.05067001420513       -3.05421682072500       -0.12409238575145
H           -2.44767386791801       -1.07989277041035        0.25791505813442
H           -4.04793823831784        0.68406430200664        0.87331781819957
H           -2.76851720387835        1.89378183550546        0.86514071090529
H           -2.74756502381243        0.59392618546366        2.06041973821467
H           -2.41812909333297        1.35528750172012       -1.58150333726027
H           -3.61433841180696        0.06426261587633       -1.53596515985481
H           -1.97860693720092       -0.28271161364864       -2.08257137268057
31
 energy: -35.716116839754 gnorm: 0.000023810727 xtb: 6.7.1 (edcfbbe)
C            3.68724024629149        0.38092214199881        0.05585946790052
C            2.21364872951478        0.31359016006373       -0.33640978017761
H            2.13770638906206        0.37682992104217       -1.42830002171782
C            1.42581371389737        1.47335795359391        0.27057391366699
C           -0.04423016799983        1.38975064042617       -0.12752040371264
C           -0.66752427391193        0.07647484383917        0.34574700031410
H           -0.54144238937273       -0.00058198838005        1.43208379070172
C            0.11122034809176       -1.10022887399884       -0.26232705996111
H            0.01776891759543       -1.06656839618955       -1.36026541564144
C            1.59336176778443       -1.00783972349634        0.11424217104718
O           -0.45816680807459       -2.30736750027858        0.21823418909954
C           -2.18054945461603       -0.03502314788782        0.06549412501888
C           -2.98292564978848        0.83962950823601        1.02821481405152
C           -2.56456580076863        0.29888205382446       -1.37508758671042
H            4.12655766322937        1.31745022965901       -0.27869003539085
H            3.79433291131318        0.31778222310981        1.13643479002404
H            4.24179983980752       -0.43954421253015       -0.39320414829999
H            1.51374162599386        1.43839482897536        1.35874222215184
H            1.84553516833216        2.42206139592921       -0.06973927264088
H           -0.58806760650364        2.22895965473713        0.30670022672549
H           -0.11993831148909        1.45920062578913       -1.21379902861823
H            1.67818274225682       -1.10240216383662        1.19959686861971
H            2.13491206376120       -1.84227345772927       -0.33927116045581
H            0.05069615041908       -3.05425668808269       -0.12364620489385
H           -2.44749974718648       -1.08005659472501        0.25717464485312
H           -4.04789642182039        0.68363375618045        0.87353298264247
H           -2.76833521152069        1.89323299536812        0.86638780935338
H           -2.74763094786682        0.59243417538134        2.06065043224407
H           -2.41860202370809        1.35618520470746       -1.58081993199147
H           -3.61445430240953        0.06480627159170       -1.53604184859137
H           -1.97862132744355       -0.28137082692235       -2.08291153172040
31
 energy: -35.716116936469 gnorm: 0.000019921065 xtb: 6.7.1 (edcfbbe)
C            3.68722569337242        0.38091931502190        0.05618076503207
C            2.21372263339232        0.31350138392164       -0.33641464245078
H            2.13802597206702        0.37648453099317       -1.42833625924164
C            1.42578752430371        1.47343733651352        0.27012695570555
C           -0.04421553487516        1.38968017823518       -0.12808114727972
C           -0.66750622184754        0.07652402174360        0.34551840045260
H           -0.54138000522602       -0.00027506834886        1.43186524470127
C            0.11125252792427       -1.10030072179255       -0.26229697433630
H            0.01786736543304       -1.06682163142030       -1.36024848404767
C            1.59335588347339       -1.00783631998649        0.11440437842280
O           -0.45816206180180       -2.30736298318050        0.21842196172537
C           -2.18054249755185       -0.03503106477669        0.06535803998525
C           -2.98291142659543        0.83912576805798        1.02853352503018
C           -2.56468298831134        0.29945054177342       -1.37505387998987
H            4.12663986927028        1.31734786710141       -0.27851863911233
H            3.79405707205777        0.31807761906427        1.13679950169625
H            4.24188213532275       -0.43968068050872       -0.39251744777080
H            1.51360768137138        1.43882065138766        1.35831448411633
H            1.84552531577756        2.42204072787448       -0.07044570380442
H           -0.58812365836819        2.22900957066631        0.30582231314922
H           -0.11981765154744        1.45879140352708       -1.21438838950670
H            1.67803911213166       -1.10219076107487        1.19978830676703
H            2.13496201344478       -1.84235963483438       -0.33887669272601
H            0.05073778051562       -3.05430554021944       -0.12328636300401
H           -2.44738354505374       -1.08016691201264        0.25661864965300
H           -4.04788999363811        0.68328489104259        0.87374209248479
H           -2.76823531575085        1.89280310008620        0.86730691803206
H           -2.74765183514392        0.59133742538307        2.06083518712707
H           -2.41898338605736        1.35688721449274       -1.58028749226832
H           -3.61452122034271        0.06519858403831       -1.53608052888721
H           -1.97861340487648       -0.28032580237322       -2.08316806176435
