----------------------------------------------- 
  Element       SASA      Sigma Z        Total  
     Z         Ang**2 cal/Ang**2/mol   kcal/mol 
----------------------------------------------- 
      H         95.171      48.690       4.634
      C         38.873     129.740       5.043
      N          1.596       0.000       0.000
      O         42.518       0.000       0.000
      S         23.009      -9.100      -0.209
      Cl        98.859       9.820       0.971

 Subtotal:     300.027                  10.439
 -----------------------------------------------

  Elements    COT*SASA   Sigma Z,Z'     Total   
    Z,Z'       Ang**2  cal/Ang**2/mol kcal/mol  
 ---------------------------------------------- 
  H   C         64.135     -60.770      -3.898
  H   O          0.000       0.000       0.000
  C   C         43.567     -72.950      -3.178
  O   C         27.555      68.690       1.893
  O   O          0.000       0.000       0.000
  C   N          4.753       0.000       0.000
  N   C          5.062     -48.220      -0.244
  N  C(3)        0.000      84.100       0.000
  O   N          0.000     121.980       0.000

 Subtotal:                              -5.427
 ---------------------------------------------- 

 NONAQUEOUS SOLVENT CONTRIBUTION (kcal/mol):
 (proportional to SASA, atomic number independent)
 ---------------------------------------------- 
 Subtotal:                               0.000
 ---------------------------------------------- 

 CDS TOTAL (kcal/mol):                   5.012
...............................................................................
