----------------------------------------------- 
  Element       SASA      Sigma Z        Total  
     Z         Ang**2 cal/Ang**2/mol   kcal/mol 
----------------------------------------------- 
      H         24.759      48.690       1.205
      C          5.235     129.740       0.679
      F         67.578      38.180       2.580
      Cl        37.934       9.820       0.373

 Subtotal:     135.505                   4.837
 -----------------------------------------------

  Elements    COT*SASA   Sigma Z,Z'     Total   
    Z,Z'       Ang**2  cal/Ang**2/mol kcal/mol  
 ---------------------------------------------- 
  H   C         16.684     -60.770      -1.014
  C   C          3.239     -72.950      -0.236

 Subtotal:                              -1.250
 ---------------------------------------------- 

 NONAQUEOUS SOLVENT CONTRIBUTION (kcal/mol):
 (proportional to SASA, atomic number independent)
 ---------------------------------------------- 
 Subtotal:                               0.000
 ---------------------------------------------- 

 CDS TOTAL (kcal/mol):                   3.587
...............................................................................
