
         ______________________________________________________________
        |                                                              |
        |                                                              |
        |                   CENSO - Commandline ENSO                   |
        |                           v 2.1.2                            |
        |    energetic sorting of CREST Conformer Rotamer Ensembles    |
        |                    University of Bonn, MCTC                  |
        |                           Oct 2024                           |
        |                 based on ENSO version 2.0.1                  |
        |             L. M. Seidler, F. Bohle and S. Grimme            |
        |                                                              |
        |______________________________________________________________|

        Please cite:
        (TBA)
        S. Grimme, F. Bohle, A. Hansen, P. Pracht, S. Spicher, and M. Stahn
        J. Phys. Chem. A 2021, 125, 19, 4039-4054.
        DOI: https://doi.org/10.1021/acs.jpca.1c00971

        This program is distributed in the hope that it will be useful,
        but WITHOUT ANY WARRANTY; without even the implied warranty of
        MERCHANTABILITY or FITNESS FOR A PARTICULAR PURPOSE.

Reading configuration file from /home/z5358697/.censo2rc.
CALL: /srv/scratch/z5358697/.censo/bin/censo -i crest_conformers.xyz --maxcores 4 -O 1 --loglevel DEBUG
Read 4 conformers.
Number of atoms:              17
Charge:                       0
Unpaired electrons:           0


----------------------------------------------------------------------------------------------------
                                          GENERAL SETTINGS                                          
----------------------------------------------------------------------------------------------------
    
imagthr:                      -100.0
sthr:                         0.0
scale:                        1.0
temperature:                  298.15
solvent:                      h2o
sm_rrho:                      alpb
multitemp:                    False
evaluate_rrho:                False
consider_sym:                 False
bhess:                        False
rmsdbias:                     False
balance:                      False
gas-phase:                    False
copy_mo:                      True
retry_failed:                 True
trange:                       [273.15, 373.15, 5]



----------------------------------------------------------------------------------------------------
                                            PRESCREENING                                            
----------------------------------------------------------------------------------------------------
    
threshold:                    4.0
func:                         pbe-d4
basis:                        def2-sv(p)
prog:                         orca
gfnv:                         gfn2
run:                          True
template:                     False


Running xtb_gsolv calculation for CONF2.
Running xtb_gsolv calculation for CONF1.
Running xtb_gsolv calculation for CONF4.
Running xtb_gsolv calculation for CONF3.
Running sp calculation for CONF1.
Running sp calculation for CONF2.
Running sp calculation for CONF3.
Running sp calculation for CONF4.



-------------------------------- PRESCREENING SINGLE-POINT RESULTS ---------------------------------

CONF#        E (xTB)          ΔE (xTB)          E (DFT)          ΔE (DFT)        ΔGsolv (xTB)          Gtot             ΔGtot          Boltzmann weight   
               [Eh]          [kcal/mol]          [Eh]           [kcal/mol]        [kcal/mol]           [Eh]           [kcal/mol]        % at 298.15 K     
CONF1       -27.187693          0.00          -421.093806          0.00           -4.228574         -421.100545          0.00               33.38         
CONF2       -27.187589          0.07          -421.093561          0.15           -4.235987         -421.100311          0.15               26.05         
CONF3       -27.186846          0.53          -421.093310          0.31           -4.387903         -421.100302          0.15               25.81         
CONF4       -27.186793          0.57          -421.092832          0.61           -4.356687         -421.099775          0.48               14.76         

Boltzmann averaged free energy/enthalpy of ensemble on input geometries (not DFT optimized):
temperature /K:   avE(T) /a.u.   avG(T) /a.u.
    298.15        -421.0934702    -421.1003076     <<==part0==
----------------------------------------------------------------------------------------------------

Number of conformers:         4
Highest ranked conformer:     CONF1


Ran prescreening in 8.85 seconds!

----------------------------------------------------------------------------------------------------
                                             SCREENING                                              
----------------------------------------------------------------------------------------------------
    
threshold:                    3.5
func:                         r2scan-3c
basis:                        def2-tzvp
prog:                         orca
sm:                           smd
gfnv:                         gfn2
run:                          True
implicit:                     False
template:                     False


Running gsolv calculation for CONF1.
Running gsolv calculation for CONF2.
Running gsolv calculation for CONF3.
Running gsolv calculation for CONF4.

----------------------------- SCREENING SINGLE-POINT (+ mRRHO) RESULTS -----------------------------

CONF#        G (xTB)          ΔG (xTB)          E (DFT)          ΔGsolv         GmRRHO          Gtot             ΔGtot          Boltzmann weight   
               [Eh]          [kcal/mol]          [Eh]             [Eh]           [Eh]           [Eh]           [kcal/mol]        % at 298.15 K     
CONF1       -27.194432          ---           -421.903129       -0.010388        ---         -421.913517          0.00               27.96         
CONF2       -27.194339          ---           -421.902861       -0.010394        ---         -421.913255          0.16               21.18         
CONF3       -27.193839          ---           -421.902670       -0.010740        ---         -421.913410          0.07               24.95         
CONF4       -27.193735          ---           -421.902162       -0.011283        ---         -421.913445          0.05               25.91         

Boltzmann averaged free energy/enthalpy of ensemble on input geometries (not DFT optimized):
temperature /K:   avE(T) /a.u.   avG(T) /a.u.
    298.15        -421.9027071    -421.9134161     <<==part1==
----------------------------------------------------------------------------------------------------


----------------------------------- SCREENING RANKING COMPARISON -----------------------------------

CONF#       ΔGtot prescreening       ΔGtot screening   
                [kcal/mol]             [kcal/mol]      
CONF1              0.00                   0.00         
CONF2              0.15                   0.16         
CONF3              0.15                   0.07         
CONF4              0.48                   0.05         
----------------------------------------------------------------------------------------------------



Number of conformers:         4
Highest ranked conformer:     CONF1


Ran screening in 51.17 seconds!

----------------------------------------------------------------------------------------------------
                                            OPTIMIZATION                                            
----------------------------------------------------------------------------------------------------
    
optcycles:                    8
maxcyc:                       200
threshold:                    1.5
hlow:                         0.01
gradthr:                      0.01
func:                         r2scan-3c
basis:                        def2-tzvp
prog:                         orca
sm:                           smd
gfnv:                         gfn2
optlevel:                     normal
run:                          True
macrocycles:                  True
crestcheck:                   True
template:                     False
constrain:                    False
xtb_opt:                      True


Optimization using macrocycles, 8 microcycles per step.
Running xtb_opt calculation for CONF1.
Running xtb_opt calculation for CONF4.
Running xtb_opt calculation for CONF2.
Running xtb_opt calculation for CONF3.
Running xtb_rrho calculation for CONF1.
Running xtb_rrho calculation for CONF4.
Running xtb_rrho calculation for CONF3.
Running xtb_rrho calculation for CONF2.
CONF1 converged after 4 steps.
CONF4 converged after 5 steps.
CONF3 converged after 4 steps.
CONF2 converged after 4 steps.

----------------------------------- OPTIMIZATION CYCLE 8 UPDATE ------------------------------------

CONF#          Gtot             ΔGtot          grad_norm       converged   
               [Eh]           [kcal/mol]        [Eh/a0]                    
CONF1       -421.815418          0.00          0.000921          True      
CONF2       -421.815149          0.17          0.000853          True      
CONF3       -421.815371          0.03          0.000936          True      
CONF4       -421.815402          0.01          0.000163          True      
----------------------------------------------------------------------------------------------------
Running xtb_rrho calculation for CONF1.
Running xtb_rrho calculation for CONF4.
Running xtb_rrho calculation for CONF3.
Running xtb_rrho calculation for CONF2.

--------------------------------------- OPTIMIZATION RESULTS ---------------------------------------

CONF#       E (DFT) (+ ΔGsolv)       ΔE (DFT) (+ δΔGsolv)       GmRRHO          Gtot             ΔGtot          Boltzmann weight   
                   [Eh]                   [kcal/mol]             [Eh]           [Eh]           [kcal/mol]        % at 298.15 K     
CONF1          -421.914763                   0.00                ---         -421.815418          0.00               27.12         
CONF2          -421.914507                   0.16                ---         -421.815149          0.17               20.40         
CONF3          -421.914631                   0.08                ---         -421.815371          0.03               25.81         
CONF4          -421.914675                   0.06                ---         -421.815402          0.01               26.67         

Boltzmann averaged free energy/enthalpy of ensemble on optimized geometries:
temperature /K:   avE(T) /a.u.   avG(T) /a.u.
    298.15        -421.9146532    -421.8153468     <<==part2==
----------------------------------------------------------------------------------------------------


--------------------------------------- OPTIMIZATION RESULTS ---------------------------------------

CONF#       E (DFT) (+ ΔGsolv)       ΔE (DFT) (+ δΔGsolv)       GmRRHO          Gtot             ΔGtot          Boltzmann weight   
                   [Eh]                   [kcal/mol]             [Eh]           [Eh]           [kcal/mol]        % at 298.15 K     
CONF1          -421.914763                   0.00                ---         -421.815418          0.00               27.12         
CONF2          -421.914507                   0.16                ---         -421.815149          0.17               20.40         
CONF3          -421.914631                   0.08                ---         -421.815371          0.03               25.81         
CONF4          -421.914675                   0.06                ---         -421.815402          0.01               26.67         

Boltzmann averaged free energy/enthalpy of ensemble on optimized geometries:
temperature /K:   avE(T) /a.u.   avG(T) /a.u.
    298.15        -421.9146532    -421.8153468     <<==part2==
----------------------------------------------------------------------------------------------------


--------------------------------- OPTIMIZATION RANKING COMPARISON ----------------------------------

CONF#       ΔGtot prescreening       ΔGtot screening       ΔGtot optimization   
                [kcal/mol]             [kcal/mol]              [kcal/mol]       
CONF1              0.00                   0.00                    0.00          
CONF2              0.15                   0.16                    0.17          
CONF3              0.15                   0.07                    0.03          
CONF4              0.48                   0.05                    0.01          
----------------------------------------------------------------------------------------------------



Number of conformers:         4
Highest ranked conformer:     CONF1


Ran optimization in 156.52 seconds!

----------------------------------------------------------------------------------------------------
                                             REFINEMENT                                             
----------------------------------------------------------------------------------------------------
    
threshold:                    0.95
func:                         wb97x-v
basis:                        def2-tzvp
prog:                         orca
sm:                           smd
gfnv:                         gfn2
run:                          True
implicit:                     False
template:                     False


Running gsolv calculation for CONF1.
Running gsolv calculation for CONF3.
Running gsolv calculation for CONF4.
Running gsolv calculation for CONF2.
No longer considering CONF1.
No longer considering CONF4.
No longer considering CONF3.
No longer considering CONF2.

---------------------------- REFINEMENT SINGLE-POINT (+ mRRHO) RESULTS -----------------------------

CONF#         E (DFT)          ΔGsolv         GmRRHO          Gtot             ΔGtot          Boltzmann weight   
               [Eh]             [Eh]           [Eh]           [Eh]           [kcal/mol]        % at 298.15 K     
CONF1       -422.018564       -0.011010        ---         -422.029574          0.00               27.33         
CONF2       -422.018343       -0.011060        ---         -422.029403          0.11               22.80         
CONF3       -422.018101       -0.011406        ---         -422.029507          0.04               25.45         
CONF4       -422.017492       -0.011976        ---         -422.029468          0.07               24.42         

Boltzmann averaged free energy/enthalpy of ensemble (high level single-points):
temperature /K:   avE(T) /a.u.   avG(T) /a.u.
    298.15        -422.0181340    -422.0294920     <<==part3==
----------------------------------------------------------------------------------------------------


---------------------------------- REFINEMENT RANKING COMPARISON -----------------------------------

CONF#       ΔGtot prescreening       ΔGtot screening       ΔGtot optimization       ΔGtot refinement   
                [kcal/mol]             [kcal/mol]              [kcal/mol]              [kcal/mol]      
CONF1              0.00                   0.00                    0.00                    0.00         
CONF2              0.15                   0.16                    0.17                    0.11         
CONF3              0.15                   0.07                    0.03                    0.04         
CONF4              0.48                   0.05                    0.01                    0.07         
----------------------------------------------------------------------------------------------------



Number of conformers:         4
Highest ranked conformer:     CONF1


Ran refinement in 340.64 seconds!

Ran CENSO in 00:09:17

CENSO all done!
