----------------------------------------------- 
  Element       SASA      Sigma Z        Total  
     Z         Ang**2 cal/Ang**2/mol   kcal/mol 
----------------------------------------------- 
      H         35.638      48.690       1.735
      C         20.142     129.740       2.613
      O         32.748       0.000       0.000
      F         68.109      38.180       2.600

 Subtotal:     156.637                   6.949
 -----------------------------------------------

  Elements    COT*SASA   Sigma Z,Z'     Total   
    Z,Z'       Ang**2  cal/Ang**2/mol kcal/mol  
 ---------------------------------------------- 
  H   C         24.039     -60.770      -1.461
  H   O          0.000       0.000       0.000
  C   C          4.990     -72.950      -0.364
  O   C         19.400      68.690       1.333
  O   O          0.000       0.000       0.000

 Subtotal:                              -0.492
 ---------------------------------------------- 

 NONAQUEOUS SOLVENT CONTRIBUTION (kcal/mol):
 (proportional to SASA, atomic number independent)
 ---------------------------------------------- 
 Subtotal:                               0.000
 ---------------------------------------------- 

 CDS TOTAL (kcal/mol):                   6.457
...............................................................................
