----------------------------------------------- 
  Element       SASA      Sigma Z        Total  
     Z         Ang**2 cal/Ang**2/mol   kcal/mol 
----------------------------------------------- 
      H        130.146      48.690       6.337
      C         31.852     129.740       4.132
      O         22.437       0.000       0.000

 Subtotal:     184.434                  10.469
 -----------------------------------------------

  Elements    COT*SASA   Sigma Z,Z'     Total   
    Z,Z'       Ang**2  cal/Ang**2/mol kcal/mol  
 ---------------------------------------------- 
  H   C         87.507     -60.770      -5.318
  H   O          0.000       0.000       0.000
  C   C         22.064     -72.950      -1.610
  O   C         13.693      68.690       0.941

 Subtotal:                              -5.987
 ---------------------------------------------- 

 NONAQUEOUS SOLVENT CONTRIBUTION (kcal/mol):
 (proportional to SASA, atomic number independent)
 ---------------------------------------------- 
 Subtotal:                               0.000
 ---------------------------------------------- 

 CDS TOTAL (kcal/mol):                   4.482
...............................................................................
