----------------------------------------------- 
  Element       SASA      Sigma Z        Total  
     Z         Ang**2 cal/Ang**2/mol   kcal/mol 
----------------------------------------------- 
      H         88.293      48.690       4.299
      C         19.985     129.740       2.593
      N         10.014       0.000       0.000
      O         23.300       0.000       0.000

 Subtotal:     141.592                   6.892
 -----------------------------------------------

  Elements    COT*SASA   Sigma Z,Z'     Total   
    Z,Z'       Ang**2  cal/Ang**2/mol kcal/mol  
 ---------------------------------------------- 
  H   C         41.211     -60.770      -2.504
  H   O          0.000       0.000       0.000
  C   C         14.534     -72.950      -1.060
  O   C         13.691      68.690       0.940
  C   N          3.723       0.000       0.000
  N   C         12.974     -48.220      -0.626
  N  C(3)        0.000      84.100       0.000
  O   N          0.000     121.980       0.000

 Subtotal:                              -3.250
 ---------------------------------------------- 

 NONAQUEOUS SOLVENT CONTRIBUTION (kcal/mol):
 (proportional to SASA, atomic number independent)
 ---------------------------------------------- 
 Subtotal:                               0.000
 ---------------------------------------------- 

 CDS TOTAL (kcal/mol):                   3.642
...............................................................................
