----------------------------------------------- 
  Element       SASA      Sigma Z        Total  
     Z         Ang**2 cal/Ang**2/mol   kcal/mol 
----------------------------------------------- 
      H        162.568      48.690       7.915
      C         33.913     129.740       4.400
      O         31.972       0.000       0.000

 Subtotal:     228.454                  12.315
 -----------------------------------------------

  Elements    COT*SASA   Sigma Z,Z'     Total   
    Z,Z'       Ang**2  cal/Ang**2/mol kcal/mol  
 ---------------------------------------------- 
  H   C        109.220     -60.770      -6.637
  H   O          0.000       0.000       0.000
  C   C         26.069     -72.950      -1.902
  O   C         16.047      68.690       1.102
  O   O          0.000       0.000       0.000

 Subtotal:                              -7.437
 ---------------------------------------------- 

 NONAQUEOUS SOLVENT CONTRIBUTION (kcal/mol):
 (proportional to SASA, atomic number independent)
 ---------------------------------------------- 
 Subtotal:                               0.000
 ---------------------------------------------- 

 CDS TOTAL (kcal/mol):                   4.879
...............................................................................
