24
 energy: -463.643649105616 gnorm: 0.010041390454 xtb: 6.7.1 (edcfbbe)
C           -3.56898487805934        0.39456976108474       -0.28470567745339
O           -2.17073802900167        0.52201776813424       -0.62902204462698
C           -1.32074028995972       -0.28614945297348        0.04615521739337
O           -1.69845559144812       -1.08493050088103        0.88392228242289
C            0.10747694354246       -0.02920797352471       -0.34142670966765
C            0.95998817335849       -1.29530445269028       -0.23766568111008
C            2.40053546565549       -0.99795509200562       -0.65207265841232
C            3.00208921469755        0.12080709022261        0.20014598239451
C            2.13277518413524        1.37886864386869        0.16869079543779
C            0.68686199670468        1.07694540207378        0.56573019396361
H           -3.71472449664077        0.51737272268597        0.79685993512301
H           -3.94353502098113       -0.58483017012278       -0.60456943691612
H           -4.07747951823345        1.19400590757691       -0.83111274609934
H            0.11061408638770        0.33885198385801       -1.37355857728032
H            0.93854745440737       -1.64934271041560        0.79973168316027
H            0.53323794916918       -2.08616691216338       -0.86395653512576
H            3.00546359320939       -1.90632319821432       -0.56311733708901
H            2.41437863847461       -0.70103374209562       -1.70811360288265
H            3.09546885342543       -0.22762348079220        1.23568278326783
H            4.01072591201643        0.35894961826780       -0.15312892181294
H            2.54434509832939        2.13884491446349        0.84140905347047
H            2.13973239022710        1.80243450826633       -0.84296638875674
H            0.64990220432093        0.72822838520264        1.60549794735211
H            0.07453920746185        1.98189894035564        0.49473964600400
24
 energy: -463.643763958760 gnorm: 0.004129941999 xtb: 6.7.1 (edcfbbe)
C           -3.57280159044619        0.39534378760138       -0.28181618749256
O           -2.17231118296987        0.52255100302583       -0.62583572692771
C           -1.32128276483685       -0.28499285357015        0.04669155438721
O           -1.69728652641273       -1.08965229679648        0.88241154244731
C            0.10721548791123       -0.02979664033280       -0.34235281117375
C            0.96041943526881       -1.29663408016487       -0.24132403622333
C            2.40225665483622       -0.99725546122730       -0.65224048827005
C            3.00264919134048        0.12036862868808        0.20317626519153
C            2.13323321808155        1.37877804349035        0.16762048677686
C            0.68681817508103        1.07790621833070        0.56423919486363
H           -3.71750969587227        0.52645034286692        0.79404688318316
H           -3.94866101195810       -0.58343591511904       -0.59298500097766
H           -4.08152208350054        1.18730620967592       -0.83184199411864
H            0.11289378158452        0.33931692257751       -1.37477464207038
H            0.93963783314680       -1.65561573916439        0.79510112132220
H            0.53482635175363       -2.08669160795867       -0.87012980621124
H            3.00759251705406       -1.90626946441838       -0.56539122180312
H            2.42021868935100       -0.69861009579929       -1.70890889666636
H            3.09035491704362       -0.22854460497291        1.24067605239689
H            4.01513667376371        0.35667542213402       -0.14323478837200
H            2.54381394144680        2.14179367274193        0.83845071970500
H            2.14355805844926        1.80124990927290       -0.84580592224050
H            0.64896888190482        0.73198562170890        1.60563205687278
H            0.07380629430753        1.98270134502181        0.49174399146484
24
 energy: -463.643819071056 gnorm: 0.002294823462 xtb: 6.7.1 (edcfbbe)
C           -3.57633788987262        0.39691570324928       -0.27485298402925
O           -2.17420115687959        0.52262839361508       -0.62276082995150
C           -1.32256705807642       -0.28763695859778        0.04204459308069
O           -1.69557302160125       -1.09525078099221        0.87836645031418
C            0.10660259205426       -0.03069088862900       -0.34524332200883
C            0.96142612691147       -1.29745952842457       -0.24649299433623
C            2.40493687729387       -0.99609091166071       -0.65228408365103
C            3.00142856797287        0.11943428916274        0.20899196658284
C            2.13371197554888        1.37902969915027        0.16661358841649
C            0.68640487832679        1.07903536740014        0.56048040825053
H           -3.71758967669328        0.54140826782320        0.79706242967974
H           -3.95080079995714       -0.58463557870123       -0.57399172432697
H           -4.08484274846293        1.18017714443461       -0.83396035771482
H            0.11452413780118        0.33913344008725       -1.37785138730998
H            0.93950594140274       -1.66294295105998        0.78812699539270
H            0.53807338432728       -2.08532385794235       -0.88005639461310
H            3.01029668435039       -1.90582771472722       -0.56745240102213
H            2.42823175820048       -0.69406021105050       -1.70879158854944
H            3.07953821708755       -0.23037104540982        1.24820740666042
H            4.01865491062722        0.35314546786539       -0.12733664395796
H            2.54277370939384        2.14569227481058        0.83495784838098
H            2.14812595071043        1.79829949610938       -0.84908507669655
H            0.64684043163682        0.73682296677533        1.60354759946102
H            0.07286276424436        1.98349741114515        0.48490727223332
24
 energy: -463.643858961505 gnorm: 0.003179235267 xtb: 6.7.1 (edcfbbe)
C           -3.57792135386828        0.39796123826225       -0.26700101133494
O           -2.17491499291301        0.52340607668285       -0.61982102040131
C           -1.32249083160334       -0.28703135681906        0.03999413380692
O           -1.69293921257247       -1.10059469601831        0.87269842832120
C            0.10677908639871       -0.03110355444738       -0.34981195390530
C            0.96232468884055       -1.29801572061907       -0.25353396283771
C            2.40777581535856       -0.99476266315486       -0.65217738131054
C            2.99951762509562        0.11794448385417        0.21585408741367
C            2.13362404484404        1.37833738382858        0.16555850002252
C            0.68516308311439        1.08021975133637        0.55587412480553
H           -3.71542795315192        0.56041488938943        0.80271729856844
H           -3.94885680172421       -0.58971175565202       -0.54973203130758
H           -4.08807921056057        1.17087398287291       -0.83888922004845
H            0.11474332217251        0.33947244728997       -1.38236069969220
H            0.93754678875988       -1.66927362506278        0.77906485398661
H            0.54135339418356       -2.08293169694859       -0.89254350235162
H            3.01283717640216       -1.90495693200964       -0.56845295811499
H            2.43638478381903       -0.68848403965857       -1.70764295656042
H            3.06581761086396       -0.23297749952219        1.25602004713025
H            4.02117784814005        0.34935869600447       -0.10923531059962
H            2.54054509991992        2.14792521859160        0.83206300595571
H            2.15237889967317        1.79361389073199       -0.85205977821646
H            0.64307264436405        0.74076797796887        1.59989767238604
H            0.07161653722118        1.98447799041696        0.47666444226675
24
 energy: -463.643899635953 gnorm: 0.004039137097 xtb: 6.7.1 (edcfbbe)
C           -3.57759725811134        0.40038995656844       -0.25336323786857
O           -2.17495024425014        0.52445271606490       -0.61659109468035
C           -1.32165648288854       -0.29031910172952        0.03232172326644
O           -1.68794800595574       -1.10774411693312        0.86342599017550
C            0.10735145920694       -0.03171721264901       -0.35923997830565
C            0.96377645907499       -1.29816657396901       -0.26526687784877
C            2.41230961012494       -0.99248732021123       -0.65144667940662
C            2.99567136882792        0.11563551684105        0.22752959827326
C            2.13335930999305        1.37745165261941        0.16491438632940
C            0.68247376918238        1.08155186523840        0.54686781217832
H           -3.70894452770619        0.59332758272222        0.81364085515998
H           -3.94339559132385       -0.59827533487844       -0.50617532850115
H           -4.09345302771042        1.15535566173512       -0.84580264387004
H            0.11383034793375        0.33958929953186       -1.39149692918115
H            0.93221140546459       -1.67722400448573        0.76411250426383
H            0.54722047757471       -2.07819766351318       -0.91317289667031
H            3.01642260669375       -1.90323866507846       -0.56826120247870
H            2.44923766514564       -0.67948399203939       -1.70461184269608
H            3.04280960131265       -0.23730256820257        1.26817662137609
H            4.02339016423109        0.34388637094677       -0.08013389596848
H            2.53641401924563        2.15039674694307        0.82972452954377
H            2.15934577823509        1.78622233883960       -0.85510712964769
H            0.63472217768237        0.74528225650940        1.59158937430093
H            0.06942969017385        1.98554703910720        0.46150777628127
24
 energy: -463.643917728741 gnorm: 0.002881287494 xtb: 6.7.1 (edcfbbe)
C           -3.57549706174341        0.40142658474799       -0.24795239794108
O           -2.17473620155570        0.52567511962071       -0.61575519746468
C           -1.32041419574807       -0.29104451658059        0.02993908179616
O           -1.68555800547241       -1.10964524081851        0.85953677431088
C            0.10772101971759       -0.03172588824785       -0.36450098827054
C            0.96442548426401       -1.29753722674121       -0.27042911372478
C            2.41426100768420       -0.99206918964650       -0.65082749282455
C            2.99375775299417        0.11456393425279        0.23209668516840
C            2.13299722171245        1.37687406206881        0.16529098150982
C            0.68077183192510        1.08155624979452        0.54233618735428
H           -3.70489250255308        0.60636339988240        0.81780367194088
H           -3.93873987310528       -0.60159110805210       -0.48726898507460
H           -4.09602345471937        1.14815509012327       -0.84733024630237
H            0.11186289642509        0.33970770895948       -1.39652233599036
H            0.92863537416245       -1.67814221319672        0.75791291848972
H            0.54998036013864       -2.07594955143183       -0.92133381165316
H            3.01772627856442       -1.90287569901372       -0.56642969528629
H            2.45460670312560       -0.67699434134631       -1.70278107203421
H            3.03421581207371       -0.23903247847090        1.27207018354784
H            4.02270104656570        0.34221924284805       -0.06980963761575
H            2.53390410779743        2.14992046736873        0.83087258441322
H            2.16232016221909        1.78380357442571       -0.85488139818632
H            0.62948552450036        0.74559835001242        1.58675485917977
H            0.06852059586495        1.98567690621985        0.45434850224480
24
 energy: -463.643929810324 gnorm: 0.001247658149 xtb: 6.7.1 (edcfbbe)
C           -3.57268968740859        0.40226151390081       -0.24436109096085
O           -2.17492976587136        0.52678617945968       -0.61587958815608
C           -1.31901815861929       -0.29224691646200        0.02776591970060
O           -1.68370801990532       -1.10999926819535        0.85731616407125
C            0.10790928922040       -0.03165128142885       -0.36918440359555
C            0.96464777151361       -1.29690635577172       -0.27398193839270
C            2.41535603831580       -0.99195718648692       -0.64995481564145
C            2.99288200715768        0.11400719569058        0.23474575915359
C            2.13258427800873        1.37632420628982        0.16609267116553
C            0.67899247655590        1.08142158414446        0.53835746624443
H           -3.70110451321511        0.61315490166662        0.82030549613294
H           -3.93501691534321       -0.60244981843349       -0.47520953243284
H           -4.09793584213228        1.14366788138154       -0.84567493069709
H            0.10957313055728        0.33952545800638       -1.40109641073140
H            0.92523835323958       -1.67713104421298        0.75412420419852
H            0.55195899801355       -2.07505242253070       -0.92601666442466
H            3.01801263315334       -1.90288401602725       -0.56331832404789
H            2.45869817966842       -0.67683334503044       -1.70134374164601
H            3.03040775115003       -0.23992300313849        1.27393171865241
H            4.02188633971068        0.34185570887499       -0.06486054876356
H            2.53140441203002        2.14826115583902        0.83387375223652
H            2.16496875550601        1.78366403595216       -0.85336071256834
H            0.62419717981619        0.74516341214854        1.58232749434548
H            0.06771794802931        1.98587533227434        0.44854127795572
24
 energy: -463.643933039821 gnorm: 0.000482709113 xtb: 6.7.1 (edcfbbe)
C           -3.57193697996318        0.40295660655921       -0.24105047493804
O           -2.17621727289676        0.52699239551139       -0.61632490884237
C           -1.31852082577933       -0.29296036469879        0.02587761378668
O           -1.68266253308723       -1.11108657178112        0.85528091580925
C            0.10767214552765       -0.03182908099801       -0.37266731017670
C            0.96503238737645       -1.29670556235730       -0.27705301520885
C            2.41662508546604       -0.99201983143335       -0.64957947689843
C            2.99229565099994        0.11355385447665        0.23702526160757
C            2.13247008706450        1.37623559124788        0.16683091563773
C            0.67783597737643        1.08149378829572        0.53521435476887
H           -3.69831353496529        0.62033963335752        0.82254372196790
H           -3.93442588364387       -0.60344562726038       -0.46432875725386
H           -4.10016618380153        1.13979302204966       -0.84519067668364
H            0.10855659475677        0.33928722102316       -1.40466218987813
H            0.92347932967069       -1.67778137683722        0.75079491861656
H            0.55378286484311       -2.07467200719483       -0.93034204369375
H            3.01867355624778       -1.90333511812485       -0.56160085703840
H            2.46331141634468       -0.67686787722578       -1.70098906950190
H            3.02744705521339       -0.24082658420089        1.27641757003866
H            4.02228106020748        0.34135042763777       -0.06017949876847
H            2.52937811180484        2.14769716176397        0.83645490539592
H            2.16809914034923        1.78460526158641       -0.85226128499204
H            0.62021129153887        0.74597784755161        1.57938494918696
H            0.06712475393200        1.98618165838472        0.44354293797985
24
 energy: -463.643933039821 gnorm: 0.000482709113 xtb: 6.7.1 (edcfbbe)
C           -3.57193697996318        0.40295660655921       -0.24105047493804
O           -2.17621727289676        0.52699239551139       -0.61632490884237
C           -1.31852082577933       -0.29296036469879        0.02587761378668
O           -1.68266253308723       -1.11108657178112        0.85528091580925
C            0.10767214552765       -0.03182908099801       -0.37266731017670
C            0.96503238737645       -1.29670556235730       -0.27705301520885
C            2.41662508546604       -0.99201983143335       -0.64957947689843
C            2.99229565099994        0.11355385447665        0.23702526160757
C            2.13247008706450        1.37623559124788        0.16683091563773
C            0.67783597737643        1.08149378829572        0.53521435476887
H           -3.69831353496529        0.62033963335752        0.82254372196790
H           -3.93442588364387       -0.60344562726038       -0.46432875725386
H           -4.10016618380153        1.13979302204966       -0.84519067668364
H            0.10855659475677        0.33928722102316       -1.40466218987813
H            0.92347932967069       -1.67778137683722        0.75079491861656
H            0.55378286484311       -2.07467200719483       -0.93034204369375
H            3.01867355624778       -1.90333511812485       -0.56160085703840
H            2.46331141634468       -0.67686787722578       -1.70098906950190
H            3.02744705521339       -0.24082658420089        1.27641757003866
H            4.02228106020748        0.34135042763777       -0.06017949876847
H            2.52937811180484        2.14769716176397        0.83645490539592
H            2.16809914034923        1.78460526158641       -0.85226128499204
H            0.62021129153887        0.74597784755161        1.57938494918696
H            0.06712475393200        1.98618165838472        0.44354293797985
