29
 energy: -34.684042024666 gnorm: 0.031791002710 xtb: 6.7.1 (edcfbbe)
C           -3.07238941997739        0.06051360318788        0.30964889975934
C           -2.01044845586785       -0.25237772988607       -0.74516234397553
H           -2.51843216268485       -0.40278103099635       -1.70517304028478
C           -1.20825797571999       -1.51855173884709       -0.41531670011591
C           -0.30562551990108       -1.32974003963351        0.80449283807998
C            0.66690296417833       -0.13839717264524        0.64168776505282
H            1.15486717511149        0.07065106290457        1.60221602682155
C           -0.14479376271696        1.08349155162213        0.27796116943614
O           -0.09281305118138        2.11939331550291        0.94008181463346
C           -1.04541323327440        0.94659367354448       -0.91836786413282
C            1.79070355022418       -0.38095736533280       -0.40341183487480
C            2.61244793907289        0.89344262113245       -0.60853227475505
C            2.70069765469863       -1.52752360051671        0.03696261869395
H           -3.74840215554537       -0.79103462843088        0.44087293318638
H           -2.62785267425173        0.29009254774106        1.28455656964628
H           -3.67149937589217        0.92697305859518        0.01024392557256
H           -1.89959566086166       -2.34948816012014       -0.23250050979402
H           -0.60211354415267       -1.79736767680749       -1.28575447712770
H           -0.91994841712021       -1.15362359543302        1.69498142183134
H            0.26582773124443       -2.24116073595637        1.00300193914260
H           -1.59397204424979        1.88043104962973       -1.07081043372568
H           -0.41263166375693        0.76551542871223       -1.79746267949377
H            1.32928808649800       -0.65282422222523       -1.36058329375496
H            2.00980698709656        1.71232488210982       -1.01680037079568
H            3.43769427892717        0.70996662889294       -1.30401715554281
H            3.04097530562873        1.23310920951087        0.34247315967539
H            3.52687333747423       -1.64430955939604       -0.67235511151782
H            2.17326710185645       -2.48406603638612        0.08707160209135
H            3.13082811636978       -1.32149231541463        1.02458031926117
29
 energy: -34.685078271248 gnorm: 0.009546027409 xtb: 6.7.1 (edcfbbe)
C           -3.06705415754459        0.06167821265346        0.30845552593751
C           -2.00780799182171       -0.25094543758080       -0.74472507694432
H           -2.52103576892210       -0.40594055963189       -1.69997253505728
C           -1.20577352595685       -1.51191095637818       -0.41373189859002
C           -0.30466134482989       -1.32236761815368        0.80134216340227
C            0.66668586300526       -0.13883880463863        0.63769748337446
H            1.15184391147705        0.06279609149548        1.60009995774710
C           -0.14594579891469        1.08155885796025        0.27966750560936
O           -0.09463415136053        2.10913907093648        0.93640297224953
C           -1.04246704788941        0.93876598751674       -0.91587708221735
C            1.78572260134608       -0.38682712527304       -0.40445358339031
C            2.60783244158316        0.88551757081092       -0.60274728443222
C            2.70528247748383       -1.52263030106868        0.03562421903639
H           -3.73698508613753       -0.78735236113175        0.44009763292273
H           -2.61458949530840        0.29814186539418        1.27117406314877
H           -3.66248886734501        0.92149341721896        0.00427816724669
H           -1.89635273189942       -2.33672526458206       -0.22206821249681
H           -0.60086822970244       -1.78987891758585       -1.28005205630700
H           -0.91882106226298       -1.13962788340523        1.68669466045198
H            0.26258759648847       -2.23415312174302        0.99186515204811
H           -1.59654592694125        1.86729290305624       -1.06348429221535
H           -0.41513860701930        0.76195639427921       -1.79350972972431
H            1.32919930675455       -0.65812965926731       -1.36117871122461
H            1.99808798462761        1.69735274991193       -0.99942540369849
H            3.42694690516959        0.70458070867833       -1.29802668477352
H            3.03147917596385        1.22158155205091        0.34395751723592
H            3.52538510070347       -1.63288105433427       -0.67263266531683
H            2.17633793553792       -2.47162376549642        0.08115758910197
H            3.12976960494170       -1.31521952663370        1.01795551986861
29
 energy: -34.685178947573 gnorm: 0.002105886876 xtb: 6.7.1 (edcfbbe)
C           -3.06140092767466        0.06510593567661        0.30829773496325
C           -2.00401553603124       -0.25158007064642       -0.74610641444817
H           -2.51938593887316       -0.40840797897293       -1.69971465019899
C           -1.20615231872371       -1.51347214324470       -0.41348242604446
C           -0.30555366490966       -1.32148385253490        0.80082454849462
C            0.66676005685684       -0.14172449339538        0.63548023875966
H            1.15231038252158        0.05726885330524        1.59816648625372
C           -0.14527561633264        1.08087890424337        0.28021910884253
O           -0.09694897870252        2.10432130311674        0.93760777005605
C           -1.04039386061106        0.93553442217004       -0.91689196471983
C            1.78426654156823       -0.38831150394047       -0.40443634803129
C            2.60266014092021        0.88697447954869       -0.60148020647346
C            2.70545985258376       -1.52319741347779        0.03562986222374
H           -3.72707928885124       -0.78368636804394        0.44455093270612
H           -2.60492154605370        0.30850741863333        1.26500418274086
H           -3.65727728594873        0.92052193104716       -0.00079957073667
H           -1.89695148874896       -2.33536579486377       -0.21770543280607
H           -0.60165470358778       -1.79174371329643       -1.27783592042011
H           -0.91967494398583       -1.13496596210988        1.68387389692491
H            0.25898842037589       -2.23365453740160        0.99002724190464
H           -1.59601327999138        1.86332791817286       -1.06207941624753
H           -0.41407875234107        0.76145388744727       -1.79313002772652
H            1.32992742015252       -0.66049055664818       -1.36060171523918
H            1.98867524554432        1.69773361028733       -0.98938162576277
H            3.41767507500040        0.70911436162463       -1.29903694225044
H            3.02632566253296        1.21546768488196        0.34519516341775
H            3.52319736249613       -1.62736297561467       -0.67293486920763
H            2.17889307605028       -2.47161819872534        0.07998585940865
H            3.12763000599066       -1.31234212218024        1.01533941660963
29
 energy: -34.685200655151 gnorm: 0.001149787496 xtb: 6.7.1 (edcfbbe)
C           -3.05881008958494        0.06804391363869        0.30804525089915
C           -2.00245053025907       -0.25182745156386       -0.74756002648056
H           -2.51869345964386       -0.40927048904931       -1.70066461111765
C           -1.20653051401592       -1.51465013259112       -0.41348619066723
C           -0.30618326868748       -1.32285995171879        0.80161037509919
C            0.66652342198403       -0.14402203324329        0.63566132241530
H            1.15276091927575        0.05442268250174        1.59834177680511
C           -0.14622644725583        1.07948710787638        0.28155871597516
O           -0.10003357025201        2.10198555145174        0.94000447490995
C           -1.03847833898120        0.93390170608947       -0.91883291691145
C            1.78236329801394       -0.38926173057972       -0.40494419770169
C            2.59956744967871        0.88772811165160       -0.60051669815231
C            2.70658912365885       -1.52265080396042        0.03480262500491
H           -3.72169958819623       -0.78152220856101        0.45091076484256
H           -2.59942938609747        0.31826457940530        1.26140494721015
H           -3.65675823059940        0.92045646728263       -0.00496733766529
H           -1.89846234906322       -2.33497930252318       -0.21673538356910
H           -0.60193300226217       -1.79452479404271       -1.27696206631710
H           -0.92082927283083       -1.13469303073382        1.68364743371651
H            0.25731435374237       -2.23536280734273        0.99168985810029
H           -1.59399114090888        1.86196676168903       -1.06423098728611
H           -0.41049612346750        0.76074638317645       -1.79364773094765
H            1.32902188653604       -0.66216309138175       -1.36131020549053
H            1.98228189371448        1.69864028767642       -0.98225892987135
H            3.41147964865546        0.71366431547118       -1.30216428441244
H            3.02596146829427        1.21215431529838        0.34622659103525
H            3.52408326170671       -1.62439614799805       -0.67413756223905
H            2.18129908755594       -2.47157913676210        0.07860586776441
H            3.12775061051588       -1.31089604609852        1.01449403804458
29
 energy: -34.685227330931 gnorm: 0.002738043916 xtb: 6.7.1 (edcfbbe)
C           -3.05192204711596        0.07617250440348        0.30703851087622
C           -1.99856733142525       -0.25254957025488       -0.75111540867542
H           -2.51696018240341       -0.41129474824641       -1.70296737248748
C           -1.20773805662141       -1.51818435946732       -0.41389027134997
C           -0.30850719184465       -1.32694360652617        0.80345011216014
C            0.66568606103092       -0.14952135181027        0.63745600357569
H            1.15309134657935        0.04790376211415        1.60016825559873
C           -0.14784113490934        1.07566235828129        0.28436211074653
O           -0.11108035798673        2.09464089411902        0.94893316520629
C           -1.03300427399133        0.93050168298262       -0.92368814685303
C            1.77870511071194       -0.39084431354549       -0.40471778524258
C            2.59157146383383        0.89046934256307       -0.59909904906916
C            2.70910445318704       -1.52165687023150        0.03282705273368
H           -3.70589096294731       -0.77675793579663        0.47130108996873
H           -2.58588883333047        0.34853687013469        1.25164985298895
H           -3.65901395740131        0.91817318306155       -0.01772672182564
H           -1.90326082167785       -2.33511164361653       -0.21639972141501
H           -0.60242927189711       -1.80239026144864       -1.27548275470899
H           -0.92519941524289       -1.13654463005805        1.68347268945434
H            0.25309541233647       -2.24031779023525        0.99601510502763
H           -1.58730468284368        1.85943081924556       -1.07174983052850
H           -0.39994730513203        0.75778561634038       -1.79468374600824
H            1.32663764757538       -0.66531692948235       -1.36124146491403
H            1.96606641138907        1.70389566124416       -0.96247161549941
H            3.39361004539645        0.72669165061840       -1.31456980913316
H            3.02991504337403        1.20410357751553        0.34627369175341
H            3.52668031311218       -1.61807523145847       -0.67700969254638
H            2.18728822534512       -2.47278111499929        0.07549204076665
H            3.12909540412538       -1.30887454038801        1.01295862239296
29
 energy: -34.685236377027 gnorm: 0.001892974590 xtb: 6.7.1 (edcfbbe)
C           -3.05115258539707        0.07760134842204        0.30668543400975
C           -1.99840760061665       -0.25241976970257       -0.75119202314063
H           -2.51674902878667       -0.41104681493062       -1.70302843068168
C           -1.20799259115226       -1.51824143578538       -0.41377777715714
C           -0.30884100139715       -1.32760842767326        0.80347844730517
C            0.66534333824412       -0.14981036138131        0.63809428204253
H            1.15235456955890        0.04749794162271        1.60089944672293
C           -0.14902392176564        1.07441830774375        0.28531565210027
O           -0.11447882679007        2.09264430434945        0.95132812146272
C           -1.03170214357736        0.93006360206743       -0.92418828163321
C            1.77877276649282       -0.39078783307409       -0.40425004832150
C            2.59077830847029        0.89068563250937       -0.59900278905979
C            2.70942808111026       -1.52124887743401        0.03250462981158
H           -3.70279299706394       -0.77616440534954        0.47557652041876
H           -2.58523108348565        0.35513960629099        1.24979508736876
H           -3.66130216531197        0.91645559661445       -0.02041652329018
H           -1.90399162576003       -2.33509477822759       -0.21682542389127
H           -0.60279892471922       -1.80280240670628       -1.27549377708406
H           -0.92561112326576       -1.13789795063323        1.68376133109934
H            0.25315332890157       -2.24093917040300        0.99573189982866
H           -1.58497956917436        1.85915652765683       -1.07413129922582
H           -0.39782367298749        0.75525434397043       -1.79435716349272
H            1.32614042868294       -0.66522192753743       -1.36056492615840
H            1.96441178070877        1.70509769704718       -0.95861798799383
H            3.39017580936204        0.72835025016986       -1.31782801355953
H            3.03318762589946        1.20309639391398        0.34491414909122
H            3.52709353970614       -1.61729303608067       -0.67741587161520
H            2.18808433411925       -2.47276558670058        0.07482414439262
H            3.12994606122116       -1.30931574570023        1.01276610364361
29
 energy: -34.685245432494 gnorm: 0.001725498602 xtb: 6.7.1 (edcfbbe)
C           -3.04837114038526        0.08278426676843        0.30586837719819
C           -1.99809382028745       -0.25172335562617       -0.75107062886062
H           -2.51656417430620       -0.40995138588303       -1.70270223721149
C           -1.20891754141966       -1.51812602351323       -0.41378220762644
C           -0.30984829618298       -1.32975302030748        0.80273705955013
C            0.66403312400116       -0.15013384946406        0.64032435109248
H            1.14897006688212        0.04620441954075        1.60390250218261
C           -0.15156166327498        1.07115556726361        0.28727867549913
O           -0.12987167135873        2.08452468967716        0.96210472790979
C           -1.02645086693204        0.92830360192815       -0.92593792572994
C            1.77930005332972       -0.39024502800550       -0.40227852254928
C            2.58869043159328        0.89118383990876       -0.59880672627746
C            2.71003070345060       -1.51963936031050        0.03195651518201
H           -3.68917148581511       -0.77544406361712        0.49358219345499
H           -2.58229328222178        0.38254923559111        1.24224992995866
H           -3.67164904363757        0.90792603452079       -0.03168259703923
H           -1.90617537335690       -2.33487744096169       -0.21833171563965
H           -0.60456126271328       -1.80325494138197       -1.27630599413493
H           -0.92636386963799       -1.14302655805825        1.68432797511253
H            0.25364032884486       -2.24293364076283        0.99269903502535
H           -1.57613820987538        1.85771692391111       -1.08330268119922
H           -0.39060382496920        0.74443781864397       -1.79313603877846
H            1.32462909779006       -0.66444931475093       -1.35780131871892
H            1.95850874768260        1.70986635956999       -0.94199428392902
H            3.37659099284658        0.73387435940533       -1.33182707775985
H            3.04790470045802        1.19692430815163        0.33945516773042
H            3.52797655771239       -1.61404993885646       -0.67818730113189
H            2.19028107451377       -2.47235198235740        0.07264990099275
H            3.13207075849579       -1.31068849596546        1.01259575869033
29
 energy: -34.685248726793 gnorm: 0.000347780683 xtb: 6.7.1 (edcfbbe)
C           -3.04950375130070        0.08108847394970        0.30647255686315
C           -1.99837966867967       -0.25162920611372       -0.75094683486367
H           -2.51675366093693       -0.40979885543291       -1.70271267656575
C           -1.20864190726814       -1.51784167227858       -0.41394150305801
C           -0.30927939165700       -1.32869621001226        0.80264587320748
C            0.66458594377325       -0.14956099713140        0.63928419652729
H            1.15025402386025        0.04703891416075        1.60261792293234
C           -0.15197609730452        1.07206108515483        0.28718203742110
O           -0.12714073605511        2.08650025074694        0.95969799831390
C           -1.02807959760207        0.92900655646711       -0.92571902445857
C            1.77929159100263       -0.39034407449047       -0.40304159559252
C            2.59010515960235        0.89083243382496       -0.59903508701223
C            2.70961719409698       -1.52032599211394        0.03241610352795
H           -3.69222085605925       -0.77641865630095        0.48909049358663
H           -2.58353390405039        0.37520373260331        1.24427983896637
H           -3.66983873639919        0.90918282426633       -0.02822525934338
H           -1.90508578761568       -2.33481234475105       -0.21775738458401
H           -0.60417584059358       -1.80231045089557       -1.27638105128435
H           -0.92553393155588       -1.14132053654010        1.68402861818815
H            0.25406646267295       -2.24173276592299        0.99259763174875
H           -1.57861495495216        1.85840602577578       -1.08126138121914
H           -0.39293705582894        0.74698373068607       -1.79348790513445
H            1.32534072293417       -0.66466616584942       -1.35879627485794
H            1.96128274478126        1.70874223570779       -0.94591772911896
H            3.38057408962682        0.73184621614653       -1.32841518591230
H            3.04509221116887        1.19725811294266        0.34071788970857
H            3.52770302656430       -1.61526411597092       -0.67730756972344
H            2.18924318047781       -2.47250855867814        0.07348751202366
H            3.13053063852400       -1.31011696489168        1.01301270270634
29
 energy: -34.685249132246 gnorm: 0.000166228124 xtb: 6.7.1 (edcfbbe)
C           -3.04973590356754        0.08064585847251        0.30676974799094
C           -1.99864769559014       -0.25160680527168       -0.75104950729692
H           -2.51729678243220       -0.40984919491035       -1.70269064360399
C           -1.20850595875067       -1.51759032645395       -0.41413624766345
C           -0.30907254986678       -1.32835318229052        0.80251616862150
C            0.66476643963023       -0.14924541444818        0.63881971885324
H            1.15041464375966        0.04754001534474        1.60216974934031
C           -0.15165325435033        1.07262621364680        0.28660992964131
O           -0.12765172704340        2.08665973964096        0.95984384498904
C           -1.02857297417943        0.92917925857593       -0.92579270014836
C            1.77930159037204       -0.39031838088110       -0.40336141853642
C            2.59086306249406        0.89059325518522       -0.59896017108347
C            2.70940820570744       -1.52048236439364        0.03266559081234
H           -3.69208471298118       -0.77726397094051        0.48914361907988
H           -2.58351471129327        0.37462608020391        1.24457778902050
H           -3.67029295794263        0.90870424012648       -0.02775526371346
H           -1.90472408968755       -2.33464446181497       -0.21779384172153
H           -0.60401466686204       -1.80189407147216       -1.27657641754762
H           -0.92536855046279       -1.14077430002694        1.68377932987329
H            0.25413760625262       -2.24142994030064        0.99258625632473
H           -1.57944790842907        1.85849258196111       -1.08089441893704
H           -0.39370391730248        0.74754068909697       -1.79377726570403
H            1.32566780557536       -0.66455975430712       -1.35929015471552
H            1.96223352660043        1.70871630543474       -0.94572665742004
H            3.38126376138078        0.73133695110129       -1.32839040157589
H            3.04585683042193        1.19646698813019        0.34100679349432
H            3.52778735730648       -1.61557450467488       -0.67666430412171
H            2.18881558693190       -2.47252664168849        0.07348502649195
H            3.12976305553501       -1.31021183798707        1.01347076224908
29
 energy: -34.685249394404 gnorm: 0.000105158867 xtb: 6.7.1 (edcfbbe)
C           -3.04978613754065        0.08051179517881        0.30697845046866
C           -1.99877790123809       -0.25153465332942       -0.75100600099007
H           -2.51756049820232       -0.40979753370412       -1.70256043664576
C           -1.20846086106442       -1.51744662570677       -0.41427935051779
C           -0.30901440698981       -1.32801196379986        0.80235427936511
C            0.66487083507747       -0.14889462832131        0.63855287732270
H            1.15047093608184        0.04808636213383        1.60188905986540
C           -0.15217043489199        1.07265787311411        0.28660601273643
O           -0.12907989003297        2.08629206603444        0.96047929505389
C           -1.02873617387242        0.92931522333446       -0.92604994121149
C            1.77947735643262       -0.39021523159442       -0.40342242135794
C            2.59146731659486        0.89044892981954       -0.59893617418111
C            2.70918562893072       -1.52067936769612        0.03276093216272
H           -3.69115227951631       -0.77799574985582        0.49025944224760
H           -2.58347031802445        0.37569060230263        1.24440861675355
H           -3.67138029295771        0.90767540839659       -0.02793532372290
H           -1.90449396091398       -2.33467255642764       -0.21796378939103
H           -0.60393519055732       -1.80154901621801       -1.27676720275935
H           -0.92529715701909       -1.14041367333209        1.68362327744808
H            0.25425485996587       -2.24104228157976        0.99242336285762
H           -1.57958167717384        1.85862037008267       -1.08133077227404
H           -0.39385821479415        0.74733330817294       -1.79396315004615
H            1.32598305670205       -0.66428737278403       -1.35945431991056
H            1.96289277158942        1.70918902865489       -0.94445188700549
H            3.38107545632739        0.73127973119401       -1.32930350788034
H            3.04761083377203        1.19529851511883        0.34083134351225
H            3.52796977578153       -1.61571781260804       -0.67611689380628
H            2.18848343722906       -2.47269314563192        0.07310761814990
H            3.12900424153109       -1.31064457588977        1.01385151674936
29
 energy: -34.685249534188 gnorm: 0.000049046484 xtb: 6.7.1 (edcfbbe)
C           -3.04981545328227        0.08024746688709        0.30714469714200
C           -1.99892966186622       -0.25155274797801       -0.75099984860379
H           -2.51782809412457       -0.40988403707056       -1.70247015846845
C           -1.20823949355459       -1.51723783869247       -0.41436248880839
C           -0.30890303587801       -1.32761835512284        0.80229793360781
C            0.66495665682515       -0.14846983814233        0.63827272930061
H            1.15048433851355        0.04875047467803        1.60159109367743
C           -0.15257683948485        1.07276561616865        0.28644498057401
O           -0.13021127626228        2.08609114437882        0.96076520436731
C           -1.02899861505148        0.92940414524839       -0.92625910486791
C            1.77962833950975       -0.39007017411801       -0.40352922414357
C            2.59215164144736        0.89025515739401       -0.59880614924342
C            2.70877593350567       -1.52092469243142        0.03277097977517
H           -3.69040544350468       -0.77862697302261        0.49112972205341
H           -2.58359124000622        0.37629070251919        1.24428363651004
H           -3.67227567332426        0.90664758485045       -0.02787749362077
H           -1.90402307783501       -2.33471388842217       -0.21814562033937
H           -0.60360350220253       -1.80108434113080       -1.27686623977265
H           -0.92524768990595       -1.13981480958341        1.68348280189912
H            0.25438920850262       -2.24058016660695        0.99262557031513
H           -1.57993875986791        1.85861923077806       -1.08159864241745
H           -0.39419556746910        0.74728996383711       -1.79420679233714
H            1.32624872588814       -0.66385989275363       -1.35969757381604
H            1.96380876952542        1.70964883794789       -0.94311141717584
H            3.38099066885031        0.73118571721753       -1.33000009970752
H            3.04942746884740        1.19416679256773        0.34067319498871
H            3.52808708524967       -1.61578333935918       -0.67552558760602
H            2.18789064958842       -2.47287981605469        0.07228350100403
H            3.12793504859290       -1.31145889892520        1.01427530870653
29
 energy: -34.685249501784 gnorm: 0.000156269209 xtb: 6.7.1 (edcfbbe)
C           -3.04984618381439        0.08000376678947        0.30730268657378
C           -1.99907783324924       -0.25156360585164       -0.75099479915636
H           -2.51808559888391       -0.40995061435367       -1.70238709574406
C           -1.20803643478402       -1.51703578165674       -0.41444545881819
C           -0.30879625795096       -1.32725583811230        0.80223740166307
C            0.66503851856410       -0.14807671412331        0.63800655257121
H            1.15049522481286        0.04936592906975        1.60130983160617
C           -0.15296445835002        1.07285771525428        0.28629983203510
O           -0.13128187391206        2.08588726727593        0.96104583781399
C           -1.02924419122065        0.92948858130551       -0.92645390635667
C            1.77977444352922       -0.38993771787001       -0.40362961551040
C            2.59279127039478        0.89007241318870       -0.59869328573027
C            2.70840056247672       -1.52114917129426        0.03279158974760
H           -3.68971505494992       -0.77920754443652        0.49193844379632
H           -2.58371755796076        0.37684132117998        1.24417374166958
H           -3.67311592304109        0.90569209817307       -0.02780469627893
H           -1.90358827542169       -2.33474420303758       -0.21831849346652
H           -0.60330236175829       -1.80064459326250       -1.27696760166057
H           -0.92519380606062       -1.13926597093180        1.68334842711989
H            0.25451949555834       -2.24015483636318        0.99279727229442
H           -1.58026816497045        1.85862079110902       -1.08185079462271
H           -0.39451081635839        0.74724312945695       -1.79443278423088
H            1.32650690946641       -0.66347374163417       -1.35992476121782
H            1.96467287284833        1.71007232043875       -0.94188645425464
H            3.38092235384898        0.73109070846419       -1.33064441772977
H            3.05111521453026        1.19312606572727        0.34051320803366
H            3.52819561235465       -1.61585378992213       -0.67496976083355
H            2.18734625414143       -2.47304982933422        0.07155147249304
H            3.12695717138683       -1.31219513019021        1.01467254118647
29
 energy: -34.685249613312 gnorm: 0.000058668107 xtb: 6.7.1 (edcfbbe)
C           -3.04978230627273        0.08000191694906        0.30719592303581
C           -1.99891576259469       -0.25166092185911       -0.75098888201636
H           -2.51785285244098       -0.41014846770164       -1.70240628199581
C           -1.20801832094497       -1.51721094687909       -0.41434396481974
C           -0.30887067328726       -1.32729526656889        0.80238468096421
C            0.66498132215043       -0.14815887301344        0.63816926132554
H            1.15053450917556        0.04922517422331        1.60144243154354
C           -0.15275275616083        1.07293994131533        0.28631587308252
O           -0.13058304189491        2.08624238287455        0.96066660870550
C           -1.02918960293476        0.92945430144277       -0.92636572312712
C            1.77963950691231       -0.38994080338623       -0.40358567542268
C            2.59255330623773        0.89014903114021       -0.59862887198345
C            2.70839973910612       -1.52114393959772        0.03262327952958
H           -3.68995575852992       -0.77910326952831        0.49157644793549
H           -2.58349778221313        0.37657483035593        1.24414819763772
H           -3.67265007704155        0.90602754023135       -0.02801014017976
H           -1.90362237732992       -2.33487479739376       -0.21824878031974
H           -0.60321573147081       -1.80086050925360       -1.27679575802693
H           -0.92534094687771       -1.13925757126604        1.68343142212521
H            0.25440536910043       -2.24019193438020        0.99304708579381
H           -1.58028498291739        1.85858569876441       -1.08164624834124
H           -0.39442256513934        0.74746931281223       -1.79436644005241
H            1.32626247200831       -0.66343335634535       -1.35984179189560
H            1.96428639834552        1.70996210384034       -0.94207397858723
H            3.38085993133318        0.73118130821913       -1.33042055402251
H            3.05054421379049        1.19333924869119        0.34073053693699
H            3.52813310749345       -1.61573511832466       -0.67521886119049
H            2.18735218350030       -2.47304224339429        0.07129397738214
H            3.12699459012351       -1.31229174690884        1.01450113897599
29
 energy: -34.685249619984 gnorm: 0.000115926104 xtb: 6.7.1 (edcfbbe)
C           -3.04971842873108        0.08000006710865        0.30708915949784
C           -1.99875369194014       -0.25175823786657       -0.75098296487637
H           -2.51762010599805       -0.41034632104962       -1.70242546824755
C           -1.20800020710593       -1.51738611210144       -0.41424247082129
C           -0.30894508862357       -1.32733469502547        0.80253196026535
C            0.66492412573677       -0.14824103190358        0.63833197007988
H            1.15057379353826        0.04908441937687        1.60157503148092
C           -0.15254105397164        1.07302216737639        0.28633191412995
O           -0.12988420987775        2.08659749847318        0.96028737959700
C           -1.02913501464886        0.92942002158004       -0.92627753989757
C            1.77950457029541       -0.38994388890244       -0.40354173533496
C            2.59231534208067        0.89022564909171       -0.59856445823664
C            2.70839891573552       -1.52113870790119        0.03245496931156
H           -3.69019646210992       -0.77899899462011        0.49121445207467
H           -2.58327800646549        0.37630833953188        1.24412265360586
H           -3.67218423104202        0.90636298228962       -0.02821558408060
H           -1.90365647923815       -2.33500539174993       -0.21817906717296
H           -0.60312910118333       -1.80107642524470       -1.27662391439329
H           -0.92548808769480       -1.13924917160028        1.68351441713053
H            0.25429124264253       -2.24022903239722        0.99329689929319
H           -1.58030180086434        1.85855060641979       -1.08144170205978
H           -0.39433431392028        0.74769549616751       -1.79430009587395
H            1.32601803455021       -0.66339297105653       -1.35975882257338
H            1.96389992384271        1.70985188724192       -0.94226150291983
H            3.38079750881738        0.73127190797406       -1.33019669031525
H            3.04997321305072        1.19355243165510        0.34094786584032
H            3.52807060263226       -1.61561644672718       -0.67546796154743
H            2.18735811285916       -2.47303465745435        0.07103648227123
H            3.12703200886018       -1.31238836362746        1.01432973676550
