----------------------------------------------- 
  Element       SASA      Sigma Z        Total  
     Z         Ang**2 cal/Ang**2/mol   kcal/mol 
----------------------------------------------- 
      H         92.377      48.690       4.498
      C         91.607     129.740      11.885
      O         18.196       0.000       0.000

 Subtotal:     202.181                  16.383
 -----------------------------------------------

  Elements    COT*SASA   Sigma Z,Z'     Total   
    Z,Z'       Ang**2  cal/Ang**2/mol kcal/mol  
 ---------------------------------------------- 
  H   C         56.503     -60.770      -3.434
  H   O          6.385       0.000       0.000
  C   C        130.075     -72.950      -9.489
  O   C          4.348      68.690       0.299

 Subtotal:                             -12.624
 ---------------------------------------------- 

 NONAQUEOUS SOLVENT CONTRIBUTION (kcal/mol):
 (proportional to SASA, atomic number independent)
 ---------------------------------------------- 
 Subtotal:                               0.000
 ---------------------------------------------- 

 CDS TOTAL (kcal/mol):                   3.759
...............................................................................
