5
 energy: -7761.097281483788 gnorm: 0.011687383519 xtb: 6.7.1 (edcfbbe)
C            0.00021896250010        0.00047392880021        0.52265443343160
Br           0.38522401287070       -1.82252474790761       -0.03297128521461
Br           1.38644031821437        1.24469580475156       -0.03299588801462
Br          -1.77169754848509        0.57776010755602       -0.03297993311461
H            0.00002409610001       -0.00019051610008        1.61592682481606
5
 energy: -7761.096912331293 gnorm: 0.010570791478 xtb: 6.7.1 (edcfbbe)
C            0.00092957301629       -0.00072054296599        0.57084516497611
Br           0.38123475116605       -1.80346246651716       -0.06312902178477
Br           1.36938356709141        1.23190912197426       -0.06393486961516
Br          -1.74981210780819        0.57264066053949       -0.06252228462869
H           -0.00152595018965       -0.00015195561340        1.65837543209029
5
 energy: -7761.097454055076 gnorm: 0.000606942379 xtb: 6.7.1 (edcfbbe)
C           -0.00000139688150        0.00080629578448        0.54021444580759
Br           0.38529697716833       -1.81917611313750       -0.04324689445817
Br           1.38573149864403        1.24196979369111       -0.04303912281010
Br          -1.76961709748758        0.57624952107956       -0.04186270126851
H           -0.00120012584706        0.00036506909731        1.62756850318789
5
 energy: -7761.097420882941 gnorm: 0.002268751040 xtb: 6.7.1 (edcfbbe)
C            0.00250526449345       -0.00467355704912        0.53997277913882
Br           0.38341471994459       -1.82700041618996       -0.04057349595455
Br           1.37588767375330        1.24995521684879       -0.04305904397555
Br          -1.76180853041090        0.58322928961388       -0.04339620193580
H            0.00021063054634       -0.00129545852188        1.62669017060439
5
 energy: -7761.097451183493 gnorm: 0.000737246671 xtb: 6.7.1 (edcfbbe)
C            0.00093528472844       -0.00146271787683        0.54040117878553
Br           0.38429238464967       -1.82219203011062       -0.04208205866548
Br           1.38140944158622        1.24527514137153       -0.04302475879460
Br          -1.76615837037069        0.57905511763692       -0.04275860637078
H           -0.00026892663583       -0.00046073170947        1.62709846792832
5
 energy: -7761.097454054948 gnorm: 0.000364705029 xtb: 6.7.1 (edcfbbe)
C           -0.00032957026245        0.00068178115845        0.54059218430049
Br           0.38581618311949       -1.81865576519832       -0.04331570667778
Br           1.38552910223064        1.24139016639873       -0.04332807570686
Br          -1.76932188780955        0.57648914791740       -0.04173666104195
H           -0.00148396722310        0.00030924364428        1.62742248696547
5
 energy: -7761.097454054948 gnorm: 0.000364705029 xtb: 6.7.1 (edcfbbe)
C           -0.00032957026245        0.00068178115845        0.54059218430049
Br           0.38581618311949       -1.81865576519832       -0.04331570667778
Br           1.38552910223064        1.24139016639873       -0.04332807570686
Br          -1.76932188780955        0.57648914791740       -0.04173666104195
H           -0.00148396722310        0.00030924364428        1.62742248696547
