----------------------------------------------- 
  Element       SASA      Sigma Z        Total  
     Z         Ang**2 cal/Ang**2/mol   kcal/mol 
----------------------------------------------- 
      H         70.168      48.690       3.416
      C         66.317     129.740       8.604
      O         42.475       0.000       0.000

 Subtotal:     178.960                  12.020
 -----------------------------------------------

  Elements    COT*SASA   Sigma Z,Z'     Total   
    Z,Z'       Ang**2  cal/Ang**2/mol kcal/mol  
 ---------------------------------------------- 
  H   C         39.093     -60.770      -2.376
  H   O          8.752       0.000       0.000
  C   C         83.979     -72.950      -6.126
  O   C         20.954      68.690       1.439
  O   O          0.000       0.000       0.000

 Subtotal:                              -7.063
 ---------------------------------------------- 

 NONAQUEOUS SOLVENT CONTRIBUTION (kcal/mol):
 (proportional to SASA, atomic number independent)
 ---------------------------------------------- 
 Subtotal:                               0.000
 ---------------------------------------------- 

 CDS TOTAL (kcal/mol):                   4.958
...............................................................................
