
         ______________________________________________________________
        |                                                              |
        |                                                              |
        |                   CENSO - Commandline ENSO                   |
        |                           v 2.1.2                            |
        |    energetic sorting of CREST Conformer Rotamer Ensembles    |
        |                    University of Bonn, MCTC                  |
        |                           Oct 2024                           |
        |                 based on ENSO version 2.0.1                  |
        |             L. M. Seidler, F. Bohle and S. Grimme            |
        |                                                              |
        |______________________________________________________________|

        Please cite:
        (TBA)
        S. Grimme, F. Bohle, A. Hansen, P. Pracht, S. Spicher, and M. Stahn
        J. Phys. Chem. A 2021, 125, 19, 4039-4054.
        DOI: https://doi.org/10.1021/acs.jpca.1c00971

        This program is distributed in the hope that it will be useful,
        but WITHOUT ANY WARRANTY; without even the implied warranty of
        MERCHANTABILITY or FITNESS FOR A PARTICULAR PURPOSE.

Reading configuration file from /home/z5358697/.censo2rc.
CALL: /srv/scratch/z5358697/.censo/bin/censo -i crest_conformers.xyz --maxcores 3 -O 1 --loglevel DEBUG
Read 3 conformers.
Number of atoms:              12
Charge:                       0
Unpaired electrons:           0


----------------------------------------------------------------------------------------------------
                                          GENERAL SETTINGS                                          
----------------------------------------------------------------------------------------------------
    
imagthr:                      -100.0
sthr:                         0.0
scale:                        1.0
temperature:                  298.15
solvent:                      h2o
sm_rrho:                      alpb
multitemp:                    False
evaluate_rrho:                False
consider_sym:                 False
bhess:                        False
rmsdbias:                     False
balance:                      False
gas-phase:                    False
copy_mo:                      True
retry_failed:                 True
trange:                       [273.15, 373.15, 5]



----------------------------------------------------------------------------------------------------
                                            PRESCREENING                                            
----------------------------------------------------------------------------------------------------
    
threshold:                    4.0
func:                         pbe-d4
basis:                        def2-sv(p)
prog:                         orca
gfnv:                         gfn2
run:                          True
template:                     False


Running xtb_gsolv calculation for CONF1.
Running xtb_gsolv calculation for CONF2.
Running xtb_gsolv calculation for CONF3.
Running sp calculation for CONF1.
Running sp calculation for CONF3.
Running sp calculation for CONF2.



-------------------------------- PRESCREENING SINGLE-POINT RESULTS ---------------------------------

CONF#        E (xTB)          ΔE (xTB)          E (DFT)          ΔE (DFT)        ΔGsolv (xTB)          Gtot             ΔGtot          Boltzmann weight   
               [Eh]          [kcal/mol]          [Eh]           [kcal/mol]        [kcal/mol]           [Eh]           [kcal/mol]        % at 298.15 K     
CONF1       -22.130558          0.01          -359.877364          1.41           -7.848746         -359.889871          2.03                3.07         
CONF2       -22.130572          0.00          -359.877415          1.38           -7.840198         -359.889909          2.00                3.20         
CONF3       -22.128319          1.41          -359.879607          0.00           -8.466477         -359.893099          0.00               93.73         

Boltzmann averaged free energy/enthalpy of ensemble on input geometries (not DFT optimized):
temperature /K:   avE(T) /a.u.   avG(T) /a.u.
    298.15        -359.8794676    -359.8928976     <<==part0==
----------------------------------------------------------------------------------------------------

Number of conformers:         3
Highest ranked conformer:     CONF3


Ran prescreening in 6.52 seconds!

----------------------------------------------------------------------------------------------------
                                             SCREENING                                              
----------------------------------------------------------------------------------------------------
    
threshold:                    3.5
func:                         r2scan-3c
basis:                        def2-tzvp
prog:                         orca
sm:                           smd
gfnv:                         gfn2
run:                          True
implicit:                     False
template:                     False


Running gsolv calculation for CONF3.
Running gsolv calculation for CONF1.
Running gsolv calculation for CONF2.

----------------------------- SCREENING SINGLE-POINT (+ mRRHO) RESULTS -----------------------------

CONF#        G (xTB)          ΔG (xTB)          E (DFT)          ΔGsolv         GmRRHO          Gtot             ΔGtot          Boltzmann weight   
               [Eh]          [kcal/mol]          [Eh]             [Eh]           [Eh]           [Eh]           [kcal/mol]        % at 298.15 K     
CONF1       -22.143066          ---           -360.545640       -0.010131        ---         -360.555771          3.14                0.49         
CONF2       -22.143066          ---           -360.545735       -0.010178        ---         -360.555913          3.05                0.57         
CONF3       -22.141811          ---           -360.547633       -0.013144        ---         -360.560777          0.00               98.93         

Boltzmann averaged free energy/enthalpy of ensemble on input geometries (not DFT optimized):
temperature /K:   avE(T) /a.u.   avG(T) /a.u.
    298.15        -360.5476122    -360.5607244     <<==part1==
----------------------------------------------------------------------------------------------------


----------------------------------- SCREENING RANKING COMPARISON -----------------------------------

CONF#       ΔGtot prescreening       ΔGtot screening   
                [kcal/mol]             [kcal/mol]      
CONF1              2.03                   3.14         
CONF2              2.00                   3.05         
CONF3              0.00                   0.00         
----------------------------------------------------------------------------------------------------



Number of conformers:         3
Highest ranked conformer:     CONF3


Ran screening in 40.09 seconds!

----------------------------------------------------------------------------------------------------
                                            OPTIMIZATION                                            
----------------------------------------------------------------------------------------------------
    
optcycles:                    8
maxcyc:                       200
threshold:                    1.5
hlow:                         0.01
gradthr:                      0.01
func:                         r2scan-3c
basis:                        def2-tzvp
prog:                         orca
sm:                           smd
gfnv:                         gfn2
optlevel:                     normal
run:                          True
macrocycles:                  True
crestcheck:                   True
template:                     False
constrain:                    False
xtb_opt:                      True


Optimization using macrocycles, 8 microcycles per step.
Running xtb_opt calculation for CONF3.
Running xtb_opt calculation for CONF2.
Running xtb_opt calculation for CONF1.
Running xtb_rrho calculation for CONF3.
Running xtb_rrho calculation for CONF2.
Running xtb_rrho calculation for CONF1.

----------------------------------- OPTIMIZATION CYCLE 8 UPDATE ------------------------------------

CONF#          Gtot             ΔGtot          grad_norm       converged   
               [Eh]           [kcal/mol]        [Eh/a0]                    
CONF1       -360.506126          3.38          0.003919          False     
CONF2       -360.506872          2.91          0.005808          False     
CONF3       -360.511508          0.00          0.001700          False     
----------------------------------------------------------------------------------------------------
Running xtb_opt calculation for CONF3.
Running xtb_opt calculation for CONF2.
Running xtb_opt calculation for CONF1.
CONF3 converged after 17 steps.

----------------------------------- OPTIMIZATION CYCLE 16 UPDATE -----------------------------------

CONF#          Gtot             ΔGtot          grad_norm       converged   
               [Eh]           [kcal/mol]        [Eh/a0]                    
CONF1       -360.506827          2.94          0.002613          False     
CONF2       -360.508356          1.98          0.002967          False     
CONF3       -360.511510          0.00          0.000635          True      
----------------------------------------------------------------------------------------------------
Running xtb_opt calculation for CONF2.
Running xtb_opt calculation for CONF1.
CONF2 converged after 38 steps.

----------------------------------- OPTIMIZATION CYCLE 24 UPDATE -----------------------------------

CONF#          Gtot             ΔGtot          grad_norm       converged   
               [Eh]           [kcal/mol]        [Eh/a0]                    
CONF1       -360.507736          2.37          0.019903          False     
CONF2       -360.508441          1.93          0.000971          True      
CONF3       -360.511510          0.00          0.000635          True      
----------------------------------------------------------------------------------------------------
Running xtb_opt calculation for CONF1.
CONF1 converged after 56 steps.
No longer considering CONF2 (gradient too small and ΔG = 1.93).

----------------------------------- OPTIMIZATION CYCLE 32 UPDATE -----------------------------------

CONF#          Gtot             ΔGtot          grad_norm       converged   
               [Eh]           [kcal/mol]        [Eh/a0]                    
CONF1       -360.508378          1.97          0.000606          True      
CONF3       -360.511510          0.00          0.000635          True      
----------------------------------------------------------------------------------------------------
Running xtb_rrho calculation for CONF1.
Running xtb_rrho calculation for CONF3.

--------------------------------------- OPTIMIZATION RESULTS ---------------------------------------

CONF#       E (DFT) (+ ΔGsolv)       ΔE (DFT) (+ δΔGsolv)       GmRRHO          Gtot             ΔGtot          Boltzmann weight   
                   [Eh]                   [kcal/mol]             [Eh]           [Eh]           [kcal/mol]        % at 298.15 K     
CONF1          -360.559461                   1.65                ---         -360.509615          1.77                4.78         
CONF3          -360.562084                   0.00                ---         -360.512440          0.00               95.22         

Boltzmann averaged free energy/enthalpy of ensemble on optimized geometries:
temperature /K:   avE(T) /a.u.   avG(T) /a.u.
    298.15        -360.5619584    -360.5123051     <<==part2==
----------------------------------------------------------------------------------------------------


--------------------------------------- OPTIMIZATION RESULTS ---------------------------------------

CONF#       E (DFT) (+ ΔGsolv)       ΔE (DFT) (+ δΔGsolv)       GmRRHO          Gtot             ΔGtot          Boltzmann weight   
                   [Eh]                   [kcal/mol]             [Eh]           [Eh]           [kcal/mol]        % at 298.15 K     
CONF1          -360.559461                   1.65                ---         -360.509615          1.77                4.78         
CONF3          -360.562084                   0.00                ---         -360.512440          0.00               95.22         

Boltzmann averaged free energy/enthalpy of ensemble on optimized geometries:
temperature /K:   avE(T) /a.u.   avG(T) /a.u.
    298.15        -360.5619584    -360.5123051     <<==part2==
----------------------------------------------------------------------------------------------------


--------------------------------- OPTIMIZATION RANKING COMPARISON ----------------------------------

CONF#       ΔGtot prescreening       ΔGtot screening       ΔGtot optimization   
                [kcal/mol]             [kcal/mol]              [kcal/mol]       
CONF1              2.03                   3.14                    1.77          
CONF3              0.00                   0.00                    0.00          
----------------------------------------------------------------------------------------------------



Number of conformers:         2
Highest ranked conformer:     CONF3


Ran optimization in 704.07 seconds!

----------------------------------------------------------------------------------------------------
                                             REFINEMENT                                             
----------------------------------------------------------------------------------------------------
    
threshold:                    0.95
func:                         wb97x-v
basis:                        def2-tzvp
prog:                         orca
sm:                           smd
gfnv:                         gfn2
run:                          True
implicit:                     False
template:                     False


Running gsolv calculation for CONF1.
Running gsolv calculation for CONF3.
No longer considering CONF3.

---------------------------- REFINEMENT SINGLE-POINT (+ mRRHO) RESULTS -----------------------------

CONF#         E (DFT)          ΔGsolv         GmRRHO          Gtot             ΔGtot          Boltzmann weight   
               [Eh]             [Eh]           [Eh]           [Eh]           [kcal/mol]        % at 298.15 K     
CONF1       -360.645324       -0.011566        ---         -360.656891          1.81                4.47         
CONF3       -360.645963       -0.013818        ---         -360.659781          0.00               95.53         

Boltzmann averaged free energy/enthalpy of ensemble (high level single-points):
temperature /K:   avE(T) /a.u.   avG(T) /a.u.
    298.15        -360.6459340    -360.6596516     <<==part3==
----------------------------------------------------------------------------------------------------


---------------------------------- REFINEMENT RANKING COMPARISON -----------------------------------

CONF#       ΔGtot prescreening       ΔGtot screening       ΔGtot optimization       ΔGtot refinement   
                [kcal/mol]             [kcal/mol]              [kcal/mol]              [kcal/mol]      
CONF1              2.03                   3.14                    1.77                    1.81         
CONF3              0.00                   0.00                    0.00                    0.00         
----------------------------------------------------------------------------------------------------



Number of conformers:         2
Highest ranked conformer:     CONF3


Ran refinement in 161.94 seconds!

Ran CENSO in 00:15:12

CENSO all done!
