CONF#         G (xTB)          ΔG (xTB)          E (DFT)          ΔGsolv         GmRRHO          Gtot             ΔGtot          Boltzmann weight   
                [Eh]          [kcal/mol]          [Eh]             [Eh]           [Eh]           [Eh]           [kcal/mol]        % at 298.15 K     
CONF1        -33.610643          ---           -465.759695       -0.007040        ---         -465.766735          0.00               32.15         
CONF2        -33.610442          ---           -465.759396       -0.006987        ---         -465.766384          0.22               22.15         
CONF3        -33.610161          ---           -465.757963       -0.007089        ---         -465.765052          1.06                5.41         
CONF4        -33.609999          ---           -465.757998       -0.007480        ---         -465.765478          0.79                8.49         
CONF5        -33.609881          ---           -465.757838       -0.007322        ---         -465.765160          0.99                6.06         
CONF6        -33.609781          ---           -465.757188       -0.007203        ---         -465.764391          1.47                2.68         
CONF7        -33.609693          ---           -465.756492       -0.007284        ---         -465.763775          1.86                1.40         
CONF8        -33.609635          ---           -465.757065       -0.006535        ---         -465.763600          1.97                1.16         
CONF9        -33.608676          ---           -465.756033       -0.006688        ---         -465.762722          2.52                0.46         
CONF10       -33.608633          ---           -465.757623       -0.007872        ---         -465.765495          0.78                8.64         
CONF11       -33.608404          ---           -465.756187       -0.007551        ---         -465.763738          1.88                1.34         
CONF12       -33.608388          ---           -465.757300       -0.007803        ---         -465.765103          1.02                5.71         
CONF13       -33.607980          ---           -465.753902       -0.006669        ---         -465.760571          3.87                0.05         
CONF14       -33.607845          ---           -465.756046       -0.007287        ---         -465.763333          2.14                0.88         
CONF15       -33.607287          ---           -465.753426       -0.006438        ---         -465.759865          4.31                0.02         
CONF16       -33.607058          ---           -465.757114       -0.007476        ---         -465.764590          1.35                3.32         
CONF17       -33.606118          ---           -465.753203       -0.007845        ---         -465.761048          3.57                0.08         

Boltzmann averaged free energy/enthalpy of ensemble on input geometries (not DFT optimized):
temperature /K:   avE(T) /a.u.   avG(T) /a.u.
    298.15        -465.7586293    -465.7658544     <<==part1==
----------------------------------------------------------------------------------------------------

