----------------------------------------------- 
  Element       SASA      Sigma Z        Total  
     Z         Ang**2 cal/Ang**2/mol   kcal/mol 
----------------------------------------------- 
      H         62.401      48.690       3.038
      C         57.295     129.740       7.433
      O         17.600       0.000       0.000
      F         23.345      38.180       0.891

 Subtotal:     160.642                  11.363
 -----------------------------------------------

  Elements    COT*SASA   Sigma Z,Z'     Total   
    Z,Z'       Ang**2  cal/Ang**2/mol kcal/mol  
 ---------------------------------------------- 
  H   C         33.993     -60.770      -2.066
  H   O          8.601       0.000       0.000
  C   C         76.751     -72.950      -5.599
  O   C          3.399      68.690       0.233

 Subtotal:                              -7.431
 ---------------------------------------------- 

 NONAQUEOUS SOLVENT CONTRIBUTION (kcal/mol):
 (proportional to SASA, atomic number independent)
 ---------------------------------------------- 
 Subtotal:                               0.000
 ---------------------------------------------- 

 CDS TOTAL (kcal/mol):                   3.932
...............................................................................
