24
 energy: -463.641250970029 gnorm: 0.033477489969 xtb: 6.7.1 (edcfbbe)
C           -3.16844470340402       -0.01927755320854        1.01947544095176
O           -1.75943364387965        0.00873162380387        0.78111017594613
C           -1.34790088649729       -0.12859764475699       -0.47261660800943
O           -2.11131680433558       -0.27533207962201       -1.40621259292313
C            0.15531272996882       -0.07654380453392       -0.59344252896297
C            0.79682140795309       -1.19999841683175        0.23042678220211
C            2.31641727222647       -1.13827569580440        0.11020178334883
C            2.83557699945652        0.21776787419650        0.57810065525617
C            2.19506857497269        1.33955475219359       -0.23349879120347
C            0.67506092129914        1.28548182076963       -0.11523656555106
H           -3.28662968205639        0.10726861654753        2.09093465102655
H           -3.58386254578810       -0.97155227263052        0.68778614590478
H           -3.65514399371969        0.78873893774951        0.47204553500918
H            0.39764881597621       -0.21133972989365       -1.65212648153210
H            0.50253456842269       -1.08327121298003        1.27477686976489
H            0.43109100539103       -2.16679541186016       -0.12190009135402
H            2.76046978832324       -1.93511566715750        0.70851491521396
H            2.60399477625390       -1.29866424547547       -0.93092403571252
H            2.59485025054985        0.35252509455621        1.63438119652424
H            3.92073138313738        0.25616729931351        0.47188132750910
H            2.55195062213084        2.30773861872262        0.12061478925345
H            2.48041393229914        1.23860526704886       -1.28264382186837
H            0.37890155576790        1.42985404653361        0.92519863370998
H            0.22302163789883        2.07980843662162       -0.71307075501598
24
 energy: -463.642433907633 gnorm: 0.011538064197 xtb: 6.7.1 (edcfbbe)
C           -3.18693898732491       -0.02057930260182        1.01466832225204
O           -1.76633679654548        0.00829463843804        0.78664849286237
C           -1.35246761292742       -0.12975899788075       -0.47592100673582
O           -2.11973951953863       -0.27660221796258       -1.41607616098748
C            0.14918128550644       -0.07532478644467       -0.58173859552737
C            0.80145413920929       -1.20879901656807        0.22760704164161
C            2.32376110177441       -1.14354726843731        0.11478829560609
C            2.84993459081270        0.21751848316961        0.57056308064846
C            2.20164595077941        1.34667115414554       -0.23060433376740
C            0.67871058552459        1.29341196535165       -0.12026351847316
H           -3.31076218248669        0.10615952412460        2.08832555597450
H           -3.60439442446726       -0.97750770053906        0.69201410607466
H           -3.67515194525535        0.79428318712130        0.47454962291655
H            0.38688136101091       -0.21063774940024       -1.64220387485461
H            0.51181803981192       -1.09919184943234        1.27797734522477
H            0.42844401649301       -2.17770324615305       -0.12125949432246
H            2.77040145706427       -1.94679162762222        0.70933937510902
H            2.61371807956691       -1.30933484399821       -0.92972130413506
H            2.61358132309609        0.35340623753685        1.63304834128327
H            3.93923750498592        0.25695607135127        0.47002093388394
H            2.56059705870924        2.32020026574184        0.11803370694912
H            2.48845235580565        1.25039715572934       -1.28468679548659
H            0.38582379040525        1.44587688998246        0.92385528672547
H            0.21928400033882        2.09008155724822       -0.71518369009179
24
 energy: -463.642650887916 gnorm: 0.004871631018 xtb: 6.7.1 (edcfbbe)
C           -3.20396126048383       -0.02202160308039        1.00988315446954
O           -1.77394460690496        0.00805497600939        0.79423657947440
C           -1.35268921148031       -0.12908984654929       -0.47325511447733
O           -2.11909680100167       -0.27588681611569       -1.41577542743308
C            0.14808956665888       -0.07451166902971       -0.57437038920049
C            0.80489452310873       -1.21023989562213        0.23245330335827
C            2.32775997879180       -1.14460037650519        0.11161830647304
C            2.85641896345347        0.21728410966295        0.56598194200476
C            2.20528925111909        1.34717381783225       -0.23401482392311
C            0.68168059814038        1.29628392861129       -0.11595498263469
H           -3.33598998411369        0.10455859827161        2.08424075504022
H           -3.61762684108284       -0.98143295402245        0.68825928442760
H           -3.68756060680332        0.79637276187461        0.47006202431895
H            0.38447139962641       -0.21015745575855       -1.63606070422626
H            0.51912050933488       -1.10907735545733        1.28703978809052
H            0.42915250738874       -2.17886505624271       -0.11789375813489
H            2.77669927751600       -1.94900746380199        0.70572091966157
H            2.61894338094078       -1.31656447196622       -0.93419552658564
H            2.62870180590008        0.35430077041940        1.63304265750540
H            3.94696058761683        0.25648213593433        0.46272936731942
H            2.56641650293560        2.32200149556918        0.11358945000049
H            2.49230485362922        1.25658982745683       -1.29118639291727
H            0.39153520688514        1.45784611867329        0.92982660767033
H            0.21956708054572        2.09198461520508       -0.71219061854073
24
 energy: -463.642704150242 gnorm: 0.002245924479 xtb: 6.7.1 (edcfbbe)
C           -3.21503087168273       -0.02305482892544        1.00563989263938
O           -1.78000661353806        0.00764672676562        0.80092304731874
C           -1.35253838877649       -0.12881831955354       -0.46794003723948
O           -2.11664460387984       -0.27438142922371       -1.41123302749543
C            0.14794879221652       -0.07373353904261       -0.56752512637464
C            0.80694587836415       -1.21059485063243        0.23687438344559
C            2.32953255345299       -1.14514342975124        0.11030545748319
C            2.86125868021581        0.21688125171040        0.56049797683847
C            2.20680710488222        1.34759330303794       -0.23548467851307
C            0.68345047589640        1.29782196473110       -0.11169470043727
H           -3.35427631908307        0.10336449151087        2.07937692270380
H           -3.62398663535162       -0.98294813107369        0.68066463776704
H           -3.69285103502498        0.79580455205313        0.46211920644637
H            0.38458361859981       -0.20925416229661       -1.62926568014968
H            0.52473262777526       -1.11236122589870        1.29275614130617
H            0.43017310202636       -2.17846895440231       -0.11460870659746
H            2.78046544988716       -1.94879329448677        0.70421517080267
H            2.61771944488081       -1.31984893770110       -0.93600713122846
H            2.64035831606320        0.35444600188058        1.62906522207477
H            3.95140702200006        0.25532732784092        0.45131387815189
H            2.56997539261572        2.32192322910931        0.11189522163343
H            2.49033086212154        1.25908830269928       -1.29390449215980
H            0.39658827798153        1.46265089229975        0.93452529822925
H            0.22019496328291        2.09233096409664       -0.70871693957790
24
 energy: -463.642736696199 gnorm: 0.002305580711 xtb: 6.7.1 (edcfbbe)
C           -3.22524411206048       -0.02443373314571        0.99948683684793
O           -1.78620786222093        0.00710129810058        0.80756049101619
C           -1.35226162480884       -0.12759071113453       -0.46147919700103
O           -2.11326420714021       -0.27244285303018       -1.40596876922224
C            0.14823063988987       -0.07277733255749       -0.55883364896898
C            0.80888787933248       -1.20982396392218        0.24364350795676
C            2.33083003607259       -1.14555808304098        0.10892807747792
C            2.86674867840353        0.21631379551447        0.55358241342261
C            2.20771190219808        1.34767131945752       -0.23708303264749
C            0.68505041570164        1.29881301141085       -0.10493366068036
H           -3.37374766011444        0.10160173008539        2.07179968776409
H           -3.62922061067827       -0.98416654434417        0.66915518293456
H           -3.69669090129294        0.79400356918399        0.45057845851805
H            0.38479984334239       -0.20825797173998       -1.62047822687699
H            0.53126031737945       -1.11241040989321        1.30037752488253
H            0.43077090095941       -2.17684911332104       -0.10799588174961
H            2.78442833094377       -1.94765264911898        0.70250171426166
H            2.61272941949362       -1.32293625938735       -0.93822529178817
H            2.65525280181663        0.35454672696580        1.62351100114995
H            3.95575130270397        0.25347657564761        0.43435169948840
H            2.57351407717469        2.32083841822985        0.11010586958508
H            2.48462799903985        1.26077604937850       -1.29697601493023
H            0.40294023447728        1.46498873634441        0.94192777156487
H            0.22024216392225        2.09224584233865       -0.70173698517640
24
 energy: -463.642755814698 gnorm: 0.002415618734 xtb: 6.7.1 (edcfbbe)
C           -3.23268997819065       -0.02567541227386        0.99232684169334
O           -1.79155530019797        0.00574782946184        0.81199818955594
C           -1.35194118935361       -0.12754513028205       -0.45574747087382
O           -2.10945223998763       -0.27021397764204       -1.40285679436726
C            0.14872462312932       -0.07189619684132       -0.55013275196936
C            0.81010722624290       -1.20851889472491        0.25141271444917
C            2.33138173432674       -1.14595444044742        0.10786320569320
C            2.87233187773089        0.21578273649946        0.54622008037527
C            2.20789193262634        1.34794098490545       -0.23839840473309
C            0.68600888284543        1.29931248764902       -0.09703517747343
H           -3.39062526168198        0.10010823990092        2.06296032547688
H           -3.63339091205588       -0.98497723741782        0.65722441807465
H           -3.69892504571476        0.79216858788870        0.43839209623495
H            0.38558875899898       -0.20710052608371       -1.61168150762803
H            0.53744294876333       -1.10961456020943        1.30893485891918
H            0.42997718433890       -2.17523352048106       -0.09832211024802
H            2.78779315888612       -1.94672952046875        0.70062378161526
H            2.60561576739768       -1.32589017928935       -0.94053019655398
H            2.67151292470835        0.35476280597772        1.61766598690947
H            3.95996123813249        0.25146225445950        0.41547249137156
H            2.57641696842518        2.32005948423080        0.10811237459125
H            2.47693216065751        1.26230192780307       -1.30007652373306
H            0.40932733257124        1.46453237447877        0.95105916394654
H            0.21870714625849        2.09264689858466       -0.69167767076565
24
 energy: -463.642768005742 gnorm: 0.001752097872 xtb: 6.7.1 (edcfbbe)
C           -3.23451547049182       -0.02639536000306        0.98847419044322
O           -1.79394076171758        0.00502593703229        0.81138541961698
C           -1.35207001219943       -0.12670123906816       -0.45496802664985
O           -2.10750040667659       -0.26945480091454       -1.40389679251815
C            0.14883421223467       -0.07160303453214       -0.54658315306408
C            0.81024089943026       -1.20725013303300        0.25562464764502
C            2.33121441629046       -1.14636803189401        0.10770137834124
C            2.87497421153061        0.21545599684914        0.54251571031305
C            2.20743306669583        1.34815028896627       -0.23881785640320
C            0.68599226116058        1.29902199434815       -0.09273116133687
H           -3.39542098747173        0.09921146922485        2.05845821540859
H           -3.63471550712928       -0.98545867110932        0.65186899324359
H           -3.69949503577699        0.79131945775177        0.43322987354979
H            0.38672126979810       -0.20684660674357       -1.60782714151664
H            0.54010813649109       -1.10543088285710        1.31352581744625
H            0.42842548682877       -2.17446312998315       -0.09079383529794
H            2.78905417266205       -1.94673830312037        0.69976957058209
H            2.60123339147517       -1.32757609801321       -0.94145657856092
H            2.68021173070408        0.35491430307237        1.61484521965312
H            3.96178812592950        0.25033987864324        0.40556692614874
H            2.57718364669756        2.31995107590282        0.10705433530417
H            2.47229692064225        1.26312627440048       -1.30148641890634
H            0.41237552610693        1.46174849348017        0.95657458762412
H            0.21671360150003        2.09349783474521       -0.68422163566597
24
 energy: -463.642776173132 gnorm: 0.001696185154 xtb: 6.7.1 (edcfbbe)
C           -3.24010330460503       -0.02804461276074        0.97653420866485
O           -1.80101090762978        0.00137776603226        0.80798602960982
C           -1.35183697928030       -0.12823169850439       -0.45372952152138
O           -2.10091868338590       -0.26666619347044       -1.40946717654476
C            0.14934815068918       -0.07090034650030       -0.53679926326074
C            0.81026679042021       -1.20373252429598        0.26840630766177
C            2.33033294476992       -1.14736310965926        0.10691225564211
C            2.88318650721456        0.21469054509550        0.53111314216337
C            2.20594473650854        1.34915579152933       -0.24018330060927
C            0.68580045790456        1.29816540089348       -0.07950820840241
H           -3.40895208771887        0.09760924946949        2.04513631188577
H           -3.64065996763548       -0.98655823900965        0.63768921262307
H           -3.70223324968792        0.78980879355604        0.41855708800166
H            0.39176341442695       -0.20550117178728       -1.59713819041367
H            0.54810797286643       -1.09189883813698        1.32781730958412
H            0.42272810162729       -2.17305603096696       -0.06620026839816
H            2.79227243922822       -1.94693438440645        0.69693692034635
H            2.58858491331079       -1.33324188942536       -0.94456681079359
H            2.70728797662382        0.35560058228975        1.60659802531905
H            3.96774519807601        0.24714824331172        0.37569980159327
H            2.57934721440716        2.32028789684348        0.10377206786547
H            2.45888305446784        1.26679007916207       -1.30614596050544
H            0.42174032382827        1.45191067446557        0.97411604256167
H            0.20952075514038        2.09706004379058       -0.65971020290595
24
 energy: -463.642780228619 gnorm: 0.000537795557 xtb: 6.7.1 (edcfbbe)
C           -3.23884709723405       -0.02793359772116        0.98006005718964
O           -1.79909759861846        0.00242649375708        0.80800081567151
C           -1.35192231597970       -0.12613946998708       -0.45537735110774
O           -2.10264481733156       -0.26739361950107       -1.40907669237283
C            0.14909715504202       -0.07120081254878       -0.54028194244439
C            0.81036624856811       -1.20462643052802        0.26473439712850
C            2.33064838343042       -1.14738931365300        0.10730513623296
C            2.88067914284478        0.21481204615381        0.53423192446718
C            2.20630584711129        1.34887745229527       -0.23990765539600
C            0.68587519842902        1.29840596352793       -0.08348553576350
H           -3.40426024794855        0.09737890911037        2.04950878484513
H           -3.63981047227020       -0.98659221364629        0.64238431843064
H           -3.70237313908318        0.79050662944907        0.42419418515308
H            0.39126180109219       -0.20626775241002       -1.60070218834861
H            0.54602296581860       -1.09473472752155        1.32368493442248
H            0.42406186865660       -2.17354196498956       -0.07216033847416
H            2.79132495896048       -1.94723781853472        0.69811059668030
H            2.59282439226203       -1.33238647678043       -0.94338027739871
H            2.69952225475054        0.35544960535452        1.60885370208486
H            3.96586953325539        0.24800157219504        0.38441286780775
H            2.57846834366383        2.32037371444328        0.10465806160394
H            2.46317078793000        1.26618634874722       -1.30492282783721
H            0.41925853433351        1.45408592677037        0.96908408945311
H            0.21134316093279        2.09641561591159       -0.66610721899857
24
 energy: -463.642780228619 gnorm: 0.000537795557 xtb: 6.7.1 (edcfbbe)
C           -3.23884709723405       -0.02793359772116        0.98006005718964
O           -1.79909759861846        0.00242649375708        0.80800081567151
C           -1.35192231597970       -0.12613946998708       -0.45537735110774
O           -2.10264481733156       -0.26739361950107       -1.40907669237283
C            0.14909715504202       -0.07120081254878       -0.54028194244439
C            0.81036624856811       -1.20462643052802        0.26473439712850
C            2.33064838343042       -1.14738931365300        0.10730513623296
C            2.88067914284478        0.21481204615381        0.53423192446718
C            2.20630584711129        1.34887745229527       -0.23990765539600
C            0.68587519842902        1.29840596352793       -0.08348553576350
H           -3.40426024794855        0.09737890911037        2.04950878484513
H           -3.63981047227020       -0.98659221364629        0.64238431843064
H           -3.70237313908318        0.79050662944907        0.42419418515308
H            0.39126180109219       -0.20626775241002       -1.60070218834861
H            0.54602296581860       -1.09473472752155        1.32368493442248
H            0.42406186865660       -2.17354196498956       -0.07216033847416
H            2.79132495896048       -1.94723781853472        0.69811059668030
H            2.59282439226203       -1.33238647678043       -0.94338027739871
H            2.69952225475054        0.35544960535452        1.60885370208486
H            3.96586953325539        0.24800157219504        0.38441286780775
H            2.57846834366383        2.32037371444328        0.10465806160394
H            2.46317078793000        1.26618634874722       -1.30492282783721
H            0.41925853433351        1.45408592677037        0.96908408945311
H            0.21134316093279        2.09641561591159       -0.66610721899857
