----------------------------------------------- 
  Element       SASA      Sigma Z        Total  
     Z         Ang**2 cal/Ang**2/mol   kcal/mol 
----------------------------------------------- 
      H         79.487      48.690       3.870
      C         26.268     129.740       3.408
      O         17.050       0.000       0.000
      Cl       194.185       9.820       1.907

 Subtotal:     316.989                   9.185
 -----------------------------------------------

  Elements    COT*SASA   Sigma Z,Z'     Total   
    Z,Z'       Ang**2  cal/Ang**2/mol kcal/mol  
 ---------------------------------------------- 
  H   C         53.712     -60.770      -3.264
  H   O          0.000       0.000       0.000
  C   C         36.504     -72.950      -2.663
  O   C          1.204      68.690       0.083

 Subtotal:                              -5.844
 ---------------------------------------------- 

 NONAQUEOUS SOLVENT CONTRIBUTION (kcal/mol):
 (proportional to SASA, atomic number independent)
 ---------------------------------------------- 
 Subtotal:                               0.000
 ---------------------------------------------- 

 CDS TOTAL (kcal/mol):                   3.341
...............................................................................
