----------------------------------------------- 
  Element       SASA      Sigma Z        Total  
     Z         Ang**2 cal/Ang**2/mol   kcal/mol 
----------------------------------------------- 
      H         37.129      48.690       1.808
      C         61.455     129.740       7.973
      N         27.680       0.000       0.000
      Cl        73.425       9.820       0.721

 Subtotal:     199.689                  10.502
 -----------------------------------------------

  Elements    COT*SASA   Sigma Z,Z'     Total   
    Z,Z'       Ang**2  cal/Ang**2/mol kcal/mol  
 ---------------------------------------------- 
  H   C         25.185     -60.770      -1.530
  C   C         77.671     -72.950      -5.666
  C   N          6.755       0.000       0.000
  N   C          6.405     -48.220      -0.309
  N  C(3)       17.529      84.100       1.474

 Subtotal:                              -6.031
 ---------------------------------------------- 

 NONAQUEOUS SOLVENT CONTRIBUTION (kcal/mol):
 (proportional to SASA, atomic number independent)
 ---------------------------------------------- 
 Subtotal:                               0.000
 ---------------------------------------------- 

 CDS TOTAL (kcal/mol):                   4.471
...............................................................................
