17
 energy: -22.497556345358 gnorm: 0.027214290483 xtb: 6.7.1 (edcfbbe)
C            2.89971245602117       -0.07170183064164        0.00911396464483
C            1.40117424876267        0.00073996008469       -0.00450854827332
C            0.70885202684025        1.21285545705021       -0.00293981229334
C           -0.67796492489520        1.21135260681285       -0.00076619239894
C           -1.36803144446823       -0.00334948214838       -0.00001327938081
N           -0.71529258608465       -1.17883959610636       -0.00466008986250
C            0.62573971753779       -1.15696699648400       -0.00763090702759
C           -2.86738818326613       -0.02890185334548        0.00489801858731
H            3.26617416162937       -0.41511733459318        0.98311162489380
H            3.26781858363924       -0.77751175032582       -0.74186784608335
H            3.34108179290658        0.90794396402635       -0.18981093845257
H            1.25655924610466        2.15139048473286       -0.00536131941776
H           -1.23180344849158        2.14540128286277       -0.00155905598537
H            1.11732971428341       -2.12956322170456       -0.01463721142413
H           -3.23956979851559       -1.05454726067388       -0.01174555396848
H           -3.26062422698045        0.47209934304963        0.89618249982071
H           -3.26768344521106        0.50419984199373       -0.86415086904067
17
 energy: -22.498651057909 gnorm: 0.008738856217 xtb: 6.7.1 (edcfbbe)
C            2.88794561166270       -0.07109199971495        0.00775486206258
C            1.39388591125947        0.00219843216024       -0.00387569323979
C            0.70980854712037        1.21448675222146       -0.00225982532672
C           -0.67225697185677        1.21429905696799       -0.00101188465465
C           -1.35792217097926        0.00123494735987       -0.00042477157852
N           -0.71176629365429       -1.16489420164652       -0.00485331451023
C            0.61565861231356       -1.14993023464502       -0.00705356931485
C           -2.85308816301061       -0.03358878074167        0.00453332667477
H            3.24201645946744       -0.41427160460873        0.98112524017938
H            3.24508485173100       -0.77702599956164       -0.74157144372511
H            3.32512824036786        0.90574536966204       -0.19112772135578
H            1.25709978363427        2.14814374857258       -0.00337428455603
H           -1.22457162035291        2.14342237959726       -0.00096784842649
H            1.09086997320834       -2.12484759660698       -0.01245675498689
H           -3.20791217372235       -1.06067780999527       -0.01183331923310
H           -3.23824144188475        0.46218057471531        0.89629519223107
H           -3.24565526549182        0.49410058085382       -0.86524370590181
17
 energy: -22.498749828949 gnorm: 0.001622848928 xtb: 6.7.1 (edcfbbe)
C            2.88510040397162       -0.07178576254989        0.00707059653912
C            1.39190132524609        0.00306992043431       -0.00440992019396
C            0.71083717478430        1.21635072159700       -0.00201100658343
C           -0.67075703792078        1.21894005727002       -0.00029784209231
C           -1.35465482430163        0.00535863570655       -0.00018866831345
N           -0.71000660576754       -1.15673789924658       -0.00430925535564
C            0.61228836605630       -1.14773497172869       -0.00673594491590
C           -2.84971931681678       -0.03564227960497        0.00412753353104
H            3.23393035839661       -0.41461787315399        0.98043361442803
H            3.23734207580702       -0.77866765214140       -0.74101479685576
H            3.32065811711185        0.90373306376210       -0.19237331686506
H            1.25934778614724        2.14759588996609       -0.00257770206492
H           -1.22240805843599        2.14658835960895       -0.00010661424085
H            1.07910679942884       -2.12521190031868       -0.01165444658815
H           -3.19125905950196       -1.06563558156322       -0.01216499693849
H           -3.23417150086689        0.45609716892021        0.89576571147254
H           -3.24145211352603        0.48778371763198       -0.86589846062500
17
 energy: -22.498757491852 gnorm: 0.000731308139 xtb: 6.7.1 (edcfbbe)
C            2.88573171945384       -0.07228244635326        0.00670140683984
C            1.39201059646023        0.00343324507797       -0.00449689284884
C            0.71144904767430        1.21707371839763       -0.00169765886933
C           -0.67070043644374        1.22229788934787        0.00008230435784
C           -1.35489007535265        0.00842688925681       -0.00017637553309
N           -0.71022489194171       -1.15327014300501       -0.00414068281723
C            0.61197473629969       -1.14757123953283       -0.00652436173120
C           -2.85077713296781       -0.03656646597408        0.00384916901973
H            3.23360452699292       -0.41452231659488        0.98044937431116
H            3.23650307430936       -0.78052505691514       -0.74059070687671
H            3.32180479914686        0.90261056288642       -0.19386657780305
H            1.26153166860958        2.14745962274785       -0.00208494741915
H           -1.22135456578883        2.15047956392241        0.00096651690628
H            1.07598028465129       -2.12636348001668       -0.01130024728124
H           -3.18553396881173       -1.06870554655082       -0.01240230684953
H           -3.23706813036983        0.45308510595040        0.89542547778111
H           -3.24395736210951        0.48442371194514       -0.86653900684876
17
 energy: -22.498758393569 gnorm: 0.000196862239 xtb: 6.7.1 (edcfbbe)
C            2.88596418938373       -0.07245390552754        0.00652557661372
C            1.39205733290109        0.00354855340137       -0.00448878382050
C            0.71153058452511        1.21706858411537       -0.00138361440592
C           -0.67065097682785        1.22323072959294        0.00062301705863
C           -1.35521037218017        0.00956536418688        0.00007390020610
N           -0.71064354678980       -1.15250580067908       -0.00410171120596
C            0.61198116064392       -1.14745986050430       -0.00655091918980
C           -2.85120602788245       -0.03701573411525        0.00363403539879
H            3.23434533759062       -0.41365196088385        0.98063218092611
H            3.23659831677831       -0.78169069761365       -0.74010023286264
H            3.32256810763247        0.90207698482169       -0.19532652326063
H            1.26227000045703        2.14729591391063       -0.00167053034691
H           -1.22046862492414        2.15202059168977        0.00161243832193
H            1.07551847912600       -2.12640599250298       -0.01127670902018
H           -3.18452701198851       -1.06963632138202       -0.01258986358757
H           -3.23884022577133        0.45221557975323        0.89500439576778
H           -3.24520283286178        0.48328158632659       -0.86696217225512
17
 energy: -22.498758597884 gnorm: 0.000123388148 xtb: 6.7.1 (edcfbbe)
C            2.88583974417234       -0.07251996542041        0.00636961733418
C            1.39201128490045        0.00359159640703       -0.00434892013777
C            0.71155961732803        1.21711698893627       -0.00103749833503
C           -0.67060695375693        1.22341824601787        0.00090116301979
C           -1.35518324107061        0.00985147296951        0.00007096086897
N           -0.71068160988792       -1.15224838474093       -0.00415761166153
C            0.61186321220546       -1.14732594095517       -0.00648994056981
C           -2.85107316509081       -0.03716500069447        0.00348993138380
H            3.23438310252278       -0.41260314881393        0.98079096897908
H            3.23622804422867       -0.78263793170333       -0.73951140202292
H            3.32246157143749        0.90174679895965       -0.19667695923781
H            1.26240807838541        2.14727715137872       -0.00121590147440
H           -1.22012089532016        2.15236055167097        0.00217648476673
H            1.07514700981806       -2.12633937323950       -0.01149074512073
H           -3.18386713833510       -1.06992545666465       -0.01262239347629
H           -3.23912546122730        0.45208223629325        0.89467385974838
H           -3.24515931049762        0.48280377418891       -0.86726712972682
17
 energy: -22.498758984746 gnorm: 0.000184398731 xtb: 6.7.1 (edcfbbe)
C            2.88569801570645       -0.07260947490974        0.00598977548944
C            1.39200405049222        0.00364275743436       -0.00431273069298
C            0.71161948099814        1.21719539631284       -0.00017271381103
C           -0.67057439769092        1.22355917864560        0.00189962249443
C           -1.35520216596305        0.01016433175241        0.00031749568206
N           -0.71072752945267       -1.15201015974054       -0.00442539680570
C            0.61170038832105       -1.14713949575011       -0.00685571148002
C           -2.85091615094607       -0.03733578974094        0.00311458284816
H            3.23466244947739       -0.40927763343231        0.98144762271421
H            3.23563269515262       -0.78537040055587       -0.73754065048250
H            3.32232431050651        0.90091284967492       -0.20060436208664
H            1.26252886708824        2.14729745899374        0.00013108843225
H           -1.21963091987208        2.15274981035540        0.00370622918371
H            1.07474151583638       -2.12624785607383       -0.01206026251942
H           -3.18311939549252       -1.07025533771582       -0.01266932101309
H           -3.23975642936939        0.45222158013050        0.89379536581261
H           -3.24490089498003        0.48198639920918       -0.86810614942767
17
 energy: -22.498759581674 gnorm: 0.000365765560 xtb: 6.7.1 (edcfbbe)
C            2.88564750691297       -0.07266100955705        0.00548399738320
C            1.39203236725293        0.00364861994883       -0.00415241818275
C            0.71167270473059        1.21721337309923        0.00114494599548
C           -0.67055794766004        1.22352134884678        0.00327377597645
C           -1.35525549009878        0.01027056510505        0.00042749991797
N           -0.71075534677162       -1.15196833326174       -0.00500487948609
C            0.61158805137550       -1.14704075367924       -0.00724502831008
C           -2.85086331221288       -0.03740732974315        0.00261742763016
H            3.23525076569612       -0.40373110259000        0.98266445716576
H            3.23505966530237       -0.78966941812138       -0.73419174334567
H            3.32221266495126        0.89969182554228       -0.20680251359388
H            1.26252803023321        2.14731762622207        0.00209513304910
H           -1.21931662364463        2.15288809412268        0.00603610333374
H            1.07458881847163       -2.12618083468170       -0.01340905970349
H           -3.18288337045430       -1.07038024136300       -0.01277815863290
H           -3.24042495236091        0.45270480627494        0.89268994829127
H           -3.24443964191113        0.48126637842518       -0.86919500315046
17
 energy: -22.498760568124 gnorm: 0.000460015658 xtb: 6.7.1 (edcfbbe)
C            2.88565747115990       -0.07266399807276        0.00491336956872
C            1.39205940764494        0.00357724462719       -0.00421879411949
C            0.71170649348042        1.21714558924961        0.00277480697347
C           -0.67054213079140        1.22333580251323        0.00516625438775
C           -1.35528778380754        0.01015282050737        0.00070537328824
N           -0.71075499537929       -1.15209646474052       -0.00598623683443
C            0.61153303296618       -1.14707159422121       -0.00830910791844
C           -2.85088278769314       -0.03735832775183        0.00203156988525
H            3.23596106198735       -0.39578526757248        0.98457842673782
H            3.23458736266950       -0.79557881059820       -0.72922230918964
H            3.32204928380962        0.89804853442723       -0.21528940078458
H            1.26243130062064        2.14729649112534        0.00460359623172
H           -1.21925304496043        2.15273558632861        0.00906078151645
H            1.07464540848451       -2.12618608052952       -0.01515893002783
H           -3.18309963126162       -1.07027719748701       -0.01320533284567
H           -3.24100942427893        0.45327225621358        0.89155437806246
H           -3.24371713483845        0.48093703057115       -0.87034396059399
17
 energy: -22.498763538171 gnorm: 0.000860977783 xtb: 6.7.1 (edcfbbe)
C            2.88575669887848       -0.07260117498254        0.00336594815276
C            1.39211516933459        0.00320505673956       -0.00461384661755
C            0.71178170231660        1.21680993557020        0.00772722766926
C           -0.67048606486965        1.22278935475456        0.01094219904899
C           -1.35535910190198        0.00966588197939        0.00127851117643
N           -0.71080325323050       -1.15258076821949       -0.00954894356252
C            0.61147124031103       -1.14739359476383       -0.01198707179634
C           -2.85103899197135       -0.03709653081471        0.00033872127644
H            3.23806007399276       -0.36853870896945        0.99150474271163
H            3.23351368164228       -0.81549392129380       -0.71162857694290
H            3.32151759166402        0.89244119060322       -0.24361212989309
H            1.26224572579509        2.14707268639536        0.01289278357525
H           -1.21934224425400        2.15212289855492        0.01883973843486
H            1.07492612603914       -2.12640678118716       -0.02221841164313
H           -3.18406136504977       -1.06979662013263       -0.01454109034933
H           -3.24248990621456        0.45494460679157        0.88844380162473
H           -3.24172319266993        0.48034010356461       -0.87352911852767
17
 energy: -22.498765905962 gnorm: 0.001340019859 xtb: 6.7.1 (edcfbbe)
C            2.88582803353609       -0.07247670769633        0.00222165533845
C            1.39211052672102        0.00271579990899       -0.00524387731060
C            0.71181551115725        1.21637680032814        0.01249653446770
C           -0.67041741592496        1.22225239261146        0.01615219468145
C           -1.35540950239951        0.00910669762611        0.00150686142791
N           -0.71091124481538       -1.15307795297104       -0.01359644825914
C            0.61142933714893       -1.14782930261600       -0.01642182396610
C           -2.85123382800607       -0.03677643845345       -0.00095658735662
H            3.23979832899714       -0.34149624444980        0.99806883353363
H            3.23313976792407       -0.83430653596194       -0.69331397966379
H            3.32100058221347        0.88634662450540       -0.27057365071845
H            1.26217126223468        2.14666201623502        0.02075974653362
H           -1.21959421039019        2.15138924407592        0.02774963535521
H            1.07514003721938       -2.12675380350800       -0.02979925543689
H           -3.18520374143829       -1.06921552102312       -0.01532107599027
H           -3.24341912321984        0.45667198764723        0.88598514008700
H           -3.24016043114552        0.47989455833120       -0.87605941838531
17
 energy: -22.498769767309 gnorm: 0.001260062941 xtb: 6.7.1 (edcfbbe)
C            2.88591490961336       -0.07225684627666        0.00177373205503
C            1.39208786781488        0.00209053305991       -0.00618166534569
C            0.71182000426799        1.21581899795751        0.01621108445270
C           -0.67031869306924        1.22164976312304        0.02023217029090
C           -1.35541328314527        0.00838652538464        0.00143470340189
N           -0.71103786212243       -1.15365977315134       -0.01794193450181
C            0.61147521938425       -1.14841202974790       -0.02128184404114
C           -2.85145931991248       -0.03634568901347       -0.00165562262818
H            3.24082888548449       -0.31659660060674        1.00368410215263
H            3.23354322929172       -0.85023929387951       -0.67525326336856
H            3.32043418889337        0.88002111199814       -0.29377823831668
H            1.26219670908181        2.14605454517621        0.02782872306265
H           -1.22007290905137        2.15041918924728        0.03509570180304
H            1.07540853857094       -2.12723712053423       -0.03812297751511
H           -3.18665205677254       -1.06845611764038       -0.01479392984510
H           -3.24347581279853        0.45892214183993        0.88427536486905
H           -3.23919572571870        0.47932427765335       -0.87787162218780
17
 energy: -22.498776386823 gnorm: 0.000532867416 xtb: 6.7.1 (edcfbbe)
C            2.88603354600189       -0.07193114255098        0.00248124060138
C            1.39200896475411        0.00115215325724       -0.00773573748030
C            0.71186615781605        1.21502930149737        0.01978148792548
C           -0.67004858769454        1.22133020870642        0.02363700826026
C           -1.35527897626715        0.00784199500436        0.00031357150466
N           -0.71129620794450       -1.15397977144316       -0.02470853806796
C            0.61159621295374       -1.14918012665771       -0.02867669412675
C           -2.85159514426484       -0.03594271329324       -0.00142922600989
H            3.24030169745008       -0.28754008764708        1.01027284635155
H            3.23476791297563       -0.86724310315517       -0.65201196918961
H            3.31962196951374        0.87162035239779       -0.31834507022899
H            1.26285315183297        2.14489459946953        0.03541151926511
H           -1.22043256483878        2.14964161750786        0.04210405146528
H            1.07518445401343       -2.12803001891199       -0.05041315989004
H           -3.18764876819538       -1.06784036898011       -0.01184650245032
H           -3.24231889674165        0.46195774672539        0.88355108318500
H           -3.23953103155255        0.47770297266324       -0.87873142677703
17
 energy: -22.498461594181 gnorm: 0.015658712586 xtb: 6.7.1 (edcfbbe)
C            2.88630536076477       -0.07097280745838        0.00323948285655
C            1.39169153695888       -0.00271651847588       -0.01429782100506
C            0.71231963679388        1.21189744877635        0.03993755632521
C           -0.66877326512433        1.22036723227816        0.04501171748941
C           -1.35484705751758        0.00656051740966       -0.00321772509052
N           -0.71256550481137       -1.15462116431422       -0.05651341095536
C            0.61152232176800       -1.15184474597676       -0.06231890520693
C           -2.85177256407389       -0.03482406128214       -0.00286593064979
H            3.24019885964924       -0.13547485672815        1.04715320060838
H            3.23678267149247       -0.96362815849373       -0.53629184624479
H            3.31584075845799        0.83097247196858       -0.45520498687028
H            1.26594013027796        2.14012248398341        0.07642731405567
H           -1.22016723859195        2.14771739943394        0.08348802336907
H            1.07299373486265       -2.13106596286809       -0.10872189238362
H           -3.18955661328629       -1.06631348091120       -0.00335054266436
H           -3.24068254784923        0.47345862946933        0.87694183183919
H           -3.23914632995895        0.46984918777891       -0.88576158113498
17
 energy: -22.498777727615 gnorm: 0.002964018273 xtb: 6.7.1 (edcfbbe)
C            2.88604341705122       -0.07151977674346        0.00379529598101
C            1.39176721330919       -0.00070839899030       -0.01113974149205
C            0.71206902732977        1.21356170851474        0.02812649503179
C           -0.66942332320964        1.22110007853938        0.03245504746962
C           -1.35508320807110        0.00757377383648       -0.00184239884279
N           -0.71201572228874       -1.15394084244876       -0.04050481712447
C            0.61140960137043       -1.15025398562780       -0.04524989237156
C           -2.85152456444135       -0.03560574490386       -0.00134669404198
H            3.23918356755887       -0.21785176614089        1.02707270199589
H            3.23623779944552       -0.91013423617958       -0.59721545895445
H            3.31823056333653        0.85189889459292       -0.37911242800800
H            1.26460501789278        2.14244250496298        0.05384779816340
H           -1.21988791049055        2.14914384644385        0.06020105099591
H            1.07355070791439       -2.12938459306414       -0.07945437708949
H           -3.18776794824994       -1.06747532364568       -0.00578716750766
H           -3.24080887157479        0.46779216468547        0.88112228688760
H           -3.24050147707036        0.47284531075845       -0.88131321675495
17
 energy: -22.498787144637 gnorm: 0.001338597770 xtb: 6.7.1 (edcfbbe)
C            2.88590403903583       -0.07164483229807        0.00442102548712
C            1.39171736974762       -0.00066938297721       -0.01132399646181
C            0.71207357149126        1.21363954301788        0.02771590442289
C           -0.66942961812644        1.22123712240842        0.03166819961557
C           -1.35515468947139        0.00786670310710       -0.00240519067692
N           -0.71211211371106       -1.15365091133018       -0.04131732343692
C            0.61124301847019       -1.15000082046757       -0.04600249282606
C           -2.85143776817440       -0.03579196461441       -0.00077252240719
H            3.23844969324391       -0.21853376842940        1.02623191910681
H            3.23670978633889       -0.90849595190369       -0.59616811287702
H            3.31873839572512        0.85069651964910       -0.37680530862037
H            1.26472956698343        2.14238434522498        0.05313818278493
H           -1.21946961412259        2.14949136876124        0.05922885534649
H            1.07311064787474       -2.12918136691906       -0.08059388203559
H           -3.18717701492486       -1.06778855489430       -0.00445204595112
H           -3.24035122135525        0.46785861108385        0.88172322021080
H           -3.24146015921274        0.47206695517111       -0.88063194734379
17
 energy: -22.498789485700 gnorm: 0.000666823502 xtb: 6.7.1 (edcfbbe)
C            2.88569326623525       -0.07185020179047        0.00503355897069
C            1.39177179064191       -0.00058601997650       -0.01156275819343
C            0.71222442394869        1.21373100461304        0.02779011486485
C           -0.66932608593403        1.22142568363759        0.03144409462379
C           -1.35520905960355        0.00839361443390       -0.00307898061681
N           -0.71217539679164       -1.15316501919005       -0.04290164474503
C            0.61104412275780       -1.14959983195936       -0.04748063124872
C           -2.85125026838612       -0.03609942370633       -0.00028942495030
H            3.23746580391192       -0.21535073155649        1.02591495072137
H            3.23657014923626       -0.90932698408716       -0.59197331174725
H            3.31903431691462        0.84798395212388       -0.37815145389118
H            1.26497609528032        2.14234003223151        0.05363529895486
H           -1.21858148137552        2.15009449476626        0.05944876230184
H            1.07252975991379       -2.12885284097166       -0.08303039574336
H           -3.18606979485293       -1.06834617663615       -0.00301903233691
H           -3.24010874250971        0.46790116983338        0.88205988919514
H           -3.24250500957480        0.47079089282442       -0.88018455182173
17
 energy: -22.498790685288 gnorm: 0.000288252731 xtb: 6.7.1 (edcfbbe)
C            2.88569555594971       -0.07188661566542        0.00481090048833
C            1.39178243687855       -0.00059658386731       -0.01159875949657
C            0.71225475815505        1.21370424373568        0.02852712611902
C           -0.66930895674202        1.22141156969117        0.03224663045801
C           -1.35522238117149        0.00845307149209       -0.00302516643871
N           -0.71219537810293       -1.15312804925453       -0.04339148024939
C            0.61098328126232       -1.14957559712867       -0.04797713648318
C           -2.85123120967822       -0.03611727364823       -0.00053926145154
H            3.23772079428453       -0.21138360636746        1.02660054597834
H            3.23632010884861       -0.91203998279718       -0.58923074164025
H            3.31889328392118        0.84681079982408       -0.38216502127567
H            1.26496808785764        2.14232325364178        0.05484390388570
H           -1.21844369681291        2.15014101643127        0.06080279253709
H            1.07246102332292       -2.12882965146633       -0.08402521811531
H           -3.18593749613436       -1.06839878143264       -0.00326727748965
H           -3.24036469615632        0.46796070300844        0.88164603355272
H           -3.24229162587001        0.47063509839305       -0.88060338604112
17
 energy: -22.498793034136 gnorm: 0.000904737365 xtb: 6.7.1 (edcfbbe)
C            2.88561893278905       -0.07203360610630        0.00433107879806
C            1.39180019414773       -0.00073379207308       -0.01187891046348
C            0.71241330243300        1.21353421642158        0.03155336138720
C           -0.66920097372568        1.22133419697379        0.03541524704625
C           -1.35530686937206        0.00876396175252       -0.00315332670178
N           -0.71234270573177       -1.15289024125226       -0.04645108419695
C            0.61066270830316       -1.14942022008328       -0.05100806368692
C           -2.85113112946231       -0.03624039098852       -0.00127914842237
H            3.23848846676000       -0.19262334731780        1.02920316424641
H            3.23552979315172       -0.92362568967705       -0.57501860953226
H            3.31852357979255        0.84029540002414       -0.39985397745087
H            1.26508374230245        2.14209073575306        0.06030890101706
H           -1.21766641711608        2.15038651871739        0.06657911484830
H            1.07195540024436       -2.12869194356530       -0.08975261373672
H           -3.18527982082851       -1.06867810725093       -0.00338238313004
H           -3.24112735726724        0.46854499167288        0.88012870138802
H           -3.24193695660810        0.46947093158894       -0.88208696707210
17
 energy: -22.498794531708 gnorm: 0.001125112757 xtb: 6.7.1 (edcfbbe)
C            2.88556489840641       -0.07210072843220        0.00412522366053
C            1.39181322274578       -0.00088895037914       -0.01206793348644
C            0.71251825494287        1.21337327573555        0.03349283266318
C           -0.66911550720286        1.22124706673235        0.03735242076496
C           -1.35535143151216        0.00889960155497       -0.00333701772623
N           -0.71244089285751       -1.15276901577522       -0.04855932702063
C            0.61049639771336       -1.14937007730799       -0.05310849619610
C           -2.85108748908944       -0.03628216556708       -0.00166657124856
H            3.23891687902471       -0.18049361189851        1.03038772253155
H            3.23517776757193       -0.93048195427595       -0.56551979347671
H            3.31823081049642        0.83569232604312       -0.41077857903339
H            1.26521376535655        2.14184662707720        0.06374239088308
H           -1.21722840829534        2.15045229571348        0.07009486779336
H            1.07165286207027       -2.12864728932979       -0.09356222230206
H           -3.18500387295403       -1.06878318917517       -0.00321254766212
H           -3.24147806715762        0.46909495516206        0.87923185130773
H           -3.24179529944707        0.46869444871210       -0.88296033711434
17
 energy: -22.498799139187 gnorm: 0.001595706277 xtb: 6.7.1 (edcfbbe)
C            2.88544252496196       -0.07216642596106        0.00357533206100
C            1.39182273193040       -0.00153774021820       -0.01248809312245
C            0.71280019937004        1.21272276891547        0.03931596640781
C           -0.66883878011838        1.22083911391160        0.04319264606789
C           -1.35545727694928        0.00906149597715       -0.00383620796285
N           -0.71275962061152       -1.15256438584120       -0.05495724293133
C            0.61007846207431       -1.14940222045846       -0.05941077054935
C           -2.85102908843988       -0.03626438814684       -0.00288953836906
H            3.24049205215455       -0.14327428762053        1.03285071097069
H            3.23425869327036       -0.95023153762083       -0.53605401942729
H            3.31721174661055        0.82094269762656       -0.44384652074920
H            1.26567840235590        2.14088089274654        0.07436382786217
H           -1.21619329361500        2.15031649199686        0.08076770430824
H            1.07084886737208       -2.12866677463982       -0.10495909564291
H           -3.18467609200687       -1.06882820002693       -0.00268851564474
H           -3.24239498160903        0.47109724467742        0.87642673377349
H           -3.24120065693792        0.46655886927207       -0.88570843271431
17
 energy: -22.498802250235 gnorm: 0.000443737025 xtb: 6.7.1 (edcfbbe)
C            2.88557161982876       -0.07196996616656        0.00346720559116
C            1.39176939151689       -0.00177006107673       -0.01241887704813
C            0.71268528890830        1.21248209146892        0.03947174500010
C           -0.66890114710395        1.22070795312574        0.04356694517194
C           -1.35551933429332        0.00868308674266       -0.00352596207983
N           -0.71285183191752       -1.15281039986796       -0.05487410839000
C            0.61024573569557       -1.14976356340879       -0.05941115669306
C           -2.85139852092076       -0.03599592266585       -0.00312916803184
H            3.24142894207923       -0.14159363267268        1.03099288016343
H            3.23502198218180       -0.94920163574551       -0.53440878646341
H            3.31730837812218        0.81913034732068       -0.44466010327261
H            1.26572703958585        2.14056036710914        0.07482031655084
H           -1.21687053258259        2.14982768840925        0.08127362088381
H            1.07115519736093       -2.12898447003840       -0.10453835182001
H           -3.18575784190624       -1.06839966030156       -0.00353988846265
H           -3.24256330258864        0.47109092598202        0.87638231259466
H           -3.24096717415425        0.46749046637541       -0.88581413935659
17
 energy: -22.498802805277 gnorm: 0.000188628058 xtb: 6.7.1 (edcfbbe)
C            2.88563023294122       -0.07188236573651        0.00334852307425
C            1.39178198868154       -0.00193093824382       -0.01219429962120
C            0.71270516820149        1.21235796274009        0.03983712820491
C           -0.66880913994825        1.22059972834949        0.04379021724785
C           -1.35537666924616        0.00847468587478       -0.00362162163882
N           -0.71278629810000       -1.15295385243580       -0.05484831485309
C            0.61037307011366       -1.14993982160090       -0.05914829265355
C           -2.85129418343594       -0.03588437980269       -0.00329570462747
H            3.24138510831702       -0.14016211883724        1.03115621321917
H            3.23466842376795       -0.94995367519322       -0.53381552989183
H            3.31664545236558        0.81909396256749       -0.44618993032492
H            1.26582497245255        2.14039661655252        0.07514139028637
H           -1.21704914496209        2.14954115673516        0.08163258068329
H            1.07125931527839       -2.12913261702229       -0.10453694740885
H           -3.18597623111343       -1.06817771600841       -0.00419616465314
H           -3.24236018614334        0.47092863500284        0.87641335511929
H           -3.24053798935793        0.46810835164830       -0.88581811782444
17
 energy: -22.498803408637 gnorm: 0.000202865157 xtb: 6.7.1 (edcfbbe)
C            2.88568442589698       -0.07171203753453        0.00304014532396
C            1.39169380062247       -0.00224439565714       -0.01205793004690
C            0.71263294663650        1.21212824825426        0.04045079111058
C           -0.66874581722507        1.22038363866167        0.04448140775823
C           -1.35523506719486        0.00807733681078       -0.00343741498741
N           -0.71280102486021       -1.15323627058669       -0.05479759117332
C            0.61047158620069       -1.15023979777463       -0.05909396999348
C           -2.85118826317575       -0.03567845697386       -0.00369512335724
H            3.24180228288741       -0.13641925933927        1.03111479068915
H            3.23451249712488       -0.95159048389658       -0.53164802930407
H            3.31586077313659        0.81822977690376       -0.44979705230183
H            1.26594187424511        2.14004900202128        0.07603048077775
H           -1.21742700832634        2.14903008061152        0.08256606860190
H            1.07129490743935       -2.12943525073234       -0.10434207865177
H           -3.18645629179996       -1.06776596755191       -0.00596421888227
H           -3.24218686988276        0.47025479628960        0.87653658975275
H           -3.23977086191276        0.46965265508386       -0.88573238097822
17
 energy: -22.498804050881 gnorm: 0.000357482708 xtb: 6.7.1 (edcfbbe)
C            2.88567331015440       -0.07156156631932        0.00267181972230
C            1.39161983663460       -0.00255201942741       -0.01170804662892
C            0.71257975450944        1.21191073271671        0.04136656224473
C           -0.66869547736003        1.22019047045942        0.04513819535975
C           -1.35516514177885        0.00776798565621       -0.00348576661438
N           -0.71285404214610       -1.15347562921031       -0.05483946390440
C            0.61052779627678       -1.15050323770118       -0.05889019778984
C           -2.85114151727351       -0.03551297813703       -0.00413546678026
H            3.24251912784776       -0.13160475628056        1.03083092461233
H            3.23441308303109       -0.95363480041372       -0.52853228239931
H            3.31519883104999        0.81665304149575       -0.45432034145695
H            1.26608370246877        2.13970132016898        0.07733006740937
H           -1.21767186811425        2.14863236196495        0.08364664260108
H            1.07126305715692       -2.12970707582918       -0.10463210306115
H           -3.18689226216244       -1.06743210613433       -0.00787199861185
H           -3.24217536827513        0.46939545687539        0.87667655895693
H           -3.23919893220718        0.47121641470542       -0.88559061932160
17
 energy: -22.498804913165 gnorm: 0.000390977940 xtb: 6.7.1 (edcfbbe)
C            2.88562341454703       -0.07147068382078        0.00232203499664
C            1.39158598502581       -0.00277888500842       -0.01155380143564
C            0.71256422317199        1.21174064684109        0.04236422882739
C           -0.66865586812096        1.22004839256197        0.04595920266006
C           -1.35516818907953        0.00761059883755       -0.00336330059355
N           -0.71292892792258       -1.15360153347507       -0.05504066750657
C            0.61052026528325       -1.15064224086848       -0.05921586055386
C           -2.85114171638704       -0.03542439697384       -0.00457668736317
H            3.24329995875228       -0.12611537088011        1.03050122943801
H            3.23431827940655       -0.95605836059395       -0.52465581110921
H            3.31473038204713        0.81450474165634       -0.45938820569707
H            1.26621819141828        2.13940902255075        0.07900711608995
H           -1.21769906620509        2.14843837701835        0.08476658784431
H            1.07114936783418       -2.12989750926780       -0.10507512051981
H           -3.18713200677307       -1.06725711112458       -0.00967601945360
H           -3.24235618655834        0.46844150613767        0.87676245788855
H           -3.23884421662761        0.47253642099909       -0.88548289917463
17
 energy: -22.498806434502 gnorm: 0.000337216912 xtb: 6.7.1 (edcfbbe)
C            2.88556725371712       -0.07143438552856        0.00195637877552
C            1.39158101839454       -0.00298799887938       -0.01133842356722
C            0.71258578614381        1.21155752743466        0.04377441992493
C           -0.66862017603940        1.21993894998022        0.04716689831421
C           -1.35525342329160        0.00761611886189       -0.00336675161151
N           -0.71305577126864       -1.15360349023459       -0.05576790126067
C            0.61041762589941       -1.15070073331880       -0.05989863697662
C           -2.85119845545424       -0.03539987720196       -0.00511820711878
H            3.24437520719023       -0.11713927558701        1.03014668234474
H            3.23415154097910       -0.96025369282746       -0.51777670285208
H            3.31434354159572        0.81058807553246       -0.46749587239569
H            1.26635976123787        2.13909484687804        0.08161907747391
H           -1.21748010566601        2.14841752078217        0.08673903952360
H            1.07089726762360       -2.13000404933074       -0.10665488450018
H           -3.18717027857616       -1.06723149334728       -0.01197279960334
H           -3.24274014353895        0.46700829086646        0.87692716526241
H           -3.23867675913414        0.47401728050967       -0.88528499739543
17
 energy: -22.498808958588 gnorm: 0.000291651231 xtb: 6.7.1 (edcfbbe)
C            2.88553350969774       -0.07145879325691        0.00162175526350
C            1.39161868901022       -0.00322132147717       -0.01126365937048
C            0.71269358261841        1.21129569864083        0.04606699936365
C           -0.66853787736807        1.21983335566515        0.04924062973212
C           -1.35536761288974        0.00776327475913       -0.00348594603668
N           -0.71320495237751       -1.15346821778876       -0.05765080693522
C            0.61024641599601       -1.15070053328592       -0.06180144299800
C           -2.85128530679488       -0.03542077120640       -0.00578592094048
H            3.24555216026923       -0.10203906515916        1.03000159032030
H            3.23380310679181       -0.96754950280486       -0.50568955894801
H            3.31386709212317        0.80380768251803       -0.48084207437732
H            1.26654959770697        2.13871008754540        0.08549035313740
H           -1.21700287865055        2.14850357661733        0.09021729579891
H            1.07054636179166       -2.13005427478772       -0.10979270259138
H           -3.18701700281766       -1.06732064312572       -0.01517154407625
H           -3.24325307770772        0.46478771414327        0.87733363633902
H           -3.23865791758681        0.47601534759327       -0.88483411934327
17
 energy: -22.498812438720 gnorm: 0.000520928342 xtb: 6.7.1 (edcfbbe)
C            2.88553562218360       -0.07150858747335        0.00145319227996
C            1.39164968854910       -0.00356759111735       -0.01136665864298
C            0.71286169141344        1.21089717748895        0.04891392946311
C           -0.66839614564746        1.21967428183338        0.05213023539108
C           -1.35545571343679        0.00793768552447       -0.00381576169807
N           -0.71338871892106       -1.15326535200874       -0.06098763280142
C            0.61001990913980       -1.15074057829397       -0.06489792225719
C           -2.85135337551449       -0.03542325220768       -0.00653185373730
H            3.24668399328237       -0.07934195584549        1.03012541259498
H            3.23333182813788       -0.97842878084050       -0.48700738967403
H            3.31319598839504        0.79349560669988       -0.50036768705972
H            1.26679152307100        2.13815066019407        0.09105618111352
H           -1.21641892170207        2.14850784613721        0.09559516257385
H            1.07012821344884       -2.13006949179133       -0.11550821877662
H           -3.18677991488693       -1.06739569123445       -0.01915175763273
H           -3.24358988295301        0.46193621101998        0.87807430309862
H           -3.23873189474700        0.47862542650473       -0.88405904989725
17
 energy: -22.498814306626 gnorm: 0.002122891669 xtb: 6.7.1 (edcfbbe)
C            2.88558515395165       -0.07155301745076        0.00146042030521
C            1.39167591537717       -0.00439858834359       -0.01163923851038
C            0.71319554241056        1.20995894005188        0.05513696676202
C           -0.66805463505343        1.21924635628507        0.05809239095410
C           -1.35550181452914        0.00809855505024       -0.00504935264161
N           -0.71371640062805       -1.15294768322181       -0.06880677112723
C            0.60965336125234       -1.15094694838802       -0.07203343123017
C           -2.85140664663563       -0.03532258203115       -0.00775902806207
H            3.24834007964715       -0.03176005836569        1.03023781258659
H            3.23252910179854       -1.00054450301185       -0.44719331886296
H            3.31163658888702        0.77155032252811       -0.54041511023995
H            1.26730966423100        2.13690047786295        0.10161671065915
H           -1.21550351276720        2.14817903663480        0.10676214091931
H            1.06942569330266       -2.13016333563877       -0.12782907444969
H           -3.18653878666225       -1.06731832413646       -0.02711904238763
H           -3.24365182656860        0.45617391572641        0.88013269105477
H           -3.23889358820152        0.48433105103843       -0.88194028139166
17
 energy: -22.498817421184 gnorm: 0.000970462548 xtb: 6.7.1 (edcfbbe)
C            2.88560024084221       -0.07154680444080        0.00176248173259
C            1.39167409730186       -0.00422759394142       -0.01175741687186
C            0.71314615587841        1.21013673992793        0.05343862585546
C           -0.66809420402440        1.21931960742633        0.05672657694524
C           -1.35542238587425        0.00803366304494       -0.00492971071765
N           -0.71360164389442       -1.15300055991986       -0.06764893824951
C            0.60977026398472       -1.15092152354938       -0.07083950866489
C           -2.85134531037012       -0.03532516220103       -0.00727784698706
H            3.24742409579853       -0.04157115930529        1.03012460521747
H            3.23274138877403       -0.99556852563231       -0.45478604001120
H            3.31195910624146        0.77565707363569       -0.53151346202489
H            1.26719236025280        2.13717274452262        0.09873852082678
H           -1.21575780970495        2.14814844521006        0.10451372900250
H            1.06965626019199       -2.13011052348481       -0.12565634465094
H           -3.18659003210442       -1.06728254705294       -0.02546514558557
H           -3.24330756352234        0.45716479493740        0.88015531077833
H           -3.23896112995887        0.48340494541266       -0.88193095225700
17
 energy: -22.498820172011 gnorm: 0.000371760666 xtb: 6.7.1 (edcfbbe)
C            2.88567353176399       -0.07152005353769        0.00239541637397
C            1.39163146908638       -0.00450288104170       -0.01220600480679
C            0.71319755239779        1.20986533604833        0.05386936111959
C           -0.66799243350533        1.21913982220491        0.05760109767171
C           -1.35533094116799        0.00788790367344       -0.00542105086984
N           -0.71365083578034       -1.15300779474829       -0.07026857290532
C            0.60975942873133       -1.15106979998521       -0.07306027413048
C           -2.85129944114259       -0.03521861856801       -0.00710980222461
H            3.24689335136365       -0.03027585461715        1.02981389282082
H            3.23293794975613       -0.99967174229005       -0.44406914656951
H            3.31172521510986        0.76956518971482       -0.53951480188952
H            1.26731727699411        2.13681617514408        0.10026529682873
H           -1.21581991779931        2.14776599474044        0.10691566943522
H            1.06964475407485       -2.13014365644269       -0.12946001201113
H           -3.18677022151991       -1.06704765236241       -0.02726703930722
H           -3.24252440950859        0.45546797255718        0.88160464770540
H           -3.23930843904178        0.48543327409978       -0.88043419290321
17
 energy: -22.498824385752 gnorm: 0.000901362334 xtb: 6.7.1 (edcfbbe)
C            2.88575110417401       -0.07141048056548        0.00332993432133
C            1.39149596348249       -0.00543574108960       -0.01291122887055
C            0.71332369480920        1.20897579657909        0.05773356031153
C           -0.66774106508050        1.21858452227868        0.06127846176872
C           -1.35528125981657        0.00755761336902       -0.00696314256211
N           -0.71397296756032       -1.15303959375837       -0.07765396698405
C            0.60957107831463       -1.15146320832581       -0.07980631633284
C           -2.85130885743479       -0.03494700017364       -0.00740171860420
H            3.24731493925634        0.00889323069779        1.02890335441530
H            3.23327858502743       -1.01553828391497       -0.40931685248410
H            3.31082645084716        0.75000661149669       -0.56989233390320
H            1.26780098423214        2.13552286648773        0.10807324772122
H           -1.21569087752335        2.14689034061120        0.11478199182148
H            1.06923835696881       -2.13035855681142       -0.14088944203858
H           -3.18728737871917       -1.06648525556636       -0.03376078325176
H           -3.24112739774548        0.45015632692106        0.88501103810044
H           -3.24010746341979        0.49157442635417       -0.87686131909081
17
 energy: -22.498826620132 gnorm: 0.001264466620 xtb: 6.7.1 (edcfbbe)
C            2.88568196992804       -0.07122583624877        0.00395988391547
C            1.39134903329238       -0.00620585649906       -0.01308079994912
C            0.71331259228247        1.20832391800828        0.06093492546628
C           -0.66760544177247        1.21811383779092        0.06330933402755
C           -1.35529864943282        0.00715482168290       -0.00835300661213
N           -0.71426097696291       -1.15320712667537       -0.08245665267330
C            0.60947425907176       -1.15177037928898       -0.08443694006244
C           -2.85133556865909       -0.03471671105422       -0.00759476143322
H            3.24814807657574        0.03574005297933        1.02717994133567
H            3.23370275118830       -1.02536562728059       -0.38524465874925
H            3.31028449744295        0.73599690051054       -0.59026221070099
H            1.26821823586195        2.13443622039493        0.11406262120237
H           -1.21575472434080        2.14616945321683        0.11882465099846
H            1.06888601865484       -2.13060795397849       -0.14849561811499
H           -3.18797713572337       -1.06591846892953       -0.03864406870857
H           -3.23985641618176        0.44605900868833        0.88778916202356
H           -3.24088463141294        0.49650736127275       -0.87383731762755
17
 energy: -22.498830269113 gnorm: 0.000514235249 xtb: 6.7.1 (edcfbbe)
C            2.88544704777515       -0.07094751709001        0.00430667188850
C            1.39116959435349       -0.00688647032814       -0.01276863167750
C            0.71311991159498        1.20787432641955        0.06330191052778
C           -0.66759877268810        1.21767867991297        0.06363242067682
C           -1.35539917708159        0.00658595777314       -0.00948251888989
N           -0.71454393250934       -1.15358109603818       -0.08466279394117
C            0.60949030929835       -1.15202492069280       -0.08703879054284
C           -2.85139906837621       -0.03448465819529       -0.00774203645916
H            3.24959189895680        0.05168191034259        1.02408785147230
H            3.23443528269352       -1.02924867403423       -0.37046324430954
H            3.30999383236370        0.72648801822237       -0.60147716854143
H            1.26861386455804        2.13343204105769        0.11881364127903
H           -1.21609622438580        2.14552131094220        0.11906929637714
H            1.06856789174740       -2.13094623435972       -0.15255071979589
H           -3.18900031233204       -1.06523642845354       -0.04254483784221
H           -3.23862367158127        0.44269672487001        0.89020689320269
H           -3.24168458457483        0.50088064424117       -0.87103345908682
17
 energy: -22.498832122891 gnorm: 0.001462410401 xtb: 6.7.1 (edcfbbe)
C            2.88517540522649       -0.07077063923132        0.00433735570061
C            1.39120198352325       -0.00776625905682       -0.01247274675374
C            0.71320763810460        1.20707922250254        0.06710109015889
C           -0.66728786603594        1.21712038469808        0.06701314932232
C           -1.35534200142040        0.00623644836896       -0.01003978293757
N           -0.71472712380589       -1.15365220950964       -0.08910942014426
C            0.60951052299714       -1.15226870982788       -0.09125105258766
C           -2.85131492360056       -0.03424643884150       -0.00889261719708
H            3.25153828281098        0.08688360463684        1.01960069294681
H            3.23395225301678       -1.04158501634725       -0.33978615703057
H            3.30782932894320        0.70723095704422       -0.62933850179081
H            1.26925840131951        2.13197951493069        0.12799081781355
H           -1.21575501331647        2.14487205169739        0.12524343948171
H            1.06805419989545       -2.13122063810054       -0.16046486734968
H           -3.18947155534208       -1.06459426443144       -0.05108227918626
H           -3.23807398524966        0.43635049275240        0.89280335442618
H           -3.24167165725416        0.50783511330505       -0.86799799053462
17
 energy: -22.498834386674 gnorm: 0.000632732095 xtb: 6.7.1 (edcfbbe)
C            2.88524389220166       -0.07087109605365        0.00358465205613
C            1.39135381702217       -0.00747888405477       -0.01192714173103
C            0.71328764453422        1.20722436057831        0.06709257157938
C           -0.66727227614030        1.21730223174678        0.06773040840247
C           -1.35533478750511        0.00656485623202       -0.00923144469409
N           -0.71460552978565       -1.15342114238793       -0.08746687883372
C            0.60950211622604       -1.15209383180419       -0.08926167421655
C           -2.85128748138412       -0.03435761138560       -0.00955457293055
H            3.25212296965430        0.08340440331507        1.01828603389060
H            3.23315562729719       -1.04024532317104       -0.34360828373745
H            3.30712212887666        0.70835861044019       -0.62784639009914
H            1.26913147671911        2.13226852234540        0.12720116159036
H           -1.21541231609974        2.14526803129676        0.12604822256011
H            1.06802943587505       -2.13109295459400       -0.15758950360303
H           -3.18887371786728       -1.06483904578799       -0.05217130893748
H           -3.23933823900273        0.43607910048242        0.89157058308093
H           -3.24074087080922        0.50741338739201       -0.86920195003910
17
 energy: -22.498837706491 gnorm: 0.000488490714 xtb: 6.7.1 (edcfbbe)
C            2.88544737056902       -0.07090402454006        0.00223434458287
C            1.39147863584088       -0.00772811883909       -0.01041645143129
C            0.71343175496192        1.20676144182509        0.07152724489435
C           -0.66716489835831        1.21717309091087        0.07213841649013
C           -1.35545399600439        0.00693551002880       -0.00896985955223
N           -0.71476726874503       -1.15304689955518       -0.08884138362861
C            0.60923795148948       -1.15207252004987       -0.08942369946957
C           -2.85137925131258       -0.03433485003652       -0.01173956988189
H            3.25556592914700        0.10793520097772        1.01156118364731
H            3.23185290266431       -1.04827094418402       -0.32354466110162
H            3.30469353195103        0.69305145155961       -0.64939444162129
H            1.26928015651130        2.13168894181397        0.13266174693133
H           -1.21466853139891        2.14536501900090        0.13311370110545
H            1.06745201801149       -2.13113979759486       -0.15868927630836
H           -3.18825971145291       -1.06472435348750       -0.06204205157052
H           -3.24130482216545        0.42965142254680        0.89191018155670
H           -3.23935788189660        0.51314304421311       -0.86843094030494
17
 energy: -22.498838204323 gnorm: 0.001634859262 xtb: 6.7.1 (edcfbbe)
C            2.88567131465169       -0.07088599695438        0.00030375299778
C            1.39139113567651       -0.00840212757475       -0.00856480920803
C            0.71362957268177        1.20591514684549        0.07776440782055
C           -0.66706613134057        1.21672781550046        0.07828326188345
C           -1.35564741576007        0.00713737637129       -0.00845737089276
N           -0.71509943064639       -1.15281713181027       -0.09115501914818
C            0.60883816723765       -1.15236213183539       -0.09040461003718
C           -2.85162039525580       -0.03411215610700       -0.01505183454470
H            3.26116212581257        0.14856792652124        1.00073338995095
H            3.23086300811918       -1.06083385024777       -0.28980222928070
H            3.30119839812016        0.66779140375955       -0.68393063948656
H            1.26960198277593        2.13065884793477        0.14288655904909
H           -1.21400354174585        2.14493566899203        0.14350806397673
H            1.06688114876103       -2.13142776093357       -0.16149226948531
H           -3.18815542619574       -1.06401443655273       -0.07759173750097
H           -3.24373413574046        0.41948683211652        0.89298785069634
H           -3.23782648733939        0.52311818856427       -0.86636228245267
17
 energy: -22.498840445491 gnorm: 0.000383550706 xtb: 6.7.1 (edcfbbe)
C            2.88577484000384       -0.07094611486496        0.00008604995423
C            1.39126736916852       -0.00811006453796       -0.00864166966152
C            0.71359998003381        1.20619620367301        0.07644813626936
C           -0.66723677872872        1.21687568525248        0.07705723747257
C           -1.35570244578926        0.00721497565401       -0.00812667390820
N           -0.71508232017807       -1.15289103373399       -0.08915004990725
C            0.60877064315134       -1.15238549933470       -0.08857525517205
C           -2.85170858201586       -0.03413894415576       -0.01481274260458
H            3.26088886031158        0.13564008285421        1.00187729743260
H            3.23134831068896       -1.05602364296303       -0.30124735263634
H            3.30196092919234        0.67465987062295       -0.67378962843930
H            1.26931338326535        2.13125687296038        0.13984517634092
H           -1.21426626526928        2.14502698607790        0.14122809834822
H            1.06719463205153       -2.13139756588362       -0.15803994785878
H           -3.18813354562799       -1.06409655377748       -0.07490523295288
H           -3.24407886366357        0.42168044825949        0.89190429067116
H           -3.23782625678225        0.52092190848685       -0.86750324901035
17
 energy: -22.498841474463 gnorm: 0.000306910506 xtb: 6.7.1 (edcfbbe)
C            2.88554672440477       -0.07082011473094       -0.00005217611810
C            1.39126397140731       -0.00831016640747       -0.00825957121905
C            0.71362454008370        1.20599659608021        0.07798373613862
C           -0.66713377729337        1.21668808835643        0.07813757567471
C           -1.35562840114405        0.00706529421655       -0.00839350940682
N           -0.71508597559873       -1.15298900533526       -0.09018138473753
C            0.60882545117484       -1.15244832374261       -0.08950895499151
C           -2.85158681809127       -0.03404808082626       -0.01528026524190
H            3.26155152553381        0.14598914144562        0.99937799688206
H            3.23103670649204       -1.05907431565288       -0.29184860049152
H            3.30101742032646        0.66820792399551       -0.68208598787944
H            1.26941018210700        2.13081628202750        0.14260181913667
H           -1.21426736017775        2.14478434699916        0.14264724823700
H            1.06720082252617       -2.13142163903981       -0.15974821052165
H           -3.18826480612907       -1.06376048288868       -0.07835912623817
H           -3.24382954606950        0.41912023275826        0.89287337363595
H           -3.23759676974011        0.52368783733445       -0.86624947852150
17
 energy: -22.498840427750 gnorm: 0.001921344017 xtb: 6.7.1 (edcfbbe)
C            2.88519536271302       -0.07062349962677       -0.00068274024961
C            1.39120974490200       -0.00919742160151       -0.00674323351537
C            0.71369427271960        1.20511310901016        0.08364466704751
C           -0.66688752884861        1.21597793340942        0.08229033625655
C           -1.35556083243875        0.00664338767200       -0.00917553246565
N           -0.71530714286172       -1.15325086115097       -0.09388522006960
C            0.60877082888506       -1.15279186443961       -0.09248408923321
C           -2.85144850530578       -0.03365515897116       -0.01734844875237
H            3.26531076895223        0.18665652680324        0.98905066312035
H            3.23047872700124       -1.07024102723035       -0.25585629391264
H            3.29744178523231        0.64233995356930       -0.71400374055252
H            1.26981280497370        2.12927144202189        0.15276498130007
H           -1.21422035331204        2.14385601389006        0.14935365772669
H            1.06696691018338       -2.13165330051374       -0.16548228329490
H           -3.18882108899958       -1.06242731406965       -0.09269116060737
H           -3.24365270174934        0.40862231853905        0.89638733939601
H           -3.23689916223447        0.53484337727842       -0.86148441785611
17
 energy: -22.498842856203 gnorm: 0.000368943630 xtb: 6.7.1 (edcfbbe)
C            2.88528351835211       -0.07067510307801        0.00009759178943
C            1.39125967124613       -0.00868617904881       -0.00782168497105
C            0.71361375148006        1.20566764827175        0.07982118439214
C           -0.66700095594878        1.21636111374898        0.07914868167275
C           -1.35552825668861        0.00674087091611       -0.00897776499312
N           -0.71512186850942       -1.15319956244528       -0.09200001731654
C            0.60891575233314       -1.15257102437885       -0.09120325505612
C           -2.85144146638499       -0.03386970266632       -0.01569923750844
H            3.26237107044266        0.16130787544297        0.99567062321836
H            3.23090563569332       -1.06296715464582       -0.27755052271161
H            3.29975940250739        0.65829093447075       -0.69342895318801
H            1.26959473306770        2.13011835567231        0.14642857410229
H           -1.21441676972365        2.14430539136223        0.14420756427380
H            1.06721227309510       -2.13147283235335       -0.16282215759797
H           -3.18867300328218       -1.06309864176091       -0.08337253859849
H           -3.24305604838015        0.41507171186596        0.89485547681227
H           -3.23759354948758        0.52815991321608       -0.86369907998186
17
 energy: -22.498843106975 gnorm: 0.000076386984 xtb: 6.7.1 (edcfbbe)
C            2.88547273993758       -0.07074670891585        0.00047348775836
C            1.39124017381522       -0.00872544107318       -0.00804653243777
C            0.71357622831243        1.20564376463550        0.07942747274046
C           -0.66704602948504        1.21637738408046        0.07891683067028
C           -1.35557414606041        0.00675742531738       -0.00921724230331
N           -0.71517550926602       -1.15311859407906       -0.09266589166576
C            0.60886178139436       -1.15257348727004       -0.09161017401707
C           -2.85153813686046       -0.03386681355248       -0.01544149998490
H            3.26218027597359        0.16205891287618        0.99579102584016
H            3.23115613141774       -1.06293017798282       -0.27639680806647
H            3.30020893985399        0.65756647456465       -0.69319843189028
H            1.26961428059873        2.13016100577901        0.14594450691754
H           -1.21446838703900        2.14424535518861        0.14451576033610
H            1.06712754904638       -2.13144782665291       -0.16372110670451
H           -3.18875159587798       -1.06310001597717       -0.08313044963704
H           -3.24283166518578        0.41494109989321        0.89528318952583
H           -3.23796874076309        0.52824125775831       -0.86326965274382
17
 energy: -22.498843234753 gnorm: 0.000110519788 xtb: 6.7.1 (edcfbbe)
C            2.88554866181739       -0.07077533804298        0.00077872118033
C            1.39124660644915       -0.00874045941791       -0.00832841077389
C            0.71359201412528        1.20561936658745        0.07925847335990
C           -0.66702623459629        1.21638709683303        0.07885830710773
C           -1.35555402853038        0.00676165689097       -0.00937285045886
N           -0.71516243445850       -1.15305901763554       -0.09335760795287
C            0.60887860843091       -1.15255392545148       -0.09233975803504
C           -2.85154549461456       -0.03387503067794       -0.01519294470057
H            3.26168667407488        0.16301684986019        0.99604939697492
H            3.23120223126993       -1.06320949798609       -0.27503717907138
H            3.30043973885899        0.65692950312824       -0.69340809576183
H            1.26965116122155        2.13015373041552        0.14567714345301
H           -1.21445249186132        2.14423583317782        0.14456105770071
H            1.06711665183477       -2.13143638783337       -0.16447403857480
H           -3.18876006171605       -1.06310370716798       -0.08295361581355
H           -3.24252007862346        0.41476511555282        0.89573881887114
H           -3.23825763387003        0.52836782635703       -0.86280293316716
17
 energy: -22.498843478666 gnorm: 0.000187686620 xtb: 6.7.1 (edcfbbe)
C            2.88560677068425       -0.07080962003819        0.00149852016891
C            1.39123569705715       -0.00878960698634       -0.00877372941103
C            0.71361751660611        1.20557165106166        0.07893221904463
C           -0.66698558439154        1.21641369845249        0.07855350153541
C           -1.35551524991765        0.00678024917717       -0.00994945409680
N           -0.71515431164629       -1.15294718170208       -0.09498396250660
C            0.60890162982726       -1.15252576727987       -0.09382731050939
C           -2.85153117419900       -0.03389719620979       -0.01462789237104
H            3.26069829910235        0.16607867780111        0.99643572622799
H            3.23134409704611       -1.06412002341549       -0.27104485901727
H            3.30091679574332        0.65487640912978       -0.69460492680841
H            1.26971266458970        2.13006660403281        0.14563681565299
H           -1.21441316461995        2.14422769133738        0.14465674305226
H            1.06707925207659       -2.13136208196894       -0.16689789100829
H           -3.18876043520331       -1.06311259633403       -0.08251458140555
H           -3.24168601394094        0.41436196224986        0.89683918553230
H           -3.23898289900190        0.52867074528222       -0.86167361974232
17
 energy: -22.498843703087 gnorm: 0.000142275200 xtb: 6.7.1 (edcfbbe)
C            2.88554814671901       -0.07082541435343        0.00217435900522
C            1.39121489122001       -0.00883230473668       -0.00922547178299
C            0.71362402051241        1.20552354317007        0.07896291888691
C           -0.66696759740808        1.21640888967097        0.07833819309059
C           -1.35551108017642        0.00679299681401       -0.01050169875369
N           -0.71518210491234       -1.15286267583829       -0.09658023665791
C            0.60889307310114       -1.15245576419916       -0.09562062170579
C           -2.85151749067615       -0.03391646936927       -0.01414738254853
H            3.26008410295833        0.16988210637905        0.99643225957217
H            3.23154938542598       -1.06516250875562       -0.26642006169042
H            3.30135530450540        0.65220119549771       -0.69644477148596
H            1.26975186686398        2.12993872773015        0.14623227098211
H           -1.21438875417552        2.14421649922746        0.14463388467701
H            1.06702762684655       -2.13126407269759       -0.16929508283692
H           -3.18877874224661       -1.06311133106028       -0.08215754316006
H           -3.24088747590877        0.41393306251221        0.89786749851781
H           -3.23973128283668        0.52901713459847       -0.86059402977173
17
 energy: -22.498843941289 gnorm: 0.000070821549 xtb: 6.7.1 (edcfbbe)
C            2.88546261101693       -0.07083431898487        0.00257058852392
C            1.39122720190902       -0.00888176805162       -0.00929809373430
C            0.71364077968515        1.20547173338101        0.07935787590042
C           -0.66694207692127        1.21637138294243        0.07834072992862
C           -1.35551176421635        0.00680484090477       -0.01099016263831
N           -0.71519755454950       -1.15281018969199       -0.09779627240902
C            0.60888940686245       -1.15239577366556       -0.09679763956096
C           -2.85150144437337       -0.03392428847347       -0.01394125047930
H            3.25996345158623        0.17412884438162        0.99583340304387
H            3.23157941812609       -1.06631084887007       -0.26183316165122
H            3.30143706294261        0.64922440670832       -0.69909377582696
H            1.26979242391169        2.12979726528687        0.14742895461068
H           -1.21435415959175        2.14417499935611        0.14487498411365
H            1.06700977797717       -2.13114146037869       -0.17143063350125
H           -3.18880120259041       -1.06309486350084       -0.08213689391888
H           -3.24037566049099        0.41355741297928        0.89848412426232
H           -3.24023438147147        0.52934624026648       -0.85991829232546
17
 energy: -22.498844344397 gnorm: 0.000170440753 xtb: 6.7.1 (edcfbbe)
C            2.88535479208244       -0.07083325971300        0.00269525035122
C            1.39123599839316       -0.00894802149119       -0.00912653849025
C            0.71363988075709        1.20537823828456        0.08039019172841
C           -0.66692946026706        1.21627982689726        0.07887503643700
C           -1.35553957666972        0.00680603786270       -0.01132389792698
N           -0.71523909862871       -1.15277575863585       -0.09891385062333
C            0.60885276742679       -1.15232148755449       -0.09790422798546
C           -2.85149213332118       -0.03391092148273       -0.01407693468743
H            3.26050186307138        0.18046803260354        0.99416850320217
H            3.23151783767654       -1.06794269995896       -0.25570111653829
H            3.30115366369444        0.64475616253682       -0.70374856201744
H            1.26981151822691        2.12957681775650        0.14965864387833
H           -1.21432141275657        2.14407955574065        0.14583104233398
H            1.06698022390090       -2.13099780113536       -0.17350109671867
H           -3.18882578086129       -1.06304340401865       -0.08270098247552
H           -3.24017246944477        0.41310277752653        0.89868178462126
H           -3.24044472346811        0.52980951937145       -0.85964876075119
17
 energy: -22.498845085347 gnorm: 0.000394208121 xtb: 6.7.1 (edcfbbe)
C            2.88524556606704       -0.07081554280740        0.00249692621271
C            1.39125054500901       -0.00908679138489       -0.00857523296388
C            0.71365026605866        1.20516687055277        0.08263385480266
C           -0.66690183884482        1.21608998488765        0.08043157182334
C           -1.35557825573813        0.00679775746791       -0.01164379387451
N           -0.71529781764220       -1.15272676187414       -0.10045990772518
C            0.60879765602892       -1.15224844289473       -0.09923158054127
C           -2.85149461196400       -0.03385608974711       -0.01470238294686
H            3.26189781043400        0.19205771428417        0.99047733545013
H            3.23128303837559       -1.07082214513597       -0.24513161643189
H            3.30023941457318        0.63662356386362       -0.71281914991930
H            1.26985642229891        2.12917917621921        0.15377744018547
H           -1.21425864405599        2.14385364613855        0.14840265352712
H            1.06693439982666       -2.13082200036688       -0.17628070672829
H           -3.18887602655259       -1.06291097880152       -0.08427288053113
H           -3.24035764116255        0.41237918329533        0.89838088938265
H           -3.24030639289946        0.53062447089320       -0.85982893538395
17
 energy: -22.498845908470 gnorm: 0.000513067981 xtb: 6.7.1 (edcfbbe)
C            2.88520767897979       -0.07078372573479        0.00208125663376
C            1.39124447616002       -0.00924785418153       -0.00800823926933
C            0.71366124090058        1.20491237155256        0.08499994223725
C           -0.66687329008983        1.21588417207850        0.08245873108429
C           -1.35560332087431        0.00677620257647       -0.01171420892488
N           -0.71535568189459       -1.15266508951864       -0.10190075566825
C            0.60874454016049       -1.15221912077537       -0.10038533554282
C           -2.85150413643738       -0.03377697485137       -0.01555403578361
H            3.26343317692010        0.20432655971678        0.98616299830501
H            3.23103538918717       -1.07368777840452       -0.23416368149058
H            3.29910229004697        0.62794609346612       -0.72257506975107
H            1.26990728427558        2.12874585817558        0.15798827732091
H           -1.21419702635465        2.14357378252101        0.15181559332715
H            1.06686480451657       -2.13071362538765       -0.17862876846914
H           -3.18891884828770       -1.06274802301512       -0.08622666600115
H           -3.24083780777364        0.41169266520582        0.89770560453872
H           -3.23982687962294        0.53146810116594       -0.86040115820846
17
 energy: -22.498846878316 gnorm: 0.000460713559 xtb: 6.7.1 (edcfbbe)
C            2.88524069302248       -0.07072924082115        0.00143836500714
C            1.39122496033892       -0.00943456037276       -0.00734514986858
C            0.71367821889584        1.20461047875049        0.08759781008661
C           -0.66684199465990        1.21566325495707        0.08491580311739
C           -1.35560934339537        0.00674410170610       -0.01161633267682
N           -0.71540451273443       -1.15259579286190       -0.10316127565331
C            0.60870694602727       -1.15224608453894       -0.10120887372791
C           -2.85152069853639       -0.03367214048699       -0.01660690581824
H            3.26508041479546        0.21667797264411        0.98129589354103
H            3.23078700621075       -1.07631463731676       -0.22335957737355
H            3.29773729783818        0.61908151403739       -0.73254679672986
H            1.26997427335779        2.12830220824736        0.16199922820904
H           -1.21413979871345        2.14324520466134        0.15586693326262
H            1.06677973600360       -2.13068569855941       -0.18042067396531
H           -3.18896499039450       -1.06254745743721       -0.08851460146220
H           -3.24163189150781        0.41106617046848        0.89666481892533
H           -3.23901242673619        0.53231832151256       -0.86134418053557
17
 energy: -22.498848044187 gnorm: 0.000400428319 xtb: 6.7.1 (edcfbbe)
C            2.88536098655327       -0.07062965422006        0.00042438893028
C            1.39118607222157       -0.00973281113429       -0.00648386231742
C            0.71370472829053        1.20415069409982        0.09115614938327
C           -0.66679437760127        1.21532910619232        0.08868335746131
C           -1.35560119488424        0.00666389464762       -0.01115959600971
N           -0.71547446636685       -1.15249435245200       -0.10486566428998
C            0.60866645271171       -1.15233266094770       -0.10233703782981
C           -2.85154650035972       -0.03349555563983       -0.01822740368203
H            3.26739830377914        0.23469981957858        0.97395920878722
H            3.23049457438156       -1.07994194253338       -0.20766800746111
H            3.29563989273817        0.60607286278359       -0.74704111213304
H            1.27010181309979        2.12763461139986        0.16777608577443
H           -1.21406722582347        2.14271370997776        0.16218937212296
H            1.06662417117467       -2.13071925380605       -0.18278771026320
H           -3.18904599028009       -1.06222113512489       -0.09199709430154
H           -3.24294757590870        0.41021655447344        0.89495381506562
H           -3.23761577391381        0.53356972729498       -0.86292040489945
17
 energy: -22.498848865480 gnorm: 0.000567571220 xtb: 6.7.1 (edcfbbe)
C            2.88545780793542       -0.07046080071887       -0.00102939917976
C            1.39112311042883       -0.01014126160614       -0.00506337339497
C            0.71372837118327        1.20348916151997        0.09655199026660
C           -0.66673189460444        1.21485792861487        0.09391496363509
C           -1.35558385410001        0.00656564307824       -0.01084455323568
N           -0.71555932372397       -1.15235578100952       -0.10725542511546
C            0.60862432120549       -1.15244816768069       -0.10375553345816
C           -2.85156120263121       -0.03324866364765       -0.02045419973651
H            3.27064472282115        0.25933181798902        0.96333085694209
H            3.23015811892471       -1.08453168354176       -0.18602666357543
H            3.29263341692993        0.58789759365974       -0.76679394605302
H            1.27025826375965        2.12669816008589        0.17555665100025
H           -1.21397788240198        2.14198039990729        0.17070539243013
H            1.06642142573581       -2.13076010827557       -0.18593438328385
H           -3.18915362452963       -1.06174904156003       -0.09691744278557
H           -3.24473975881928        0.40895695360029        0.89266722139301
H           -3.23565812830148        0.53540146417470       -0.86499767151095
17
 energy: -22.498849285128 gnorm: 0.000201243136 xtb: 6.7.1 (edcfbbe)
C            2.88545470020476       -0.07039361636133       -0.00160091071324
C            1.39110796870971       -0.01020987194368       -0.00467629938021
C            0.71372470436928        1.20335043278584        0.09762690418145
C           -0.66672766539196        1.21472809931790        0.09530374472917
C           -1.35556694211704        0.00651580874980       -0.01040464950755
N           -0.71555269225306       -1.15234868932614       -0.10725849071168
C            0.60864233124237       -1.15249543179494       -0.10357104175160
C           -2.85154724545786       -0.03316503807917       -0.02117647167921
H            3.27151773119583        0.26410658521983        0.96002128348715
H            3.23017573391502       -1.08473075573960       -0.18188038561893
H            3.29164744317735        0.58370683901844       -0.77066938707222
H            1.27027571630901        2.12648400562834        0.17726917314436
H           -1.21398595245954        2.14176535380711        0.17288248502082
H            1.06640238119590       -2.13081239621892       -0.18577532780766
H           -3.18917028403466       -1.06158149084911       -0.09856214613156
H           -3.24544268042204        0.40855345047418        0.89185266894770
H           -3.23487135837083        0.53601032990124       -0.86572666479897
17
 energy: -22.498849700446 gnorm: 0.000214744049 xtb: 6.7.1 (edcfbbe)
C            2.88552184015930       -0.07034966282547       -0.00190685736565
C            1.39109846608374       -0.01041204469160       -0.00416539230712
C            0.71373418189506        1.20303143331811        0.10008713752146
C           -0.66670355066928        1.21448916522385        0.09751260743465
C           -1.35557390136787        0.00646970982481       -0.01044274392287
N           -0.71560545890102       -1.15224665678463       -0.10907846720606
C            0.60861267857656       -1.15249151580399       -0.10506884251078
C           -2.85156222604686       -0.03304738553712       -0.02204852889430
H            3.27295296064579        0.27791697534318        0.95460083214539
H            3.23012891180634       -1.08725416252716       -0.16909657960063
H            3.29028418339521        0.57328902315312       -0.78098240038185
H            1.27036577872571        2.12597795515646        0.18181960680801
H           -1.21395542316997        2.14138034586014        0.17681034794263
H            1.06630149059955       -2.13072577424609       -0.18871516929566
H           -3.18924676493851       -1.06135161807405       -0.10059475373229
H           -3.24586356883597        0.40783783460592        0.89118408451548
H           -3.23440570814552        0.53696999259431       -0.86626039681260
17
 energy: -22.498849969308 gnorm: 0.000352806224 xtb: 6.7.1 (edcfbbe)
C            2.88555099992880       -0.07033844197542       -0.00170259183431
C            1.39109849074507       -0.01050495957482       -0.00388204989472
C            0.71372963449728        1.20284745874589        0.10173310366592
C           -0.66669898846188        1.21436556833582        0.09846617357194
C           -1.35559037515420        0.00648482437560       -0.01103012822757
N           -0.71563758346110       -1.15212889075168       -0.11092545794907
C            0.60858730427764       -1.15240265519160       -0.10665062988905
C           -2.85157410346751       -0.03301129622032       -0.02224512649138
H            3.27356361000929        0.28700789470570        0.95132637401556
H            3.23014065763769       -1.08882662943970       -0.15991382065362
H            3.28976317740797        0.56608340791490       -0.78718943207693
H            1.27039524963491        2.12567656150140        0.18462319905566
H           -1.21394758687378        2.14118146546132        0.17860953190881
H            1.06625867956073       -2.13053622077992       -0.19163721155899
H           -3.18929231053318       -1.06125840861458       -0.10138212178191
H           -3.24561589657855        0.40725980890798        0.89140480633965
H           -3.23464706935693        0.53758412718919       -0.86595013386217
17
 energy: -22.498850402369 gnorm: 0.000299963744 xtb: 6.7.1 (edcfbbe)
C            2.88553073401402       -0.07036327098808       -0.00110399631489
C            1.39111165303298       -0.01053635561627       -0.00379963960454
C            0.71372236821926        1.20271929687700        0.10305516008581
C           -0.66669945056206        1.21426624350243        0.09902585062304
C           -1.35560818855411        0.00653024492758       -0.01184127366653
N           -0.71564714625860       -1.15195749135674       -0.11332876573678
C            0.60857376778325       -1.15220282956216       -0.10889769524345
C           -2.85157861577637       -0.03301716757643       -0.02213794433976
H            3.27386861917034        0.29655080636539        0.94804704912061
H            3.23013942567675       -1.09030765031005       -0.14947506120649
H            3.28957911742066        0.55803418056800       -0.79309234794956
H            1.27039196615278        2.12539483258548        0.18755499082501
H           -1.21394973665942        2.14102428789853        0.17987248521855
H            1.06627444699906       -2.13017996999874       -0.19557498699064
H           -3.18932733478695       -1.06121290181288       -0.10183384588011
H           -3.24492332946815        0.40646539735320        0.89221465389471
H           -3.23537440659120        0.53827596173352       -0.86503014849717
17
 energy: -22.498850712425 gnorm: 0.000113867906 xtb: 6.7.1 (edcfbbe)
C            2.88545163284894       -0.07042089652873       -0.00055223223688
C            1.39111837910460       -0.01050192078412       -0.00394316350285
C            0.71372085836893        1.20267233477095        0.10375836619418
C           -0.66669913730409        1.21421937424564        0.09942515398683
C           -1.35560748240043        0.00659061816760       -0.01246717100638
N           -0.71562705017372       -1.15177790530381       -0.11539107277671
C            0.60858469249584       -1.15198911036512       -0.11086034337720
C           -2.85156680766276       -0.03305194694479       -0.02195010233904
H            3.27385581696350        0.30396533770180        0.94540136200099
H            3.23008473660904       -1.09133106665233       -0.14090371578237
H            3.28966354177163        0.55145167933565       -0.79740144224462
H            1.27035668517914        2.12521709308403        0.18953636871913
H           -1.21394965646635        2.14092950155423        0.18099818670458
H            1.06632982044542       -2.12983732975665       -0.19871381726166
H           -3.18930384755400       -1.06120324848848       -0.10232632297377
H           -3.24431417176497        0.40557611439646        0.89308966566629
H           -3.23601412064849        0.53897498615744       -0.86404523543272
17
 energy: -22.498850803044 gnorm: 0.000276323974 xtb: 6.7.1 (edcfbbe)
C            2.88540950877756       -0.07045623381827       -0.00025535218460
C            1.39111232663333       -0.01053236787149       -0.00399811694076
C            0.71372760672178        1.20252861767097        0.10507958748307
C           -0.66668595524334        1.21410184765116        0.10069214397240
C           -1.35559798909999        0.00662914199923       -0.01290845929106
N           -0.71562577188437       -1.15157091941803       -0.11773962759964
C            0.60859062429767       -1.15182191756413       -0.11296515736963
C           -2.85155703157894       -0.03304151055305       -0.02213224382524
H            3.27422534128150        0.31505639899531        0.94117029166313
H            3.23000182373929       -1.09300454600727       -0.12913911015189
H            3.28932528078197        0.54218639545655       -0.80462691037646
H            1.27036042805314        2.12491577207479        0.19248403887759
H           -1.21392736265607        2.14070100757086        0.18365182668695
H            1.06633241648613       -2.12955356933597       -0.20213747369734
H           -3.18928039555088       -1.06110032126774       -0.10377678912268
H           -3.24403843234901        0.40435550970936        0.89360990506458
H           -3.23628852859753        0.54009030929750       -0.86335406885060
17
 energy: -22.498850922101 gnorm: 0.000060117993 xtb: 6.7.1 (edcfbbe)
C            2.88542683757704       -0.07047389763162       -0.00022390324822
C            1.39111096677364       -0.01051747981005       -0.00401694143057
C            0.71372845801505        1.20250861325822        0.10539707017107
C           -0.66669203863742        1.21408646914945        0.10103889548762
C           -1.35559599359034        0.00665392198461       -0.01300938867131
N           -0.71562695220284       -1.15149616408799       -0.11823446605361
C            0.60859175116118       -1.15178140802628       -0.11331525843236
C           -2.85155924518238       -0.03304713061494       -0.02220101283292
H            3.27429152704506        0.31756433795649        0.93993649450591
H            3.22992876265990       -1.09317741217940       -0.12635817526082
H            3.28932119297504        0.53982756450518       -0.80615596962425
H            1.27035206239935        2.12490048752239        0.19280438468115
H           -1.21392589372042        2.14064017931283        0.18440917291041
H            1.06632674737798       -2.12949407945864       -0.20269977451578
H           -3.18924205694642       -1.06105895017090       -0.10456178758395
H           -3.24403269120388        0.40367941505969        0.89385409107398
H           -3.23631954468831        0.54066914782074       -0.86300894683852
17
 energy: -22.498851002693 gnorm: 0.000049367837 xtb: 6.7.1 (edcfbbe)
C            2.88546347724827       -0.07046728367628       -0.00031079769938
C            1.39110544194366       -0.01055364418385       -0.00383212560102
C            0.71372708673308        1.20239911811616        0.10637884534174
C           -0.66669181321973        1.21400922923200        0.10195352495469
C           -1.35559085690524        0.00666394138214       -0.01312495504534
N           -0.71562424523935       -1.15140201675520       -0.11915126865805
C            0.60859693489036       -1.15173597423617       -0.11400401760228
C           -2.85156674251265       -0.03301651928440       -0.02252277965723
H            3.27478244052826        0.32374464971022        0.93705672832697
H            3.22987884923556       -1.09394852565197       -0.12013007671421
H            3.28884854073471        0.53459398756664       -0.81047257603730
H            1.27036337037235        2.12473414086263        0.19445283717199
H           -1.21392400374780        2.14048826066893        0.18608855845475
H            1.06630956173295       -2.12940889247708       -0.20388806372004
H           -3.18923352554934       -1.06093350993172       -0.10613542081181
H           -3.24415211772032        0.40262376628528        0.89400027428744
H           -3.23620850871254        0.54169288696245       -0.86270420265311
