----------------------------------------------- 
  Element       SASA      Sigma Z        Total  
     Z         Ang**2 cal/Ang**2/mol   kcal/mol 
----------------------------------------------- 
      H        134.158      48.690       6.532
      C          7.255     129.740       0.941
      O         89.729       0.000       0.000

 Subtotal:     231.142                   7.473
 -----------------------------------------------

  Elements    COT*SASA   Sigma Z,Z'     Total   
    Z,Z'       Ang**2  cal/Ang**2/mol kcal/mol  
 ---------------------------------------------- 
  H   C         49.688     -60.770      -3.020
  H   O         42.741       0.000       0.000
  C   C          5.591     -72.950      -0.408
  O   C          0.421      68.690       0.029
  O   O          0.000       0.000       0.000

 Subtotal:                              -3.398
 ---------------------------------------------- 

 NONAQUEOUS SOLVENT CONTRIBUTION (kcal/mol):
 (proportional to SASA, atomic number independent)
 ---------------------------------------------- 
 Subtotal:                               0.000
 ---------------------------------------------- 

 CDS TOTAL (kcal/mol):                   4.075
...............................................................................
