----------------------------------------------- 
  Element       SASA      Sigma Z        Total  
     Z         Ang**2 cal/Ang**2/mol   kcal/mol 
----------------------------------------------- 
      H        159.302      48.690       7.756
      C         32.426     129.740       4.207
      O         22.103       0.000       0.000

 Subtotal:     213.830                  11.963
 -----------------------------------------------

  Elements    COT*SASA   Sigma Z,Z'     Total   
    Z,Z'       Ang**2  cal/Ang**2/mol kcal/mol  
 ---------------------------------------------- 
  H   C        107.297     -60.770      -6.520
  H   O          0.000       0.000       0.000
  C   C         34.521     -72.950      -2.518
  O   C         13.851      68.690       0.951

 Subtotal:                              -8.087
 ---------------------------------------------- 

 NONAQUEOUS SOLVENT CONTRIBUTION (kcal/mol):
 (proportional to SASA, atomic number independent)
 ---------------------------------------------- 
 Subtotal:                               0.000
 ---------------------------------------------- 

 CDS TOTAL (kcal/mol):                   3.876
...............................................................................
