----------------------------------------------- 
  Element       SASA      Sigma Z        Total  
     Z         Ang**2 cal/Ang**2/mol   kcal/mol 
----------------------------------------------- 
      H         88.233      48.690       4.296
      C         88.564     129.740      11.490
      N         13.365       0.000       0.000

 Subtotal:     190.161                  15.786
 -----------------------------------------------

  Elements    COT*SASA   Sigma Z,Z'     Total   
    Z,Z'       Ang**2  cal/Ang**2/mol kcal/mol  
 ---------------------------------------------- 
  H   C         59.576     -60.770      -3.620
  C   C        113.751     -72.950      -8.298
  C   N          8.837       0.000       0.000
  N   C         42.065     -48.220      -2.028
  N  C(3)        0.000      84.100       0.000

 Subtotal:                             -13.947
 ---------------------------------------------- 

 NONAQUEOUS SOLVENT CONTRIBUTION (kcal/mol):
 (proportional to SASA, atomic number independent)
 ---------------------------------------------- 
 Subtotal:                               0.000
 ---------------------------------------------- 

 CDS TOTAL (kcal/mol):                   1.839
...............................................................................
