----------------------------------------------- 
  Element       SASA      Sigma Z        Total  
     Z         Ang**2 cal/Ang**2/mol   kcal/mol 
----------------------------------------------- 
      H         80.565      48.690       3.923
      C         65.649     129.740       8.517
      N         14.440       0.000       0.000
      O         22.713       0.000       0.000

 Subtotal:     183.366                  12.440
 -----------------------------------------------

  Elements    COT*SASA   Sigma Z,Z'     Total   
    Z,Z'       Ang**2  cal/Ang**2/mol kcal/mol  
 ---------------------------------------------- 
  H   C         54.316     -60.770      -3.301
  H   O          0.000       0.000       0.000
  C   C         68.854     -72.950      -5.023
  O   C         13.774      68.690       0.946
  C   N         11.160       0.000       0.000
  N   C         47.091     -48.220      -2.271
  N  C(3)        0.000      84.100       0.000
  O   N          0.000     121.980       0.000

 Subtotal:                              -9.648
 ---------------------------------------------- 

 NONAQUEOUS SOLVENT CONTRIBUTION (kcal/mol):
 (proportional to SASA, atomic number independent)
 ---------------------------------------------- 
 Subtotal:                               0.000
 ---------------------------------------------- 

 CDS TOTAL (kcal/mol):                   2.792
...............................................................................
