----------------------------------------------- 
  Element       SASA      Sigma Z        Total  
     Z         Ang**2 cal/Ang**2/mol   kcal/mol 
----------------------------------------------- 
      H        130.090      48.690       6.334
      C          7.421     129.740       0.963
      O         93.338       0.000       0.000

 Subtotal:     230.850                   7.297
 -----------------------------------------------

  Elements    COT*SASA   Sigma Z,Z'     Total   
    Z,Z'       Ang**2  cal/Ang**2/mol kcal/mol  
 ---------------------------------------------- 
  H   C         48.999     -60.770      -2.978
  H   O         40.570       0.000       0.000
  C   C          5.666     -72.950      -0.413
  O   C          0.407      68.690       0.028
  O   O          0.000       0.000       0.000

 Subtotal:                              -3.363
 ---------------------------------------------- 

 NONAQUEOUS SOLVENT CONTRIBUTION (kcal/mol):
 (proportional to SASA, atomic number independent)
 ---------------------------------------------- 
 Subtotal:                               0.000
 ---------------------------------------------- 

 CDS TOTAL (kcal/mol):                   3.934
...............................................................................
