18
 energy: -22.221296926778 gnorm: 0.019765880953 xtb: 6.7.1 (edcfbbe)
C           -1.81721341835121       -1.46655394104536       -0.00005743105225
C           -0.52310129493377       -0.70476300407949        0.00000700830765
C            0.69829724973492       -1.38298665855724        0.00000839807402
C            1.91030435073152       -0.69555935665743       -0.00000432856029
C            1.91030148069254        0.69557081581841       -0.00001761439274
C            0.69829141194220        1.38299282266030        0.00001463718368
C           -0.52310419793343        0.70476372899681        0.00003515424042
C           -1.81721926465498        1.46654969229729       -0.00000579586763
H           -1.63740664799401       -2.54429892386236       -0.00016012556150
H           -2.42495470429739       -1.22077404608509        0.87871993085995
H           -2.42494383552810       -1.22059818158356       -0.87879516031002
H            0.69669867913350       -2.46997552712000        0.00001461759915
H            2.84664322226578       -1.24542760069148       -0.00000507576710
H            2.84663800264339        1.24544306950773       -0.00004668296229
H            0.69668750732333        2.46998170018347        0.00002407971400
H           -2.42539158145180        1.22001580672134        0.87825732683554
H           -1.63741651325886        2.54429502598985        0.00087216865550
H           -2.42451643886608        1.22134411339123       -0.87925712951732
18
 energy: -22.222202954811 gnorm: 0.005489124481 xtb: 6.7.1 (edcfbbe)
C           -1.81229042973204       -1.46265176283086       -0.00006159962923
C           -0.52363481867965       -0.70068082057225       -0.00000210292768
C            0.69048803045307       -1.37601470696949        0.00000337516561
C            1.89495830168997       -0.69185245159897       -0.00000060433542
C            1.89495544885457        0.69186376229289       -0.00000615454504
C            0.69048227588648        1.37602088094331        0.00001722250850
C           -0.52363770604781        0.70068179019835        0.00002600239803
C           -1.81229636939345        1.46264761759232       -0.00000690559327
H           -1.62774903723813       -2.53510344098417       -0.00016807987964
H           -2.40839978597952       -1.21395872599436        0.87955855330550
H           -2.40840802198386       -1.21377030093822       -0.87962219049326
H            0.69156644816757       -2.45833362822981        0.00000088818297
H            2.82779292831119       -1.23865317952517       -0.00000751771460
H            2.82778777233829        1.23866841087787       -0.00002957323737
H            0.69155574780294        2.45833980463036        0.00002574413112
H           -2.40883140763346        1.21322950166734        0.87911329301205
H           -1.62775928563539        2.53509973036087        0.00083044029395
H           -2.40798608398324        1.21448705496443       -0.88006681316344
18
 energy: -22.222240037638 gnorm: 0.001449098090 xtb: 6.7.1 (edcfbbe)
C           -1.81235970689669       -1.46116270180550       -0.00006418241900
C           -0.52336327253286       -0.69955546513331       -0.00000669365879
C            0.68905864487819       -1.37493398974278       -0.00000544783351
C            1.89217574181380       -0.69132943908932       -0.00000245864972
C            1.89217288771890        0.69134069498049        0.00000044904386
C            0.68905292940297        1.37494019814538        0.00002308984123
C           -0.52336616158618        0.69955658421479        0.00002641819915
C           -1.81236570330696        1.46115858725956       -0.00001006846865
H           -1.62634071460147       -2.53193976811827       -0.00018316330240
H           -2.40493837516110       -1.21141387485392        0.87931068889735
H           -2.40496743865853       -1.21120591159711       -0.87935821533471
H            0.69087366943293       -2.45603485080434       -0.00001292736905
H            2.82418506697821       -1.23717467502036       -0.00000644138657
H            2.82417993747607        1.23718980793077       -0.00001098065060
H            0.69086326789350        2.45604106321050        0.00003530478149
H           -2.40535984946496        1.21071521706901        0.87888087143521
H           -1.62635117647968        2.53193615405828        0.00077520591706
H           -2.40455573970862        1.21189190518058       -0.87978747156357
18
 energy: -22.222241711829 gnorm: 0.000157885826 xtb: 6.7.1 (edcfbbe)
C           -1.81314227617247       -1.46090645726787       -0.00006737329519
C           -0.52316039117835       -0.69939756191735       -0.00001296598378
C            0.68909949248566       -1.37531646433912       -0.00001253696227
C            1.89222737780309       -0.69147827984826       -0.00000033860475
C            1.89222452356914        0.69148950930955        0.00001247940317
C            0.68909380708286        1.37532270787196        0.00002993120669
C           -0.52316327989311        0.69939878397698        0.00002351900705
C           -1.81314829996776        1.46090237355913       -0.00001384241520
H           -1.62680202180064       -2.53144928085543       -0.00020256103135
H           -2.40469488959972       -1.21052401446103        0.87934657801241
H           -2.40474634217997       -1.21029333685190       -0.87937831816975
H            0.69120653727862       -2.45631877151843       -0.00002927865782
H            2.82433610851187       -1.23697812654655       -0.00000770739611
H            2.82433100000933        1.23699320530117        0.00000823082542
H            0.69119633409901        2.45632502344926        0.00004720553589
H           -2.40509805021962        1.20986351749895        0.87893968449140
H           -1.62681262004834        2.53144576605728        0.00070597613009
H           -2.40435300258205        1.21094094246610       -0.87978470461713
18
 energy: -22.222241763668 gnorm: 0.000042768271 xtb: 6.7.1 (edcfbbe)
C           -1.81322179555825       -1.46092598945230       -0.00007137446695
C           -0.52309252098523       -0.69941466701338       -0.00001794307010
C            0.68918040179237       -1.37544189083229       -0.00001841753962
C            1.89228650669391       -0.69149569576780       -0.00000099952089
C            1.89228364500574        0.69150692287456        0.00001884266538
C            0.68917470756471        1.37544813309044        0.00003506104537
C           -0.52309541611428        0.69941588588336        0.00002161571066
C           -1.81322783498314        1.46092188314713       -0.00001621439960
H           -1.62700714516589       -2.53154802540254       -0.00021996760417
H           -2.40483149881707       -1.21051206557146        0.87939278674363
H           -2.40489953746761       -1.21026292652020       -0.87941615608360
H            0.69135921058313       -2.45649797140088       -0.00003791509164
H            2.82455000218596       -1.23688543840290       -0.00000532511794
H            2.82454488446495        1.23690052231710        0.00002433972871
H            0.69134902481967        2.45650422305833        0.00005646770137
H           -2.40521533856638        1.20988488440223        0.87901039104644
H           -1.62701772386335        2.53154451756043        0.00064695904383
H           -2.40452556439170        1.21087723391460       -0.87979817331211
