2025-04-03 21:36:48,584 -     censo.parallel     -  DEBUG   - Free cores decreased 2 -> 1.
2025-04-03 21:36:48,590 -     censo.parallel     -  DEBUG   - Free cores decreased 1 -> 0.
2025-04-03 21:36:48,590 -   censo.qm_processor   -  DEBUG   - worker3051211:Running on 1 cores.
2025-04-03 21:36:48,591 -   censo.qm_processor   -  DEBUG   - worker3051212:Running on 1 cores.
2025-04-03 21:36:48,614 -   censo.qm_processor   -   INFO   - worker3051211:Running xtb_gsolv calculation in /srv/scratch/z5358697/.automated/4064/0_PRESCREENING/CONF1/xtb_gsolv.
2025-04-03 21:36:48,631 -   censo.qm_processor   -  DEBUG   - worker3051211:Running ['/srv/scratch/z5358697/.xtb/bin/xtb', 'gas.coord', '--gfn2', '--sp', '--chrg', '0', '--norestart', '--parallel', '1']...
2025-04-03 21:36:48,633 -   censo.qm_processor   -   INFO   - worker3051212:Running xtb_gsolv calculation in /srv/scratch/z5358697/.automated/4064/0_PRESCREENING/CONF2/xtb_gsolv.
2025-04-03 21:36:48,643 -   censo.qm_processor   -  DEBUG   - worker3051211:Started (PID: 3051225).
2025-04-03 21:36:48,651 -   censo.qm_processor   -  DEBUG   - worker3051212:Running ['/srv/scratch/z5358697/.xtb/bin/xtb', 'gas.coord', '--gfn2', '--sp', '--chrg', '0', '--norestart', '--parallel', '1']...
2025-04-03 21:36:48,657 -   censo.qm_processor   -  DEBUG   - worker3051212:Started (PID: 3051226).
2025-04-03 21:36:48,676 -   censo.qm_processor   -  DEBUG   - worker3051211:Done.
2025-04-03 21:36:48,688 -   censo.qm_processor   -  DEBUG   - worker3051212:Done.
2025-04-03 21:36:48,700 -   censo.qm_processor   -  DEBUG   - worker3051211:Running ['/srv/scratch/z5358697/.xtb/bin/xtb', 'solv.coord', '--gfn2', '--sp', '--chrg', '0', '--norestart', '--parallel', '1', '--alpb', 'water', 'reference', '-I', 'xtb_sp-xcontrol-inp']...
2025-04-03 21:36:48,704 -   censo.qm_processor   -  DEBUG   - worker3051211:Started (PID: 3051234).
2025-04-03 21:36:48,712 -   censo.qm_processor   -  DEBUG   - worker3051212:Running ['/srv/scratch/z5358697/.xtb/bin/xtb', 'solv.coord', '--gfn2', '--sp', '--chrg', '0', '--norestart', '--parallel', '1', '--alpb', 'water', 'reference', '-I', 'xtb_sp-xcontrol-inp']...
2025-04-03 21:36:48,715 -   censo.qm_processor   -  DEBUG   - worker3051212:Started (PID: 3051235).
2025-04-03 21:36:48,750 -   censo.qm_processor   -  DEBUG   - worker3051212:Done.
2025-04-03 21:36:48,752 -   censo.qm_processor   -  DEBUG   - worker3051211:Done.
2025-04-03 21:36:48,752 -     censo.parallel     -  DEBUG   - Free cores increased 0 -> 1.
2025-04-03 21:36:48,753 -     censo.parallel     -  DEBUG   - Free cores increased 1 -> 2.
2025-04-03 21:36:48,761 -     censo.parallel     -  DEBUG   - Checking for failed jobs...
2025-04-03 21:36:48,761 -     censo.parallel     -   INFO   - All jobs executed successfully.
2025-04-03 21:36:48,767 -     censo.parallel     -  DEBUG   - Free cores decreased 2 -> 1.
2025-04-03 21:36:48,770 -     censo.parallel     -  DEBUG   - Free cores decreased 1 -> 0.
2025-04-03 21:36:48,772 -   censo.qm_processor   -  DEBUG   - worker3051254:Running on 1 cores.
2025-04-03 21:36:48,773 -   censo.qm_processor   -  DEBUG   - worker3051255:Running on 1 cores.
2025-04-03 21:36:48,778 -   censo.qm_processor   -   INFO   - worker3051254:Running sp calculation in /srv/scratch/z5358697/.automated/4064/0_PRESCREENING/CONF1/sp.
2025-04-03 21:36:48,780 -   censo.qm_processor   -   INFO   - worker3051255:Running sp calculation in /srv/scratch/z5358697/.automated/4064/0_PRESCREENING/CONF2/sp.
2025-04-03 21:36:48,794 -   censo.qm_processor   -  DEBUG   - worker3051254:Running ['/apps/z_install_tree/linux-rocky8-ivybridge/gcc-12.2.0/orca-6.0.0-srtngmq3qlimg2qxbl6avaaiffipurdx/bin/orca', 'sp.inp']...
2025-04-03 21:36:48,794 -   censo.qm_processor   -  DEBUG   - worker3051255:Running ['/apps/z_install_tree/linux-rocky8-ivybridge/gcc-12.2.0/orca-6.0.0-srtngmq3qlimg2qxbl6avaaiffipurdx/bin/orca', 'sp.inp']...
2025-04-03 21:36:48,800 -   censo.qm_processor   -  DEBUG   - worker3051254:Started (PID: 3051264).
2025-04-03 21:36:48,801 -   censo.qm_processor   -  DEBUG   - worker3051255:Started (PID: 3051265).
2025-04-03 21:36:52,371 -   censo.qm_processor   -  DEBUG   - worker3051255:Done.
2025-04-03 21:36:52,376 -     censo.parallel     -  DEBUG   - Free cores increased 0 -> 1.
2025-04-03 21:36:52,384 -   censo.qm_processor   -  DEBUG   - worker3051254:Done.
2025-04-03 21:36:52,388 -     censo.parallel     -  DEBUG   - Free cores increased 1 -> 2.
2025-04-03 21:36:52,397 -     censo.parallel     -  DEBUG   - Checking for failed jobs...
2025-04-03 21:36:52,397 -     censo.parallel     -   INFO   - All jobs executed successfully.
2025-04-03 21:36:52,398 -censo.ensembleopt.prescreening-  DEBUG   - Writing to /srv/scratch/z5358697/.automated/4064/0_PRESCREENING.out.
2025-04-03 21:36:52,440 -     censo.parallel     -  DEBUG   - Free cores decreased 2 -> 1.
2025-04-03 21:36:52,444 -     censo.parallel     -  DEBUG   - Free cores decreased 1 -> 0.
2025-04-03 21:36:52,445 -   censo.qm_processor   -  DEBUG   - worker3051353:Running on 1 cores.
2025-04-03 21:36:52,447 -   censo.qm_processor   -  DEBUG   - worker3051354:Running on 1 cores.
2025-04-03 21:36:52,488 -   censo.qm_processor   -   INFO   - worker3051353:Running gsolv calculation in /srv/scratch/z5358697/.automated/4064/1_SCREENING/CONF2/gsolv.
2025-04-03 21:36:52,503 -  censo.orca_processor  -  DEBUG   - worker3051353:Copying .gbw file from /srv/scratch/z5358697/.automated/4064/0_PRESCREENING/CONF2/sp/sp.gbw.
2025-04-03 21:36:52,521 -   censo.qm_processor   -  DEBUG   - worker3051353:Running ['/apps/z_install_tree/linux-rocky8-ivybridge/gcc-12.2.0/orca-6.0.0-srtngmq3qlimg2qxbl6avaaiffipurdx/bin/orca', 'sp_gas.inp']...
2025-04-03 21:36:52,527 -   censo.qm_processor   -  DEBUG   - worker3051353:Started (PID: 3051361).
2025-04-03 21:36:52,542 -   censo.qm_processor   -   INFO   - worker3051354:Running gsolv calculation in /srv/scratch/z5358697/.automated/4064/1_SCREENING/CONF1/gsolv.
2025-04-03 21:36:52,616 -  censo.orca_processor  -  DEBUG   - worker3051354:Copying .gbw file from /srv/scratch/z5358697/.automated/4064/0_PRESCREENING/CONF1/sp/sp.gbw.
2025-04-03 21:36:52,633 -   censo.qm_processor   -  DEBUG   - worker3051354:Running ['/apps/z_install_tree/linux-rocky8-ivybridge/gcc-12.2.0/orca-6.0.0-srtngmq3qlimg2qxbl6avaaiffipurdx/bin/orca', 'sp_gas.inp']...
2025-04-03 21:36:52,639 -   censo.qm_processor   -  DEBUG   - worker3051354:Started (PID: 3051362).
2025-04-03 21:36:58,204 -   censo.qm_processor   -  DEBUG   - worker3051353:Done.
2025-04-03 21:36:58,214 -  censo.orca_processor  -  DEBUG   - worker3051353:Copying .gbw file from /srv/scratch/z5358697/.automated/4064/0_PRESCREENING/CONF2/sp/sp.gbw.
2025-04-03 21:36:58,247 -   censo.qm_processor   -  DEBUG   - worker3051353:Running ['/apps/z_install_tree/linux-rocky8-ivybridge/gcc-12.2.0/orca-6.0.0-srtngmq3qlimg2qxbl6avaaiffipurdx/bin/orca', 'sp_solv.inp']...
2025-04-03 21:36:58,251 -   censo.qm_processor   -  DEBUG   - worker3051353:Started (PID: 3051422).
2025-04-03 21:36:58,719 -   censo.qm_processor   -  DEBUG   - worker3051354:Done.
2025-04-03 21:36:58,729 -  censo.orca_processor  -  DEBUG   - worker3051354:Copying .gbw file from /srv/scratch/z5358697/.automated/4064/0_PRESCREENING/CONF1/sp/sp.gbw.
2025-04-03 21:36:58,757 -   censo.qm_processor   -  DEBUG   - worker3051354:Running ['/apps/z_install_tree/linux-rocky8-ivybridge/gcc-12.2.0/orca-6.0.0-srtngmq3qlimg2qxbl6avaaiffipurdx/bin/orca', 'sp_solv.inp']...
2025-04-03 21:36:58,761 -   censo.qm_processor   -  DEBUG   - worker3051354:Started (PID: 3051432).
2025-04-03 21:37:04,627 -   censo.qm_processor   -  DEBUG   - worker3051353:Done.
2025-04-03 21:37:04,632 -     censo.parallel     -  DEBUG   - Free cores increased 0 -> 1.
2025-04-03 21:37:05,101 -   censo.qm_processor   -  DEBUG   - worker3051354:Done.
2025-04-03 21:37:05,105 -     censo.parallel     -  DEBUG   - Free cores increased 1 -> 2.
2025-04-03 21:37:05,113 -     censo.parallel     -  DEBUG   - Checking for failed jobs...
2025-04-03 21:37:05,113 -     censo.parallel     -   INFO   - All jobs executed successfully.
2025-04-03 21:37:05,166 -     censo.parallel     -  DEBUG   - Free cores decreased 2 -> 1.
2025-04-03 21:37:05,169 -     censo.parallel     -  DEBUG   - Free cores decreased 1 -> 0.
2025-04-03 21:37:05,172 -   censo.qm_processor   -  DEBUG   - worker3051519:Running on 1 cores.
2025-04-03 21:37:05,172 -   censo.qm_processor   -  DEBUG   - worker3051518:Running on 1 cores.
2025-04-03 21:37:05,205 -   censo.qm_processor   -   INFO   - worker3051518:Running xtb_opt calculation in /srv/scratch/z5358697/.automated/4064/2_OPTIMIZATION/CONF2/xtb_opt.
2025-04-03 21:37:05,223 -   censo.qm_processor   -   INFO   - worker3051519:Running xtb_opt calculation in /srv/scratch/z5358697/.automated/4064/2_OPTIMIZATION/CONF1/xtb_opt.
2025-04-03 21:37:05,249 -  censo.orca_processor  -  DEBUG   - worker3051518:Copying .gbw file from /srv/scratch/z5358697/.automated/4064/1_SCREENING/CONF2/gsolv/sp_solv.gbw.
2025-04-03 21:37:05,258 -  censo.orca_processor  -  DEBUG   - worker3051519:Copying .gbw file from /srv/scratch/z5358697/.automated/4064/1_SCREENING/CONF1/gsolv/sp_solv.gbw.
2025-04-03 21:37:05,266 -   censo.qm_processor   -  DEBUG   - worker3051518:Running ['/srv/scratch/z5358697/.xtb/bin/xtb', 'xtb_opt.coord', '--opt', 'normal', '--orca', '-I', 'xtb_opt-xcontrol-inp']...
2025-04-03 21:37:05,273 -   censo.qm_processor   -  DEBUG   - worker3051518:Started (PID: 3051526).
2025-04-03 21:37:05,275 -   censo.qm_processor   -  DEBUG   - worker3051519:Running ['/srv/scratch/z5358697/.xtb/bin/xtb', 'xtb_opt.coord', '--opt', 'normal', '--orca', '-I', 'xtb_opt-xcontrol-inp']...
2025-04-03 21:37:05,281 -   censo.qm_processor   -  DEBUG   - worker3051519:Started (PID: 3051527).
2025-04-03 21:37:28,278 -   censo.qm_processor   -  DEBUG   - worker3051519:Done.
2025-04-03 21:37:28,288 -     censo.parallel     -  DEBUG   - Free cores increased 0 -> 1.
2025-04-03 21:37:37,758 -   censo.qm_processor   -  DEBUG   - worker3051518:Done.
2025-04-03 21:37:37,768 -     censo.parallel     -  DEBUG   - Free cores increased 1 -> 2.
2025-04-03 21:37:37,776 -     censo.parallel     -  DEBUG   - Checking for failed jobs...
2025-04-03 21:37:37,776 -     censo.parallel     -   INFO   - All jobs executed successfully.
2025-04-03 21:37:37,783 -     censo.parallel     -  DEBUG   - Free cores decreased 2 -> 1.
2025-04-03 21:37:37,786 -     censo.parallel     -  DEBUG   - Free cores decreased 1 -> 0.
2025-04-03 21:37:37,789 -   censo.qm_processor   -  DEBUG   - worker3052052:Running on 1 cores.
2025-04-03 21:37:37,790 -   censo.qm_processor   -  DEBUG   - worker3052053:Running on 1 cores.
2025-04-03 21:37:37,812 -   censo.qm_processor   -   INFO   - worker3052052:Running xtb_rrho calculation in /srv/scratch/z5358697/.automated/4064/2_OPTIMIZATION/CONF2/xtb_rrho.
2025-04-03 21:37:37,816 -   censo.qm_processor   -   INFO   - worker3052053:Running xtb_rrho calculation in /srv/scratch/z5358697/.automated/4064/2_OPTIMIZATION/CONF1/xtb_rrho.
2025-04-03 21:37:37,834 -   censo.qm_processor   -  DEBUG   - worker3052052:Running ['/srv/scratch/z5358697/.xtb/bin/xtb', 'xtb_rrho.coord', '--gfn2', '--bhess', 'vtight', '--chrg', '0', '--enso', '--norestart', '-I', 'rrho-xcontrol-inp', '--parallel', '1', '--alpb', 'water']...
2025-04-03 21:37:37,836 -   censo.qm_processor   -  DEBUG   - worker3052053:Running ['/srv/scratch/z5358697/.xtb/bin/xtb', 'xtb_rrho.coord', '--gfn2', '--bhess', 'vtight', '--chrg', '0', '--enso', '--norestart', '-I', 'rrho-xcontrol-inp', '--parallel', '1', '--alpb', 'water']...
2025-04-03 21:37:37,841 -   censo.qm_processor   -  DEBUG   - worker3052053:Started (PID: 3052061).
2025-04-03 21:37:37,842 -   censo.qm_processor   -  DEBUG   - worker3052052:Started (PID: 3052060).
2025-04-03 21:37:37,959 -   censo.qm_processor   -  DEBUG   - worker3052052:Done.
2025-04-03 21:37:37,963 -     censo.parallel     -  DEBUG   - Free cores increased 0 -> 1.
2025-04-03 21:37:37,968 -   censo.qm_processor   -  DEBUG   - worker3052053:Done.
2025-04-03 21:37:37,971 -     censo.parallel     -  DEBUG   - Free cores increased 1 -> 2.
2025-04-03 21:37:37,978 -     censo.parallel     -  DEBUG   - Checking for failed jobs...
2025-04-03 21:37:37,979 -     censo.parallel     -   INFO   - All jobs executed successfully.
2025-04-03 21:37:37,979 -censo.ensembleopt.optimization-   INFO   - Threshold: 1.50 kcal/mol
2025-04-03 21:37:37,985 -     censo.parallel     -  DEBUG   - Free cores decreased 2 -> 1.
2025-04-03 21:37:37,989 -     censo.parallel     -  DEBUG   - Free cores decreased 1 -> 0.
2025-04-03 21:37:37,991 -   censo.qm_processor   -  DEBUG   - worker3052077:Running on 1 cores.
2025-04-03 21:37:37,992 -   censo.qm_processor   -  DEBUG   - worker3052078:Running on 1 cores.
2025-04-03 21:37:37,993 -   censo.qm_processor   -   INFO   - worker3052077:Running xtb_rrho calculation in /srv/scratch/z5358697/.automated/4064/2_OPTIMIZATION/CONF2/xtb_rrho.
2025-04-03 21:37:37,994 -   censo.qm_processor   -   INFO   - worker3052078:Running xtb_rrho calculation in /srv/scratch/z5358697/.automated/4064/2_OPTIMIZATION/CONF1/xtb_rrho.
2025-04-03 21:37:38,022 -   censo.qm_processor   -  DEBUG   - worker3052077:Running ['/srv/scratch/z5358697/.xtb/bin/xtb', 'xtb_rrho.coord', '--gfn2', '--ohess', 'vtight', '--chrg', '0', '--enso', '--norestart', '-I', 'rrho-xcontrol-inp', '--parallel', '1', '--alpb', 'water']...
2025-04-03 21:37:38,024 -   censo.qm_processor   -  DEBUG   - worker3052078:Running ['/srv/scratch/z5358697/.xtb/bin/xtb', 'xtb_rrho.coord', '--gfn2', '--ohess', 'vtight', '--chrg', '0', '--enso', '--norestart', '-I', 'rrho-xcontrol-inp', '--parallel', '1', '--alpb', 'water']...
2025-04-03 21:37:38,029 -   censo.qm_processor   -  DEBUG   - worker3052077:Started (PID: 3052085).
2025-04-03 21:37:38,029 -   censo.qm_processor   -  DEBUG   - worker3052078:Started (PID: 3052086).
2025-04-03 21:37:38,191 -   censo.qm_processor   -  DEBUG   - worker3052078:Done.
2025-04-03 21:37:38,192 -   censo.qm_processor   -  DEBUG   - worker3052077:Done.
2025-04-03 21:37:38,195 -     censo.parallel     -  DEBUG   - Free cores increased 0 -> 1.
2025-04-03 21:37:38,196 -     censo.parallel     -  DEBUG   - Free cores increased 1 -> 2.
2025-04-03 21:37:38,204 -     censo.parallel     -  DEBUG   - Checking for failed jobs...
2025-04-03 21:37:38,205 -     censo.parallel     -   INFO   - All jobs executed successfully.
2025-04-03 21:37:38,205 -censo.ensembleopt.optimization-  DEBUG   - Writing to /srv/scratch/z5358697/.automated/4064/2_OPTIMIZATION.out.
2025-04-03 21:37:38,216 -censo.ensembleopt.optimization-  DEBUG   - Writing to /srv/scratch/z5358697/.automated/4064/2_OPTIMIZATION.out.
2025-04-03 21:37:38,258 -     censo.parallel     -  DEBUG   - Free cores decreased 2 -> 1.
2025-04-03 21:37:38,262 -     censo.parallel     -  DEBUG   - Free cores decreased 1 -> 0.
2025-04-03 21:37:38,264 -   censo.qm_processor   -  DEBUG   - worker3052107:Running on 1 cores.
2025-04-03 21:37:38,265 -   censo.qm_processor   -  DEBUG   - worker3052108:Running on 1 cores.
2025-04-03 21:37:38,342 -   censo.qm_processor   -   INFO   - worker3052108:Running gsolv calculation in /srv/scratch/z5358697/.automated/4064/3_REFINEMENT/CONF1/gsolv.
2025-04-03 21:37:38,355 -  censo.orca_processor  -  DEBUG   - worker3052108:Copying .gbw file from /srv/scratch/z5358697/.automated/4064/2_OPTIMIZATION/CONF1/xtb_opt/xtb_opt.gbw.
2025-04-03 21:37:38,371 -   censo.qm_processor   -  DEBUG   - worker3052108:Running ['/apps/z_install_tree/linux-rocky8-ivybridge/gcc-12.2.0/orca-6.0.0-srtngmq3qlimg2qxbl6avaaiffipurdx/bin/orca', 'sp_gas.inp']...
2025-04-03 21:37:38,376 -   censo.qm_processor   -  DEBUG   - worker3052108:Started (PID: 3052115).
2025-04-03 21:37:39,179 -   censo.qm_processor   -   INFO   - worker3052107:Running gsolv calculation in /srv/scratch/z5358697/.automated/4064/3_REFINEMENT/CONF2/gsolv.
2025-04-03 21:37:39,193 -  censo.orca_processor  -  DEBUG   - worker3052107:Copying .gbw file from /srv/scratch/z5358697/.automated/4064/2_OPTIMIZATION/CONF2/xtb_opt/xtb_opt.gbw.
2025-04-03 21:37:39,210 -   censo.qm_processor   -  DEBUG   - worker3052107:Running ['/apps/z_install_tree/linux-rocky8-ivybridge/gcc-12.2.0/orca-6.0.0-srtngmq3qlimg2qxbl6avaaiffipurdx/bin/orca', 'sp_gas.inp']...
2025-04-03 21:37:39,216 -   censo.qm_processor   -  DEBUG   - worker3052107:Started (PID: 3052134).
2025-04-03 21:37:50,824 -   censo.qm_processor   -  DEBUG   - worker3052108:Done.
2025-04-03 21:37:50,833 -  censo.orca_processor  -  DEBUG   - worker3052108:Copying .gbw file from /srv/scratch/z5358697/.automated/4064/2_OPTIMIZATION/CONF1/xtb_opt/xtb_opt.gbw.
2025-04-03 21:37:50,859 -   censo.qm_processor   -  DEBUG   - worker3052108:Running ['/apps/z_install_tree/linux-rocky8-ivybridge/gcc-12.2.0/orca-6.0.0-srtngmq3qlimg2qxbl6avaaiffipurdx/bin/orca', 'sp_solv.inp']...
2025-04-03 21:37:50,862 -   censo.qm_processor   -  DEBUG   - worker3052108:Started (PID: 3052263).
2025-04-03 21:37:51,648 -   censo.qm_processor   -  DEBUG   - worker3052107:Done.
2025-04-03 21:37:51,659 -  censo.orca_processor  -  DEBUG   - worker3052107:Copying .gbw file from /srv/scratch/z5358697/.automated/4064/2_OPTIMIZATION/CONF2/xtb_opt/xtb_opt.gbw.
2025-04-03 21:37:51,683 -   censo.qm_processor   -  DEBUG   - worker3052107:Running ['/apps/z_install_tree/linux-rocky8-ivybridge/gcc-12.2.0/orca-6.0.0-srtngmq3qlimg2qxbl6avaaiffipurdx/bin/orca', 'sp_solv.inp']...
2025-04-03 21:37:51,686 -   censo.qm_processor   -  DEBUG   - worker3052107:Started (PID: 3052271).
2025-04-03 21:38:03,561 -   censo.qm_processor   -  DEBUG   - worker3052108:Done.
2025-04-03 21:38:03,565 -     censo.parallel     -  DEBUG   - Free cores increased 0 -> 1.
2025-04-03 21:38:04,414 -   censo.qm_processor   -  DEBUG   - worker3052107:Done.
2025-04-03 21:38:04,418 -     censo.parallel     -  DEBUG   - Free cores increased 1 -> 2.
2025-04-03 21:38:04,425 -     censo.parallel     -  DEBUG   - Checking for failed jobs...
2025-04-03 21:38:04,425 -     censo.parallel     -   INFO   - All jobs executed successfully.
2025-04-03 21:38:04,426 -censo.ensembleopt.refinement-  DEBUG   - Writing to /srv/scratch/z5358697/.automated/4064/3_REFINEMENT.out.
