2025-04-04 23:58:43,551 -     censo.parallel     -  DEBUG   - Free cores decreased 2 -> 1.
2025-04-04 23:58:43,555 -     censo.parallel     -  DEBUG   - Free cores decreased 1 -> 0.
2025-04-04 23:58:43,557 -   censo.qm_processor   -  DEBUG   - worker1057055:Running on 1 cores.
2025-04-04 23:58:43,557 -   censo.qm_processor   -  DEBUG   - worker1057054:Running on 1 cores.
2025-04-04 23:58:43,581 -   censo.qm_processor   -   INFO   - worker1057054:Running xtb_gsolv calculation in /srv/scratch/z5358697/.automated/4412/0_PRESCREENING/CONF2/xtb_gsolv.
2025-04-04 23:58:43,600 -   censo.qm_processor   -   INFO   - worker1057055:Running xtb_gsolv calculation in /srv/scratch/z5358697/.automated/4412/0_PRESCREENING/CONF1/xtb_gsolv.
2025-04-04 23:58:43,603 -   censo.qm_processor   -  DEBUG   - worker1057054:Running ['/srv/scratch/z5358697/.xtb/bin/xtb', 'gas.coord', '--gfn2', '--sp', '--chrg', '0', '--norestart', '--parallel', '1']...
2025-04-04 23:58:43,619 -   censo.qm_processor   -  DEBUG   - worker1057055:Running ['/srv/scratch/z5358697/.xtb/bin/xtb', 'gas.coord', '--gfn2', '--sp', '--chrg', '0', '--norestart', '--parallel', '1']...
2025-04-04 23:58:43,631 -   censo.qm_processor   -  DEBUG   - worker1057054:Started (PID: 1057063).
2025-04-04 23:58:43,636 -   censo.qm_processor   -  DEBUG   - worker1057055:Started (PID: 1057064).
2025-04-04 23:58:43,863 -   censo.qm_processor   -  DEBUG   - worker1057055:Done.
2025-04-04 23:58:43,863 -   censo.qm_processor   -  DEBUG   - worker1057054:Done.
2025-04-04 23:58:43,886 -   censo.qm_processor   -  DEBUG   - worker1057054:Running ['/srv/scratch/z5358697/.xtb/bin/xtb', 'solv.coord', '--gfn2', '--sp', '--chrg', '0', '--norestart', '--parallel', '1', '--alpb', 'water', 'reference', '-I', 'xtb_sp-xcontrol-inp']...
2025-04-04 23:58:43,886 -   censo.qm_processor   -  DEBUG   - worker1057055:Running ['/srv/scratch/z5358697/.xtb/bin/xtb', 'solv.coord', '--gfn2', '--sp', '--chrg', '0', '--norestart', '--parallel', '1', '--alpb', 'water', 'reference', '-I', 'xtb_sp-xcontrol-inp']...
2025-04-04 23:58:43,889 -   censo.qm_processor   -  DEBUG   - worker1057055:Started (PID: 1057066).
2025-04-04 23:58:43,889 -   censo.qm_processor   -  DEBUG   - worker1057054:Started (PID: 1057065).
2025-04-04 23:58:43,939 -   censo.qm_processor   -  DEBUG   - worker1057054:Done.
2025-04-04 23:58:43,939 -   censo.qm_processor   -  DEBUG   - worker1057055:Done.
2025-04-04 23:58:43,941 -     censo.parallel     -  DEBUG   - Free cores increased 0 -> 1.
2025-04-04 23:58:43,941 -     censo.parallel     -  DEBUG   - Free cores increased 1 -> 2.
2025-04-04 23:58:43,948 -     censo.parallel     -  DEBUG   - Checking for failed jobs...
2025-04-04 23:58:43,948 -     censo.parallel     -   INFO   - All jobs executed successfully.
2025-04-04 23:58:43,954 -     censo.parallel     -  DEBUG   - Free cores decreased 2 -> 1.
2025-04-04 23:58:43,957 -     censo.parallel     -  DEBUG   - Free cores decreased 1 -> 0.
2025-04-04 23:58:43,958 -   censo.qm_processor   -  DEBUG   - worker1057082:Running on 1 cores.
2025-04-04 23:58:43,958 -   censo.qm_processor   -  DEBUG   - worker1057083:Running on 1 cores.
2025-04-04 23:58:43,973 -   censo.qm_processor   -   INFO   - worker1057082:Running sp calculation in /srv/scratch/z5358697/.automated/4412/0_PRESCREENING/CONF2/sp.
2025-04-04 23:58:43,981 -   censo.qm_processor   -   INFO   - worker1057083:Running sp calculation in /srv/scratch/z5358697/.automated/4412/0_PRESCREENING/CONF1/sp.
2025-04-04 23:58:43,988 -   censo.qm_processor   -  DEBUG   - worker1057082:Running ['/apps/z_install_tree/linux-rocky8-ivybridge/gcc-12.2.0/orca-6.0.0-srtngmq3qlimg2qxbl6avaaiffipurdx/bin/orca', 'sp.inp']...
2025-04-04 23:58:43,996 -   censo.qm_processor   -  DEBUG   - worker1057082:Started (PID: 1057090).
2025-04-04 23:58:44,006 -   censo.qm_processor   -  DEBUG   - worker1057083:Running ['/apps/z_install_tree/linux-rocky8-ivybridge/gcc-12.2.0/orca-6.0.0-srtngmq3qlimg2qxbl6avaaiffipurdx/bin/orca', 'sp.inp']...
2025-04-04 23:58:44,010 -   censo.qm_processor   -  DEBUG   - worker1057083:Started (PID: 1057091).
2025-04-04 23:58:52,154 -   censo.qm_processor   -  DEBUG   - worker1057082:Done.
2025-04-04 23:58:52,160 -     censo.parallel     -  DEBUG   - Free cores increased 0 -> 1.
2025-04-04 23:58:52,398 -   censo.qm_processor   -  DEBUG   - worker1057083:Done.
2025-04-04 23:58:52,403 -     censo.parallel     -  DEBUG   - Free cores increased 1 -> 2.
2025-04-04 23:58:52,410 -     censo.parallel     -  DEBUG   - Checking for failed jobs...
2025-04-04 23:58:52,410 -     censo.parallel     -   INFO   - All jobs executed successfully.
2025-04-04 23:58:52,411 -censo.ensembleopt.prescreening-  DEBUG   - Writing to /srv/scratch/z5358697/.automated/4412/0_PRESCREENING.out.
2025-04-04 23:58:52,450 -     censo.parallel     -  DEBUG   - Free cores decreased 2 -> 1.
2025-04-04 23:58:52,454 -     censo.parallel     -  DEBUG   - Free cores decreased 1 -> 0.
2025-04-04 23:58:52,456 -   censo.qm_processor   -  DEBUG   - worker1057173:Running on 1 cores.
2025-04-04 23:58:52,456 -   censo.qm_processor   -  DEBUG   - worker1057174:Running on 1 cores.
2025-04-04 23:58:52,499 -   censo.qm_processor   -   INFO   - worker1057174:Running gsolv calculation in /srv/scratch/z5358697/.automated/4412/1_SCREENING/CONF1/gsolv.
2025-04-04 23:58:52,507 -   censo.qm_processor   -   INFO   - worker1057173:Running gsolv calculation in /srv/scratch/z5358697/.automated/4412/1_SCREENING/CONF2/gsolv.
2025-04-04 23:58:52,512 -  censo.orca_processor  -  DEBUG   - worker1057174:Copying .gbw file from /srv/scratch/z5358697/.automated/4412/0_PRESCREENING/CONF1/sp/sp.gbw.
2025-04-04 23:58:52,519 -  censo.orca_processor  -  DEBUG   - worker1057173:Copying .gbw file from /srv/scratch/z5358697/.automated/4412/0_PRESCREENING/CONF2/sp/sp.gbw.
2025-04-04 23:58:52,542 -   censo.qm_processor   -  DEBUG   - worker1057174:Running ['/apps/z_install_tree/linux-rocky8-ivybridge/gcc-12.2.0/orca-6.0.0-srtngmq3qlimg2qxbl6avaaiffipurdx/bin/orca', 'sp_gas.inp']...
2025-04-04 23:58:52,547 -   censo.qm_processor   -  DEBUG   - worker1057174:Started (PID: 1057181).
2025-04-04 23:58:52,548 -   censo.qm_processor   -  DEBUG   - worker1057173:Running ['/apps/z_install_tree/linux-rocky8-ivybridge/gcc-12.2.0/orca-6.0.0-srtngmq3qlimg2qxbl6avaaiffipurdx/bin/orca', 'sp_gas.inp']...
2025-04-04 23:58:52,551 -   censo.qm_processor   -  DEBUG   - worker1057173:Started (PID: 1057182).
2025-04-04 23:59:14,911 -   censo.qm_processor   -  DEBUG   - worker1057173:Done.
2025-04-04 23:59:14,925 -   censo.qm_processor   -  DEBUG   - worker1057174:Done.
2025-04-04 23:59:14,929 -  censo.orca_processor  -  DEBUG   - worker1057173:Copying .gbw file from /srv/scratch/z5358697/.automated/4412/0_PRESCREENING/CONF2/sp/sp.gbw.
2025-04-04 23:59:14,942 -  censo.orca_processor  -  DEBUG   - worker1057174:Copying .gbw file from /srv/scratch/z5358697/.automated/4412/0_PRESCREENING/CONF1/sp/sp.gbw.
2025-04-04 23:59:14,960 -   censo.qm_processor   -  DEBUG   - worker1057173:Running ['/apps/z_install_tree/linux-rocky8-ivybridge/gcc-12.2.0/orca-6.0.0-srtngmq3qlimg2qxbl6avaaiffipurdx/bin/orca', 'sp_solv.inp']...
2025-04-04 23:59:14,963 -   censo.qm_processor   -  DEBUG   - worker1057173:Started (PID: 1057376).
2025-04-04 23:59:14,972 -   censo.qm_processor   -  DEBUG   - worker1057174:Running ['/apps/z_install_tree/linux-rocky8-ivybridge/gcc-12.2.0/orca-6.0.0-srtngmq3qlimg2qxbl6avaaiffipurdx/bin/orca', 'sp_solv.inp']...
2025-04-04 23:59:14,975 -   censo.qm_processor   -  DEBUG   - worker1057174:Started (PID: 1057377).
2025-04-04 23:59:46,482 -   censo.qm_processor   -  DEBUG   - worker1057174:Done.
2025-04-04 23:59:46,488 -   censo.qm_processor   -  DEBUG   - worker1057173:Done.
2025-04-04 23:59:46,489 -     censo.parallel     -  DEBUG   - Free cores increased 0 -> 1.
2025-04-04 23:59:46,493 -     censo.parallel     -  DEBUG   - Free cores increased 1 -> 2.
2025-04-04 23:59:46,500 -     censo.parallel     -  DEBUG   - Checking for failed jobs...
2025-04-04 23:59:46,500 -     censo.parallel     -   INFO   - All jobs executed successfully.
2025-04-04 23:59:46,541 -     censo.parallel     -  DEBUG   - Free cores decreased 2 -> 1.
2025-04-04 23:59:46,544 -     censo.parallel     -  DEBUG   - Free cores decreased 1 -> 0.
2025-04-04 23:59:46,546 -   censo.qm_processor   -  DEBUG   - worker1057456:Running on 1 cores.
2025-04-04 23:59:46,547 -   censo.qm_processor   -  DEBUG   - worker1057457:Running on 1 cores.
2025-04-04 23:59:46,560 -   censo.qm_processor   -   INFO   - worker1057456:Running xtb_opt calculation in /srv/scratch/z5358697/.automated/4412/2_OPTIMIZATION/CONF1/xtb_opt.
2025-04-04 23:59:46,576 -   censo.qm_processor   -   INFO   - worker1057457:Running xtb_opt calculation in /srv/scratch/z5358697/.automated/4412/2_OPTIMIZATION/CONF2/xtb_opt.
2025-04-04 23:59:46,592 -  censo.orca_processor  -  DEBUG   - worker1057456:Copying .gbw file from /srv/scratch/z5358697/.automated/4412/1_SCREENING/CONF1/gsolv/sp_solv.gbw.
2025-04-04 23:59:46,609 -  censo.orca_processor  -  DEBUG   - worker1057457:Copying .gbw file from /srv/scratch/z5358697/.automated/4412/1_SCREENING/CONF2/gsolv/sp_solv.gbw.
2025-04-04 23:59:46,621 -   censo.qm_processor   -  DEBUG   - worker1057456:Running ['/srv/scratch/z5358697/.xtb/bin/xtb', 'xtb_opt.coord', '--opt', 'normal', '--orca', '-I', 'xtb_opt-xcontrol-inp']...
2025-04-04 23:59:46,644 -   censo.qm_processor   -  DEBUG   - worker1057456:Started (PID: 1057464).
2025-04-04 23:59:46,650 -   censo.qm_processor   -  DEBUG   - worker1057457:Running ['/srv/scratch/z5358697/.xtb/bin/xtb', 'xtb_opt.coord', '--opt', 'normal', '--orca', '-I', 'xtb_opt-xcontrol-inp']...
2025-04-04 23:59:46,653 -   censo.qm_processor   -  DEBUG   - worker1057457:Started (PID: 1057466).
2025-04-05 00:03:05,483 -   censo.qm_processor   -  DEBUG   - worker1057457:Done.
2025-04-05 00:03:05,496 -     censo.parallel     -  DEBUG   - Free cores increased 0 -> 1.
2025-04-05 00:04:07,378 -   censo.qm_processor   -  DEBUG   - worker1057456:Done.
2025-04-05 00:04:07,393 -     censo.parallel     -  DEBUG   - Free cores increased 1 -> 2.
2025-04-05 00:04:07,400 -     censo.parallel     -  DEBUG   - Checking for failed jobs...
2025-04-05 00:04:07,400 -     censo.parallel     -   INFO   - All jobs executed successfully.
2025-04-05 00:04:07,406 -     censo.parallel     -  DEBUG   - Free cores decreased 2 -> 1.
2025-04-05 00:04:07,409 -     censo.parallel     -  DEBUG   - Free cores decreased 1 -> 0.
2025-04-05 00:04:07,410 -   censo.qm_processor   -  DEBUG   - worker1058127:Running on 1 cores.
2025-04-05 00:04:07,411 -   censo.qm_processor   -  DEBUG   - worker1058128:Running on 1 cores.
2025-04-05 00:04:07,415 -   censo.qm_processor   -   INFO   - worker1058127:Running xtb_rrho calculation in /srv/scratch/z5358697/.automated/4412/2_OPTIMIZATION/CONF1/xtb_rrho.
2025-04-05 00:04:07,423 -   censo.qm_processor   -   INFO   - worker1058128:Running xtb_rrho calculation in /srv/scratch/z5358697/.automated/4412/2_OPTIMIZATION/CONF2/xtb_rrho.
2025-04-05 00:04:07,443 -   censo.qm_processor   -  DEBUG   - worker1058128:Running ['/srv/scratch/z5358697/.xtb/bin/xtb', 'xtb_rrho.coord', '--gfn2', '--bhess', 'vtight', '--chrg', '0', '--enso', '--norestart', '-I', 'rrho-xcontrol-inp', '--parallel', '1', '--alpb', 'water']...
2025-04-05 00:04:07,449 -   censo.qm_processor   -  DEBUG   - worker1058127:Running ['/srv/scratch/z5358697/.xtb/bin/xtb', 'xtb_rrho.coord', '--gfn2', '--bhess', 'vtight', '--chrg', '0', '--enso', '--norestart', '-I', 'rrho-xcontrol-inp', '--parallel', '1', '--alpb', 'water']...
2025-04-05 00:04:07,450 -   censo.qm_processor   -  DEBUG   - worker1058128:Started (PID: 1058135).
2025-04-05 00:04:07,454 -   censo.qm_processor   -  DEBUG   - worker1058127:Started (PID: 1058136).
2025-04-05 00:04:09,999 -   censo.qm_processor   -  DEBUG   - worker1058127:Done.
2025-04-05 00:04:10,002 -     censo.parallel     -  DEBUG   - Free cores increased 0 -> 1.
2025-04-05 00:04:11,445 -   censo.qm_processor   -  DEBUG   - worker1058128:Done.
2025-04-05 00:04:11,448 -     censo.parallel     -  DEBUG   - Free cores increased 1 -> 2.
2025-04-05 00:04:11,454 -     censo.parallel     -  DEBUG   - Checking for failed jobs...
2025-04-05 00:04:11,455 -     censo.parallel     -   INFO   - All jobs executed successfully.
2025-04-05 00:04:11,455 -censo.ensembleopt.optimization-   INFO   - Threshold: 2.25 kcal/mol
2025-04-05 00:04:11,461 -     censo.parallel     -  DEBUG   - Free cores decreased 2 -> 1.
2025-04-05 00:04:11,465 -   censo.qm_processor   -  DEBUG   - worker1058153:Running on 1 cores.
2025-04-05 00:04:11,467 -   censo.qm_processor   -   INFO   - worker1058153:Running xtb_opt calculation in /srv/scratch/z5358697/.automated/4412/2_OPTIMIZATION/CONF1/xtb_opt.
2025-04-05 00:04:11,498 -   censo.qm_processor   -  DEBUG   - worker1058153:Running ['/srv/scratch/z5358697/.xtb/bin/xtb', 'xtb_opt.coord', '--opt', 'normal', '--orca', '-I', 'xtb_opt-xcontrol-inp']...
2025-04-05 00:04:11,504 -   censo.qm_processor   -  DEBUG   - worker1058153:Started (PID: 1058161).
2025-04-05 00:05:40,675 -   censo.qm_processor   -  DEBUG   - worker1058153:Done.
2025-04-05 00:05:40,683 -     censo.parallel     -  DEBUG   - Free cores increased 1 -> 2.
2025-04-05 00:05:40,690 -     censo.parallel     -  DEBUG   - Checking for failed jobs...
2025-04-05 00:05:40,690 -     censo.parallel     -   INFO   - All jobs executed successfully.
2025-04-05 00:05:40,690 -censo.ensembleopt.optimization-   INFO   - Threshold: 1.50 kcal/mol
2025-04-05 00:05:40,696 -     censo.parallel     -  DEBUG   - Free cores decreased 2 -> 1.
2025-04-05 00:05:40,699 -     censo.parallel     -  DEBUG   - Free cores decreased 1 -> 0.
2025-04-05 00:05:40,701 -   censo.qm_processor   -  DEBUG   - worker1058362:Running on 1 cores.
2025-04-05 00:05:40,701 -   censo.qm_processor   -  DEBUG   - worker1058361:Running on 1 cores.
2025-04-05 00:05:40,702 -   censo.qm_processor   -   INFO   - worker1058361:Running xtb_rrho calculation in /srv/scratch/z5358697/.automated/4412/2_OPTIMIZATION/CONF2/xtb_rrho.
2025-04-05 00:05:40,702 -   censo.qm_processor   -   INFO   - worker1058362:Running xtb_rrho calculation in /srv/scratch/z5358697/.automated/4412/2_OPTIMIZATION/CONF1/xtb_rrho.
2025-04-05 00:05:40,733 -   censo.qm_processor   -  DEBUG   - worker1058361:Running ['/srv/scratch/z5358697/.xtb/bin/xtb', 'xtb_rrho.coord', '--gfn2', '--ohess', 'vtight', '--chrg', '0', '--enso', '--norestart', '-I', 'rrho-xcontrol-inp', '--parallel', '1', '--alpb', 'water']...
2025-04-05 00:05:40,733 -   censo.qm_processor   -  DEBUG   - worker1058362:Running ['/srv/scratch/z5358697/.xtb/bin/xtb', 'xtb_rrho.coord', '--gfn2', '--ohess', 'vtight', '--chrg', '0', '--enso', '--norestart', '-I', 'rrho-xcontrol-inp', '--parallel', '1', '--alpb', 'water']...
2025-04-05 00:05:40,740 -   censo.qm_processor   -  DEBUG   - worker1058362:Started (PID: 1058370).
2025-04-05 00:05:40,742 -   censo.qm_processor   -  DEBUG   - worker1058361:Started (PID: 1058369).
2025-04-05 00:05:41,881 -   censo.qm_processor   -  DEBUG   - worker1058362:Done.
2025-04-05 00:05:41,884 -     censo.parallel     -  DEBUG   - Free cores increased 0 -> 1.
2025-04-05 00:05:42,511 -   censo.qm_processor   -  DEBUG   - worker1058361:Done.
2025-04-05 00:05:42,515 -     censo.parallel     -  DEBUG   - Free cores increased 1 -> 2.
2025-04-05 00:05:42,522 -     censo.parallel     -  DEBUG   - Checking for failed jobs...
2025-04-05 00:05:42,522 -     censo.parallel     -   INFO   - All jobs executed successfully.
2025-04-05 00:05:42,522 -censo.ensembleopt.optimization-  DEBUG   - Writing to /srv/scratch/z5358697/.automated/4412/2_OPTIMIZATION.out.
2025-04-05 00:05:42,535 -censo.ensembleopt.optimization-  DEBUG   - Writing to /srv/scratch/z5358697/.automated/4412/2_OPTIMIZATION.out.
2025-04-05 00:05:42,566 -     censo.parallel     -  DEBUG   - Free cores decreased 2 -> 1.
2025-04-05 00:05:42,569 -     censo.parallel     -  DEBUG   - Free cores decreased 1 -> 0.
2025-04-05 00:05:42,571 -   censo.qm_processor   -  DEBUG   - worker1058388:Running on 1 cores.
2025-04-05 00:05:42,571 -   censo.qm_processor   -  DEBUG   - worker1058387:Running on 1 cores.
2025-04-05 00:05:42,602 -   censo.qm_processor   -   INFO   - worker1058387:Running gsolv calculation in /srv/scratch/z5358697/.automated/4412/3_REFINEMENT/CONF2/gsolv.
2025-04-05 00:05:42,638 -  censo.orca_processor  -  DEBUG   - worker1058387:Copying .gbw file from /srv/scratch/z5358697/.automated/4412/2_OPTIMIZATION/CONF2/xtb_opt/xtb_opt.gbw.
2025-04-05 00:05:42,638 -   censo.qm_processor   -   INFO   - worker1058388:Running gsolv calculation in /srv/scratch/z5358697/.automated/4412/3_REFINEMENT/CONF1/gsolv.
2025-04-05 00:05:42,650 -  censo.orca_processor  -  DEBUG   - worker1058388:Copying .gbw file from /srv/scratch/z5358697/.automated/4412/2_OPTIMIZATION/CONF1/xtb_opt/xtb_opt.gbw.
2025-04-05 00:05:42,665 -   censo.qm_processor   -  DEBUG   - worker1058387:Running ['/apps/z_install_tree/linux-rocky8-ivybridge/gcc-12.2.0/orca-6.0.0-srtngmq3qlimg2qxbl6avaaiffipurdx/bin/orca', 'sp_gas.inp']...
2025-04-05 00:05:42,669 -   censo.qm_processor   -  DEBUG   - worker1058387:Started (PID: 1058395).
2025-04-05 00:05:42,681 -   censo.qm_processor   -  DEBUG   - worker1058388:Running ['/apps/z_install_tree/linux-rocky8-ivybridge/gcc-12.2.0/orca-6.0.0-srtngmq3qlimg2qxbl6avaaiffipurdx/bin/orca', 'sp_gas.inp']...
2025-04-05 00:05:42,684 -   censo.qm_processor   -  DEBUG   - worker1058388:Started (PID: 1058396).
2025-04-05 00:08:25,922 -   censo.qm_processor   -  DEBUG   - worker1058387:Done.
2025-04-05 00:08:25,941 -  censo.orca_processor  -  DEBUG   - worker1058387:Copying .gbw file from /srv/scratch/z5358697/.automated/4412/2_OPTIMIZATION/CONF2/xtb_opt/xtb_opt.gbw.
2025-04-05 00:08:25,968 -   censo.qm_processor   -  DEBUG   - worker1058387:Running ['/apps/z_install_tree/linux-rocky8-ivybridge/gcc-12.2.0/orca-6.0.0-srtngmq3qlimg2qxbl6avaaiffipurdx/bin/orca', 'sp_solv.inp']...
2025-04-05 00:08:25,971 -   censo.qm_processor   -  DEBUG   - worker1058387:Started (PID: 1058695).
2025-04-05 00:08:30,813 -   censo.qm_processor   -  DEBUG   - worker1058388:Done.
2025-04-05 00:08:30,832 -  censo.orca_processor  -  DEBUG   - worker1058388:Copying .gbw file from /srv/scratch/z5358697/.automated/4412/2_OPTIMIZATION/CONF1/xtb_opt/xtb_opt.gbw.
2025-04-05 00:08:30,858 -   censo.qm_processor   -  DEBUG   - worker1058388:Running ['/apps/z_install_tree/linux-rocky8-ivybridge/gcc-12.2.0/orca-6.0.0-srtngmq3qlimg2qxbl6avaaiffipurdx/bin/orca', 'sp_solv.inp']...
2025-04-05 00:08:30,861 -   censo.qm_processor   -  DEBUG   - worker1058388:Started (PID: 1058703).
2025-04-05 00:11:14,392 -   censo.qm_processor   -  DEBUG   - worker1058387:Done.
2025-04-05 00:11:14,401 -     censo.parallel     -  DEBUG   - Free cores increased 0 -> 1.
2025-04-05 00:11:20,629 -   censo.qm_processor   -  DEBUG   - worker1058388:Done.
2025-04-05 00:11:20,636 -     censo.parallel     -  DEBUG   - Free cores increased 1 -> 2.
2025-04-05 00:11:20,644 -     censo.parallel     -  DEBUG   - Checking for failed jobs...
2025-04-05 00:11:20,644 -     censo.parallel     -   INFO   - All jobs executed successfully.
2025-04-05 00:11:20,644 -censo.ensembleopt.refinement-  DEBUG   - Writing to /srv/scratch/z5358697/.automated/4412/3_REFINEMENT.out.
