24
 energy: -25.315218235066 gnorm: 0.018589284961 xtb: 6.7.1 (edcfbbe)
C           -2.40637723601918       -0.00002282420686       -0.53567676435213
C           -1.38224536415493        0.00001393211722        0.60264940502480
C           -0.49786905525778       -1.25802448462936        0.58273383999593
C            0.49778012253790       -1.25806265285294       -0.58250869286756
C            1.38212587569743        0.00000852111425       -0.60271004131893
C            0.49780512749452        1.25809487117230       -0.58247967173652
C           -0.49785711912026        1.25804098482095        0.58274575768050
C            2.40667749606605       -0.00005372643801        0.53524003235973
H           -3.04959118101272       -0.88547684411112       -0.47872131892909
H           -3.04884703963263        0.88601963365590       -0.47948531893522
H           -1.93170841577523       -0.00065504657858       -1.52185488762885
H           -1.94510398647808        0.00002470893517        1.54608667503238
H            0.05173883431677       -1.31998445604488        1.53083651165226
H           -1.12971582827020       -2.15373066666522        0.52980265565286
H            1.12971242405527       -2.15369767661651       -0.52941841784337
H           -0.05184095431640       -1.32027420298228       -1.53058291015617
H            1.94465041246170        0.00002548450837       -1.54634679076803
H            1.12976626847152        2.15370745877983       -0.52933832159391
H           -0.05180191578315        1.32036178156974       -1.53056152610669
H            0.05173349556802        1.32000833309348        1.53086050578539
H           -1.12971202227438        2.15374085132826        0.52979825071062
H            3.04972845946722       -0.88561584996655        0.47813352994041
H            1.93238005987304       -0.00048961731098        1.52159923461431
H            3.04926637869271        0.88587827386345        0.47868277546325
24
 energy: -25.315926235489 gnorm: 0.005721961801 xtb: 6.7.1 (edcfbbe)
C           -2.40215795027726       -0.00000475133745       -0.53612912496613
C           -1.37975795411157        0.00000765085149        0.59829746712161
C           -0.49588807198443       -1.25249804368589        0.58052849462880
C            0.49583282388986       -1.25255402070408       -0.58034414976790
C            1.37964481039717        0.00000002719622       -0.59835219424144
C            0.49584592835666        1.25256231729415       -0.58032276782113
C           -0.49587125908732        1.25249952557477        0.58054749611872
C            2.40241518085791       -0.00003894674577        0.53574112909437
H           -3.03869904759791       -0.88248754523419       -0.47193639331971
H           -3.03800644683235        0.88302546340891       -0.47261618119825
H           -1.92224106540345       -0.00057317141055       -1.51258979040174
H           -1.94271396379029        0.00001731695939        1.54033378421931
H            0.05297885440026       -1.31130960280143        1.52439665948801
H           -1.12694944135841       -2.14361295587255        0.51787793050478
H            1.12696595148592       -2.14360914303976       -0.51754991102840
H           -0.05304219129171       -1.31158316844551       -1.52419072689958
H            1.94230615869122        0.00001367744828       -1.54056374343838
H            1.12699421540879        2.14360628866425       -0.51750632912304
H           -0.05303633012621        1.31161939197670       -1.52416467140099
H            0.05300012373429        1.31129296556212        1.52441531609527
H           -1.12692507934042        2.14362178256535        0.51790791302497
H            3.03880937072855       -0.88261890508298        0.47142944351447
H            1.92281688849223       -0.00042891889701        1.51236031437344
H            3.03837333136569        0.88288955231117        0.47191454709888
24
 energy: -25.315967399493 gnorm: 0.001157827786 xtb: 6.7.1 (edcfbbe)
C           -2.39964511212986        0.00000919514142       -0.53635536945471
C           -1.37821293857472        0.00000484124364        0.59906113910915
C           -0.49567318405173       -1.25207544298893        0.58028730105087
C            0.49563046829089       -1.25211478179958       -0.58014413227926
C            1.37813501683654       -0.00000416232651       -0.59912239738080
C            0.49563210305029        1.25210651550139       -0.58013586360618
C           -0.49564218206772        1.25206196403389        0.58031562230681
C            2.39986651731989       -0.00002603862049        0.53602563146888
H           -3.03384713688570       -0.88150797473576       -0.47050201872998
H           -3.03321614151903        0.88202272956379       -0.47108495535334
H           -1.91764126007060       -0.00048806391446       -1.50934210889889
H           -1.94123071452791        0.00001093869907        1.54105136761298
H            0.05235350366889       -1.31013398096336        1.52269362407485
H           -1.12633343181129       -2.14176539913244        0.51515319978969
H            1.12635101209954       -2.14175171832496       -0.51488203506208
H           -0.05239685609977       -1.31036420322940       -1.52253629186139
H            1.94091098869976        0.00000596064291       -1.54125820109345
H            1.12635785542913        2.14174088868766       -0.51488233932303
H           -0.05242224966514        1.31035671786357       -1.52251285592671
H            0.05240779708631        1.31007990616154        1.52271167766187
H           -1.12628314294552        2.14176874880511        0.51521841378445
H            3.03393816945145       -0.88163018355975        0.47008466442384
H            1.91811853642618       -0.00036637369646        1.50914187885080
H            3.03353721859732        0.88189670350374        0.47049856051159
24
 energy: -25.315968975637 gnorm: 0.000320515882 xtb: 6.7.1 (edcfbbe)
C           -2.39970753841818        0.00002203101369       -0.53655381652956
C           -1.37780682446027        0.00000318123407        0.59945442861094
C           -0.49544685372585       -1.25226533373354        0.58078095519369
C            0.49542750637988       -1.25230549723570       -0.58068439896936
C            1.37775306916852       -0.00000825518929       -0.59950815385062
C            0.49542104309403        1.25228309319929       -0.58068507546908
C           -0.49540695940692        1.25224181446530        0.58081449803383
C            2.39988852876487       -0.00001533623259        0.53628900558721
H           -3.03341215110219       -0.88170090727794       -0.47089415212900
H           -3.03286121075178        0.88217607836134       -0.47137588552345
H           -1.91611992903081       -0.00039781913772       -1.50855331503913
H           -1.94091636860720        0.00000634277359        1.54144382343456
H            0.05293077471915       -1.31117480685227        1.52275035251346
H           -1.12645415418490       -2.14148440671888        0.51505176899023
H            1.12647925821330       -2.14148626138353       -0.51485538996568
H           -0.05295038016108       -1.31136029305622       -1.52264292170306
H            1.94067385248904       -0.00000262096088       -1.54161023387188
H            1.12646963385406        2.14146893119119       -0.51489214262850
H           -0.05299903807230        1.31131553699189       -1.52262025700590
H            0.05300956544276        1.31109021266301        1.52276510379337
H           -1.12638581587895        2.14148577289807        0.51514555236236
H            3.03348262317519       -0.88181309899453        0.47056753914577
H            1.91649687046270       -0.00030289306558        1.50838826949362
H            3.03312933464412        0.88206132160286        0.47090895720214
24
 energy: -25.315969113415 gnorm: 0.000166077323 xtb: 6.7.1 (edcfbbe)
C           -2.39937672243976        0.00002733170558       -0.53646747253638
C           -1.37770331910855        0.00000300446416        0.59989381516426
C           -0.49559991474073       -1.25245315522035        0.58071963391987
C            0.49558945587247       -1.25247887095901       -0.58065403375615
C            1.37767956509135       -0.00000998902931       -0.59995019564358
C            0.49557964595052        1.25245039412854       -0.58066034280369
C           -0.49555443038495        1.25242532163034        0.58075494125487
C            2.39953183000992       -0.00001113680312        0.53625071429363
H           -3.03309540559772       -0.88172990571666       -0.47084545688538
H           -3.03261318282006        0.88216083002358       -0.47125100288488
H           -1.91572751982009       -0.00033147152720       -1.50852004231105
H           -1.94092749782795        0.00000491721593        1.54185031885320
H            0.05289990580574       -1.31159306210931        1.52263276345191
H           -1.12676275060284       -2.14163615516861        0.51496825389341
H            1.12678439222520       -2.14163268324827       -0.51482388287601
H           -0.05290889329723       -1.31173241327560       -1.52255967014040
H            1.94075779142447       -0.00000666799594       -1.54199481516593
H            1.12676779502166        2.14161271969715       -0.51487924868444
H           -0.05296691503533        1.31167069474502       -1.52253973190907
H            0.05299091449208        1.31149571333647        1.52264583153656
H           -1.12668406623266        2.14163714287292        0.51507358159295
H            3.03315552793005       -0.88183321086400        0.47058568796774
H            1.91603383308304       -0.00025800964981        1.50838031668142
H            3.03284479760856        0.88205544830314        0.47087454866311
24
 energy: -25.315969165796 gnorm: 0.000016685784 xtb: 6.7.1 (edcfbbe)
C           -2.39937876575675        0.00002865630490       -0.53641074783319
C           -1.37762498212721        0.00000315057830        0.59978046054916
C           -0.49554068095363       -1.25242424122614        0.58071407456649
C            0.49553940730690       -1.25244975836193       -0.58066791347280
C            1.37761171742611       -0.00001097689750       -0.59983197028377
C            0.49553011067761        1.25241963511978       -0.58067532053973
C           -0.49549474308938        1.25239635687789        0.58074824166525
C            2.39951778297066       -0.00001058291705        0.53622239856581
H           -3.03310861470794       -0.88173206737067       -0.47084096564780
H           -3.03267182195346        0.88212984602571       -0.47120302152342
H           -1.91583907622336       -0.00029359065222       -1.50850680395765
H           -1.94080143323264        0.00000501731892        1.54173139190381
H            0.05289451281782       -1.31166656348610        1.52268760621554
H           -1.12674076799638       -2.14157526639545        0.51487835049585
H            1.12676370664896       -2.14157888915643       -0.51476806867044
H           -0.05289549377092       -1.31178329110221       -1.52263484516874
H            1.94066492713103       -0.00000869058068       -1.54185676311764
H            1.12674728802584        2.14155769838492       -0.51482687651180
H           -0.05295267645093        1.31171808380259       -1.52261626697680
H            0.05298628301365        1.31156836257567        1.52269933723989
H           -1.12666071596244        2.14157693233982        0.51498328834143
H            3.03316245687446       -0.88182985934654        0.47061785323612
H            1.91610580913104       -0.00023353154318        1.50838331651109
H            3.03288060680815        0.88203035626323        0.47087775608931
