----------------------------------------------- 
  Element       SASA      Sigma Z        Total  
     Z         Ang**2 cal/Ang**2/mol   kcal/mol 
----------------------------------------------- 
      H        133.466      48.690       6.498
      C          7.705     129.740       1.000
      O         89.704       0.000       0.000

 Subtotal:     230.875                   7.498
 -----------------------------------------------

  Elements    COT*SASA   Sigma Z,Z'     Total   
    Z,Z'       Ang**2  cal/Ang**2/mol kcal/mol  
 ---------------------------------------------- 
  H   C         49.512     -60.770      -3.009
  H   O         42.382       0.000       0.000
  C   C          5.924     -72.950      -0.432
  O   C          3.625      68.690       0.249
  O   O          0.000       0.000       0.000

 Subtotal:                              -3.192
 ---------------------------------------------- 

 NONAQUEOUS SOLVENT CONTRIBUTION (kcal/mol):
 (proportional to SASA, atomic number independent)
 ---------------------------------------------- 
 Subtotal:                               0.000
 ---------------------------------------------- 

 CDS TOTAL (kcal/mol):                   4.306
...............................................................................
