----------------------------------------------- 
  Element       SASA      Sigma Z        Total  
     Z         Ang**2 cal/Ang**2/mol   kcal/mol 
----------------------------------------------- 
      H        113.397      48.690       5.521
      C         76.259     129.740       9.894
      O         23.109       0.000       0.000

 Subtotal:     212.765                  15.415
 -----------------------------------------------

  Elements    COT*SASA   Sigma Z,Z'     Total   
    Z,Z'       Ang**2  cal/Ang**2/mol kcal/mol  
 ---------------------------------------------- 
  H   C         76.633     -60.770      -4.657
  H   O          0.000       0.000       0.000
  C   C         94.961     -72.950      -6.927
  O   C         14.199      68.690       0.975

 Subtotal:                             -10.609
 ---------------------------------------------- 

 NONAQUEOUS SOLVENT CONTRIBUTION (kcal/mol):
 (proportional to SASA, atomic number independent)
 ---------------------------------------------- 
 Subtotal:                               0.000
 ---------------------------------------------- 

 CDS TOTAL (kcal/mol):                   4.806
...............................................................................
