----------------------------------------------- 
  Element       SASA      Sigma Z        Total  
     Z         Ang**2 cal/Ang**2/mol   kcal/mol 
----------------------------------------------- 
      H        133.119      48.690       6.482
      C          7.493     129.740       0.972
      O         90.246       0.000       0.000

 Subtotal:     230.858                   7.454
 -----------------------------------------------

  Elements    COT*SASA   Sigma Z,Z'     Total   
    Z,Z'       Ang**2  cal/Ang**2/mol kcal/mol  
 ---------------------------------------------- 
  H   C         49.670     -60.770      -3.018
  H   O         41.972       0.000       0.000
  C   C          5.741     -72.950      -0.419
  O   C          4.005      68.690       0.275
  O   O          0.000       0.000       0.000

 Subtotal:                              -3.162
 ---------------------------------------------- 

 NONAQUEOUS SOLVENT CONTRIBUTION (kcal/mol):
 (proportional to SASA, atomic number independent)
 ---------------------------------------------- 
 Subtotal:                               0.000
 ---------------------------------------------- 

 CDS TOTAL (kcal/mol):                   4.292
...............................................................................
