17
 energy: -326.829224861236 gnorm: 0.027177081128 xtb: 6.7.1 (edcfbbe)
C            2.88613450777892       -0.06151076172726       -0.00068825140030
C            1.39166797121668       -0.00420384030186        0.00040552170018
C            0.71263630091579        1.21283808583744        0.00037327390017
C           -0.66778832349591        1.22209966174154        0.00020593550009
C           -1.35507772790047        0.00835739780370        0.00007378610003
N           -0.71352927271618       -1.15368888131123        0.00025854440011
C            0.61070221017062       -1.15173368371036        0.00041148390018
C           -2.85100891696336       -0.03406650681510       -0.00056159680025
H            3.28018112425354        0.42538925478850       -0.89126074179494
H            3.28359139995505        0.45954528850364        0.86862350068491
H            3.23180451923210       -1.09139533478363        0.01804485580800
H            1.26804471266190        2.14010542984834        0.00049540360022
H           -1.21635324513900        2.15162097975344        0.00025184970011
H            1.06975711267404       -2.13290610994515        0.00072225320032
H           -3.18719036901233       -1.06583319587230        0.00715550820317
H           -3.24116375013625        0.47918436031234        0.87595291398816
H           -3.23954135603553        0.46472908960593       -0.88620204339270
17
 energy: -326.830304461518 gnorm: 0.008807465117 xtb: 6.7.1 (edcfbbe)
C            2.89587251764176       -0.06150994785111       -0.00083655323731
C            1.39866144728879       -0.00504233457286        0.00047568227039
C            0.71104427954316        1.21117731366581        0.00035895996817
C           -0.67316591226696        1.21756008609110        0.00018306017893
C           -1.36467996041702        0.00192243268639        0.00013942527471
N           -0.71573614387822       -1.16738880906497        0.00033054005270
C            0.62152538810116       -1.15796910415192        0.00052258533618
C           -2.86365928783722       -0.02885158272590       -0.00061197137805
H            3.29941606723588        0.42641266663503       -0.89249455678442
H            3.30260298001262        0.46022715747104        0.86980336217911
H            3.24826280142359       -1.09422589360177        0.01774747244461
H            1.26570263391259        2.14468481373288        0.00061640083899
H           -1.22393784296892        2.15192347315192        0.00031245022038
H            1.09892255632632       -2.13595686635129        0.00101453918968
H           -3.21758543112668       -1.05958101425440        0.00722109618163
H           -3.26100210822083        0.48986689835532        0.87606766569076
H           -3.25937700799631        0.47528186661360       -0.88658801015056
17
 energy: -326.830430664933 gnorm: 0.001420587752 xtb: 6.7.1 (edcfbbe)
C            2.89971043806324       -0.06113624947305       -0.00092595064708
C            1.40128165006248       -0.00468116451220        0.00042193574107
C            0.70982925356888        1.21087368778375        0.00036759548185
C           -0.67497379017675        1.21363309357246        0.00024076084610
C           -1.36816903670732       -0.00269770782745        0.00016561352916
N           -0.71751700490301       -1.17589754517900        0.00047265485795
C            0.62558043081591       -1.15957977432667        0.00065580817084
C           -2.86797421089040       -0.02768780211925       -0.00066320721833
H            3.30887466060390        0.42660294122174       -0.89237364493036
H            3.31201000550946        0.45983536872569        0.86985828854033
H            3.25465820261743       -1.09475995453473        0.01736664556408
H            1.26201848231721        2.14753619686145        0.00056818967344
H           -1.22703987575495        2.14912286746147        0.00036230118845
H            1.11294230393628       -2.13438619878796        0.00123791074941
H           -3.23708923239692       -1.05510482129167        0.00728662322084
H           -3.26642790717130        0.49580069533676        0.87523065401656
H           -3.26484734903253        0.48105752762849       -0.88601003826729
17
 energy: -326.830437361429 gnorm: 0.000514659847 xtb: 6.7.1 (edcfbbe)
C            2.89975306889789       -0.06111577267169       -0.00097062958536
C            1.40144222389561       -0.00426768705860        0.00040104364383
C            0.70907217078875        1.21109371918890        0.00030003432868
C           -0.67540864258712        1.21148815179683        0.00024330977495
C           -1.36801059870856       -0.00508532587455        0.00022954513277
N           -0.71764431289469       -1.17910141899867        0.00059382259569
C            0.62633250012635       -1.15945223196914        0.00074153467973
C           -2.86745582082059       -0.02732390633120       -0.00068793443640
H            3.30952531089091        0.42666070209783       -0.89212246423468
H            3.31266049578202        0.45921623748956        0.86991552227443
H            3.25439600087613       -1.09480528730087        0.01695004556243
H            1.25907957562052        2.14880480869444        0.00047563953942
H           -1.22859868267205        2.14611641435963        0.00039833876820
H            1.11627764070495       -2.13264566441257        0.00142497378962
H           -3.24158544840779       -1.05262549136367        0.00735953340378
H           -3.26429089402571        0.49825491152645        0.87478696844610
H           -3.26267755801632        0.48331903880717       -0.88577713819395
17
 energy: -326.830438130379 gnorm: 0.000171739081 xtb: 6.7.1 (edcfbbe)
C            2.89932017605100       -0.06113431005225       -0.00099547562105
C            1.40117046472841       -0.00413257968263        0.00040807477980
C            0.70884398607429        1.21113258348111        0.00028340873737
C           -0.67540217645764        1.21086293634291        0.00024332085269
C           -1.36751536648051       -0.00571268148944        0.00024695726970
N           -0.71729074712166       -1.17945894627234        0.00068332862468
C            0.62634474050473       -1.15921954178135        0.00084550037103
C           -2.86676697336362       -0.02720147804719       -0.00069213944608
H            3.30877601321748        0.42692846246786       -0.89195023010783
H            3.31193154837006        0.45879851872222        0.87008468045409
H            3.25351849843528       -1.09484947197656        0.01653242057774
H            1.25811970517097        2.14908329015917        0.00036021538213
H           -1.22936436440684        2.14487050719273        0.00035819618418
H            1.11638215623121       -2.13221483235551        0.00155267437496
H           -3.24158173222764       -1.05200495352359        0.00745528480629
H           -3.26264501347772        0.49896416934581        0.87467846820438
H           -3.26097388585157        0.48381954284832       -0.88583253855252
17
 energy: -326.830438130379 gnorm: 0.000171739081 xtb: 6.7.1 (edcfbbe)
C            2.89932017605100       -0.06113431005225       -0.00099547562105
C            1.40117046472841       -0.00413257968263        0.00040807477980
C            0.70884398607429        1.21113258348111        0.00028340873737
C           -0.67540217645764        1.21086293634291        0.00024332085269
C           -1.36751536648051       -0.00571268148944        0.00024695726970
N           -0.71729074712166       -1.17945894627234        0.00068332862468
C            0.62634474050473       -1.15921954178135        0.00084550037103
C           -2.86676697336362       -0.02720147804719       -0.00069213944608
H            3.30877601321748        0.42692846246786       -0.89195023010783
H            3.31193154837006        0.45879851872222        0.87008468045409
H            3.25351849843528       -1.09484947197656        0.01653242057774
H            1.25811970517097        2.14908329015917        0.00036021538213
H           -1.22936436440684        2.14487050719273        0.00035819618418
H            1.11638215623121       -2.13221483235551        0.00155267437496
H           -3.24158173222764       -1.05200495352359        0.00745528480629
H           -3.26264501347772        0.49896416934581        0.87467846820438
H           -3.26097388585157        0.48381954284832       -0.88583253855252
