----------------------------------------------- 
  Element       SASA      Sigma Z        Total  
     Z         Ang**2 cal/Ang**2/mol   kcal/mol 
----------------------------------------------- 
      H        165.124      48.690       8.040
      C         47.103     129.740       6.111
      O         23.353       0.000       0.000

 Subtotal:     235.580                  14.151
 -----------------------------------------------

  Elements    COT*SASA   Sigma Z,Z'     Total   
    Z,Z'       Ang**2  cal/Ang**2/mol kcal/mol  
 ---------------------------------------------- 
  H   C        111.332     -60.770      -6.766
  H   O          0.000       0.000       0.000
  C   C         43.986     -72.950      -3.209
  O   C         14.523      68.690       0.998

 Subtotal:                              -8.977
 ---------------------------------------------- 

 NONAQUEOUS SOLVENT CONTRIBUTION (kcal/mol):
 (proportional to SASA, atomic number independent)
 ---------------------------------------------- 
 Subtotal:                               0.000
 ---------------------------------------------- 

 CDS TOTAL (kcal/mol):                   5.174
...............................................................................
