24
 energy: -43.382983200860 gnorm: 0.059274018223 xtb: 6.7.1 (edcfbbe)
C           -2.57481425799709       -0.86935430795114        0.32802300375951
C           -1.14561262585744       -0.42563848938344        0.57847418869238
H           -0.99012281625683       -0.36913322090818        1.66877265021462
C           -0.80622535583394        0.92531074759907       -0.04971626411543
H           -0.99972143098553        0.87898744677566       -1.13146352347882
C            0.66459108629757        1.23756033463281        0.17609406659548
H            0.83312164988255        1.37155521892145        1.25820670400397
C            1.55220826253497        0.09634141768565       -0.31597583967151
H            1.46814997547464        0.00209873536080       -1.40521655905021
C            1.09692944009710       -1.21546829700022        0.31726041335264
H            1.22376210106940       -1.18693606691613        1.41337385211959
O           -0.28755155086367       -1.43160523108151        0.01239089906370
O            1.82726751293264       -2.26906555984534       -0.25030862800109
O            2.92915255255043        0.36886197078426       -0.04271706427047
O            0.95649304491660        2.45631256554709       -0.51709972202402
O           -1.64593033216050        1.90761027774375        0.56632170701475
O           -2.91686863592673       -0.90972436935884       -1.06173975656741
H           -3.25888065700559       -0.16068581896309        0.80094089314134
H           -2.72196824624772       -1.85368940961048        0.79251431167680
H            1.74649307736981       -3.03796560523249        0.33027832994747
H            3.02756614101215        0.46363996807314        0.91606864555741
H            1.87919116703472        2.67803254926171       -0.33274510460430
H           -1.41283759816434        2.76405495696032        0.18361012720456
H           -2.35198869813641       -1.57318095516260       -1.47948000803410
24
 energy: -43.386113037371 gnorm: 0.030822656782 xtb: 6.7.1 (edcfbbe)
C           -2.57687852969555       -0.87029790024775        0.32314309814741
C           -1.13806158887735       -0.43554584772610        0.58024833624186
H           -0.98234606264969       -0.37090611990400        1.66781042877769
C           -0.81261317175011        0.92419952629406       -0.04216579612189
H           -1.01463035759644        0.88340603314502       -1.12097356581508
C            0.66287354881680        1.24865723098730        0.17953631097899
H            0.82919268068819        1.39231107353437        1.25991000549270
C            1.55360947585932        0.10389805418583       -0.31214585140240
H            1.48044569645011        0.00976816102101       -1.39979992522413
C            1.09516882464969       -1.21666795296746        0.31401114077295
H            1.22426666202719       -1.17658955107708        1.40973282726147
O           -0.28296511945938       -1.44167552751813        0.03539264039354
O            1.82225939020229       -2.26212668950350       -0.24228688703482
O            2.91723931523310        0.37561391211092       -0.04254493737988
O            0.94615528038903        2.45823242466891       -0.50756521347433
O           -1.63663960887199        1.89912610225705        0.57337849044242
O           -2.90174132095483       -0.91622893210344       -1.05397486353604
H           -3.25621312093140       -0.14521871972899        0.77529329391381
H           -2.73210194895783       -1.85431275465143        0.78102853063382
H            1.72246433034943       -3.05304631005700        0.30924579793282
H            3.03692939899121        0.44352917445408        0.91721743791426
H            1.88025922849332        2.67361176405896       -0.36684505817290
H           -1.41092385999389        2.75802638376306        0.18720535056695
H           -2.33334533667445       -1.57984467706347       -1.46898426878238
24
 energy: -43.387708091565 gnorm: 0.012683516021 xtb: 6.7.1 (edcfbbe)
C           -2.57645570894392       -0.87240788800043        0.31101674936029
C           -1.13005321970996       -0.44187754470112        0.58867778184629
H           -0.98359948963545       -0.36828901228594        1.67686786464376
C           -0.82175505674506        0.92680985212027       -0.03087654862783
H           -1.02704282029399        0.88647673312648       -1.10904473869538
C            0.66105175884487        1.26015598276960        0.18106906994183
H            0.82354980559764        1.40653025256054        1.26209492600243
C            1.55984569372967        0.11386857738822       -0.30640727964946
H            1.49240144887823        0.02239895198314       -1.39383173403813
C            1.09313137928680       -1.21275994251675        0.31944316674236
H            1.23102337336804       -1.15468662462991        1.41823526258246
O           -0.27753517301868       -1.44162560799525        0.06240255783765
O            1.81767119866054       -2.24266572347476       -0.23150772819279
O            2.90826601668522        0.38255291464719       -0.03768208276803
O            0.93101741636976        2.45830545826361       -0.50149574823565
O           -1.63605229675874        1.88431020023836        0.58910110232940
O           -2.87520574345253       -0.92984658239620       -1.05562390163308
H           -3.24707199798711       -0.12756962209501        0.74179514341189
H           -2.74224509732687       -1.84818981299842        0.78039631827882
H            1.67372522889105       -3.07268862764525        0.26277952414160
H            3.05795906377641        0.40434177150023        0.92326326735588
H            1.88321692583937        2.65706601159450       -0.43296135596440
H           -1.42388958213219        2.74931632899458        0.20439836201455
H           -2.29954931818631       -1.59160718851538       -1.46624265615763
24
 energy: -43.388070843859 gnorm: 0.013633920949 xtb: 6.7.1 (edcfbbe)
C           -2.57621430884410       -0.87223510032738        0.30445829989906
C           -1.13014997860777       -0.44116169075772        0.59392328967618
H           -0.99308779346408       -0.36456384647630        1.68390231958336
C           -0.82355750725367        0.92920537626882       -0.02402808210555
H           -1.02991600552179        0.88772079610605       -1.10272601327076
C            0.66111614069890        1.26462836520905        0.18165806711530
H            0.82516168178768        1.41031779862928        1.26379547778924
C            1.56098773941060        0.11753795546841       -0.30450720186490
H            1.49030025155736        0.02548453291463       -1.39221736408137
C            1.09387913551256       -1.20954412256113        0.32360783652770
H            1.23758898299999       -1.14450297954379        1.42390402919715
O           -0.27637286782162       -1.43903559501957        0.07227293099012
O            1.81746419553019       -2.23717713057049       -0.22800382996995
O            2.90800890256031        0.38684290769930       -0.03661762259940
O            0.92762484953360        2.45954750730085       -0.50502513365928
O           -1.63815002555629        1.88067070582492        0.60241701402410
O           -2.85617903264158       -0.94260623160073       -1.06496374666598
H           -3.24747633700476       -0.12049847044471        0.72276894595495
H           -2.74974701465101       -1.84130223406012        0.78671794586568
H            1.64610835157736       -3.07850795660046        0.23932087641446
H            3.06792776586756        0.38572441717080        0.92294336928273
H            1.88311046795328        2.64719700568263       -0.46404072700055
H           -1.43258236060345        2.74896856798878        0.22179191964306
H           -2.27344142728252       -1.60479172036880       -1.46548527821855
24
 energy: -43.388633149247 gnorm: 0.012840550181 xtb: 6.7.1 (edcfbbe)
C           -2.57396728293542       -0.87100067469925        0.28974721953672
C           -1.13241127300407       -0.43730881776710        0.60521881975767
H           -1.01599098198168       -0.35826421317412        1.69886156010009
C           -0.82568518503596        0.93517640946777       -0.00840433401020
H           -1.03753971808311        0.89599503847567       -1.08758555304708
C            0.66087391071705        1.27223886224119        0.18439184520213
H            0.83279052453695        1.41935021056646        1.26734416166520
C            1.55987563946714        0.12405177059072       -0.30215396995785
H            1.47961809521885        0.02924476455462       -1.39021924524182
C            1.09652438186045       -1.20106857278663        0.33399765304571
H            1.25161038425308       -1.12754945806577        1.43627689829621
O           -0.27418076537860       -1.43345006590787        0.09151358172608
O            1.81857907055722       -2.22858549610777       -0.21919894832886
O            2.90819864028518        0.39832149296458       -0.03983462062886
O            0.92361128333178        2.46292731999664       -0.51216289653209
O           -1.64124862180715        1.87769938359031        0.63401836106833
O           -2.81361749546208       -0.97639902679791       -1.08796425661561
H           -3.25198846260871       -0.10651039011923        0.67533466781265
H           -2.76683124861850       -1.82483085096945        0.79914325311730
H            1.58501397277547       -3.08391873877544        0.19376922835489
H            3.08684624843923        0.34820131812447        0.91458555996781
H            1.88272357769491        2.62175875131651       -0.52393540105440
H           -1.44855802528950        2.75197925177645        0.26217620354803
H           -2.21184286319574       -1.64013941056254       -1.45905246525531
24
 energy: -43.388948007176 gnorm: 0.009290346010 xtb: 6.7.1 (edcfbbe)
C           -2.57091695119586       -0.87108844663746        0.27842041360879
C           -1.13532321347651       -0.43393733276144        0.61206092049706
H           -1.03186226889509       -0.35657405638856        1.70715110142911
C           -0.82687271964385        0.94041513942365        0.00414732293067
H           -1.04583854562485        0.90817998150983       -1.07417552086129
C            0.65989020284603        1.27677707583520        0.18828610877251
H            0.83990174332824        1.42749886063227        1.26986669885697
C            1.55577151901178        0.12778858430067       -0.30089090777084
H            1.46747543928829        0.02966635740668       -1.38842005869639
C            1.09814689444767       -1.19409494700320        0.34245986377363
H            1.25933935586220       -1.11821744576628        1.44461562640412
O           -0.27245466918118       -1.43002009481154        0.10433758585519
O            1.81888811100837       -2.22502526031815       -0.20973819320617
O            2.90681070060581        0.40751465611848       -0.04800086474307
O            0.92258581450252        2.46598687910208       -0.51371145509395
O           -1.64117544408370        1.87880584602633        0.65848258883095
O           -2.78292339308460       -1.00302290244741       -1.10340247101211
H           -3.25624168147198       -0.09914774128112        0.63606163501473
H           -2.77802328739851       -1.81460913302738        0.80176158672658
H            1.54284298711563       -3.08050247964676        0.16859531120532
H            3.09920969321942        0.32396737895769        0.90030283127852
H            1.88415571216100        2.59794321170842       -0.56420683245915
H           -1.45579792563633        2.75610763203583        0.29160429647775
H           -2.16518426796774       -1.66649290503549       -1.44974026529221
24
 energy: -43.389195412918 gnorm: 0.005378873545 xtb: 6.7.1 (edcfbbe)
C           -2.56645409895925       -0.87269753817207        0.26769107069684
C           -1.13821364943752       -0.43095455309409        0.61675892817403
H           -1.04374083773206       -0.35701796441100        1.71184603732170
C           -0.82821507957765        0.94562687043179        0.01552027166276
H           -1.05601047087512        0.92384945386671       -1.06083098395750
C            0.65804659472475        1.28034779921827        0.19338203421005
H            0.84510331780511        1.43717264451779        1.27202779114782
C            1.55001505054359        0.13074119084685       -0.29880086956576
H            1.45252660344066        0.02755061436088       -1.38491476551441
C            1.09998087631097       -1.18655414376315        0.35285870090054
H            1.26248198881965       -1.11096673827982        1.45356197084578
O           -0.26905471703663       -1.42703807668732        0.11513806692346
O            1.82110638646013       -2.22251205585381       -0.19511531510936
O            2.90416792187224        0.41773968384851       -0.06138495376210
O            0.92391069813651        2.46850315965707       -0.51215671779568
O           -1.63901012431822        1.88160655613881        0.68050136485274
O           -2.75481486317198       -1.02822503536520       -1.11470749163575
H           -3.25897810940179       -0.09576298268762        0.59705545103206
H           -2.78522273678453       -1.80771326914228        0.79820825008238
H            1.49754526206356       -3.07524557409580        0.14670997501735
H            3.11239129512446        0.30527273993543        0.87840757357505
H            1.88439356606582        2.57271744153328       -0.59532250018711
H           -1.45800144122664        2.76039622595100        0.31615297992900
H           -2.12154962710928       -1.68891759082187       -1.43671954631720
24
 energy: -43.389272998259 gnorm: 0.003496322443 xtb: 6.7.1 (edcfbbe)
C           -2.56453917833064       -0.87386003526039        0.26007064693802
C           -1.14053756064123       -0.42981694173166        0.61950089313088
H           -1.04974922415828       -0.35801218858486        1.71416338380877
C           -0.82983767272458        0.94875310487831        0.02312579184497
H           -1.06205536083540        0.93429122081518       -1.05178340452729
C            0.65640822111039        1.28216300216719        0.19912239819402
H            0.84718075771242        1.44066261464607        1.27571824769231
C            1.54500486790563        0.13261685871794       -0.29792508416879
H            1.43857090368485        0.02652624740623       -1.38263714704115
C            1.10031073245352       -1.18174514721289        0.35966271628083
H            1.26256093695559       -1.10432208761971        1.45893051947173
O           -0.26709529978058       -1.42583898698268        0.12175410106989
O            1.82225364043892       -2.22190336953012       -0.18269878057081
O            2.90085265834984        0.42431978702368       -0.07513567066523
O            0.92404262791011        2.47103649961568       -0.50555141594769
O           -1.63762348561704        1.88336987697997        0.69339406613065
O           -2.73621283446063       -1.04240568172596       -1.12222629807447
H           -3.26081626040845       -0.09385185399329        0.57163947298030
H           -2.78954592411057       -1.80444340131927        0.79393608017811
H            1.47409363659218       -3.06857172031170        0.13820781182087
H            3.12404133440921        0.29285893279593        0.85895355307928
H            1.88607698574797        2.55451150014676       -0.61493942748840
H           -1.45677292778574        2.76244749746738        0.32935093068223
H           -2.09420776868073       -1.70086687045539       -1.42876606229233
24
 energy: -43.389289298056 gnorm: 0.006047889321 xtb: 6.7.1 (edcfbbe)
C           -2.56294741036245       -0.87475106447692        0.25470457533330
C           -1.14155177357977       -0.42891860127496        0.62130078756688
H           -1.05315702998587       -0.35787346867790        1.71574996601131
C           -0.83074464735963        0.95078540540619        0.02731776322789
H           -1.06526502494473        0.94031029441020       -1.04661270817819
C            0.65589417488370        1.28330749236396        0.20262570263047
H            0.84704054257675        1.44250616682380        1.27824877746522
C            1.54239220768139        0.13364583943924       -0.29720981126198
H            1.42691300407366        0.02414325862365       -1.38062321780313
C            1.10114849056371       -1.17796363918416        0.36644595878111
H            1.26114978917930       -1.09786069772673        1.46494904130586
O           -0.26459430110236       -1.42443468238555        0.12638240680337
O            1.82525979415571       -2.22080182622420       -0.16997573088798
O            2.89921326177891        0.42865514700924       -0.08797503243935
O            0.92608609976127        2.47227043844078       -0.50121037954731
O           -1.63655818658624        1.88418297083783        0.70086677653860
O           -2.72122418541000       -1.05436207184577       -1.12731808377299
H           -3.26141715355925       -0.09191139550431        0.55270871056209
H           -2.79266910487767       -1.80164509942427        0.79270706132053
H            1.44609916517013       -3.06892782939044        0.12562890318506
H            3.13532733187249        0.28853521798778        0.84027890402506
H            1.88340730988768        2.54715150785420       -0.61920814265265
H           -1.45432726024437        2.76353471644925        0.33744832896499
H           -2.07307128783562       -1.71165922159849       -1.42136323465146
24
 energy: -43.389307744698 gnorm: 0.004005485123 xtb: 6.7.1 (edcfbbe)
C           -2.56396170924172       -0.87445709711024        0.25475529580132
C           -1.14196402039120       -0.42912472191624        0.62089868273145
H           -1.05296613336229       -0.35799325413336        1.71548289351758
C           -0.83061167788418        0.95033281271782        0.02642969016469
H           -1.06296583011577        0.93847217555473       -1.04794071041391
C            0.65631177158185        1.28231951035625        0.20338321467383
H            0.84657930965662        1.43816454924948        1.27974401702299
C            1.54192363883075        0.13276297165275       -0.29867731749391
H            1.42379652892867        0.02363141085467       -1.38188471867642
C            1.10024928350337       -1.17868967248739        0.36594676662381
H            1.26006843632821       -1.09624620376674        1.46453140987549
O           -0.26563752977881       -1.42494342105119        0.12551637922037
O            1.82451297035957       -2.22218529016506       -0.16882978925333
O            2.89886026013294        0.42630383197503       -0.09147805631319
O            0.92664351979790        2.47284579538871       -0.49763457089145
O           -1.63706093074275        1.88423462122619        0.69825087051840
O           -2.72313496930430       -1.05169805944825       -1.12721169353999
H           -3.26169335140459       -0.09251573067002        0.55525498668634
H           -2.79306131491824       -1.80222861373108        0.79191177066103
H            1.45531223546908       -3.06653100184501        0.13189639139114
H            3.13604446435959        0.29165393853498        0.83641525019419
H            1.88382402321984        2.54967104540883       -0.61340080061176
H           -1.45213289660548        2.76333550892446        0.33525310710780
H           -2.07653227268231       -1.70919624758693       -1.42274574646975
24
 energy: -43.389309835793 gnorm: 0.005145464022 xtb: 6.7.1 (edcfbbe)
C           -2.56451910535948       -0.87468947759167        0.25233599485712
C           -1.14234492502860       -0.42921030967674        0.62181819261840
H           -1.05572469579065       -0.35785712017922        1.71699931652507
C           -0.83101684678342        0.95088953752270        0.02829339758781
H           -1.06069736734519        0.93762982582648       -1.04689749512653
C            0.65642448502707        1.28317177105720        0.20668944214825
H            0.84753840908964        1.43391572774832        1.28407936557004
C            1.54103247436692        0.13409363407513       -0.29940116946962
H            1.41761001780701        0.02535901014050       -1.38222637118136
C            1.09991063670840       -1.17737862894667        0.36772739456746
H            1.25928982680289       -1.09091928499886        1.46687183676947
O           -0.26563783330185       -1.42441537900884        0.12732250953231
O            1.82566282836822       -2.22071937688032       -0.16360404649852
O            2.89788553860923        0.42701053574008       -0.09747416156759
O            0.92488882399526        2.47594449184991       -0.49021389501333
O           -1.63880681247446        1.88398921067035        0.69865295061299
O           -2.71940628282841       -1.05422110036222       -1.12996114484180
H           -3.26258281645913       -0.09193977810773        0.55084338047462
H           -2.79517348620685       -1.80152675719148        0.79163840834881
H            1.45228035381202       -3.06654271522693        0.13006654609365
H            3.14167511869595        0.28786636948249        0.83012407105620
H            1.88748253691933        2.54599400418240       -0.62207098651359
H           -1.45170544640359        2.76357828846677        0.33747238857718
H           -2.07166162648357       -1.71210362065925       -1.42321860260034
24
 energy: -43.389331599316 gnorm: 0.001050510485 xtb: 6.7.1 (edcfbbe)
C           -2.56427102405608       -0.87483136435466        0.25262513780010
C           -1.14228873298128       -0.42919850452936        0.62130818682600
H           -1.05536946586206       -0.35775745803572        1.71632929655325
C           -0.83065483196444        0.95054452812803        0.02726378506362
H           -1.05987940632892        0.93703190911736       -1.04801160493456
C            0.65657634492637        1.28263795670421        0.20660659987215
H            0.84679465090623        1.43296909229765        1.28415362137101
C            1.54091042144006        0.13369778302402       -0.29987175384265
H            1.41585070157732        0.02431481659158       -1.38241245568226
C            1.10010973184279       -1.17720842006846        0.36834847378790
H            1.25825081360640       -1.09013711694525        1.46740614084775
O           -0.26531307648139       -1.42453847983648        0.12694906163443
O            1.82671553412936       -2.22107736234639       -0.16121207755379
O            2.89810172743461        0.42710443559847       -0.10044233720486
O            0.92627619078058        2.47572325711990       -0.48947065433396
O           -1.63872104301962        1.88426532528497        0.69664615577098
O           -2.71996546207387       -1.05450871933852       -1.12929067722305
H           -3.26222653873293       -0.09216189438630        0.55114898131024
H           -2.79462731308868       -1.80160033597215        0.79175026101341
H            1.45004636670280       -3.06691080875633        0.13001991853986
H            3.14304656058407        0.28892240984980        0.82666962032954
H            1.88542397309624        2.54930881871577       -0.61436634651303
H           -1.44992539548280        2.76372268442400        0.33612856594291
H           -2.07245692121801       -1.71239369435376       -1.42240857684828
24
 energy: -43.389339457653 gnorm: 0.002092831150 xtb: 6.7.1 (edcfbbe)
C           -2.56412493627438       -0.87522963711678        0.25168995270073
C           -1.14248026835965       -0.42933427798343        0.62086522228652
H           -1.05631018535467       -0.35791554191714        1.71589171379564
C           -0.83007508284423        0.95018705213762        0.02671781128233
H           -1.05699631823130        0.93578403144367       -1.04921613276423
C            0.65693159084873        1.28187161466047        0.20867525905100
H            0.84637545604964        1.42782837762675        1.28707524985659
C            1.53994687929181        0.13347413575562       -0.30142680932597
H            1.40916244231827        0.02283092197023       -1.38319772816789
C            1.10024017532594       -1.17612686999043        0.37039355075538
H            1.25584628952445       -1.08546823533991        1.46955631367555
O           -0.26474480498776       -1.42453731974759        0.12713274935041
O            1.82919801388996       -2.22106266874570       -0.15379525676825
O            2.89788875394917        0.42671257773247       -0.10877450293365
O            0.92765573290749        2.47763917120777       -0.48222892479606
O           -1.63966138725890        1.88457739935710        0.69346245928439
O           -2.71908065812205       -1.05617833296214       -1.12998879925491
H           -3.26216238743188       -0.09227496023778        0.54930867304075
H           -2.79476986100571       -1.80141671211682        0.79158236580597
H            1.44503170337224       -3.06691236072424        0.12941668203046
H            3.14649454764425        0.29261299890153        0.81630199286372
H            1.88557900663823        2.55107204289582       -0.60759604312773
H           -1.44602715182025        2.76421528094435        0.33586358681120
H           -2.07151374433263       -1.71442982981903       -1.42184206292524
24
 energy: -43.389343311732 gnorm: 0.001566348543 xtb: 6.7.1 (edcfbbe)
C           -2.56412369720224       -0.87551007777649        0.25130897541657
C           -1.14250350918281       -0.42949622074089        0.62055914516971
H           -1.05695790595497       -0.35766728857358        1.71564217696771
C           -0.82972249522825        0.94974420209342        0.02592436469196
H           -1.05447922207363        0.93407536265594       -1.05062053288355
C            0.65692940375339        1.28155669523729        0.21028805810383
H            0.84574565360861        1.42396367933328        1.28944317546816
C            1.53913054132715        0.13383165008067       -0.30260917256754
H            1.40446719164587        0.02298895686581       -1.38386632230817
C            1.10041706964489       -1.17520987656577        0.37150678786695
H            1.25460600706945       -1.08171029573392        1.47082360589088
O           -0.26434332143945       -1.42466223255833        0.12755829609854
O            1.83088667970474       -2.22070029370188       -0.14889296559362
O            2.89753639697187        0.42735077141215       -0.11496114822019
O            0.92821344010622        2.47926796560016       -0.47670299302204
O           -1.64087361541343        1.88468837491719        0.68993786423017
O           -2.71937293840407       -1.05691123149121       -1.13034625960288
H           -3.26210725430803       -0.09229670624388        0.54899582744652
H           -2.79480861746663       -1.80139129907881        0.79182225654886
H            1.44346229884702       -3.06629636121091        0.12981089482978
H            3.15015006684854        0.29060119209062        0.81026236064329
H            1.88583726086484        2.55299798091947       -0.60262813077333
H           -1.44341163933788        2.76449341794439        0.33479390181211
H           -2.07227398864445       -1.71578950754232       -1.42218284368700
24
 energy: -43.389345790704 gnorm: 0.000596316991 xtb: 6.7.1 (edcfbbe)
C           -2.56397448933692       -0.87587420618036        0.25203891311532
C           -1.14212718736541       -0.42983411434524        0.61995117792762
H           -1.05630312769400       -0.35760299765292        1.71497514262984
C           -0.82925609312069        0.94911748043705        0.02467877819146
H           -1.05266301901067        0.93238634230179       -1.05221097747345
C            0.65693340365001        1.28113377305586        0.21083458585746
H            0.84514116409040        1.42132784913830        1.29042840966450
C            1.53902401923889        0.13387441482608       -0.30319748775702
H            1.40389677204720        0.02295156155553       -1.38424464951396
C            1.10075959739152       -1.17492115243962        0.37158352837294
H            1.25412686329243       -1.08015299752881        1.47095702616658
O           -0.26387717436603       -1.42499766076931        0.12724347973987
O            1.83198865289313       -2.22047363085303       -0.14703155444565
O            2.89757208072627        0.42708093041804       -0.11610145790981
O            0.92838944509303        2.48028413423904       -0.47331357796362
O           -1.64178051460364        1.88454377357543        0.68642493791720
O           -2.72204656146404       -1.05553178506662       -1.12959007873753
H           -3.26159496797092       -0.09307816215305        0.55183515587089
H           -2.79384261544934       -1.80227489058197        0.79183020272589
H            1.44372499298960       -3.06601125960980        0.13006574631619
H            3.14918505656272        0.29272579737956        0.80924786821608
H            1.88723190998693        2.55389020115196       -0.60016020004055
H           -1.44146026600220        2.76450612569097        0.33336679764105
H           -2.07664413584152       -1.71515066865648       -1.42374444398458
24
 energy: -43.389347100322 gnorm: 0.000547848794 xtb: 6.7.1 (edcfbbe)
C           -2.56380475204539       -0.87602046998302        0.25270003695341
C           -1.14188037597862       -0.42990400147920        0.61982976368432
H           -1.05563318213973       -0.35724252287461        1.71477272279080
C           -0.82921398985798        0.94887118976780        0.02399629498860
H           -1.05274109831823        0.93196347245049       -1.05279176419514
C            0.65674840611726        1.28108850927084        0.21049420525557
H            0.84451638624071        1.42166837540373        1.29002109850808
C            1.53924436124883        0.13397356731603       -0.30295696988045
H            1.40516809328520        0.02305163030480       -1.38410884078259
C            1.10108437175394       -1.17482264884004        0.37149846104819
H            1.25469324979878       -1.08032414206551        1.47079259663402
O           -0.26350335132932       -1.42516611294025        0.12741740169869
O            1.83218920961614       -2.22036841489034       -0.14738672468441
O            2.89776423440932        0.42752168764735       -0.11474649652805
O            0.92851567362748        2.48013368776809       -0.47369227123033
O           -1.64194695965906        1.88441812937992        0.68537476032302
O           -2.72303924823658       -1.05495912679626       -1.12913299294369
H           -3.26140754552536       -0.09333661717493        0.55319598415285
H           -2.79312027839574       -1.80276906675364        0.79208724605697
H            1.44255561484495       -3.06576102386701        0.12860259549806
H            3.14829065480955        0.29286344129087        0.81087431866989
H            1.88737482715948        2.55385727081200       -0.59960681985879
H           -1.44088929970309        2.76441979002044        0.33291460216018
H           -2.07856119598577       -1.71523774583516       -1.42428188579247
24
 energy: -43.389349749457 gnorm: 0.000697618630 xtb: 6.7.1 (edcfbbe)
C           -2.56316972950252       -0.87693806989955        0.25496262024883
C           -1.14092696139170       -0.43009831429457        0.61929141896836
H           -1.05333020814153       -0.35600869849685        1.71407085981129
C           -0.82908121952540        0.94812761392606        0.02155853154558
H           -1.05225697722257        0.92984451087567       -1.05512195860610
C            0.65639187699899        1.28116272488585        0.20935087322465
H            0.84240644208133        1.42267465173594        1.28896588666272
C            1.54037045158645        0.13429705256327       -0.30185447456308
H            1.40957562204284        0.02349720751653       -1.38342987852860
C            1.10203356860371       -1.17478358756093        0.37144605925874
H            1.25615320584774       -1.08106047795261        1.47071086957636
O           -0.26230485124120       -1.42550572435878        0.12754387903542
O            1.83287711139036       -2.22037354781012       -0.14814713956082
O            2.89848807742011        0.42877315839763       -0.10979695919111
O            0.92880374199154        2.47980608850667       -0.47529240735947
O           -1.64271948250706        1.88409619806656        0.68123823358621
O           -2.72726983435753       -1.05174408224964       -1.12692227743429
H           -3.26042657587656       -0.09573820417382        0.55941407313591
H           -2.79006496560455       -1.80544367668807        0.79203722666021
H            1.43889239312412       -3.06514655887086        0.12339850151850
H            3.14607764928362        0.29380538356963        0.81671053115071
H            1.88772703068637        2.55453480282034       -0.59795880392398
H           -1.43906931327654        2.76409452297191        0.33018105348841
H           -2.08677324667325       -1.71395411554786       -1.42648939617771
24
 energy: -43.389351276926 gnorm: 0.000758418589 xtb: 6.7.1 (edcfbbe)
C           -2.56295785998890       -0.87736606711648        0.25576699786084
C           -1.14062643496706       -0.43001309531332        0.61952714935949
H           -1.05279626817150       -0.35519128043758        1.71427307423614
C           -0.82915673489121        0.94790857669730        0.02089725033504
H           -1.05197377471342        0.92882858148526       -1.05584254465992
C            0.65624762368894        1.28141458334870        0.20910959835310
H            0.84158571831633        1.42381104115303        1.28875692600960
C            1.54116995760434        0.13463683456413       -0.30081473598847
H            1.41165057042865        0.02370606995339       -1.38259918177047
C            1.10244444559124       -1.17462179136727        0.37199016027936
H            1.25695551141067       -1.08151902773594        1.47131714346701
O           -0.26170460963937       -1.42532919443451        0.12808698819498
O            1.83314180486423       -2.22039128397739       -0.14801790418847
O            2.89895660470372        0.42978646032944       -0.10722506387217
O            0.92872159016794        2.47962251760644       -0.47633763516174
O           -1.64314171189637        1.88414508256060        0.67972460935302
O           -2.72776424838866       -1.05106998951882       -1.12648176920456
H           -3.26067960207296       -0.09674483838182        0.56146650855603
H           -2.78835421402780       -1.80662263726707        0.79246324476882
H            1.43400012140690       -3.06471687700748        0.11739424334485
H            3.14612225074600        0.29412898083421        0.81923148776503
H            1.88768719099809        2.55408641922482       -0.59878556237799
H           -1.43834435822217        2.76402276782401        0.32892494693206
H           -2.08877976721088       -1.71459297509124       -1.42695860906483
24
 energy: -43.389352683029 gnorm: 0.000483879524 xtb: 6.7.1 (edcfbbe)
C           -2.56253048918726       -0.87808061417260        0.25662762138084
C           -1.14019500976331       -0.42987569532654        0.61966144341266
H           -1.05214657116739       -0.35484596464963        1.71435837194454
C           -0.82903485270706        0.94775635941796        0.02040494981094
H           -1.05120157987035        0.92767357089981       -1.05652161488119
C            0.65631479991949        1.28181305062085        0.20889261825813
H            0.84120088672084        1.42545278011159        1.28850105012478
C            1.54214731964939        0.13495058642441       -0.29949197110853
H            1.41397791727033        0.02387481213135       -1.38143429321797
C            1.10271953100982       -1.17464810605778        0.37258703150135
H            1.25712078515644       -1.08245970739070        1.47207903799767
O           -0.26122704656089       -1.42499261252089        0.12803958608348
O            1.83337058708205       -2.22052976149791       -0.14770643064574
O            2.89942594187888        0.43047932911573       -0.10425073441257
O            0.92846577442469        2.47936320274009       -0.47788467644593
O           -1.64340116648334        1.88442356691301        0.67805089505143
O           -2.72891967451129       -1.04976851691705       -1.12536701624736
H           -3.26059265539349       -0.09875979525804        0.56457355072241
H           -2.78631116178062       -1.80832458242677        0.79229568904626
H            1.42943461980644       -3.06448522352471        0.11112271677611
H            3.14620360107054        0.29437022377397        0.82224504215890
H            1.88741621508378        2.55423989132443       -0.59991634625883
H           -1.43862548253712        2.76393915457493        0.32633567994074
H           -2.09120848337381       -1.71364709037312       -1.42733487846539
24
 energy: -43.389353426157 gnorm: 0.000316444308 xtb: 6.7.1 (edcfbbe)
C           -2.56246793494675       -0.87816181259842        0.25706359588253
C           -1.14001396345790       -0.42984116812407        0.61979071974802
H           -1.05180674425069       -0.35506006103290        1.71448613327122
C           -0.82883404465294        0.94765117433018        0.02046081823314
H           -1.05053668291184        0.92708010791885       -1.05664969633758
C            0.65654198998005        1.28195581194338        0.20885960181605
H            0.84152192911834        1.42627609895203        1.28841693213066
C            1.54271321511444        0.13495538861387       -0.29885013002507
H            1.41497593862968        0.02386577745649       -1.38085928242319
C            1.10271374457409       -1.17486991993743        0.37279078077213
H            1.25662971415079       -1.08306146448971        1.47246652783009
O           -0.26120571931138       -1.42478988708411        0.12757941372683
O            1.83353926961847       -2.22069222438853       -0.14742542041382
O            2.89977409228135        0.43026850570990       -0.10288932505234
O            0.92816295496363        2.47913643854494       -0.47883421084089
O           -1.64343609219238        1.88449620521986        0.67757947095024
O           -2.72928315707434       -1.04921695012045       -1.12481647666917
H           -3.26072147269556       -0.09937474870869        0.56614797024774
H           -2.78551876135776       -1.80876553565245        0.79255533097097
H            1.42773865810657       -3.06451488654128        0.10769732843847
H            3.14623259039463        0.29448219637721        0.82370164027270
H            1.88712863083981        2.55485864576811       -0.60042991396752
H           -1.44021815420135        2.76371699580130        0.32421825416825
H           -2.09122619498223       -1.71247583002567       -1.42719274020273
24
 energy: -43.389353837744 gnorm: 0.000286329066 xtb: 6.7.1 (edcfbbe)
C           -2.56231053729952       -0.87825090381236        0.25746200332833
C           -1.13975395352942       -0.42991981761809        0.61978764299528
H           -1.05116636266574       -0.35546141740037        1.71446316039540
C           -0.82862262582921        0.94757977483973        0.02054937128786
H           -1.05016783404293        0.92688671103613       -1.05660467376937
C            0.65676367116392        1.28206913666756        0.20879416601163
H            0.84186702488390        1.42701046011072        1.28823989726516
C            1.54311495149557        0.13493036968436       -0.29842791013403
H            1.41579906180937        0.02383095092618       -1.38049166986677
C            1.10271139662977       -1.17498884778744        0.37292407798160
H            1.25594854837721       -1.08333353282989        1.47274280729121
O           -0.26112307621441       -1.42473752857735        0.12698569027807
O            1.83387484119075       -2.22072441798824       -0.14686359449805
O            2.90009684981945        0.43000881536559       -0.10190941879890
O            0.92799274083254        2.47890018632286       -0.47965606509221
O           -1.64333408177090        1.88438872638486        0.67754411153748
O           -2.72968137830984       -1.04898229691442       -1.12424504487133
H           -3.26048458174336       -0.09967664827806        0.56718242707685
H           -2.78511265313330       -1.80899792309642        0.79282901658405
H            1.42596583599108       -3.06471614505199        0.10502398653261
H            3.14601688814972        0.29459662034183        0.82486603994846
H            1.88707996229330        2.55537270364359       -0.60073295793022
H           -1.44219621558823        2.76336468473175        0.32240231696161
H           -2.09087466677297       -1.71123080276815       -1.42699805798799
24
 energy: -43.389354133273 gnorm: 0.000129120090 xtb: 6.7.1 (edcfbbe)
C           -2.56232285316148       -0.87813605771937        0.25754254982921
C           -1.13968491809029       -0.43003373814448        0.61971609343487
H           -1.05085565669791       -0.35553435285119        1.71437873986694
C           -0.82863188637544        0.94750388498278        0.02045234683057
H           -1.05049967165375        0.92705728038453       -1.05658277146915
C            0.65676189818766        1.28195677411707        0.20853340718793
H            0.84176397677291        1.42701173697555        1.28794480664573
C            1.54306847812100        0.13478884506648       -0.29865256699198
H            1.41581949126233        0.02362088627017       -1.38070872568782
C            1.10273166532042       -1.17500582889487        0.37283685626727
H            1.25585827089469       -1.08310031850156        1.47261196513391
O           -0.26106047098240       -1.42487407841979        0.12689964077669
O            1.83394975997929       -2.22082102986466       -0.14665946336438
O            2.90012259600034        0.42979422492999       -0.10211935294456
O            0.92811086942794        2.47873055364508       -0.47994279867184
O           -1.64316692091723        1.88417026274407        0.67783282563267
O           -2.72967379476698       -1.04924045601105       -1.12419922052991
H           -3.26029823549709       -0.09923857548113        0.56684040838514
H           -2.78539204410941       -1.80866657229015        0.79312369449123
H            1.42587295413791       -3.06467103256191        0.10507272981237
H            3.14566162508104        0.29499555851862        0.82491967039364
H            1.88737043268047        2.55578100558679       -0.59964800093871
H           -1.44248077827536        2.76316438930509        0.32254033565021
H           -2.09062098160191       -1.71133450385364       -1.42686584721330
24
 energy: -43.389354403795 gnorm: 0.000119500328 xtb: 6.7.1 (edcfbbe)
C           -2.56229556600357       -0.87797423641773        0.25764282997466
C           -1.13956157397123       -0.43016235523883        0.61948756405645
H           -1.05043987029680       -0.35568789626267        1.71413325098194
C           -0.82857000806945        0.94750874696724        0.02037388341864
H           -1.05101058741014        0.92741451201592       -1.05649658403598
C            0.65690099680498        1.28180570038863        0.20804042303354
H            0.84201602123937        1.42695470430559        1.28740061151804
C            1.54303649947516        0.13448053905746       -0.29902038872052
H            1.41592810142388        0.02333022771248       -1.38107641578299
C            1.10268571715193       -1.17514583132833        0.37267016978754
H            1.25557152721865       -1.08287305423915        1.47245056807618
O           -0.26105544229172       -1.42507783501712        0.12655469882461
O            1.83402855699019       -2.22114019507010       -0.14626773200539
O            2.90020518783657        0.42938333469453       -0.10241911606805
O            0.92820439194317        2.47840714127228       -0.48075918285596
O           -1.64278528265336        1.88391418672598        0.67856859046479
O           -2.72957460150296       -1.04999926247977       -1.12411552844931
H           -3.25989249629749       -0.09845036156640        0.56613218304404
H           -2.78601667000663       -1.80800732604601        0.79374554582224
H            1.42545455413007       -3.06480925208167        0.10502001105184
H            3.14498068834526        0.29594387862240        0.82507469387188
H            1.88772961000410        2.55687812137884       -0.59767832068366
H           -1.44317547183333        2.76295663863272        0.32283916908179
H           -2.08996047648988       -1.71173126809389       -1.42643360187960
24
 energy: -43.389354457479 gnorm: 0.000076310383 xtb: 6.7.1 (edcfbbe)
C           -2.56230971303265       -0.87787386241604        0.25759940623719
C           -1.13955104668250       -0.43020292379635        0.61949369831846
H           -1.05038780451624       -0.35583566888376        1.71414654018864
C           -0.82854393522877        0.94750488818168        0.02047207308283
H           -1.05108255730070        0.92758766030864       -1.05638821129500
C            0.65696798315641        1.28176752517908        0.20790314492826
H            0.84225852815928        1.42708762864933        1.28721576508512
C            1.54311105864675        0.13439954693799       -0.29911603337671
H            1.41610245081097        0.02321728292794       -1.38117768505734
C            1.10264948613392       -1.17520269544342        0.37258797310823
H            1.25543486449795       -1.08291375151263        1.47239245472507
O           -0.26109023202185       -1.42505851004336        0.12638846537008
O            1.83400481757336       -2.22126150793516       -0.14621848493701
O            2.90028698035910        0.42919758130143       -0.10239301520262
O            0.92810829960702        2.47822615203640       -0.48118260656909
O           -1.64261474831689        1.88387170874799        0.67890368759279
O           -2.72948148468696       -1.05034302330492       -1.12411949107632
H           -3.25987474558472       -0.09819919432813        0.56582622284355
H           -2.78618175542091       -1.80772530849764        0.79396090889738
H            1.42516453425235       -3.06490254775679        0.10483673118914
H            3.14481510786146        0.29627438555362        0.82522320291380
H            1.88766852422730        2.55735489058704       -0.59721456531223
H           -1.44342791986479        2.76290166024059        0.32289745866506
H           -2.08962288689212       -1.71195305880112       -1.42617031779255
