----------------------------------------------- 
  Element       SASA      Sigma Z        Total  
     Z         Ang**2 cal/Ang**2/mol   kcal/mol 
----------------------------------------------- 
      H        122.895      48.690       5.984
      C         73.095     129.740       9.483
      N          4.337       0.000       0.000

 Subtotal:     200.327                  15.467
 -----------------------------------------------

  Elements    COT*SASA   Sigma Z,Z'     Total   
    Z,Z'       Ang**2  cal/Ang**2/mol kcal/mol  
 ---------------------------------------------- 
  H   C         82.787     -60.770      -5.031
  C   C         76.428     -72.950      -5.575
  C   N          9.113       0.000       0.000
  N   C         48.281     -48.220      -2.328
  N  C(3)        0.000      84.100       0.000

 Subtotal:                             -12.935
 ---------------------------------------------- 

 NONAQUEOUS SOLVENT CONTRIBUTION (kcal/mol):
 (proportional to SASA, atomic number independent)
 ---------------------------------------------- 
 Subtotal:                               0.000
 ---------------------------------------------- 

 CDS TOTAL (kcal/mol):                   2.533
...............................................................................
