27
 energy: -33.608465864780 gnorm: 0.040661063843 xtb: 6.7.1 (edcfbbe)
C           -3.44621383733944        0.58122294889317       -0.00685706491497
C           -1.95204806841648        0.47042150518109        0.05060733922710
C           -1.13248016269975        1.44521421703893       -0.35905959277128
C            0.36372598785618        1.36067378646451       -0.36901341644684
C            0.87251138065424       -0.08045249087468       -0.18396134750865
H            0.64121735137725       -0.62378820631435       -1.11361806485371
C            0.08490397158119       -0.72955563468073        0.94958501082133
C           -1.40116867950704       -0.81223820285262        0.61773901302074
H           -1.95854213905373       -1.04835317635118        1.53726858981404
O           -1.67174237098390       -1.86163350855149       -0.35331922648262
C            2.37560028884508       -0.11197651115208       -0.02113888767773
C            2.98870804672329       -0.55242678080161        1.08289169138964
C            3.16236851519670        0.39411124590337       -1.19797662953114
H           -3.87556385631801       -0.21146954439909       -0.63120379138506
H           -3.76002812686095        1.54554934069351       -0.41580234148799
H           -3.88512099351975        0.46606372819127        0.99223580151170
H           -1.56661895747818        2.37686637739258       -0.72162361293736
H            0.73368495784695        1.78142123357783       -1.31097662957105
H            0.77714059695801        1.99928797485055        0.42770606647445
H            0.45243458109495       -1.74025974591430        1.16258027336717
H            0.20254338315576       -0.13905890694559        1.86811504260744
H           -1.44630236091529       -2.70043637023223        0.07091518449091
H            4.07387211644022       -0.55908392477421        1.14731400910844
H            2.44327743407635       -0.91976594046156        1.94617931964832
H            2.83555193962013       -0.09491167190020       -2.12360550700264
H            3.01134959376062        1.47035987874839       -1.34243858400407
H            4.23288012360317        0.21817711120249       -1.06659705675628
27
 energy: -33.610193565802 gnorm: 0.016488197476 xtb: 6.7.1 (edcfbbe)
C           -3.43569434390068        0.58357163177354       -0.00189494879778
C           -1.94433788187222        0.47596697293975        0.05559051786471
C           -1.13032306618890        1.44088407448924       -0.35564832145339
C            0.36229832715351        1.36100787664515       -0.36308641796184
C            0.86526393332740       -0.08069624686522       -0.19037728247329
H            0.62304486827473       -0.63096195794390       -1.11093647955155
C            0.08429616751736       -0.72379027378580        0.95103176239278
C           -1.40325725611402       -0.81596521511309        0.61301625790188
H           -1.96437141865352       -1.06010955346457        1.52890803108076
O           -1.66609408552771       -1.85171442550299       -0.35419362125629
C            2.36729726533205       -0.10880301777266       -0.01852706277677
C            2.98084146649930       -0.54128772825698        1.07500074845774
C            3.15280467179036        0.38854407875992       -1.19586748111445
H           -3.84294805588049       -0.21402831586515       -0.62644296132267
H           -3.74355805609298        1.54246238199372       -0.41398068723980
H           -3.86821960715028        0.47206428126206        0.99461441079479
H           -1.55566106593935        2.36633828426746       -0.72653188801864
H            0.72622161043478        1.77468221198245       -1.30727516937811
H            0.76608514804180        1.99168058080200        0.44014238397092
H            0.46228258100955       -1.72996761511884        1.15222926958718
H            0.19789409714957       -0.12783173373031        1.86151205521564
H           -1.43784786467206       -2.69816895586040        0.05204759801443
H            4.05788122133515       -0.55210915073048        1.13959006398694
H            2.45039048874457       -0.90042520768936        1.93972157206513
H            2.82659421837252       -0.10480446064642       -2.11274138962510
H            3.00859518465836        1.46153026052105       -1.33080378863898
H            4.21646216804874        0.20588995484155       -1.05915158357435
27
 energy: -33.610569295504 gnorm: 0.005368388728 xtb: 6.7.1 (edcfbbe)
C           -3.43099849474157        0.58355387530021        0.00230660125944
C           -1.93935277441226        0.47922133525884        0.05957959608958
C           -1.12828776002014        1.43982915733026       -0.35569431896433
C            0.36396725771231        1.36211839901396       -0.36242446142673
C            0.85990899332696       -0.08011921245169       -0.19067101831374
H            0.60930526908817       -0.63236892177081       -1.10569089177789
C            0.08358784083136       -0.72231061631147        0.95644913668797
C           -1.40438799078131       -0.82098467141464        0.60908226344015
H           -1.96878326762403       -1.06920770822537        1.52331739624668
O           -1.65796330474342       -1.83788368560366       -0.36238473444207
C            2.36111156225185       -0.11334742329682       -0.01893919369029
C            2.97610693146098       -0.53516312097671        1.07365122083166
C            3.14491928557201        0.37987374965758       -1.19948840213897
H           -3.82470381257579       -0.22018740254248       -0.61850114930623
H           -3.73697614343869        1.53804142028413       -0.41486901882795
H           -3.85845054639922        0.47690685996813        0.99820293328118
H           -1.54787770717515        2.36557279791633       -0.72502199932511
H            0.72769993941624        1.77709340715652       -1.30404182352529
H            0.76220328886805        1.98270768191554        0.44779428929016
H            0.46832994790450       -1.72471887806778        1.15462865574873
H            0.19091066059920       -0.12066069310004        1.86025414510522
H           -1.42478784833805       -2.69386022205330        0.02144427645236
H            4.05002872473314       -0.53611843761586        1.14254294048765
H            2.45502344825205       -0.88310242607064        1.94535005203923
H            2.81437256797391       -0.11323531837808       -2.11120449927275
H            3.00555605453311        1.45152160195912       -1.32807226790097
H            4.20547859342334        0.19078718405048       -1.06165413989781
27
 energy: -33.610680161700 gnorm: 0.003241149798 xtb: 6.7.1 (edcfbbe)
C           -3.43111156518724        0.58298454529374        0.00536662371865
C           -1.93844211257342        0.48062217796920        0.06253417666760
C           -1.12785897333838        1.44081338172392       -0.35429213411985
C            0.36520351617244        1.36233670153821       -0.35850392742383
C            0.85848381779804       -0.08049666933160       -0.18855523535861
H            0.60409574777782       -0.63304234180943       -1.10188504178169
C            0.08212871577594       -0.72092642171711        0.96073595309460
C           -1.40496270971098       -0.82473536639837        0.60508677467420
H           -1.97217064916095       -1.07669584761531        1.51769817941185
O           -1.65057160287490       -1.82808797568814       -0.37409431724971
C            2.35914482522471       -0.11257000300091       -0.01770839791053
C            2.97553432949192       -0.52222840653664        1.07914227432069
C            3.14153761791038        0.37111705281171       -1.20444079172396
H           -3.82061383783551       -0.22544105122321       -0.61101347342215
H           -3.73800525561277        1.53465073065567       -0.41700372876067
H           -3.85661601970936        0.48084082834254        1.00205000203564
H           -1.54528707193558        2.36736022714115       -0.72406072956588
H            0.73137029135291        1.77946518496802       -1.29757396259505
H            0.76100784087341        1.97917621643467        0.45500288160656
H            0.47041089436709       -1.72075511574679        1.16189926346773
H            0.18351938378560       -0.11538070479350        1.86168629493526
H           -1.41066929558802       -2.69009954300470       -0.00721082917032
H            4.05002321504536       -0.53103497509171        1.14351354623813
H            2.45779815536548       -0.87008257564150        1.95336038904382
H            2.80342317464968       -0.12254281053350       -2.11264036348607
H            3.00718940336190        1.44293033772322       -1.33364414300367
H            4.20137888027195        0.17578115546206       -1.06950369549285
27
 energy: -33.610782858048 gnorm: 0.005054279683 xtb: 6.7.1 (edcfbbe)
C           -3.43252459654181        0.58223199380557        0.00927507795218
C           -1.93858747744549        0.48201202422708        0.06552022080569
C           -1.12795282935995        1.44314520888382       -0.35096625006514
C            0.36640072206698        1.36294106333818       -0.35081302696917
C            0.85771852157059       -0.08090622062771       -0.18379064513161
H            0.59854855139426       -0.63166504641226       -1.09666828563612
C            0.07984382724909       -0.71947535337249        0.96647821377566
C           -1.40493224863356       -0.82903955543417        0.59848247863683
H           -1.97701868727877       -1.08964422937262        1.50697726577587
O           -1.63823352862324       -1.81535011755823       -0.39414733597444
C            2.35794956296089       -0.11698470880051       -0.01810272907873
C            2.97635251322938       -0.51293913155181        1.08379062575354
C            3.13784142236275        0.35583026772261       -1.21225457986162
H           -3.82084727027983       -0.23287016572144       -0.59898629849216
H           -3.74194934962080        1.52979497262891       -0.42138292759045
H           -3.85599079211660        0.48828334695204        1.00797087166588
H           -1.54379248564327        2.37149541234580       -0.71958395096327
H            0.73715713632840        1.78423157478463       -1.28612112925195
H            0.75977293877012        1.97592167543874        0.46684586624958
H            0.47122690305212       -1.71636632275260        1.17534913727252
H            0.17228271637601       -0.10868176190110        1.86467021343957
H           -1.38644302215495       -2.68357235600093       -0.04923073663527
H            4.05205166990650       -0.51468345201100        1.14852586778184
H            2.46056571807471       -0.84287102652733        1.96807345756218
H            2.78594105539450       -0.13526085323415       -2.11700409178318
H            3.01355655554084        1.42931152441002       -1.34182653269687
H            4.19700318911865        0.14906996867263       -1.08513518839150
27
 energy: -33.610866728819 gnorm: 0.005128659042 xtb: 6.7.1 (edcfbbe)
C           -3.43393625713059        0.58141985662020        0.01220491255246
C           -1.93960399704699        0.48203363037076        0.06642510902273
C           -1.12869479538519        1.44529283427961       -0.34662852445827
C            0.36633874262889        1.36479444579880       -0.34288614311830
C            0.85758419975022       -0.07955002256695       -0.17794254765027
H            0.59656180015772       -0.62802476598244       -1.09192320688378
C            0.07766514976213       -0.71805026878592        0.97092628684429
C           -1.40386035284683       -0.83206874957411        0.59154010474805
H           -1.98154720989489       -1.10459363100491        1.49365997493255
O           -1.62464800043167       -1.80671174289011       -0.41456780040207
C            2.35764371547596       -0.11556955835803       -0.01589355490723
C            2.97750472333824       -0.49714236116395        1.09105388925673
C            3.13486103305133        0.33979108504263       -1.21914250894357
H           -3.82540410069193       -0.23932808232217       -0.58714808347530
H           -3.74583125654900        1.52518313004702       -0.42628107755429
H           -3.85563601114378        0.49682753466387        1.01330081937376
H           -1.54444712202595        2.37561656707477       -0.71162522845396
H            0.74147177211822        1.79037698656129       -1.27499018784912
H            0.75765670715633        1.97548846496040        0.47817384233943
H            0.47087152221439       -1.71272291044971        1.18885518307222
H            0.16107595071366       -0.10306874060826        1.86773449181605
H           -1.36050885700127       -2.67687167695373       -0.08479624717385
H            4.05425364308267       -0.50449567147248        1.15116944712030
H            2.46168216845651       -0.81986335310738        1.97844218161510
H            2.76828855910624       -0.14970723785711       -2.11987067699067
H            3.02364362618756        1.41500213361238       -1.35283959120523
H            4.19295536264554        0.11990083599716       -1.10100527547794
27
 energy: -33.610958124334 gnorm: 0.003709558871 xtb: 6.7.1 (edcfbbe)
C           -3.43470802994402        0.58078228880165        0.01541965181666
C           -1.94084213255629        0.48136573376571        0.06697514305989
C           -1.12956252279410        1.44798560938458       -0.33882128148786
C            0.36549359880234        1.36828198342983       -0.33240873196044
C            0.85713646939252       -0.07677908744004       -0.17170749854770
H            0.59448679956867       -0.62172386883565       -1.08772688740672
C            0.07489358502024       -0.71593760796403        0.97439391892445
C           -1.40208561339838       -0.83514683405376        0.58262183658792
H           -1.98686793965714       -1.12466567089524        1.47487772006214
O           -1.60746482300552       -1.79995033652494       -0.43895344885963
C            2.35728314221710       -0.11510525884863       -0.01402155173206
C            2.97840275422149       -0.48151728385357        1.09744685138703
C            3.13108373948509        0.31969974974163       -1.22659763690780
H           -3.83133755897142       -0.24606620891141       -0.57298854863729
H           -3.74839220612627        1.51998559345660       -0.43234296291809
H           -3.85415290311533        0.50834743892049        1.01917061405134
H           -1.54602229813346        2.38014996406185       -0.69880505009844
H            0.74430126695381        1.79812014525676       -1.26158144462028
H            0.75484748893762        1.97691032291622        0.49184891950084
H            0.46991906503965       -1.70841470148630        1.20114051945020
H            0.14839574963508       -0.09779289275723        1.87061480132631
H           -1.32730585570414       -2.66886074587966       -0.12154338873389
H            4.05541356718508       -0.49054352015549        1.15523455659680
H            2.46111122072144       -0.78679866287946        1.99040818687317
H            2.74725388817664       -0.16731169129584       -2.12208875801821
H            3.03786067808997        1.39673405469311       -1.36586804344363
H            4.18679958565683        0.08221021928442       -1.11875189811490
27
 energy: -33.611027138398 gnorm: 0.002291269474 xtb: 6.7.1 (edcfbbe)
C           -3.43453927994060        0.58049662973489        0.01827047698661
C           -1.94154264636874        0.48024565416010        0.06719372255327
C           -1.13035510993979        1.45066741111723       -0.32971664715789
C            0.36421177646906        1.37307856292736       -0.32264283885168
C            0.85593953371534       -0.07262915084088       -0.16704538398463
H            0.59215129877910       -0.61377019190489       -1.08511010802535
C            0.07246782008017       -0.71467955526890        0.97570669660499
C           -1.40022676593322       -0.83802683811091        0.57384432097469
H           -1.99106566568844       -1.14392754276700        1.45578756788571
O           -1.59200562033053       -1.79608816640688       -0.46044552942434
C            2.35623074473188       -0.11361114004553       -0.01220002385617
C            2.97793477258586       -0.46493291620078        1.10340958415305
C            3.12721729127435        0.29964090694879       -1.23318951298940
H           -3.83506454467189       -0.25142958792495       -0.56042079153626
H           -3.74852328293829        1.51548621913671       -0.43776649725938
H           -3.85148657276558        0.51931851522799        1.02390452192992
H           -1.54799314094787        2.38489245597810       -0.68240942464135
H            0.74439188595654        1.80646261905521       -1.24974406174315
H            0.75227150926542        1.97907227079477        0.50433999117169
H            0.47004600772025       -1.70534267241554        1.20649661803765
H            0.13780643109235       -0.09569288047928        1.87213175269981
H           -1.29491699102101       -2.66169772497471       -0.15071257048216
H            4.05439011412309       -0.47681747076326        1.16011600731540
H            2.45897861392091       -0.75315298662200        2.00044584354612
H            2.72870996400939       -0.18628984823393       -2.12257500464567
H            3.05141650891249        1.37725704268569       -1.37918681120072
H            4.17949606360722        0.04542911712417       -1.13253630991096
27
 energy: -33.611063808810 gnorm: 0.001552069282 xtb: 6.7.1 (edcfbbe)
C           -3.43409758259976        0.58033062440552        0.02020162049307
C           -1.94148824248121        0.47947233402523        0.06781421682815
C           -1.13081056533132        1.45306901696641       -0.32179734633709
C            0.36339416155805        1.37718405759028       -0.31583415576696
C            0.85470658626384       -0.06910732209219       -0.16552396549747
H            0.59004321184723       -0.60684412941519       -1.08518643677459
C            0.07108073801772       -0.71515305349893        0.97469150938405
C           -1.39926998284380       -0.84048429918386        0.56767063409272
H           -1.99308305885190       -1.15563829309122        1.44315499085185
O           -1.58373552829067       -1.79467710856525       -0.47341580747152
C            2.35498734427166       -0.11235697520675       -0.01152772113820
C            2.97636394141191       -0.45193346748492        1.10747103765492
C            3.12501499183579        0.28507278659045       -1.23770627377685
H           -3.83555938681267       -0.25455148993979       -0.55294146898324
H           -3.74750858044780        1.51268363820868       -0.44082576121110
H           -3.84928056253286        0.52583253539566        1.02652038628585
H           -1.54949224711066        2.38896147652184       -0.66815531828984
H            0.74288723189995        1.81303725431275       -1.24189173802135
H            0.75133607530802        1.98049083427856        0.51285782940494
H            0.47126343897919       -1.70493004078474        1.20382366432999
H            0.13219432464348       -0.09786067310234        1.87222819321853
H           -1.27396142444856       -2.65729181516471       -0.16740840671059
H            4.05219610163258       -0.46597800571921        1.16475650652322
H            2.45621456183458       -0.72583023197018        2.00791446672701
H            2.71808730980226       -0.20179726253563       -2.12200803768351
H            3.06015114636900        1.36207943964251       -1.38971644364778
H            4.17430671177341        0.02017890174857       -1.13922058633442
27
 energy: -33.611091530374 gnorm: 0.001402491086 xtb: 6.7.1 (edcfbbe)
C           -3.43373710603513        0.57981068909975        0.02171234161549
C           -1.94091956197936        0.47889965783236        0.06882932059759
C           -1.13129688695045        1.45620642519988       -0.31291456422091
C            0.36282943005335        1.38185720912058       -0.30918881870167
C            0.85353981914645       -0.06507259047126       -0.16604369618129
H            0.58830415349937       -0.59834805238531       -1.08781126458835
C            0.07052813655924       -0.71786672713599        0.97123984312425
C           -1.39891560764217       -0.84332276278757        0.56211013141963
H           -1.99386887247417       -1.16343751265459        1.43380349839484
O           -1.58021479637484       -1.79427609859369       -0.48283575959774
C            2.35359862915456       -0.11025967590697       -0.01147965930156
C            2.97358901816955       -0.43673513220016        1.11181714795878
C            3.12441029017454        0.27056991097224       -1.24218281948018
H           -3.83413031710509       -0.25727002350959       -0.54798708427566
H           -3.74639329540980        1.51025809613384       -0.44280282191599
H           -3.84760383824267        0.52963260174272        1.02817245472097
H           -1.55116313777097        2.39411647816670       -0.65180067970458
H            0.74036096115974        1.82078800416840       -1.23437616121474
H            0.75167144430796        1.98150930616089        0.52119672746452
H            0.47384878903874       -1.70760121837891        1.19369756709192
H            0.12979089811374       -0.10522073093903        1.87149159278594
H           -1.26005027840832       -2.65405050232522       -0.17919147407148
H            4.04892879985752       -0.45268222791001        1.17115514733042
H            2.45227579242011       -0.69711909853395        2.01502259526798
H            2.71181230061176       -0.22010934955849       -2.12095279864537
H            3.06786313755379        1.34618012139877       -1.40229684349912
H            4.17088281427001       -0.00249806477388       -1.14243833422392
27
 energy: -33.611110544276 gnorm: 0.001127243038 xtb: 6.7.1 (edcfbbe)
C           -3.43383049149773        0.57910626716555        0.02217688155225
C           -1.94052481854894        0.47907678684889        0.07002722172790
C           -1.13152878994843        1.45846709747132       -0.30754862413897
C            0.36285410057023        1.38424870019895       -0.30497022843552
C            0.85333278365685       -0.06317674740300       -0.16739672736784
H            0.58792018393808       -0.59296954286280       -1.09100822086433
C            0.07097032224127       -0.72101348371046        0.96790354266937
C           -1.39915397525773       -0.84492937875659        0.55977153448309
H           -1.99345362002316       -1.16492015854402        1.43222854957360
O           -1.58223803297438       -1.79362828527169       -0.48614756874413
C            2.35319680238619       -0.10880030271316       -0.01206973593990
C            2.97184256101870       -0.42665483603846        1.11448590517050
C            3.12555025114775        0.26266247865488       -1.24489783440723
H           -3.83278861741756       -0.25880265040983       -0.54718524975656
H           -3.74672586226579        1.50906843152364       -0.44316079702919
H           -3.84788630528202        0.52935483384410        1.02852983587427
H           -1.55180431360756        2.39745109874276       -0.64287241288396
H            0.73952015182887        1.82601981421889       -1.22923284398696
H            0.75261578284824        1.98123730016363        0.52677943698124
H            0.47546960079165       -1.71154451279896        1.18460913845770
H            0.13100846858399       -0.11271300284618        1.87095785051586
H           -1.25993057403463       -2.65351523460067       -0.18491153839101
H            4.04726353993108       -0.44307798450894        1.17528906767576
H            2.44968084107405       -0.67930327321567        2.01962017383242
H            2.71218686231266       -0.23292997617979       -2.12057487469821
H            3.07105543849141        1.33730991599788       -1.41188453367298
H            4.17133842573439       -0.01206462303874       -1.14257236004740
27
 energy: -33.611132855778 gnorm: 0.000979200303 xtb: 6.7.1 (edcfbbe)
C           -3.43388579742080        0.57844803792086        0.02224612853659
C           -1.94021929438447        0.47942122105349        0.07104134653677
C           -1.13156531245617        1.46053729475697       -0.30276630277186
C            0.36308579837053        1.38619545290891       -0.30027670567716
C            0.85373269981809       -0.06174622773951       -0.16937317546043
H            0.58878164593757       -0.58721643694949       -1.09550643178484
C            0.07213977693796       -0.72566310323658        0.96308766042868
C           -1.39949460399261       -0.84604079676673        0.55807804438740
H           -1.99167526059878       -1.16370506064153        1.43358165121338
O           -1.58835978559558       -1.79302544492948       -0.48715368486227
C            2.35348204246259       -0.10686457421595       -0.01287706921436
C            2.97066482170741       -0.41499723166534        1.11721021626924
C            3.12763305717521        0.25513811026370       -1.24743414234976
H           -3.83138689146107       -0.25877751869693       -0.54909030088850
H           -3.74743404952892        1.50898731430424       -0.44153949951877
H           -3.84904063627679        0.52619161152331        1.02812406663665
H           -1.55189227229668        2.40058844805556       -0.63509449521910
H            0.73970130430173        1.83200485066491       -1.22280918556585
H            0.75349790959322        1.97975123093926        0.53370538025352
H            0.47660545707993       -1.71781075621499        1.17293925673931
H            0.13455727786143       -0.12309870888361        1.86997289743728
H           -1.26879116664207       -2.65455346220078       -0.18834457341793
H            4.04620950166151       -0.42974158486611        1.18000237209733
H            2.44764579492884       -0.66293545834571        2.02278121386441
H            2.71765530633823       -0.24939643455489       -2.11976523719789
H            3.07040910703273        1.32802028365056       -1.42460531291090
H            4.17388428514439       -0.01575232420263       -1.14018852941115
27
 energy: -33.611157824296 gnorm: 0.001135794593 xtb: 6.7.1 (edcfbbe)
C           -3.43345605753850        0.57778636064136        0.02186407258111
C           -1.93975659412986        0.48013354239655        0.07332208807891
C           -1.13098890657684        1.46299035710354       -0.29582908512029
C            0.36373981136594        1.38830934965068       -0.29297034393676
C            0.85432816539309       -0.06067976257681       -0.17251592710169
H            0.58981679749083       -0.57963856574677       -1.10245600325255
C            0.07376761274849       -0.73219244461048        0.95608041890109
C           -1.40009266868142       -0.84733960147798        0.55661068689389
H           -1.98890908831703       -1.16253224821169        1.43620444167390
O           -1.59791344058094       -1.79220737911013       -0.48811610672855
C            2.35412879630423       -0.10461854501305       -0.01464139141354
C            2.96939742115243       -0.39969327030400        1.12009991959267
C            3.13039954909429        0.24560405694343       -1.25110522620088
H           -3.82895359991221       -0.25762320716284       -0.55385343201779
H           -3.74750001260284        1.50999169866868       -0.43855373544468
H           -3.85075990398408        0.52048935930969        1.02680748174346
H           -1.55105125069056        2.40413013199302       -0.62546327341661
H            0.74126258833595        1.84086344687342       -1.21207553410108
H            0.75406317916204        1.97603425066367        0.54537804969520
H            0.47739745366345       -1.72673868664007        1.15696543813068
H            0.14004772590846       -0.13735847377668        1.86803247834022
H           -1.28429277426192       -2.65713368709021       -0.19259375096964
H            4.04505796333269       -0.41331805375478        1.18449561360320
H            2.44444215136829       -0.63601065683475        2.02892775518645
H            2.72779759338198       -0.27501710094381       -2.11796142017289
H            3.06549708997636        1.31559123398453       -1.44485700919959
H            4.17847111429509       -0.01586337304298       -1.13585061719446
27
 energy: -33.611179640573 gnorm: 0.001338459901 xtb: 6.7.1 (edcfbbe)
C           -3.43290748952380        0.57749559644080        0.02156589723389
C           -1.93932082528540        0.48065910109873        0.07507075989909
C           -1.13054224484093        1.46527403150807       -0.28942791183838
C            0.36414137254504        1.39104177340432       -0.28464654808164
C            0.85497982373321       -0.05878227945558       -0.17479151421178
H            0.59103017408922       -0.57126859380086       -1.10837890039836
C            0.07540592474887       -0.73805321334191        0.94968312977276
C           -1.40021476287383       -0.84852058418533        0.55455081263474
H           -1.98634302771515       -1.16295782466426        1.43665799465603
O           -1.60547808328574       -1.79132550739066       -0.49054921555551
C            2.35484719171455       -0.10195353586125       -0.01588164564929
C            2.96851175303743       -0.38298319114834        1.12348697273238
C            3.13254716491967        0.23429337327134       -1.25545993294234
H           -3.82667101129107       -0.25519795292517       -0.55949285866304
H           -3.74700922957920        1.51193767490823       -0.43447063119016
H           -3.85236697150549        0.51422971775915        1.02542185838117
H           -1.55061713784137        2.40753994105107       -0.61599177310093
H            0.74352257564400        1.85116421642788       -1.19930550627732
H            0.75339380314347        1.97178437692539        0.55916597764920
H            0.47857279306014       -1.73455692200919        1.14252529367276
H            0.14456561116156       -0.15020060870752        1.86606903696828
H           -1.29921744545688       -2.65936725505748       -0.19683228035601
H            4.04401606765753       -0.39293169359860        1.19068669726036
H            2.44216558546284       -0.61410302445406        2.03170226487162
H            2.73906044910404       -0.30580451314369       -2.11521605519455
H            3.05669313842341        1.30030516117550       -1.46851953484678
H            4.18317551645129       -0.01375953229502       -1.13167679927638
27
 energy: -33.611205363992 gnorm: 0.001422307684 xtb: 6.7.1 (edcfbbe)
C           -3.43213245108598        0.57745289801251        0.02126471137824
C           -1.93866513602900        0.48093930933644        0.07648609201443
C           -1.12976812341841        1.46745492065269       -0.28272664796685
C            0.36487694538052        1.39399879467207       -0.27448490365007
C            0.85555540733342       -0.05679574823546       -0.17623780927160
H            0.59113028039094       -0.56211735165649       -1.11347089030217
C            0.07674587099466       -0.74348180305573        0.94416301754292
C           -1.39985257192906       -0.85001616203538        0.55136761277653
H           -1.98441387644093       -1.16599385906382        1.43399856335967
O           -1.60962217461643       -1.78965575584006       -0.49590940077114
C            2.35553270351966       -0.09996703026909       -0.01731067262757
C            2.96804872431532       -0.36632947176183        1.12604228788621
C            3.13351251973833        0.22120732067015       -1.26045791155968
H           -3.82470126711357       -0.25157152255737       -0.56584159713988
H           -3.74606322664795        1.51461916468823       -0.42926020624998
H           -3.85368191281061        0.50742652798088        1.02386579365684
H           -1.54990414129481        2.41089607501034       -0.60596327869391
H            0.74715699768361        1.86300668811297       -1.18344278161694
H            0.75186461746969        1.96653533218152        0.57602425561010
H            0.47971562964845       -1.74131427744234        1.13046285040238
H            0.14717530830339       -0.16163709014922        1.86429317813429
H           -1.31139256024211       -2.66074336537480       -0.20343933829778
H            4.04346561035513       -0.37490507294638        1.19450650417197
H            2.44007413230401       -0.58533591079499        2.03687001992862
H            2.75126270108570       -0.34220193781312       -2.11064502157632
H            3.04278999576804        1.28146333564948       -1.49649802835722
H            4.18723071303539       -0.00897527603965       -1.12771081063128
27
 energy: -33.611247576169 gnorm: 0.002066894704 xtb: 6.7.1 (edcfbbe)
C           -3.43089012365891        0.57741623948581        0.02073375637588
C           -1.93769900219420        0.48170390060597        0.07946632638783
C           -1.12882124782823        1.47128419483741       -0.27158273918190
C            0.36566472402662        1.39908436205274       -0.25826622268031
C            0.85598390141544       -0.05285140189033       -0.17633308129698
H            0.58980324570270       -0.54848897048924       -1.11804933769618
C            0.07759434842528       -0.74859130518586        0.93874312955363
C           -1.39904647416686       -0.85254364845726        0.54560964447673
H           -1.98356717861840       -1.17494144722044        1.42570334081030
O           -1.60897055383811       -1.78530099364253       -0.50856586502109
C            2.35616175512977       -0.09731715154779       -0.01877246891327
C            2.96824801494050       -0.34226544784118        1.12964814149940
C            3.13288383305456        0.19975765398425       -1.26850039220082
H           -3.82186353931869       -0.24635328726673       -0.57503724141144
H           -3.74418202487339        1.51869724929648       -0.42176897627607
H           -3.85473231101694        0.49792816402382        1.02170181476663
H           -1.54917875994338        2.41577778267796       -0.59118059040786
H            0.75275795492928        1.88077035444068       -1.15848022841139
H            0.74808906524109        1.95971567621953        0.60214655064673
H            0.48132162918740       -1.74724046525950        1.11815349744546
H            0.14709461691838       -0.17351946289537        1.86307043148735
H           -1.31993852319175       -2.66083959020314       -0.21878103926082
H            4.04349634794229       -0.35056804793223        1.19877545890741
H            2.43889923883121       -0.54427828044756        2.04373786152091
H            2.76721677898065       -0.40107307203104       -2.10132551888948
H            3.01825457165181        1.24985564456500       -1.54107278041699
H            4.19136042796930       -0.00185991794792       -1.12382788366384
27
 energy: -33.611294677165 gnorm: 0.003961572639 xtb: 6.7.1 (edcfbbe)
C           -3.42944779278831        0.57726196046717        0.02049439479308
C           -1.93647775595860        0.48201579730298        0.08164246707742
C           -1.12798825554778        1.47626720322917       -0.25764998769705
C            0.36645481802159        1.40674547279405       -0.23629069726739
C            0.85615972380089       -0.04646001845195       -0.17473344133284
H            0.58722465980955       -0.52973445994794       -1.12196336530785
C            0.07843179392277       -0.75399351120544        0.93357013597840
C           -1.39703716635256       -0.85602404017933        0.53602239916744
H           -1.98355607434302       -1.18945398697790        1.41018761077895
O           -1.60245390544367       -1.77840558426459       -0.52903542479700
C            2.35651517909506       -0.09383011441323       -0.02000283528445
C            2.96874334513392       -0.31157557172784        1.13391062144492
C            3.13058462926450        0.16890332207035       -1.27922605342520
H           -3.81889220422919       -0.23944929148209       -0.58602971267428
H           -3.74224121541927        1.52368920610064       -0.41147169303658
H           -3.85567329976137        0.48566083963434        1.01951835985027
H           -1.54897375428802        2.42337206960704       -0.56907360735983
H            0.75981311227069        1.90465048826882       -1.12502146799213
H            0.74260132366761        1.95222000760549        0.63672350896485
H            0.48419885645149       -1.75297088902571        1.10615726099465
H            0.14429346953371       -0.18621235942345        1.86258380174169
H           -1.32378515303929       -2.65839268116349       -0.24254041614271
H            4.04383813697958       -0.32022752533555        1.20340360104317
H            2.43800607931420       -0.48833770595859        2.05334327189225
H            2.78622580735012       -0.48041719760702       -2.08671059968721
H            2.98469344070774        1.20327534942819       -1.60047195209241
H            4.19468291754503        0.00538195258741       -1.12139059148036
27
 energy: -33.611339878312 gnorm: 0.003988127542 xtb: 6.7.1 (edcfbbe)
C           -3.42860268880078        0.57706097590466        0.02098528418361
C           -1.93579066324590        0.48257571743723        0.08393992912197
C           -1.12777300457743        1.48043790690603       -0.24626999084096
C            0.36660933542451        1.41257082444256       -0.21981672467431
C            0.85601603384201       -0.04105184125695       -0.17162344874142
H            0.58410368058667       -0.51615712015935       -1.12195457990555
C            0.07803467517727       -0.75539872928005        0.93215324655005
C           -1.39514906236889       -0.85880198441172        0.52747540826906
H           -1.98524282294433       -1.20421911570880        1.39417694239759
O           -1.59127273150057       -1.77113839838857       -0.54897162084818
C            2.35646583687554       -0.09203588297164       -0.02043847806265
C            2.96974706679615       -0.28917483330192        1.13668940686915
C            3.12720287439553        0.14340139444313       -1.28694154175828
H           -3.81738103363770       -0.23499924538570       -0.59218127383231
H           -3.74133054475022        1.52667943212885       -0.40395238441823
H           -3.85586614808148        0.47780348715716        1.01877449000898
H           -1.54942109667954        2.42886066425019       -0.55253733694768
H            0.76453755409010        1.92106544029054       -1.10032200426679
H            0.73794061430377        1.94790126616396        0.66125550651143
H            0.48623835534399       -1.75343376763597        1.10302171488939
H            0.13836418946202       -0.19078490832396        1.86325028807450
H           -1.31596230728782       -2.65399386252646       -0.26717693443365
H            4.04476509260520       -0.29944865690035        1.20547738992064
H            2.43861740276387       -0.44562197916613        2.06015860719103
H            2.79593982692552       -0.53757712461564       -2.07313196668050
H            2.96099167470186        1.16361716158467       -1.64156178170800
H            4.19415860627798        0.00582191125570       -1.12453255871914
27
 energy: -33.611391036908 gnorm: 0.002062019584 xtb: 6.7.1 (edcfbbe)
C           -3.42819758225464        0.57665014894880        0.02237951411002
C           -1.93539845397174        0.48286167403582        0.08524838972643
C           -1.12827396394282        1.48409384993584       -0.23676132792073
C            0.36612545195932        1.41791848425661       -0.20751858260631
C            0.85546874642713       -0.03537534433398       -0.16732543405277
H            0.58114961164260       -0.50556221053818       -1.11907371386138
C            0.07688960183410       -0.75391092590723        0.93335684912042
C           -1.39281453562389       -0.86105295420376        0.51840905200946
H           -1.98797280205043       -1.21956942616962        1.37555210330674
O           -1.57519980713746       -1.76295123874512       -0.56972172474367
C            2.35581957888474       -0.08969233461124       -0.01930627306498
C            2.97105662801005       -0.27144580890454        1.13835564026339
C            3.12212145982923        0.12084664412140       -1.29161791942631
H           -3.81679780809042       -0.23173571384996       -0.59532348967163
H           -3.74137167455254        1.52847383328743       -0.39678018207949
H           -3.85504666372104        0.47159163186718        1.01947299973390
H           -1.55090272936332        2.43404546620984       -0.53663667327929
H            0.76639769025287        1.93247637584921       -1.08266847760583
H            0.73395065744665        1.94722479044365        0.67782965801855
H            0.48839357766379       -1.75016664907131        1.10578497505149
H            0.12966495413903       -0.18976202322496        1.86500331560410
H           -1.29652563186972       -2.64659256759486       -0.29369501754239
H            4.04606687926805       -0.28617287571691        1.20527589122680
H            2.44056195281757       -0.41078325589863        2.06406594422644
H            2.79780263415383       -0.58302618009172       -2.05557775735719
H            2.94368654865091        1.12576037143176       -1.67188331712016
H            4.18928639529542       -0.00018502959405       -1.13089885391587
27
 energy: -33.611391773456 gnorm: 0.007464466596 xtb: 6.7.1 (edcfbbe)
C           -3.42677091234900        0.57586725474539        0.02394721075393
C           -1.93393930312475        0.48403320313451        0.08904137567126
C           -1.12856869965562        1.49338254594018       -0.21283417538202
C            0.36590650016448        1.43072091699704       -0.17783361099787
C            0.85527476063804       -0.02308638934356       -0.16259956898687
H            0.57797805050864       -0.47815130222770       -1.12081119529695
C            0.07682759190395       -0.75821084762669        0.92811954471123
C           -1.38903759066271       -0.86600056570188        0.50058651953468
H           -1.98962620952061       -1.24475239231939        1.34447031969816
O           -1.55650583938944       -1.74818640945295       -0.60672044455036
C            2.35554403019766       -0.08182112691071       -0.01810658156421
C            2.97283326577242       -0.22469794966870        1.14463472630266
C            3.11504870557503        0.07216961644602       -1.30360476903553
H           -3.81222418300047       -0.22142560590682       -0.61029992264365
H           -3.74037900419352        1.53524428138041       -0.37776295822055
H           -3.85562760208314        0.45106307230197        1.01813100815210
H           -1.55294062974749        2.44746883052694       -0.49721623420641
H            0.77056340515628        1.96322019273506       -1.04031400134467
H            0.72745812525039        1.94296595559459        0.72013915104946
H            0.49352921582236       -1.75404568705802        1.09223888113749
H            0.12057475525673       -0.20385186780321        1.86640422780252
H           -1.27994511706396       -2.63603694142000       -0.34129678575214
H            4.04773445647104       -0.24710615690326        1.20975606356120
H            2.44240387002343       -0.32782277253980        2.07494418564936
H            2.81815584648032       -0.70418246397991       -2.01800949351825
H            2.89473121766856        1.04465676503435       -1.75872590576970
H            4.18694200959865        0.00254457595753       -1.13033197860512
27
 energy: -33.611447608405 gnorm: 0.001641524556 xtb: 6.7.1 (edcfbbe)
C           -3.42769225423525        0.57583043077135        0.02387918153956
C           -1.93470171014271        0.48390958106514        0.08776816568656
C           -1.12910382182115        1.49041426400094       -0.22116183295645
C            0.36548275699866        1.42619536934554       -0.19160466859774
C            0.85514989019976       -0.02722435780102       -0.16487197330828
H            0.58001892383490       -0.48927785766969       -1.12031648477983
C            0.07680411051895       -0.75649946742745        0.92951059345217
C           -1.39072336048995       -0.86369489501996        0.50732953903191
H           -1.98854940012293       -1.23329584501592        1.35690255444533
O           -1.56495552652389       -1.75319862096941       -0.59113989580579
C            2.35538142110072       -0.08453920316023       -0.01828649860097
C            2.97201743125001       -0.24357176508533        1.14222710134484
C            3.11778741272324        0.09101019992494       -1.29743463054573
H           -3.81318429550105       -0.22542279010846       -0.60496509335832
H           -3.74164503452153        1.53238484685466       -0.38366031543101
H           -3.85576268039277        0.45711686053119        1.01892659834521
H           -1.55299677077195        2.44320010439139       -0.50978959287190
H            0.76566944262801        1.94917179389783       -1.06175669834390
H            0.73193193202147        1.94748203422363        0.69900905179937
H            0.49169346578747       -1.75288234723134        1.09519643714482
H            0.12498197734753       -0.19953136657767        1.86588488164821
H           -1.28245429764113       -2.63844537395449       -0.32372875658990
H            4.04689846227284       -0.26317802861539        1.20866191515328
H            2.44213974203559       -0.36072376400486        2.07039555205896
H            2.80895891490116       -0.65455603746732       -2.02927346224392
H            2.91550959184247        1.07400835692322       -1.72185180492000
H            4.18728439239881       -0.00072338988988       -1.12990427514670
27
 energy: -33.611465017652 gnorm: 0.000722383478 xtb: 6.7.1 (edcfbbe)
C           -3.42838820136504        0.57562027190764        0.02514525159303
C           -1.93512708290648        0.48433241579111        0.08936589753517
C           -1.12987513794392        1.49126650463339       -0.21892563228426
C            0.36504188024247        1.42689245520405       -0.19266558895153
C            0.85525027229778       -0.02635222953816       -0.16535153005153
H            0.58140273387973       -0.48826816922848       -1.12137299594664
C            0.07710911290011       -0.75758981710849        0.92783059690266
C           -1.39148897398542       -0.86404519676625        0.50762829125315
H           -1.98836170019174       -1.23247540065264        1.35943369447179
O           -1.56834391086203       -1.75184303884112       -0.59135685113517
C            2.35545467513960       -0.08193289557298       -0.01763366798547
C            2.97107200124298       -0.24155250383573        1.14353760492574
C            3.11928394444336        0.09007343329592       -1.29675754770427
H           -3.81256801418835       -0.22511547498827       -0.60500482316944
H           -3.74291634168168        1.53239130384327       -0.38146825174961
H           -3.85708717091923        0.45510411578967        1.01967536259366
H           -1.55390136856690        2.44447557504717       -0.50582664182619
H            0.76269756673592        1.94808418493287       -1.06580913834073
H            0.73495032029516        1.95069930125007        0.69574196953465
H            0.49200928309018       -1.75438541873981        1.09023113185512
H            0.12696811880798       -0.20318545333061        1.86557403511126
H           -1.28134253877403       -2.63631928437114       -0.32855253813880
H            4.04607252750055       -0.26242879287617        1.21053512951340
H            2.44072043737844       -0.35989965136491        2.07169280674524
H            2.81331627472115       -0.66045682114854       -2.02370202540276
H            2.91511097394956        1.06905950692859       -1.72782944545306
H            4.18888103445714        0.00180981167097       -1.12818950574566
27
 energy: -33.611484535592 gnorm: 0.001178759068 xtb: 6.7.1 (edcfbbe)
C           -3.42960792592537        0.57588259582787        0.02842303101335
C           -1.93599757099573        0.48600676710514        0.09260859022788
C           -1.13132053586985        1.49381595304790       -0.21357740515659
C            0.36386619002472        1.42816640591309       -0.19495406077562
C            0.85526377670221       -0.02481782146062       -0.16747079064840
H            0.58406832880614       -0.48573753748284       -1.12484275255517
C            0.07798867902548       -0.76019240432711        0.92343660168162
C           -1.39221114599194       -0.86370632374276        0.50686824051239
H           -1.98621981529247       -1.23127835228115        1.36207142417139
O           -1.57536389464418       -1.74907453804537       -0.59169374957155
C            2.35531822803395       -0.08068295106053       -0.01671706029675
C            2.96872843158631       -0.24008758366145        1.14567120605791
C            3.12188022753943        0.08638303790829       -1.29508811906984
H           -3.81111662675725       -0.22322910240847       -0.60537548278671
H           -3.74542419285700        1.53357774845504       -0.37498138870312
H           -3.85926311250638        0.45042814810360        1.02188772119060
H           -1.55549432293820        2.44826017129554       -0.49602156259987
H            0.75561443221127        1.94596828546755       -1.07347465521618
H            0.74062043875627        1.95653591373525        0.68832242228712
H            0.49238432337669       -1.75835248274254        1.07877655123140
H            0.13080222188165       -0.21141552508351        1.86426478640468
H           -1.27710432092708       -2.63202953854792       -0.33759056286256
H            4.04378867993157       -0.25687612388889        1.21493000373705
H            2.43758166394983       -0.35397494778187        2.07412330417503
H            2.82579477989279       -0.67723983577590       -2.01237239875775
H            2.90956202783055        1.05725044797748       -1.73972690033458
H            4.19180175085388        0.01037832538561       -1.12155140520594
27
 energy: -33.611495344775 gnorm: 0.001325139179 xtb: 6.7.1 (edcfbbe)
C           -3.43040581804376        0.57679098726071        0.03238381636300
C           -1.93674479521334        0.48705511257184        0.09471367798845
C           -1.13203489246021        1.49545653537695       -0.20923535736588
C            0.36308950571311        1.42901326078114       -0.19683788446556
C            0.85519930406040       -0.02370898608376       -0.17004116089893
H            0.58683484433177       -0.48362410071947       -1.12869165569608
C            0.07791357878591       -0.76231339730629        0.91858548803287
C           -1.39317891632762       -0.86376934006311        0.50518034183603
H           -1.98497861199887       -1.23143903843710        1.36203861538297
O           -1.58110542279133       -1.74750867571258       -0.59294093441189
C            2.35523115351634       -0.07683430858853       -0.01565496931915
C            2.96649822811931       -0.23145353978351        1.14840749879410
C            3.12433019305713        0.08170198970818       -1.29354014061211
H           -3.81102757443162       -0.21975669438678       -0.60527767238560
H           -3.74704346109729        1.53611627175699       -0.36645325114754
H           -3.85985565617258        0.44600164889379        1.02522011769424
H           -1.55607894634897        2.45149626288281       -0.48656670175966
H            0.74993672500898        1.94464779956316       -1.07879397510415
H            0.74452841650466        1.95987936450411        0.68261189891512
H            0.49196530900598       -1.76147859967425        1.06887265533384
H            0.13279351857637       -0.21784753750470        1.86171035991693
H           -1.27159012138337       -2.62881683360395       -0.34537931470237
H            4.04133842454965       -0.25555944889325        1.21851423223587
H            2.43420184507678       -0.34872344330090        2.07561219460211
H            2.84143475347245       -0.69711839631367       -2.00083877495198
H            2.90001106595288        1.04321143595205       -1.75318962118611
H            4.19467806623449        0.02254040305158       -1.11446389493870
27
 energy: -33.611508514308 gnorm: 0.000951489520 xtb: 6.7.1 (edcfbbe)
C           -3.43053699308945        0.57825803038426        0.03548067462961
C           -1.93701095879018        0.48720965313778        0.09521428167122
C           -1.13173912777402        1.49569517382110       -0.20728006071246
C            0.36327976609450        1.42885343720348       -0.19708716878743
C            0.85511724688672       -0.02400155773253       -0.17177700156395
H            0.58791381084425       -0.48261463345050       -1.13122648162714
C            0.07713562876696       -0.76377374012006        0.91550349332536
C           -1.39395608468232       -0.86443753320317        0.50311070962049
H           -1.98536043831666       -1.23293093526168        1.35962214223247
O           -1.58306752137849       -1.74727705282843       -0.59566920743021
C            2.35506827043829       -0.07796690521892       -0.01582291789096
C            2.96500619789806       -0.22892556131992        1.14941682991253
C            3.12565974811851        0.07774413650595       -1.29292036393396
H           -3.81268542557065       -0.21560507104789       -0.60468220397704
H           -3.74723544609216        1.53932578033152       -0.35910478268973
H           -3.85861538065566        0.44376610971164        1.02839175376048
H           -1.55552313283177        2.45275102225697       -0.48169551277888
H            0.74865717687467        1.94463650419314       -1.07929387839128
H            0.74579769491551        1.95893471392221        0.68186986496528
H            0.49093282664846       -1.76325294329245        1.06453578620875
H            0.13274941017904       -0.22061651498515        1.85926774200303
H           -1.26784809774762       -2.62737610627205       -0.35043363974539
H            4.03974294037796       -0.24958083606689        1.22123777437584
H            2.43159795256611       -0.33940222785378        2.07673729359352
H            2.85384241452485       -0.71043205240793       -1.99428086640149
H            2.89079454895221        1.03228343393961       -1.76198687331903
H            4.19622368854012        0.03269440758519       -1.11118179889978
27
 energy: -33.611527814514 gnorm: 0.001144330320 xtb: 6.7.1 (edcfbbe)
C           -3.43054874022498        0.58178967531854        0.04101928674151
C           -1.93724885813576        0.48731005084365        0.09545543982819
C           -1.13121266351482        1.49566817620737       -0.20528342986075
C            0.36361896612293        1.42787244166932       -0.19623676997383
C            0.85498692409114       -0.02535841550287       -0.17443179283833
H            0.58911960518714       -0.48170282979555       -1.13517257200519
C            0.07648172235210       -0.76677875073002        0.91151379802027
C           -1.39394876082815       -0.86579320746410        0.49803957373201
H           -1.98573233545776       -1.23792883713599        1.35212929930660
O           -1.58261332844656       -1.74649913951211       -0.60353851821262
C            2.35472674623063       -0.07956461147948       -0.01622186616952
C            2.96275538387954       -0.22105830683492        1.15127215262556
C            3.12651050672152        0.06986800303858       -1.29286780524709
H           -3.81753034618804       -0.20641523245448       -0.60334890074924
H           -3.74671451113679        1.54654415468481       -0.34504242703583
H           -3.85493027611747        0.44097114416892        1.03466978629570
H           -1.55471589372327        2.45377491155564       -0.47658617652159
H            0.74934869911250        1.94630991552339       -1.07628419923151
H            0.74566917217663        1.95434692895443        0.68463644560278
H            0.49032368889855       -1.76628830979464        1.06083078387614
H            0.13118705368861       -0.22395908054734        1.85555690256324
H           -1.26207253094353       -2.62511158341817       -0.36015246835365
H            4.03730561143374       -0.23680672207708        1.22582819630388
H            2.42710820199260       -0.32356179451431        2.07817490632609
H            2.87534887104784       -0.73641070208790       -1.98168627166576
H            2.87158079778656        1.01071549052921       -1.77962412507767
H            4.19713700969237        0.05202536278656       -1.10670366012954
27
 energy: -33.611541628655 gnorm: 0.001697934072 xtb: 6.7.1 (edcfbbe)
C           -3.43052851044854        0.58482192425785        0.04713161743926
C           -1.93736077907367        0.48697451256420        0.09575695336148
C           -1.13068189505837        1.49526106802793       -0.20402027976830
C            0.36399368012974        1.42691221135031       -0.19430956819258
C            0.85534723874765       -0.02632662246499       -0.17614892107186
H            0.59039587276209       -0.48058637698338       -1.13801579384309
C            0.07523938106298       -0.76917983622688        0.90775584118454
C           -1.39459297168129       -0.86789081279050        0.49290919959543
H           -1.98747634353385       -1.24538912914286        1.34368033966470
O           -1.58070790513161       -1.74386361583178       -0.61369074134499
C            2.35494967354976       -0.07894484877222       -0.01629155321636
C            2.96128527495858       -0.21028581547160        1.15321093372359
C            3.12743451798798        0.06116285145961       -1.29341312741657
H           -3.82256628647583       -0.19735612915079       -0.60154779296850
H           -3.74546815725853        1.55340705794902       -0.33031163706347
H           -3.85132415235338        0.43787443979958        1.04149890210675
H           -1.55377725709049        2.45458794093913       -0.47175988623598
H            0.75150786258726        1.94869817214732       -1.07145705903791
H            0.74473310130978        1.94968834095310        0.68935206746438
H            0.48923622367759       -1.76858878419176        1.05713077610254
H            0.12844132353130       -0.22698273939178        1.85230528804654
H           -1.25795783658775       -2.62253072653743       -0.37302372944443
H            4.03560123048995       -0.22362063285779        1.23004107325644
H            2.42360938401727       -0.30553115375144        2.07965277777125
H            2.89590782660053       -0.76489843034895       -1.96634829625904
H            2.85299205484971        0.98630355639301       -1.80032907138560
H            4.19770816412841        0.07024231000459       -1.10381272431830
27
 energy: -33.611553590934 gnorm: 0.001084423273 xtb: 6.7.1 (edcfbbe)
C           -3.43044534433930        0.58675933058698        0.05192818132471
C           -1.93724796853633        0.48685496363106        0.09661796208934
C           -1.13065894727585        1.49518027762939       -0.20335059696278
C            0.36395015972687        1.42676301245802       -0.19209010048477
C            0.85544341843947       -0.02638413867259       -0.17629635776496
H            0.59088984833640       -0.47944329538902       -1.13882418321913
C            0.07515984468227       -0.77115259079184        0.90630014851059
C           -1.39384077740022       -0.86945905954237        0.48803053992946
H           -1.98802941516107       -1.25267616725527        1.33516763280510
O           -1.57638708814414       -1.73971112503155       -0.62416987920682
C            2.35493374012825       -0.07732202879275       -0.01593070867022
C            2.96058094994337       -0.19988718068567        1.15484376890613
C            3.12735522517432        0.05318784196805       -1.29419489759349
H           -3.82606821071958       -0.19119711781210       -0.59946299375287
H           -3.74476213304196        1.55786235845063       -0.31940327631266
H           -3.84843663493587        0.43552413391616        1.04681500919689
H           -1.55366013076695        2.45470618597329       -0.47016011009426
H            0.75428134235595        1.95192256185782       -1.06611160394855
H            0.74241226070187        1.94641588899266        0.69466739745682
H            0.48953378998690       -1.77038869708851        1.05587580763073
H            0.12604848697481       -0.22941829330359        1.85129984548395
H           -1.25767057539321       -2.62036971186086       -0.38555594799076
H            4.03479983230242       -0.21221121791729        1.23288026208599
H            2.42172424778140       -0.29055048072745        2.08103026878602
H            2.90778765151768       -0.78572206248829       -1.95365693162551
H            2.84176267114993        0.96546436782248       -1.81594898504225
H            4.19648447220982        0.07921097600411       -1.10435466338679
27
 energy: -33.611561451707 gnorm: 0.001560936768 xtb: 6.7.1 (edcfbbe)
C           -3.43089557381448        0.58818134998218        0.05756669342261
C           -1.93750939986902        0.48755747852038        0.09908885740515
C           -1.13131912465953        1.49650141660165       -0.19970439634551
C            0.36339996699989        1.42762826989891       -0.18993709711155
C            0.85579515553493       -0.02519659670981       -0.17694379537906
H            0.59269157128204       -0.47644256829664       -1.14080247732126
C            0.07538523722490       -0.77381093752829        0.90297351697726
C           -1.39361890050629       -0.87082423846282        0.48306565354195
H           -1.98807668976032       -1.25962744183117        1.32782490896408
O           -1.57461402465640       -1.73307161476729       -0.63522588597920
C            2.35516965853664       -0.07423171232239       -0.01508148191299
C            2.95966386326990       -0.18689600502932        1.15738987519146
C            3.12832910062330        0.04306561124348       -1.29452612642514
H           -3.82777757390731       -0.18550223171632       -0.59803376576182
H           -3.74550963823499        1.56174874936544       -0.30706287780314
H           -3.84709265821089        0.43069998145310        1.05227102746236
H           -1.55426734568555        2.45716524063248       -0.46255532719954
H            0.75372701795663        1.95442464269188       -1.06336244985681
H            0.74255099916711        1.94639270846866        0.69749152896066
H            0.49013307531578       -1.77341134180192        1.04891593861236
H            0.12535762901925       -0.23577609785401        1.85012141377047
H           -1.25783808205979       -2.61614819621730       -0.40287549737784
H            4.03386215187630       -0.20002110824792        1.23665591228685
H            2.41970385346939       -0.27238361859865        2.08364994587379
H            2.92483091834812       -0.81634236547752       -1.93456056964209
H            2.82676210450981        0.93830007364639       -1.83835103338502
H            4.19709742392781        0.09197928428831       -1.10204690281810
27
 energy: -33.611568364643 gnorm: 0.000736770332 xtb: 6.7.1 (edcfbbe)
C           -3.43106730355059        0.58686715307629        0.05820748898757
C           -1.93749385681074        0.48790367946613        0.10020580879947
C           -1.13192767216492        1.49759016131119       -0.19772080079365
C            0.36293908153871        1.42911320150148       -0.18787386089951
C            0.85627191010035       -0.02330477960123       -0.17603313400698
H            0.59315509492457       -0.47392754279210       -1.14025094543903
C            0.07571441129534       -0.77368947150840        0.90246135256665
C           -1.39339251070643       -0.87107534394668        0.48183384871293
H           -1.98806512955565       -1.26236735100185        1.32553913684725
O           -1.57268075047856       -1.72891533883305       -0.63930028199242
C            2.35564828904975       -0.07203407637470       -0.01454428077692
C            2.96060392091300       -0.18189411242834        1.15779145646954
C            3.12835253981910        0.03870941648061       -1.29489720980284
H           -3.82621745684088       -0.18702505911712       -0.59804189182376
H           -3.74643656386365        1.56004883264149       -0.30637226652986
H           -3.84788463510640        0.42850902511622        1.05244464265552
H           -1.55508097402128        2.45873919488075       -0.45856597846935
H            0.75299761070154        1.95606124757897       -1.06150257723076
H            0.74235384240495        1.94836843640017        0.69939435386935
H            0.49091964845024       -1.77336507611886        1.04593388300643
H            0.12518265994435       -0.23802014957969        1.85089663838559
H           -1.26230997026855       -2.61477733048356       -0.40929170789201
H            4.03488489894536       -0.19678709712631        1.23639048580354
H            2.42122132322115       -0.26465633356350        2.08477798862757
H            2.92351142544174       -0.82289441061256       -1.92880883991497
H            2.82820147629795        0.92992557752671       -1.84252626133309
H            4.19653940601679        0.08685627903945       -1.10420145967636
27
 energy: -33.611571933853 gnorm: 0.000507145629 xtb: 6.7.1 (edcfbbe)
C           -3.43100117265825        0.58664024575106        0.05932476623298
C           -1.93735145208728        0.48834920559348        0.10139005406948
C           -1.13195099444144        1.49880502998565       -0.19438535679125
C            0.36293355704242        1.43056374430309       -0.18634814441213
C            0.85613586898677       -0.02193046961949       -0.17609339545551
H            0.59345449448249       -0.47112449824896       -1.14105496978111
C            0.07604835859876       -0.77484656993955        0.90096045673742
C           -1.39287095596275       -0.87146541567169        0.47962960635960
H           -1.98724205650252       -1.26419074473712        1.32273056206973
O           -1.57248688098715       -1.72704510173330       -0.64292337763522
C            2.35547984933189       -0.07097897973769       -0.01422008402000
C            2.96027628300855       -0.17718111169336        1.15857621963057
C            3.12846688684120        0.03391399504935       -1.29488322560010
H           -3.82546086347492       -0.18650550686798       -0.59837712974775
H           -3.74714165866593        1.56021804174665       -0.30373393174651
H           -3.84795381297601        0.42629935250051        1.05318530074888
H           -1.55521619910694        2.46022724216055       -0.45374060654984
H            0.75176542165650        1.95818136048470       -1.06014929810958
H            0.74324187463184        1.94918102797796        0.70074259365867
H            0.49132032340447       -1.77481052716388        1.04246025814130
H            0.12551512024302       -0.24100890654472        1.85037429195919
H           -1.26447589699119       -2.61400776393432       -0.41442323735834
H            4.03455244015914       -0.19197206871412        1.23733009210151
H            2.42091516708933       -0.25588457010579        2.08591805502998
H            2.92756340063259       -0.83297272995118       -1.92292128228115
H            2.82479595546188        0.91998548519909       -1.84911760299151
H            4.19662765798075        0.08751896584257       -1.10430502610938
27
 energy: -33.611574915451 gnorm: 0.000299860758 xtb: 6.7.1 (edcfbbe)
C           -3.43088894580627        0.58650917168373        0.05959731145983
C           -1.93729321701105        0.48847535599363        0.10162803366005
C           -1.13189955937950        1.49970757519276       -0.19133064068722
C            0.36297404262814        1.43158806895079       -0.18432475074609
C            0.85621540974019       -0.02097224359045       -0.17677417560817
H            0.59376730357643       -0.46835814294863       -1.14257815749167
C            0.07628718703467       -0.77575541067514        0.89907594607408
C           -1.39260710119526       -0.87177228089619        0.47794067702404
H           -1.98674499121120       -1.26517079737638        1.32072528380227
O           -1.57274685500373       -1.72654533449061       -0.64516678530560
C            2.35551789494885       -0.07092242917845       -0.01444271558655
C            2.95994362562057       -0.17318588943752        1.15897363498841
C            3.12873843354602        0.02975880762933       -1.29504178090242
H           -3.82490023278527       -0.18630654796903       -0.59883745183516
H           -3.74761266670889        1.56023676122855       -0.30267768304031
H           -3.84787693272654        0.42505988044978        1.05324408404737
H           -1.55534678334230        2.46180125660524       -0.44804816240159
H            0.75077721276939        1.96020449667948       -1.05785509391095
H            0.74405533388706        1.94897135349322        0.70292341787728
H            0.49192343268762       -1.77579188226712        1.03903508153758
H            0.12578444622563       -0.24342060738654        1.84930522595861
H           -1.26675775643053       -2.61412268751024       -0.41660385799342
H            4.03418011726219       -0.18758690659515        1.23808487703566
H            2.42031321858217       -0.24738035994604        2.08646956461395
H            2.93067069139869       -0.84076045767305       -1.91921179263002
H            2.82258833858834        0.91243980050502       -1.85371137394971
H            4.19687906880181        0.08725818146053       -1.10445312784034
27
 energy: -33.611577489445 gnorm: 0.000263900934 xtb: 6.7.1 (edcfbbe)
C           -3.43062037504498        0.58607870859309        0.05919157228444
C           -1.93707089841462        0.48848881880460        0.10190329919775
C           -1.13169325551902        1.50064389970001       -0.18802953157270
C            0.36317030062220        1.43274857633278       -0.18166911613777
C            0.85631076007546       -0.01986545670864       -0.17711805781422
H            0.59374338855451       -0.46526118067631       -1.14374674544857
C            0.07644578911981       -0.77670691671037        0.89735069375780
C           -1.39248299719224       -0.87225807610385        0.47654146532288
H           -1.98642827074284       -1.26610825034659        1.31917019061354
O           -1.57308857056664       -1.72652387693670       -0.64706936062194
C            2.35563819651661       -0.07046170187464       -0.01483516768663
C            2.95976323592299       -0.16874937358426        1.15903518152286
C            3.12891583253997        0.02570664600293       -1.29563762890566
H           -3.82413295367177       -0.18683620036305       -0.59944408120744
H           -3.74746493931212        1.55968376971050       -0.30322825388764
H           -3.84806103322865        0.42451654414627        1.05261345701547
H           -1.55536330066336        2.46316588714170       -0.44275322121472
H            0.75045542099152        1.96288488221060       -1.05446638107703
H            0.74468088592201        1.94840832303640        0.70625348960075
H            0.49234405549414       -1.77686919546477        1.03562264605235
H            0.12608239068314       -0.24594459207853        1.84845851215918
H           -1.26962590823777       -2.61488284226478       -0.41780635729149
H            4.03395918150947       -0.18306858679013        1.23839312461933
H            2.41981054101631       -0.23855669172923        2.08662474746258
H            2.93133540935689       -0.84697108707574       -1.91690051427038
H            2.82238289690442        0.90636617376169       -1.85725318263405
H            4.19693493306180        0.08433053119852       -1.10525519168879
27
 energy: -33.611579664196 gnorm: 0.000283857712 xtb: 6.7.1 (edcfbbe)
C           -3.43038162963475        0.58579542328825        0.05851946336541
C           -1.93682781191415        0.48834162726312        0.10181406304548
C           -1.13156042154988        1.50121742598043       -0.18585717175243
C            0.36327519836802        1.43356649897335       -0.17890368197506
C            0.85635841533018       -0.01904910838874       -0.17732306171739
H            0.59349831539678       -0.46269768413767       -1.14466113945397
C            0.07678714447424       -0.77774930578285        0.89606993963972
C           -1.39226439804288       -0.87264352091244        0.47554053405737
H           -1.98611364305279       -1.26678751998651        1.31807996573862
O           -1.57336258579616       -1.72650170163451       -0.64843790417312
C            2.35572510727740       -0.06988506727582       -0.01526076311433
C            2.95972956929294       -0.16434745938114        1.15899129735417
C            3.12892126334615        0.02230979345012       -1.29638845808946
H           -3.82346929606388       -0.18750784240767       -0.59987401788284
H           -3.74715049866596        1.55917957157009       -0.30455912764261
H           -3.84827191064256        0.42473716540602        1.05185638380097
H           -1.55541851613269        2.46413380704686       -0.43883203273187
H            0.75086026006719        1.96547308014372       -1.05048757370785
H            0.74460050281632        1.94741049601960        0.71015490853397
H            0.49287035794300       -1.77806705947281        1.03261643612864
H            0.12658058836362       -0.24857130044041        1.84806433074522
H           -1.27211808957742       -2.61550878627389       -0.41852920401572
H            4.03389853180759       -0.17881682926634        1.23857497720781
H            2.41947494074262       -0.23092037999244        2.08661122765394
H            2.93027635774558       -0.85155945463006       -1.91551851437064
H            2.82305141967200        0.90193229618214       -1.85998628535344
H            4.19697154412672        0.08047456659110       -1.10632900314071
27
 energy: -33.611581884512 gnorm: 0.000242679743 xtb: 6.7.1 (edcfbbe)
C           -3.43014451939976        0.58545992547867        0.05761894793952
C           -1.93658696803817        0.48826905484671        0.10214825795234
C           -1.13147145762223        1.50178222890023       -0.18374258406975
C            0.36334664407405        1.43429982379887       -0.17588942906064
C            0.85646586528711       -0.01823048815446       -0.17729764557658
H            0.59317245711533       -0.46009204228875       -1.14532243463603
C            0.07708212491151       -0.77884187698731        0.89490994520424
C           -1.39219959648361       -0.87306178137219        0.47488440478432
H           -1.98593519098515       -1.26749550556317        1.31740894735317
O           -1.57379211189189       -1.72639044711636       -0.64952853149402
C            2.35588098957570       -0.06912502928962       -0.01568596087274
C            2.95993686298904       -0.15968626006337        1.15881969255306
C            3.12873590461560        0.01900032589966       -1.29730082163169
H           -3.82282225691651       -0.18845123779777       -0.60027445911298
H           -3.74659088185357        1.55851620567180       -0.30658199863685
H           -3.84866846501334        0.42545524842440        1.05086519291160
H           -1.55548840495249        2.46470773983160       -0.43625364992893
H            0.75186152091650        1.96826619627472       -1.04584280768004
H            0.74398685182575        1.94601220991909        0.71474043125204
H            0.49321759921221       -1.77939846613971        1.02941383043083
H            0.12721972190291       -0.25153070330170        1.84791990847382
H           -1.27408431576579       -2.61591168115332       -0.41947075746029
H            4.03407726522194       -0.17426419763298        1.23857004238328
H            2.41946292561833       -0.22337367286223        2.08653593327298
H            2.92783953470057       -0.85556360520438       -1.91478743449650
H            2.82450491886988        0.89836464340176       -1.86221091266374
H            4.19693369778331        0.07524212441131       -1.10770051904054
27
 energy: -33.611583963936 gnorm: 0.000206591937 xtb: 6.7.1 (edcfbbe)
C           -3.42993974192974        0.58511249893190        0.05674074345554
C           -1.93633474936179        0.48814684716654        0.10218680782619
C           -1.13140751302568        1.50217456084619       -0.18246606162502
C            0.36340013941835        1.43511940701685       -0.17278342593615
C            0.85642230760474       -0.01738674504292       -0.17712622788435
H            0.59276078158791       -0.45748833860186       -1.14585134314375
C            0.07751364656547       -0.78011905256642        0.89397158841283
C           -1.39201173178395       -0.87336626474182        0.47435491469854
H           -1.98552080905495       -1.26801474860929        1.31697600278428
O           -1.57441221598054       -1.72602244101055       -0.65043109644034
C            2.35589476580808       -0.06828826231985       -0.01600912357863
C            2.96014603706823       -0.15497874617273        1.15865371447265
C            3.12833281158272        0.01560510196916       -1.29817485449679
H           -3.82211379628380       -0.18953211085639       -0.60054733589008
H           -3.74617346525160        1.55775466157060       -0.30875904456409
H           -3.84913360193410        0.42624859956362        1.04992379935930
H           -1.55556637579498        2.46521059550885       -0.43437019694658
H            0.75318184422376        1.97139672594166       -1.04078021658837
H            0.74286783265547        1.94453650092564        0.71973181211740
H            0.49357789313376       -1.78101628959263        1.02623807431463
H            0.12821973925696       -0.25480459856692        1.84804189053160
H           -1.27520404516563       -2.61586330353341       -0.42093289843269
H            4.03427201598788       -0.16974957843610        1.23844009034939
H            2.41962478552066       -0.21562013406488        2.08660300284798
H            2.92429099030691       -0.85914195852967       -1.91438129631111
H            2.82643681058040        0.89518706305151       -1.86407780833219
H            4.19681635996269        0.06885874208443       -1.10922592285031
27
 energy: -33.611585569834 gnorm: 0.000139878828 xtb: 6.7.1 (edcfbbe)
C           -3.42989232929608        0.58478287816348        0.05609864460860
C           -1.93628155641127        0.48822351514516        0.10267086492879
C           -1.13153681052814        1.50262428006451       -0.18109888592855
C            0.36328765696717        1.43579339534074       -0.17007013948466
C            0.85646867137170       -0.01659661507124       -0.17697465271255
H            0.59246515338781       -0.45516982560077       -1.14628956293154
C            0.07779923642152       -0.78097633676697        0.89313696657493
C           -1.39194098992969       -0.87354143479404        0.47397279539967
H           -1.98530764891852       -1.26859060785752        1.31655197032809
O           -1.57488142967041       -1.72530058117550       -0.65133014757788
C            2.35599304566737       -0.06770294543568       -0.01623890957890
C            2.96047158465541       -0.15085615360578        1.15859889751229
C            3.12800245093219        0.01233728821803       -1.29889699080416
H           -3.82147661313384       -0.19047428144584       -0.60081771880591
H           -3.74610904212642        1.55711465194449       -0.31030476342417
H           -3.84959944064003        0.42660603420556        1.04918225285804
H           -1.55580766801797        2.46551240437683       -0.43328331613412
H            0.75424202050969        1.97393694317072       -1.03638616985415
H            0.74163695159601        1.94328271480920        0.72404863391185
H            0.49383220309756       -1.78214320271352        1.02339174210208
H            0.12896659783107       -0.25752511965330        1.84818637019046
H           -1.27502949485703       -2.61522582546737       -0.42309062171846
H            4.03459917382455       -0.16582871989951        1.23834718751884
H            2.42003354494257       -0.20872746525993        2.08680019280566
H            2.92091040344287       -0.86251261439003       -1.91398401019906
H            2.82827500269162        0.89219715740957       -1.86563781370942
H            4.19682004188752        0.06271919822019       -1.11063722772591
27
 energy: -33.611586600758 gnorm: 0.000113848911 xtb: 6.7.1 (edcfbbe)
C           -3.42988683817889        0.58445997967552        0.05584532796181
C           -1.93625657662367        0.48827782786786        0.10287522229243
C           -1.13162662121546        1.50294621285054       -0.18034485927191
C            0.36322480918650        1.43644136421215       -0.16838107850121
C            0.85641293950977       -0.01590481933077       -0.17676046945544
H            0.59225021758206       -0.45346408096421       -1.14647345474939
C            0.07792787052444       -0.78148475233658        0.89265792471195
C           -1.39187448113984       -0.87364567705585        0.47362916941523
H           -1.98515902327830       -1.26918441158496        1.31607486522965
O           -1.57499198077326       -1.72462697810659       -0.65216566529195
C            2.35596164942418       -0.06723442021115       -0.01630973558446
C            2.96060409579670       -0.14813889075216        1.15855863753730
C            3.12766090668806        0.00983157356594       -1.29931600360654
H           -3.82109470073582       -0.19099370976254       -0.60106753105775
H           -3.74624297497040        1.55664385941928       -0.31080966167793
H           -3.84985949607848        0.42635781390983        1.04883077941223
H           -1.55599671359198        2.46586609667346       -0.43230776428014
H            0.75483971882305        1.97582243445036       -1.03362992591668
H            0.74081378342710        1.94265825092659        0.72677941877869
H            0.49394921361554       -1.78280792219237        1.02177727718973
H            0.12932344583992       -0.25911269278352        1.84825773905499
H           -1.27381578530592       -2.61439742999907       -0.42517693729729
H            4.03473958820059       -0.16338272747486        1.23816552812855
H            2.42029854669140       -0.20371235521839        2.08700497996874
H            2.91837703030580       -0.86513135322168       -1.91361940342617
H            2.82969584025470        0.88994548711864       -1.86664303096993
H            4.19666625171944        0.05793005225602       -1.11150576044466
27
 energy: -33.611587368579 gnorm: 0.000090029669 xtb: 6.7.1 (edcfbbe)
C           -3.42994696096589        0.58423340123201        0.05585320250164
C           -1.93631404174614        0.48836271978557        0.10312358495615
C           -1.13178311963678        1.50323853527076       -0.17962057694093
C            0.36308965357598        1.43690844876709       -0.16728150215085
C            0.85633063801391       -0.01540867073791       -0.17664927849213
H            0.59202278360355       -0.45238482673522       -1.14657970165161
C            0.07796863382537       -0.78158073155065        0.89243067930461
C           -1.39176586657467       -0.87369286674493        0.47321685838479
H           -1.98507971611037       -1.26976642859005        1.31539691169492
O           -1.57475796270696       -1.72401691880713       -0.65306923798735
C            2.35589245461309       -0.06706453856218       -0.01634247412657
C            2.96064001856753       -0.14629201818086        1.15860850600313
C            3.12743348242707        0.00780752513228       -1.29954684693575
H           -3.82081211481690       -0.19109966141178       -0.60141466597951
H           -3.74650344275201        1.55647059405606       -0.31050442252282
H           -3.85004698080905        0.42562661341630        1.04870793295455
H           -1.55624283404636        2.46614364203770       -0.43147008357396
H            0.75494623612053        1.97692853218630       -1.03200404130551
H            0.74033555573623        1.94250069892414        0.72836723350408
H            0.49410819062914       -1.78292484247756        1.02101078869723
H            0.12935062747034       -0.25974041709582        1.84832158007933
H           -1.27194552467152       -2.61351123913775       -0.42719784895055
H            4.03478233655916       -0.16189056149579        1.23809530307419
H            2.42043808425905       -0.20012010415477        2.08721180238464
H            2.91647125318041       -0.86710935788821       -1.91327341502094
H            2.83072812360682        0.88806216896783       -1.86736508062123
H            4.19660120834570        0.05427903572605       -1.11207961912971
27
 energy: -33.611588105455 gnorm: 0.000076279784 xtb: 6.7.1 (edcfbbe)
C           -3.43005338133040        0.58405731310997        0.05606059924588
C           -1.93641975961804        0.48843645153922        0.10337874964385
C           -1.13198673481405        1.50352954856725       -0.17886524070633
C            0.36291497608618        1.43734734795145       -0.16662678795937
C            0.85624397390608       -0.01491969590157       -0.17652362478196
H            0.59182457150253       -0.45146647077842       -1.14660646536593
C            0.07793010297538       -0.78155588688294        0.89228262149464
C           -1.39167042958969       -0.87375004000738        0.47275213380417
H           -1.98513680905667       -1.27057733535065        1.31447647438091
O           -1.57413367686178       -1.72335832797593       -0.65413998528563
C            2.35580288801489       -0.06691581006781       -0.01632708474600
C            2.96059403797232       -0.14479880846885        1.15869482388087
C            3.12722777368278        0.00585562135477       -1.29970164176238
H           -3.82067134148375       -0.19078587881272       -0.60194478742305
H           -3.74684249947525        1.55655795654160       -0.30940860342974
H           -3.85017630725591        0.42440109270072        1.04872962253578
H           -1.55655262750874        2.46652553052030       -0.43021452400828
H            0.75472294335864        1.97772560258650       -1.03114735512485
H            0.74012763552784        1.94259795684249        0.72920803073272
H            0.49426869372374       -1.78283524561187        1.02078283478008
H            0.12900816963359       -0.25990871302900        1.84828345124018
H           -1.26934656391441       -2.61244946113664       -0.42939794920374
H            4.03473868290098       -0.16063960904447        1.23812152390013
H            2.42044091160748       -0.19698466478669        2.08741282597334
H            2.91497968983739       -0.86926562614055       -1.91274217919346
H            2.83161437812580        0.88610796232780       -1.86812615241049
H            4.19649141775028        0.05102792188489       -1.11246572206150
27
 energy: -33.611588854530 gnorm: 0.000077434902 xtb: 6.7.1 (edcfbbe)
C           -3.43016537177150        0.58390376451643        0.05661348616083
C           -1.93651602733840        0.48846146950073        0.10366554854322
C           -1.13217262678037        1.50379960462595       -0.17802417309934
C            0.36275396305106        1.43778615267598       -0.16612664616210
C            0.85613139952729       -0.01446481666339       -0.17642775440707
H            0.59164158009555       -0.45074633651814       -1.14661186464410
C            0.07780406182597       -0.78134801118844        0.89220742155982
C           -1.39154390568504       -0.87392016551171        0.47201755556332
H           -1.98520945106527       -1.27175684578385        1.31312779149144
O           -1.57322317378822       -1.72260691591956       -0.65570696092121
C            2.35567832487614       -0.06676102155918       -0.01628764682107
C            2.96043101067949       -0.14315981539824        1.15884557327186
C            3.12705401761178        0.00371355555233       -1.29979314783555
H           -3.82066797087924       -0.18996003573941       -0.60262272660844
H           -3.74714735297829        1.55689707108536       -0.30733034895901
H           -3.85026503527700        0.42258234766174        1.04901699319961
H           -1.55684378979029        2.46693685804922       -0.42864497946631
H            0.75424972950501        1.97826795582916       -1.03072835805862
H            0.74014041356702        1.94303351654717        0.72963386605673
H            0.49441135785659       -1.78249359774859        1.02086193194544
H            0.12843713560417       -0.25968241989174        1.84823577208745
H           -1.26630846767057       -2.61126613722812       -0.43219494505751
H            4.03456735233088       -0.15944666971831        1.23828599451761
H            2.42022192477923       -0.19352090797443        2.08764396539643
H            2.91381335971424       -0.87190393078739       -1.91181471077312
H            2.83227127373554        0.88364611266004       -1.86917066100741
H            4.19639698396148        0.04796795085786       -1.11272538782307
27
 energy: -33.611589568376 gnorm: 0.000084713273 xtb: 6.7.1 (edcfbbe)
C           -3.43030595359760        0.58385052828269        0.05728743428629
C           -1.93665924213602        0.48847886230401        0.10401251579471
C           -1.13243259906486        1.50410365851713       -0.17697417265425
C            0.36252092245019        1.43817905779781       -0.16575150166545
C            0.85605014965510       -0.01400930828019       -0.17633395074876
H            0.59150891881307       -0.45002920415686       -1.14660823985909
C            0.07771538984021       -0.78127780226628        0.89203521037754
C           -1.39138673435218       -0.87411796144041        0.47114502296456
H           -1.98533242439089       -1.27318529116737        1.31147166616283
O           -1.57203402419330       -1.72167833979822       -0.65759272155184
C            2.35558571540589       -0.06655594920385       -0.01619835499107
C            2.96026611383497       -0.14105589544358        1.15912066400263
C            3.12692662858753        0.00123832411256       -1.29985912915707
H           -3.82071791273138       -0.18871922606081       -0.60352733511176
H           -3.74748294592047        1.55756663793846       -0.30459290915685
H           -3.85027474668887        0.42032525857094        1.04938106695020
H           -1.55723162590609        2.46745739698395       -0.42656183167970
H            0.75358763299547        1.97872161894030       -1.03052392272387
H            0.74027841327744        1.94344343936153        0.72982717756015
H            0.49468916078791       -1.78225316062501        1.02091075074143
H            0.12770204614131       -0.25957161450708        1.84806827488573
H           -1.26331640270348       -2.61002674888731       -0.43530572947271
H            4.03438398105639       -0.15770421722954        1.23867953259838
H            2.41993714358371       -0.18959302651118        2.08792337056742
H            2.91275469330758       -0.87502056067340       -1.91058596899740
H            2.83284940316507        0.88060815983618       -1.87051244186887
H            4.19635901448052        0.04478409553699       -1.11298888910333
27
 energy: -33.611590160757 gnorm: 0.000074503350 xtb: 6.7.1 (edcfbbe)
C           -3.43037419283607        0.58383441132091        0.05806281841766
C           -1.93671558090933        0.48846388266023        0.10435872700030
C           -1.13257279771367        1.50434071933777       -0.17596655849327
C            0.36238613461777        1.43848241766528       -0.16534660861086
C            0.85599164136578       -0.01367403535388       -0.17636061179270
H            0.59149053307324       -0.44942524170787       -1.14677364738990
C            0.07764920397913       -0.78129427875799        0.89177262692254
C           -1.39121657107232       -0.87439408578975        0.47018498076845
H           -1.98537534894110       -1.27459986643440        1.30980321826016
O           -1.57104997806927       -1.72085489047321       -0.65951902335705
C            2.35550914424924       -0.06630618108580       -0.01614019931648
C            2.96004727049344       -0.13887557522477        1.15936066604570
C            3.12685388410567       -0.00105421730882       -1.29990233886630
H           -3.82082882265423       -0.18732300509656       -0.60438213430911
H           -3.74767047918485        1.55828937003836       -0.30169025592979
H           -3.85023854627780        0.41812432860052        1.04982712038080
H           -1.55745999096719        2.46790016850909       -0.42458550272108
H            0.75303362405014        1.97905528060865       -1.03029779169759
H            0.74051198586103        1.94378377380595        0.73005539871036
H            0.49486285144359       -1.78216217838428        1.02067653163564
H            0.12711498847457       -0.25971194265629        1.84791571015613
H           -1.26141518558127       -2.60910949268513       -0.43818145666084
H            4.03414692770771       -0.15565237963735        1.23912403612300
H            2.41951938645749       -0.18533645414512        2.08819443089680
H            2.91218527515315       -0.87826217378148       -1.90914294491396
H            2.83326622652128        0.87754796075559       -1.87195506042254
H            4.19628913235112        0.04217241715177       -1.11314654268623
27
 energy: -33.611590166277 gnorm: 0.000052027138 xtb: 6.7.1 (edcfbbe)
C           -3.43037772983786        0.58383274064768        0.05805992806432
C           -1.93671635988929        0.48845751198922        0.10435772759999
C           -1.13256897019219        1.50434651244412       -0.17596589318552
C            0.36238268951085        1.43848409341769       -0.16534550408946
C            0.85599297586779       -0.01367013540331       -0.17635128491385
H            0.59149190313693       -0.44942267288040       -1.14676740215723
C            0.07764981486916       -0.78129337090579        0.89176675885018
C           -1.39122850560704       -0.87439288676116        0.47019051512236
H           -1.98537301057545       -1.27460356797167        1.30980323676522
O           -1.57104300001309       -1.72083329929199       -0.65953097746222
C            2.35551197002170       -0.06630818502426       -0.01613252147479
C            2.96004406732500       -0.13886636597395        1.15935898906173
C            3.12686008779146       -0.00106852207893       -1.29991495511484
H           -3.82082596790401       -0.18731691491318       -0.60438422181219
H           -3.74766612036653        1.55828565515837       -0.30168694728624
H           -3.85023949311957        0.41812002164155        1.04982224294485
H           -1.55745991232293        2.46790389925256       -0.42457748019082
H            0.75303398344496        1.97905919178930       -1.03029253865686
H            0.74051269332748        1.94378089650040        0.73005922542697
H            0.49486224092977       -1.78216299147842        1.02067110989713
H            0.12711680611218       -0.25971776488643        1.84791161062044
H           -1.26142161130266       -2.60912963871276       -0.43817715152096
H            4.03414576153700       -0.15564508073601        1.23912382612092
H            2.41952372167817       -0.18532650044955        2.08818672952409
H            2.91218762651681       -0.87825456376682       -1.90912973893073
H            2.83326396931489        0.87752921014162       -1.87195967808333
H            4.19628108544368        0.04217146018359       -1.11315001696932
