----------------------------------------------- 
  Element       SASA      Sigma Z        Total  
     Z         Ang**2 cal/Ang**2/mol   kcal/mol 
----------------------------------------------- 
      H        133.155      48.690       6.483
      C          7.492     129.740       0.972
      O         88.756       0.000       0.000

 Subtotal:     229.403                   7.455
 -----------------------------------------------

  Elements    COT*SASA   Sigma Z,Z'     Total   
    Z,Z'       Ang**2  cal/Ang**2/mol kcal/mol  
 ---------------------------------------------- 
  H   C         51.172     -60.770      -3.110
  H   O         40.429       0.000       0.000
  C   C          5.948     -72.950      -0.434
  O   C          0.481      68.690       0.033
  O   O          0.000       0.000       0.000

 Subtotal:                              -3.511
 ---------------------------------------------- 

 NONAQUEOUS SOLVENT CONTRIBUTION (kcal/mol):
 (proportional to SASA, atomic number independent)
 ---------------------------------------------- 
 Subtotal:                               0.000
 ---------------------------------------------- 

 CDS TOTAL (kcal/mol):                   3.945
...............................................................................
