----------------------------------------------- 
  Element       SASA      Sigma Z        Total  
     Z         Ang**2 cal/Ang**2/mol   kcal/mol 
----------------------------------------------- 
      H        133.752      48.690       6.512
      C         24.591     129.740       3.190
      O         14.659       0.000       0.000

 Subtotal:     173.003                   9.703
 -----------------------------------------------

  Elements    COT*SASA   Sigma Z,Z'     Total   
    Z,Z'       Ang**2  cal/Ang**2/mol kcal/mol  
 ---------------------------------------------- 
  H   C         82.353     -60.770      -5.005
  H   O          7.983       0.000       0.000
  C   C         16.678     -72.950      -1.217
  O   C          0.000      68.690       0.000

 Subtotal:                              -6.221
 ---------------------------------------------- 

 NONAQUEOUS SOLVENT CONTRIBUTION (kcal/mol):
 (proportional to SASA, atomic number independent)
 ---------------------------------------------- 
 Subtotal:                               0.000
 ---------------------------------------------- 

 CDS TOTAL (kcal/mol):                   3.482
...............................................................................
