16
 energy: -19.879999777840 gnorm: 0.029758098628 xtb: 6.7.1 (edcfbbe)
C           -1.43808346958292        0.76672420616132       -0.14242978862702
C           -1.27896767121772       -0.73362062782060       -0.46645000730827
C           -0.13736676702455       -1.18593349757310        0.45180005338115
C            0.84155013480837       -0.01983188145310        0.39983700324747
C           -0.05979422668504        1.22483675606432        0.41096532718709
O            1.57213143474448       -0.13506667361041       -0.84867878553332
H           -2.20948339720605        0.90468133399345        0.62214678930629
H           -1.74709502042549        1.34378875655221       -1.01867544336620
H           -2.20132252297295       -1.29838985585029       -0.30279141474734
H           -0.98917909279664       -0.87264354120682       -1.51344875833679
H           -0.49963489287815       -1.29030053539981        1.48148355354836
H            0.32785546061579       -2.13136086364588        0.15607974169611
H            1.55696365111173       -0.02569482969487        1.23255665924028
H           -0.15576452674185        1.59505347358795        1.43713387182205
H            0.39164142542351        2.02921322707599       -0.17963708807535
H            2.08069483489139        0.67919764480223       -0.95663009469169
16
 energy: -19.881162213595 gnorm: 0.014601854286 xtb: 6.7.1 (edcfbbe)
C           -1.43590212016315        0.76380535416068       -0.13322738934049
C           -1.27544933756536       -0.72736176802839       -0.45975776402196
C           -0.14355851255112       -1.18467412894755        0.45604429717339
C            0.83654099509094       -0.01912922319467        0.38732341609868
C           -0.06614559762953        1.22278678505525        0.40698006856082
O            1.57832432171150       -0.13823222341763       -0.83520271430929
H           -2.20292654924730        0.90124703582032        0.63041939015118
H           -1.73225126058681        1.33461871106594       -1.01250278869153
H           -2.19446159363253       -1.28892686905233       -0.29479237048717
H           -0.97172222384292       -0.85802168347870       -1.50014372551099
H           -0.50377241569525       -1.29658561038339        1.48153004083379
H            0.31861489793214       -2.11791949160926        0.13599345742566
H            1.55118375746368       -0.02457819004811        1.21954557326178
H           -0.16190406384929        1.59089891997795        1.42955468403789
H            0.36114732026244        2.02400965826299       -0.19777835571498
H            2.09642773636647        0.66871581579948       -0.95072420072396
16
 energy: -19.881405352861 gnorm: 0.005266976391 xtb: 6.7.1 (edcfbbe)
C           -1.43966865688550        0.76324290994142       -0.12851225106857
C           -1.27882764681940       -0.72470483058547       -0.45644829399583
C           -0.14448702168646       -1.18295211788077        0.45368532121135
C            0.83770363035758       -0.01650973775463        0.38450781802371
C           -0.06897477985389        1.22316317764471        0.40186142137782
O            1.58015791201622       -0.14189747640523       -0.82129302397012
H           -2.20395446827319        0.89891623663937        0.63548631258556
H           -1.73876376035437        1.32908926965396       -1.00803747967101
H           -2.19580303157924       -1.28708148419055       -0.29491252165779
H           -0.96858338660261       -0.84870506351528       -1.49374862017505
H           -0.49555180461848       -1.30128995134069        1.47837982801842
H            0.31904092667878       -2.10809802870396        0.11897799404565
H            1.54425802355126       -0.01987920548167        1.22609870131832
H           -0.15460684836699        1.59180653567360        1.42279139255637
H            0.35164991855063        2.01957392678271       -0.21010535659605
H            2.11055634794956        0.65597893150508       -0.94546962325996
16
 energy: -19.881469887003 gnorm: 0.001676655350 xtb: 6.7.1 (edcfbbe)
C           -1.44307615812068        0.76358669920259       -0.12498237149980
C           -1.28036994077345       -0.72417054366620       -0.45616642891274
C           -0.14379680717728       -1.18488230727113        0.45101602451155
C            0.83777715874058       -0.01524327959793        0.38235048298780
C           -0.06987243949678        1.22618062368168        0.39721233145809
O            1.58407827976689       -0.14425167355772       -0.81394889526620
H           -2.20238360623947        0.89811604593196        0.64425244954468
H           -1.74959114703006        1.33014571856558       -1.00175542580328
H           -2.19609383963008       -1.28862679394939       -0.29612772440046
H           -0.97029336904611       -0.84488858266231       -1.49384693835547
H           -0.49050806332204       -1.30864895736530        1.47591535797838
H            0.32160380974696       -2.10667625444159        0.10982478154568
H            1.53419637940346       -0.01583187303712        1.23451090205396
H           -0.15087870332519        1.60007406312357        1.41655370888605
H            0.34919094294092        2.01883860083335       -0.22057855174328
H            2.12416285762623        0.64693160619255       -0.94096808424215
16
 energy: -19.881506929115 gnorm: 0.002781227560 xtb: 6.7.1 (edcfbbe)
C           -1.44782054917260        0.76297842640083       -0.11998036429398
C           -1.28323362191711       -0.72387654518105       -0.45747101178878
C           -0.14315631663368       -1.18552227847348        0.44651737662693
C            0.83964026471532       -0.01433121382623        0.38297500305906
C           -0.06986795051297        1.22880507909327        0.39031295982498
O            1.59240162478791       -0.14531554876500       -0.80571345370414
H           -2.19954463192136        0.89182250347601        0.65879603861902
H           -1.76791682489073        1.33199777830492       -0.99146706022837
H           -2.19850888337315       -1.29050345815238       -0.29846683893120
H           -0.97613267789214       -0.83994151662168       -1.49723794477888
H           -0.48779586639677       -1.31662018771339        1.47157310672118
H            0.32415595760383       -2.10494054141900        0.10026754598073
H            1.52503291400737       -0.01195949258953        1.24591925385842
H           -0.14507815802173        1.61516585441472        1.40621210021585
H            0.34873287653471        2.01417115128849       -0.23829779090797
H            2.14323719714701        0.63872308174608       -0.93067730153004
16
 energy: -19.881528535973 gnorm: 0.002331129290 xtb: 6.7.1 (edcfbbe)
C           -1.44928154156924        0.76243925497997       -0.11728006880800
C           -1.28333681346831       -0.72338051860459       -0.45860520078113
C           -0.14331177072707       -1.18611178091023        0.44470672771520
C            0.83880098250434       -0.01428695988303        0.38401968213759
C           -0.06982452660290        1.23009780705430        0.38712987009236
O            1.59548134171827       -0.14551916814022       -0.80288270268354
H           -2.19694895945203        0.88723247654544        0.66634792399275
H           -1.77568489409850        1.33359319249809       -0.98522128388988
H           -2.19822139422610       -1.29119569020660       -0.30033189751235
H           -0.97698265276849       -0.83739125289801       -1.49904707062458
H           -0.48867905626287       -1.31927702374993        1.46948983997666
H            0.32474222643034       -2.10510461058368        0.09772142499030
H            1.52155837530248       -0.01165542511579        1.24859628311735
H           -0.14214320196498        1.62380359061136        1.40064161368527
H            0.34837273256072        2.01081682818983       -0.24795855454482
H            2.14960450668824        0.63659237219567       -0.92406496812036
16
 energy: -19.881577661162 gnorm: 0.001439606303 xtb: 6.7.1 (edcfbbe)
C           -1.45236069566893        0.76062010183414       -0.11039991073960
C           -1.28280097098466       -0.72182306300159       -0.46198008937466
C           -0.14463095390519       -1.18618704561603        0.44196744047084
C            0.83693526028357       -0.01446212303060        0.38684331248948
C           -0.06969099173478        1.23177749753280        0.38048531802855
O            1.60119190373485       -0.14640011488189       -0.79771023471505
H           -2.19082481119180        0.87456881608479        0.68392017589797
H           -1.79277441888782        1.33683486898971       -0.96970164314668
H           -2.19702371103745       -1.29240523792396       -0.30818630576505
H           -0.97485534722109       -0.82965287054674       -1.50290387309653
H           -0.49299757068579       -1.32237519797855        1.46571892218918
H            0.32493409987744       -2.10441392551082        0.09469711043672
H            1.51587216777997       -0.01162683511933        1.25291984956449
H           -0.13481789241712        1.64276950847784        1.38790364497129
H            0.34705337392880        2.00080185273879       -0.27016835578845
H            2.16093591219391        0.63262685993402       -0.91014374267967
16
 energy: -19.881686123150 gnorm: 0.005124461947 xtb: 6.7.1 (edcfbbe)
C           -1.46248477047106        0.75508948395248       -0.08813426198874
C           -1.28088572075593       -0.71642919492375       -0.47200778002820
C           -0.14890966240124       -1.18675798069536        0.43438234518824
C            0.83101399215350       -0.01453855105857        0.39398210784840
C           -0.06936845315527        1.23717778085078        0.35876737792248
O            1.61823677929748       -0.15171392060540       -0.78025348174164
H           -2.17111566732595        0.83591597632324        0.73940590255263
H           -1.84703297311144        1.34576517681207       -0.92038928462047
H           -2.19251710070901       -1.29653213341427       -0.33629331679789
H           -0.96336274337897       -0.80172441035756       -1.51272840488452
H           -0.50583735137358       -1.33032305684857        1.45464605872204
H            0.32481247649766       -2.10237992414251        0.08559348551221
H            1.49735477811041       -0.01005834302928        1.26692696639822
H           -0.11166487767829        1.69825597961868        1.34746119622899
H            0.34039844788568        1.97135524200671       -0.33838865995593
H            2.19550820047991        0.61755096749389       -0.86970863161300
16
 energy: -19.881753071236 gnorm: 0.005738922324 xtb: 6.7.1 (edcfbbe)
C           -1.46774130802040        0.75213730532804       -0.07655507761111
C           -1.28120738903472       -0.71355761193880       -0.47649811072329
C           -0.15079995198257       -1.18685989926810        0.42990313321165
C            0.82887001284396       -0.01406220319596        0.39646506860762
C           -0.06952878694476        1.23936130784420        0.34627998430249
O            1.62917339587369       -0.15501452932590       -0.76964988134543
H           -2.15895857905524        0.81793042106122        0.76737496142731
H           -1.87502145552019        1.34890852264737       -0.89379761948045
H           -2.19129808236416       -1.29828697328090       -0.35042292601995
H           -0.95895215552030       -0.78610066142674       -1.51676401826750
H           -0.51061128164400       -1.33420105035345        1.44866287474418
H            0.32476388791385       -2.10092019080055        0.07946543781707
H            1.48642934113282       -0.00739940759816        1.27578494343623
H           -0.10066131682018        1.72381061602752        1.32417973723927
H            0.33479857372072        1.95601924890190       -0.37212649783086
H            2.21489044948538        0.60888819736089       -0.84904039076440
16
 energy: -19.881880016753 gnorm: 0.004776696746 xtb: 6.7.1 (edcfbbe)
C           -1.47590677097513        0.74779451911203       -0.05843896938055
C           -1.28323293599141       -0.70876318552511       -0.48224017391171
C           -0.15342242928842       -1.18689435534459        0.42229958690536
C            0.82614456268617       -0.01264780613248        0.39907825939704
C           -0.07007854670745        1.24232031973402        0.32591553939875
O            1.64780211863341       -0.16000985490797       -0.75097825352790
H           -2.13882149650618        0.79253410545640        0.80881335793789
H           -1.91672901699834        1.35122412419891       -0.85236893565953
H           -2.19038398637473       -1.30036138426187       -0.37049281583614
H           -0.95430844431602       -0.76095917365065       -1.52136847903242
H           -0.51556296488730       -1.34105499598631        1.43903008441532
H            0.32461568396934       -2.09773243974515        0.06699446324259
H            1.46769340669949       -0.00185125456099        1.29091501864535
H           -0.08319452897210        1.76018307759905        1.28606218799825
H            0.32357557645067        1.93138845347234       -0.42391623354173
H            2.24595512664192        0.59548294252495       -0.81604301830772
16
 energy: -19.882036924322 gnorm: 0.004800341989 xtb: 6.7.1 (edcfbbe)
C           -1.48832990293828        0.74182474655665       -0.03087986186013
C           -1.28806044442258       -0.70150556257216       -0.48966966020002
C           -0.15664571587234       -1.18741200957997        0.40914955320433
C            0.82243215189529       -0.01010819433510        0.40288307116328
C           -0.07109376700328        1.24657861945155        0.29396271617061
O            1.67821772938104       -0.16662019492263       -0.71906401289552
H           -2.10699284379551        0.75663495749964        0.87053484512961
H           -1.97798368394042        1.35364602820849       -0.78968591343664
H           -2.19030687364677       -1.30287017078443       -0.39657442281996
H           -0.95244723783914       -0.72369561280181       -1.52753453131212
H           -0.51995349804075       -1.35556353647736        1.42301057288674
H            0.32553347774219       -2.09156467368978        0.04269575596763
H            1.43637898752752        0.00736143042416        1.31603160566991
H           -0.05572588193994        1.81616373555042        1.22553319290433
H            0.30497776174036        1.89110154273090       -0.50511804789760
H            2.29414509521653        0.57668198672399       -0.76201324393162
16
 energy: -19.882185934184 gnorm: 0.004037611090 xtb: 6.7.1 (edcfbbe)
C           -1.49825774200246        0.73708412366721       -0.00638660057392
C           -1.29749664212652       -0.69511022370486       -0.49235162758044
C           -0.15739504411584       -1.18879496345817        0.39248174789473
C            0.81953032449929       -0.00665851648794        0.40547307468660
C           -0.07271676948425        1.24929225910353        0.26043258780478
O            1.71327426340162       -0.17006555054654       -0.68307848969609
H           -2.07227647863918        0.73099761089631        0.92255039843371
H           -2.02871707630292        1.35293235677385       -0.73144882613066
H           -2.19481524091950       -1.30290590577344       -0.40808569163870
H           -0.96522025913245       -0.69209847915036       -1.53023690318687
H           -0.51639774119304       -1.37598265320132        1.40439594292933
H            0.32917017845925       -2.08387629334370        0.00921366210362
H            1.40157691870533        0.01849303559275        1.34201755840648
H           -0.03296003742498        1.86472192931500        1.16027079510217
H            0.28414978527695        1.84941653345260       -0.57984528685269
H            2.34269691506263        0.56320782884764       -0.70214072295918
16
 energy: -19.882293126389 gnorm: 0.004116111524 xtb: 6.7.1 (edcfbbe)
C           -1.50217912373638        0.73515146014922        0.00842396723088
C           -1.30539967295339       -0.69191550498656       -0.49247988331323
C           -0.15684101110770       -1.19038181811240        0.37969817907619
C            0.81695173488923       -0.00400991528491        0.40838102811524
C           -0.07334773713548        1.25050062089622        0.23772383910691
O            1.73724547425280       -0.16904524665138       -0.65471954656801
H           -2.04678430023992        0.71995346352466        0.95234411382637
H           -2.05489647616774        1.35225421635815       -0.69551600982602
H           -2.19997527480136       -1.30253235050370       -0.40590238002701
H           -0.98275710154766       -0.67721096342383       -1.53261612591442
H           -0.51019294075593       -1.39664018183511        1.39011219633581
H            0.33346222937669       -2.07640886065911       -0.01961459137096
H            1.37486525233545        0.02645840742449        1.35949930483150
H           -0.01695236706890        1.89665448448798        1.11335170877344
H            0.27120420179196        1.81703167830024       -0.62908685022559
H            2.36974246693224        0.56079360229860       -0.65633733130824
16
 energy: -19.882280800841 gnorm: 0.011031262791 xtb: 6.7.1 (edcfbbe)
C           -1.51281375243783        0.73117302191424        0.04308620348228
C           -1.31945567564051       -0.68359057222369       -0.49563629689843
C           -0.15637880906552       -1.19342259681828        0.35177051215129
C            0.81018394964030        0.00105252984093        0.41683635907765
C           -0.07388565695213        1.25424437538199        0.18600531827149
O            1.79100699414472       -0.16902297301053       -0.59271296039418
H           -1.99100626072375        0.68484938355767        1.02865913514273
H           -2.12476124637364        1.35694442853175       -0.61140380994851
H           -2.20885796077406       -1.30194355031745       -0.40643847492492
H           -1.01511960948155       -0.64281914059833       -1.54154738940403
H           -0.50194840162156       -1.44064189960489        1.35706765030400
H            0.34311798583004       -2.05999232048329       -0.07924390511077
H            1.31447349989717        0.04151961910645        1.39922119912660
H            0.02168872516410        1.97597999861450        1.00742327967501
H            0.24569407106553        1.74278608596280       -0.74606733958646
H            2.43220750139261        0.55353670212866       -0.55375786222085
16
 energy: -19.882533936242 gnorm: 0.003903953018 xtb: 6.7.1 (edcfbbe)
C           -1.50697992662704        0.73633972232491        0.03616916250375
C           -1.32484250929029       -0.68516408316277       -0.48797357821037
C           -0.15142052150662       -1.19418877847678        0.34506344587149
C            0.80977942677365        0.00251751493929        0.41756374909977
C           -0.07315105025682        1.25165000972449        0.18312043074719
O            1.79851138080792       -0.16230828136308       -0.58283083365660
H           -1.98722027797455        0.70000278911870        1.01390379136692
H           -2.10760761263669        1.35873588316887       -0.62262698052340
H           -2.21646051120989       -1.29765949620571       -0.37236446515503
H           -1.04359144479291       -0.66207621045645       -1.54043547590813
H           -0.48900987748953       -1.45550435544702        1.34908332935870
H            0.35009810829964       -2.05327069331308       -0.09671140881136
H            1.30392120697873        0.04220822462458        1.39951321241626
H            0.01738063474201        1.96566646048357        0.99687557106715
H            0.24764623365423        1.73467229295951       -0.73682935911624
H            2.42709209459208        0.56903209306349       -0.53825897230718
16
 energy: -19.882631060216 gnorm: 0.004826071007 xtb: 6.7.1 (edcfbbe)
C           -1.50796749406522        0.73527484812854        0.05228265152697
C           -1.33731189278489       -0.68351838785568       -0.48275206266728
C           -0.14849277695597       -1.19785075570697        0.32600096302153
C            0.80531745503474        0.00515572692221        0.42452165751311
C           -0.07190628366318        1.25240791942785        0.15733521645104
O            1.82822896516934       -0.15518183405951       -0.54438577806782
H           -1.96064451713706        0.69607589855295        1.04061606182922
H           -2.12484544959426        1.35801134396455       -0.58757486438983
H           -2.22784949972736       -1.29630441285690       -0.35267470542710
H           -1.07823829181677       -0.65559227803221       -1.54212656726887
H           -0.47509727671628       -1.49065427826569        1.32616819460848
H            0.35885873595701       -2.04116647706597       -0.14239781594466
H            1.26731039087000        0.04961264216884        1.42189440270230
H            0.03851099623520        2.00591594286927        0.93837500156989
H            0.23535092647489        1.68993470343545       -0.79617988256904
H            2.45292136678374        0.57853249035579       -0.47584085414501
16
 energy: -19.882647036733 gnorm: 0.006963037220 xtb: 6.7.1 (edcfbbe)
C           -1.51030890116316        0.73535795439366        0.06746444231415
C           -1.34963093840982       -0.68054348501904       -0.47892079235599
C           -0.14523667065074       -1.19972934466078        0.30430522553494
C            0.80122742093002        0.00851440232308        0.43053331674306
C           -0.07026403340873        1.25216447215473        0.12387321675171
O            1.86550076054439       -0.15051576453081       -0.49956872948401
H           -1.92626736649342        0.68853522794097        1.07729129204826
H           -2.15515229170301        1.36167751014124       -0.54828332608803
H           -2.23746994281473       -1.29411086744420       -0.32989426410939
H           -1.11672430164666       -0.65013960030069       -1.54543143143077
H           -0.45943214471612       -1.52427458045502        1.29913741153672
H            0.36702724518608       -2.02565433412257       -0.18993718920259
H            1.22410755761487        0.05943553863677        1.44683186341142
H            0.05916896078042        2.04153739381608        0.86871808422078
H            0.22253376563734        1.64278726651220       -0.85704246956973
H            2.48506623437719        0.58561130259691       -0.40581503157759
16
 energy: -19.882721724507 gnorm: 0.002443640902 xtb: 6.7.1 (edcfbbe)
C           -1.50806439087171        0.73617927771014        0.06174084455969
C           -1.34749367409244       -0.68246975928326       -0.47697748875906
C           -0.14492320501343       -1.19938888934732        0.30798107523317
C            0.80167818403431        0.00750351978143        0.43043743125211
C           -0.06909269058203        1.25094359911246        0.13155394698847
O            1.85535987766478       -0.14965354669100       -0.50584669412090
H           -1.93657916001858        0.69753596203675        1.06481405887468
H           -2.14246872803899        1.36165177046973       -0.56410702835344
H           -2.23524308910143       -1.29527014185701       -0.32704289371599
H           -1.11334562891700       -0.65760344419971       -1.54276874158886
H           -0.45753471603637       -1.52003414581233        1.30175215407774
H            0.36527484531417       -2.02545455292133       -0.18415836773941
H            1.23155231299175        0.05733886554406        1.44081052886138
H            0.05528036363497        2.02870849939010        0.88369332616000
H            0.22761067114938        1.65234915031697       -0.83914548235107
H            2.47213438194654        0.58831692773284       -0.41947505063557
16
 energy: -19.882766843232 gnorm: 0.002925093450 xtb: 6.7.1 (edcfbbe)
C           -1.50867214420411        0.73829966372815        0.06573770186187
C           -1.35417591709457       -0.68158917279493       -0.46923862435957
C           -0.14125067415903       -1.20143413699258        0.29891867703525
C            0.79953214620113        0.00906611174031        0.43282799028723
C           -0.06912485304969        1.24905337888070        0.12088891784949
O            1.86899710701036       -0.14730741484855       -0.48487135002343
H           -1.93106042369594        0.70589978377374        1.06933006416600
H           -2.14369793746560        1.36193488260843       -0.55823919436732
H           -2.24002883042268       -1.29414227541042       -0.30807927542184
H           -1.13465765242708       -0.65737682027409       -1.53837533630610
H           -0.44246777999356       -1.54295168084085        1.28974832040888
H            0.37202538390753       -2.01500544709594       -0.21249227554275
H            1.21198245098797        0.06170166596308        1.45004977271715
H            0.06290648471269        2.04025720197160        0.85777793638511
H            0.22255043415304        1.63094983143361       -0.85908235503042
H            2.48128755960346        0.59329752014026       -0.39163935091660
16
 energy: -19.882822583041 gnorm: 0.003162628829 xtb: 6.7.1 (edcfbbe)
C           -1.50922437430092        0.74062436261400        0.07610768588121
C           -1.36815891594039       -0.68090297672960       -0.45757789837660
C           -0.13555467488681       -1.20415772366788        0.27890879553277
C            0.79560112716875        0.01246697216609        0.43806060624162
C           -0.06721647511315        1.24662800488149        0.09425311595037
O            1.89915143356134       -0.14188646822399       -0.43974800866163
H           -1.91121415796473        0.71693050635192        1.08954334431518
H           -2.15543697250232        1.36243603368310       -0.53926917503792
H           -2.24972838517913       -1.29325211964639       -0.27438709404833
H           -1.17688995457375       -0.65718539684678       -1.53231135731958
H           -0.41622440339094       -1.58515163375310        1.26216933589924
H            0.38176181516095       -1.99341433629806       -0.26698638989510
H            1.17059725191582        0.07141435028749        1.47057082080162
H            0.08078381109123        2.06476762673054        0.79850384549258
H            0.21208656749941        1.58796593399769       -0.90502160711342
H            2.50381166151855        0.60336995643601       -0.32955440091905
16
 energy: -19.882849278279 gnorm: 0.002351252727 xtb: 6.7.1 (edcfbbe)
C           -1.50915150170937        0.74272420481968        0.08174048939847
C           -1.37639371632075       -0.68086420139420       -0.44967716208336
C           -0.13117694363745       -1.20598932868245        0.26581777774111
C            0.79373053636293        0.01431349916646        0.44155999997941
C           -0.06568216833862        1.24411296515911        0.07706340606612
O            1.91792861053519       -0.13944718857731       -0.40870231461712
H           -1.89930318754230        0.72557813425830        1.10170937607941
H           -2.16317585416574        1.36335481620226       -0.52971526532662
H           -2.25467972734104       -1.29219687502731       -0.25091990693976
H           -1.20422427046013       -0.65743856552676       -1.52707669372915
H           -0.39758842013404       -1.61173696243590        1.24208965892963
H            0.38720171640243       -1.97786804959770       -0.30171790057401
H            1.14372662399678        0.07774062509413        1.48334172429268
H            0.09166737022794        2.07763332634395        0.76056586721522
H            0.20593467837971        1.56058132621907       -0.93222027658251
H            2.51533160780840        0.61015536596120       -0.29059716110651
16
 energy: -19.882857542596 gnorm: 0.000914896122 xtb: 6.7.1 (edcfbbe)
C           -1.50807217224872        0.74265847040153        0.08142046824330
C           -1.37658126013793       -0.68136861711337       -0.44979180547300
C           -0.13149991733647       -1.20598290729401        0.26548857095799
C            0.79297294840869        0.01430580158183        0.44169784124898
C           -0.06528427055252        1.24421819933212        0.07570068986443
O            1.91764961426293       -0.13983953540064       -0.40629370221974
H           -1.89548943558094        0.72488028643412        1.10147562481622
H           -2.16304595373650        1.36289851497764       -0.52824960155899
H           -2.25478793882671       -1.29218013687327       -0.24975992276634
H           -1.20528713282383       -0.65798989776444       -1.52675678211871
H           -0.39755321565681       -1.61216617164000        1.24088028405520
H            0.38681308519819       -1.97652977582164       -0.30262618599329
H            1.14163571749212        0.07848030333029        1.48301671523680
H            0.09195306883041        2.07687777445236        0.75943591772635
H            0.20710001860619        1.56099943123529       -0.93274120405988
H            2.51362219816583        0.61139135214471       -0.28963528921634
16
 energy: -19.882859959260 gnorm: 0.000663846886 xtb: 6.7.1 (edcfbbe)
C           -1.50767323317337        0.74318696583185        0.08141706996748
C           -1.37676961067120       -0.68133122748354       -0.44973126139786
C           -0.13140264828869       -1.20612584718040        0.26472462824529
C            0.79285013882323        0.01415181299551        0.44210989029559
C           -0.06504575767739        1.24382501629560        0.07381182205303
O            1.91899517470102       -0.14113300583344       -0.40217781727966
H           -1.89171458044431        0.72436746612576        1.10208204654671
H           -2.16417599677140        1.36279676562617       -0.52642580989409
H           -2.25521324569384       -1.29105490044804       -0.24803686691668
H           -1.20683076059862       -0.65829634678892       -1.52644366524687
H           -0.39682744614560       -1.61377525901151        1.23905827051025
H            0.38734249996473       -1.97470465445903       -0.30484301508940
H            1.13822187467184        0.07929117637323        1.48388433121370
H            0.09218167539921        2.07650689061922        0.75703875558560
H            0.20804161045447        1.55983784943501       -0.93425131215589
H            2.51216565951384        0.61311038988506       -0.28895544769420
16
 energy: -19.882861578447 gnorm: 0.000484979903 xtb: 6.7.1 (edcfbbe)
C           -1.50717544147459        0.74324883603312        0.08181404219338
C           -1.37727135850041       -0.68143343543374       -0.44947535953894
C           -0.13137790250853       -1.20648835851763        0.26405635924924
C            0.79265040443699        0.01410477032575        0.44266666592837
C           -0.06455035143104        1.24400636446132        0.07302340958067
O            1.92000591752797       -0.14125584789598       -0.39979258205795
H           -1.89051298620810        0.72449639144257        1.10290619161409
H           -2.16405970840956        1.36286320455666       -0.52569226291564
H           -2.25579286382676       -1.29092332190050       -0.24716426691379
H           -1.20808738567801       -0.65847943155495       -1.52638026473478
H           -0.39626844839164       -1.61572934095334        1.23798438804161
H            0.38756796973749       -1.97414627570857       -0.30684587208078
H            1.13615629277048        0.07956746698570        1.48525978008805
H            0.09336322643447        2.07770680766250        0.75512591181438
H            0.20812758110055        1.55843023634250       -0.93574133890018
H            2.51137040848463        0.61468502613710       -0.28848318262476
16
 energy: -19.882864215427 gnorm: 0.000419965103 xtb: 6.7.1 (edcfbbe)
C           -1.50683462397021        0.74380404315112        0.08283731659756
C           -1.37832937283229       -0.68099149302957       -0.44844419430601
C           -0.13091480058262       -1.20718507366779        0.26214250795854
C            0.79249644408689        0.01379724783130        0.44414369188702
C           -0.06374939719171        1.24333596316155        0.07099704516353
O            1.92347446527621       -0.14168987773436       -0.39337654715519
H           -1.88879361785321        0.72567622835754        1.10484563694229
H           -2.16441232350204        1.36381904127241       -0.52394109076068
H           -2.25676747668166       -1.29011671181912       -0.24451241275435
H           -1.21148868833653       -0.65814254646152       -1.52596582852825
H           -0.39393564820044       -1.62083717479473        1.23503823460270
H            0.38857633473777       -1.97230672962473       -0.31226555195667
H            1.13120448451165        0.07965488107215        1.48886727845140
H            0.09612639888296        2.07984422094054        0.74959715309081
H            0.20760875612263        1.55322946562066       -0.93977449358836
H            2.50988441959654        0.61876160770707       -0.28692712690133
16
 energy: -19.882865811157 gnorm: 0.000376873048 xtb: 6.7.1 (edcfbbe)
C           -1.50621711057500        0.74404923365591        0.08371870555098
C           -1.37939015342779       -0.68083849031601       -0.44752059701376
C           -0.13057632445498       -1.20755572049598        0.26027228468949
C            0.79194783684941        0.01371320127745        0.44511257873663
C           -0.06301855643735        1.24287545202399        0.06900991244204
O            1.92622044696967       -0.14176029054361       -0.38788290008834
H           -1.88649116155634        0.72665504156277        1.10635120649699
H           -2.16447880303448        1.36426050321781       -0.52210501688765
H           -2.25748194257954       -1.28982304986882       -0.24168318904472
H           -1.21503435518674       -0.65814626917991       -1.52544244661497
H           -0.39198145580019       -1.62483840635191        1.23202768595427
H            0.38906615536591       -1.97032339370262       -0.31708518837406
H            1.12686854957460        0.07992314592654        1.49108718813232
H            0.09830244691274        2.08146952331666        0.74461615487074
H            0.20750080520486        1.54908288485608       -0.94313084462121
H            2.50890897623917        0.62190972660417       -0.28408391548577
16
 energy: -19.882866877641 gnorm: 0.000193353025 xtb: 6.7.1 (edcfbbe)
C           -1.50611289151783        0.74425699428909        0.08409901914190
C           -1.37999168399600       -0.68070406889034       -0.44693952848663
C           -0.13024924113142       -1.20764310555510        0.25915114699476
C            0.79163487379534        0.01374691889591        0.44546577823569
C           -0.06279770161070        1.24248981809167        0.06778293271516
O            1.92766538137099       -0.14154533846704       -0.38535735193377
H           -1.88521956420138        0.72727050174710        1.10706659446954
H           -2.16482675480097        1.36451571064149       -0.52114924023370
H           -2.25778944442345       -1.28962693516797       -0.23972490915882
H           -1.21739737941412       -0.65815409518581       -1.52508076073131
H           -0.39061531363461       -1.62681490186898        1.23028099480097
H            0.38945681748229       -1.96902368971605       -0.31981029924665
H            1.12476015708559        0.08006066086642        1.49186889952267
H            0.09914641481715        2.08207437769009        0.74184243844640
H            0.20723378998722        1.54691576298648       -0.94497577996118
H            2.50924789425583        0.62283448162556       -0.28125831583202
16
 energy: -19.882867713966 gnorm: 0.000155043715 xtb: 6.7.1 (edcfbbe)
C           -1.50618783097770        0.74439418018248        0.08435754156145
C           -1.38049319334196       -0.68066373661426       -0.44650162224568
C           -0.13000332900059       -1.20758690991484        0.25832145851155
C            0.79144203204832        0.01391747082930        0.44543470467287
C           -0.06282508823577        1.24232235262454        0.06690081844152
O            1.92851608239714       -0.14120720187257       -0.38420129895236
H           -1.88443716099227        0.72768291598211        1.10755629294614
H           -2.16525812719476        1.36458152717387       -0.52049497903398
H           -2.25802343308544       -1.28955113784117       -0.23811533103289
H           -1.21919226920100       -0.65838343650932       -1.52478834575919
H           -0.38955779292524       -1.62807186357676        1.22902582237533
H            0.38971407838261       -1.96794367055652       -0.32183122650871
H            1.12354146772186        0.08039033025977        1.49200487173706
H            0.09948138864091        2.08251388751206        0.74001311316004
H            0.20697474474240        1.54562682876454       -0.94619898509063
H            2.51045378508543        0.62263155553931       -0.27822121603954
16
 energy: -19.882868444006 gnorm: 0.000196136101 xtb: 6.7.1 (edcfbbe)
C           -1.50627210450438        0.74453847733831        0.08452873197053
C           -1.38094218101139       -0.68065775967860       -0.44606215146257
C           -0.12973406518828       -1.20760095931137        0.25757714633014
C            0.79125416206257        0.01411255704773        0.44536074883438
C           -0.06291844688774        1.24229972494673        0.06604732933657
O            1.92898327403652       -0.14075461365273       -0.38351268668443
H           -1.88375226268882        0.72804121066204        1.10796776193442
H           -2.16571494246300        1.36461229848858       -0.52000234711248
H           -2.25825725590377       -1.28947129943678       -0.23660134072112
H           -1.22089010687402       -0.65854935289862       -1.52450579473645
H           -0.38837885171802       -1.62922908668709        1.22798534006707
H            0.39003183829323       -1.96705281716758       -0.32367176435062
H            1.12256051159846        0.08065922454583        1.49209647095386
H            0.09969236855026        2.08300093902040        0.73840298889690
H            0.20652193894216        1.54475349336826       -0.94738291985525
H            2.51196147782015        0.62195105539740       -0.27496589465797
16
 energy: -19.882869081454 gnorm: 0.000167654897 xtb: 6.7.1 (edcfbbe)
C           -1.50638768526609        0.74462254233344        0.08478266713734
C           -1.38146680323209       -0.68069505491486       -0.44567156747881
C           -0.12954254691234       -1.20751552952394        0.25683856233017
C            0.79120720962975        0.01435552159984        0.44515514156356
C           -0.06304075808755        1.24231056373058        0.06527868770921
O            1.92958298689035       -0.14030658342971       -0.38288101813922
H           -1.88317348542040        0.72834442935927        1.10848897669512
H           -2.16623927529769        1.36453607334655       -0.51946001594251
H           -2.25858131571196       -1.28945933033575       -0.23521375864253
H           -1.22247256196306       -0.65884836168327       -1.52427200267457
H           -0.38738461185759       -1.63029948993138        1.22695267386767
H            0.39024526598615       -1.96612070623263       -0.32550011506752
H            1.12157700789289        0.08116507644674        1.49214555595372
H            0.09994630752253        2.08353408590659        0.73690987479856
H            0.20616045321505        1.54385209935609       -0.94848060532681
H            2.51371516667599        0.62117775595495       -0.27181143804038
16
 energy: -19.882869613635 gnorm: 0.000115886115 xtb: 6.7.1 (edcfbbe)
C           -1.50641667050765        0.74475106018491        0.08503394130064
C           -1.38184521752365       -0.68068837554200       -0.44527638468531
C           -0.12931398243165       -1.20761307834206        0.25613850909245
C            0.79105608940244        0.01453433999162        0.44506577028555
C           -0.06311073142873        1.24240157987438        0.06447571930628
O            1.93004078003142       -0.13998023375946       -0.38203826431691
H           -1.88252434585837        0.72863723690668        1.10901756392384
H           -2.16666336986554        1.36456467471185       -0.51888881968681
H           -2.25879073780021       -1.28939231849377       -0.23395113977585
H           -1.22385680442048       -0.65898481572795       -1.52403649754360
H           -0.38636161511891       -1.63148787272182        1.22600086943400
H            0.39052549520398       -1.96543044921950       -0.32724495817237
H            1.12042184893405        0.08149838527915        1.49238879781812
H            0.10024994675671        2.08418844078991        0.73535802601944
H            0.20574163854556        1.54303023456165       -0.94966472530339
H            2.51499303014495        0.62062428348893       -0.26911678895306
16
 energy: -19.882870059741 gnorm: 0.000084929874 xtb: 6.7.1 (edcfbbe)
C           -1.50637895630881        0.74481036289583        0.08526829797813
C           -1.38228922478450       -0.68070983097953       -0.44496915239147
C           -0.12917187389858       -1.20761378948295        0.25550223492981
C            0.79102386787239        0.01465105993938        0.44513786464041
C           -0.06307586935213        1.24236393579266        0.06375171568494
O            1.93065137058013       -0.13972535753636       -0.38096469090568
H           -1.88183575085297        0.72883377575443        1.10952304470809
H           -2.16700715838059        1.36455044300396       -0.51833410625926
H           -2.25913055961761       -1.28933586865767       -0.23293812778259
H           -1.22518308641170       -0.65904058585760       -1.52387300034751
H           -0.38551315708550       -1.63253524631622        1.22511161248016
H            0.39072651104171       -1.96469780647159       -0.32882951969877
H            1.11932749144886        0.08180020972630        1.49283796865251
H            0.10071045364873        2.08470485782351        0.73387659267384
H            0.20541588324352        1.54206426154355       -0.95077994897378
H            2.51587541292099        0.62053267080482       -0.26705916664585
16
 energy: -19.882870477246 gnorm: 0.000100060369 xtb: 6.7.1 (edcfbbe)
C           -1.50631458080763        0.74491482226417        0.08555488523247
C           -1.38261418539141       -0.68067083625081       -0.44466337373055
C           -0.12902519879518       -1.20773215570754        0.25488968296483
C            0.79090072682491        0.01471441032079        0.44519594626470
C           -0.06300530129404        1.24233981901769        0.06306332528444
O            1.93134270159124       -0.13960223907804       -0.37968311258107
H           -1.88112869000880        0.72908476576220        1.11008006023201
H           -2.16729100420173        1.36463663744785       -0.51770929013184
H           -2.25933342140830       -1.28924830820953       -0.23198600227196
H           -1.22629892414263       -0.65909072102220       -1.52370009513178
H           -0.38481247387992       -1.63369647765471        1.22420622753146
H            0.39093238373151       -1.96411392430158       -0.33034977221966
H            1.11803394333720        0.08206124587798        1.49329249413953
H            0.10120382168604        2.08528502464728        0.73236514282223
H            0.20520674509376        1.54100030594715       -0.95186536806037
H            2.51634881172891        0.62077072292183       -0.26542913160143
16
 energy: -19.882870901679 gnorm: 0.000120209418 xtb: 6.7.1 (edcfbbe)
C           -1.50620831630471        0.74500665782872        0.08584619846989
C           -1.38296901751629       -0.68062425449979       -0.44436737693171
C           -0.12887727187154       -1.20781371171559        0.25424587589482
C            0.79077694796461        0.01475488091781        0.44540052388492
C           -0.06287128188248        1.24224052532298        0.06232860446462
O            1.93212444291906       -0.13955015843489       -0.37815341089017
H           -1.88035393974419        0.72932002948622        1.11063348040232
H           -2.16752449653661        1.36473468441696       -0.51704515120200
H           -2.25957236857502       -1.28914446891686       -0.23103197100146
H           -1.22749250272291       -0.65908317102409       -1.52353630364500
H           -0.38408227076303       -1.63486607558218        1.22324363233831
H            0.39113508957669       -1.96345040485812       -0.33193581816031
H            1.11669921908141        0.08223529467704        1.49390239094967
H            0.10178229867828        2.08582628344440        0.73072716943275
H            0.20502361263818        1.53979030637680       -0.95302523296793
H            2.51655520912247        0.62127667454312       -0.26397099229572
16
 energy: -19.882871330555 gnorm: 0.000111677196 xtb: 6.7.1 (edcfbbe)
C           -1.50608036298001        0.74511822354806        0.08610747039746
C           -1.38334963371495       -0.68057566370371       -0.44404171596732
C           -0.12873366185360       -1.20792742827543        0.25358694482010
C            0.79062919798485        0.01475223411068        0.44561900869026
C           -0.06269905557468        1.24208074162820        0.06158326674032
O            1.93301476290841       -0.13946400004930       -0.37650166017088
H           -1.87949267071429        0.72961245467183        1.11116183935245
H           -2.16772567990196        1.36488063859753       -0.51639481473615
H           -2.25983219990557       -1.28901937125792       -0.22998776354104
H           -1.22880984834679       -0.65907280670193       -1.52334620024510
H           -0.38333704358923       -1.63616116511343        1.22222034097351
H            0.39135305234853       -1.96274524621430       -0.33358135332769
H            1.11528089152808        0.08239242330089        1.49451550503312
H            0.10241845150137        2.08633713334520        0.72901604205962
H            0.20485903947386        1.53844869030079       -0.95420665622025
H            2.51665011489992        0.62199623379535       -0.26248863511544
16
 energy: -19.882871739666 gnorm: 0.000073626733 xtb: 6.7.1 (edcfbbe)
C           -1.50598176558995        0.74523198862910        0.08641189068002
C           -1.38372357715468       -0.68050906756868       -0.44371374053871
C           -0.12855910057606       -1.20799102266669        0.25288329237384
C            0.79046665831691        0.01479241942321        0.44586350853002
C           -0.06254621147970        1.24192598726274        0.06080185263093
O            1.93388424959390       -0.13941916448673       -0.37484950749015
H           -1.87869578200442        0.72992536900556        1.11171691495467
H           -2.16794506597371        1.36499724363724       -0.51572520418420
H           -2.26005467297338       -1.28889248587713       -0.22887736324940
H           -1.23013429667051       -0.65912101652041       -1.52315241908844
H           -0.38254885561927       -1.63741159574351        1.22113468360862
H            0.39157408073321       -1.96197363427791       -0.33530490774268
H            1.11388612406326        0.08253520660226        1.49512997966803
H            0.10301068721415        2.08684031759322        0.72726713394973
H            0.20473513810195        1.53711520196939       -0.95540660173319
H            2.51677774408222        0.62260734500086       -0.26091789362610
16
 energy: -19.882872098800 gnorm: 0.000051556822 xtb: 6.7.1 (edcfbbe)
C           -1.50588775386252        0.74535181529919        0.08661405176746
C           -1.38409973221698       -0.68047516712491       -0.44337064471025
C           -0.12839907572424       -1.20808044178053        0.25224689756019
C            0.79031717004707        0.01480918882854        0.44603068751122
C           -0.06241174623732        1.24177717805855        0.06011120255853
O            1.93470308546182       -0.13930129864168       -0.37339614039049
H           -1.87793231339644        0.73025082409519        1.11214182929100
H           -2.16813318911473        1.36513168452841       -0.51519091400523
H           -2.26029435583488       -1.28878038146769       -0.22775604596455
H           -1.23148208977055       -0.65916691191063       -1.52293832779010
H           -0.38176651876082       -1.63863933817912        1.22014337724533
H            0.39179484532729       -1.96124497568649       -0.33691227323927
H            1.11261374513023        0.08267964168352        1.49561466804855
H            0.10353806528428        2.08729067950277        0.72570020385262
H            0.20457629520838        1.53590498771923       -0.95647195509285
H            2.51700892252332        0.62314560705818       -0.25930499789918
16
 energy: -19.882872403225 gnorm: 0.000051401939 xtb: 6.7.1 (edcfbbe)
C           -1.50583384972632        0.74545377059334        0.08682981258978
C           -1.38442843088972       -0.68043912279722       -0.44307432276042
C           -0.12824839354111       -1.20813130379234        0.25166522368309
C            0.79018678956142        0.01485557869395        0.44616938326094
C           -0.06231945922282        1.24165966124193        0.05946902938734
O            1.93535737954084       -0.13916657391549       -0.37220650997442
H           -1.87731194261079        0.73055682361770        1.11255719519538
H           -2.16832557478890        1.36521390630826       -0.51471425272412
H           -2.26048650129242       -1.28867840298075       -0.22673874085047
H           -1.23265916689169       -0.65927227283507       -1.52275679108794
H           -0.38105788053908       -1.63968783349697        1.21924592565061
H            0.39198604144556       -1.96057599462770       -0.33835926490568
H            1.11153557895508        0.08283594493296        1.49602157749165
H            0.10396698254634        2.08766662426330        0.72432312439880
H            0.20444572053837        1.53489558711046       -0.95742803535110
H            2.51733806097918        0.62346669966617       -0.25774173526045
16
 energy: -19.882872662413 gnorm: 0.000061517368 xtb: 6.7.1 (edcfbbe)
C           -1.50580316257564        0.74554456625178        0.08698314883443
C           -1.38473093872770       -0.68042606033650       -0.44279333258670
C           -0.12810006442775       -1.20816121494770        0.25115321400528
C            0.79008688219181        0.01492459204549        0.44624072027865
C           -0.06227128768000        1.24160016022748        0.05893733090193
O            1.93590110936260       -0.13905206446147       -0.37125658027178
H           -1.87680703130660        0.73080873468062        1.11287290044864
H           -2.16852227699341        1.36526643454238       -0.51434381277196
H           -2.26066701190811       -1.28861293556473       -0.22581062984992
H           -1.23372576388362       -0.65936447227655       -1.52257787010369
H           -0.38037948241653       -1.64057300440960        1.21847918157510
H            0.39216675447525       -1.95997844181238       -0.33963721580341
H            1.11062878867273        0.08298240182027        1.49632292164893
H            0.10429152517663        2.08803411871487        0.72317379857988
H            0.20429406939270        1.53408685824699       -0.95822310893006
H            2.51778324471157        0.62357341926160       -0.25625904721231
16
 energy: -19.882872893393 gnorm: 0.000058240428 xtb: 6.7.1 (edcfbbe)
C           -1.50577815484119        0.74562188836611        0.08714054521742
C           -1.38500012861326       -0.68041569934017       -0.44255114847671
C           -0.12798388517369       -1.20820589789851        0.25070265864905
C            0.79000016520827        0.01497671637750        0.44628777319026
C           -0.06223206334584        1.24153736775927        0.05842966708512
O            1.93635632723178       -0.13887610400711       -0.37046140596587
H           -1.87633964560574        0.73105369290728        1.11319326760816
H           -2.16869838311979        1.36531450740689       -0.51399211386656
H           -2.26082967453737       -1.28854247600155       -0.22498225535059
H           -1.23467658535249       -0.65947147339718       -1.52243149950090
H           -0.37979319834583       -1.64140009091969        1.21779732084509
H            0.39231435235811       -1.95945633100155       -0.34077988637163
H            1.10982892843059        0.08315683078674        1.49657628229800
H            0.10458694042535        2.08833726340581        0.72213191560391
H            0.20413712817079        1.53337505631067       -0.95897044064744
H            2.51825323117422        0.62364784122801       -0.25482906157432
16
 energy: -19.882873104302 gnorm: 0.000048734966 xtb: 6.7.1 (edcfbbe)
C           -1.50576757762103        0.74569494472504        0.08727926957545
C           -1.38526427055513       -0.68041202199322       -0.44231011151131
C           -0.12785467297102       -1.20822436804560        0.25025926959064
C            0.78992657351781        0.01505855210367        0.44631101263517
C           -0.06221741128301        1.24152012574006        0.05796961568415
O            1.93677000714383       -0.13875161785168       -0.36973920396166
H           -1.87592388868230        0.73124949359722        1.11348192496742
H           -2.16890466782382        1.36533697034430       -0.51366930771185
H           -2.26098917456956       -1.28849907198948       -0.22419987297190
H           -1.23557437945779       -0.65956072100432       -1.52227823414639
H           -0.37919575063679       -1.64212582730326        1.21715418433908
H            0.39247160323282       -1.95895676797689       -0.34186779277449
H            1.10907190177714        0.08331748406133        1.49680598930339
H            0.10484470306776        2.08867532204766        0.72116741501157
H            0.20397694945770        1.53273941938547       -0.95965478755050
H            2.51877540946732        0.62359117614223       -0.25344775173579
16
 energy: -19.882873297520 gnorm: 0.000036009443 xtb: 6.7.1 (edcfbbe)
C           -1.50574799381285        0.74575745342622        0.08742999468563
C           -1.38550615204513       -0.68040548267574       -0.44209622993804
C           -0.12774833728123       -1.20825712558832        0.24985304145709
C            0.78985844171723        0.01512200399093        0.44633384214115
C           -0.06219702244040        1.24148936033117        0.05750918450770
O            1.93716908545724       -0.13860411988852       -0.36904081720473
H           -1.87549811152368        0.73143718410862        1.11378731221926
H           -2.16909156095690        1.36536532160204       -0.51332641144342
H           -2.26113759932964       -1.28844591385068       -0.22348006977850
H           -1.23641326809046       -0.65963381431624       -1.52215190565369
H           -0.37865959505581       -1.64284686077325        1.21655459217275
H            0.39260089759665       -1.95849404693950       -0.34289493762641
H            1.10834814639764        0.08348768168757        1.49702846662957
H            0.10509893099795        2.08898851576103        0.72021821594183
H            0.20380213135115        1.53211515467379       -0.96034107443096
H            2.51926736108216        0.62357778043340       -0.25212158493623
16
 energy: -19.882873473575 gnorm: 0.000031477140 xtb: 6.7.1 (edcfbbe)
C           -1.50572940658665        0.74582216181481        0.08757297772704
C           -1.38574499108726       -0.68039839264133       -0.44188330745702
C           -0.12764153549646       -1.20828921544146        0.24944831451841
C            0.78978842681412        0.01518330935003        0.44636476680332
C           -0.06217271926268        1.24146058805938        0.05707096987165
O            1.93755334697922       -0.13847466975526       -0.36834821074499
H           -1.87508335352316        0.73160832376954        1.11408122034229
H           -2.16927954498498        1.36540046405986       -0.51299164357761
H           -2.26128679996885       -1.28840183930499       -0.22279978967526
H           -1.23720793678461       -0.65970197311163       -1.52201730481070
H           -0.37814354350530       -1.64352706936460        1.21596342091909
H            0.39273824773295       -1.95805777715219       -0.34387978661049
H            1.10762890029893        0.08365148782030        1.49725927942101
H            0.10536863679448        2.08929353828265        0.71930141968841
H            0.20365363421813        1.53149655598512       -0.96099691863739
H            2.51970399242604        0.62358759961232       -0.25088378903476
16
 energy: -19.882873602752 gnorm: 0.000045157271 xtb: 6.7.1 (edcfbbe)
C           -1.50571049553045        0.74583007494414        0.08770158796821
C           -1.38594030042118       -0.68040489766669       -0.44175264304616
C           -0.12755586033279       -1.20828877876178        0.24908159231484
C            0.78974709561909        0.01522849315092        0.44634642324976
C           -0.06215138823736        1.24142605804751        0.05665650983055
O            1.93792746798032       -0.13834598715852       -0.36778697997025
H           -1.87464914366457        0.73172480611681        1.11436353597052
H           -2.16948680176496        1.36537456607456       -0.51264359167659
H           -2.26138334573992       -1.28841676025051       -0.22227901256838
H           -1.23791020660498       -0.65968320599598       -1.52195477547346
H           -0.37784460193695       -1.64385657797443        1.21549855090066
H            0.39281073512320       -1.95781785587074       -0.34456699084288
H            1.10715575109003        0.08370059502396        1.49737121689749
H            0.10550655748101        2.08949676371405        0.71854271596658
H            0.20352788533407        1.53107315914397       -0.96156801972173
H            2.52010200566936        0.62361263944524       -0.24974850105615
16
 energy: -19.882873735096 gnorm: 0.000036679450 xtb: 6.7.1 (edcfbbe)
C           -1.50569315582053        0.74587138828129        0.08783932849844
C           -1.38610617510039       -0.68038221748231       -0.44161113691371
C           -0.12748198087882       -1.20831666675067        0.24877829932787
C            0.78967559415294        0.01527424984303        0.44634375394839
C           -0.06213240486225        1.24139576229190        0.05630454634249
O            1.93826332760764       -0.13824727176901       -0.36723474240150
H           -1.87427284590468        0.73181946912292        1.11463105441059
H           -2.16965466698126        1.36541257395766       -0.51230561838214
H           -2.26146576220159       -1.28838864908924       -0.22179530990068
H           -1.23851933761254       -0.65968027821951       -1.52187697311283
H           -0.37746204998602       -1.64437928381573        1.21505854652536
H            0.39289614999513       -1.95748722689641       -0.34530543355030
H            1.10654230286215        0.08384317873034        1.49752288468002
H            0.10573933136182        2.08976225021376        0.71776235413810
H            0.20338076632651        1.53051731754522       -0.96210858653393
H            2.52043626110580        0.62363849601926       -0.24874134833318
16
 energy: -19.882873899569 gnorm: 0.000033356303 xtb: 6.7.1 (edcfbbe)
C           -1.50566919006200        0.74594744811944        0.08801057721983
C           -1.38633220136403       -0.68034624847718       -0.44139820150899
C           -0.12738307605697       -1.20833611175802        0.24840667571101
C            0.78959364842003        0.01533640410631        0.44645253155955
C           -0.06209641585455        1.24133138170422        0.05587245695646
O            1.93863997046825       -0.13815088330811       -0.36647910291101
H           -1.87386421181853        0.73194954312580        1.11494018526712
H           -2.16981783463464        1.36549283711998       -0.51192390073390
H           -2.26162226754089       -1.28830961137888       -0.22118546919000
H           -1.23922342745905       -0.65972041856986       -1.52173066270802
H           -0.37691817287038       -1.64515644344441        1.21445829304961
H            0.39303281826801       -1.95696337862079       -0.34632932698955
H            1.10576997896574        0.08403157488115        1.49783572469534
H            0.10608357554757        2.09009264256688        0.71674789022171
H            0.20318743525896        1.52974618227305       -0.96280161088386
H            2.52076472479640        0.62370817364295       -0.24761444101232
16
 energy: -19.882874090672 gnorm: 0.000030702443 xtb: 6.7.1 (edcfbbe)
C           -1.50561935306753        0.74605430292141        0.08819834703078
C           -1.38660276800176       -0.68031265687521       -0.44111621247164
C           -0.12725325235789       -1.20841007465872        0.24794115161118
C            0.78946538948514        0.01539256312633        0.44656309615186
C           -0.06204088613712        1.24127858013355        0.05534371346892
O            1.93913785065527       -0.13805860034304       -0.36546120597241
H           -1.87335043683349        0.73218643527675        1.11529554020787
H           -2.16998647093016        1.36558576491178       -0.51150752002755
H           -2.26180120856584       -1.28819995213087       -0.22034434687305
H           -1.24014850602124       -0.65979651230011       -1.52153948479056
H           -0.37624574338726       -1.64617789724881        1.21369738221682
H            0.39322662753675       -1.95635189374997       -0.34761618690781
H            1.10477943048107        0.08421832936153        1.49819436305731
H            0.10646171630624        2.09051182630565        0.71553604030398
H            0.20302229701283        1.52885489775976       -0.96362847902763
H            2.52110066788892        0.62387797949253       -0.24629457923507
16
 energy: -19.882874284228 gnorm: 0.000036262410 xtb: 6.7.1 (edcfbbe)
C           -1.50556469985617        0.74614863297504        0.08837262862525
C           -1.38693153731302       -0.68029574034827       -0.44083678401915
C           -0.12712353176097       -1.20844079468350        0.24741501882811
C            0.78938192703242        0.01543992863652        0.44669774906279
C           -0.06195757770890        1.24117446013999        0.05478231176472
O            1.93975311366742       -0.13796018781397       -0.36432506564200
H           -1.87279587843866        0.73246197862414        1.11565147183931
H           -2.17016676678360        1.36564744711701       -0.51110831155254
H           -2.26201600197004       -1.28810326023677       -0.21939854770278
H           -1.24125993668799       -0.65990202256922       -1.52136839978538
H           -0.37553964920819       -1.64718404977439        1.21287190630901
H            0.39340498972080       -1.95567238453725       -0.34899247342135
H            1.10373630556301        0.08440869796291        1.49861482608327
H            0.10688223737040        2.09086640348564        0.71429914428124
H            0.20290083153478        1.52791157224834       -0.96447983020588
H            2.52144152890264        0.62415241075631       -0.24493402572162
16
 energy: -19.882874455980 gnorm: 0.000028901616 xtb: 6.7.1 (edcfbbe)
C           -1.50548911077881        0.74625588673561        0.08852745694827
C           -1.38720254392583       -0.68027821269490       -0.44054670323533
C           -0.12697480133673       -1.20853159798701        0.24689713122462
C            0.78925796758778        0.01546946643866        0.44681865036360
C           -0.06186209947634        1.24111520787959        0.05423724570129
O            1.94029005932940       -0.13786482194107       -0.36325125463395
H           -1.87226806662732        0.73276226200232        1.11597060909814
H           -2.17028462927115        1.36573630437339       -0.51075860268640
H           -2.26217024044181       -1.28801690437973       -0.21845820007481
H           -1.24229208521602       -0.66002359263324       -1.52117999772609
H           -0.37489629639208       -1.64814745895280        1.21207912494585
H            0.39358540528857       -1.95513707179293       -0.35027458635189
H            1.10274194134492        0.08451439381853        1.49900030735098
H            0.10725743906637        2.09122203344032        0.71314908187310
H            0.20279192370692        1.52711643578704       -0.96528748237208
H            2.52166049120606        0.62446076188874       -0.24366116168230
16
 energy: -19.882874599411 gnorm: 0.000024910511 xtb: 6.7.1 (edcfbbe)
C           -1.50543656888960        0.74632886295554        0.08866558983692
C           -1.38747651244505       -0.68027364758728       -0.44030727983192
C           -0.12686095166035       -1.20856962910071        0.24644478895116
C            0.78919208879601        0.01549627635162        0.44689957991122
C           -0.06178297551630        1.24103655492977        0.05376754819233
O            1.94083322108699       -0.13778004708756       -0.36230063254150
H           -1.87181613275083        0.73301757512819        1.11625325662359
H           -2.17040816391847        1.36577842563709       -0.51045358621004
H           -2.26235011147666       -1.28794185228684       -0.21764036878721
H           -1.24324844205262       -0.66012189304842       -1.52103276644195
H           -0.37434740534066       -1.64894306319076        1.21139015109747
H            0.39373054394599       -1.95462693350599       -0.35138740627519
H            1.10192667664992        0.08461265756242        1.49930158308879
H            0.10756901201882        2.09150735384484        0.71215043229667
H            0.20271424004872        1.52638851728182       -0.96598143917210
H            2.52190683556801        0.62474393409880       -0.24250783199522
16
 energy: -19.882874719395 gnorm: 0.000022502596 xtb: 6.7.1 (edcfbbe)
C           -1.50538729702760        0.74639607391377        0.08878473984685
C           -1.38770414355658       -0.68026559086101       -0.44010505366135
C           -0.12675709390616       -1.20861216268855        0.24603951934018
C            0.78911484775693        0.01552145347824        0.44698426971426
C           -0.06171378583305        1.24096936547800        0.05334110821859
O            1.94127310470289       -0.13769186862350       -0.36148524425686
H           -1.87138125426416        0.73324412355666        1.11651165415080
H           -2.17053262799026        1.36582301475380       -0.51016704152624
H           -2.26247588293121       -1.28788936392548       -0.21692160572666
H           -1.24409107256913       -0.66019558721978       -1.52091389317520
H           -0.37384797491565       -1.64963185545915        1.21078704882546
H            0.39385319437787       -1.95419737567605       -0.35236994202910
H            1.10118124710759        0.08470959018824        1.49958559031388
H            0.10786076955152        2.09175351306250        0.71125929689830
H            0.20263362241166        1.52574903731838       -0.96660907832864
H            2.52211970114926        0.62497072468647       -0.24145974986125
16
 energy: -19.882874823676 gnorm: 0.000022051136 xtb: 6.7.1 (edcfbbe)
C           -1.50534964476212        0.74645744331735        0.08890680377074
C           -1.38791365355971       -0.68025662266414       -0.43990663307032
C           -0.12666148017180       -1.20864443705828        0.24567647873763
C            0.78905016506622        0.01555603414610        0.44703690550939
C           -0.06166202619800        1.24092183953215        0.05295298352800
O            1.94167538484644       -0.13760775978963       -0.36077189158644
H           -1.87101012616889        0.73341906175659        1.11675447081608
H           -2.17065292236310        1.36586465160220       -0.50988837684300
H           -2.26260527780636       -1.28783778540878       -0.21628581737870
H           -1.24481770338401       -0.66026635379344       -1.52078257653645
H           -0.37341679987504       -1.65026450236028        1.21023250239285
H            0.39396820191022       -1.95379800822198       -0.35325516504273
H            1.10051863916535        0.08480610674100        1.49981306367609
H            0.10810966126760        2.09200665559861        0.71043255720241
H            0.20254090187905        1.52517053806027       -0.96718362558745
H            2.52237203421806        0.62512623052480       -0.24047006084508
16
 energy: -19.882874918035 gnorm: 0.000021232999 xtb: 6.7.1 (edcfbbe)
C           -1.50532037017732        0.74651130519150        0.08902408735154
C           -1.38810096200300       -0.68024304991559       -0.43974106384056
C           -0.12657424072225       -1.20867592095307        0.24534671456068
C            0.78898022518338        0.01559075608096        0.44709347704488
C           -0.06162546192349        1.24087330316263        0.05258705791312
O            1.94201848371363       -0.13752554379399       -0.36012285650256
H           -1.87064380330137        0.73358295202509        1.11699323271194
H           -2.17077999070676        1.36590454957074       -0.50961098048076
H           -2.26271601830581       -1.28778502118628       -0.21571722468215
H           -1.24549527462240       -0.66030723565655       -1.52068454261188
H           -0.37297455187917       -1.65084914278251        1.20973890060667
H            0.39407860969274       -1.95341992191007       -0.35407771190398
H            1.09990347957774        0.08491360169235        1.50002700056366
H            0.10834326062882        2.09224151006665        0.70964907589145
H            0.20242401402874        1.52461451188565       -0.96773229913793
H            2.52262795488046        0.62522643850501       -0.23951124874112
