----------------------------------------------- 
  Element       SASA      Sigma Z        Total  
     Z         Ang**2 cal/Ang**2/mol   kcal/mol 
----------------------------------------------- 
      H        112.600      48.690       5.482
      C         65.500     129.740       8.498
      O         18.679       0.000       0.000

 Subtotal:     196.780                  13.980
 -----------------------------------------------

  Elements    COT*SASA   Sigma Z,Z'     Total   
    Z,Z'       Ang**2  cal/Ang**2/mol kcal/mol  
 ---------------------------------------------- 
  H   C         67.726     -60.770      -4.116
  H   O          8.528       0.000       0.000
  C   C         82.463     -72.950      -6.016
  O   C          2.280      68.690       0.157

 Subtotal:                              -9.975
 ---------------------------------------------- 

 NONAQUEOUS SOLVENT CONTRIBUTION (kcal/mol):
 (proportional to SASA, atomic number independent)
 ---------------------------------------------- 
 Subtotal:                               0.000
 ---------------------------------------------- 

 CDS TOTAL (kcal/mol):                   4.006
...............................................................................
