17
 energy: -326.826420326725 gnorm: 0.002272467329 xtb: 6.7.1 (edcfbbe)
C           -2.75317262150069       -0.08134872153130       -0.72090134110906
C           -1.94109414425665        0.12256688529159        0.56735469197688
C           -0.46355380879236        0.04514700887695        0.30601825470670
C            0.19673748479006       -1.18797014075935        0.32477999471083
C            1.55495692411500       -1.23919092074213        0.04499692283740
C            2.22282851862844       -0.05333026577633       -0.24805104493738
C            1.49119021446578        1.12665133608286       -0.25120565490096
N            0.17844334710577        1.19137318646127        0.01682722486002
H           -2.54507473546524       -1.06387130087420       -1.15963033841222
H           -2.50674346740057        0.68441766655171       -1.46508785878513
H           -3.82517195160983       -0.02176346797666       -0.51071559244485
H           -2.21920250140689       -0.64802410040217        1.29429813917915
H           -2.17811551492101        1.09852866995590        1.00210816791972
H           -0.35920738146629       -2.09063868951142        0.56065098058558
H            2.08588196102035       -2.18631805691876        0.05937381665636
H            3.28500780619503       -0.03921457705354       -0.46640620420179
H            1.98142242793750        2.07275515287334       -0.47508633086705
17
 energy: -326.826428693880 gnorm: 0.000854281936 xtb: 6.7.1 (edcfbbe)
C           -2.75215689711779       -0.08073520594950       -0.72080620701352
C           -1.94165056632317        0.12185709971361        0.56696423393067
C           -0.46385111854960        0.04468007988908        0.30661193179764
C            0.19706724320317       -1.18760604424903        0.32616155897932
C            1.55503318156081       -1.23878342453950        0.04535673326953
C            2.22219785045288       -0.05346093895777       -0.24925313644479
C            1.49065855798363        1.12616293124378       -0.25041823995769
N            0.17775845295811        1.19137092686586        0.01829790497442
H           -2.54366142928407       -1.06197246279681       -1.16008893921665
H           -2.50474554974305        0.68478792073172       -1.46339151637136
H           -3.82466864307646       -0.02093625402200       -0.51245410584165
H           -2.22063523030674       -0.64841632868945        1.29359012469873
H           -2.17968987400120        1.09730623507221        1.00178964980136
H           -0.35741027438106       -2.09058602393273        0.56292204381535
H            2.08620907089873       -2.18552113370188        0.05971178148333
H            3.28397590118724       -0.03994136833124       -0.46979092640195
H            1.98070150609467        2.07156382047266       -0.47587910432395
17
 energy: -326.826431585336 gnorm: 0.000703850266 xtb: 6.7.1 (edcfbbe)
C           -2.74958285123470       -0.07964196130641       -0.72140140903848
C           -1.94266920811209        0.12067675239018        0.56734274091454
C           -0.46432553397403        0.04403980542915        0.30916589012010
C            0.19720701427540       -1.18738531706980        0.32915394894409
C            1.55470308063377       -1.23845369279912        0.04581860902631
C            2.22071880516161       -0.05358554696740       -0.25166364011011
C            1.48893579041757        1.12550428752734       -0.25181160435499
N            0.17637742370863        1.19118871719652        0.01990764263988
H           -2.54095891321156       -1.05952291277894       -1.16228475912647
H           -2.50056530235841        0.68660974934465       -1.46171730230737
H           -3.82282487649056       -0.01955097863864       -0.51596398719893
H           -2.22273743651735       -0.64983199575766        1.29314587212640
H           -2.18136780865077        1.09540130173483        1.00314807145932
H           -0.35508281385596       -2.09094814003434        0.56789136408029
H            2.08631818522330       -2.18477078358239        0.06045928364465
H            3.28183445146339       -0.04069493916033       -0.47557876058891
H            1.97915136416415        2.07073579915214       -0.47628828906972
17
 energy: -326.826431585336 gnorm: 0.000703850266 xtb: 6.7.1 (edcfbbe)
C           -2.74958285123470       -0.07964196130641       -0.72140140903848
C           -1.94266920811209        0.12067675239018        0.56734274091454
C           -0.46432553397403        0.04403980542915        0.30916589012010
C            0.19720701427540       -1.18738531706980        0.32915394894409
C            1.55470308063377       -1.23845369279912        0.04581860902631
C            2.22071880516161       -0.05358554696740       -0.25166364011011
C            1.48893579041757        1.12550428752734       -0.25181160435499
N            0.17637742370863        1.19118871719652        0.01990764263988
H           -2.54095891321156       -1.05952291277894       -1.16228475912647
H           -2.50056530235841        0.68660974934465       -1.46171730230737
H           -3.82282487649056       -0.01955097863864       -0.51596398719893
H           -2.22273743651735       -0.64983199575766        1.29314587212640
H           -2.18136780865077        1.09540130173483        1.00314807145932
H           -0.35508281385596       -2.09094814003434        0.56789136408029
H            2.08631818522330       -2.18477078358239        0.06045928364465
H            3.28183445146339       -0.04069493916033       -0.47557876058891
H            1.97915136416415        2.07073579915214       -0.47628828906972
