2025-04-05 09:00:24,645 -     censo.parallel     -  DEBUG   - Free cores decreased 2 -> 1.
2025-04-05 09:00:24,650 -     censo.parallel     -  DEBUG   - Free cores decreased 1 -> 0.
2025-04-05 09:00:24,651 -   censo.qm_processor   -  DEBUG   - worker2075192:Running on 1 cores.
2025-04-05 09:00:24,651 -   censo.qm_processor   -  DEBUG   - worker2075193:Running on 1 cores.
2025-04-05 09:00:24,715 -   censo.qm_processor   -   INFO   - worker2075193:Running xtb_gsolv calculation in /srv/scratch/z5358697/.automated/4516/0_PRESCREENING/CONF2/xtb_gsolv.
2025-04-05 09:00:24,730 -   censo.qm_processor   -  DEBUG   - worker2075193:Running ['/srv/scratch/z5358697/.xtb/bin/xtb', 'gas.coord', '--gfn2', '--sp', '--chrg', '0', '--norestart', '--parallel', '1']...
2025-04-05 09:00:24,739 -   censo.qm_processor   -  DEBUG   - worker2075193:Started (PID: 2075233).
2025-04-05 09:00:24,753 -   censo.qm_processor   -   INFO   - worker2075192:Running xtb_gsolv calculation in /srv/scratch/z5358697/.automated/4516/0_PRESCREENING/CONF1/xtb_gsolv.
2025-04-05 09:00:24,795 -   censo.qm_processor   -  DEBUG   - worker2075192:Running ['/srv/scratch/z5358697/.xtb/bin/xtb', 'gas.coord', '--gfn2', '--sp', '--chrg', '0', '--norestart', '--parallel', '1']...
2025-04-05 09:00:24,801 -   censo.qm_processor   -  DEBUG   - worker2075192:Started (PID: 2075252).
2025-04-05 09:00:24,833 -   censo.qm_processor   -  DEBUG   - worker2075193:Done.
2025-04-05 09:00:24,856 -   censo.qm_processor   -  DEBUG   - worker2075193:Running ['/srv/scratch/z5358697/.xtb/bin/xtb', 'solv.coord', '--gfn2', '--sp', '--chrg', '0', '--norestart', '--parallel', '1', '--alpb', 'water', 'reference', '-I', 'xtb_sp-xcontrol-inp']...
2025-04-05 09:00:24,859 -   censo.qm_processor   -  DEBUG   - worker2075193:Started (PID: 2075255).
2025-04-05 09:00:24,898 -   censo.qm_processor   -  DEBUG   - worker2075192:Done.
2025-04-05 09:00:24,920 -   censo.qm_processor   -  DEBUG   - worker2075192:Running ['/srv/scratch/z5358697/.xtb/bin/xtb', 'solv.coord', '--gfn2', '--sp', '--chrg', '0', '--norestart', '--parallel', '1', '--alpb', 'water', 'reference', '-I', 'xtb_sp-xcontrol-inp']...
2025-04-05 09:00:24,924 -   censo.qm_processor   -  DEBUG   - worker2075192:Started (PID: 2075262).
2025-04-05 09:00:24,961 -   censo.qm_processor   -  DEBUG   - worker2075193:Done.
2025-04-05 09:00:24,963 -     censo.parallel     -  DEBUG   - Free cores increased 0 -> 1.
2025-04-05 09:00:25,026 -   censo.qm_processor   -  DEBUG   - worker2075192:Done.
2025-04-05 09:00:25,027 -     censo.parallel     -  DEBUG   - Free cores increased 1 -> 2.
2025-04-05 09:00:25,034 -     censo.parallel     -  DEBUG   - Checking for failed jobs...
2025-04-05 09:00:25,034 -     censo.parallel     -   INFO   - All jobs executed successfully.
2025-04-05 09:00:25,040 -     censo.parallel     -  DEBUG   - Free cores decreased 2 -> 1.
2025-04-05 09:00:25,043 -     censo.parallel     -  DEBUG   - Free cores decreased 1 -> 0.
2025-04-05 09:00:25,045 -   censo.qm_processor   -  DEBUG   - worker2075363:Running on 1 cores.
2025-04-05 09:00:25,045 -   censo.qm_processor   -  DEBUG   - worker2075364:Running on 1 cores.
2025-04-05 09:00:25,076 -   censo.qm_processor   -   INFO   - worker2075364:Running sp calculation in /srv/scratch/z5358697/.automated/4516/0_PRESCREENING/CONF2/sp.
2025-04-05 09:00:25,080 -   censo.qm_processor   -   INFO   - worker2075363:Running sp calculation in /srv/scratch/z5358697/.automated/4516/0_PRESCREENING/CONF1/sp.
2025-04-05 09:00:25,092 -   censo.qm_processor   -  DEBUG   - worker2075364:Running ['/apps/z_install_tree/linux-rocky8-ivybridge/gcc-12.2.0/orca-6.0.0-srtngmq3qlimg2qxbl6avaaiffipurdx/bin/orca', 'sp.inp']...
2025-04-05 09:00:25,097 -   censo.qm_processor   -  DEBUG   - worker2075364:Started (PID: 2075373).
2025-04-05 09:00:25,098 -   censo.qm_processor   -  DEBUG   - worker2075363:Running ['/apps/z_install_tree/linux-rocky8-ivybridge/gcc-12.2.0/orca-6.0.0-srtngmq3qlimg2qxbl6avaaiffipurdx/bin/orca', 'sp.inp']...
2025-04-05 09:00:25,102 -   censo.qm_processor   -  DEBUG   - worker2075363:Started (PID: 2075374).
2025-04-05 09:00:52,162 -   censo.qm_processor   -  DEBUG   - worker2075364:Done.
2025-04-05 09:00:52,175 -     censo.parallel     -  DEBUG   - Free cores increased 0 -> 1.
2025-04-05 09:00:52,219 -   censo.qm_processor   -  DEBUG   - worker2075363:Done.
2025-04-05 09:00:52,227 -     censo.parallel     -  DEBUG   - Free cores increased 1 -> 2.
2025-04-05 09:00:52,239 -     censo.parallel     -  DEBUG   - Checking for failed jobs...
2025-04-05 09:00:52,239 -     censo.parallel     -   INFO   - All jobs executed successfully.
2025-04-05 09:00:52,240 -censo.ensembleopt.prescreening-  DEBUG   - Writing to /srv/scratch/z5358697/.automated/4516/0_PRESCREENING.out.
2025-04-05 09:00:52,282 -     censo.parallel     -  DEBUG   - Free cores decreased 2 -> 1.
2025-04-05 09:00:52,285 -     censo.parallel     -  DEBUG   - Free cores decreased 1 -> 0.
2025-04-05 09:00:52,287 -   censo.qm_processor   -  DEBUG   - worker2075600:Running on 1 cores.
2025-04-05 09:00:52,287 -   censo.qm_processor   -  DEBUG   - worker2075601:Running on 1 cores.
2025-04-05 09:00:52,347 -   censo.qm_processor   -   INFO   - worker2075601:Running gsolv calculation in /srv/scratch/z5358697/.automated/4516/1_SCREENING/CONF1/gsolv.
2025-04-05 09:00:52,363 -   censo.qm_processor   -   INFO   - worker2075600:Running gsolv calculation in /srv/scratch/z5358697/.automated/4516/1_SCREENING/CONF2/gsolv.
2025-04-05 09:00:52,365 -  censo.orca_processor  -  DEBUG   - worker2075601:Copying .gbw file from /srv/scratch/z5358697/.automated/4516/0_PRESCREENING/CONF1/sp/sp.gbw.
2025-04-05 09:00:52,395 -   censo.qm_processor   -  DEBUG   - worker2075601:Running ['/apps/z_install_tree/linux-rocky8-ivybridge/gcc-12.2.0/orca-6.0.0-srtngmq3qlimg2qxbl6avaaiffipurdx/bin/orca', 'sp_gas.inp']...
2025-04-05 09:00:52,401 -   censo.qm_processor   -  DEBUG   - worker2075601:Started (PID: 2075608).
2025-04-05 09:00:52,448 -  censo.orca_processor  -  DEBUG   - worker2075600:Copying .gbw file from /srv/scratch/z5358697/.automated/4516/0_PRESCREENING/CONF2/sp/sp.gbw.
2025-04-05 09:00:52,475 -   censo.qm_processor   -  DEBUG   - worker2075600:Running ['/apps/z_install_tree/linux-rocky8-ivybridge/gcc-12.2.0/orca-6.0.0-srtngmq3qlimg2qxbl6avaaiffipurdx/bin/orca', 'sp_gas.inp']...
2025-04-05 09:00:52,479 -   censo.qm_processor   -  DEBUG   - worker2075600:Started (PID: 2075609).
2025-04-05 09:02:20,209 -   censo.qm_processor   -  DEBUG   - worker2075600:Done.
2025-04-05 09:02:20,222 -   censo.qm_processor   -  DEBUG   - worker2075601:Done.
2025-04-05 09:02:20,229 -  censo.orca_processor  -  DEBUG   - worker2075600:Copying .gbw file from /srv/scratch/z5358697/.automated/4516/0_PRESCREENING/CONF2/sp/sp.gbw.
2025-04-05 09:02:20,241 -  censo.orca_processor  -  DEBUG   - worker2075601:Copying .gbw file from /srv/scratch/z5358697/.automated/4516/0_PRESCREENING/CONF1/sp/sp.gbw.
2025-04-05 09:02:20,258 -   censo.qm_processor   -  DEBUG   - worker2075600:Running ['/apps/z_install_tree/linux-rocky8-ivybridge/gcc-12.2.0/orca-6.0.0-srtngmq3qlimg2qxbl6avaaiffipurdx/bin/orca', 'sp_solv.inp']...
2025-04-05 09:02:20,261 -   censo.qm_processor   -  DEBUG   - worker2075600:Started (PID: 2075797).
2025-04-05 09:02:20,268 -   censo.qm_processor   -  DEBUG   - worker2075601:Running ['/apps/z_install_tree/linux-rocky8-ivybridge/gcc-12.2.0/orca-6.0.0-srtngmq3qlimg2qxbl6avaaiffipurdx/bin/orca', 'sp_solv.inp']...
2025-04-05 09:02:20,270 -   censo.qm_processor   -  DEBUG   - worker2075601:Started (PID: 2075798).
2025-04-05 09:04:12,738 -   censo.qm_processor   -  DEBUG   - worker2075600:Done.
2025-04-05 09:04:12,749 -     censo.parallel     -  DEBUG   - Free cores increased 0 -> 1.
2025-04-05 09:04:13,042 -   censo.qm_processor   -  DEBUG   - worker2075601:Done.
2025-04-05 09:04:13,052 -     censo.parallel     -  DEBUG   - Free cores increased 1 -> 2.
2025-04-05 09:04:13,059 -     censo.parallel     -  DEBUG   - Checking for failed jobs...
2025-04-05 09:04:13,060 -     censo.parallel     -   INFO   - All jobs executed successfully.
2025-04-05 09:04:13,099 -     censo.parallel     -  DEBUG   - Free cores decreased 2 -> 1.
2025-04-05 09:04:13,102 -     censo.parallel     -  DEBUG   - Free cores decreased 1 -> 0.
2025-04-05 09:04:13,105 -   censo.qm_processor   -  DEBUG   - worker2076145:Running on 1 cores.
2025-04-05 09:04:13,105 -   censo.qm_processor   -  DEBUG   - worker2076144:Running on 1 cores.
2025-04-05 09:04:13,133 -   censo.qm_processor   -   INFO   - worker2076144:Running xtb_opt calculation in /srv/scratch/z5358697/.automated/4516/2_OPTIMIZATION/CONF2/xtb_opt.
2025-04-05 09:04:13,148 -   censo.qm_processor   -   INFO   - worker2076145:Running xtb_opt calculation in /srv/scratch/z5358697/.automated/4516/2_OPTIMIZATION/CONF1/xtb_opt.
2025-04-05 09:04:13,163 -  censo.orca_processor  -  DEBUG   - worker2076144:Copying .gbw file from /srv/scratch/z5358697/.automated/4516/1_SCREENING/CONF2/gsolv/sp_solv.gbw.
2025-04-05 09:04:13,180 -  censo.orca_processor  -  DEBUG   - worker2076145:Copying .gbw file from /srv/scratch/z5358697/.automated/4516/1_SCREENING/CONF1/gsolv/sp_solv.gbw.
2025-04-05 09:04:13,190 -   censo.qm_processor   -  DEBUG   - worker2076144:Running ['/srv/scratch/z5358697/.xtb/bin/xtb', 'xtb_opt.coord', '--opt', 'normal', '--orca', '-I', 'xtb_opt-xcontrol-inp']...
2025-04-05 09:04:13,196 -   censo.qm_processor   -  DEBUG   - worker2076144:Started (PID: 2076152).
2025-04-05 09:04:13,206 -   censo.qm_processor   -  DEBUG   - worker2076145:Running ['/srv/scratch/z5358697/.xtb/bin/xtb', 'xtb_opt.coord', '--opt', 'normal', '--orca', '-I', 'xtb_opt-xcontrol-inp']...
2025-04-05 09:04:13,211 -   censo.qm_processor   -  DEBUG   - worker2076145:Started (PID: 2076154).
2025-04-05 09:21:00,475 -   censo.qm_processor   -  DEBUG   - worker2076145:Done.
2025-04-05 09:21:00,491 -     censo.parallel     -  DEBUG   - Free cores increased 0 -> 1.
2025-04-05 09:21:03,370 -   censo.qm_processor   -  DEBUG   - worker2076144:Done.
2025-04-05 09:21:03,384 -     censo.parallel     -  DEBUG   - Free cores increased 1 -> 2.
2025-04-05 09:21:03,391 -     censo.parallel     -  DEBUG   - Checking for failed jobs...
2025-04-05 09:21:03,391 -     censo.parallel     -   INFO   - All jobs executed successfully.
2025-04-05 09:21:03,397 -     censo.parallel     -  DEBUG   - Free cores decreased 2 -> 1.
2025-04-05 09:21:03,399 -     censo.parallel     -  DEBUG   - Free cores decreased 1 -> 0.
2025-04-05 09:21:03,401 -   censo.qm_processor   -  DEBUG   - worker2078660:Running on 1 cores.
2025-04-05 09:21:03,401 -   censo.qm_processor   -  DEBUG   - worker2078659:Running on 1 cores.
2025-04-05 09:21:03,407 -   censo.qm_processor   -   INFO   - worker2078660:Running xtb_rrho calculation in /srv/scratch/z5358697/.automated/4516/2_OPTIMIZATION/CONF2/xtb_rrho.
2025-04-05 09:21:03,425 -   censo.qm_processor   -   INFO   - worker2078659:Running xtb_rrho calculation in /srv/scratch/z5358697/.automated/4516/2_OPTIMIZATION/CONF1/xtb_rrho.
2025-04-05 09:21:03,452 -   censo.qm_processor   -  DEBUG   - worker2078660:Running ['/srv/scratch/z5358697/.xtb/bin/xtb', 'xtb_rrho.coord', '--gfn2', '--bhess', 'vtight', '--chrg', '0', '--enso', '--norestart', '-I', 'rrho-xcontrol-inp', '--parallel', '1', '--alpb', 'water']...
2025-04-05 09:21:03,459 -   censo.qm_processor   -  DEBUG   - worker2078660:Started (PID: 2078667).
2025-04-05 09:21:03,525 -   censo.qm_processor   -  DEBUG   - worker2078659:Running ['/srv/scratch/z5358697/.xtb/bin/xtb', 'xtb_rrho.coord', '--gfn2', '--bhess', 'vtight', '--chrg', '0', '--enso', '--norestart', '-I', 'rrho-xcontrol-inp', '--parallel', '1', '--alpb', 'water']...
2025-04-05 09:21:03,528 -   censo.qm_processor   -  DEBUG   - worker2078659:Started (PID: 2078668).
2025-04-05 09:21:17,259 -   censo.qm_processor   -  DEBUG   - worker2078660:Done.
2025-04-05 09:21:17,262 -     censo.parallel     -  DEBUG   - Free cores increased 0 -> 1.
2025-04-05 09:21:17,883 -   censo.qm_processor   -  DEBUG   - worker2078659:Done.
2025-04-05 09:21:17,887 -     censo.parallel     -  DEBUG   - Free cores increased 1 -> 2.
2025-04-05 09:21:17,894 -     censo.parallel     -  DEBUG   - Checking for failed jobs...
2025-04-05 09:21:17,894 -     censo.parallel     -   INFO   - All jobs executed successfully.
2025-04-05 09:21:17,894 -censo.ensembleopt.optimization-   INFO   - Threshold: 3.00 kcal/mol
2025-04-05 09:21:17,899 -     censo.parallel     -  DEBUG   - Free cores decreased 2 -> 1.
2025-04-05 09:21:17,902 -     censo.parallel     -  DEBUG   - Free cores decreased 1 -> 0.
2025-04-05 09:21:17,904 -   censo.qm_processor   -  DEBUG   - worker2078727:Running on 1 cores.
2025-04-05 09:21:17,904 -   censo.qm_processor   -  DEBUG   - worker2078728:Running on 1 cores.
2025-04-05 09:21:17,906 -   censo.qm_processor   -   INFO   - worker2078727:Running xtb_opt calculation in /srv/scratch/z5358697/.automated/4516/2_OPTIMIZATION/CONF2/xtb_opt.
2025-04-05 09:21:17,906 -   censo.qm_processor   -   INFO   - worker2078728:Running xtb_opt calculation in /srv/scratch/z5358697/.automated/4516/2_OPTIMIZATION/CONF1/xtb_opt.
2025-04-05 09:21:17,946 -   censo.qm_processor   -  DEBUG   - worker2078728:Running ['/srv/scratch/z5358697/.xtb/bin/xtb', 'xtb_opt.coord', '--opt', 'normal', '--orca', '-I', 'xtb_opt-xcontrol-inp']...
2025-04-05 09:21:17,950 -   censo.qm_processor   -  DEBUG   - worker2078727:Running ['/srv/scratch/z5358697/.xtb/bin/xtb', 'xtb_opt.coord', '--opt', 'normal', '--orca', '-I', 'xtb_opt-xcontrol-inp']...
2025-04-05 09:21:17,953 -   censo.qm_processor   -  DEBUG   - worker2078727:Started (PID: 2078736).
2025-04-05 09:21:17,955 -   censo.qm_processor   -  DEBUG   - worker2078728:Started (PID: 2078735).
2025-04-05 09:32:33,833 -   censo.qm_processor   -  DEBUG   - worker2078727:Done.
2025-04-05 09:32:33,845 -     censo.parallel     -  DEBUG   - Free cores increased 0 -> 1.
2025-04-05 09:36:09,833 -   censo.qm_processor   -  DEBUG   - worker2078728:Done.
2025-04-05 09:36:09,848 -     censo.parallel     -  DEBUG   - Free cores increased 1 -> 2.
2025-04-05 09:36:09,854 -     censo.parallel     -  DEBUG   - Checking for failed jobs...
2025-04-05 09:36:09,855 -     censo.parallel     -   INFO   - All jobs executed successfully.
2025-04-05 09:36:09,855 -censo.ensembleopt.optimization-   INFO   - Threshold: 1.50 kcal/mol
2025-04-05 09:36:09,860 -     censo.parallel     -  DEBUG   - Free cores decreased 2 -> 1.
2025-04-05 09:36:09,863 -     censo.parallel     -  DEBUG   - Free cores decreased 1 -> 0.
2025-04-05 09:36:09,865 -   censo.qm_processor   -  DEBUG   - worker2080479:Running on 1 cores.
2025-04-05 09:36:09,865 -   censo.qm_processor   -  DEBUG   - worker2080478:Running on 1 cores.
2025-04-05 09:36:09,867 -   censo.qm_processor   -   INFO   - worker2080478:Running xtb_rrho calculation in /srv/scratch/z5358697/.automated/4516/2_OPTIMIZATION/CONF1/xtb_rrho.
2025-04-05 09:36:09,868 -   censo.qm_processor   -   INFO   - worker2080479:Running xtb_rrho calculation in /srv/scratch/z5358697/.automated/4516/2_OPTIMIZATION/CONF2/xtb_rrho.
2025-04-05 09:36:09,914 -   censo.qm_processor   -  DEBUG   - worker2080479:Running ['/srv/scratch/z5358697/.xtb/bin/xtb', 'xtb_rrho.coord', '--gfn2', '--ohess', 'vtight', '--chrg', '0', '--enso', '--norestart', '-I', 'rrho-xcontrol-inp', '--parallel', '1', '--alpb', 'water']...
2025-04-05 09:36:09,918 -   censo.qm_processor   -  DEBUG   - worker2080478:Running ['/srv/scratch/z5358697/.xtb/bin/xtb', 'xtb_rrho.coord', '--gfn2', '--ohess', 'vtight', '--chrg', '0', '--enso', '--norestart', '-I', 'rrho-xcontrol-inp', '--parallel', '1', '--alpb', 'water']...
2025-04-05 09:36:09,922 -   censo.qm_processor   -  DEBUG   - worker2080479:Started (PID: 2080486).
2025-04-05 09:36:09,923 -   censo.qm_processor   -  DEBUG   - worker2080478:Started (PID: 2080487).
2025-04-05 09:36:16,237 -   censo.qm_processor   -  DEBUG   - worker2080479:Done.
2025-04-05 09:36:16,240 -     censo.parallel     -  DEBUG   - Free cores increased 0 -> 1.
2025-04-05 09:36:17,158 -   censo.qm_processor   -  DEBUG   - worker2080478:Done.
2025-04-05 09:36:17,161 -     censo.parallel     -  DEBUG   - Free cores increased 1 -> 2.
2025-04-05 09:36:17,168 -     censo.parallel     -  DEBUG   - Checking for failed jobs...
2025-04-05 09:36:17,168 -     censo.parallel     -   INFO   - All jobs executed successfully.
2025-04-05 09:36:17,168 -censo.ensembleopt.optimization-  DEBUG   - Writing to /srv/scratch/z5358697/.automated/4516/2_OPTIMIZATION.out.
2025-04-05 09:36:17,181 -censo.ensembleopt.optimization-  DEBUG   - Writing to /srv/scratch/z5358697/.automated/4516/2_OPTIMIZATION.out.
2025-04-05 09:36:17,223 -     censo.parallel     -  DEBUG   - Free cores decreased 2 -> 1.
2025-04-05 09:36:17,225 -     censo.parallel     -  DEBUG   - Free cores decreased 1 -> 0.
2025-04-05 09:36:17,228 -   censo.qm_processor   -  DEBUG   - worker2080520:Running on 1 cores.
2025-04-05 09:36:17,228 -   censo.qm_processor   -  DEBUG   - worker2080519:Running on 1 cores.
2025-04-05 09:36:17,253 -   censo.qm_processor   -   INFO   - worker2080519:Running gsolv calculation in /srv/scratch/z5358697/.automated/4516/3_REFINEMENT/CONF2/gsolv.
2025-04-05 09:36:17,263 -   censo.qm_processor   -   INFO   - worker2080520:Running gsolv calculation in /srv/scratch/z5358697/.automated/4516/3_REFINEMENT/CONF1/gsolv.
2025-04-05 09:36:17,268 -  censo.orca_processor  -  DEBUG   - worker2080519:Copying .gbw file from /srv/scratch/z5358697/.automated/4516/2_OPTIMIZATION/CONF2/xtb_opt/xtb_opt.gbw.
2025-04-05 09:36:17,278 -  censo.orca_processor  -  DEBUG   - worker2080520:Copying .gbw file from /srv/scratch/z5358697/.automated/4516/2_OPTIMIZATION/CONF1/xtb_opt/xtb_opt.gbw.
2025-04-05 09:36:17,298 -   censo.qm_processor   -  DEBUG   - worker2080519:Running ['/apps/z_install_tree/linux-rocky8-ivybridge/gcc-12.2.0/orca-6.0.0-srtngmq3qlimg2qxbl6avaaiffipurdx/bin/orca', 'sp_gas.inp']...
2025-04-05 09:36:17,304 -   censo.qm_processor   -  DEBUG   - worker2080519:Started (PID: 2080527).
2025-04-05 09:36:17,307 -   censo.qm_processor   -  DEBUG   - worker2080520:Running ['/apps/z_install_tree/linux-rocky8-ivybridge/gcc-12.2.0/orca-6.0.0-srtngmq3qlimg2qxbl6avaaiffipurdx/bin/orca', 'sp_gas.inp']...
2025-04-05 09:36:17,310 -   censo.qm_processor   -  DEBUG   - worker2080520:Started (PID: 2080528).
2025-04-05 09:49:47,042 -   censo.qm_processor   -  DEBUG   - worker2080520:Done.
2025-04-05 09:49:47,143 -  censo.orca_processor  -  DEBUG   - worker2080520:Copying .gbw file from /srv/scratch/z5358697/.automated/4516/2_OPTIMIZATION/CONF1/xtb_opt/xtb_opt.gbw.
2025-04-05 09:49:47,177 -   censo.qm_processor   -  DEBUG   - worker2080520:Running ['/apps/z_install_tree/linux-rocky8-ivybridge/gcc-12.2.0/orca-6.0.0-srtngmq3qlimg2qxbl6avaaiffipurdx/bin/orca', 'sp_solv.inp']...
2025-04-05 09:49:47,180 -   censo.qm_processor   -  DEBUG   - worker2080520:Started (PID: 2081772).
2025-04-05 09:49:49,325 -   censo.qm_processor   -  DEBUG   - worker2080519:Done.
2025-04-05 09:49:49,385 -  censo.orca_processor  -  DEBUG   - worker2080519:Copying .gbw file from /srv/scratch/z5358697/.automated/4516/2_OPTIMIZATION/CONF2/xtb_opt/xtb_opt.gbw.
2025-04-05 09:49:49,411 -   censo.qm_processor   -  DEBUG   - worker2080519:Running ['/apps/z_install_tree/linux-rocky8-ivybridge/gcc-12.2.0/orca-6.0.0-srtngmq3qlimg2qxbl6avaaiffipurdx/bin/orca', 'sp_solv.inp']...
2025-04-05 09:49:49,414 -   censo.qm_processor   -  DEBUG   - worker2080519:Started (PID: 2081779).
2025-04-05 10:03:24,643 -   censo.qm_processor   -  DEBUG   - worker2080520:Done.
2025-04-05 10:03:24,662 -     censo.parallel     -  DEBUG   - Free cores increased 0 -> 1.
2025-04-05 10:03:25,345 -   censo.qm_processor   -  DEBUG   - worker2080519:Done.
2025-04-05 10:03:25,364 -     censo.parallel     -  DEBUG   - Free cores increased 1 -> 2.
2025-04-05 10:03:25,372 -     censo.parallel     -  DEBUG   - Checking for failed jobs...
2025-04-05 10:03:25,372 -     censo.parallel     -   INFO   - All jobs executed successfully.
2025-04-05 10:03:25,372 -censo.ensembleopt.refinement-  DEBUG   - Writing to /srv/scratch/z5358697/.automated/4516/3_REFINEMENT.out.
