29
 energy: -34.683746792688 gnorm: 0.036540529350 xtb: 6.7.1 (edcfbbe)
C           -3.72599473389012       -0.06204201776303        0.12075525374177
C           -2.25628204841899       -0.02529414048127       -0.28273211607231
H           -2.17868653040513        0.39643652821019       -1.29548042353088
C           -1.62893641305249       -1.41870660376503       -0.30047479800764
C           -0.14985231625270       -1.36036322914364       -0.67026070921983
C            0.65840800279369       -0.47190787589708        0.30821967026741
H            0.46685889156625       -0.87949815830130        1.31379689775831
C            0.01006167857163        0.89557384667764        0.31853316106251
O            0.59389311928184        1.93809227477119        0.03460638532505
C           -1.45697021356806        0.89241384128311        0.66731635471011
C            2.17787858910237       -0.53262140446748        0.06839104599350
C            2.61952691409102       -0.08143073410626       -1.32673669239564
C            2.96139974727668        0.20169016836972        1.15955536741716
H           -4.16606156200886        0.94073341741701        0.11374465348895
H           -4.30251554830374       -0.68981580711461       -0.56714728394130
H           -3.83724671795313       -0.47342617741179        1.13102393744653
H           -1.74581068651893       -1.87816533490432        0.69151702163453
H           -2.16619017260017       -2.05275925740525       -1.01583310278758
H            0.29308430213989       -2.36295142360416       -0.66514534706306
H           -0.04691679616241       -0.96686413483934       -1.68896811145423
H           -1.56591533771698        0.50552500272777        1.69065761366993
H           -1.83655089209959        1.91792594104212        0.63827698130085
H            2.42851864195266       -1.59986931864541        0.15507797607383
H            3.69945568897504       -0.22811897499415       -1.43813962344395
H            2.40641872529294        0.97822602545899       -1.49382158214673
H            2.12807380133209       -0.65738842491977       -2.11657521503263
H            2.64215920926611       -0.11733332270149        2.15813744856218
H            2.82786596571849        1.28524423810505        1.09034646045786
H            4.03230815247553       -0.00994151861136        1.06676369221225
29
 energy: -34.685372457651 gnorm: 0.011833831221 xtb: 6.7.1 (edcfbbe)
C           -3.71082654602165       -0.06274745308834        0.12261773999014
C           -2.24328451254231       -0.01973626034832       -0.28787459170828
H           -2.17139808644110        0.40073570108231       -1.29906306555319
C           -1.62277103424669       -1.41547874497991       -0.29127648223390
C           -0.14899483949737       -1.35849574979822       -0.67160533195889
C            0.65018226751303       -0.47941940784357        0.31392829481890
H            0.46698844489274       -0.88259513187625        1.31977259418201
C            0.01976232365870        0.89341377665360        0.30034229918131
O            0.60693318172875        1.92458445480505        0.02299433128471
C           -1.44274720239235        0.88756571997278        0.66411169669019
C            2.16920680737586       -0.55325345222199        0.06889884333409
C            2.60608624396138       -0.07515059694139       -1.31493179384753
C            2.94278497997674        0.19938210309286        1.15143108459789
H           -4.14456532549632        0.93597894659899        0.11317116602524
H           -4.28100193624285       -0.68650222335797       -0.56441800792798
H           -3.82043425378071       -0.47281057221643        1.12656962136469
H           -1.73597041396160       -1.87093289219847        0.69765645298373
H           -2.15543055349975       -2.04518677388096       -1.00800615558831
H            0.28144106702647       -2.36264641406130       -0.66599172332306
H           -0.05052569605978       -0.95716257541489       -1.68373074167017
H           -1.55108001464729        0.50852340384134        1.68513678379715
H           -1.82253453610847        1.91002034178201        0.62960762801561
H            2.43532511957076       -1.61617750418492        0.15098405297787
H            3.68302637354245       -0.20545064349745       -1.42296395730772
H            2.37404854291949        0.97939598091382       -1.45915781782471
H            2.12116987392448       -0.64963551445489       -2.10197465922059
H            2.62983606026129       -0.12013539425077        2.14539768808035
H            2.78653797723664        1.27459516831555        1.07108838061684
H            4.01021714823436        0.00268513254381        1.05269058625050
29
 energy: -34.685721882090 gnorm: 0.003182524903 xtb: 6.7.1 (edcfbbe)
C           -3.70085322328084       -0.05831958326659        0.12414929246331
C           -2.23284246545676       -0.01983456774801       -0.28786856981860
H           -2.16274495245498        0.39674527096205       -1.29877625328330
C           -1.62222865533542       -1.41924558819510       -0.28934098691852
C           -0.14921476139254       -1.36417070795992       -0.67018971925513
C            0.64787304559955       -0.49058287120313        0.31590194337869
H            0.46903396092541       -0.88953466689458        1.32163188552323
C            0.03416155265352        0.88938765332463        0.29664003226413
O            0.62149448774549        1.91053082270528        0.00384280028794
C           -1.42973572721637        0.88704519055344        0.65841126490662
C            2.16680020674810       -0.56387302789979        0.06980674514440
C            2.59204331622996       -0.06885075025966       -1.31069917236205
C            2.93009281932508        0.19643323226576        1.15398541963201
H           -4.12896099076125        0.94004774554421        0.11413966169809
H           -4.26725637116781       -0.68086969557270       -0.56278623889444
H           -3.80531297497345       -0.46825698548376        1.12507048017839
H           -1.73240863054319       -1.86580256250609        0.70028567908155
H           -2.15646549933662       -2.04756727380054       -1.00360305263627
H            0.27610152741803       -2.36846458903916       -0.67065292828285
H           -0.05405545507983       -0.95368002605574       -1.67635410472256
H           -1.53797414847024        0.51589663583862        1.67878215812073
H           -1.80777874477955        1.90962964271620        0.61720666107086
H            2.44056364448599       -1.62410592507633        0.14610757277439
H            3.66887662975090       -0.17695111173883       -1.41815821929673
H            2.33805329683832        0.98132464685549       -1.43390492658954
H            2.11557748746077       -0.64228786426966       -2.10032443176531
H            2.62297989547487       -0.12658084610500        2.14580473731250
H            2.74819071535313        1.26501150277010        1.06586724398427
H            3.99797147512463        0.02028972452498        1.05042994203114
29
 energy: -34.685797135861 gnorm: 0.002889248450 xtb: 6.7.1 (edcfbbe)
C           -3.69728793794348       -0.05331701440717        0.12586846158076
C           -2.22917823945862       -0.02011004694482       -0.28874478608054
H           -2.15851427182715        0.39391272028797       -1.30061580233896
C           -1.62208794583658       -1.42123511918323       -0.28773344933497
C           -0.14879697012520       -1.36943388663888       -0.67067301707539
C            0.64871523966140       -0.49893613150256        0.31614440504416
H            0.46707288488214       -0.89507511225002        1.32207651460832
C            0.03806225215224        0.88316520201838        0.28817355364194
O            0.62715248778810        1.90194384548539       -0.00964067914240
C           -1.42507755418697        0.88713799215328        0.65548040934446
C            2.16797669725936       -0.56889238386378        0.07059438134023
C            2.58680275961375       -0.06419184620701       -1.30901173210983
C            2.92472179249385        0.19518928099629        1.15737341146145
H           -4.12196930672727        0.94659367429655        0.11599463635599
H           -4.26501889010188       -0.67520384994544       -0.56062548109207
H           -3.79949517180111       -0.46279757103944        1.12728765764714
H           -1.73152561994639       -1.86393489324865        0.70355619263860
H           -2.15914294711332       -2.04998923096723       -0.99920652131135
H            0.27581749469122       -2.37386961443591       -0.67413726322249
H           -0.05460153843329       -0.95620329646350       -1.67568798337269
H           -1.53084609333359        0.51878300409188        1.67695435939831
H           -1.80018480057139        1.91114804451609        0.61164568050736
H            2.44610430032088       -1.62798086701145        0.14330058192127
H            3.66509587843065       -0.15509859774884       -1.41844683112005
H            2.31657889368255        0.98244796978258       -1.42617257331047
H            2.11710507853013       -0.64055095890816       -2.10055995474905
H            2.62221180272234       -0.13565553434645        2.14806221054749
H            2.72755891287788        1.26128071407824        1.07236898098800
H            3.99473227318464        0.03423693239210        1.05177955326173
29
 energy: -34.685840905925 gnorm: 0.001621297870 xtb: 6.7.1 (edcfbbe)
C           -3.69552152793568       -0.04912267262082        0.12674926612336
C           -2.22731749448170       -0.02083823270198       -0.28935110080733
H           -2.15552217501143        0.39044348089903       -1.30259654598797
C           -1.62206629898143       -1.42296208198141       -0.28504130206269
C           -0.14883113227333       -1.37360913100165       -0.67105089088506
C            0.65053429587538       -0.50421076722427        0.31535274478751
H            0.46654562718966       -0.89897870175276        1.32138667865107
C            0.04070882089043        0.87882936017105        0.28461436629575
O            0.62883592320470        1.89628820701065       -0.02307732109860
C           -1.42203916032659        0.88758591234848        0.65266069105571
C            2.16987101072543       -0.57128094805947        0.07021280510027
C            2.58430657482169       -0.05965331076088       -1.30847488521577
C            2.92120875430572        0.19289948387853        1.16094813868290
H           -4.11644256625359        0.95281329392417        0.11704087182672
H           -4.26712639438979       -0.66981428651134       -0.55831827859437
H           -3.79694525310919       -0.45712300799364        1.12945999532492
H           -1.73027594304134       -1.86280703928638        0.70821266168571
H           -2.16193851632983       -2.05323322575233       -0.99328329080898
H            0.27510830930150       -2.37866470845614       -0.67733625362792
H           -0.05602055537317       -0.95987644331240       -1.67638472165870
H           -1.52704417103906        0.52238486944648        1.67569265114311
H           -1.79429443101985        1.91270906775422        0.60537202166809
H            2.45173995361363       -1.62952095299364        0.13940072407861
H            3.66420099062887       -0.13318011711678       -1.41800559477052
H            2.29807671603465        0.98254833662141       -1.42508416720754
H            2.12346772386265       -0.64238731278040       -2.10128860959860
H            2.62512716129134       -0.15021324012105        2.15009571002919
H            2.71030837634448        1.25714254690878        1.08541482697101
H            3.99332684236075        0.04719504645079        1.05208372492707
29
 energy: -34.685865962883 gnorm: 0.001713323670 xtb: 6.7.1 (edcfbbe)
C           -3.69462571447750       -0.04405401808947        0.12801126224349
C           -2.22683695550064       -0.02233347442868       -0.28900737441501
H           -2.15397465506520        0.38600151794187       -1.30366598901766
C           -1.62220158477302       -1.42480487907860       -0.28169775177483
C           -0.14955283935016       -1.37746808737889       -0.67162812613061
C            0.65267397539185       -0.50687433978151        0.31253667377222
H            0.46691967621752       -0.90105613212025        1.31874407066113
C            0.04086627578015        0.87530762127365        0.27774061081778
O            0.62644369450353        1.89248099029538       -0.03830367135914
C           -1.41970786686783        0.88759179489466        0.65031610774162
C            2.17192027023909       -0.57084271498912        0.06842474827203
C            2.58472299971779       -0.05456989897077       -1.30880751597129
C            2.91806879319274        0.18946531137514        1.16514393872858
H           -4.11050310559377        0.96041570147230        0.11798483220221
H           -4.27173385649756       -0.66231104225385       -0.55512485561975
H           -3.79718981585031       -0.44990192652957        1.13196590935706
H           -1.72771796313619       -1.86127586229020        0.71392469904996
H           -2.16501003618840       -2.05826726278713       -0.98529263815942
H            0.27378519640539       -2.38315771621463       -0.67798524414279
H           -0.05816430317977       -0.96596785174485       -1.67847287727864
H           -1.52441387081512        0.52449861154509        1.67451161133978
H           -1.78917676407821        1.91346659179900        0.60069461340709
H            2.45703599687134       -1.62837609200083        0.13396968657312
H            3.66630414006389       -0.10737093952633       -1.41339248882436
H            2.27953469835145        0.98120451838842       -1.43088113727305
H            2.13880970367235       -0.64900685251838       -2.10252385990378
H            2.63276487798766       -0.17338098704395        2.15133400175678
H            2.69095482306928        1.25165436526598        1.10731944364195
H            3.99198567079455        0.06229647848183        1.04956623633248
29
 energy: -34.685875973482 gnorm: 0.000645218236 xtb: 6.7.1 (edcfbbe)
C           -3.69513945997852       -0.04406095619533        0.12792887741064
C           -2.22767095589442       -0.02236666888290       -0.28876286080110
H           -2.15498624178973        0.38582802542634       -1.30339127595912
C           -1.62222157044742       -1.42439139330333       -0.28072248596640
C           -0.15002791804504       -1.37700878212301       -0.67139388282488
C            0.65212093651301       -0.50448941804831        0.31161775099843
H            0.46818373091877       -0.89863202383697        1.31817774928605
C            0.03999350701260        0.87707285482919        0.27823711827838
O            0.62447749754269        1.89431396034797       -0.03847463013120
C           -1.42024570565716        0.88741214958008        0.65078426060056
C            2.17115488992719       -0.56984550280509        0.06707706986646
C            2.58695886036574       -0.05438946759899       -1.30945396055430
C            2.91807660191737        0.18827352369908        1.16461176128737
H           -4.11053633418910        0.96041628254004        0.11734908809864
H           -4.27221558262510       -0.66181090573790       -0.55530504935172
H           -3.79897758208594       -0.44961207053187        1.13163066111768
H           -1.72698214337773       -1.86055345058796        0.71491207590981
H           -2.16463723356762       -2.05850495010936       -0.98386327341052
H            0.27317677952108       -2.38264889572532       -0.67493977895075
H           -0.05831286702651       -0.96760131532450       -1.67895163825302
H           -1.52550950988143        0.52357092517018        1.67444081022225
H           -1.79102447072545        1.91266355213179        0.60186721025678
H            2.45497930536183       -1.62779436015711        0.13259541361374
H            3.66854188218254       -0.10489541165136       -1.40950097381488
H            2.27976872081652        0.98007387185513       -1.43561826222558
H            2.14605213248225       -0.65195340537493       -2.10308427861820
H            2.63678362167935       -0.17943572674304        2.14949509614849
H            2.68871200738307        1.24991064539072        1.11248928321924
H            3.99148856255207        0.06382233875303        1.04565304057412
29
 energy: -34.685879349696 gnorm: 0.000423193992 xtb: 6.7.1 (edcfbbe)
C           -3.69557414322520       -0.04418652689654        0.12746635302113
C           -2.22805918457059       -0.02197021926854       -0.28862088013627
H           -2.15539822567438        0.38632784596197       -1.30307457690253
C           -1.62267903697515       -1.42396237102048       -0.28051731540011
C           -0.15042130409567       -1.37668914249564       -0.67044726833571
C            0.65160251591740       -0.50266569692037        0.31131881580774
H            0.46873143335049       -0.89589878316185        1.31840234322340
C            0.03919673346258        0.87860670632702        0.27703221008403
O            0.62368840525874        1.89583318933482       -0.03889453063359
C           -1.42072775539537        0.88782962686074        0.65124546993426
C            2.17061730546939       -0.56945383846935        0.06648910524984
C            2.58805611731145       -0.05469342025128       -1.30989963222912
C            2.91880434971501        0.18695636298707        1.16439125448240
H           -4.11127720028222        0.96004554064527        0.11668850752917
H           -4.27189262852271       -0.66200424359224       -0.55618957867704
H           -3.79995135460409       -0.44990512298065        1.13085858235225
H           -1.72735356764705       -1.85962159984669        0.71513496127287
H           -2.16480458687011       -2.05827761769522       -0.98363083020232
H            0.27270739398816       -2.38222603456631       -0.67123209704286
H           -0.05769747585400       -0.96906731544161       -1.67846331299810
H           -1.52544396238773        0.52272011351767        1.67436287905466
H           -1.79282438318363        1.91269819004087        0.60371888541030
H            2.45295972061080       -1.62787990635358        0.13165184362580
H            3.67028677706058       -0.10139222753907       -1.40574821606670
H            2.27751381121915        0.97873547164375       -1.43860558015205
H            2.15208312402816       -0.65524345112559       -2.10376148355866
H            2.64255839669453       -0.18606348192132        2.14847804209201
H            2.68506517745487        1.24792734283146        1.11696285435006
H            3.99221500863148        0.06688403438197        1.04028811087210
29
 energy: -34.685880159582 gnorm: 0.000213458120 xtb: 6.7.1 (edcfbbe)
C           -3.69580934859336       -0.04422509295463        0.12681059898217
C           -2.22804730318959       -0.02154366535577       -0.28892480484109
H           -2.15500579243522        0.38691880817149       -1.30330743196030
C           -1.62266448439919       -1.42353789741920       -0.28047037734833
C           -0.15014991775940       -1.37681143387956       -0.66965676648469
C            0.65147918477423       -0.50238915256039        0.31196734598730
H            0.46877060795492       -0.89493830208490        1.31933929287453
C            0.03920356141092        0.87903970036722        0.27783155211435
O            0.62373597756984        1.89622848834318       -0.03842842011979
C           -1.42102309085958        0.88802162112898        0.65136549585907
C            2.17043650280993       -0.56969532886076        0.06653129259032
C            2.58763370282341       -0.05484686620671       -1.31001061177940
C            2.91935768178819        0.18661008898486        1.16410326456897
H           -4.11220358547577        0.95975390238580        0.11601486943818
H           -4.27143641698500       -0.66245678370192       -0.55713648031863
H           -3.80013581843050       -0.45019953233730        1.13015949204577
H           -1.72823390948014       -1.85936692528956        0.71504331354454
H           -2.16450685407431       -2.05748151780085       -0.98410403402951
H            0.27281740292100       -2.38244911833319       -0.66980599649070
H           -0.05683739096818       -0.96970921917009       -1.67784985164394
H           -1.52538696761056        0.52261695793603        1.67444794522002
H           -1.79343633484252        1.91283850106992        0.60414453141811
H            2.45207752886599       -1.62834985158276        0.13156162239327
H            3.66990577763535       -0.10022220134444       -1.40556242798967
H            2.27614938870902        0.97815164757378       -1.43936813871857
H            2.15283249448725       -0.65614253423427       -2.10381255024381
H            2.64578120022212       -0.18811399508630        2.14820608964598
H            2.68404341259780        1.24720833238019        1.11850402679418
H            3.99263425141825        0.06845479484744        1.03781207451862
29
 energy: -34.685880529904 gnorm: 0.000102036453 xtb: 6.7.1 (edcfbbe)
C           -3.69580869198207       -0.04427945723516        0.12616302803205
C           -2.22785586199278       -0.02124781722839       -0.28911043471344
H           -2.15452205305703        0.38738034459726       -1.30341993509862
C           -1.62282976572035       -1.42339939868838       -0.28070122411778
C           -0.15006691242917       -1.37683741705555       -0.66898424516884
C            0.65157612082831       -0.50244053221489        0.31253965418530
H            0.46881646707296       -0.89471198656159        1.32000888382946
C            0.03926466041827        0.87906352148507        0.27825560825895
O            0.62392569929424        1.89630934928104       -0.03758540493248
C           -1.42111026552167        0.88814143506082        0.65145470142894
C            2.17052116090393       -0.56971045041818        0.06682402191531
C            2.58690090369916       -0.05503365014062       -1.30999248249215
C            2.92003436146152        0.18659523511517        1.16394939670702
H           -4.11257995184780        0.95954335399729        0.11526569518180
H           -4.27103573619934       -0.66276409443001       -0.55793196759350
H           -3.80019019474037       -0.45029532527009        1.12951436041358
H           -1.72917459367733       -1.85944893014726        0.71467137173921
H           -2.16437647911587       -2.05705970248943       -0.98484999132242
H            0.27269446078784       -2.38258002283096       -0.66891723790243
H           -0.05627143039360       -0.96996205423209       -1.67725237488876
H           -1.52550400177769        0.52257702042744        1.67451304577705
H           -1.79333797805027        1.91303072724536        0.60436966008912
H            2.45217145068466       -1.62835112261158        0.13181218595214
H            3.66910108795744       -0.09987053206392       -1.40618279866503
H            2.27478796125434        0.97772285376475       -1.43930477776382
H            2.15199826754844       -0.65666373260000       -2.10349363711741
H            2.64807882936584       -0.18895306749770        2.14816846123868
H            2.68353046076260        1.24691303383400        1.11928428314627
H            3.99324348535067        0.06969584389388        1.03633706990872
29
 energy: -34.685880712521 gnorm: 0.000077592543 xtb: 6.7.1 (edcfbbe)
C           -3.69579806116738       -0.04408378126397        0.12559690680067
C           -2.22772192134502       -0.02111252928537       -0.28923656381380
H           -2.15409575164552        0.38760995276379       -1.30349202717313
C           -1.62275576554263       -1.42328368438770       -0.28084010890967
C           -0.14983325391145       -1.37701033738548       -0.66850274725341
C            0.65171004761680       -0.50262878096419        0.31309102243842
H            0.46901967540650       -0.89491415683524        1.32057698430668
C            0.03934812397136        0.87889059044659        0.27878073783033
O            0.62415984927966        1.89623803127907       -0.03646337958725
C           -1.42114837026182        0.88807496241038        0.65158953999152
C            2.17061187194997       -0.56977982645280        0.06701923818426
C            2.58618736342233       -0.05516187802780       -1.31005983440811
C            2.92037417177917        0.18675329137076        1.16380597745471
H           -4.11267241865245        0.95969955861394        0.11444100909235
H           -4.27075324400519       -0.66273253531482       -0.55857257099404
H           -3.80042297421773       -0.44998401188983        1.12896922300146
H           -1.72971197167654       -1.85953422243664        0.71438763468146
H           -2.16403181620774       -2.05673582739862       -0.98539497893576
H            0.27277078686621       -2.38283303276898       -0.66824366105998
H           -0.05572346305671       -0.97024371790863       -1.67679848641530
H           -1.52594310822920        0.52249038860895        1.67461084337795
H           -1.79311865992966        1.91304645623945        0.60444246599776
H            2.45252527292514       -1.62834884103160        0.13203117169319
H            3.66838027199903       -0.09968448336913       -1.40690979541999
H            2.27359012781215        0.97749173391217       -1.43921961566374
H            2.15093365251715       -0.65707656395003       -2.10324971390109
H            2.64969257143698       -0.18960155811972        2.14813234754412
H            2.68281508101823        1.24690943005390        1.11989156372930
H            3.99359337273327        0.07090879807783        1.03502173343804
29
 energy: -34.685880695775 gnorm: 0.000187921576 xtb: 6.7.1 (edcfbbe)
C           -3.69578757237534       -0.04388852616156        0.12503210647975
C           -2.22758837068476       -0.02097731591996       -0.28936236394470
H           -2.15367057825557        0.38783936832345       -1.30356388099577
C           -1.62268167303237       -1.42316783537787       -0.28097894545189
C           -0.14959974486245       -1.37718288395475       -0.66802222337069
C            0.65184380278970       -0.50281665942845        0.31364140937393
H            0.46922227157732       -0.89511570919010        1.32114410917234
C            0.03943136996848        0.87871802033648        0.27930419699100
O            0.62439352803549        1.89616684300171       -0.03534419922034
C           -1.42118639551811        0.88800878993253        0.65172398266476
C            2.17070250425024       -0.56984926367744        0.06721422838470
C            2.58547510782439       -0.05529007334551       -1.31012695615125
C            2.92071328806443        0.18691094742720        1.16366298795824
H           -4.11276526971595        0.95985525076140        0.11361841861116
H           -4.27047123316644       -0.66270121815878       -0.55921173890709
H           -3.80065506096687       -0.44967365241886        1.12842528424154
H           -1.73024830554879       -1.85961916316451        0.71410413959667
H           -2.16368752390720       -2.05641211618710       -0.98593926607721
H            0.27284724025533       -2.38308556018341       -0.66757153379118
H           -0.05517625107281       -0.97052471425241       -1.67634551846022
H           -1.52638113142254        0.52240411682416        1.67470837539217
H           -1.79289966414186        1.91306234875787        0.60451503565834
H            2.45287860766640       -1.62834674072639        0.13224990642864
H            3.66766089749816       -0.09949846657278       -1.40763529981142
H            2.27239381731876        0.97726075861000       -1.43913445369446
H            2.14987111872778       -0.65748920185359       -2.10300608753939
H            2.65130341628997       -0.19024932026729        2.14809654981491
H            2.68210060120065        1.24690581502835        1.12049800986743
H            3.99394266408889        0.07211958682394        1.03370864280695
29
 energy: -34.685880825848 gnorm: 0.000062425223 xtb: 6.7.1 (edcfbbe)
C           -3.69573194820787       -0.04386839400502        0.12497547865498
C           -2.22754465490440       -0.02110116224626       -0.28938122858658
H           -2.15355750614976        0.38767925184281       -1.30359408927401
C           -1.62281076794064       -1.42337503081189       -0.28085299222465
C           -0.14978716385337       -1.37719127894173       -0.66807965642631
C            0.65178506367868       -0.50283451197426        0.31353557853862
H            0.46930553846334       -0.89529332967438        1.32099647677348
C            0.03942352811870        0.87867089690306        0.27954872486889
O            0.62439692191543        1.89614931520664       -0.03501653370434
C           -1.42119759228880        0.88791243429451        0.65181507750954
C            2.17064960325839       -0.56973750392962        0.06712422031748
C            2.58561091952329       -0.05518851692344       -1.31017853179706
C            2.92068443192573        0.18699534933827        1.16359691177382
H           -4.11245165109088        0.95997803766438        0.11343389104882
H           -4.27053462857438       -0.66257733775348       -0.55926739525795
H           -3.80080494329489       -0.44951167161662        1.12840446272042
H           -1.73015782281793       -1.85971175280654        0.71429597635211
H           -2.16388929771483       -2.05670236207145       -0.98568982546751
H            0.27271880839010       -2.38304607480405       -0.66761456244723
H           -0.05540642990220       -0.97052759815625       -1.67638045103025
H           -1.52649924585801        0.52229352474482        1.67476888592561
H           -1.79296825248325        1.91295949719372        0.60458849403307
H            2.45280441811008       -1.62823632496843        0.13216810573383
H            3.66774530729240       -0.09982251729210       -1.40763548487890
H            2.27303989390453        0.97747221937609       -1.43922053756685
H            2.14988708994300       -0.65711195968532       -2.10312978135078
H            2.65095145454129       -0.18983234423604        2.14799365518955
H            2.68243303617969        1.24700104024115        1.12019118831493
H            3.99388735072145        0.07192153007773        1.03400885828421
29
 energy: -34.685880819963 gnorm: 0.000140235186 xtb: 6.7.1 (edcfbbe)
C           -3.69567632404039       -0.04384826184848        0.12491885083020
C           -2.22750093912404       -0.02122500857256       -0.28940009322846
H           -2.15344443404395        0.38751913536217       -1.30362429755224
C           -1.62293986284891       -1.42358222624592       -0.28072703899741
C           -0.14997458284428       -1.37719967392871       -0.66813708948192
C            0.65172632456766       -0.50285236452006        0.31342974770331
H            0.46938880534936       -0.89547095015867        1.32084884437462
C            0.03941568626892        0.87862377346963        0.27979325274679
O            0.62440031579537        1.89613178741157       -0.03468886818834
C           -1.42120878905949        0.88781607865650        0.65190617235432
C            2.17059670226655       -0.56962574418180        0.06703421225025
C            2.58574673122220       -0.05508696050136       -1.31023010744287
C            2.92065557578702        0.18707975124935        1.16353083558940
H           -4.11213803246580        0.96010082456737        0.11324936348647
H           -4.27059802398232       -0.66245345734818       -0.55932305160881
H           -3.80095482562290       -0.44934969081439        1.12838364119931
H           -1.73006734008707       -1.85980434244857        0.71448781310754
H           -2.16409107152247       -2.05699260795581       -0.98544038485782
H            0.27259037652486       -2.38300658942470       -0.66765759110328
H           -0.05563660873159       -0.97053048206008       -1.67641538360028
H           -1.52661736029349        0.52218293266549        1.67482939645905
H           -1.79303684082463        1.91285664562958        0.60466195240781
H            2.45273022855376       -1.62812590921048        0.13208630503902
H            3.66782971708663       -0.10014656801141       -1.40763566994637
H            2.27368597049030        0.97768368014218       -1.43930662143924
H            2.14990306115823       -0.65673471751705       -2.10325347516217
H            2.65059949279262       -0.18941536820478        2.14789076056419
H            2.68276547115872        1.24709626545395        1.11988436676242
H            3.99383203735402        0.07172347333151        1.03430907376147
29
 energy: -34.685880892423 gnorm: 0.000047121135 xtb: 6.7.1 (edcfbbe)
C           -3.69580442586539       -0.04373340137675        0.12469205060673
C           -2.22752661824047       -0.02124208412653       -0.28932398831029
H           -2.15326439225635        0.38747289330923       -1.30353242113694
C           -1.62282868261402       -1.42352253427295       -0.28061540719238
C           -0.14984588141395       -1.37732243357139       -0.66802777162804
C            0.65176836150490       -0.50287593346336        0.31351372422173
H            0.46946943495047       -0.89548279979160        1.32095333961469
C            0.03939198544076        0.87859299092828        0.27988044845915
O            0.62439795087052        1.89613677404155       -0.03441286462592
C           -1.42123763265233        0.88775097621943        0.65198167074396
C            2.17062593188199       -0.56964266320763        0.06698883308540
C            2.58567167672565       -0.05504682662890       -1.31026218420297
C            2.92069844780313        0.18708177189502        1.16344261760832
H           -4.11228389636206        0.96020711091958        0.11296637677276
H           -4.27063731670663       -0.66236402884706       -0.55959622814019
H           -3.80117414164880       -0.44923379625217        1.12813979905677
H           -1.73003053032140       -1.85968796881142        0.71461057804461
H           -2.16399424599921       -2.05697218058709       -0.98526691736326
H            0.27270889866631       -2.38315394539091       -0.66757642241941
H           -0.05559596724636       -0.97067873426903       -1.67633307851665
H           -1.52663401475255        0.52205822007105        1.67489008091681
H           -1.79308937500442        1.91277009258258        0.60477948033375
H            2.45283968537663       -1.62812804365743        0.13196845294960
H            3.66775563581646       -0.10022546049712       -1.40777996521777
H            2.27363889092748        0.97780223040571       -1.43912591761417
H            2.14963613855444       -0.65657068036594       -2.10327990536988
H            2.65062464867051       -0.18934373091562        2.14784880511991
H            2.68284433250971        1.24712383713716        1.11969866622910
H            3.99385656226988        0.07159377350962        1.03418306400150
