11
 energy: -14.078778417922 gnorm: 0.016501125938 xtb: 6.7.1 (edcfbbe)
C           -2.49154896080703        0.23054538586905        0.39892463373837
C           -1.76513453444329        0.04316369647298       -0.92711928107453
C           -0.52051605108590       -0.80670688228244       -0.84169827094480
Br           0.90931509829210        0.05366849592318        0.26925872501317
H           -2.74577277128417       -0.73745663800735        0.84469711747065
H           -1.87228680361403        0.78119139494447        1.11379485008308
H           -3.41931114548886        0.79187752976216        0.25426539569072
H           -1.52494079709402        1.01198951799447       -1.37843146573467
H           -2.42327304313679       -0.47850601524241       -1.63689644873171
H           -0.05076229249161       -0.95994450711413       -1.81231194630497
H           -0.70223022225559       -1.76642304667910       -0.35663446526804
11
 energy: -14.079259552348 gnorm: 0.007060851214 xtb: 6.7.1 (edcfbbe)
C           -2.48075301574149        0.22421053274331        0.39429215348784
C           -1.77275432364552        0.03989196051944       -0.93876578806656
C           -0.52479167932199       -0.80578873753778       -0.83355779763261
Br           0.88045331472768        0.06661593958108        0.27349613544779
H           -2.73494410847707       -0.74035191124697        0.83292074937402
H           -1.84919046338986        0.76570475345124        1.09823230561552
H           -3.39868650372342        0.79132841281498        0.25480632786925
H           -1.52459323811168        1.01484114091205       -1.36674099557782
H           -2.43941500890435       -0.47218421728293       -1.64213345790641
H           -0.05200247430326       -0.96063656959433       -1.80095977153500
H           -0.70978402251825       -1.76023237271923       -0.34374101713876
11
 energy: -14.079332284844 gnorm: 0.002166028741 xtb: 6.7.1 (edcfbbe)
C           -2.47947821975335        0.22179461603076        0.39351661820418
C           -1.77289090547601        0.03934134542675       -0.94230115495953
C           -0.52208574903004       -0.80643790177576       -0.83178553115753
Br           0.86364948939682        0.07958431013488        0.27129288844157
H           -2.73547443626307       -0.74190348299564        0.82696317220147
H           -1.84018989933909        0.75505044521903        1.09369607969360
H           -3.39216923391322        0.79473425646614        0.26051444889816
H           -1.52019772706056        1.01526066600976       -1.36204749068526
H           -2.44060712053602       -0.46720426783835       -1.64388753862568
H           -0.05241076091298       -0.96982902500556       -1.79936897949493
H           -0.71460696052170       -1.75699203003113       -0.33874366857878
11
 energy: -14.079342167929 gnorm: 0.001364964507 xtb: 6.7.1 (edcfbbe)
C           -2.48195829515944        0.22085226026752        0.39328836153725
C           -1.77457599019544        0.04031270791675       -0.94372315074754
C           -0.52046502253215       -0.80332171883205       -0.82825366624878
Br           0.87193324262503        0.07686289391040        0.26275324152448
H           -2.74066632035834       -0.74375200822180        0.82303220515054
H           -1.84041834542620        0.74968327061188        1.09467521296584
H           -3.39247370665296        0.79730517822450        0.26206620332384
H           -1.52134652898511        1.01639588558437       -1.36189066051605
H           -2.44013992148177       -0.46611505984403       -1.64603418862539
H           -0.05194016607710       -0.97245736665304       -1.79563497685120
H           -0.71441046916574       -1.75236711132362       -0.33242973757572
11
 energy: -14.079349881779 gnorm: 0.000600964265 xtb: 6.7.1 (edcfbbe)
C           -2.48182618907721        0.22054703842547        0.39383101376888
C           -1.77273797262365        0.04133278853453       -0.94282452940266
C           -0.51954293220906       -0.80447023823205       -0.82847721204991
Br           0.87075923475447        0.08345496574688        0.25974900141504
H           -2.74568011132150       -0.74519320860821        0.81988473382914
H           -1.84031191948734        0.74531222571841        1.09920448268050
H           -3.39062098750256        0.80073573662428        0.26198599840407
H           -1.51981209689412        1.01752348570962       -1.36154388941773
H           -2.43706671554468       -0.46544813761769       -1.64657895296115
H           -0.05538477012348       -0.97792541873355       -1.79759715809652
H           -0.71423706338009       -1.75247030592682       -0.32978464423239
11
 energy: -14.079353029638 gnorm: 0.000376845039 xtb: 6.7.1 (edcfbbe)
C           -2.48274322423917        0.22009818961102        0.39343517967187
C           -1.77260839920305        0.04136602447536       -0.94230139949938
C           -0.51928500526570       -0.80416984719505       -0.82815289218483
Br           0.87348862463766        0.08508521252525        0.25552125237458
H           -2.75078962112796       -0.74560035775278        0.81693557234824
H           -1.84018792834054        0.74064815103612        1.10101513993963
H           -3.38933801250354        0.80404327603759        0.26208992765100
H           -1.51954889669277        1.01781817156591       -1.36046759662593
H           -2.43666006460044       -0.46523052750353       -1.64680695407659
H           -0.05609166924206       -0.97996881275284       -1.79728413138379
H           -0.71269732683164       -1.75069054840617       -0.32613525427752
11
 energy: -14.079355643789 gnorm: 0.000298169877 xtb: 6.7.1 (edcfbbe)
C           -2.48318928144999        0.21901163940763        0.39288790352848
C           -1.77284042350390        0.04102482678549       -0.94240869079247
C           -0.51931955979575       -0.80364937211446       -0.82697828885365
Br           0.87619171392661        0.08905298333469        0.25129237951767
H           -2.75746982533989       -0.74615578728355        0.81308283288884
H           -1.83846187035568        0.73336617816987        1.10286975887990
H           -3.38600738949943        0.80879408321440        0.26268962230017
H           -1.51939053618589        1.01770488511016       -1.35976114792312
H           -2.43655492962137       -0.46503790443607       -1.64775689017405
H           -0.05727514114787       -0.98211016038967       -1.79595733930173
H           -0.71214428043606       -1.74860244015762       -0.32211129613276
11
 energy: -14.079356856962 gnorm: 0.000202375469 xtb: 6.7.1 (edcfbbe)
C           -2.48365761468340        0.21821794317911        0.39265444699459
C           -1.77285421565394        0.04100786439432       -0.94263392756473
C           -0.51921716275760       -0.80339816708314       -0.82674699452328
Br           0.87676339233063        0.09280529537433        0.24776509933897
H           -2.76404511418483       -0.74688162751695        0.80881835626871
H           -1.83645278649901        0.72604898709258        1.10504106292272
H           -3.38268502081014        0.81389496817187        0.26386473259625
H           -1.51952512419770        1.01784785546529       -1.35956227151074
H           -2.43620350111702       -0.46472598998261       -1.64829392483650
H           -0.05822518239905       -0.98517177769009       -1.79558771745785
H           -0.71035919343715       -1.74624641976382       -0.31747001829085
11
 energy: -14.079357095270 gnorm: 0.000166751578 xtb: 6.7.1 (edcfbbe)
C           -2.48424561258851        0.21812601444246        0.39268577775073
C           -1.77251838776711        0.04093878552486       -0.94224604594701
C           -0.51906099706312       -0.80370365877430       -0.82627114703929
Br           0.87813501937893        0.09508970589615        0.24506373952177
H           -2.76722570364362       -0.74707370506253        0.80696645268789
H           -1.83636149473265        0.72325496413732        1.10636936212550
H           -3.38177242301050        0.81614504522471        0.26405891958503
H           -1.51908224614533        1.01784411331860       -1.35907182326401
H           -2.43565057590556       -0.46474846315707       -1.64817131584766
H           -0.05833222479784       -0.98622929315190       -1.79511201107126
H           -0.71034687713391       -1.74624457675742       -0.31642306456440
11
 energy: -14.079357188491 gnorm: 0.000092052962 xtb: 6.7.1 (edcfbbe)
C           -2.48425436517321        0.21802019050155        0.39269458308396
C           -1.77249787080731        0.04101908049718       -0.94230624394449
C           -0.51883710093969       -0.80334406169951       -0.82621384363873
Br           0.87872449817768        0.09497699568878        0.24508884243860
H           -2.76759166998239       -0.74717051030352        0.80674175438930
H           -1.83653051001252        0.72290398548140        1.10666147684755
H           -3.38163436200232        0.81619292601169        0.26388730159311
H           -1.51905333164789        1.01793359635838       -1.35911843303781
H           -2.43558756486175       -0.46478378517546       -1.64824679577884
H           -0.05908088063725       -0.98667810200363       -1.79542723949095
H           -0.71011836552256       -1.74567138371599       -0.31591255852441
