----------------------------------------------- 
  Element       SASA      Sigma Z        Total  
     Z         Ang**2 cal/Ang**2/mol   kcal/mol 
----------------------------------------------- 
      H        133.124      48.690       6.482
      C          7.467     129.740       0.969
      O         90.422       0.000       0.000

 Subtotal:     231.013                   7.451
 -----------------------------------------------

  Elements    COT*SASA   Sigma Z,Z'     Total   
    Z,Z'       Ang**2  cal/Ang**2/mol kcal/mol  
 ---------------------------------------------- 
  H   C         49.601     -60.770      -3.014
  H   O         42.104       0.000       0.000
  C   C          5.752     -72.950      -0.420
  O   C          0.398      68.690       0.027
  O   O          0.000       0.000       0.000

 Subtotal:                              -3.407
 ---------------------------------------------- 

 NONAQUEOUS SOLVENT CONTRIBUTION (kcal/mol):
 (proportional to SASA, atomic number independent)
 ---------------------------------------------- 
 Subtotal:                               0.000
 ---------------------------------------------- 

 CDS TOTAL (kcal/mol):                   4.044
...............................................................................
