2025-04-04 23:58:43,147 -     censo.parallel     -  DEBUG   - Free cores decreased 1 -> 0.
2025-04-04 23:58:43,151 -   censo.qm_processor   -  DEBUG   - worker522457:Running on 1 cores.
2025-04-04 23:58:43,189 -   censo.qm_processor   -   INFO   - worker522457:Running xtb_gsolv calculation in /srv/scratch/z5358697/.automated/4408/0_PRESCREENING/CONF1/xtb_gsolv.
2025-04-04 23:58:43,207 -   censo.qm_processor   -  DEBUG   - worker522457:Running ['/srv/scratch/z5358697/.xtb/bin/xtb', 'gas.coord', '--gfn2', '--sp', '--chrg', '0', '--norestart', '--parallel', '1']...
2025-04-04 23:58:43,270 -   censo.qm_processor   -  DEBUG   - worker522457:Started (PID: 522465).
2025-04-04 23:58:43,326 -   censo.qm_processor   -  DEBUG   - worker522457:Done.
2025-04-04 23:58:43,352 -   censo.qm_processor   -  DEBUG   - worker522457:Running ['/srv/scratch/z5358697/.xtb/bin/xtb', 'solv.coord', '--gfn2', '--sp', '--chrg', '0', '--norestart', '--parallel', '1', '--alpb', 'water', 'reference', '-I', 'xtb_sp-xcontrol-inp']...
2025-04-04 23:58:43,355 -   censo.qm_processor   -  DEBUG   - worker522457:Started (PID: 522477).
2025-04-04 23:58:43,418 -   censo.qm_processor   -  DEBUG   - worker522457:Done.
2025-04-04 23:58:43,420 -     censo.parallel     -  DEBUG   - Free cores increased 0 -> 1.
2025-04-04 23:58:43,426 -     censo.parallel     -  DEBUG   - Checking for failed jobs...
2025-04-04 23:58:43,427 -     censo.parallel     -   INFO   - All jobs executed successfully.
2025-04-04 23:58:43,432 -     censo.parallel     -  DEBUG   - Free cores decreased 1 -> 0.
2025-04-04 23:58:43,435 -   censo.qm_processor   -  DEBUG   - worker522491:Running on 1 cores.
2025-04-04 23:58:43,440 -   censo.qm_processor   -   INFO   - worker522491:Running sp calculation in /srv/scratch/z5358697/.automated/4408/0_PRESCREENING/CONF1/sp.
2025-04-04 23:58:43,456 -   censo.qm_processor   -  DEBUG   - worker522491:Running ['/apps/z_install_tree/linux-rocky8-ivybridge/gcc-12.2.0/orca-6.0.0-srtngmq3qlimg2qxbl6avaaiffipurdx/bin/orca', 'sp.inp']...
2025-04-04 23:58:43,464 -   censo.qm_processor   -  DEBUG   - worker522491:Started (PID: 522496).
2025-04-04 23:58:53,429 -   censo.qm_processor   -  DEBUG   - worker522491:Done.
2025-04-04 23:58:53,462 -     censo.parallel     -  DEBUG   - Free cores increased 0 -> 1.
2025-04-04 23:58:53,473 -     censo.parallel     -  DEBUG   - Checking for failed jobs...
2025-04-04 23:58:53,473 -     censo.parallel     -   INFO   - All jobs executed successfully.
2025-04-04 23:58:53,473 -censo.ensembleopt.prescreening-  DEBUG   - Writing to /srv/scratch/z5358697/.automated/4408/0_PRESCREENING.out.
2025-04-04 23:58:53,514 -     censo.parallel     -  DEBUG   - Free cores decreased 1 -> 0.
2025-04-04 23:58:53,518 -   censo.qm_processor   -  DEBUG   - worker522536:Running on 1 cores.
2025-04-04 23:58:53,539 -   censo.qm_processor   -   INFO   - worker522536:Running gsolv calculation in /srv/scratch/z5358697/.automated/4408/1_SCREENING/CONF1/gsolv.
2025-04-04 23:58:53,552 -  censo.orca_processor  -  DEBUG   - worker522536:Copying .gbw file from /srv/scratch/z5358697/.automated/4408/0_PRESCREENING/CONF1/sp/sp.gbw.
2025-04-04 23:58:53,580 -   censo.qm_processor   -  DEBUG   - worker522536:Running ['/apps/z_install_tree/linux-rocky8-ivybridge/gcc-12.2.0/orca-6.0.0-srtngmq3qlimg2qxbl6avaaiffipurdx/bin/orca', 'sp_gas.inp']...
2025-04-04 23:58:53,586 -   censo.qm_processor   -  DEBUG   - worker522536:Started (PID: 522541).
2025-04-04 23:59:17,661 -   censo.qm_processor   -  DEBUG   - worker522536:Done.
2025-04-04 23:59:17,679 -  censo.orca_processor  -  DEBUG   - worker522536:Copying .gbw file from /srv/scratch/z5358697/.automated/4408/0_PRESCREENING/CONF1/sp/sp.gbw.
2025-04-04 23:59:17,708 -   censo.qm_processor   -  DEBUG   - worker522536:Running ['/apps/z_install_tree/linux-rocky8-ivybridge/gcc-12.2.0/orca-6.0.0-srtngmq3qlimg2qxbl6avaaiffipurdx/bin/orca', 'sp_solv.inp']...
2025-04-04 23:59:17,711 -   censo.qm_processor   -  DEBUG   - worker522536:Started (PID: 522629).
2025-04-04 23:59:48,264 -   censo.qm_processor   -  DEBUG   - worker522536:Done.
2025-04-04 23:59:48,270 -     censo.parallel     -  DEBUG   - Free cores increased 0 -> 1.
2025-04-04 23:59:48,276 -     censo.parallel     -  DEBUG   - Checking for failed jobs...
2025-04-04 23:59:48,276 -     censo.parallel     -   INFO   - All jobs executed successfully.
2025-04-04 23:59:48,338 -     censo.parallel     -  DEBUG   - Free cores decreased 1 -> 0.
2025-04-04 23:59:48,342 -   censo.qm_processor   -  DEBUG   - worker522740:Running on 1 cores.
2025-04-04 23:59:48,372 -   censo.qm_processor   -   INFO   - worker522740:Running xtb_opt calculation in /srv/scratch/z5358697/.automated/4408/2_OPTIMIZATION/CONF1/xtb_opt.
2025-04-04 23:59:48,424 -  censo.orca_processor  -  DEBUG   - worker522740:Copying .gbw file from /srv/scratch/z5358697/.automated/4408/1_SCREENING/CONF1/gsolv/sp_solv.gbw.
2025-04-04 23:59:48,450 -   censo.qm_processor   -  DEBUG   - worker522740:Running ['/srv/scratch/z5358697/.xtb/bin/xtb', 'xtb_opt.coord', '--opt', 'normal', '--orca', '-I', 'xtb_opt-xcontrol-inp']...
2025-04-04 23:59:48,458 -   censo.qm_processor   -  DEBUG   - worker522740:Started (PID: 522745).
2025-04-05 00:02:16,972 -   censo.qm_processor   -  DEBUG   - worker522740:Done.
2025-04-05 00:02:16,983 -     censo.parallel     -  DEBUG   - Free cores increased 0 -> 1.
2025-04-05 00:02:16,989 -     censo.parallel     -  DEBUG   - Checking for failed jobs...
2025-04-05 00:02:16,989 -     censo.parallel     -   INFO   - All jobs executed successfully.
2025-04-05 00:02:16,995 -     censo.parallel     -  DEBUG   - Free cores decreased 1 -> 0.
2025-04-05 00:02:16,999 -   censo.qm_processor   -  DEBUG   - worker523456:Running on 1 cores.
2025-04-05 00:02:17,004 -   censo.qm_processor   -   INFO   - worker523456:Running xtb_rrho calculation in /srv/scratch/z5358697/.automated/4408/2_OPTIMIZATION/CONF1/xtb_rrho.
2025-04-05 00:02:17,124 -   censo.qm_processor   -  DEBUG   - worker523456:Running ['/srv/scratch/z5358697/.xtb/bin/xtb', 'xtb_rrho.coord', '--gfn2', '--ohess', 'vtight', '--chrg', '0', '--enso', '--norestart', '-I', 'rrho-xcontrol-inp', '--parallel', '1', '--alpb', 'water']...
2025-04-05 00:02:17,133 -   censo.qm_processor   -  DEBUG   - worker523456:Started (PID: 523461).
2025-04-05 00:02:18,093 -   censo.qm_processor   -  DEBUG   - worker523456:Done.
2025-04-05 00:02:18,097 -     censo.parallel     -  DEBUG   - Free cores increased 0 -> 1.
2025-04-05 00:02:18,103 -     censo.parallel     -  DEBUG   - Checking for failed jobs...
2025-04-05 00:02:18,103 -     censo.parallel     -   INFO   - All jobs executed successfully.
2025-04-05 00:02:18,103 -censo.ensembleopt.optimization-  DEBUG   - Writing to /srv/scratch/z5358697/.automated/4408/2_OPTIMIZATION.out.
2025-04-05 00:02:18,115 -censo.ensembleopt.optimization-  DEBUG   - Writing to /srv/scratch/z5358697/.automated/4408/2_OPTIMIZATION.out.
2025-04-05 00:02:18,151 -     censo.parallel     -  DEBUG   - Free cores decreased 1 -> 0.
2025-04-05 00:02:18,156 -   censo.qm_processor   -  DEBUG   - worker523476:Running on 1 cores.
2025-04-05 00:02:18,169 -   censo.qm_processor   -   INFO   - worker523476:Running gsolv calculation in /srv/scratch/z5358697/.automated/4408/3_REFINEMENT/CONF1/gsolv.
2025-04-05 00:02:18,237 -  censo.orca_processor  -  DEBUG   - worker523476:Copying .gbw file from /srv/scratch/z5358697/.automated/4408/2_OPTIMIZATION/CONF1/xtb_opt/xtb_opt.gbw.
2025-04-05 00:02:18,263 -   censo.qm_processor   -  DEBUG   - worker523476:Running ['/apps/z_install_tree/linux-rocky8-ivybridge/gcc-12.2.0/orca-6.0.0-srtngmq3qlimg2qxbl6avaaiffipurdx/bin/orca', 'sp_gas.inp']...
2025-04-05 00:02:18,268 -   censo.qm_processor   -  DEBUG   - worker523476:Started (PID: 523482).
2025-04-05 00:05:40,867 -   censo.qm_processor   -  DEBUG   - worker523476:Done.
2025-04-05 00:05:40,890 -  censo.orca_processor  -  DEBUG   - worker523476:Copying .gbw file from /srv/scratch/z5358697/.automated/4408/2_OPTIMIZATION/CONF1/xtb_opt/xtb_opt.gbw.
2025-04-05 00:05:40,940 -   censo.qm_processor   -  DEBUG   - worker523476:Running ['/apps/z_install_tree/linux-rocky8-ivybridge/gcc-12.2.0/orca-6.0.0-srtngmq3qlimg2qxbl6avaaiffipurdx/bin/orca', 'sp_solv.inp']...
2025-04-05 00:05:40,944 -   censo.qm_processor   -  DEBUG   - worker523476:Started (PID: 524008).
2025-04-05 00:09:07,520 -   censo.qm_processor   -  DEBUG   - worker523476:Done.
2025-04-05 00:09:07,528 -     censo.parallel     -  DEBUG   - Free cores increased 0 -> 1.
2025-04-05 00:09:07,534 -     censo.parallel     -  DEBUG   - Checking for failed jobs...
2025-04-05 00:09:07,534 -     censo.parallel     -   INFO   - All jobs executed successfully.
2025-04-05 00:09:07,534 -censo.ensembleopt.refinement-  DEBUG   - Writing to /srv/scratch/z5358697/.automated/4408/3_REFINEMENT.out.
