----------------------------------------------- 
  Element       SASA      Sigma Z        Total  
     Z         Ang**2 cal/Ang**2/mol   kcal/mol 
----------------------------------------------- 
      H        119.068      48.690       5.797
      C         20.532     129.740       2.664
      O         15.124       0.000       0.000

 Subtotal:     154.725                   8.461
 -----------------------------------------------

  Elements    COT*SASA   Sigma Z,Z'     Total   
    Z,Z'       Ang**2  cal/Ang**2/mol kcal/mol  
 ---------------------------------------------- 
  H   C         70.764     -60.770      -4.300
  H   O          9.757       0.000       0.000
  C   C         13.765     -72.950      -1.004
  O   C          0.000      68.690       0.000

 Subtotal:                              -5.304
 ---------------------------------------------- 

 NONAQUEOUS SOLVENT CONTRIBUTION (kcal/mol):
 (proportional to SASA, atomic number independent)
 ---------------------------------------------- 
 Subtotal:                               0.000
 ---------------------------------------------- 

 CDS TOTAL (kcal/mol):                   3.157
...............................................................................
