----------------------------------------------- 
  Element       SASA      Sigma Z        Total  
     Z         Ang**2 cal/Ang**2/mol   kcal/mol 
----------------------------------------------- 
      H         60.238      48.690       2.933
      C         24.240     129.740       3.145
      O         32.413       0.000       0.000
      Cl        38.444       9.820       0.378

 Subtotal:     155.335                   6.455
 -----------------------------------------------

  Elements    COT*SASA   Sigma Z,Z'     Total   
    Z,Z'       Ang**2  cal/Ang**2/mol kcal/mol  
 ---------------------------------------------- 
  H   C         40.614     -60.770      -2.468
  H   O          0.000       0.000       0.000
  C   C          7.782     -72.950      -0.568
  O   C         17.860      68.690       1.227
  O   O          0.000       0.000       0.000

 Subtotal:                              -1.809
 ---------------------------------------------- 

 NONAQUEOUS SOLVENT CONTRIBUTION (kcal/mol):
 (proportional to SASA, atomic number independent)
 ---------------------------------------------- 
 Subtotal:                               0.000
 ---------------------------------------------- 

 CDS TOTAL (kcal/mol):                   4.646
...............................................................................
