24
 energy: -314.388277288478 gnorm: 0.019764955107 xtb: 6.7.1 (edcfbbe)
C           -2.39929226006319       -0.00007124410003       -0.53657819533777
C           -1.37775967571052        0.00001317070001        0.59978894636578
C           -0.49552866581958       -1.25230844165493        0.58090668665742
C            0.49545601861955       -1.25245283155499       -0.58054267375725
C            1.37749785461041        0.00001203570001       -0.59986475406582
C            0.49553253551958        1.25253395185503       -0.58044227015721
C           -0.49564203001963        1.25241083895498        0.58086545055740
C            2.39967252676336       -0.00012250460005        0.53591403343748
H           -3.03328372994413       -0.88159484139066       -0.47079215500862
H           -3.03235416884372        0.88220087439093       -0.47190000080911
H           -1.91558891344885       -0.00094355970042       -1.50854298806848
H           -1.94108256826015        0.00003458670002        1.54165894758315
H            0.05296581332347       -1.31133900818109        1.52285751737482
H           -1.12664693499925       -2.14152698734897        0.51527673662833
H            1.12672976639928       -2.14153617834897       -0.51462015442804
H           -0.05303970092350       -1.31189726768134       -1.52245767287464
H            1.94029487015980        0.00003497610002       -1.54204823748332
H            1.12689220979936        2.14154683714898       -0.51425791382788
H           -0.05282043612341        1.31220698448147       -1.52242620967463
H            0.05271213402336        1.31159386038120        1.52289247557483
H           -1.12685042929934        2.14155351464898        0.51502198782822
H            3.03344520704420       -0.88183462209076        0.46986850240821
H            1.91649454304925       -0.00073639420033        1.50822837616834
H            3.03289139644395        0.88205876619086        0.47067803120857
24
 energy: -314.388941423165 gnorm: 0.005176820383 xtb: 6.7.1 (edcfbbe)
C           -2.40193357700885       -0.00007506800710       -0.53585410566313
C           -1.37943480227782        0.00001863961846        0.60347211459247
C           -0.49711594668542       -1.25682550992424        0.58260421235527
C            0.49698294590914       -1.25688700256537       -0.58227583659781
C            1.37923266752870        0.00002091066603       -0.60354457139277
C            0.49705409668721        1.25697716915129       -0.58220885818625
C           -0.49715531965032        1.25688908148756        0.58258568921328
C            2.40231912250584       -0.00010215502012        0.53525113566872
H           -3.04234814317536       -0.88489975821912       -0.47653370504190
H           -3.04145168572606        0.88546228556565       -0.47752512369973
H           -1.92304613125703       -0.00087421311620       -1.51763627548174
H           -1.94284813741456        0.00003233842865        1.54638607196986
H            0.05258549902824       -1.31879664063247        1.52875510791908
H           -1.12916460161200       -2.15056744170806        0.52547613752621
H            1.12917552811431       -2.15050787941214       -0.52488854919646
H           -0.05272127964734       -1.31925145277873       -1.52839278581173
H            1.94218001788313        0.00004868967931       -1.54673716148843
H            1.12931685160527        2.15054015499762       -0.52463899523403
H           -0.05255720095819        1.31950525462065       -1.52837151081748
H            0.05244548447076        1.31898077783354        1.52879009888421
H           -1.12926509750534        2.15057874388694        0.52530613765729
H            3.04252277752870       -0.88507429719209        0.47571603503821
H            1.92393387851955       -0.00066258771869        1.51730004772738
H            3.04198827462004        0.88530659431688        0.47644918918248
24
 energy: -314.388998027879 gnorm: 0.000837077677 xtb: 6.7.1 (edcfbbe)
C           -2.40555288084204       -0.00004113151350       -0.53564769889486
C           -1.38147615348785        0.00001484475010        0.60312482615869
C           -0.49740816604336       -1.25780911208612        0.58326166385269
C            0.49731834292066       -1.25788980472816       -0.58298993223369
C            1.38129633436422        0.00001107911849       -0.60317671967567
C            0.49736311694707        1.25794153283831       -0.58293619145882
C           -0.49742943820352        1.25785037278808        0.58325805959547
C            2.40588724738678       -0.00007345424187        0.53513316304770
H           -3.04854219014409       -0.88569325247034       -0.47923492663698
H           -3.04772777905583        0.88625673118056       -0.48011501546613
H           -1.92934977710639       -0.00075919199575       -1.52106760797234
H           -1.94467952583467        0.00002989125091        1.54639664339148
H            0.05270460412439       -1.32091688802377        1.53099388632391
H           -1.12973987187297       -2.15315041409520        0.52986922454020
H            1.12975743056569       -2.15314498181175       -0.52940251045977
H           -0.05281226245582       -1.32129847570873       -1.53068542765798
H            1.94409145123730        0.00003190167730       -1.54669131244593
H            1.12984771556155        2.15316004385657       -0.52924054901562
H           -0.05271495557728        1.32145431290944       -1.53065769698624
H            0.05262844610513        1.32101153612808        1.53102001522938
H           -1.12979171854330        2.15316755927913        0.52979507071748
H            3.04869451042294       -0.88584510556528        0.47853241269458
H            1.93013558499098       -0.00057108662180        1.52077365435166
H            3.04819490826080        0.88609984071892        0.47917148694700
24
 energy: -314.388999729351 gnorm: 0.000357088103 xtb: 6.7.1 (edcfbbe)
C           -2.40637723601918       -0.00002282420685       -0.53567676435213
C           -1.38224536415493        0.00001393211722        0.60264940502480
C           -0.49786905525778       -1.25802448462936        0.58273383999593
C            0.49778012253790       -1.25806265285294       -0.58250869286756
C            1.38212587569743        0.00000852111425       -0.60271004131893
C            0.49780512749452        1.25809487117230       -0.58247967173652
C           -0.49785711912026        1.25804098482095        0.58274575768050
C            2.40667749606605       -0.00005372643801        0.53524003235973
H           -3.04959118101272       -0.88547684411112       -0.47872131892909
H           -3.04884703963264        0.88601963365590       -0.47948531893522
H           -1.93170841577523       -0.00065504657858       -1.52185488762885
H           -1.94510398647808        0.00002470893517        1.54608667503239
H            0.05173883431677       -1.31998445604488        1.53083651165225
H           -1.12971582827020       -2.15373066666522        0.52980265565286
H            1.12971242405526       -2.15369767661651       -0.52941841784337
H           -0.05184095431640       -1.32027420298228       -1.53058291015617
H            1.94465041246169        0.00002548450837       -1.54634679076803
H            1.12976626847152        2.15370745877983       -0.52933832159391
H           -0.05180191578315        1.32036178156974       -1.53056152610669
H            0.05173349556802        1.32000833309347        1.53086050578539
H           -1.12971202227438        2.15374085132826        0.52979825071061
H            3.04972845946722       -0.88561584996655        0.47813352994041
H            1.93238005987304       -0.00048961731098        1.52159923461430
H            3.04926637869270        0.88587827386345        0.47868277546325
24
 energy: -314.388999729351 gnorm: 0.000357088103 xtb: 6.7.1 (edcfbbe)
C           -2.40637723601918       -0.00002282420685       -0.53567676435213
C           -1.38224536415493        0.00001393211722        0.60264940502480
C           -0.49786905525778       -1.25802448462936        0.58273383999593
C            0.49778012253790       -1.25806265285294       -0.58250869286756
C            1.38212587569743        0.00000852111425       -0.60271004131893
C            0.49780512749452        1.25809487117230       -0.58247967173652
C           -0.49785711912026        1.25804098482095        0.58274575768050
C            2.40667749606605       -0.00005372643801        0.53524003235973
H           -3.04959118101272       -0.88547684411112       -0.47872131892909
H           -3.04884703963264        0.88601963365590       -0.47948531893522
H           -1.93170841577523       -0.00065504657858       -1.52185488762885
H           -1.94510398647808        0.00002470893517        1.54608667503239
H            0.05173883431677       -1.31998445604488        1.53083651165225
H           -1.12971582827020       -2.15373066666522        0.52980265565286
H            1.12971242405526       -2.15369767661651       -0.52941841784337
H           -0.05184095431640       -1.32027420298228       -1.53058291015617
H            1.94465041246169        0.00002548450837       -1.54634679076803
H            1.12976626847152        2.15370745877983       -0.52933832159391
H           -0.05180191578315        1.32036178156974       -1.53056152610669
H            0.05173349556802        1.32000833309347        1.53086050578539
H           -1.12971202227438        2.15374085132826        0.52979825071061
H            3.04972845946722       -0.88561584996655        0.47813352994041
H            1.93238005987304       -0.00048961731098        1.52159923461430
H            3.04926637869270        0.88587827386345        0.47868277546325
