22
 energy: -63.155605552962 gnorm: 0.025706587210 xtb: 6.7.1 (edcfbbe)
C           -1.20404493474628        1.03058436464091        0.90956732472752
C           -0.51727783965816        0.21392955763498        0.01925935153017
C           -1.22477218535678       -0.70241399632981       -0.76017015525728
C           -2.61479376114340       -0.80144899326229       -0.65337571423765
C           -3.30233699158678        0.02407301384049        0.24637913209492
C           -2.58232500165294        0.93642905182070        1.02302758583034
Cl          -3.40092775508963        1.97596797920111        2.15179813263697
Cl          -5.02183220064759       -0.08685732244523        0.38980460175059
Cl          -3.48452798642668       -1.93794996160827       -1.62519733152345
Cl          -0.35411831033994       -1.72282048595295       -1.86319038690534
C            0.95584268953365        0.32735136751377       -0.08901607449071
C            1.55475456664342        1.16393224405742       -1.03173346843341
C            2.92995711516731        1.28690182513763       -1.14623433986926
C            3.73850644365224        0.55267754979843       -0.29060303553559
C            3.18939871419298       -0.30079742900114        0.67130446758167
C            1.79687837039313       -0.40228409757949        0.75601623296844
Cl           1.07781132831129       -1.47222890048690        1.92076012546534
Cl           4.20824848073203       -1.21348790086872        1.72944042436445
Cl           5.46256144542378        0.71666251459997       -0.44074674091516
Cl           0.54261647550290        2.08594268385066       -2.11510430309054
H           -0.65521543281304        1.74090168646206        1.51688789371392
H            3.37046378989416        1.94234790535077       -1.88695892943653
22
 energy: -63.156726473381 gnorm: 0.017086571211 xtb: 6.7.1 (edcfbbe)
C           -1.20048989678623        1.03199721338441        0.91234472809935
C           -0.51286423899854        0.21714712344183        0.02322723827581
C           -1.21965105009673       -0.69643975035314       -0.75554495448584
C           -2.60463194121929       -0.79431208821946       -0.64838621418220
C           -3.29111952958053        0.02675667362567        0.24600548176446
C           -2.57766069350655        0.93661360594563        1.02226147706680
Cl          -3.41502801006402        1.96081501396483        2.13865432134775
Cl          -5.00569169309665       -0.08989226614909        0.38506390901901
Cl          -3.47270439905949       -1.92763856267943       -1.61602806145344
Cl          -0.36398834524993       -1.71781208137401       -1.85866752339729
C            0.95980181303995        0.32689927048677       -0.09298947474125
C            1.55176674802759        1.16281409971349       -1.03637029805693
C            2.92635555273895        1.28576748178367       -1.14705375307183
C            3.73475360020800        0.55295590653895       -0.29253405501536
C            3.18362930724982       -0.29888751673843        0.66267677490056
C            1.79695682743773       -0.40261525287919        0.74889202183986
Cl           1.08593960446523       -1.46303500045547        1.91700166675583
Cl           4.19703158746730       -1.20993367860108        1.71940081648064
Cl           5.45390160635412        0.70088444204425       -0.42454144520756
Cl           0.53115170772064        2.07461051881067       -2.10509105444665
H           -0.65782709386231        1.74154866824186        1.51740312171833
H            3.36523555679659        1.93916883584139       -1.88380993024062
22
 energy: -63.157066413912 gnorm: 0.007626461721 xtb: 6.7.1 (edcfbbe)
C           -1.19909349531360        1.03554504919878        0.91570311317489
C           -0.51020381263125        0.22198242212115        0.02774265474976
C           -1.21340454214327       -0.69192147931434       -0.75258400602575
C           -2.59694347197612       -0.79128521788948       -0.64598518260061
C           -3.28482291056396        0.02716736971582        0.24602170747048
C           -2.57626713120688        0.93828427623325        1.02389751423598
Cl          -3.42470160806353        1.95077448652810        2.12936552291362
Cl          -4.99515523160883       -0.09464337612875        0.37898690134749
Cl          -3.46111391370888       -1.92210849363819       -1.61162197365180
Cl          -0.36456541309539       -1.70971032184346       -1.85337929765821
C            0.96264538567471        0.32947502662130       -0.09243537645635
C            1.54861399614251        1.16440699246569       -1.03978652875105
C            2.92383906951200        1.28382374636752       -1.14971967410131
C            3.73366184279859        0.55067604204215       -0.29718231785299
C            3.18000417067216       -0.29980922099425        0.65690261558504
C            1.79534640015651       -0.40198310584068        0.74888638389662
Cl           1.08821335596799       -1.45606103348241        1.91445909368877
Cl           4.18867681514948       -1.21206338772732        1.71036716776158
Cl           5.44591949853437        0.68979535219989       -0.41683721198803
Cl           0.52348216566012        2.06396286064827       -2.09723097316465
H           -0.66084464543960        1.74456736301425        1.52108087217757
H            3.36158049546854        1.93653730607683       -1.88473621178164
22
 energy: -63.157117139984 gnorm: 0.002492047228 xtb: 6.7.1 (edcfbbe)
C           -1.20038767322774        1.03755733288635        0.91786088122539
C           -0.51023570109144        0.22498707743894        0.03027788072067
C           -1.21022505179800       -0.69025311401103       -0.75202270718520
C           -2.59464978240850       -0.79150643534546       -0.64657171877388
C           -3.28454854880999        0.02649718327116        0.24545045533150
C           -2.57801874032476        0.93941510689079        1.02535605439469
Cl          -3.42800125556645        1.94872641244716        2.12777790701539
Cl          -4.99374942309626       -0.09793985294460        0.37614749543828
Cl          -3.45548878995435       -1.92271139374696       -1.61253320128228
Cl          -0.35926048353877       -1.70449921558995       -1.85080895346257
C            0.96299501528273        0.33227978951459       -0.08977918776672
C            1.54726483716687        1.16601531377379       -1.04035710867924
C            2.92317821577086        1.28257109976210       -1.15101814490849
C            3.73409478362601        0.54928817927166       -0.29915419466202
C            3.17957518091402       -0.30132043458801        0.65602588975874
C            1.79413256257295       -0.40169138356832        0.75132593652003
Cl           1.08691875569699       -1.45232533611294        1.91621490037142
Cl           4.18757184902199       -1.21642309652366        1.70635259495406
Cl           5.44328199201293        0.68506613284921       -0.42045997323354
Cl           0.52284907481920        2.06213086991771       -2.09474237832203
H           -0.66340271274079        1.74728665948272        1.52418860228205
H            3.36097291565817        1.93426176129886       -1.88761623676683
22
 energy: -63.157130678394 gnorm: 0.000799916266 xtb: 6.7.1 (edcfbbe)
C           -1.20254851662489        1.03914082416868        0.91964515275035
C           -0.51076288030224        0.22771505365200        0.03252495693561
C           -1.20793520317131       -0.68875987711120       -0.75155560525237
C           -2.59313695672144       -0.79195196213121       -0.64743658700313
C           -3.28506781323069        0.02540785923764        0.24470662544112
C           -2.58051852392591        0.93987162432008        1.02629617468968
Cl          -3.43116689338206        1.94776891862585        2.12770760559020
Cl          -4.99412547351698       -0.10111577131705        0.37380277600421
Cl          -3.45093944862952       -1.92415655461677       -1.61459277111282
Cl          -0.35330069123242       -1.70012335868773       -1.84897440416622
C            0.96280385361418        0.33550052507955       -0.08656108142200
C            1.54652560094917        1.16776460957477       -1.03962749423115
C            2.92288589291164        1.28110199411645       -1.15197207869802
C            3.73448420194604        0.54686733633115       -0.30127664402570
C            3.17968559320354       -0.30261391657859        0.65589916469250
C            1.79344010974831       -0.40021050530931        0.75423840722249
Cl           1.08587102729339       -1.44873260811760        1.91936812443676
Cl           4.18816994457278       -1.22075482919482        1.70339846487999
Cl           5.44228157705216        0.68044439687651       -0.42688628265325
Cl           0.52374622025768        2.06326518771365       -2.09337360792984
H           -0.66651104145135        1.74953336559004        1.52711795530520
H            3.36098644062558        1.93145034415201       -1.89053405848423
22
 energy: -63.157136251222 gnorm: 0.001213394872 xtb: 6.7.1 (edcfbbe)
C           -1.20505980442225        1.04054323045735        0.92157445209101
C           -0.51120951953866        0.23055742203948        0.03497831537268
C           -1.20591135577712       -0.68676218202778       -0.75071512640527
C           -2.59135110796481       -0.79195684868249       -0.64816595066861
C           -3.28537432038577        0.02417407645959        0.24375906876023
C           -2.58321045742141        0.93965083877013        1.02683313756848
Cl          -3.43556871831778        1.94626060228660        2.12779423035577
Cl          -4.99470913473056       -0.10477803679105        0.37119169763414
Cl          -3.44620744209722       -1.92533451727492       -1.61698100548287
Cl          -0.34767605589454       -1.69590727492396       -1.84735055749798
C            0.96255901123766        0.33891910957631       -0.08334035025047
C            1.54616980949233        1.16938881673792       -1.03834471042090
C            2.92271638241808        1.27944277505551       -1.15293217565818
C            3.73461791080262        0.54397911747904       -0.30352864276231
C            3.17978374628429       -0.30354785380820        0.65562019073844
C            1.79322387595135       -0.39793065826729        0.75676474960284
Cl           1.08557733990243       -1.44407760944960        1.92370208318462
Cl           4.18896694506026       -1.22450647549145        1.70083055705334
Cl           5.44211688566243        0.67367217867614       -0.43486609525955
Cl           0.52469437485158        2.06610168419553       -2.09167732593683
H           -0.67037681110598        1.75151256842200        1.53014811377556
H            3.36109546597872        1.92801169293529       -1.89337986282476
22
 energy: -63.157141801304 gnorm: 0.000674105818 xtb: 6.7.1 (edcfbbe)
C           -1.20742868152907        1.04185748534351        0.92365803966398
C           -0.51134360138466        0.23342460704639        0.03754952743400
C           -1.20400538687057       -0.68436248484874       -0.74953696417042
C           -2.58920996696326       -0.79155721522544       -0.64865426409498
C           -3.28530077273736        0.02296084292970        0.24278468765000
C           -2.58563295726447        0.93896030103696        1.02709856699250
Cl          -3.44085746921758        1.94398416459129        2.12764904099217
Cl          -4.99499859695191       -0.10865889872004        0.36827181929650
Cl          -3.44137008491716       -1.92588289809766       -1.61928040537445
Cl          -0.34296549055040       -1.69188867848880       -1.84588887134838
C            0.96245069869299        0.34219894066868       -0.08046851134879
C            1.54611704451248        1.17084542688301       -1.03688976593411
C            2.92264848515553        1.27768767235233       -1.15419384289015
C            3.73457135819991        0.54059222875766       -0.30629032589308
C            3.17974426475576       -0.30426852434459        0.65486022356599
C            1.79333043924231       -0.39521417461992        0.75883317202391
Cl           1.08584551263101       -1.43881837669007        1.92845699826811
Cl           4.18929100934381       -1.22711350263476        1.69875962336300
Cl           5.44241675022768        0.66541123453876       -0.44268902289980
Cl           0.52498077305444        2.06946862552178       -2.08940143591623
H           -0.67453833492617        1.75323087556464        1.53327687323397
H            3.36112202748233        1.92455500480946       -1.89599036964436
22
 energy: -63.157146448376 gnorm: 0.000488843198 xtb: 6.7.1 (edcfbbe)
C           -1.21025805891479        1.04373601176939        0.92666242731124
C           -0.51125182012695        0.23738453556678        0.04103528936626
C           -1.20122724562725       -0.68095722969135       -0.74787185989370
C           -2.58608556173606       -0.79097351744192       -0.64935807323634
C           -3.28506150235623        0.02137045290107        0.24151817513412
C           -2.58848938098367        0.93790996290982        1.02753607681995
Cl          -3.44812643390255        1.94018345419514        2.12719307736825
Cl          -4.99486470624357       -0.11393940936259        0.36400787010762
Cl          -3.43455762255448       -1.92620662624364       -1.62230333620450
Cl          -0.33694741318488       -1.68622386667060       -1.84385829005651
C            0.96247465681294        0.34652740533689       -0.07678918875285
C            1.54614388851001        1.17283086022028       -1.03509121412239
C            2.92261567199908        1.27545568936138       -1.15634347816577
C            3.73446551653980        0.53620275270405       -0.31025427879957
C            3.17959219962313       -0.30511067055400        0.65370527251208
C            1.79340001536130       -0.39163638020977        0.76161732971574
Cl           1.08604074150323       -1.43147124858004        1.93481338577895
Cl           4.18903030129849       -1.22993996593126        1.69612614254947
Cl           5.44255186648251        0.65316752295241       -0.45266877231383
Cl           0.52449827992842        2.07347872819575       -2.08556585806075
H           -0.68008369160769        1.75561349921674        1.53776280360829
H            3.36100731916486        1.92001069572964       -1.89995870769640
22
 energy: -63.157147870419 gnorm: 0.000284359070 xtb: 6.7.1 (edcfbbe)
C           -1.21212999403447        1.04493452983986        0.92870197218915
C           -0.51120003137766        0.24004570759000        0.04329186061643
C           -1.19932713676077       -0.67865206148463       -0.74685387191324
C           -2.58405161502313       -0.79066416616521       -0.65005248810946
C           -3.28505671068231        0.02024505615473        0.24060220190356
C           -2.59033155218791        0.93707980430204        1.02783771419707
Cl          -3.45276053036977        1.93740482248039        2.12724632468732
Cl          -4.99470482164938       -0.11743945485032        0.36104954942476
Cl          -3.42989924393944       -1.92636286600429       -1.62460555620731
Cl          -0.33260881116516       -1.68225906437587       -1.84254987152584
C            0.96246251728049        0.34959431495742       -0.07413968811487
C            1.54622939992832        1.17430074577300       -1.03371929464930
C            2.92260564587284        1.27390061170897       -1.15793617678741
C            3.73432769996580        0.53307722842873       -0.31312472509813
C            3.17951468738692       -0.30555646071436        0.65320819007202
C            1.79338132655135       -0.38901955202760        0.76385610756285
Cl           1.08599000293195       -1.42643461913275        1.93929359911377
Cl           4.18874092615479       -1.23152173834939        1.69457417785964
Cl           5.44250082462535        0.64452535344164       -0.45976844464959
Cl           0.52410902551429        2.07629978941893       -2.08290302276829
H           -0.68380323168503        1.75715256894291        1.54092071898381
H            3.36087864264861        1.91676210643994       -1.90301448381758
22
 energy: -63.157148072821 gnorm: 0.000110834505 xtb: 6.7.1 (edcfbbe)
C           -1.21270834918457        1.04520468106813        0.92943608614529
C           -0.51119780759768        0.24087590027051        0.04396820211390
C           -1.19873452698054       -0.67784311942466       -0.74665171801729
C           -2.58344277872707       -0.79048617347822       -0.65041870795890
C           -3.28510116991928        0.01986662551927        0.24030270998195
C           -2.59088455020518        0.93667358884376        1.02806207257132
Cl          -3.45411187270877        1.93625972061088        2.12756597806884
Cl          -4.99456881555020       -0.11853558477002        0.36008815562685
Cl          -3.42837303535895       -1.92618099961168       -1.62557449187812
Cl          -0.33122566880776       -1.68081938429388       -1.84229906756237
C            0.96245558061347        0.35056204110320       -0.07332211542912
C            1.54624485582958        1.17465163080593       -1.03340772124402
C            2.92258672214358        1.27331851764381       -1.15849368862313
C            3.73425784096820        0.53221620855146       -0.31388782709413
C            3.17949939970400       -0.30559784846992        0.65323036403242
C            1.79335581794534       -0.38817476467742        0.76460041895435
Cl           1.08593346033598       -1.42451489236296        1.94094182674720
Cl           4.18860982284929       -1.23170219647293        1.69432005259504
Cl           5.44236812470676        0.64155310119666       -0.46223770550512
Cl           0.52404179896541        2.07713682220264       -2.08217134958173
H           -0.68494916718587        1.75747569300101        1.54207118730058
H            3.36081133814994        1.91547308911862       -1.90420786827444
22
 energy: -63.157148135295 gnorm: 0.000032207817 xtb: 6.7.1 (edcfbbe)
C           -1.21279963846614        1.04513729179361        0.92967307339600
C           -0.51119969181295        0.24102839665932        0.04407408434392
C           -1.19863894348627       -0.67759626207881       -0.74673163744501
C           -2.58336259563904       -0.79036926405123       -0.65061151944484
C           -3.28514300242944        0.01977856884787        0.24024510799921
C           -2.59096009664170        0.93647080914561        1.02820510871019
Cl          -3.45428348304232        1.93572464743699        2.12796874972480
Cl          -4.99451252007531       -0.11875496718345        0.35991329411250
Cl          -3.42812217016596       -1.92587254859467       -1.62603367948645
Cl          -0.33099492245552       -1.68032359049417       -1.84250531840399
C            0.96244919543035        0.35080443094963       -0.07313944107987
C            1.54625212658299        1.17468745595652       -1.03339174995525
C            2.92259468610765        1.27303867509439       -1.15874001298632
C            3.73425603944827        0.53185501503837       -0.31419351204279
C            3.17950241301533       -0.30549749982094        0.65337277152387
C            1.79333078792817       -0.38777661444012        0.76494491221901
Cl           1.08588533664496       -1.42388817650126        1.94144958598638
Cl           4.18854580599174       -1.23140506248799        1.69455588620061
Cl           5.44231670890154        0.64096857530147       -0.46272174748512
Cl           0.52406369974380        2.07707717551158       -2.08227873734347
H           -0.68512347924855        1.75732299324119        1.54248729839233
H            3.36081076365406        1.91500260705026       -1.90462772396637
