----------------------------------------------- 
  Element       SASA      Sigma Z        Total  
     Z         Ang**2 cal/Ang**2/mol   kcal/mol 
----------------------------------------------- 
      H         67.538      48.690       3.288
      C         55.636     129.740       7.218
      N         14.099       0.000       0.000
      O         45.309       0.000       0.000

 Subtotal:     182.582                  10.507
 -----------------------------------------------

  Elements    COT*SASA   Sigma Z,Z'     Total   
    Z,Z'       Ang**2  cal/Ang**2/mol kcal/mol  
 ---------------------------------------------- 
  H   C         31.838     -60.770      -1.935
  H   O          0.000       0.000       0.000
  C   C         74.382     -72.950      -5.426
  O   C          0.000      68.690       0.000
  O   O          0.000       0.000       0.000
  C   N          6.222       0.000       0.000
  N   C         17.683     -48.220      -0.853
  N  C(3)        0.000      84.100       0.000
  O   N         26.569     121.980       3.241

 Subtotal:                              -4.973
 ---------------------------------------------- 

 NONAQUEOUS SOLVENT CONTRIBUTION (kcal/mol):
 (proportional to SASA, atomic number independent)
 ---------------------------------------------- 
 Subtotal:                               0.000
 ---------------------------------------------- 

 CDS TOTAL (kcal/mol):                   5.534
...............................................................................
