----------------------------------------------- 
  Element       SASA      Sigma Z        Total  
     Z         Ang**2 cal/Ang**2/mol   kcal/mol 
----------------------------------------------- 
      H         60.369      48.690       2.939
      C         24.340     129.740       3.158
      O         32.850       0.000       0.000
      Cl        38.728       9.820       0.380

 Subtotal:     156.286                   6.478
 -----------------------------------------------

  Elements    COT*SASA   Sigma Z,Z'     Total   
    Z,Z'       Ang**2  cal/Ang**2/mol kcal/mol  
 ---------------------------------------------- 
  H   C         40.656     -60.770      -2.471
  H   O          0.000       0.000       0.000
  C   C          7.864     -72.950      -0.574
  O   C         17.935      68.690       1.232
  O   O          0.000       0.000       0.000

 Subtotal:                              -1.812
 ---------------------------------------------- 

 NONAQUEOUS SOLVENT CONTRIBUTION (kcal/mol):
 (proportional to SASA, atomic number independent)
 ---------------------------------------------- 
 Subtotal:                               0.000
 ---------------------------------------------- 

 CDS TOTAL (kcal/mol):                   4.665
...............................................................................
