12
 energy: -492.062053188096 gnorm: 0.036770958221 xtb: 6.7.1 (edcfbbe)
C            1.81142354660269       -0.04071032611804        1.00305171824448
C            0.97502922163206       -0.34356906515224       -0.23700730930502
H            1.04602456256352       -1.40830947792406       -0.50987323082594
C           -0.50243471352264       -0.09177697304067        0.06272042682779
F           -1.29385395307334       -0.34035774145082       -0.99390969724043
F           -0.95568479932349       -0.88117303299047        1.05578011466784
F           -0.75840175813607        1.16796849881756        0.44106412599545
O            1.27133514956336        0.47834930761197       -1.33546150019178
H            2.85088089416330       -0.28843647192781        0.81345418756046
H            1.45610919924524       -0.63161484327989        1.84221656841633
H            1.73222392046759        1.01542977134996        1.24951187445369
H            2.21364432548092        0.40224327047824       -1.55238310548790
12
 energy: -492.063262834665 gnorm: 0.013116424778 xtb: 6.7.1 (edcfbbe)
C            1.80903614565670       -0.04058107658618        1.00114958355735
C            0.96406104040446       -0.34166856864070       -0.22961706443103
H            1.03925294654820       -1.40718028621286       -0.49595120371951
C           -0.51288547660630       -0.09251801894808        0.05979134178542
F           -1.29127510602353       -0.34505877348432       -1.01491130103527
F           -0.95097910637987       -0.89185144905020        1.05901772090869
F           -0.75838070738731        1.17975533289827        0.43344415246825
O            1.27137530053293        0.48860917105762       -1.33640957487973
H            2.85136245327530       -0.29010405063347        0.79551461497884
H            1.47292898959114       -0.63789676823414        1.85125839594970
H            1.73983992776255        1.01946646985685        1.25595251194734
H            2.21195936912045        0.39707066888966       -1.54007470691950
12
 energy: -492.063469843798 gnorm: 0.004213895565 xtb: 6.7.1 (edcfbbe)
C            1.80922722785268       -0.03925512356004        0.99969648792471
C            0.95813315254427       -0.34075051368961       -0.22289034428431
H            1.03635741906017       -1.40462841861813       -0.49155241210757
C           -0.51745529102267       -0.09225098782853        0.05779978854618
F           -1.29001524192137       -0.34776944090523       -1.02533121871595
F           -0.95564320404514       -0.89358414441439        1.05827067128449
F           -0.76754038016275        1.18595049105505        0.42690381806277
O            1.27217001343289        0.49332361371097       -1.33361336932090
H            2.85154166281711       -0.28621287095662        0.77790788208913
H            1.49168376326555       -0.64422252741193        1.85456053367039
H            1.74484060338931        1.02061649675270        1.26359688473494
H            2.21299621536990        0.38682583088088       -1.52618381520526
12
 energy: -492.063508087105 gnorm: 0.001746944463 xtb: 6.7.1 (edcfbbe)
C            1.80983417603904       -0.03915380394086        0.99964337217877
C            0.95621834047004       -0.33969171839333       -0.21952945785210
H            1.03432012965980       -1.40258528037182       -0.49057527453053
C           -0.51845322448566       -0.09189045014884        0.05725700175367
F           -1.28900249549711       -0.34953461139366       -1.02807341362358
F           -0.96014139370796       -0.89094729502147        1.05819192419336
F           -0.77293139513512        1.18826618768573        0.42270040879579
O            1.27359050784880        0.49556691117248       -1.33251754274056
H            2.85181555903783       -0.28019713744492        0.76891686282490
H            1.50328543004707       -0.65016314741401        1.85419025562178
H            1.74333301768745        1.01899722532101        1.26894062496183
H            2.21442735435202        0.37937538602110       -1.51997950137392
12
 energy: -492.063525617978 gnorm: 0.001915502748 xtb: 6.7.1 (edcfbbe)
C            1.81036321434002       -0.03963523573431        1.00026635979971
C            0.95525465104673       -0.33928398549129       -0.21698513256351
H            1.03212463820820       -1.40128694219646       -0.49105763188609
C           -0.51852988713560       -0.09052315671910        0.05689452293486
F           -1.28770618412820       -0.35180491170444       -1.02844275333501
F           -0.96372403866624       -0.88442560069864        1.05933958463442
F           -0.77586240742851        1.19104282803972        0.41717010537554
O            1.27536393898082        0.49693241924276       -1.33123172248275
H            2.85269057114737       -0.26892050538127        0.76139246409902
H            1.51504718279173       -0.66012490659958        1.85095249538507
H            1.73584939885507        1.01541460602793        1.27738443489962
H            2.21542494709332        0.37065751916249       -1.51651698299764
12
 energy: -492.063538526657 gnorm: 0.001394941723 xtb: 6.7.1 (edcfbbe)
C            1.81003623566862       -0.04067665501398        1.00121193980964
C            0.95536796045622       -0.33928730256645       -0.21683153141562
H            1.03138305596335       -1.40118651514043       -0.49163123202007
C           -0.51836153230374       -0.08883817724399        0.05672063724831
F           -1.28727024216322       -0.35385160110953       -1.02719737617689
F           -0.96374264949283       -0.87810841154073        1.06197807025588
F           -0.77437425362573        1.19375993419057        0.41222467296585
O            1.27656475317292        0.49696729315566       -1.33063793213106
H            2.85370253802486       -0.25905723883639        0.75897755279428
H            1.52095554551202       -0.66943197318236        1.84761400266487
H            1.72671907463603        1.01181862999835        1.28541713095543
H            2.21531550260433        0.36593406744720       -1.51867983867939
12
 energy: -492.063557114136 gnorm: 0.001480678424 xtb: 6.7.1 (edcfbbe)
C            1.80862086569859       -0.04442829695813        1.00450094402299
C            0.95576682491859       -0.33889809483617       -0.21630809456068
H            1.02938000348942       -1.40063452940343       -0.49245846938637
C           -0.51816644667292       -0.08284989365736        0.05548725576533
F           -1.28738536355349       -0.36287216836516       -1.02394651504233
F           -0.96285275003421       -0.85611754194977        1.07287025489340
F           -0.77038769648552        1.20512737855263        0.39183799718122
O            1.28070831184855        0.49853349101617       -1.32755948546064
H            2.85725928086139       -0.22592679454114        0.75052947801428
H            1.54205382833600       -0.70290196668588        1.83644909800014
H            1.69681894355604        0.99872913519027        1.31593146233596
H            2.21448006851081        0.35028101861068       -1.52816661202735
12
 energy: -492.063560650327 gnorm: 0.000730495774 xtb: 6.7.1 (edcfbbe)
C            1.80852240273431       -0.04474225956637        1.00488327498384
C            0.95637097373654       -0.33822112243373       -0.21699118607554
H            1.03013166658261       -1.40009900437124       -0.49260830391816
C           -0.51780553061778       -0.08299420895180        0.05511785171142
F           -1.28842496040830       -0.36394926409361       -1.02327401042532
F           -0.96124065045506       -0.85646439753650        1.07348427343339
F           -0.77049279524416        1.20483719462798        0.39113740209549
O            1.28056063295362        0.49936081703311       -1.32731876137286
H            2.85640865086427       -0.22868145186517        0.75379137430319
H            1.53965161647371       -0.70088222807213        1.83656306611269
H            1.69915053746573        0.99782210540912        1.31542332465670
H            2.21346332215380        0.35205557392980       -1.53104111395131
12
 energy: -492.063560650327 gnorm: 0.000730495774 xtb: 6.7.1 (edcfbbe)
C            1.80852240273431       -0.04474225956637        1.00488327498384
C            0.95637097373654       -0.33822112243373       -0.21699118607554
H            1.03013166658261       -1.40009900437124       -0.49260830391816
C           -0.51780553061778       -0.08299420895180        0.05511785171142
F           -1.28842496040830       -0.36394926409361       -1.02327401042532
F           -0.96124065045506       -0.85646439753650        1.07348427343339
F           -0.77049279524416        1.20483719462798        0.39113740209549
O            1.28056063295362        0.49936081703311       -1.32731876137286
H            2.85640865086427       -0.22868145186517        0.75379137430319
H            1.53965161647371       -0.70088222807213        1.83656306611269
H            1.69915053746573        0.99782210540912        1.31542332465670
H            2.21346332215380        0.35205557392980       -1.53104111395131
