19
 energy: -386.009719764122 gnorm: 0.024489870148 xtb: 6.7.1 (edcfbbe)
C           -2.63272403006663        0.60605456656856        0.75989414553673
C           -1.84797715211889        0.58315262755841       -0.55337686254522
C           -0.38119059956892        0.38866464147223       -0.29432087323042
C            0.48748929591602        1.46511453294923       -0.21904064699706
C            1.83450973971292        1.28958698977145        0.05070490962247
C            2.33023278113259        0.01429631620634        0.24951726691057
C            1.48138862035644       -1.07622448067690        0.17942739557951
C            0.13002863285762       -0.89781007679784       -0.08674352533844
O           -0.73047191372369       -1.95283723126535       -0.15834295697017
H           -3.69095216563556        0.76061788503705        0.56543225115056
H           -2.27310727030727        1.40752995292371        1.40150206152104
H           -2.50982573861217       -0.33872243445010        1.28366528796883
H           -2.00304410868760        1.52210437417448       -1.08732703668182
H           -2.21527321258165       -0.23733995790517       -1.17247429391955
H            0.09722975104309        2.45985946069003       -0.37797100286749
H            2.49175364050416        2.14385486505000        0.10353524404588
H            3.37819727909697       -0.13747753886092        0.45909853570344
H            1.86982717072857       -2.07310703601865        0.33414079994807
H           -0.25383843581248       -2.78472664573399       -0.02165273460959
19
 energy: -386.010708260713 gnorm: 0.009894868308 xtb: 6.7.1 (edcfbbe)
C           -2.64469129924125        0.60475630156896        0.76150166312147
C           -1.85290616635828        0.58151334670782       -0.55194557529017
C           -0.38210698533554        0.38462817484651       -0.30684722155221
C            0.49132141286793        1.46613237406894       -0.22564147098183
C            1.84456163530101        1.29515824077814        0.05220876124252
C            2.34344533878531        0.01318160389282        0.25156323916088
C            1.49257702318439       -1.08378546729168        0.18031323912348
C            0.13861372970616       -0.90040930108665       -0.09279578335810
O           -0.73066220151890       -1.95685809892406       -0.16190132449886
H           -3.70956167424318        0.76172719948301        0.57261057003079
H           -2.28615966716413        1.41054618420990        1.40750917781679
H           -2.52681934414507       -0.33955935707915        1.29893889850412
H           -2.00259516346579        1.52343000293109       -1.08706433485332
H           -2.23146566823455       -0.22512821368849       -1.18656290003680
H            0.09506690892467        2.46432317192071       -0.38464724983343
H            2.50272241418924        2.15473013166027        0.10549243793341
H            3.39546188343071       -0.13992262507692        0.46336688503371
H            1.87655948138251       -2.08763615990215        0.33589239043471
H           -0.25110924231748       -2.78423693614671       -0.01632341588529
19
 energy: -386.010849822000 gnorm: 0.003382012313 xtb: 6.7.1 (edcfbbe)
C           -2.65077715241293        0.60425333040274        0.76197995555539
C           -1.85553696065502        0.58221840206575       -0.55039385048032
C           -0.38378215212690        0.38182561970813       -0.30738536089205
C            0.49304216014407        1.46493177776403       -0.22807468914210
C            1.84909697135135        1.29610856640025        0.04956941031240
C            2.34989080840978        0.01227266405656        0.25123595678428
C            1.49943136414719       -1.08780212425189        0.17889162488721
C            0.14412679190984       -0.90139963567677       -0.09346334679757
O           -0.72901833289655       -1.96144973572919       -0.16205090947463
H           -3.71728989437832        0.76099694520142        0.57022617252814
H           -2.29773945575600        1.41265995195391        1.41130018368099
H           -2.53760192295548       -0.33914260138873        1.30627937079809
H           -2.00111121701956        1.52875514558927       -1.08122147753560
H           -2.24102554497850       -0.21400165456646       -1.19638401196655
H            0.09457207213323        2.46404207159455       -0.38886350343752
H            2.50661179612394        2.15802791128507        0.10438033321548
H            3.40327984692647       -0.14059215563085        0.46560762282440
H            1.88029717303669       -2.09448703710895        0.33468604055199
H           -0.24421401129512       -2.78462698773646       -0.01065153023650
19
 energy: -386.010869716613 gnorm: 0.001623258797 xtb: 6.7.1 (edcfbbe)
C           -2.65416901037525        0.60351814737754        0.76163847910067
C           -1.85543976377103        0.58374399219197       -0.54830602687879
C           -0.38385685565526        0.38112380538150       -0.30583566283796
C            0.49403264719103        1.46404735746914       -0.22862250517966
C            1.85008461255009        1.29536516316862        0.04826597690844
C            2.35137988563173        0.01172416581869        0.25007722471376
C            1.50106705636674       -1.08847007923241        0.17847527241103
C            0.14566463065835       -0.90113415272705       -0.09226545851993
O           -0.72781512366720       -1.96364291458076       -0.16109358114494
H           -3.72036254089767        0.75872888309823        0.56633803038558
H           -2.30498439050503        1.41276417026819        1.41204041251689
H           -2.54181534734407       -0.33948760443541        1.30660582859164
H           -1.99840362894603        1.53303288314594       -1.07530129257052
H           -2.24226763708121       -0.20816825244650       -1.19877754156394
H            0.09567890290774        2.46303900091975       -0.39036989852520
H            2.50751283983385        2.15733239579297        0.10174680991802
H            3.40493674039707       -0.14084848438946        0.46409994812808
H            1.88095847265439       -2.09556949293214        0.33311308417536
H           -0.23994943120347       -2.78450844222944       -0.00616118526032
19
 energy: -386.010882284903 gnorm: 0.001645139789 xtb: 6.7.1 (edcfbbe)
C           -2.66007732295555        0.60054017376780        0.76037369977938
C           -1.85422893620230        0.58768183889859       -0.54472187162389
C           -0.38362292404183        0.38150609650761       -0.30051084232045
C            0.49613875442735        1.46328522426135       -0.22801505091111
C            1.85194004623142        1.29351771715807        0.04488763844567
C            2.35323965773106        0.01045536646251        0.24676233181337
C            1.50225260395401       -1.08865604996734        0.17806363809080
C            0.14684303574199       -0.89952564241815       -0.08846461977131
O           -0.72681239425665       -1.96583846915777       -0.15671965069354
H           -3.72510528980509        0.75097164764564        0.55673567715460
H           -2.32023622604494        1.41081480257976        1.41378874931640
H           -2.54777943595558       -0.34231559971191        1.30442389679979
H           -1.99217572086787        1.54196360022169       -1.06386226681024
H           -2.24047546227444       -0.19745510652371       -1.20318749877239
H            0.09889671334447        2.46198408812480       -0.39124920876813
H            2.50991279017110        2.15477830014102        0.09463530105965
H            3.40708923323446       -0.14202160678680        0.45772334240309
H            1.88075035238739       -2.09613857803475        0.33024649726658
H           -0.23429840795297       -2.78295673211391        0.00475778821657
19
 energy: -386.010888621958 gnorm: 0.001208235994 xtb: 6.7.1 (edcfbbe)
C           -2.66074692092209        0.59880133322583        0.75973255483880
C           -1.85360568842550        0.58854916886105       -0.54473057877521
C           -0.38308506629917        0.38287005480242       -0.29967571017291
C            0.49697483772725        1.46419918668605       -0.22758307749147
C            1.85291921869093        1.29358557867090        0.04420923161940
C            2.35354984997968        0.01017032724915        0.24557562878502
C            1.50155710952913       -1.08824482404767        0.17836883394262
C            0.14598701259528       -0.89869789497062       -0.08720777499912
O           -0.72806193833724       -1.96374486946028       -0.15432706496686
H           -3.72580877901027        0.74763466908964        0.55547374179152
H           -2.32259513899129        1.40867098954627        1.41439968604230
H           -2.54710060695600       -0.34470310579664        1.30244083788863
H           -1.99196665163203        1.54293024499524       -1.06314180808390
H           -2.23801462281075       -0.19674380935155       -1.20401465334932
H            0.10009022116172        2.46311657309627       -0.39021259954942
H            2.51156836259639        2.15440736611236        0.09309472583534
H            3.40754740435028       -0.14293357978395        0.45506912418399
H            1.88001582979810       -2.09576261739596        0.33085954336160
H           -0.23697382417343       -2.78151336429897        0.00733666386673
19
 energy: -386.010895845488 gnorm: 0.001595554801 xtb: 6.7.1 (edcfbbe)
C           -2.66605504694171        0.58984258669367        0.75678168396697
C           -1.85142201670029        0.59372061301391       -0.54348238254792
C           -0.38138636420759        0.38812508399183       -0.29462662689818
C            0.50137313794342        1.46747245648059       -0.22630550536698
C            1.85844814551054        1.29357166956798        0.03970591188538
C            2.35633377899684        0.00865669088045        0.24010102336973
C            1.50019179097233       -1.08716760052498        0.17958063992316
C            0.14335586812866       -0.89535166463758       -0.08074719149083
O           -0.73243322019762       -1.95613312835080       -0.14223518521078
H           -3.73111295873508        0.73110877776471        0.54681105526598
H           -2.33845798771494        1.39827126118414        1.41877681425513
H           -2.54805399640683       -0.35637583726122        1.29408398881192
H           -1.98938938785251        1.55191522299841       -1.05473404319079
H           -2.22955186130044       -0.18749777839172       -1.21158119593070
H            0.10648762588555        2.46739919759710       -0.38853729011843
H            2.52015166112470        2.15260823410557        0.08394611978885
H            3.41134108923448       -0.14739121935592        0.44284286700873
H            1.87762229823292       -2.09530210283652        0.33263212231844
H           -0.24519427161680       -2.77487931712574        0.02265323700495
19
 energy: -386.010898389446 gnorm: 0.000434450638 xtb: 6.7.1 (edcfbbe)
C           -2.66690643070032        0.58874334557438        0.75663562012241
C           -1.85124988600613        0.59462580532112       -0.54272721835849
C           -0.38111612006652        0.38849307543100       -0.29456779179419
C            0.50208787827869        1.46751482767657       -0.22741535203667
C            1.85898323464598        1.29341455866623        0.03881541645855
C            2.35663931791421        0.00860162974263        0.23993377982566
C            1.50062310548846       -1.08720384929850        0.17996563330417
C            0.14418644066183       -0.89469142007918       -0.08023255196580
O           -0.73247642765771       -1.95587886143233       -0.14170577294496
H           -3.73189272008530        0.72972862022392        0.54616624013475
H           -2.34024482076699        1.39669406881393        1.41946745146927
H           -2.54910625606658       -0.35774138259352        1.29339418261321
H           -1.98924001402463        1.55367757173145       -1.05242409922286
H           -2.22976707655721       -0.18505731849268       -1.21238590158783
H            0.10744230354931        2.46739546370976       -0.39020988917014
H            2.52069425368484        2.15231758161645        0.08277365879782
H            3.41148731431802       -0.14758336713429        0.44308214858461
H            1.87730798254078       -2.09548831752234        0.33309130335770
H           -0.24520402980035       -2.77496873896473        0.02400900792264
19
 energy: -386.010898389446 gnorm: 0.000434450638 xtb: 6.7.1 (edcfbbe)
C           -2.66690643070032        0.58874334557438        0.75663562012241
C           -1.85124988600613        0.59462580532112       -0.54272721835849
C           -0.38111612006652        0.38849307543100       -0.29456779179419
C            0.50208787827869        1.46751482767657       -0.22741535203667
C            1.85898323464598        1.29341455866623        0.03881541645855
C            2.35663931791421        0.00860162974263        0.23993377982566
C            1.50062310548846       -1.08720384929850        0.17996563330417
C            0.14418644066183       -0.89469142007918       -0.08023255196580
O           -0.73247642765771       -1.95587886143233       -0.14170577294496
H           -3.73189272008530        0.72972862022392        0.54616624013475
H           -2.34024482076699        1.39669406881393        1.41946745146927
H           -2.54910625606658       -0.35774138259352        1.29339418261321
H           -1.98924001402463        1.55367757173145       -1.05242409922286
H           -2.22976707655721       -0.18505731849268       -1.21238590158783
H            0.10744230354931        2.46739546370976       -0.39020988917014
H            2.52069425368484        2.15231758161645        0.08277365879782
H            3.41148731431802       -0.14758336713429        0.44308214858461
H            1.87730798254078       -2.09548831752234        0.33309130335770
H           -0.24520402980035       -2.77496873896473        0.02400900792264
