----------------------------------------------- 
  Element       SASA      Sigma Z        Total  
     Z         Ang**2 cal/Ang**2/mol   kcal/mol 
----------------------------------------------- 
      H        109.727      48.690       5.343
      C         17.110     129.740       2.220
      N         12.274       0.000       0.000

 Subtotal:     139.111                   7.562
 -----------------------------------------------

  Elements    COT*SASA   Sigma Z,Z'     Total   
    Z,Z'       Ang**2  cal/Ang**2/mol kcal/mol  
 ---------------------------------------------- 
  H   C         56.661     -60.770      -3.443
  C   C         12.532     -72.950      -0.914
  C   N          1.900       0.000       0.000
  N   C         39.275     -48.220      -1.894
  N  C(3)        0.000      84.100       0.000

 Subtotal:                              -6.251
 ---------------------------------------------- 

 NONAQUEOUS SOLVENT CONTRIBUTION (kcal/mol):
 (proportional to SASA, atomic number independent)
 ---------------------------------------------- 
 Subtotal:                               0.000
 ---------------------------------------------- 

 CDS TOTAL (kcal/mol):                   1.311
...............................................................................
