----------------------------------------------- 
  Element       SASA      Sigma Z        Total  
     Z         Ang**2 cal/Ang**2/mol   kcal/mol 
----------------------------------------------- 
      H         68.581      48.690       3.339
      C         20.158     129.740       2.615
      O         44.925       0.000       0.000

 Subtotal:     133.664                   5.955
 -----------------------------------------------

  Elements    COT*SASA   Sigma Z,Z'     Total   
    Z,Z'       Ang**2  cal/Ang**2/mol kcal/mol  
 ---------------------------------------------- 
  H   C         40.738     -60.770      -2.476
  H   O          5.661       0.000       0.000
  C   C         15.053     -72.950      -1.098
  O   C         21.311      68.690       1.464
  O   O          0.000       0.000       0.000

 Subtotal:                              -2.110
 ---------------------------------------------- 

 NONAQUEOUS SOLVENT CONTRIBUTION (kcal/mol):
 (proportional to SASA, atomic number independent)
 ---------------------------------------------- 
 Subtotal:                               0.000
 ---------------------------------------------- 

 CDS TOTAL (kcal/mol):                   3.845
...............................................................................
