2025-04-03 21:03:28,614 -     censo.parallel     -  DEBUG   - Free cores decreased 2 -> 1.
2025-04-03 21:03:28,618 -   censo.qm_processor   -  DEBUG   - worker3655649:Running on 1 cores.
2025-04-03 21:03:28,619 -     censo.parallel     -  DEBUG   - Free cores decreased 1 -> 0.
2025-04-03 21:03:28,619 -   censo.qm_processor   -  DEBUG   - worker3655650:Running on 1 cores.
2025-04-03 21:03:28,638 -   censo.qm_processor   -   INFO   - worker3655649:Running xtb_gsolv calculation in /srv/scratch/z5358697/.automated/4017/0_PRESCREENING/CONF1/xtb_gsolv.
2025-04-03 21:03:28,654 -   censo.qm_processor   -  DEBUG   - worker3655649:Running ['/srv/scratch/z5358697/.xtb/bin/xtb', 'gas.coord', '--gfn2', '--sp', '--chrg', '0', '--norestart', '--parallel', '1']...
2025-04-03 21:03:28,663 -   censo.qm_processor   -   INFO   - worker3655650:Running xtb_gsolv calculation in /srv/scratch/z5358697/.automated/4017/0_PRESCREENING/CONF2/xtb_gsolv.
2025-04-03 21:03:28,663 -   censo.qm_processor   -  DEBUG   - worker3655649:Started (PID: 3655657).
2025-04-03 21:03:28,679 -   censo.qm_processor   -  DEBUG   - worker3655650:Running ['/srv/scratch/z5358697/.xtb/bin/xtb', 'gas.coord', '--gfn2', '--sp', '--chrg', '0', '--norestart', '--parallel', '1']...
2025-04-03 21:03:28,686 -   censo.qm_processor   -  DEBUG   - worker3655650:Started (PID: 3655658).
2025-04-03 21:03:28,714 -   censo.qm_processor   -  DEBUG   - worker3655649:Done.
2025-04-03 21:03:28,738 -   censo.qm_processor   -  DEBUG   - worker3655650:Done.
2025-04-03 21:03:28,740 -   censo.qm_processor   -  DEBUG   - worker3655649:Running ['/srv/scratch/z5358697/.xtb/bin/xtb', 'solv.coord', '--gfn2', '--sp', '--chrg', '0', '--norestart', '--parallel', '1', '--alpb', 'water', 'reference', '-I', 'xtb_sp-xcontrol-inp']...
2025-04-03 21:03:28,744 -   censo.qm_processor   -  DEBUG   - worker3655649:Started (PID: 3655668).
2025-04-03 21:03:28,764 -   censo.qm_processor   -  DEBUG   - worker3655650:Running ['/srv/scratch/z5358697/.xtb/bin/xtb', 'solv.coord', '--gfn2', '--sp', '--chrg', '0', '--norestart', '--parallel', '1', '--alpb', 'water', 'reference', '-I', 'xtb_sp-xcontrol-inp']...
2025-04-03 21:03:28,768 -   censo.qm_processor   -  DEBUG   - worker3655650:Started (PID: 3655671).
2025-04-03 21:03:28,795 -   censo.qm_processor   -  DEBUG   - worker3655649:Done.
2025-04-03 21:03:28,797 -     censo.parallel     -  DEBUG   - Free cores increased 0 -> 1.
2025-04-03 21:03:28,850 -   censo.qm_processor   -  DEBUG   - worker3655650:Done.
2025-04-03 21:03:28,851 -     censo.parallel     -  DEBUG   - Free cores increased 1 -> 2.
2025-04-03 21:03:28,858 -     censo.parallel     -  DEBUG   - Checking for failed jobs...
2025-04-03 21:03:28,859 -     censo.parallel     -   INFO   - All jobs executed successfully.
2025-04-03 21:03:28,864 -     censo.parallel     -  DEBUG   - Free cores decreased 2 -> 1.
2025-04-03 21:03:28,867 -     censo.parallel     -  DEBUG   - Free cores decreased 1 -> 0.
2025-04-03 21:03:28,870 -   censo.qm_processor   -  DEBUG   - worker3655688:Running on 1 cores.
2025-04-03 21:03:28,870 -   censo.qm_processor   -  DEBUG   - worker3655687:Running on 1 cores.
2025-04-03 21:03:28,874 -   censo.qm_processor   -   INFO   - worker3655688:Running sp calculation in /srv/scratch/z5358697/.automated/4017/0_PRESCREENING/CONF1/sp.
2025-04-03 21:03:28,893 -   censo.qm_processor   -   INFO   - worker3655687:Running sp calculation in /srv/scratch/z5358697/.automated/4017/0_PRESCREENING/CONF2/sp.
2025-04-03 21:03:28,915 -   censo.qm_processor   -  DEBUG   - worker3655688:Running ['/apps/z_install_tree/linux-rocky8-ivybridge/gcc-12.2.0/orca-6.0.0-srtngmq3qlimg2qxbl6avaaiffipurdx/bin/orca', 'sp.inp']...
2025-04-03 21:03:28,915 -   censo.qm_processor   -  DEBUG   - worker3655687:Running ['/apps/z_install_tree/linux-rocky8-ivybridge/gcc-12.2.0/orca-6.0.0-srtngmq3qlimg2qxbl6avaaiffipurdx/bin/orca', 'sp.inp']...
2025-04-03 21:03:28,921 -   censo.qm_processor   -  DEBUG   - worker3655688:Started (PID: 3655695).
2025-04-03 21:03:28,921 -   censo.qm_processor   -  DEBUG   - worker3655687:Started (PID: 3655696).
2025-04-03 21:03:34,327 -   censo.qm_processor   -  DEBUG   - worker3655688:Done.
2025-04-03 21:03:34,327 -   censo.qm_processor   -  DEBUG   - worker3655687:Done.
2025-04-03 21:03:34,333 -     censo.parallel     -  DEBUG   - Free cores increased 0 -> 1.
2025-04-03 21:03:34,333 -     censo.parallel     -  DEBUG   - Free cores increased 1 -> 2.
2025-04-03 21:03:34,340 -     censo.parallel     -  DEBUG   - Checking for failed jobs...
2025-04-03 21:03:34,340 -     censo.parallel     -   INFO   - All jobs executed successfully.
2025-04-03 21:03:34,341 -censo.ensembleopt.prescreening-  DEBUG   - Writing to /srv/scratch/z5358697/.automated/4017/0_PRESCREENING.out.
2025-04-03 21:03:34,382 -     censo.parallel     -  DEBUG   - Free cores decreased 2 -> 1.
2025-04-03 21:03:34,385 -     censo.parallel     -  DEBUG   - Free cores decreased 1 -> 0.
2025-04-03 21:03:34,387 -   censo.qm_processor   -  DEBUG   - worker3655735:Running on 1 cores.
2025-04-03 21:03:34,387 -   censo.qm_processor   -  DEBUG   - worker3655734:Running on 1 cores.
2025-04-03 21:03:34,402 -   censo.qm_processor   -   INFO   - worker3655735:Running gsolv calculation in /srv/scratch/z5358697/.automated/4017/1_SCREENING/CONF1/gsolv.
2025-04-03 21:03:34,412 -   censo.qm_processor   -   INFO   - worker3655734:Running gsolv calculation in /srv/scratch/z5358697/.automated/4017/1_SCREENING/CONF2/gsolv.
2025-04-03 21:03:34,414 -  censo.orca_processor  -  DEBUG   - worker3655735:Copying .gbw file from /srv/scratch/z5358697/.automated/4017/0_PRESCREENING/CONF1/sp/sp.gbw.
2025-04-03 21:03:34,424 -  censo.orca_processor  -  DEBUG   - worker3655734:Copying .gbw file from /srv/scratch/z5358697/.automated/4017/0_PRESCREENING/CONF2/sp/sp.gbw.
2025-04-03 21:03:34,441 -   censo.qm_processor   -  DEBUG   - worker3655735:Running ['/apps/z_install_tree/linux-rocky8-ivybridge/gcc-12.2.0/orca-6.0.0-srtngmq3qlimg2qxbl6avaaiffipurdx/bin/orca', 'sp_gas.inp']...
2025-04-03 21:03:34,446 -   censo.qm_processor   -  DEBUG   - worker3655735:Started (PID: 3655742).
2025-04-03 21:03:34,449 -   censo.qm_processor   -  DEBUG   - worker3655734:Running ['/apps/z_install_tree/linux-rocky8-ivybridge/gcc-12.2.0/orca-6.0.0-srtngmq3qlimg2qxbl6avaaiffipurdx/bin/orca', 'sp_gas.inp']...
2025-04-03 21:03:34,452 -   censo.qm_processor   -  DEBUG   - worker3655734:Started (PID: 3655743).
2025-04-03 21:03:50,218 -   censo.qm_processor   -  DEBUG   - worker3655735:Done.
2025-04-03 21:03:50,235 -  censo.orca_processor  -  DEBUG   - worker3655735:Copying .gbw file from /srv/scratch/z5358697/.automated/4017/0_PRESCREENING/CONF1/sp/sp.gbw.
2025-04-03 21:03:50,265 -   censo.qm_processor   -  DEBUG   - worker3655735:Running ['/apps/z_install_tree/linux-rocky8-ivybridge/gcc-12.2.0/orca-6.0.0-srtngmq3qlimg2qxbl6avaaiffipurdx/bin/orca', 'sp_solv.inp']...
2025-04-03 21:03:50,268 -   censo.qm_processor   -  DEBUG   - worker3655735:Started (PID: 3655760).
2025-04-03 21:03:50,527 -   censo.qm_processor   -  DEBUG   - worker3655734:Done.
2025-04-03 21:03:50,545 -  censo.orca_processor  -  DEBUG   - worker3655734:Copying .gbw file from /srv/scratch/z5358697/.automated/4017/0_PRESCREENING/CONF2/sp/sp.gbw.
2025-04-03 21:03:50,573 -   censo.qm_processor   -  DEBUG   - worker3655734:Running ['/apps/z_install_tree/linux-rocky8-ivybridge/gcc-12.2.0/orca-6.0.0-srtngmq3qlimg2qxbl6avaaiffipurdx/bin/orca', 'sp_solv.inp']...
2025-04-03 21:03:50,577 -   censo.qm_processor   -  DEBUG   - worker3655734:Started (PID: 3655762).
2025-04-03 21:04:09,781 -   censo.qm_processor   -  DEBUG   - worker3655735:Done.
2025-04-03 21:04:09,786 -     censo.parallel     -  DEBUG   - Free cores increased 0 -> 1.
2025-04-03 21:04:10,137 -   censo.qm_processor   -  DEBUG   - worker3655734:Done.
2025-04-03 21:04:10,141 -     censo.parallel     -  DEBUG   - Free cores increased 1 -> 2.
2025-04-03 21:04:10,148 -     censo.parallel     -  DEBUG   - Checking for failed jobs...
2025-04-03 21:04:10,148 -     censo.parallel     -   INFO   - All jobs executed successfully.
2025-04-03 21:04:10,189 -     censo.parallel     -  DEBUG   - Free cores decreased 2 -> 1.
2025-04-03 21:04:10,193 -     censo.parallel     -  DEBUG   - Free cores decreased 1 -> 0.
2025-04-03 21:04:10,195 -   censo.qm_processor   -  DEBUG   - worker3655829:Running on 1 cores.
2025-04-03 21:04:10,195 -   censo.qm_processor   -  DEBUG   - worker3655828:Running on 1 cores.
2025-04-03 21:04:10,274 -   censo.qm_processor   -   INFO   - worker3655828:Running xtb_opt calculation in /srv/scratch/z5358697/.automated/4017/2_OPTIMIZATION/CONF1/xtb_opt.
2025-04-03 21:04:10,284 -   censo.qm_processor   -   INFO   - worker3655829:Running xtb_opt calculation in /srv/scratch/z5358697/.automated/4017/2_OPTIMIZATION/CONF2/xtb_opt.
2025-04-03 21:04:10,389 -  censo.orca_processor  -  DEBUG   - worker3655829:Copying .gbw file from /srv/scratch/z5358697/.automated/4017/1_SCREENING/CONF2/gsolv/sp_solv.gbw.
2025-04-03 21:04:10,396 -  censo.orca_processor  -  DEBUG   - worker3655828:Copying .gbw file from /srv/scratch/z5358697/.automated/4017/1_SCREENING/CONF1/gsolv/sp_solv.gbw.
2025-04-03 21:04:10,419 -   censo.qm_processor   -  DEBUG   - worker3655829:Running ['/srv/scratch/z5358697/.xtb/bin/xtb', 'xtb_opt.coord', '--opt', 'normal', '--orca', '-I', 'xtb_opt-xcontrol-inp']...
2025-04-03 21:04:10,423 -   censo.qm_processor   -  DEBUG   - worker3655828:Running ['/srv/scratch/z5358697/.xtb/bin/xtb', 'xtb_opt.coord', '--opt', 'normal', '--orca', '-I', 'xtb_opt-xcontrol-inp']...
2025-04-03 21:04:10,428 -   censo.qm_processor   -  DEBUG   - worker3655828:Started (PID: 3655837).
2025-04-03 21:04:10,429 -   censo.qm_processor   -  DEBUG   - worker3655829:Started (PID: 3655836).
2025-04-03 21:05:34,287 -   censo.qm_processor   -  DEBUG   - worker3655829:Done.
2025-04-03 21:05:34,297 -     censo.parallel     -  DEBUG   - Free cores increased 0 -> 1.
2025-04-03 21:05:35,620 -   censo.qm_processor   -  DEBUG   - worker3655828:Done.
2025-04-03 21:05:35,630 -     censo.parallel     -  DEBUG   - Free cores increased 1 -> 2.
2025-04-03 21:05:35,638 -     censo.parallel     -  DEBUG   - Checking for failed jobs...
2025-04-03 21:05:35,638 -     censo.parallel     -   INFO   - All jobs executed successfully.
2025-04-03 21:05:35,644 -     censo.parallel     -  DEBUG   - Free cores decreased 2 -> 1.
2025-04-03 21:05:35,648 -     censo.parallel     -  DEBUG   - Free cores decreased 1 -> 0.
2025-04-03 21:05:35,650 -   censo.qm_processor   -  DEBUG   - worker3656277:Running on 1 cores.
2025-04-03 21:05:35,651 -   censo.qm_processor   -  DEBUG   - worker3656278:Running on 1 cores.
2025-04-03 21:05:35,655 -   censo.qm_processor   -   INFO   - worker3656277:Running xtb_rrho calculation in /srv/scratch/z5358697/.automated/4017/2_OPTIMIZATION/CONF1/xtb_rrho.
2025-04-03 21:05:35,657 -   censo.qm_processor   -   INFO   - worker3656278:Running xtb_rrho calculation in /srv/scratch/z5358697/.automated/4017/2_OPTIMIZATION/CONF2/xtb_rrho.
2025-04-03 21:05:35,692 -   censo.qm_processor   -  DEBUG   - worker3656277:Running ['/srv/scratch/z5358697/.xtb/bin/xtb', 'xtb_rrho.coord', '--gfn2', '--bhess', 'vtight', '--chrg', '0', '--enso', '--norestart', '-I', 'rrho-xcontrol-inp', '--parallel', '1', '--alpb', 'water']...
2025-04-03 21:05:35,700 -   censo.qm_processor   -  DEBUG   - worker3656277:Started (PID: 3656285).
2025-04-03 21:05:35,708 -   censo.qm_processor   -  DEBUG   - worker3656278:Running ['/srv/scratch/z5358697/.xtb/bin/xtb', 'xtb_rrho.coord', '--gfn2', '--bhess', 'vtight', '--chrg', '0', '--enso', '--norestart', '-I', 'rrho-xcontrol-inp', '--parallel', '1', '--alpb', 'water']...
2025-04-03 21:05:35,712 -   censo.qm_processor   -  DEBUG   - worker3656278:Started (PID: 3656286).
2025-04-03 21:05:36,148 -   censo.qm_processor   -  DEBUG   - worker3656277:Done.
2025-04-03 21:05:36,151 -     censo.parallel     -  DEBUG   - Free cores increased 0 -> 1.
2025-04-03 21:05:36,163 -   censo.qm_processor   -  DEBUG   - worker3656278:Done.
2025-04-03 21:05:36,166 -     censo.parallel     -  DEBUG   - Free cores increased 1 -> 2.
2025-04-03 21:05:36,173 -     censo.parallel     -  DEBUG   - Checking for failed jobs...
2025-04-03 21:05:36,174 -     censo.parallel     -   INFO   - All jobs executed successfully.
2025-04-03 21:05:36,174 -censo.ensembleopt.optimization-   INFO   - Threshold: 1.50 kcal/mol
2025-04-03 21:05:36,179 -     censo.parallel     -  DEBUG   - Free cores decreased 2 -> 1.
2025-04-03 21:05:36,182 -     censo.parallel     -  DEBUG   - Free cores decreased 1 -> 0.
2025-04-03 21:05:36,184 -   censo.qm_processor   -  DEBUG   - worker3656306:Running on 1 cores.
2025-04-03 21:05:36,184 -   censo.qm_processor   -  DEBUG   - worker3656307:Running on 1 cores.
2025-04-03 21:05:36,185 -   censo.qm_processor   -   INFO   - worker3656306:Running xtb_rrho calculation in /srv/scratch/z5358697/.automated/4017/2_OPTIMIZATION/CONF1/xtb_rrho.
2025-04-03 21:05:36,185 -   censo.qm_processor   -   INFO   - worker3656307:Running xtb_rrho calculation in /srv/scratch/z5358697/.automated/4017/2_OPTIMIZATION/CONF2/xtb_rrho.
2025-04-03 21:05:36,215 -   censo.qm_processor   -  DEBUG   - worker3656306:Running ['/srv/scratch/z5358697/.xtb/bin/xtb', 'xtb_rrho.coord', '--gfn2', '--ohess', 'vtight', '--chrg', '0', '--enso', '--norestart', '-I', 'rrho-xcontrol-inp', '--parallel', '1', '--alpb', 'water']...
2025-04-03 21:05:36,215 -   censo.qm_processor   -  DEBUG   - worker3656307:Running ['/srv/scratch/z5358697/.xtb/bin/xtb', 'xtb_rrho.coord', '--gfn2', '--ohess', 'vtight', '--chrg', '0', '--enso', '--norestart', '-I', 'rrho-xcontrol-inp', '--parallel', '1', '--alpb', 'water']...
2025-04-03 21:05:36,221 -   censo.qm_processor   -  DEBUG   - worker3656306:Started (PID: 3656314).
2025-04-03 21:05:36,221 -   censo.qm_processor   -  DEBUG   - worker3656307:Started (PID: 3656315).
2025-04-03 21:05:36,653 -   censo.qm_processor   -  DEBUG   - worker3656306:Done.
2025-04-03 21:05:36,657 -     censo.parallel     -  DEBUG   - Free cores increased 0 -> 1.
2025-04-03 21:05:36,668 -   censo.qm_processor   -  DEBUG   - worker3656307:Done.
2025-04-03 21:05:36,671 -     censo.parallel     -  DEBUG   - Free cores increased 1 -> 2.
2025-04-03 21:05:36,678 -     censo.parallel     -  DEBUG   - Checking for failed jobs...
2025-04-03 21:05:36,678 -     censo.parallel     -   INFO   - All jobs executed successfully.
2025-04-03 21:05:36,678 -censo.ensembleopt.optimization-  DEBUG   - Writing to /srv/scratch/z5358697/.automated/4017/2_OPTIMIZATION.out.
2025-04-03 21:05:36,690 -censo.ensembleopt.optimization-  DEBUG   - Writing to /srv/scratch/z5358697/.automated/4017/2_OPTIMIZATION.out.
2025-04-03 21:05:37,226 -     censo.parallel     -  DEBUG   - Free cores decreased 2 -> 1.
2025-04-03 21:05:37,229 -     censo.parallel     -  DEBUG   - Free cores decreased 1 -> 0.
2025-04-03 21:05:37,231 -   censo.qm_processor   -  DEBUG   - worker3656332:Running on 1 cores.
2025-04-03 21:05:37,232 -   censo.qm_processor   -  DEBUG   - worker3656333:Running on 1 cores.
2025-04-03 21:05:37,245 -   censo.qm_processor   -   INFO   - worker3656332:Running gsolv calculation in /srv/scratch/z5358697/.automated/4017/3_REFINEMENT/CONF1/gsolv.
2025-04-03 21:05:37,249 -   censo.qm_processor   -   INFO   - worker3656333:Running gsolv calculation in /srv/scratch/z5358697/.automated/4017/3_REFINEMENT/CONF2/gsolv.
2025-04-03 21:05:37,257 -  censo.orca_processor  -  DEBUG   - worker3656332:Copying .gbw file from /srv/scratch/z5358697/.automated/4017/2_OPTIMIZATION/CONF1/xtb_opt/xtb_opt.gbw.
2025-04-03 21:05:37,262 -  censo.orca_processor  -  DEBUG   - worker3656333:Copying .gbw file from /srv/scratch/z5358697/.automated/4017/2_OPTIMIZATION/CONF2/xtb_opt/xtb_opt.gbw.
2025-04-03 21:05:37,286 -   censo.qm_processor   -  DEBUG   - worker3656332:Running ['/apps/z_install_tree/linux-rocky8-ivybridge/gcc-12.2.0/orca-6.0.0-srtngmq3qlimg2qxbl6avaaiffipurdx/bin/orca', 'sp_gas.inp']...
2025-04-03 21:05:37,291 -   censo.qm_processor   -  DEBUG   - worker3656332:Started (PID: 3656340).
2025-04-03 21:05:37,293 -   censo.qm_processor   -  DEBUG   - worker3656333:Running ['/apps/z_install_tree/linux-rocky8-ivybridge/gcc-12.2.0/orca-6.0.0-srtngmq3qlimg2qxbl6avaaiffipurdx/bin/orca', 'sp_gas.inp']...
2025-04-03 21:05:37,296 -   censo.qm_processor   -  DEBUG   - worker3656333:Started (PID: 3656341).
2025-04-03 21:07:01,113 -   censo.qm_processor   -  DEBUG   - worker3656333:Done.
2025-04-03 21:07:01,135 -  censo.orca_processor  -  DEBUG   - worker3656333:Copying .gbw file from /srv/scratch/z5358697/.automated/4017/2_OPTIMIZATION/CONF2/xtb_opt/xtb_opt.gbw.
2025-04-03 21:07:01,163 -   censo.qm_processor   -  DEBUG   - worker3656333:Running ['/apps/z_install_tree/linux-rocky8-ivybridge/gcc-12.2.0/orca-6.0.0-srtngmq3qlimg2qxbl6avaaiffipurdx/bin/orca', 'sp_solv.inp']...
2025-04-03 21:07:01,165 -   censo.qm_processor   -  DEBUG   - worker3656333:Started (PID: 3656643).
2025-04-03 21:07:04,419 -   censo.qm_processor   -  DEBUG   - worker3656332:Done.
2025-04-03 21:07:04,438 -  censo.orca_processor  -  DEBUG   - worker3656332:Copying .gbw file from /srv/scratch/z5358697/.automated/4017/2_OPTIMIZATION/CONF1/xtb_opt/xtb_opt.gbw.
2025-04-03 21:07:04,466 -   censo.qm_processor   -  DEBUG   - worker3656332:Running ['/apps/z_install_tree/linux-rocky8-ivybridge/gcc-12.2.0/orca-6.0.0-srtngmq3qlimg2qxbl6avaaiffipurdx/bin/orca', 'sp_solv.inp']...
2025-04-03 21:07:04,469 -   censo.qm_processor   -  DEBUG   - worker3656332:Started (PID: 3656651).
2025-04-03 21:08:28,015 -   censo.qm_processor   -  DEBUG   - worker3656333:Done.
2025-04-03 21:08:28,021 -     censo.parallel     -  DEBUG   - Free cores increased 0 -> 1.
2025-04-03 21:08:30,758 -   censo.qm_processor   -  DEBUG   - worker3656332:Done.
2025-04-03 21:08:30,764 -     censo.parallel     -  DEBUG   - Free cores increased 1 -> 2.
2025-04-03 21:08:30,771 -     censo.parallel     -  DEBUG   - Checking for failed jobs...
2025-04-03 21:08:30,771 -     censo.parallel     -   INFO   - All jobs executed successfully.
2025-04-03 21:08:30,772 -censo.ensembleopt.refinement-  DEBUG   - Writing to /srv/scratch/z5358697/.automated/4017/3_REFINEMENT.out.
