----------------------------------------------- 
  Element       SASA      Sigma Z        Total  
     Z         Ang**2 cal/Ang**2/mol   kcal/mol 
----------------------------------------------- 
      H        110.469      48.690       5.379
      C         62.052     129.740       8.051
      N         11.158       0.000       0.000
      O         13.364       0.000       0.000

 Subtotal:     197.043                  13.429
 -----------------------------------------------

  Elements    COT*SASA   Sigma Z,Z'     Total   
    Z,Z'       Ang**2  cal/Ang**2/mol kcal/mol  
 ---------------------------------------------- 
  H   C         57.148     -60.770      -3.473
  H   O          0.000       0.000       0.000
  C   C         68.722     -72.950      -5.013
  O   C          0.676      68.690       0.046
  C   N          2.957       0.000       0.000
  N   C         13.911     -48.220      -0.671
  N  C(3)        0.000      84.100       0.000
  O   N          0.000     121.980       0.000

 Subtotal:                              -9.111
 ---------------------------------------------- 

 NONAQUEOUS SOLVENT CONTRIBUTION (kcal/mol):
 (proportional to SASA, atomic number independent)
 ---------------------------------------------- 
 Subtotal:                               0.000
 ---------------------------------------------- 

 CDS TOTAL (kcal/mol):                   4.319
...............................................................................
