31
 energy: -35.711580021370 gnorm: 0.033906051098 xtb: 6.7.1 (edcfbbe)
C            3.74500658698677        0.31426641371085        0.16778511794792
C            2.31091362889766        0.18387483724924       -0.33663403231415
H            2.33573252650814       -0.04251751109951       -1.41326882241955
C            1.52209362215902        1.47856041913695       -0.14321108027760
C            0.06781458044421        1.34074723697902       -0.59209296438049
C           -0.67183459291057        0.20315364602099        0.13406723698490
H           -0.64285991918203        0.42346516568523        1.21353191871658
C            0.12884150683153       -1.08242265920294       -0.10039085623002
H            0.12163113230613       -1.28467555623113       -1.18554261125262
C            1.57350664200099       -0.95442854578607        0.36992629477558
O           -0.51331747280623       -2.18710402998287        0.57779767832032
C           -2.16250534333419        0.05079543752606       -0.29042053066030
C           -3.02883188684929       -0.44428692773054        0.87448998567339
C           -2.79298454096187        1.33607835765593       -0.83859386962614
H            4.27691249440120        1.11596238439775       -0.35636345785803
H            3.75411924549576        0.54864121262566        1.23913302714160
H            4.30539462698336       -0.61569310960040        0.02203396279227
H            1.55097231033310        1.75173968848527        0.92192480621656
H            2.00414545741267        2.29523190670044       -0.69509388971477
H           -0.45302844967446        2.28648780851814       -0.41776982935696
H            0.03760420076369        1.15756536119791       -1.67552784890004
H            1.57529522180777       -0.77168911455816        1.45454934176021
H            2.09230574179558       -1.90731038065924        0.19651801912076
H            0.04895000452701       -2.96116848100839        0.44131234834021
H           -2.19806455651255       -0.70020295702159       -1.09383422473887
H           -2.65889102896162       -1.37742657313983        1.30313838489739
H           -4.06210332339568       -0.60541641246583        0.54724477813562
H           -3.04660549047914        0.30843752458466        1.67255783903692
H           -3.83978403428990        1.14725964132368       -1.10036203697198
H           -2.28905453714460        1.70395191571091       -1.73623222349865
H           -2.77957143894080        2.13469405177005       -0.08726098211663
31
 energy: -35.713145464890 gnorm: 0.014676656261 xtb: 6.7.1 (edcfbbe)
C            3.73010961688492        0.31374435026379        0.16818492061483
C            2.29833567125738        0.18211812423396       -0.34038329523891
H            2.32572703917870       -0.04410013617088       -1.41451534825117
C            1.51766882628734        1.47830143207905       -0.13335239529227
C            0.07021402546670        1.34319317831003       -0.59571179049244
C           -0.66766448595009        0.21423378627968        0.13726160218405
H           -0.64618934499910        0.42876815450665        1.21337230727947
C            0.11935090621048       -1.08206024261301       -0.10155261572931
H            0.11202172289494       -1.29516320302003       -1.18426142591628
C            1.56527634668293       -0.95096071954306        0.37555360602787
O           -0.52456312945770       -2.16884598986965        0.57489373330136
C           -2.15033644970922        0.05561219487291       -0.29592821337508
C           -3.00357975575002       -0.44196895600614        0.87145412969411
C           -2.78869642193934        1.33628751598957       -0.83578921655165
H            4.25359252998999        1.11124532624580       -0.35784457351637
H            3.74031181567477        0.54586560814088        1.23347883904894
H            4.28256504232718       -0.61293565467462        0.01702199771450
H            1.53960500404975        1.74652708996488        0.92821273387924
H            1.99754183407006        2.28918674141023       -0.68800623441511
H           -0.44089920525502        2.28923501187122       -0.41513229940162
H            0.04952789946138        1.14914190197630       -1.67349509994175
H            1.56535500823072       -0.76671902023598        1.45499862134960
H            2.08834985800368       -1.89672061239836        0.20045827540069
H            0.02360878766865       -2.95507858502082        0.44871966318770
H           -2.18743807426401       -0.69823724524736       -1.09247734031127
H           -2.61052781481110       -1.37125693962628        1.27731011098959
H           -4.02839951237661       -0.61542789682375        0.54203358111131
H           -3.02630886850039        0.30348564226883        1.66805986245136
H           -3.82964061109097        1.13841816203850       -1.09052838446005
H           -2.28996818939052        1.69402482747948       -1.73347107206945
H           -2.77314715663382        2.12665690411040       -0.08515319972844
31
 energy: -35.713496165918 gnorm: 0.004255127008 xtb: 6.7.1 (edcfbbe)
C            3.72488649907216        0.31161040062176        0.16754747859061
C            2.29104428664077        0.18293967053266       -0.33755056905193
H            2.31586448315162       -0.04231609536715       -1.40974187026467
C            1.51598412738701        1.48122532225585       -0.12944488222436
C            0.07116008317209        1.34785202534231       -0.59977967290052
C           -0.66659288897516        0.22162214877767        0.13122338688638
H           -0.64807746552772        0.43368705913377        1.20446107370199
C            0.11273902755462       -1.08366445296392       -0.09843074015876
H            0.10822597518538       -1.29845179999903       -1.18072516887419
C            1.56109148714159       -0.95048369106873        0.37901558837930
O           -0.53591554446681       -2.15314059256801        0.57718567013841
C           -2.14590225187862        0.06083649494251       -0.30018271797392
C           -2.98610726280990       -0.44944501595495        0.87033472903490
C           -2.78724458933636        1.34007956295906       -0.83682880459122
H            4.24191907935977        1.10871577711058       -0.35955940546945
H            3.73252320921457        0.54143433699871        1.22977682430524
H            4.27143781378573       -0.61475002679920        0.01224996111846
H            1.53088375948703        1.74025494614889        0.93098581880103
H            1.99905573697823        2.29081624568273       -0.67955195060718
H           -0.43763233876288        2.29341992725097       -0.42115076412223
H            0.05890173810591        1.14564988157472       -1.67294713846760
H            1.55562042521181       -0.76280914813364        1.45459629590881
H            2.08583713770685       -1.89344701317065        0.20505847323026
H           -0.00400792645556       -2.95272508875680        0.46148089564501
H           -2.18088887873560       -0.69146168728483       -1.09552338623560
H           -2.57027658243620       -1.37257133305605        1.26315520959146
H           -4.00744869137983       -0.63648917085660        0.54657092895762
H           -3.00982750136447        0.29195353818170        1.66562862788985
H           -3.82644393962866        1.13782649519000       -1.08400418783555
H           -2.29271258825724        1.69406030213169       -1.73531497670247
H           -2.76629350492848        2.12434173193616       -0.08512324715619
31
 energy: -35.713550050101 gnorm: 0.002228356402 xtb: 6.7.1 (edcfbbe)
C            3.72506798340832        0.31016308705973        0.16677022785378
C            2.28978016002189        0.18304219174835       -0.33674834622587
H            2.31164269296975       -0.04223312256776       -1.40906923635772
C            1.51580659347424        1.48167951055571       -0.12738714526174
C            0.07237849178966        1.34820856797015       -0.60391598135884
C           -0.66641138417292        0.22404770249394        0.12844126306433
H           -0.64759247890968        0.43829018339106        1.20151359699300
C            0.11156292563206       -1.08399051613734       -0.09763241513973
H            0.10947105189515       -1.29876441296794       -1.18069764430333
C            1.56005535355291       -0.94937084161710        0.38116691706121
O           -0.53796666034586       -2.14659719190661        0.58097446445160
C           -2.14511362423777        0.06166125341945       -0.30352839539521
C           -2.98154531981245       -0.45400588876958        0.86849327611814
C           -2.78940940274096        1.34215697617007       -0.83518586478267
H            4.24141980253282        1.10796994050807       -0.36030569588655
H            3.73323542947486        0.53842388101877        1.22959393486410
H            4.27014421437500       -0.61686669274862        0.00925031303282
H            1.52620431778611        1.73757035635228        0.93394515392537
H            2.00192233654974        2.29230608558511       -0.67323515549191
H           -0.43756071922685        2.29389982330134       -0.42942206429354
H            0.06431032364604        1.14450195566398       -1.67673824346919
H            1.55223943627705       -0.76028350462949        1.45665731916138
H            2.08469672994889       -1.89257139637834        0.20854572388779
H           -0.01429855853391       -2.95192199481206        0.46849700761065
H           -2.17961792420274       -0.68777213306724       -1.10192285914135
H           -2.55715873393779       -1.37352060279937        1.25943136679358
H           -4.00237973366936       -0.64924520368654        0.54796347519501
H           -3.00713430203494        0.28656854797651        1.66469403064498
H           -3.82988667775332        1.14052924772767       -1.07862104146380
H           -2.29757019808380        1.69663402610169       -1.73528592899719
H           -2.76448921146046        2.12606091583626       -0.08283057354559
31
 energy: -35.713579877658 gnorm: 0.001343307237 xtb: 6.7.1 (edcfbbe)
C            3.72658717127136        0.30862686354011        0.16530025779797
C            2.28976144895373        0.18324214549992       -0.33532586594898
H            2.30862541424192       -0.04253267679836       -1.40791242785071
C            1.51571260194575        1.48184887725798       -0.12599276255477
C            0.07415525718528        1.34775745907284       -0.60941502949986
C           -0.66668156122431        0.22596067418261        0.12464462733645
H           -0.64783045087268        0.44464576968127        1.19741195851290
C            0.11142879333605       -1.08421689943844       -0.09548974146619
H            0.11175189951243       -1.30030648975348       -1.17900494524178
C            1.55999997029833       -0.94796553285326        0.38393555151783
O           -0.53794122833288       -2.14201650693984        0.58627793322735
C           -2.14552673248275        0.06292414829834       -0.30634476589875
C           -2.97933340580498       -0.45982504998439        0.86527751937118
C           -2.79249203765951        1.34530870174969       -0.83149448188641
H            4.24314849408916        1.10726829206611       -0.36121476002123
H            3.73687846404690        0.53479838620014        1.22914531990518
H            4.27077550306750       -0.61895715335861        0.00512285322439
H            1.52024408130103        1.73480708807441        0.93659704639410
H            2.00510229148665        2.29462646767742       -0.66621641341445
H           -0.43742275298197        2.29418535390141       -0.44154974543574
H            0.07107420467165        1.14161597981112       -1.68221412865510
H            1.55045162992586       -0.75702181993467        1.45959673050297
H            2.08448634764148       -1.89202042683370        0.21405581279972
H           -0.02223878688211       -2.95207112296379        0.47472156787421
H           -2.17966745656038       -0.68210912315869       -1.10939282968548
H           -2.54770178048166       -1.37531100276949        1.25688223797015
H           -3.99900936607946       -0.66365559157394        0.54582230476236
H           -3.00968315487386        0.28106079022625        1.66180137388028
H           -3.83514344515074        1.14550802612332       -1.06926506487123
H           -2.30542812122242        1.70153385963002       -1.73431278804742
H           -2.76228037815366        2.12886126415983       -0.07803586505539
31
 energy: -35.713594646771 gnorm: 0.001579948270 xtb: 6.7.1 (edcfbbe)
C            3.72807759825273        0.30794726229417        0.16378679722514
C            2.29049255630470        0.18340961036806       -0.33413320129288
H            2.30765077935746       -0.04352549850650       -1.40674245667152
C            1.51546320108125        1.48160126779396       -0.12603888168470
C            0.07581923764349        1.34586720455264       -0.61455451576850
C           -0.66703873879477        0.22699619794590        0.12256125573754
H           -0.64873822302085        0.45056716169104        1.19473485344991
C            0.11179006994681       -1.08405427333272       -0.09251379784533
H            0.11296264822689       -1.30306656974754       -1.17568890930108
C            1.56035269296806       -0.94617858824472        0.38692404002119
O           -0.53674876346545       -2.14005770116288        0.59230793780883
C           -2.14582283734922        0.06398949348788       -0.30855131940552
C           -2.97929309567734       -0.46482838939418        0.86055932459712
C           -2.79425993422429        1.34890984427103       -0.82576966786495
H            4.24468566185539        1.10718516736145       -0.36228253117002
H            3.74125645234304        0.53233422745947        1.22830283082210
H            4.27199996203865       -0.61966236453261        0.00114280803105
H            1.51535856817872        1.73299623066031        0.93725220155063
H            2.00662910173628        2.29613908089777       -0.66228310562314
H           -0.43688988837483        2.29320249858574       -0.45363073503014
H            0.07647801217060        1.13561587579970       -1.68698415753832
H            1.55053494683792       -0.75313687445083        1.46255783592591
H            2.08462697110417       -1.89113077563273        0.22005380168089
H           -0.02615421019556       -2.95247237054270        0.47794217091308
H           -2.17968123868986       -0.67625248711640       -1.11639768903727
H           -2.54341871814358       -1.37716860234197        1.25447886536693
H           -3.99675361837922       -0.67537190989016        0.53822800344980
H           -3.01727276054282        0.27644984389937        1.65696787227293
H           -3.83908927378008        1.15171627591726       -1.05723166358019
H           -2.31285830774918        1.70755147269897       -1.73107881910452
H           -2.75835593744737        2.13099844000339       -0.07050766839141
31
 energy: -35.713608088081 gnorm: 0.000957484627 xtb: 6.7.1 (edcfbbe)
C            3.72857376125604        0.30829377783207        0.16292073347932
C            2.29108114912231        0.18312588946186       -0.33379754663224
H            2.30814206599698       -0.04562089646786       -1.40602381581222
C            1.51533323256516        1.48119776451024       -0.12771151697682
C            0.07691249022595        1.34356230010794       -0.61807024498591
C           -0.66717958703795        0.22741395024822        0.12239841234936
H           -0.65009617527295        0.45433542777508        1.19374430051630
C            0.11205936761566       -1.08368228938829       -0.08920123321748
H            0.11253452023424       -1.30616703841106       -1.17135858557911
C            1.56070517908962       -0.94483050268297        0.38961493776786
O           -0.53535871115086       -2.14000832304205        0.59827235492293
C           -2.14559784859631        0.06532824165689       -0.30973705037470
C           -2.98063130935306       -0.46878378865750        0.85540250474347
C           -2.79410179793251        1.35280446860993       -0.81977865701331
H            4.24432295399356        1.10800078604126       -0.36314897316098
H            3.74351836694318        0.53187474301146        1.22746003833658
H            4.27289469382649       -0.61876558165610       -0.00114877437692
H            1.51329235587249        1.73303673012752        0.93535035108241
H            2.00645011342912        2.29590774708014       -0.66350829920767
H           -0.43584324151767        2.29163160387763       -0.46235419359107
H            0.07907383088093        1.12810398877676       -1.68947602037787
H            1.55142369033376       -0.74950173000814        1.46479001718825
H            2.08481683941217       -1.89029582593680        0.22505950700321
H           -0.02664375985809       -2.95275488136404        0.47835929803075
H           -2.17867919976561       -0.67066786209453       -1.12137674811745
H           -2.54245014900852       -1.37909640410796        1.25159984913761
H           -3.99543975983467       -0.68405731021588        0.52793333361619
H           -3.02663640959169        0.27219963889537        1.65157538107548
H           -3.84056801818865        1.15832800035965       -1.04560171921163
H           -2.31755318004531        1.71351616282438       -1.72664779091696
H           -2.75255254943212        2.13214196362896       -0.06212837015381
31
 energy: -35.713617447187 gnorm: 0.000443777909 xtb: 6.7.1 (edcfbbe)
C            3.72877445469327        0.30890960548323        0.16257138027931
C            2.29133384447713        0.18230623322490       -0.33383739405338
H            2.30859590852018       -0.04905866851945       -1.40538164387409
C            1.51554180022618        1.48078845307790       -0.13083696250107
C            0.07738697254422        1.34146910691220       -0.62092800024655
C           -0.66740407385787        0.22796104179434        0.12304432197395
H           -0.65160033312864        0.45739186040209        1.19365603674601
C            0.11165307571238       -1.08343765995194       -0.08557151209041
H            0.11122842767681       -1.30922689245628       -1.16668474375260
C            1.56054649577404       -0.94369993409253        0.39240734404985
O           -0.53455564509409       -2.13954147134389        0.60505291884445
C           -2.14510224357664        0.06675281314780       -0.31133628763619
C           -2.98171604670045       -0.47365892110850        0.84975368077735
C           -2.79319683438748        1.35759113790181       -0.81348189535562
H            4.24310210425483        1.10920494830165       -0.36379806671569
H            3.74365005581087        0.53259509366289        1.22688719788415
H            4.27400145562722       -0.61744108086818       -0.00171776283492
H            1.51341841975138        1.73479375545068        0.93149526299564
H            2.00634522474599        2.29416769455570       -0.66874500421360
H           -0.43487392480135        2.29017034457693       -0.46919356740919
H            0.07985641097579        1.12101020415377       -1.69110543264259
H            1.55161125923250       -0.74565791236944        1.46690062162737
H            2.08439380449246       -1.88954491417881        0.22994098360987
H           -0.02716099172066       -2.95254122312035        0.47963431964059
H           -2.17690650283675       -0.66451118362100       -1.12719109048727
H           -2.54049121800843       -1.38224132485462        1.24659946984245
H           -3.99376176571959       -0.69401332149089        0.51722475158855
H           -3.03543423991588        0.26577446218073        1.64661673724613
H           -3.84123121666974        1.16639896154814       -1.03399025838201
H           -2.32085863263294        1.72024226188362       -1.72153669642773
H           -2.74534313125304        2.13361728050969       -0.05303722893918
31
 energy: -35.713622537047 gnorm: 0.000524523157 xtb: 6.7.1 (edcfbbe)
C            3.72867228301166        0.30924909781536        0.16286034599974
C            2.29149868575772        0.18127973917247       -0.33432154504201
H            2.30929074784436       -0.05242638885398       -1.40530686106365
C            1.51626314694709        1.48046959109692       -0.13400704751402
C            0.07760861812906        1.34036932448732       -0.62236799623099
C           -0.66751674197653        0.22824884822636        0.12334441566599
H           -0.65263215785905        0.45896940526736        1.19358825710657
C            0.11147828797966       -1.08345952850889       -0.08324226818951
H            0.11049854495061       -1.31110596341936       -1.16381309129351
C            1.56053880065427       -0.94314593754199        0.39426366321972
O           -0.53380362899891       -2.13914579842608        0.60934176282799
C           -2.14495122653038        0.06810799651083       -0.31206510292204
C           -2.98282809828169       -0.47760624788506        0.84571555561581
C           -2.79290533330854        1.36104583334080       -0.80917450469107
H            4.24233815494042        1.10955119251800       -0.36401219237531
H            3.74265258923519        0.53391569081911        1.22693259482106
H            4.27468373664853       -0.61672365297849       -0.00041202739671
H            1.51545757895121        1.73764346717157        0.92751895123894
H            2.00651278084593        2.29205851516480       -0.67508328489706
H           -0.43388779317010        2.28946753342444       -0.47154146586903
H            0.07893492091072        1.11800835522212       -1.69202755971330
H            1.55163087134239       -0.74311052795809        1.46831514811943
H            2.08412466720402       -1.88933314383218        0.23337945706222
H           -0.02670450778504       -2.95210690572298        0.48208696185613
H           -2.17579469583531       -0.65958738174461       -1.13101798983476
H           -2.53978143339472       -1.38563119656443        1.24157796359956
H           -3.99327609373825       -0.70031924843648        0.51023860364657
H           -3.04050682160464        0.25983717568174        1.64390523344233
H           -3.84183981373005        1.17207227048148       -1.02683793208407
H           -2.32272467939243        1.72525248967553       -1.71766053332258
H           -2.74122847553547        2.13472614658861       -0.04676603223885
31
 energy: -35.713626814598 gnorm: 0.000493072931 xtb: 6.7.1 (edcfbbe)
C            3.72869809390526        0.30933555134119        0.16348173445367
C            2.29181124319169        0.18031232777913       -0.33464899357976
H            2.31042730569183       -0.05558641922231       -1.40508750737419
C            1.51692108346524        1.48011667104744       -0.13754097850329
C            0.07724192713761        1.33989226208982       -0.62308276611671
C           -0.66773662153621        0.22848408670008        0.12385824250227
H           -0.65334883236211        0.45991586075826        1.19398759105372
C            0.11105991586059       -1.08354883266501       -0.08170044137344
H            0.10995745997762       -1.31218232927053       -1.16205772770020
C            1.56020567242617       -0.94258936356910        0.39550087460516
O           -0.53367381556043       -2.13874976486616        0.61206487056373
C           -2.14478442052095        0.06876354732707       -0.31306451688991
C           -2.98325658715531       -0.48093626886934        0.84246948848689
C           -2.79258730169850        1.36367664615921       -0.80558066844350
H            4.24246745663225        1.10914685283256       -0.36401159650500
H            3.74122601975652        0.53564046578870        1.22721487363848
H            4.27526813585482       -0.61665096094246        0.00225932250036
H            1.51825007873444        1.74095161907549        0.92310323395874
H            2.00661441714534        2.28961613937412       -0.68232845306949
H           -0.43346659677404        2.28931024425383       -0.47163106985480
H            0.07670346451140        1.11722578908294       -1.69267588330339
H            1.55123595365631       -0.74086560603951        1.46920260687018
H            2.08354332003598       -1.88914405427269        0.23611001898165
H           -0.02604491200240       -2.95151145769540        0.48562086425503
H           -2.17488952827365       -0.65597577784229       -1.13469852352683
H           -2.53960859873040       -1.38943329827636        1.23634443774606
H           -3.99283809160901       -0.70400827327118        0.50490507984737
H           -3.04295910818471        0.25411552392080        1.64267516572187
H           -3.84197887404534        1.17606977157565       -1.02192121448908
H           -2.32368274906207        1.72976259045651       -1.71397532321270
H           -2.73897259625620        2.13541720803172       -0.04138126169928
31
 energy: -35.713630530676 gnorm: 0.000284898110 xtb: 6.7.1 (edcfbbe)
C            3.72845594955149        0.30907358755025        0.16428006905007
C            2.29203766133676        0.17927334960317       -0.33518485359998
H            2.31151046416860       -0.05878828451366       -1.40516224553490
C            1.51792349264762        1.47995761764700       -0.14095676509644
C            0.07732122091236        1.33964122442131       -0.62399326341405
C           -0.66777732644314        0.22882729869695        0.12368445809521
H           -0.65382966862336        0.46093676749147        1.19369594643308
C            0.11098848018770       -1.08355140561747       -0.08063076332783
H            0.11017713859839       -1.31283814445237       -1.16094958786335
C            1.56000989949407       -0.94204065102000        0.39682358673715
O           -0.53350711760681       -2.13793933106075        0.61389436929747
C           -2.14470975202751        0.06975173381188       -0.31378542044815
C           -2.98366495622434       -0.48441481322690        0.83933738080443
C           -2.79308644621868        1.36598154249943       -0.80221545674931
H            4.24297242558798        1.10772217349172       -0.36427036753309
H            3.73980587661014        0.53755871102455        1.22762066160190
H            4.27502858135744       -0.61737351205787        0.00560048012213
H            1.52113239120706        1.74434730522289        0.91888701505923
H            2.00721820622465        2.28742621603619       -0.68922151481525
H           -0.43259935303759        2.28935797110994       -0.47135546922880
H            0.07463191845979        1.11739546736287       -1.69374261079628
H            1.55063073753050       -0.73841780862909        1.47021173545341
H            2.08313861521420       -1.88905745858335        0.23927524729496
H           -0.02499118163472       -2.95063098262674        0.49052144375445
H           -2.17402136740351       -0.65210979155432       -1.13798053746002
H           -2.53977456091424       -1.39399467850393        1.23037749990616
H           -3.99307021713345       -0.70675387126453        0.50060655501319
H           -3.04383400943683        0.24790424651128        1.64202179831543
H           -3.84276453588583        1.17912609575410       -1.01801735906192
H           -2.32504831350952        1.73461751752697       -1.71008045209501
H           -2.73850133877748        2.13558265814120       -0.03588010037026
31
 energy: -35.713633103189 gnorm: 0.000206169998 xtb: 6.7.1 (edcfbbe)
C            3.72854011435930        0.30865279710662        0.16471730165173
C            2.29233946539301        0.17858878772029       -0.33533392311990
H            2.31226887519886       -0.06120493688457       -1.40493117150855
C            1.51839668841764        1.47974402016640       -0.14354076189490
C            0.07725342404311        1.33949286670188       -0.62513715772224
C           -0.66788863432118        0.22915851945572        0.12333601732448
H           -0.65420116083659        0.46209636253495        1.19322086052078
C            0.11088963840220       -1.08350464916330       -0.07977611433496
H            0.11063253139589       -1.31331527916963       -1.16007468596590
C            1.55968593274242       -0.94131956450794        0.39804017968249
O           -0.53345237707047       -2.13748922062730        0.61506048686213
C           -2.14467304525223        0.07036589977391       -0.31467420059040
C           -2.98372294263153       -0.48724946241097        0.83671200778426
C           -2.79356579548614        1.36784363009060       -0.79920553896072
H            4.24404585533496        1.10588281291254       -0.36507004271543
H            3.73921518193200        0.53937270834460        1.22762164307912
H            4.27474011659295       -0.61848002683109        0.00850504655534
H            1.52258512150490        1.74659210276606        0.91570551621313
H            2.00761307246009        2.28582812959613       -0.69392319973313
H           -0.43223288588554        2.28950215882604       -0.47227420275561
H            0.07343787093747        1.11719218155844       -1.69495087232656
H            1.54987726275814       -0.73596240764323        1.47112847112704
H            2.08274880668944       -1.88870256124863        0.24231109884655
H           -0.02352544545274       -2.94975943916208        0.49505457381614
H           -2.17348728992727       -0.64905975218607       -1.14107524933826
H           -2.54051405068122       -1.39830272070532        1.22489006319550
H           -3.99328669846930       -0.70786104947365        0.49731529857703
H           -3.04349202804746        0.24246072995509        1.64186165478064
H           -3.84330077067001        1.18129627169210       -1.01515154524247
H           -2.32610337011660        1.73933837641073       -1.70623836713829
H           -2.73902054910237        2.13537346519387       -0.03071170712538
31
 energy: -35.713635130901 gnorm: 0.000224718189 xtb: 6.7.1 (edcfbbe)
C            3.72855282500621        0.30833656643024        0.16483199975008
C            2.29244438153653        0.17813371313270       -0.33532566362689
H            2.31250404588697       -0.06295830943339       -1.40463849391675
C            1.51877759893895        1.47970851886166       -0.14523752820058
C            0.07753319015017        1.33901099725022       -0.62644377496431
C           -0.66803146554062        0.22944823463148        0.12289893937165
H           -0.65450550968360        0.46332562371518        1.19262089526297
C            0.11085440686882       -1.08336903774534       -0.07918178858990
H            0.11117337592177       -1.31374147167411       -1.15943057168861
C            1.55936050809129       -0.94066318688072        0.39924454915653
O           -0.53351967409463       -2.13707513800835        0.61587519193634
C           -2.14470884982709        0.07090135637838       -0.31550525136247
C           -2.98370571483824       -0.48954724618452        0.83450114221572
C           -2.79412396659180        1.36939693661751       -0.79659439759189
H            4.24495220632908        1.10400133003647       -0.36648039065979
H            3.73915209994410        0.54128232198292        1.22727698653816
H            4.27407452877996       -0.61958759764957        0.01077431877683
H            1.52305794136567        1.74786206589805        0.91369517488967
H            2.00809938417213        2.28506020351071       -0.69663315192040
H           -0.43175703700730        2.28922637901753       -0.47407925380358
H            0.07334487369450        1.11613501971733       -1.69618501796111
H            1.54907072671656       -0.73370115331134        1.47204706886795
H            2.08240964052838       -1.88836098327619        0.24522637706984
H           -0.02188661990347       -2.94873870794550        0.49908385553843
H           -2.17322013753361       -0.64646601440121       -1.14373938697326
H           -2.54132446195503       -1.40228520644797        1.21970810829183
H           -3.99368441702607       -0.70797837067827        0.49477545950694
H           -3.04241700235216        0.23769914875705        1.64202174449725
H           -3.84379694849081        1.18296514602451       -1.01310186074509
H           -2.32688880249917        1.74365403528469       -1.70261781807706
H           -2.73998821237575        2.13489557718206       -0.02597598204483
31
 energy: -35.713636868233 gnorm: 0.000220199072 xtb: 6.7.1 (edcfbbe)
C            3.72867821012247        0.30801215706465        0.16461659549467
C            2.29249401120552        0.17778543067633       -0.33523002673978
H            2.31235893023598       -0.06437653791763       -1.40431039202690
C            1.51874682025266        1.47948308971090       -0.14627716027618
C            0.07766253525506        1.33866587344453       -0.62789978198397
C           -0.66809154111895        0.22975321899484        0.12232089810278
H           -0.65482510471356        0.46459494023661        1.19181965927855
C            0.11082006306642       -1.08329408888614       -0.07843024453046
H            0.11168558595398       -1.31429336972635       -1.15855575343110
C            1.55905705797982       -0.93997669825029        0.40053162181925
O           -0.53348901564110       -2.13698249668718        0.61673982013392
C           -2.14468828115255        0.07156353792135       -0.31623925740892
C           -2.98371101018349       -0.49166843842143        0.83238048241959
C           -2.79452087278612        1.37098924834122       -0.79419361622743
H            4.24568441524023        1.10206305009684       -0.36851060891415
H            3.73956268122537        0.54334083946138        1.22653053066242
H            4.27348436329867       -0.62068060056838        0.01260960676956
H            1.52262714234024        1.74837362548115        0.91245912270614
H            2.00828442932152        2.28444146908355       -0.69799432526098
H           -0.43158726194828        2.28912116561139       -0.47679569222495
H            0.07383925651209        1.11452745946576       -1.69738768881100
H            1.54827525226973       -0.73155280213695        1.47304693039330
H            2.08218180205029       -1.88786907690654        0.24803292555591
H           -0.01984464932227       -2.94781361199160        0.50292423970893
H           -2.17291777907844       -0.64389296490412       -1.14612038098390
H           -2.54246638233377       -1.40622527973540        1.21448281898281
H           -3.99423959524891       -0.70756614003067        0.49257160033571
H           -3.04094681806272        0.23302894666291        1.64229401513915
H           -3.84408888177108        1.18469092625860       -1.01142422833075
H           -2.32734377746895        1.74792719581342       -1.69912617821242
H           -2.74087867128812        2.13440068262942       -0.02145405259613
31
 energy: -35.713638026888 gnorm: 0.000129680392 xtb: 6.7.1 (edcfbbe)
C            3.72874922383315        0.30797282530658        0.16411708864545
C            2.29238779684781        0.17755809906086       -0.33507659982460
H            2.31190132250688       -0.06540776891172       -1.40396999502920
C            1.51885940816988        1.47947942712267       -0.14690101854273
C            0.07803098345640        1.33798125061129       -0.62897248062433
C           -0.66831593483474        0.22993715740161        0.12204664622840
H           -0.65526974046687        0.46564388606583        1.19135332237933
C            0.11074630949475       -1.08318013448118       -0.07769104154938
H            0.11190857554434       -1.31494631550968       -1.15764158041522
C            1.55883239183267       -0.93952259681061        0.40161799714509
O           -0.53346718371989       -2.13679084344377        0.61786108220314
C           -2.14477516489458        0.07199763499453       -0.31697315194161
C           -2.98387151181440       -0.49342401656831        0.83048486304105
C           -2.79471746115339        1.37238757651617       -0.79218951344895
H            4.24607101773838        1.10065261817423       -0.37072833648572
H            3.74012641490536        0.54532548417587        1.22555544716334
H            4.27291298528017       -0.62134095873388        0.01370280137408
H            1.52215894615794        1.74855056530233        0.91176664363014
H            2.00859331142907        2.28436622618248       -0.69855431410426
H           -0.43119412189085        2.28859098955330       -0.47917610064272
H            0.07467563368273        1.11263508171105       -1.69817738068725
H            1.54777600316537       -0.72990845241565        1.47388019654543
H            2.08198158440214       -1.88758746334689        0.25028792886743
H           -0.01810166057115       -2.94686376258655        0.50621137666697
H           -2.17278745056208       -0.64182174047279       -1.14828084346656
H           -2.54365182002680       -1.40957871902128        1.20986974824616
H           -3.99480457074980       -0.70707259342508        0.49045312606677
H           -3.03990529676575        0.22905407580067        1.64245809802544
H           -3.84424069962570        1.18644904439231       -1.00990979746361
H           -2.32759537743300        1.75136500512929       -1.69627507879020
H           -2.74121099972629        2.13406916901851       -0.01773765366821
31
 energy: -35.713638622271 gnorm: 0.000079615385 xtb: 6.7.1 (edcfbbe)
C            3.72887662327606        0.30796328577789        0.16359193959126
C            2.29234386290308        0.17743083681524       -0.33506564546525
H            2.31147650356229       -0.06594081289445       -1.40387276964822
C            1.51877094362970        1.47932518837769       -0.14706292873194
C            0.07810680095803        1.33768105436956       -0.62951766194385
C           -0.66836324639858        0.23004460032795        0.12201788238583
H           -0.65562631274673        0.46625629092818        1.19120728018412
C            0.11069879870282       -1.08318993095433       -0.07699976466346
H            0.11185503242273       -1.31555500121038       -1.15680770352548
C            1.55877551875649       -0.93920691999482        0.40230029734788
O           -0.53337900603091       -2.13664926156530        0.61907709307256
C           -2.14470977465442        0.07237720821165       -0.31738296934112
C           -2.98410697271546       -0.49454820845524        0.82910890395467
C           -2.79469475677338        1.37332909189654       -0.79101217765333
H            4.24615706378991        1.09992125678489       -0.37233413914696
H            3.74068979532728        0.54650464291945        1.22474635042232
H            4.27275378736641       -0.62163806825674        0.01398385262844
H            1.52182059701259        1.74844050383207        0.91159007886401
H            2.00855972205952        2.28419247243006       -0.69866497509595
H           -0.43112123204029        2.28838977943181       -0.48052701295099
H            0.07507589851680        1.11149723143952       -1.69853586831364
H            1.54771804620275       -0.72901858047397        1.47444378761389
H            2.08190241371816       -1.88734298172123        0.25145128447928
H           -0.01718154655348       -2.94636039086610        0.50845153849070
H           -2.17247313955155       -0.64038375499445       -1.14959247201742
H           -2.54435575910503       -1.41160401502942        1.20690407351571
H           -3.99519101134283       -0.70702285396871        0.48870496806960
H           -3.03968742812542        0.22656655239853        1.64230946197955
H           -3.84428657833504        1.18778103360802       -1.00873811594312
H           -2.32771249830758        1.75330624183198       -1.69473383320123
H           -2.74088923131219        2.13402425979631       -0.01562927541423
31
 energy: -35.713639010224 gnorm: 0.000076959817 xtb: 6.7.1 (edcfbbe)
C            3.72897535993239        0.30798614769505        0.16304280216774
C            2.29227527679894        0.17736962587077       -0.33511062262781
H            2.31108400973654       -0.06618106975887       -1.40387686563781
C            1.51877911869732        1.47929390039444       -0.14707465779972
C            0.07814409127239        1.33758691719665       -0.62951440240111
C           -0.66845679715606        0.23011006549338        0.12213170748563
H           -0.65599597349637        0.46652566573212        1.19126172969476
C            0.11064787284569       -1.08318730695099       -0.07634752646098
H            0.11163128794505       -1.31606706812141       -1.15602100583995
C            1.55883904488559       -0.93910759321447        0.40263500648230
O           -0.53318549595464       -2.13648303709378        0.62026730846221
C           -2.14468677560114        0.07254687280714       -0.31766146807081
C           -2.98441260218453       -0.49527613601526        0.82815562894663
C           -2.79451796903902        1.37390331046678       -0.79043678699871
H            4.24610098741922        1.09965892526736       -0.37343855478387
H            3.74114888565568        0.54703378716627        1.22406535518256
H            4.27273856095144       -0.62170942079389        0.01367860215039
H            1.52178617610047        1.74835896646826        0.91157761608988
H            2.00854429240095        2.28419585468604       -0.69863724069430
H           -0.43104736553340        2.28834752080133       -0.48085910930308
H            0.07521186961844        1.11104965780964       -1.69843687637263
H            1.54795569834557       -0.72866434800354        1.47471880197648
H            2.08192879568642       -1.88728256328858        0.25191017799391
H           -0.01676732544356       -2.94609540622068        0.50992433094329
H           -2.17216113443845       -0.63957687985396       -1.15041844239534
H           -2.54494862857097       -1.41268128721634        1.20532403076846
H           -3.99542838584581       -0.70730977091765        0.48731991508188
H           -3.04010530225472        0.22513202565789        1.64193883266539
H           -3.84420077136381        1.18868694654237       -1.00791580414835
H           -2.32776429196018        1.75424643883747       -1.69411576861135
H           -2.74030959523768        2.13416000934868       -0.01467523440200
31
 energy: -35.713639384896 gnorm: 0.000081304339 xtb: 6.7.1 (edcfbbe)
C            3.72913219356909        0.30800427828156        0.16239088630144
C            2.29224111385593        0.17736010838093       -0.33521433263501
H            2.31065090989349       -0.06624220676195       -1.40397388024696
C            1.51881920583103        1.47927021293957       -0.14694002871608
C            0.07816074859343        1.33753373918884       -0.62925976701877
C           -0.66851379153060        0.23014317036520        0.12245344996284
H           -0.65638929316136        0.46667061779492        1.19156474851890
C            0.11060986532611       -1.08320003428962       -0.07568318353093
H            0.11125760512976       -1.31660715679940       -1.15523514236249
C            1.55896989059005       -0.93901337127961        0.40283685145436
O           -0.53300196067998       -2.13615866929793        0.62168955939095
C           -2.14459906762960        0.07268370463542       -0.31788642483478
C           -2.98477164669543       -0.49584878894775        0.82724643010645
C           -2.79435060359426        1.37429997967167       -0.79010661252292
H            4.24603137420371        1.09962341025302       -0.37438551325448
H            3.74169136977178        0.54718148540134        1.22337474837923
H            4.27284424488780       -0.62170086298101        0.01292482590293
H            1.52197772975203        1.74822961085446        0.91173627439975
H            2.00850329763751        2.28421918557171       -0.69850073693008
H           -0.43098226593095        2.28830973832608       -0.48062195746457
H            0.07515233553056        1.11094216929045       -1.69816696421608
H            1.54842374238813       -0.72848878709514        1.47490803141117
H            2.08196910699694       -1.88722038057886        0.25201641658842
H           -0.01678149987570       -2.94589058762615        0.51127975291973
H           -2.17173982349969       -0.63892963098266       -1.15108863914982
H           -2.54529175779577       -1.41333417139725        1.20420882901368
H           -3.99556175786799       -0.70794323981716        0.48577484567950
H           -3.04103664910975        0.22416774152573        1.64132762672860
H           -3.84417742846443        1.18944670151260       -1.00716883650375
H           -2.32786326306452        1.75470904885835       -1.69389258804080
H           -2.73957101084558        2.13435373579483       -0.01419718978676
31
 energy: -35.713639786205 gnorm: 0.000065907250 xtb: 6.7.1 (edcfbbe)
C            3.72929828184106        0.30792030366857        0.16154654279463
C            2.29217321466426        0.17735051879023       -0.33540989102353
H            2.31007742652904       -0.06626285507252       -1.40417984390846
C            1.51892119297282        1.47929504981446       -0.14676486648848
C            0.07815175372481        1.33765266515938       -0.62874801577181
C           -0.66859070355628        0.23022953708127        0.12285645205783
H           -0.65689268820322        0.46680605805475        1.19196147958692
C            0.11056575832615       -1.08317732010646       -0.07484771778024
H            0.11079799608126       -1.31719363020309       -1.15426276302638
C            1.55915217715569       -0.93891584866085        0.40303711087985
O           -0.53272025000213       -2.13572478622729        0.62343295157760
C           -2.14448969377260        0.07277188947621       -0.31815023092395
C           -2.98522824635271       -0.49650085781842        0.82620256038897
C           -2.79410035545356        1.37467505832615       -0.78983779150406
H            4.24593848752719        1.09957940987710       -0.37542635573495
H            3.74238771739790        0.54702041974856        1.22254766478130
H            4.27293587417321       -0.62177450084904        0.01172905676318
H            1.52237635376701        1.74814518976902        0.91194489154908
H            2.00847225526388        2.28428549396939       -0.69839359355110
H           -0.43092092628380        2.28844100201719       -0.47990604519699
H            0.07492914882472        1.11118385476696       -1.69768728172922
H            1.54904629201592       -0.72830974556914        1.47510332002473
H            2.08203390883041       -1.88717389307002        0.25208222518356
H           -0.01686236888874       -2.94566609840602        0.51290282239283
H           -2.17114709624505       -0.63830752010279       -1.15183260654895
H           -2.54561609260399       -1.41389737358180        1.20323654855885
H           -3.99566262257978       -0.70894727843249        0.48388395352706
H           -3.04243407604506        0.22323767075809        1.64046625622250
H           -3.84403549153677        1.19008639210450       -1.00654025957485
H           -2.32787219506221        1.75516908748859       -1.69372727093243
H           -2.73888211829769        2.13457285802170       -0.01380782304984
31
 energy: -35.713640150614 gnorm: 0.000053572001 xtb: 6.7.1 (edcfbbe)
C            3.72955990651367        0.30776637549650        0.16053391918244
C            2.29213110728623        0.17735155140862       -0.33557264259666
H            2.30942135752973       -0.06628739018267       -1.40434433486639
C            1.51906220729603        1.47932943133625       -0.14654942472597
C            0.07814395874102        1.33779529433587       -0.62809801011120
C           -0.66866771141913        0.23031610963575        0.12337856956399
H           -0.65743672984990        0.46691097580088        1.19248838778358
C            0.11053167117201       -1.08313834412343       -0.07394720159446
H            0.11033871024120       -1.31773548935149       -1.15323560715258
C            1.55934133474211       -0.93877720155355        0.40326583569067
O           -0.53247469213422       -2.13524577537944        0.62521995382915
C           -2.14435834376084        0.07292148772504       -0.31840292231163
C           -2.98569749716851       -0.49717312179739        0.82510033965368
C           -2.79394979929670        1.37499934833296       -0.78967105485502
H            4.24594492753373        1.09950834113353       -0.37657387862772
H            3.74324516340504        0.54665251054368        1.22157216777189
H            4.27306415735278       -0.62193201100798        0.01023801360321
H            1.52292393759151        1.74808211940615        0.91218086893679
H            2.00846360811354        2.28434456428468       -0.69827896111848
H           -0.43082270958658        2.28858848990516       -0.47890201786012
H            0.07462332447058        1.11162425855683       -1.69710355999077
H            1.54970648717934       -0.72802712756597        1.47530878710896
H            2.08210378710206       -1.88709043355140        0.25222416480446
H           -0.01696947499677       -2.94539823551111        0.51466678854365
H           -2.17048366918015       -0.63763165522327       -1.15255487000207
H           -2.54594087567274       -1.41440182444155        1.20232472013940
H           -3.99570442628120       -0.71011030022385        0.48186275941017
H           -3.04402735065829        0.22232822854687        1.63948585467991
H           -3.84392824315070        1.19059687073228       -1.00630890437900
H           -2.32777422647376        1.75574872179272       -1.69347891712786
H           -2.73856698242935        2.13465498173154       -0.01341734383836
31
 energy: -35.713640448505 gnorm: 0.000049379262 xtb: 6.7.1 (edcfbbe)
C            3.72976176548601        0.30752842587599        0.15953763707203
C            2.29204082054940        0.17732709364417       -0.33577973173761
H            2.30868377674948       -0.06635260904411       -1.40456221576326
C            1.51921980203144        1.47937849978601       -0.14631713522999
C            0.07814050534010        1.33802337678745       -0.62744488929649
C           -0.66874100469777        0.23045156074371        0.12384025602410
H           -0.65794986344886        0.46704371656440        1.19295986888358
C            0.11050128030384       -1.08304887512561       -0.07314312900317
H            0.10998865871304       -1.31812974941754       -1.15233237080865
C            1.55947414497467       -0.93859474114748        0.40357363217562
O           -0.53225211707616       -2.13480346681235        0.62676200621526
C           -2.14422672323561        0.07297345197668       -0.31864372673618
C           -2.98615662614213       -0.49777290399817        0.82409200518338
C           -2.79376432366425        1.37525097715176       -0.78948477366503
H            4.24588830581782        1.09932974106140       -0.37773722579392
H            3.74414876807695        0.54620281320150        1.22062398255145
H            4.27310462737017       -0.62218181902142        0.00869952317176
H            1.52349735243844        1.74804806445135        0.91244052295710
H            2.00849362516772        2.28439334112285       -0.69816638486711
H           -0.43073481692482        2.28881931452772       -0.47786567069676
H            0.07431466944273        1.11212906280914       -1.69652000788274
H            1.55022667727242       -0.72762850216755        1.47558929162737
H            2.08212018035805       -1.88697852196676        0.25253884922667
H           -0.01693276940570       -2.94508456536715        0.51635122010406
H           -2.16981681219786       -0.63711576777691       -1.15322393434497
H           -2.54617716289870       -1.41484721624165        1.20146549056174
H           -3.99577352212688       -0.71118866561715        0.47998352861624
H           -3.04552206704581        0.22152763419492        1.63859277586027
H           -3.84366648883108        1.19083144675613       -1.00646382973975
H           -2.32742202085512        1.75641961761024       -1.69303462428562
H           -2.73866572732980        2.13462001623064       -0.01291946083573
31
 energy: -35.713640451423 gnorm: 0.000038300396 xtb: 6.7.1 (edcfbbe)
C            3.72976295766737        0.30752718924690        0.15953062013631
C            2.29204326023222        0.17732615159371       -0.33577173777516
H            2.30868059919790       -0.06635415441759       -1.40455867638875
C            1.51921974821997        1.47937820478621       -0.14632001158766
C            0.07813873350288        1.33802458478747       -0.62744554884081
C           -0.66874166257003        0.23044619720677        0.12384402976695
H           -0.65795094139261        0.46704550802068        1.19296056471993
C            0.11050775327296       -1.08304748360206       -0.07313542449519
H            0.10998949154482       -1.31812900631161       -1.15232973992476
C            1.55947211741771       -0.93859550885735        0.40357214633904
O           -0.53226035088008       -2.13480369443510        0.62676223609269
C           -2.14422457470297        0.07298692644283       -0.31864356050261
C           -2.98615341451268       -0.49778170901543        0.82409021346796
C           -2.79375961984304        1.37524844195898       -0.78948733720004
H            4.24588950936613        1.09932866597430       -0.37774151741581
H            3.74415084422464        0.54620101575790        1.22061828559219
H            4.27310391544827       -0.62218336221695        0.00869565916489
H            1.52349842676753        1.74804794270599        0.91243877929020
H            2.00849361446576        2.28439337243538       -0.69816749876018
H           -0.43073408470583        2.28882055141230       -0.47786514172323
H            0.07431548361597        1.11213001833240       -1.69652002062112
H            1.55022597634852       -0.72762288027538        1.47558690965218
H            2.08212001404548       -1.88697722144911        0.25254654683025
H           -0.01692741138262       -2.94508400422218        0.51635863723994
H           -2.16981783316429       -0.63711216779332       -1.15322483284215
H           -2.54618172436840       -1.41484976378935        1.20146085196696
H           -3.99577078906098       -0.71119176210302        0.47997821305847
H           -3.04552534319330        0.22152052819008        1.63858894588102
H           -3.84367397831237        1.19083212443204       -1.00647120661635
H           -2.32741718911821        1.75642840299614       -1.69302971638357
H           -2.73867061391900        2.13461764300058       -0.01290918857794
