----------------------------------------------- 
  Element       SASA      Sigma Z        Total  
     Z         Ang**2 cal/Ang**2/mol   kcal/mol 
----------------------------------------------- 
      H         98.591      48.690       4.800
      C         30.195     129.740       3.917
      O         33.056       0.000       0.000

 Subtotal:     161.841                   8.718
 -----------------------------------------------

  Elements    COT*SASA   Sigma Z,Z'     Total   
    Z,Z'       Ang**2  cal/Ang**2/mol kcal/mol  
 ---------------------------------------------- 
  H   C         66.313     -60.770      -4.030
  H   O          0.000       0.000       0.000
  C   C         14.727     -72.950      -1.074
  O   C         16.364      68.690       1.124
  O   O          0.000       0.000       0.000

 Subtotal:                              -3.980
 ---------------------------------------------- 

 NONAQUEOUS SOLVENT CONTRIBUTION (kcal/mol):
 (proportional to SASA, atomic number independent)
 ---------------------------------------------- 
 Subtotal:                               0.000
 ---------------------------------------------- 

 CDS TOTAL (kcal/mol):                   4.738
...............................................................................
