22
 energy: -31.874308418219 gnorm: 0.027566836607 xtb: 6.7.1 (edcfbbe)
C            3.37554846956867       -0.08619119944605       -0.03983378453883
N            1.95682504374780       -0.40408115408037        0.11919192035377
C            1.67237244877828       -1.70233175940614        0.73084270456892
C            1.04726625809312        0.57362588725818       -0.06921303648231
O            1.38502664312982        1.74941709270880       -0.32692695981191
C           -0.40759171058114        0.23321069554088       -0.00688085146922
C           -0.94740643953028       -0.82816520146373       -0.73897395906173
C           -2.32108616306135       -1.05022213773256       -0.73434823240387
C           -3.16062943497777       -0.22724195634843        0.01299939629528
C           -2.62516520364405        0.83210688663267        0.74355241276252
C           -1.25540522343644        1.07125877511162        0.72274220693485
H            3.51692800938126        0.60916961786856       -0.86834666614472
H            3.91587588435864       -1.01122778728273       -0.25351244306364
H            3.78846978011258        0.36098903332863        0.87284085047426
H            1.85137127511799       -2.51849621227072        0.02242581427212
H            0.64256723577524       -1.74998506577868        1.08122587812698
H            2.33545005185292       -1.83877589154765        1.59241512767527
H           -0.29705602612819       -1.47230603701255       -1.32218827586238
H           -2.73563063130141       -1.86786711534756       -1.31539520083555
H           -4.23086742886702       -0.40806657815408        0.02263297926466
H           -3.27648982253764        1.47585349065850        1.32607074668149
H           -0.83483347480897        1.90353211040190        1.27844334346070
22
 energy: -31.875710894425 gnorm: 0.007587025408 xtb: 6.7.1 (edcfbbe)
C            3.36454803304930       -0.09455967687662       -0.03392720220623
N            1.95334157709965       -0.40522940119700        0.12456636889486
C            1.66931408652328       -1.69279728698654        0.73041987774421
C            1.04818826052124        0.56795807671692       -0.06649013681584
O            1.38948440199440        1.72780396733694       -0.34390800306121
C           -0.40383773743707        0.22584061870204        0.00161576011103
C           -0.94393968385186       -0.82846862670155       -0.73069388313003
C           -2.31161081169980       -1.04835836190748       -0.72626052150530
C           -3.14789696416358       -0.22860018415752        0.01550274814810
C           -2.61557170709164        0.82558496836897        0.74189233766398
C           -1.25140300716266        1.06125178933693        0.72422012020520
H            3.48482252974190        0.61593540981189       -0.85022503333048
H            3.90277701840534       -1.01348991369497       -0.26150447728933
H            3.77174347799666        0.35232701027908        0.87673966106031
H            1.85027510381322       -2.49619968447173        0.01357385463221
H            0.63781672691166       -1.73392158501138        1.06933571529191
H            2.33062865095934       -1.83074353499143        1.58848156429275
H           -0.29814822075256       -1.46008554176359       -1.32349699376439
H           -2.72540813264801       -1.86087134363531       -1.30600514450225
H           -4.21393552957467       -0.40554358341545        0.02144027792409
H           -3.26497204130557        1.47096003568404        1.31605347234783
H           -0.83067649028653        1.89541234221226        1.26843360848526
22
 energy: -31.875906532336 gnorm: 0.002571756319 xtb: 6.7.1 (edcfbbe)
C            3.35844546983616       -0.09645726464217       -0.02893462713936
N            1.95068829643600       -0.40359241328041        0.12917426805743
C            1.66390732305250       -1.68746008191877        0.73059712916861
C            1.04950550753190        0.56828221380036       -0.07429502136381
O            1.39360427482583        1.72050880060058       -0.36587687515196
C           -0.40094966367132        0.22468825564374        0.00185119054106
C           -0.94099278910530       -0.82714971758329       -0.73174065246433
C           -2.30637985958064       -1.04939381653821       -0.72300152848417
C           -3.14147335719807       -0.23143080113554        0.01932203130953
C           -2.61015487032952        0.82293431989836        0.74305561252336
C           -1.24753011426880        1.05780079558456        0.72515572197223
H            3.47074845028591        0.62871922160970       -0.83364774730768
H            3.89338798099365       -1.01083533882628       -0.27293847726020
H            3.76800523385984        0.33919317308456        0.88468484208951
H            1.84845926161596       -2.48822476806260        0.01307567262775
H            0.63076104536869       -1.72920455168136        1.06180441492912
H            2.31916694634335       -1.82886088865141        1.59086208415288
H           -0.29595708038548       -1.45560127937524       -1.32584640193494
H           -2.71959434450904       -1.86162609322676       -1.30048089236396
H           -4.20586284159496       -0.40789086733387        0.02532389670122
H           -3.25816632864770        1.46954353853548        1.31432175641014
H           -0.82407899981689        1.89026305713706        1.26729757418421
22
 energy: -31.876041400816 gnorm: 0.003413046743 xtb: 6.7.1 (edcfbbe)
C            3.35496266366306       -0.09771223972850       -0.02297608340052
N            1.94844322384285       -0.39993369220807        0.13622959439730
C            1.65710767848170       -1.68216198590632        0.73288053274557
C            1.05070713094681        0.57064263315999       -0.08583218961817
O            1.39708749193747        1.71568416434596       -0.39835854599119
C           -0.39884081238947        0.22645714429920       -0.00247544912792
C           -0.93861490599928       -0.82517022736258       -0.73613875263759
C           -2.30264076983317       -1.05157133143796       -0.72080129579291
C           -3.13671524513672       -0.23519444730433        0.02404152664064
C           -2.60570576729815        0.81993114738759        0.74625851235942
C           -1.24389730806393        1.05646711587563        0.72496194713477
H            3.46291213831123        0.64710321370980       -0.81126437562032
H            3.88516304578149       -1.00737569166705       -0.29171351528080
H            3.77166622544918        0.31649521510644        0.89747329383999
H            1.84647516051748       -2.48206593274929        0.01550437371025
H            0.62158838818159       -1.72568659726327        1.05597754556753
H            2.30520942364357       -1.82690232302606        1.59745183000280
H           -0.29381084008575       -1.44980588132975       -1.33364044903885
H           -2.71573315965070       -1.86471596687459       -1.29597677369288
H           -4.20008112983580       -0.41350962022613        0.03312857424025
H           -3.25237956176509        1.46623772624102        1.31810627864989
H           -0.81736352965630        1.88699307059677        1.26692739210940
22
 energy: -31.876288805220 gnorm: 0.007664082513 xtb: 6.7.1 (edcfbbe)
C            3.35192837895374       -0.10043370803463       -0.00779848470392
N            1.94501198625609       -0.38842704959576        0.15339193497920
C            1.64179018403382       -1.66823884532776        0.74166099855634
C            1.05288963248376        0.57609095481731       -0.11963485958491
O            1.40207271986401        1.70613373372261       -0.48077127208261
C           -0.39564805129921        0.23256302226482       -0.01906762020175
C           -0.93627766034251       -0.81895578137195       -0.75234900423759
C           -2.29795655653896       -1.05589267578182       -0.71890255497315
C           -3.12830180396379       -0.24527808991391        0.03689640958778
C           -2.59634540098655        0.81140154968850        0.75615149042092
C           -1.23581473019326        1.05413020423823        0.72275313444875
H            3.45565676860931        0.69399217150745       -0.75170329382531
H            3.86744667356415       -0.99968957323132       -0.34280362213249
H            3.78964127172757        0.25021562690873        0.93304498983678
H            1.84307366211121       -2.46796870798115        0.02608154975941
H            0.60040144126832       -1.71507972427471        1.04611215378842
H            2.27363614912050       -1.81839235034791        1.61743200229931
H           -0.29244315651280       -1.43565141326716       -1.35884870102300
H           -2.71207924732310       -1.87209583989114       -1.28838467188717
H           -4.19006272936344       -0.42990918482948        0.05696154496899
H           -3.23974407013758        1.45428785441423        1.33462938628797
H           -0.80333592028916        1.88140331992530        1.26491246091474
22
 energy: -31.876456578609 gnorm: 0.010161555926 xtb: 6.7.1 (edcfbbe)
C            3.35373809904356       -0.10230157386364        0.00466295195113
N            1.94401104046487       -0.37655948058848        0.16576035390301
C            1.63063857549831       -1.65504510335013        0.75138384628749
C            1.05417007064643        0.57911171048670       -0.15021167506405
O            1.40307317257481        1.69807518799752       -0.54661621122135
C           -0.39462395508766        0.23796687590054       -0.03843088226666
C           -0.93826208544526       -0.81308517832209       -0.77085372483915
C           -2.29861450990930       -1.05803894929457       -0.72105188980990
C           -3.12396144352252       -0.25404689812697        0.04841564157687
C           -2.58884834484857        0.80264672565893        0.76612616039105
C           -1.22915009876856        1.05210107697524        0.71853940254552
H            3.46244713664549        0.72763496844296       -0.70065201795581
H            3.85512236223540       -0.99194195235340       -0.38191247638401
H            3.80783573026099        0.19102086766241        0.96083182660995
H            1.84059771121656       -2.45673143225953        0.03934164831529
H            0.58519024013779       -1.70218815697635        1.04277764387282
H            2.25122270770771       -1.80599844548469        1.63562104235311
H           -0.29667568636928       -1.42416711386992       -1.38631946692108
H           -2.71537113881864       -1.87574476945753       -1.28725009089689
H           -4.18486839304099       -0.44518560713386        0.08140975473536
H           -3.22876885532015        1.43956676861768        1.35591129692832
H           -0.79336279425883        1.87711597297766        1.26228083708570
22
 energy: -31.876659702042 gnorm: 0.006792297040 xtb: 6.7.1 (edcfbbe)
C            3.35956939928608       -0.10282310491450        0.01306984740389
N            1.94540117508883       -0.36583177563094        0.17173330561659
C            1.62462717692760       -1.64361289345317        0.76165832660315
C            1.05485550309241        0.57846664042426       -0.17482337052669
O            1.40094177275936        1.69092084031909       -0.58991772684364
C           -0.39541874550787        0.24075512460277       -0.05833840591389
C           -0.94470140736902       -0.80833722902471       -0.79048659200139
C           -2.30478163538143       -1.05714279274948       -0.72798309357559
C           -3.12363245401167       -0.26043537270055        0.05747221930800
C           -2.58273145179579        0.79380327575296        0.77589376019933
C           -1.22339286780978        1.04894868221259        0.71363368643022
H            3.48129159663264        0.74359071570816       -0.66366053244131
H            3.84994859070492       -0.98335126524379       -0.40268689755688
H            3.82053871592816        0.14776967724407        0.97601898232463
H            1.83835917453852       -2.44964649334673        0.05498543519394
H            0.57743027814105       -1.68718439302504        1.04706360815096
H            2.24019569951920       -1.79026763377690        1.65061181782656
H           -0.30704804209938       -1.41660497521991       -1.41450351689655
H           -2.72594608311521       -1.87384359489414       -1.29425799688811
H           -4.18434260073373       -0.45700148157207        0.10405938216442
H           -3.21869928436886        1.42307153594060        1.38049467168591
H           -0.78692496938387        1.87296200698593        1.25972706093318
22
 energy: -31.876801891529 gnorm: 0.004631220784 xtb: 6.7.1 (edcfbbe)
C            3.36504689412688       -0.10381148225792        0.02004664815437
N            1.94711066155509       -0.35615220168413        0.17491438987539
C            1.62020539794781       -1.63041128359341        0.77478027114217
C            1.05624717468092        0.57557748097258       -0.19580916694487
O            1.39949964833237        1.68107843665511       -0.63309595527124
C           -0.39553810138502        0.23903966403433       -0.07611035684461
C           -0.95241363272807       -0.80526625239810       -0.80946578641871
C           -2.31199094267872       -1.05468795555065       -0.73689393245273
C           -3.12258208196421       -0.26655671067434        0.06569123178751
C           -2.57433738671661        0.78300047299454        0.78534792070145
C           -1.21606283719135        1.04210564967405        0.70879470380145
H            3.49623358918946        0.76773537158355       -0.62175196764567
H            3.84259518490339       -0.97443843513756       -0.43354903661097
H            3.82853434818508        0.09740036357957        0.99226313171056
H            1.83306390195213       -2.44254407673129        0.07545389084606
H            0.57241636481973       -1.66527870077441        1.05767735485370
H            2.23407235768473       -1.76916568988376        1.66595108934679
H           -0.32078329465725       -1.41059690162106       -1.44326187302726
H           -2.73880158813451       -1.86679431678802       -1.30638239358380
H           -4.18249569757909       -0.46646231591010        0.12503663501952
H           -3.20491553221671        1.40462270952263        1.40454177129390
H           -0.77956488708388        1.86581166762687        1.25558540146373
22
 energy: -31.876885384965 gnorm: 0.003703463751 xtb: 6.7.1 (edcfbbe)
C            3.36849071422107       -0.10381271779288        0.02232253834505
N            1.94884528829488       -0.35179176670360        0.17182672508057
C            1.61922173432494       -1.61965229026991        0.78753675372903
C            1.05724850417281        0.56994645382382       -0.21071582068594
O            1.39738671387065        1.67244518498224       -0.65609651725964
C           -0.39527782354043        0.23276843967270       -0.08699429877352
C           -0.95971573859207       -0.80441997872039       -0.82373066872614
C           -2.31923181076026       -1.05048963029297       -0.74629224019873
C           -3.12222600765717       -0.26937226306994        0.06968896902096
C           -2.56652183277635        0.77302036243475        0.79332481762113
C           -1.20916326712944        1.03199520020124        0.70768989201886
H            3.50582971898901        0.77986224559484       -0.59604337522486
H            3.83938957694061       -0.96418426666883       -0.45171462462260
H            3.82765695486600        0.06697675520046        0.99650471481045
H            1.82649192432441       -2.43886746716613        0.09606567585966
H            0.57211046472035       -1.64436386626770        1.07302763957121
H            2.23602089069581       -1.74892137923309        1.67758390552081
H           -0.33450161386668       -1.40796908860904       -1.46542363157858
H           -2.75172828793791       -1.85461551343887       -1.32266785029023
H           -4.18134461384707       -0.46829794626012        0.13578650112041
H           -3.19145419441611        1.38966162047392        1.42250707954702
H           -0.77198775385487        1.85428740574801        1.25557778631184
22
 energy: -31.876895034368 gnorm: 0.007387029735 xtb: 6.7.1 (edcfbbe)
C            3.36991441184455       -0.10497318971042        0.03021328691269
N            1.94895207535280       -0.34317536664245        0.17527156400016
C            1.61203210643161       -1.60150755682586        0.80628450780625
C            1.05888014296188        0.56616405934942       -0.23993193269139
O            1.39645694880432        1.65838985932234       -0.71657281543775
C           -0.39351430491940        0.22809248202350       -0.10528704809473
C           -0.96613146069439       -0.80098407612430       -0.84592503991786
C           -2.32474464783002       -1.04743766189859       -0.75597001605859
C           -3.11830366078027       -0.27585712392686        0.07786570032910
C           -2.55426170255102        0.75868512851379        0.80552096162277
C           -1.19839031228544        1.01926520032819        0.70597784960109
H            3.51029865040442        0.81607902173871       -0.54072930982132
H            3.82723348657421       -0.94762665051510       -0.49937523191383
H            3.83606735073847        0.00103919921497        1.01639155057894
H            1.81696387660071       -2.42948067985984        0.12516453948492
H            0.56383423607757       -1.61652442758960        1.08864113808164
H            2.22635201312229       -1.72207026231535        1.69882830799703
H           -0.34820151329804       -1.39948154222258       -1.49906426676291
H           -2.76376249148599       -1.84414821525687       -1.33701334455655
H           -4.17599246882237       -0.47567987219274        0.15482469917706
H           -3.17143917550885        1.36856211963045        1.44810034910142
H           -0.75670401969485        1.83687504859772        1.25654852175865
22
 energy: -31.876955632471 gnorm: 0.003139787794 xtb: 6.7.1 (edcfbbe)
C            3.36726421053911       -0.10432637170142        0.02543305997310
N            1.94819081009464       -0.34837260182597        0.17341830436737
C            1.61413521581108       -1.60687425268734        0.80274122982294
C            1.05832665734735        0.56662490294492       -0.22859615864360
O            1.39737813148795        1.66133943306679       -0.69664820882730
C           -0.39340769691135        0.22817049535882       -0.09802885070891
C           -0.96325398094708       -0.80176262471167       -0.83949082136947
C           -2.32237797056698       -1.04705679547711       -0.75447353108373
C           -3.11902379952558       -0.27249496121089        0.07284533805034
C           -2.55742027964109        0.76245067428869        0.80188074524691
C           -1.20103732500185        1.02076020028753        0.70875257019992
H            3.50309153665867        0.80220753151127       -0.56159375069996
H            3.83200486114941       -0.94918886777383       -0.48447558489108
H            3.83130271261050        0.02613523452565        1.00427514617919
H            1.81734196576854       -2.43417164759994        0.12014452828470
H            0.56690349945144       -1.62435065963146        1.08853260931156
H            2.23072739218920       -1.72915767460754        1.69340662726668
H           -0.34321653578936       -1.40119495420143       -1.48908049347554
H           -2.75954934766812       -1.84491842349651       -1.33484080754943
H           -4.17723592193473       -0.47053105857783        0.14421603196633
H           -3.17623554939484        1.37427309393337        1.44025203561473
H           -0.75836904468472        1.83664482122444        1.26109395216203
22
 energy: -31.876974960920 gnorm: 0.001610399838 xtb: 6.7.1 (edcfbbe)
C            3.36614668009694       -0.10428168388100        0.02457977444956
N            1.94769578078888       -0.34882170439100        0.17288364677115
C            1.61223540865009       -1.60299592745070        0.80833434715163
C            1.05856380672772        0.56507107390589       -0.23367931147305
O            1.39779630318826        1.65699295618555       -0.70543210730539
C           -0.39267165190342        0.22675021854690       -0.10090937222248
C           -0.96372075304160       -0.80066667243838       -0.84467590703610
C           -2.32287456699796       -1.04561973397900       -0.75777226493316
C           -3.11799923600570       -0.27277754515162        0.07244790004060
C           -2.55483868984101        0.75933229852915        0.80446060040239
C           -1.19845825641697        1.01650903736645        0.71058368344193
H            3.50027796962711        0.80825763792853       -0.55308995991750
H            3.83036266108392       -0.94263398358543       -0.49562472715556
H            3.83267661703823        0.01567139253023        1.00323933907629
H            1.81341675954184       -2.43465802969366        0.13020176288446
H            0.56514336299038       -1.61802712313318        1.09529474083919
H            2.22893919988476       -1.72222037054669        1.69941109711791
H           -0.34487235050621       -1.39853364735310       -1.49658566174220
H           -2.76130920712306       -1.84197968869026       -1.33900774911594
H           -4.17625800433822       -0.47005192732648        0.14422439661613
H           -3.17187450556648        1.36969744556254        1.44563301902263
H           -0.75283778683532        1.82919147070377        1.26524672428426
22
 energy: -31.876989629550 gnorm: 0.002302464303 xtb: 6.7.1 (edcfbbe)
C            3.36433600224201       -0.10503244641477        0.02259658494493
N            1.94674204941058       -0.34822073432988        0.17375941045580
C            1.60623134263788       -1.59003053093224        0.82744537498246
C            1.05939343067944        0.56117129308760       -0.24931993901021
O            1.39880402100319        1.64241484113524       -0.74595887952860
C           -0.39087281798172        0.22311223166111       -0.10975793323763
C           -0.96569311538267       -0.79674773201283       -0.86065955483737
C           -2.32477462090052       -1.04082113022337       -0.76885517225846
C           -3.11493178465878       -0.27480524355789        0.07245373707396
C           -2.54710338374804        0.74836756518471        0.81393161506887
C           -1.19089170987713        1.00398955347268        0.71620114839308
H            3.49498147501735        0.82904615354776       -0.52138929895744
H            3.82352525629954       -0.92265111274845       -0.53475536443322
H            3.84032168531309       -0.02394432508557        1.00148057905193
H            1.80215758890707       -2.43453301568854        0.16285285055629
H            0.55890078495538       -1.59685253983822        1.11562586251546
H            2.22218827437427       -1.69987247604273        1.72060410434384
H           -0.35039139271687       -1.38804546856601       -1.52198691582442
H           -2.76721975889392       -1.83132596324585       -1.35505533303910
H           -4.17341987436129       -0.47037284320431        0.14594244947447
H           -3.15925066849634        1.35245222315346        1.46568711251296
H           -0.73749324278032        1.80690719428663        1.27892153294916
22
 energy: -31.876996031432 gnorm: 0.000950437542 xtb: 6.7.1 (edcfbbe)
C            3.36520614415209       -0.10538412393615        0.02120741844591
N            1.94724651073644       -0.34875708803118        0.17290970547779
C            1.60751889439870       -1.59154878366238        0.82589314597973
C            1.05919984163558        0.56121701273271       -0.24693710643277
O            1.39848075400780        1.64371582710520       -0.73814356025191
C           -0.39137266468382        0.22372628928226       -0.10756028121213
C           -0.96548161970617       -0.79671958401245       -0.85837718492406
C           -2.32460123712936       -1.04102518495755       -0.76805707963278
C           -3.11575051087192       -0.27432484606886        0.07170832447417
C           -2.54882292563916        0.74955933510027        0.81271834578442
C           -1.19237638006876        1.00530810022965        0.71663912507529
H            3.49645149039847        0.82607151048123       -0.52624468576994
H            3.82385290746984       -0.92526460999981       -0.53220497053695
H            3.84084942576974       -0.01999139761327        0.99961276781386
H            1.80420452746076       -2.43505785713838        0.16066136749225
H            0.56018504300543       -1.59888106500696        1.11377913535165
H            2.22351073950952       -1.70139541548184        1.71906479443739
H           -0.34917746238746       -1.38885607508099       -1.51792356167457
H           -2.76628165424428       -1.83218459923672       -1.35413108961715
H           -4.17444416178376       -0.46995779974872        0.14408127765680
H           -3.16228633596390        1.35432591588578        1.46261413255700
H           -0.74057178502362        1.80962993279671        1.27845395070278
22
 energy: -31.876999777415 gnorm: 0.000639371822 xtb: 6.7.1 (edcfbbe)
C            3.36653281726336       -0.10661313418404        0.01892548230395
N            1.94810282809404       -0.34876970554442        0.17343917118594
C            1.60973467190965       -1.59346804278245        0.82468869370401
C            1.05894347604624        0.56174499874068       -0.24249300488159
O            1.39770482244984        1.64540595340699       -0.73169299845169
C           -0.39211747625348        0.22473166479138       -0.10340964697009
C           -0.96500446078990       -0.79639115287928       -0.85452969927211
C           -2.32417057810839       -1.04089728557712       -0.76733458583570
C           -3.11699184386551       -0.27366115069934        0.07035299882425
C           -2.55159480377745        0.75095612448421        0.81111508882567
C           -1.19489187030133        1.00738912979861        0.71761493743089
H            3.49840393460264        0.82175318750950       -0.53236853326097
H            3.82320747741463       -0.92952089217123       -0.53060118921299
H            3.84245493696751       -0.01678171237614        0.99616049999938
H            1.80850400508813       -2.43484050109734        0.15804531698961
H            0.56222629259875       -1.60202543168520        1.11111213203042
H            2.22531992902200       -1.70331958215612        1.71800253364964
H           -0.34703588604867       -1.38907042299337       -1.51205863125155
H           -2.76451754076081       -1.83231372211591       -1.35418052535601
H           -4.17583844541779       -0.46964665069272        0.14101369994387
H           -3.16720500893415        1.35598603144186        1.45884045966511
H           -0.74622773615708        1.81355779041998        1.27912177113671
22
 energy: -31.877002847568 gnorm: 0.000774877823 xtb: 6.7.1 (edcfbbe)
C            3.36676876965547       -0.10787037760382        0.01639925541112
N            1.94839203445041       -0.34843056267418        0.17434921083190
C            1.61044118604558       -1.59274513527793        0.82682032060610
C            1.05885183848618        0.56184202320586       -0.24138493523357
O            1.39717571210632        1.64480908072829       -0.73202886061162
C           -0.39224787058472        0.22513140995547       -0.10133232988909
C           -0.96446054036711       -0.79554019416648       -0.85376275347489
C           -2.32366852279702       -1.04025394610794       -0.76829413872837
C           -3.11738950489568       -0.27349356134086        0.06905263180900
C           -2.55270772130093        0.75052572614669        0.81109246356931
C           -1.19580393993948        1.00717542789611        0.71940814969953
H            3.49830371839172        0.82267181429776       -0.53189713791804
H            3.82050041272995       -0.92977152947501       -0.53779142669689
H            3.84562449119472       -0.02257881812921        0.99307178269513
H            1.81114703807701       -2.43471718986444        0.16147933563159
H            0.56258600318927       -1.60178518148952        1.11174753112930
H            2.22489083143232       -1.70077848566447        1.72115844508093
H           -0.34551432324557       -1.38769647463533       -1.51087494192064
H           -2.76332644647152       -1.83122092971360       -1.35620331763669
H           -4.17634174409002       -0.46942782357092        0.13827930245008
H           -3.16927725867210        1.35513075973627        1.45832169362343
H           -0.74840462235260        1.81322946138578        1.28215369076913
22
 energy: -31.877006962484 gnorm: 0.000416668047 xtb: 6.7.1 (edcfbbe)
C            3.36626166088918       -0.11025102191133        0.01113818957927
N            1.94852417083578       -0.34821273575075        0.17641570169627
C            1.61179912112696       -1.59163150009581        0.83078338896840
C            1.05854818864551        0.56256226044792       -0.23794225057070
O            1.39616641830277        1.64446579175038       -0.73214325702521
C           -0.39227560577050        0.22580645853794       -0.09652172006479
C           -0.96263008051230       -0.79427916733052       -0.85136344289465
C           -2.32204262821844       -1.03901365860270       -0.76995426051198
C           -3.11806755137193       -0.27270080263134        0.06579342274023
C           -2.55512142464506        0.75014652050176        0.81081969126424
C           -1.19779526874309        1.00671270392743        0.72332848843355
H            3.49662179654161        0.82305259892025       -0.53291124447487
H            3.81475471547852       -0.92996522631517       -0.55052241677322
H            3.85156885104237       -0.03177263338608        0.98527320272295
H            1.81717353448748       -2.43472621194289        0.16799233100750
H            0.56301091561031       -1.60303131596803        1.11224656468921
H            2.22353023084763       -1.69623707266527        1.72750391618963
H           -0.34163997642430       -1.38524531834594       -1.50773514947960
H           -2.76010496633078       -1.82922085206545       -1.35993890951627
H           -4.17731327213758       -0.46815048101801        0.13141826009419
H           -3.17339255729681        1.35415152000145        1.45707973090783
H           -0.75203673131513        1.81174563758067        1.28900373421475
22
 energy: -31.877008492870 gnorm: 0.000589115832 xtb: 6.7.1 (edcfbbe)
C            3.36590684584901       -0.11165241813031        0.00768947893749
N            1.94854787688954       -0.34828185505327        0.17711877320570
C            1.61288686752609       -1.59084914153198        0.83343410624439
C            1.05831360803585        0.56289355650926       -0.23520173338877
O            1.39548799586920        1.64490917743920       -0.72887178584160
C           -0.39236412081943        0.22586464902900       -0.09411350499455
C           -0.96177997703352       -0.79370422931574       -0.85040372896039
C           -2.32135113543527       -1.03823607306356       -0.77116387129188
C           -3.11855923204187       -0.27208912807667        0.06361103584233
C           -2.55644747052921        0.74990296122320        0.81050769505194
C           -1.19894448445346        1.00611698908565        0.72531817324631
H            3.49550637566749        0.82347204234453       -0.53365237320242
H            3.81118629131619       -0.92980410748966       -0.55923767698377
H            3.85503336277855       -0.03764780149071        0.98006163570775
H            1.82094875557700       -2.43489192414566        0.17268537844096
H            0.56367892354909       -1.60378252257129        1.11321418349983
H            2.22322820600225       -1.69267881688953        1.73145900385933
H           -0.33991267785247       -1.38465882708021       -1.50587280399698
H           -2.75865361121166       -1.82802052118335       -1.36234060384158
H           -4.17804029796981       -0.46691639097897        0.12701612344714
H           -3.17541001958571        1.35374040247077        1.45625688221744
H           -0.75372254108566        1.81051947253779        1.29224958399806
22
 energy: -31.877009313846 gnorm: 0.000392663678 xtb: 6.7.1 (edcfbbe)
C            3.36575565084390       -0.11261079922499        0.00529396684051
N            1.94863887869867       -0.34827144601319        0.17747865091400
C            1.61378886650835       -1.59019882655283        0.83532958188456
C            1.05808007308833        0.56321632754933       -0.23374066764816
O            1.39476577278833        1.64605968198886       -0.72610155898762
C           -0.39249547557032        0.22554951685481       -0.09266280119144
C           -0.96137929791149       -0.79368078149947       -0.84970132011151
C           -2.32111849254840       -1.03764977163650       -0.77203990149252
C           -3.11896215306681       -0.27166362578717        0.06222655957991
C           -2.55729393655673        0.74967398011184        0.81035862382005
C           -1.19970421379226        1.00554477412252        0.72647923909590
H            3.49520826058768        0.82362813917998       -0.53415726268911
H            3.80844389297504       -0.92965745706822       -0.56470338389734
H            3.85755640635600       -0.04221752316597        0.97648287625851
H            1.82417339867877       -2.43490216063874        0.17624194654953
H            0.56416044441317       -1.60425025297733        1.11354109279987
H            2.22290116402260       -1.68974197562782        1.73447326163198
H           -0.33921383901376       -1.38445680695841       -1.50517352059850
H           -2.75803613158167       -1.82693460124555       -1.36418917425260
H           -4.17859943329916       -0.46604207629884        0.12431767742531
H           -3.17657512465496        1.35331458360544        1.45595767120531
H           -0.75455516992311        1.80949659492073        1.29405241406009
22
 energy: -31.877009725992 gnorm: 0.000225564233 xtb: 6.7.1 (edcfbbe)
C            3.36571548002113       -0.11291978709007        0.00462552400461
N            1.94863050406218       -0.34842123136246        0.17747803630034
C            1.61403191437850       -1.59013716083269        0.83578486226988
C            1.05804384612753        0.56343480313889       -0.23257440673376
O            1.39472301114322        1.64714301171660       -0.72349628228730
C           -0.39254876820500        0.22541428697052       -0.09274066489093
C           -0.96136346720985       -0.79373422217140       -0.84988620437716
C           -2.32120152132459       -1.03760684652489       -0.77225221770830
C           -3.11907510180369       -0.27165226782132        0.06194947366535
C           -2.55743389823563        0.74969147059224        0.81011612478930
C           -1.19987802002956        1.00552685604673        0.72621419782748
H            3.49501853832939        0.82383887717338       -0.53389484563393
H            3.80779109933410       -0.92935755756329       -0.56698267774514
H            3.85820892496661       -0.04374423702875        0.97529079097906
H            1.82526194682251       -2.43515460985690        0.17745753218547
H            0.56428330028206       -1.60452099406593        1.11348692494122
H            2.22268806517851       -1.68865774983616        1.73534998289478
H           -0.33931954295059       -1.38488534189489       -1.50502332869892
H           -2.75813837328946       -1.82686728768912       -1.36440503082488
H           -4.17874795166539       -0.46592925960419        0.12390857361472
H           -3.17668523220420        1.35333777327597        1.45568714431304
H           -0.75446521268561        1.80940696806627        1.29367046231181
22
 energy: -31.877010012872 gnorm: 0.000169027935 xtb: 6.7.1 (edcfbbe)
C            3.36574598495525       -0.11305003639956        0.00431272684193
N            1.94862704394102       -0.34864178035731        0.17712500049898
C            1.61397703949159       -1.59024866994179        0.83561924469672
C            1.05804155289961        0.56359346827551       -0.23218846768589
O            1.39482439834678        1.64795119714576       -0.72162536243945
C           -0.39256909931001        0.22547659099736       -0.09279799814488
C           -0.96127821297622       -0.79391347475138       -0.84968383581351
C           -2.32112979290955       -1.03784116980502       -0.77201619605644
C           -3.11904638800876       -0.27172359801806        0.06196188664659
C           -2.55751519798883        0.74993795360110        0.80981929698315
C           -1.19997661956920        1.00582461108801        0.72589077384971
H            3.49511688724156        0.82424185363923       -0.53325845710929
H            3.80760914488244       -0.92896404402050       -0.56810753775005
H            3.85849254241513       -0.04484425420244        0.97499091628161
H            1.82591462130506       -2.43546388314312        0.17780205057606
H            0.56403924721793       -1.60481695344901        1.11263445954866
H            2.22203120679161       -1.68828297916444        1.73569966649886
H           -0.33923669565247       -1.38510387307183       -1.50481410831906
H           -2.75803703690711       -1.82729908181445       -1.36394882967829
H           -4.17869667091602       -0.46622582116777        0.12412694466284
H           -3.17687762085705        1.35365984464723        1.45524222331532
H           -0.75451679335056        1.80993959355098        1.29297957379317
22
 energy: -31.877010265113 gnorm: 0.000086227684 xtb: 6.7.1 (edcfbbe)
C            3.36575309941613       -0.11301344999849        0.00453468911957
N            1.94860365242870       -0.34881224972544        0.17679175083103
C            1.61388008996531       -1.59054223796246        0.83505453691732
C            1.05806571453266        0.56367084959859       -0.23228898247760
O            1.39491130255200        1.64812201270358       -0.72153333527495
C           -0.39256327650707        0.22566756997169       -0.09280645431895
C           -0.96118640681298       -0.79402797716420       -0.84937281575038
C           -2.32098075713231       -1.03812544815706       -0.77155571629815
C           -3.11894778731283       -0.27182718326082        0.06224582992940
C           -2.55754795886541        0.75024253117029        0.80964964782462
C           -1.20004108420257        1.00626395431729        0.72560330672807
H            3.49507545358030        0.82465840094288       -0.53221166663958
H            3.80793676141759       -0.92849268494117       -0.56819685937290
H            3.85814357083020       -0.04531680585613        0.97545500625902
H            1.82599127311626       -2.43564849036972        0.17714540623330
H            0.56389818556033       -1.60517141808941        1.11182666146114
H            2.22171639134780       -1.68870055765802        1.73525688392070
H           -0.33905323384051       -1.38535949754580       -1.50430602164708
H           -2.75779542926073       -1.82787053043946       -1.36318009143953
H           -4.17855342854494       -0.46643005443826        0.12451214371530
H           -3.17701941978514        1.35422687191994        1.45473875203078
H           -0.75474717144060        1.81069188862070        1.29240129944564
22
 energy: -31.877010694654 gnorm: 0.000105833924 xtb: 6.7.1 (edcfbbe)
C            3.36571609609984       -0.11289932493761        0.00489375618730
N            1.94851280003206       -0.34919711400177        0.17615053917630
C            1.61370059312419       -1.59119806615417        0.83389115433879
C            1.05810034758983        0.56390806844874       -0.23210231650708
O            1.39518197106337        1.64857169186768       -0.72071358358397
C           -0.39255444146189        0.22608854075762       -0.09273739546708
C           -0.96094947633512       -0.79437500714084       -0.84850599839664
C           -2.32064267604229       -1.03879323539085       -0.77050516166825
C           -3.11881785109617       -0.27193964809602        0.06263511368716
C           -2.55771378994152        0.75103308610251        0.80901439178387
C           -1.20025281322189        1.00731724244424        0.72482404083251
H            3.49508714892846        0.82572457166832       -0.53003360462907
H            3.80839468720158       -0.92730848841866       -0.56888422633031
H            3.85753610614891       -0.04679256056118        0.97627864304920
H            1.82619644126691       -2.43600479389405        0.17571663311830
H            0.56364588633214       -1.60610149875074        1.11029604028492
H            2.22124492366221       -1.68960742594196        1.73424913817295
H           -0.33859416069222       -1.38596343823766       -1.50300454974764
H           -2.75723656756722       -1.82918235633032       -1.36142785216162
H           -4.17832142381713       -0.46689647494810        0.12521586089308
H           -3.17739626589880        1.35543384798807        1.45352112772455
H           -0.75529799433309        1.81238787716526        1.29099222043947
22
 energy: -31.877011191310 gnorm: 0.000155358187 xtb: 6.7.1 (edcfbbe)
C            3.36565257545590       -0.11268487593233        0.00549816027686
N            1.94837660455891       -0.34966612623023        0.17531997445150
C            1.61361611015449       -1.59218192570223        0.83213346711643
C            1.05810633225482        0.56422127791591       -0.23171079747126
O            1.39550084837958        1.64950225658103       -0.71873389145802
C           -0.39257177330129        0.22657633949345       -0.09265546764081
C           -0.96066639137471       -0.79500378027899       -0.84720510019588
C           -2.32025316636196       -1.03976670134117       -0.76894933506138
C           -3.11870930988138       -0.27208281266879        0.06319893137661
C           -2.55799849255587        0.75220047829670        0.80804853707396
C           -1.20059178179780        1.00878748634650        0.72362040427782
H            3.49515111925931        0.82739489965195       -0.52680269386695
H            3.80887702059940       -0.92544577727707       -0.57018862761046
H            3.85684026289629       -0.04913032142019        0.97740016495627
H            1.82678546712173       -2.43647852014448        0.17352194115772
H            0.56343716993020       -1.60766289914621        1.10797174631886
H            2.22070116538474       -1.69100345120930        1.73276588911444
H           -0.33801394458097       -1.38727104558441       -1.50080354810497
H           -2.75655210258768       -1.83116794690239       -1.35873003477769
H           -4.17814413310636       -0.46732034760319        0.12601300062216
H           -3.17797931669748        1.35748408229332        1.45144430992997
H           -0.75602472270771        1.81490520450064        1.28860694071153
22
 energy: -31.877011722530 gnorm: 0.000176903162 xtb: 6.7.1 (edcfbbe)
C            3.36556672012038       -0.11230922187914        0.00637016362124
N            1.94823328603725       -0.35014520161247        0.17453603039292
C            1.61369642151424       -1.59368942434848        0.82952247615571
C            1.05806469080256        0.56477111115882       -0.23059406308202
O            1.39578728951734        1.65100394165156       -0.71531081630244
C           -0.39263692105884        0.22708734587038       -0.09245441434677
C           -0.96025154229104       -0.79629141482583       -0.84500031960858
C           -2.31976595904396       -1.04131120057633       -0.76653632298534
C           -3.11869442220202       -0.27203255631815        0.06372161750162
C           -2.55854664315967        0.75421768814796        0.80627102275632
C           -1.20119643795581        1.01101603090704        0.72163664983194
H            3.49524949888221        0.82991419748810       -0.52208847529021
H            3.80932470510824       -0.92266809883549       -0.57232776556974
H            3.85611902358970       -0.05258762742364        0.97881976475687
H            1.82800500126590       -2.43702484570931        0.17004373288010
H            0.56332628435240       -1.61025712844963        1.10453784952443
H            2.22011000619122       -1.69326261493853        1.73053317674660
H           -0.33731002324053       -1.38957363795136       -1.49739577067098
H           -2.75569749811208       -1.83410371185353       -1.35472226795710
H           -4.17802259713444       -0.46770159757259        0.12695988539245
H           -3.17883538406349        1.36065031409804        1.44828856670040
H           -0.75698595807738        1.81850314661110        1.28495325074931
22
 energy: -31.877012077407 gnorm: 0.000135941138 xtb: 6.7.1 (edcfbbe)
C            3.36551358543444       -0.11182509841331        0.00719642056483
N            1.94817298169382       -0.35044813790456        0.17417713886809
C            1.61399932800605       -1.59519472853502        0.82705578077532
C            1.05796983994880        0.56515276057328       -0.22936163938579
O            1.39583698756419        1.65255301921434       -0.71138187070941
C           -0.39273775519433        0.22735483381841       -0.09215183787515
C           -0.95993931317187       -0.79757512540054       -0.84287634406587
C           -2.31944490973760       -1.04265050044187       -0.76432480162719
C           -3.11879843840006       -0.27188510703394        0.06412455866174
C           -2.55913460065006        0.75612565711977        0.80460257328596
C           -1.20181220327199        1.01295512932310        0.71985593648053
H            3.49531032412521        0.83228597815246       -0.51791709682923
H            3.80949171260348       -0.92003313526275       -0.57435745743080
H            3.85582179614692       -0.05565382455156        0.97996689310385
H            1.82953192337418       -2.43733607922504        0.16646313674464
H            0.56344544201378       -1.61305381644142        1.10127876957189
H            2.21980199652776       -1.69569139661956        1.72839312485200
H           -0.33675800539468       -1.39222711128267       -1.49378054891506
H           -2.75501227543888       -1.83688844152878       -1.35082771698234
H           -4.17810595240431       -0.46767032262452        0.12744853514693
H           -3.17977342209004        1.36403438916488        1.44488152035888
H           -0.75783950064263        1.82187655153781        1.28129889660289
22
 energy: -31.877012272252 gnorm: 0.000069048720 xtb: 6.7.1 (edcfbbe)
C            3.36551232369703       -0.11154499049884        0.00751543526992
N            1.94821663136020       -0.35041709135946        0.17447415543159
C            1.61439825195592       -1.59598826730998        0.82595118352292
C            1.05787466746549        0.56531893632096       -0.22838238701913
O            1.39565998719149        1.65328983207053       -0.70918968507165
C           -0.39282460387590        0.22730652375735       -0.09180968040268
C           -0.95979593677373       -0.79839883884852       -0.84160802875358
C           -2.31936858095343       -1.04331792976152       -0.76322210709601
C           -3.11898897691328       -0.27162948351958        0.06407142696621
C           -2.55955803200321        0.75722618364119        0.80356928680169
C           -1.20221636705819        1.01387017453824        0.71898763536795
H            3.49520028699002        0.83330889862489       -0.51630715750341
H            3.80935785466611       -0.91890053178379       -0.57535875784187
H            3.85606246434766       -0.05679055645380        0.98020509478933
H            1.83048412559243       -2.43736366381935        0.16456378625126
H            0.56379608735983       -1.61458171651815        1.09991342750198
H            2.22001050527165       -1.69715894798498        1.72735051843545
H           -0.33657641261297       -1.39369674314626       -1.49186834343995
H           -2.75479632969273       -1.83806210263001       -1.34913495469000
H           -4.17832849737856       -0.46733024734746        0.12727334566507
H           -3.18034064555078        1.36577103499683        1.44308695100512
H           -0.75823926204285        1.82329502067024        1.27968282600650
22
 energy: -31.877012412104 gnorm: 0.000036246937 xtb: 6.7.1 (edcfbbe)
C            3.36554181564961       -0.11138012206820        0.00747737024007
N            1.94832299845909       -0.35025196795123        0.17508103066625
C            1.61480243840444       -1.59632868421346        0.82571816104543
C            1.05778703256741        0.56529612849950       -0.22766986248251
O            1.39536632066679        1.65352823783604       -0.70804720440765
C           -0.39289172833277        0.22707631470851       -0.09140709511094
C           -0.95977740652882       -0.79876644751606       -0.84103449087768
C           -2.31945207798895       -1.04338910965777       -0.76302529908973
C           -3.11921766989436       -0.27130612106158        0.06371797906907
C           -2.55983995362494        0.75764405394453        0.80314581884441
C           -1.20244954256836        1.01401161457830        0.71890057951754
H            3.49504040269529        0.83348557088436       -0.51640082436429
H            3.80904441705926       -0.91873191464168       -0.57567084611579
H            3.85658497735847       -0.05670627366741        0.97989733295684
H            1.83095219512100       -2.43720752431719        0.16372504565842
H            0.56424674545288       -1.61528635834676        1.09985268625562
H            2.22059118925406       -1.69799958718973        1.72694339475146
H           -0.33654757824684       -1.39446203332835       -1.49091382624298
H           -2.75479523646516       -1.83832864997410       -1.34873705473871
H           -4.17861100532642       -0.46682467841596        0.12666505227708
H           -3.18072903707091        1.36653163678193        1.44222725629760
H           -0.75842975559859        1.82360140875483        1.27931876704720
22
 energy: -31.877012501498 gnorm: 0.000042766473 xtb: 6.7.1 (edcfbbe)
C            3.36556746971701       -0.11126376140421        0.00736182230219
N            1.94841619337798       -0.35018053814428        0.17552218913408
C            1.61517626260893       -1.59663162142747        0.82557328632441
C            1.05770820618560        0.56524768113583       -0.22708253917024
O            1.39511196532035        1.65368034760234       -0.70714997535715
C           -0.39295295105878        0.22691217845138       -0.09095579927361
C           -0.95972766261912       -0.79906304225085       -0.84046889254856
C           -2.31946838428753       -1.04349298498235       -0.76281872755188
C           -3.11940978869329       -0.27107432399425        0.06342610551237
C           -2.56013488074394        0.75800921436993        0.80276984255309
C           -1.20268969763488        1.01415960480677        0.71889817375124
H            3.49483837489356        0.83357229188274       -0.51666411474962
H            3.80882597878231       -0.91866163679522       -0.57592909930660
H            3.85702437150303       -0.05650994658176        0.97957463654562
H            1.83114856197138       -2.43713925248623        0.16304761447230
H            0.56471697622621       -1.61578659239983        1.10006836508278
H            2.22129012721128       -1.69876440615274        1.72653119072594
H           -0.33642454796765       -1.39501241673280       -1.49004398975943
H           -2.75473888311141       -1.83843755220484       -1.34857790087548
H           -4.17888466256989       -0.46630588919464        0.12593337274516
H           -3.18115736840097        1.36714718803544        1.44148490086659
H           -0.75869611966799        1.82380095210558        1.27926350977350
