----------------------------------------------- 
  Element       SASA      Sigma Z        Total  
     Z         Ang**2 cal/Ang**2/mol   kcal/mol 
----------------------------------------------- 
      H         98.063      48.690       4.775
      C         31.623     129.740       4.103
      O         33.162       0.000       0.000

 Subtotal:     162.849                   8.877
 -----------------------------------------------

  Elements    COT*SASA   Sigma Z,Z'     Total   
    Z,Z'       Ang**2  cal/Ang**2/mol kcal/mol  
 ---------------------------------------------- 
  H   C         66.147     -60.770      -4.020
  H   O          0.000       0.000       0.000
  C   C         19.694     -72.950      -1.437
  O   C         18.324      68.690       1.259
  O   O          0.000       0.000       0.000

 Subtotal:                              -4.198
 ---------------------------------------------- 

 NONAQUEOUS SOLVENT CONTRIBUTION (kcal/mol):
 (proportional to SASA, atomic number independent)
 ---------------------------------------------- 
 Subtotal:                               0.000
 ---------------------------------------------- 

 CDS TOTAL (kcal/mol):                   4.680
...............................................................................
