----------------------------------------------- 
  Element       SASA      Sigma Z        Total  
     Z         Ang**2 cal/Ang**2/mol   kcal/mol 
----------------------------------------------- 
      H         92.900      48.690       4.523
      C         73.462     129.740       9.531
      O         23.206       0.000       0.000

 Subtotal:     189.568                  14.054
 -----------------------------------------------

  Elements    COT*SASA   Sigma Z,Z'     Total   
    Z,Z'       Ang**2  cal/Ang**2/mol kcal/mol  
 ---------------------------------------------- 
  H   C         62.858     -60.770      -3.820
  H   O          0.000       0.000       0.000
  C   C         94.563     -72.950      -6.898
  O   C         14.321      68.690       0.984

 Subtotal:                              -9.735
 ---------------------------------------------- 

 NONAQUEOUS SOLVENT CONTRIBUTION (kcal/mol):
 (proportional to SASA, atomic number independent)
 ---------------------------------------------- 
 Subtotal:                               0.000
 ---------------------------------------------- 

 CDS TOTAL (kcal/mol):                   4.320
...............................................................................
