16
 energy: -492.033290757806 gnorm: 0.044008205779 xtb: 6.7.1 (edcfbbe)
C            1.10464497068950       -1.85649365132266       -0.00344087760152
C            2.10169593473132       -0.90113219619932       -0.00655423170290
C            1.79980974419754        0.47348128080981       -0.00574663590255
C            0.45235566720045        0.84839145507594       -0.00401458620178
C           -0.53684766313789       -0.12776176095661       -0.00032463820014
C           -0.22901924090148       -1.48850856055960       -0.00016151880007
N           -1.89491590063969        0.27407848982145        0.00057653080026
O           -2.76672170492601       -0.58676882956001        0.01196050590530
O           -2.15796277265625        1.47071531655171       -0.01064824550472
N            2.78183743213271        1.40154946282106        0.02894274901283
H            1.36696097450574       -2.90220560078604       -0.00465123370206
H            3.13617197068972       -1.20712007133491       -0.00808906630358
H            0.16477199857301        1.88799531753662       -0.00331082650147
H           -1.02453365655400       -2.21481543168144        0.00124514250055
H            3.73614415715558        1.11679838359488       -0.09407190434169
H            2.54876827562943        2.37128197245078       -0.08095072253587
16
 energy: -492.034872093338 gnorm: 0.021995006182 xtb: 6.7.1 (edcfbbe)
C            1.10445677658865       -1.86005049198305       -0.00459202868037
C            2.10705174781429       -0.90327674749260       -0.00429675450366
C            1.80210019383173        0.47371590809945        0.00271100790697
C            0.45269233244256        0.85107154522781       -0.00171258781495
C           -0.53184265394044       -0.13214557737779       -0.00095117456865
C           -0.23449750133471       -1.49581467578488       -0.00057480776816
N           -1.91040532591828        0.27747761612277       -0.00087114201407
O           -2.78693201238057       -0.58916025630389        0.01112264865651
O           -2.17170519102742        1.48197334597275       -0.01029646726106
N            2.78949946548168        1.40795448288643        0.03646077851049
H            1.37017924032443       -2.91018623455259       -0.00682228962291
H            3.14739187039216       -1.21032913092678       -0.00676279927227
H            0.17143326084263        1.89635255016496       -0.00172121279511
H           -1.02762358557828       -2.22959240505808        0.00015607581730
H            3.74395749538907        1.12322359205320       -0.10123198771405
H            2.55740379608259        2.37827205814608       -0.08985702494300
16
 energy: -492.035344637973 gnorm: 0.009784896328 xtb: 6.7.1 (edcfbbe)
C            1.10489300321782       -1.86129732229321       -0.00430709874509
C            2.11047636860909       -0.90443513587100       -0.00074185209206
C            1.80287464104044        0.47318769283053        0.00832650091111
C            0.45220888872121        0.85306168811688        0.00250585841650
C           -0.52574107454595       -0.13548445014645        0.00072488088329
C           -0.23792293474952       -1.49979972754200       -0.00154598485144
N           -1.92205797531457        0.28080624279447        0.00072137177456
O           -2.79874892966914       -0.58885242872316        0.00678720566873
O           -2.18044624424568        1.48803383767126       -0.01152383288983
N            2.79385777420246        1.41144051052399        0.05075411439361
H            1.37342505476926       -2.91321751325147       -0.01050993787273
H            3.15308070782042       -1.21215792303057       -0.00337064289442
H            0.17617570308607        1.90121610788491        0.00265373311231
H           -1.02756270885521       -2.23920793985856       -0.00267982074793
H            3.74581115026524        1.12643185773587       -0.11323666287084
H            2.56283598246941        2.37976010159012       -0.10379792093482
16
 energy: -492.035499137610 gnorm: 0.007152133245 xtb: 6.7.1 (edcfbbe)
C            1.10582312534101       -1.86110684866837       -0.00458923677151
C            2.11180861779002       -0.90445329595227        0.00272269765737
C            1.80313960348033        0.47268575313135        0.01455639475535
C            0.45206836176866        0.85364767660442        0.00643981485933
C           -0.52184426980471       -0.13680362474469        0.00002990259291
C           -0.23842280760434       -1.50032476583422       -0.00280879408687
N           -1.92784398938669        0.28288625734060       -0.00629702380723
O           -2.80237362877827       -0.58755018756376        0.00717584615806
O           -2.18386749135492        1.48964609833636       -0.00807224217311
N            2.79558298708124        1.41259202163668        0.06816502867331
H            1.37544288309825       -2.91303183449682       -0.01259783864623
H            3.15440885020789       -1.21230056397360        0.00134387378009
H            0.17805499109311        1.90221183331454        0.00755770100250
H           -1.02596332368976       -2.24185925597650       -0.00677490553741
H            3.74285754582535        1.12661772712863       -0.12717357601993
H            2.56428741768128        2.37662857702728       -0.11891812461125
16
 energy: -492.035611103334 gnorm: 0.015053048719 xtb: 6.7.1 (edcfbbe)
C            1.10781802748804       -1.86021193957115       -0.00586269346721
C            2.11338483075426       -0.90377791668561        0.00888184591986
C            1.80363904088367        0.47192877596903        0.02655062161300
C            0.45240659898613        0.85414976726436        0.01507361658922
C           -0.51602965975733       -0.13804778407217        0.00371174819285
C           -0.23783884850449       -1.49970061315235       -0.00550761345609
N           -1.93554800821673        0.28623519398510        0.00087662655478
O           -2.80529178399412       -0.58526106206185       -0.00415260184673
O           -2.18766837637274        1.49070734074477       -0.01306004941036
N            2.79821546070879        1.41423191476534        0.10449820101168
H            1.37839715326640       -2.91158561609713       -0.01731893557959
H            3.15530431067785       -1.21153469859190        0.00959052103022
H            0.18030659503014        1.90259597606676        0.01979267204674
H           -1.02270447693373       -2.24331871681243       -0.01440515509418
H            3.73386624450613        1.12567056479598       -0.15758986269843
H            2.56490050230852        2.36740444328945       -0.15032013353033
16
 energy: -492.035750194937 gnorm: 0.009178684621 xtb: 6.7.1 (edcfbbe)
C            1.10793497767038       -1.85991701633384       -0.00522485246305
C            2.11247523308769       -0.90310632348753        0.00860323613637
C            1.80356825820928        0.47215370849110        0.02492434668903
C            0.45303086137201        0.85353831354265        0.01428470521175
C           -0.51790051045896       -0.13690969476152        0.00213948773927
C           -0.23643413993935       -1.49840791003808       -0.00566551973696
N           -1.93215641665969        0.28533955401630       -0.00419150715079
O           -2.80160164885747       -0.58540405803138       -0.00066016534853
O           -2.18472916971795        1.48927702782981       -0.01041752496084
N            2.79789424003057        1.41418690959557        0.10485759378795
H            1.37746961921250       -2.91088971964370       -0.01666554322417
H            3.15399933680302       -1.21047862157090        0.00988361988375
H            0.17901734373886        1.90127338538348        0.01947703800731
H           -1.02277421939251       -2.24012498597265       -0.01459005299330
H            3.73023841490746        1.12510239556728       -0.15697373953153
H            2.56312549059845        2.36385263401946       -0.14902231373832
16
 energy: -492.035863690233 gnorm: 0.006680466522 xtb: 6.7.1 (edcfbbe)
C            1.10859691838410       -1.85941213127964       -0.00516615995568
C            2.11189199070963       -0.90174650398145        0.01231104970897
C            1.80354637846703        0.47246875265812        0.03123899545361
C            0.45428567780864        0.85313963574993        0.01841122045851
C           -0.51942440258662       -0.13536336486716        0.00190732701860
C           -0.23428961396212       -1.49655454194434       -0.00730490027726
N           -1.92835351975854        0.28490249018506       -0.00752215124187
O           -2.79699227245868       -0.58545709395128       -0.00215705303881
O           -2.18067533501551        1.48815515053271       -0.00927256520260
N            2.79898692896341        1.41562665828729        0.12076537103734
H            1.37688638986594       -2.90999515056845       -0.01846178320103
H            3.15317399312976       -1.20847875603196        0.01435612518560
H            0.17796400442008        1.90012823600322        0.02534705447081
H           -1.02247620617935       -2.23611101997808       -0.01917316545397
H            3.72074408288799        1.12328644061746       -0.17137198315998
H            2.55929206601540        2.35489678824257       -0.16314895601124
16
 energy: -492.035909534991 gnorm: 0.003448333630 xtb: 6.7.1 (edcfbbe)
C            1.10874155072798       -1.85928327943728       -0.00500525117616
C            2.11190284849566       -0.90097671730598        0.01571956508824
C            1.80334193412560        0.47270281424549        0.03620810422474
C            0.45513786369945        0.85335524490395        0.02269313998494
C           -0.52085323538928       -0.13424582103918        0.00347244955687
C           -0.23337870284467       -1.49588131744179       -0.00843806936694
N           -1.92501883275989        0.28440122505983       -0.00591419146877
O           -2.79474696580506       -0.58603983646718       -0.00641684130300
O           -2.17808158442326        1.48831356176485       -0.01060407875541
N            2.80040076300519        1.41746917324300        0.12837998294985
H            1.37648227449958       -2.91003895523662       -0.02031373425201
H            3.15353478702135       -1.20738033770263        0.01797899107494
H            0.17797506089267        1.90036131839280        0.03062898428731
H           -1.02278097565744       -2.23448539541584       -0.02306079966144
H            3.71447004581704        1.12193244232888       -0.18158504067770
H            2.55602974289669        2.34928148557430       -0.17298507933010
16
 energy: -492.035920255216 gnorm: 0.002258846405 xtb: 6.7.1 (edcfbbe)
C            1.10884778219348       -1.85920299609213       -0.00459635279428
C            2.11243226807906       -0.90082767376581        0.01885467895228
C            1.80325434661941        0.47263237002364        0.04045327712275
C            0.45540100868387        0.85376742696918        0.02684587285322
C           -0.52070390287979       -0.13411686087355        0.00492823698060
C           -0.23338444815791       -1.49598429786130       -0.00918328527955
N           -1.92460969020125        0.28452381288612       -0.00640445985025
O           -2.79530303335048       -0.58599879306437       -0.00971874842360
O           -2.17822477164406        1.48911118655177       -0.01076623349478
N            2.80168050981285        1.41883229877855        0.13292298281957
H            1.37682106418056       -2.91015895325131       -0.02188061699552
H            3.15434129479316       -1.20722650431646        0.02129795251040
H            0.17896494774528        1.90113277125715        0.03544650784177
H           -1.02252204242685       -2.23502083577260       -0.02662799370871
H            3.71183190978031        1.12098615008215       -0.18993346860467
H            2.55432888439376        2.34703651084395       -0.18088048400906
16
 energy: -492.035923854387 gnorm: 0.001471643793 xtb: 6.7.1 (edcfbbe)
C            1.10865567564127       -1.85923419361677       -0.00424446549246
C            2.11273137898356       -0.90100135601398        0.01985049846069
C            1.80306842883565        0.47252468665563        0.04082972261334
C            0.45529642007836        0.85404064045432        0.02849199524018
C           -0.52076998159373       -0.13415361127469        0.00610456112086
C           -0.23373599137458       -1.49629979532515       -0.00922874590319
N           -1.92413840720237        0.28443104334197       -0.00569449952009
O           -2.79609370864128       -0.58593193827866       -0.01161367947370
O           -2.17865329804471        1.48959871094390       -0.01122365520174
N            2.80219967245299        1.41945248843949        0.12885460809334
H            1.37695773992957       -2.91034430314298       -0.02190593060568
H            3.15482061837544       -1.20752322954814        0.02237893946381
H            0.17975743808495        1.90173049614381        0.03750331649813
H           -1.02243465327686       -2.23586410250270       -0.02801675059943
H            3.71208209260999        1.12048619785314       -0.19044068916544
H            2.55341257155227        2.34757388305404       -0.18088742020190
16
 energy: -492.035925028768 gnorm: 0.000670811938 xtb: 6.7.1 (edcfbbe)
C            1.10882453506997       -1.85912627903043       -0.00402140024070
C            2.11274985685363       -0.90098122283364        0.02024383714867
C            1.80312403846892        0.47245401535690        0.04100032382161
C            0.45525271895433        0.85396309922344        0.02902092099372
C           -0.52031891572016       -0.13426312498425        0.00605369081762
C           -0.23363828067405       -1.49617173285789       -0.00946793956995
N           -1.92466604029179        0.28471529499683       -0.00653436283408
O           -2.79617994147409       -0.58548790214471       -0.01180385118421
O           -2.17887577773657        1.48944816612238       -0.01063663564438
N            2.80213363530249        1.41931329273188        0.12938909158437
H            1.37719826964243       -2.91009373885128       -0.02165566811759
H            3.15465932693620       -1.20753145492430        0.02316167992676
H            0.17989628170987        1.90155901716742        0.03866169175590
H           -1.02202784194529       -2.23589742916107       -0.02888802686069
H            3.71190092495147        1.12014832517131       -0.19184569408376
H            2.55312312372913        2.34743728380805       -0.18191990484969
16
 energy: -492.035925028768 gnorm: 0.000670811938 xtb: 6.7.1 (edcfbbe)
C            1.10882453506997       -1.85912627903043       -0.00402140024070
C            2.11274985685363       -0.90098122283364        0.02024383714867
C            1.80312403846892        0.47245401535690        0.04100032382161
C            0.45525271895433        0.85396309922344        0.02902092099372
C           -0.52031891572016       -0.13426312498425        0.00605369081762
C           -0.23363828067405       -1.49617173285789       -0.00946793956995
N           -1.92466604029179        0.28471529499683       -0.00653436283408
O           -2.79617994147409       -0.58548790214471       -0.01180385118421
O           -2.17887577773657        1.48944816612238       -0.01063663564438
N            2.80213363530249        1.41931329273188        0.12938909158437
H            1.37719826964243       -2.91009373885128       -0.02165566811759
H            3.15465932693620       -1.20753145492430        0.02316167992676
H            0.17989628170987        1.90155901716742        0.03866169175590
H           -1.02202784194529       -2.23589742916107       -0.02888802686069
H            3.71190092495147        1.12014832517131       -0.19184569408376
H            2.55312312372913        2.34743728380805       -0.18191990484969
