22
 energy: -46.978354932893 gnorm: 0.025335937342 xtb: 6.7.1 (edcfbbe)
C           -3.54695021198091        0.00197194911406       -0.00237658804223
C           -2.86141138872858        0.85782140879397        0.85198804600217
C           -1.47363828877414        0.84275012266187        0.83919571845673
C           -0.73931397049945       -0.00050960865370        0.00012520689230
C           -1.47361885386599       -0.84256979783136       -0.84015576571921
C           -2.86139102976012       -0.85516677225486       -0.85544033400729
Cl          -0.60487607973334       -1.92275472492055       -1.91505576994379
C            0.73931888191413       -0.00131242460529        0.00101072144363
C            1.47444590490596        0.84107324029330       -0.83824189453320
C            2.86222842953909        0.85437516512814       -0.85148851685985
C            3.54695697248714       -0.00238830783512        0.00261065859892
C            2.86058672064213       -0.85864163838555        0.85591017287244
C            1.47282195956659       -0.84427818539754        0.84107617242564
Cl           0.60302705354093       -1.92337422287629        1.91621915701664
Cl           0.60677377949397        1.92087576891075       -1.91439872532859
Cl          -0.60491490811715        1.92143029102445        1.91562867014012
H           -4.63155260121327        0.00300198099952       -0.00341088250625
H           -3.39625877662884        1.52543702991955        1.51688601274557
H           -3.39622423705128       -1.52179723036160       -1.52132987505782
H            3.39769570465249        1.52131128492039       -1.51656480437227
H            4.63155977224756       -0.00278698338676        0.00324383739469
H            3.39480047939726       -1.52597255936693        1.52159931920509
22
 energy: -46.979456758579 gnorm: 0.015033651122 xtb: 6.7.1 (edcfbbe)
C           -3.53600124543490        0.00192274173115       -0.00233530767153
C           -2.85026185596251        0.85396816990318        0.84818670873784
C           -1.46650498814972        0.84120863373593        0.83764897887205
C           -0.73924768718435       -0.00043796691729        0.00006953870305
C           -1.46647752426426       -0.84094610322999       -0.83867239089513
C           -2.85023503541666       -0.85136102721057       -0.85159519392117
Cl          -0.59145313283138       -1.91249483984468       -1.90498048550466
C            0.73925281332354       -0.00127016359217        0.00099520433398
C            1.46733116522162        0.83951619290229       -0.83673995925953
C            2.85109672531206        0.85054404576026       -0.84767087707960
C            3.53600782820752       -0.00240604123402        0.00261173388560
C            2.84941257622532       -0.85481332374288        0.85208193980009
C            1.46566235277512       -0.84266592577162        0.83955266226074
Cl           0.58958976288369       -1.91312048739207        1.90609982210529
Cl           0.59338238012552        1.91068494555786       -1.90431536908475
Cl          -0.59150875493873        1.91124450572619        1.90550228057955
H           -4.61551101904262        0.00290954180448       -0.00333724131004
H           -3.37987628118618        1.51958606007270        1.51083010460519
H           -3.37983214649012       -1.51605778146186       -1.51517500985442
H            3.38134792712142        1.51550323289446       -1.51046508378098
H            4.61551816557346       -0.00282758845359        0.00325056478297
H            3.37837328616632       -1.52019103534734        1.51548791651889
22
 energy: -46.979727040698 gnorm: 0.007345399193 xtb: 6.7.1 (edcfbbe)
C           -3.52851906326531        0.00186238720837       -0.00228385988210
C           -2.84258967845752        0.85285047001707        0.84700027847990
C           -1.45996816411968        0.84237190409684        0.83874876930843
C           -0.73942862515776       -0.00037362177897        0.00002403950443
C           -1.45992629377373       -0.84204178274690       -0.83981540777239
C           -2.84254912849783       -0.85029456453930       -0.85036097511724
Cl          -0.58052556749395       -1.90565494166156       -1.89842884693660
C            0.73943393932920       -0.00122047526424        0.00096783457442
C            1.46082375482029        0.84067929469590       -0.83788130720202
C            2.84345307646348        0.84944722479095       -0.84646442495064
C            3.52852551534157       -0.00243317405351        0.00261634278754
C            2.84169796084027       -0.85372689744766        0.85086676840083
C            1.45908191424824       -0.84376344467602        0.84065272736659
Cl           0.57861615860575       -1.90629678845144        1.89946655033187
Cl           0.58253524831972        1.90397215647560       -1.89773895546312
Cl          -0.58061530183833        1.90454998671940        1.89884257503652
H           -4.60535848218949        0.00278095303256       -0.00323019135501
H           -3.36892895226773        1.51816531869540        1.50925955319311
H           -3.36886096044966       -1.51475699582811       -1.51349864550554
H            3.37045402286766        1.51412103807980       -1.50884136278588
H            4.60536548847370       -0.00288985562778        0.00326500119406
H            3.36734845023528       -1.51885240584594        1.51386407361626
22
 energy: -46.979770848118 gnorm: 0.002944240848 xtb: 6.7.1 (edcfbbe)
C           -3.52659033707865        0.00180845384437       -0.00223689421471
C           -2.84102421217332        0.85316120723640        0.84729550482247
C           -1.45778499222566        0.84377067904594        0.84008511570965
C           -0.73970542532927       -0.00032584844590       -0.00000871570989
C           -1.45772978997361       -0.84338369417502       -0.84118918586906
C           -2.84097008906920       -0.85064928815828       -0.85061544842666
Cl          -0.57769641510395       -1.90408076086487       -1.89698401252616
C            0.73971085733771       -0.00117807483224        0.00094260765790
C            1.45866544719764        0.84207651784138       -0.83925422551304
C            2.84191176257485        0.84977187860568       -0.84674066278135
C            3.52659670202494       -0.00245951744387        0.00262152248521
C            2.84009470110293       -0.85406722781778        0.85114060011793
C            1.45686065475622       -0.84510566734388        0.84199118389042
Cl           0.57573588846466       -1.90473332572865        1.89795104964248
Cl           0.57978868649275        1.90250655753549       -1.89627812916000
Cl          -0.57781738424964        1.90309486259649        1.89731165607868
H           -4.60343408511579        0.00268110607393       -0.00314644984447
H           -3.36718875318959        1.51886382098405        1.50988205256444
H           -3.36709615763880       -1.51553633414964       -1.51405194566660
H            3.36875846278647        1.51483852625325       -1.50942371605740
H            4.60344089439698       -0.00294505905938        0.00328155065650
H            3.36553889604649       -1.51961302610702        1.51445707896707
22
 energy: -46.979779850966 gnorm: 0.000378040110 xtb: 6.7.1 (edcfbbe)
C           -3.52627786358482        0.00175888406709       -0.00219432413749
C           -2.84119403049919        0.85350034100613        0.84762555212226
C           -1.45729278427341        0.84461863839340        0.84085792381487
C           -0.73996158098689       -0.00028133727791       -0.00003845725847
C           -1.45722439872493       -0.84417985033858       -0.84199508966212
C           -2.84112623708810       -0.85102991550979       -0.85090779224600
Cl          -0.57771695739292       -1.90389618344796       -1.89687856347575
C            0.73996711858655       -0.00113586342684        0.00091677558105
C            1.45819706866436        0.84292530690041       -0.84006012409954
C            2.84210518220839        0.85012288467158       -0.84705132100872
C            3.52628414680095       -0.00248609760305        0.00262825104343
C            2.84022720318929       -0.85443634122621        0.85145189278654
C            1.45633152238317       -0.84590186806424        0.84276306679463
Cl           0.57570216586562       -1.90456051343810        1.89777386355277
Cl           0.57989457692991        1.90243252056894       -1.89615477231169
Cl          -0.57786880258844        1.90303335884665        1.89711605312821
H           -4.60360326702327        0.00258324133729       -0.00306400911466
H           -3.36796692342036        1.51940454718708        1.51041505413441
H           -3.36784905762270       -1.51615449617104       -1.51451972920645
H            3.36958008005780        1.51539499826380       -1.50991695609393
H            4.60360987434792       -0.00300101647383        0.00329882010790
H            3.36624827620524       -1.52021545237439        1.51496442237219
22
 energy: -46.979780212432 gnorm: 0.000142386672 xtb: 6.7.1 (edcfbbe)
C           -3.52650519048853        0.00171929185644       -0.00216027909279
C           -2.84161773482885        0.85354872706813        0.84768397796448
C           -1.45755634200254        0.84470364949398        0.84088050260461
C           -0.74005439008386       -0.00024625151012       -0.00006210299376
C           -1.45747808382438       -0.84422326609803       -0.84204526222907
C           -2.84153970196463       -0.85111155269794       -0.85093629996630
Cl          -0.57851958399625       -1.90408365907670       -1.89708058455029
C            0.74006000026039       -0.00110294428726        0.00089680866203
C            1.45847822944919        0.84300911945743       -0.84010923530786
C            2.84254678763184        0.85018025424844       -0.84709430043112
C            3.52651139133346       -0.00250718505678        0.00263336369056
C            2.84062270815923       -0.85450873941617        0.85149605701088
C            1.45656767737574       -0.84594582540524        0.84278731713192
Cl           0.57646314839578       -1.90475783691858        1.89792100620332
Cl           0.58076213578592        1.90270504810202       -1.89634169220606
Cl          -0.57869447727636        1.90331551243921        1.89724837632678
H           -4.60404500548530        0.00251056998603       -0.00300314041198
H           -3.36879624891692        1.51938029288774        1.51041165002063
H           -3.36865948105739       -1.51618949006675       -1.51446706079096
H            3.37044219689193        1.51538249137518       -1.50988299165164
H            4.60405147034817       -0.00304364419966        0.00331231413781
H            3.36702580632753       -1.52023877629093        1.51494211270223
22
 energy: -46.979780238084 gnorm: 0.000031539872 xtb: 6.7.1 (edcfbbe)
C           -3.52649595186884        0.00169733086695       -0.00214162558019
C           -2.84158879567995        0.85353224064062        0.84766729660654
C           -1.45756109429532        0.84468603203954        0.84082227566723
C           -0.74004936663145       -0.00022496933383       -0.00007663267698
C           -1.45747708841602       -0.84418028872190       -0.84200419394612
C           -2.84150482283718       -0.85111327262225       -0.85090331437404
Cl          -0.57852073579345       -1.90403720563727       -1.89703531067760
C            0.74005502389810       -0.00108356424443        0.00088519376648
C            1.45849332113045        0.84299080750346       -0.84006646403492
C            2.84252852304951        0.85016889604901       -0.84706908970573
C            3.52650212043929       -0.00251923024059        0.00263653422506
C            2.84057713453012       -0.85450546765946        0.85147143690500
C            1.45655640078992       -0.84590400301996        0.84273029857274
Cl           0.57644071584300       -1.90471675860166        1.89784437715572
Cl           0.58080014041536        1.90270735604964       -1.89628791897090
Cl          -0.57870882614268        1.90332343100534        1.89716311547593
H           -4.60399320420202        0.00246651155268       -0.00296619421944
H           -3.36876634450053        1.51931791697082        1.51035421720116
H           -3.36861870915074       -1.51616417865345       -1.51437836909422
H            3.37043178336483        1.51532823334309       -1.50980704578958
H            4.60399959879069       -0.00306884070579        0.00331990719099
H            3.36696548930105       -1.52020519069012        1.51487204312631
