----------------------------------------------- 
  Element       SASA      Sigma Z        Total  
     Z         Ang**2 cal/Ang**2/mol   kcal/mol 
----------------------------------------------- 
      H         58.737      48.690       2.860
      C         10.342     129.740       1.342
      O         16.303       0.000       0.000
      F         64.267      38.180       2.454

 Subtotal:     149.649                   6.655
 -----------------------------------------------

  Elements    COT*SASA   Sigma Z,Z'     Total   
    Z,Z'       Ang**2  cal/Ang**2/mol kcal/mol  
 ---------------------------------------------- 
  H   C         31.242     -60.770      -1.899
  H   O          8.817       0.000       0.000
  C   C          7.118     -72.950      -0.519
  O   C          0.699      68.690       0.048

 Subtotal:                              -2.370
 ---------------------------------------------- 

 NONAQUEOUS SOLVENT CONTRIBUTION (kcal/mol):
 (proportional to SASA, atomic number independent)
 ---------------------------------------------- 
 Subtotal:                               0.000
 ---------------------------------------------- 

 CDS TOTAL (kcal/mol):                   4.286
...............................................................................
