9
 energy: -13.832770961985 gnorm: 0.028744648912 xtb: 6.7.1 (edcfbbe)
C           -1.44651250413815       -0.09120710680247       -0.00009985115463
C            0.05060526542524        0.06857438417715       -0.00015729535991
O            0.60054430122031        1.18388919826188        0.00028416308704
N            0.76046715389668       -1.07546558991791       -0.00013258767860
H           -1.76884184602567       -0.65684228940598       -0.88032959819690
H           -1.76894604636790       -0.64854843319013        0.88541527383933
H           -1.92168025333563        0.88947438864661       -0.00451192029478
H            1.76898824155539       -1.04073064249252        0.00051613414824
H            0.29881803714920       -1.97159481702428       -0.00043439501497
9
 energy: -13.833251897223 gnorm: 0.009014601323 xtb: 6.7.1 (edcfbbe)
C           -1.44534405538704       -0.09633228113821       -0.00007627447077
C            0.05028604571274        0.06957234693539        0.00002613762053
O            0.59882537799657        1.17266129220347        0.00027087207697
N            0.75365834711090       -1.07085923112527       -0.00010534082885
H           -1.75897737105121       -0.65393778967773       -0.88139415849429
H           -1.75932182206391       -0.64567522189985        0.88633768973528
H           -1.91707013443140        0.88162449575304       -0.00449984784162
H            1.75999026713164       -1.03532585747977        0.00026122861942
H            0.29139569436118       -1.96417866131871       -0.00027038304186
9
 energy: -13.833294492481 gnorm: 0.002326844452 xtb: 6.7.1 (edcfbbe)
C           -1.44583206454625       -0.09835088353666       -0.00007498572849
C            0.05199813782108        0.07216427200901       -0.00015025257532
O            0.60113380953188        1.17095753755532        0.00022776390820
N            0.75109672499666       -1.07001061909729       -0.00012566093129
H           -1.75518491357182       -0.65335292791608       -0.88164876244941
H           -1.75544933474314       -0.64530397863748        0.88647230828035
H           -1.91913018357646        0.87825998712856       -0.00434666916515
H            1.75694192615450       -1.03470679909207        0.00036127337871
H            0.28786824731301       -1.96210749616097       -0.00016509134277
9
 energy: -13.833299166056 gnorm: 0.000710090846 xtb: 6.7.1 (edcfbbe)
C           -1.44629582431469       -0.09864661358979       -0.00006940048513
C            0.05287153118053        0.07347693325795        0.00003127271276
O            0.60238906072190        1.17161629165316        0.00017929502573
N            0.75026524778079       -1.07032511417078       -0.00009116801188
H           -1.75366224285591       -0.65350322785808       -0.88202767637154
H           -1.75408128251079       -0.64553252699628        0.88674866096340
H           -1.92097181795844        0.87759676719137       -0.00434909553376
H            1.75621124423340       -1.03498374153629        0.00016613216429
H            0.28671643310269       -1.96214967569890       -0.00003809708907
9
 energy: -13.833299656143 gnorm: 0.000301053131 xtb: 6.7.1 (edcfbbe)
C           -1.44657231239513       -0.09849124524532       -0.00007632822062
C            0.05336909679164        0.07404851526596       -0.00034415628596
O            0.60302818181140        1.17218601981076        0.00005789595465
N            0.74988472372083       -1.07079271964454       -0.00012430110456
H           -1.75325248614629       -0.65346609533443       -0.88229521148034
H           -1.75339418495587       -0.64588542484622        0.88687293393042
H           -1.92207809270227        0.87756175412299       -0.00407031744361
H            1.75599673255688       -1.03496415494213        0.00049083091204
H            0.28646069069829       -1.96264755693471        0.00003857711280
9
 energy: -13.833299778799 gnorm: 0.000093879116 xtb: 6.7.1 (edcfbbe)
C           -1.44649913794557       -0.09843642653133       -0.00006796814169
C            0.05323190670432        0.07376952653395        0.00013488666808
O            0.60283012016117        1.17195177248520        0.00002751424692
N            0.74997621226539       -1.07078183757454       -0.00004212612314
H           -1.75338167971955       -0.65343620987038       -0.88225492696489
H           -1.75386284457213       -0.64576937474707        0.88676052176168
H           -1.92167083060040        0.87768613577046       -0.00421546749481
H            1.75605816477178       -1.03469491259287        0.00004934838528
H            0.28676043831446       -1.96273958122107        0.00015814103738
9
 energy: -13.833299789065 gnorm: 0.000120669618 xtb: 6.7.1 (edcfbbe)
C           -1.44647736459549       -0.09841888451099       -0.00007689873810
C            0.05315088343592        0.07359888562998       -0.00032202140711
O            0.60275358491769        1.17176879884729       -0.00007020065721
N            0.75000383802479       -1.07079291960682       -0.00008396363010
H           -1.75372469437092       -0.65320293613348       -0.88226063884842
H           -1.75385652432232       -0.64587825326062        0.88667564405855
H           -1.92143361886376        0.87776220638896       -0.00393977770172
H            1.75605762395881       -1.03445202597386        0.00046334124800
H            0.28696862119475       -1.96283577912812        0.00016443905092
