----------------------------------------------- 
  Element       SASA      Sigma Z        Total  
     Z         Ang**2 cal/Ang**2/mol   kcal/mol 
----------------------------------------------- 
      H        194.476      48.690       9.469
      C         36.991     129.740       4.799
      O         20.857       0.000       0.000

 Subtotal:     252.324                  14.268
 -----------------------------------------------

  Elements    COT*SASA   Sigma Z,Z'     Total   
    Z,Z'       Ang**2  cal/Ang**2/mol kcal/mol  
 ---------------------------------------------- 
  H   C        130.613     -60.770      -7.937
  H   O          0.000       0.000       0.000
  C   C         32.350     -72.950      -2.360
  O   C         12.693      68.690       0.872

 Subtotal:                              -9.425
 ---------------------------------------------- 

 NONAQUEOUS SOLVENT CONTRIBUTION (kcal/mol):
 (proportional to SASA, atomic number independent)
 ---------------------------------------------- 
 Subtotal:                               0.000
 ---------------------------------------------- 

 CDS TOTAL (kcal/mol):                   4.843
...............................................................................
