----------------------------------------------- 
  Element       SASA      Sigma Z        Total  
     Z         Ang**2 cal/Ang**2/mol   kcal/mol 
----------------------------------------------- 
      H        130.443      48.690       6.351
      C          8.182     129.740       1.062
      O         88.983       0.000       0.000

 Subtotal:     227.608                   7.413
 -----------------------------------------------

  Elements    COT*SASA   Sigma Z,Z'     Total   
    Z,Z'       Ang**2  cal/Ang**2/mol kcal/mol  
 ---------------------------------------------- 
  H   C         49.880     -60.770      -3.031
  H   O         39.877       0.000       0.000
  C   C          6.342     -72.950      -0.463
  O   C          3.358      68.690       0.231
  O   O          0.000       0.000       0.000

 Subtotal:                              -3.263
 ---------------------------------------------- 

 NONAQUEOUS SOLVENT CONTRIBUTION (kcal/mol):
 (proportional to SASA, atomic number independent)
 ---------------------------------------------- 
 Subtotal:                               0.000
 ---------------------------------------------- 

 CDS TOTAL (kcal/mol):                   4.150
...............................................................................
