----------------------------------------------- 
  Element       SASA      Sigma Z        Total  
     Z         Ang**2 cal/Ang**2/mol   kcal/mol 
----------------------------------------------- 
      H        121.989      48.690       5.940
      C         21.625     129.740       2.806
      O         16.350       0.000       0.000

 Subtotal:     159.964                   8.745
 -----------------------------------------------

  Elements    COT*SASA   Sigma Z,Z'     Total   
    Z,Z'       Ang**2  cal/Ang**2/mol kcal/mol  
 ---------------------------------------------- 
  H   C         73.613     -60.770      -4.473
  H   O          8.869       0.000       0.000
  C   C         26.290     -72.950      -1.918
  O   C          0.000      68.690       0.000

 Subtotal:                              -6.391
 ---------------------------------------------- 

 NONAQUEOUS SOLVENT CONTRIBUTION (kcal/mol):
 (proportional to SASA, atomic number independent)
 ---------------------------------------------- 
 Subtotal:                               0.000
 ---------------------------------------------- 

 CDS TOTAL (kcal/mol):                   2.354
...............................................................................
