----------------------------------------------- 
  Element       SASA      Sigma Z        Total  
     Z         Ang**2 cal/Ang**2/mol   kcal/mol 
----------------------------------------------- 
      H        158.925      48.690       7.738
      C         32.160     129.740       4.172
      O         22.831       0.000       0.000

 Subtotal:     213.917                  11.911
 -----------------------------------------------

  Elements    COT*SASA   Sigma Z,Z'     Total   
    Z,Z'       Ang**2  cal/Ang**2/mol kcal/mol  
 ---------------------------------------------- 
  H   C        106.718     -60.770      -6.485
  H   O          0.000       0.000       0.000
  C   C         34.247     -72.950      -2.498
  O   C         13.883      68.690       0.954

 Subtotal:                              -8.030
 ---------------------------------------------- 

 NONAQUEOUS SOLVENT CONTRIBUTION (kcal/mol):
 (proportional to SASA, atomic number independent)
 ---------------------------------------------- 
 Subtotal:                               0.000
 ---------------------------------------------- 

 CDS TOTAL (kcal/mol):                   3.881
...............................................................................
