
         ______________________________________________________________
        |                                                              |
        |                                                              |
        |                   CENSO - Commandline ENSO                   |
        |                           v 2.1.2                            |
        |    energetic sorting of CREST Conformer Rotamer Ensembles    |
        |                    University of Bonn, MCTC                  |
        |                           Oct 2024                           |
        |                 based on ENSO version 2.0.1                  |
        |             L. M. Seidler, F. Bohle and S. Grimme            |
        |                                                              |
        |______________________________________________________________|

        Please cite:
        (TBA)
        S. Grimme, F. Bohle, A. Hansen, P. Pracht, S. Spicher, and M. Stahn
        J. Phys. Chem. A 2021, 125, 19, 4039-4054.
        DOI: https://doi.org/10.1021/acs.jpca.1c00971

        This program is distributed in the hope that it will be useful,
        but WITHOUT ANY WARRANTY; without even the implied warranty of
        MERCHANTABILITY or FITNESS FOR A PARTICULAR PURPOSE.

Reading configuration file from /home/z5358697/.censo2rc.
CALL: /srv/scratch/z5358697/.censo/bin/censo -i crest_conformers.xyz --maxcores 3 -O 1 --loglevel DEBUG
Read 3 conformers.
Number of atoms:              24
Charge:                       0
Unpaired electrons:           0


----------------------------------------------------------------------------------------------------
                                          GENERAL SETTINGS                                          
----------------------------------------------------------------------------------------------------
    
imagthr:                      -100.0
sthr:                         0.0
scale:                        1.0
temperature:                  298.15
solvent:                      h2o
sm_rrho:                      alpb
multitemp:                    False
evaluate_rrho:                False
consider_sym:                 False
bhess:                        False
rmsdbias:                     False
balance:                      False
gas-phase:                    False
copy_mo:                      True
retry_failed:                 True
trange:                       [273.15, 373.15, 5]



----------------------------------------------------------------------------------------------------
                                            PRESCREENING                                            
----------------------------------------------------------------------------------------------------
    
threshold:                    4.0
func:                         pbe-d4
basis:                        def2-sv(p)
prog:                         orca
gfnv:                         gfn2
run:                          True
template:                     False


Running xtb_gsolv calculation for CONF1.
Running xtb_gsolv calculation for CONF3.
Running xtb_gsolv calculation for CONF2.
Running sp calculation for CONF1.
Running sp calculation for CONF2.
Running sp calculation for CONF3.



-------------------------------- PRESCREENING SINGLE-POINT RESULTS ---------------------------------

CONF#        E (xTB)          ΔE (xTB)          E (DFT)          ΔE (DFT)        ΔGsolv (xTB)          Gtot             ΔGtot          Boltzmann weight   
               [Eh]          [kcal/mol]          [Eh]           [kcal/mol]        [kcal/mol]           [Eh]           [kcal/mol]        % at 298.15 K     
CONF1       -31.807643          0.00          -463.481374          0.00            0.015023         -463.481350          0.00               60.02         
CONF2       -31.805797          1.16          -463.480810          0.35           -0.074660         -463.480929          0.26               38.41         
CONF3       -31.804040          2.26          -463.477852          2.21           -0.036113         -463.477910          2.16                1.57         

Boltzmann averaged free energy/enthalpy of ensemble on input geometries (not DFT optimized):
temperature /K:   avE(T) /a.u.   avG(T) /a.u.
    298.15        -463.4811023    -463.4811345     <<==part0==
----------------------------------------------------------------------------------------------------

Number of conformers:         3
Highest ranked conformer:     CONF1


Ran prescreening in 11.82 seconds!

----------------------------------------------------------------------------------------------------
                                             SCREENING                                              
----------------------------------------------------------------------------------------------------
    
threshold:                    3.5
func:                         r2scan-3c
basis:                        def2-tzvp
prog:                         orca
sm:                           smd
gfnv:                         gfn2
run:                          True
implicit:                     False
template:                     False


Running gsolv calculation for CONF2.
Running gsolv calculation for CONF3.
Running gsolv calculation for CONF1.

----------------------------- SCREENING SINGLE-POINT (+ mRRHO) RESULTS -----------------------------

CONF#        G (xTB)          ΔG (xTB)          E (DFT)          ΔGsolv         GmRRHO          Gtot             ΔGtot          Boltzmann weight   
               [Eh]          [kcal/mol]          [Eh]             [Eh]           [Eh]           [Eh]           [kcal/mol]        % at 298.15 K     
CONF1       -31.807619          ---           -464.384325       -0.003103        ---         -464.387428          0.00               63.77         
CONF2       -31.805916          ---           -464.383630       -0.003222        ---         -464.386852          0.36               34.67         
CONF3       -31.804098          ---           -464.380606       -0.003320        ---         -464.383925          2.20                1.56         

Boltzmann averaged free energy/enthalpy of ensemble on input geometries (not DFT optimized):
temperature /K:   avE(T) /a.u.   avG(T) /a.u.
    298.15        -464.3840263    -464.3871738     <<==part1==
----------------------------------------------------------------------------------------------------


----------------------------------- SCREENING RANKING COMPARISON -----------------------------------

CONF#       ΔGtot prescreening       ΔGtot screening   
                [kcal/mol]             [kcal/mol]      
CONF1              0.00                   0.00         
CONF2              0.26                   0.36         
CONF3              2.16                   2.20         
----------------------------------------------------------------------------------------------------



Number of conformers:         3
Highest ranked conformer:     CONF1


Ran screening in 70.81 seconds!

----------------------------------------------------------------------------------------------------
                                            OPTIMIZATION                                            
----------------------------------------------------------------------------------------------------
    
optcycles:                    8
maxcyc:                       200
threshold:                    1.5
hlow:                         0.01
gradthr:                      0.01
func:                         r2scan-3c
basis:                        def2-tzvp
prog:                         orca
sm:                           smd
gfnv:                         gfn2
optlevel:                     normal
run:                          True
macrocycles:                  True
crestcheck:                   True
template:                     False
constrain:                    False
xtb_opt:                      True


Optimization using macrocycles, 8 microcycles per step.
Running xtb_opt calculation for CONF2.
Running xtb_opt calculation for CONF1.
Running xtb_opt calculation for CONF3.
Running xtb_rrho calculation for CONF3.
Running xtb_rrho calculation for CONF2.
Running xtb_rrho calculation for CONF1.
CONF1 converged after 5 steps.
CONF2 converged after 3 steps.

----------------------------------- OPTIMIZATION CYCLE 8 UPDATE ------------------------------------

CONF#          Gtot             ΔGtot          grad_norm       converged   
               [Eh]           [kcal/mol]        [Eh/a0]                    
CONF1       -464.225221          0.00          0.000393          True      
CONF2       -464.224501          0.45          0.000358          True      
CONF3       -464.222980          1.41          0.013668          False     
----------------------------------------------------------------------------------------------------
Running xtb_opt calculation for CONF3.

----------------------------------- OPTIMIZATION CYCLE 16 UPDATE -----------------------------------

CONF#          Gtot             ΔGtot          grad_norm       converged   
               [Eh]           [kcal/mol]        [Eh/a0]                    
CONF1       -464.225221          0.00          0.000393          True      
CONF2       -464.224501          0.45          0.000358          True      
CONF3       -464.224682          0.34          0.004495          False     
----------------------------------------------------------------------------------------------------
Running xtb_opt calculation for CONF3.
CONF3 converged after 40 steps.

----------------------------------- OPTIMIZATION CYCLE 24 UPDATE -----------------------------------

CONF#          Gtot             ΔGtot          grad_norm       converged   
               [Eh]           [kcal/mol]        [Eh/a0]                    
CONF1       -464.225221          0.00          0.000393          True      
CONF2       -464.224501          0.45          0.000358          True      
CONF3       -464.224830          0.25          0.000249          True      
----------------------------------------------------------------------------------------------------
Running xtb_rrho calculation for CONF1.
Running xtb_rrho calculation for CONF2.
Running xtb_rrho calculation for CONF3.

--------------------------------------- OPTIMIZATION RESULTS ---------------------------------------

CONF#       E (DFT) (+ ΔGsolv)       ΔE (DFT) (+ δΔGsolv)       GmRRHO          Gtot             ΔGtot          Boltzmann weight   
                   [Eh]                   [kcal/mol]             [Eh]           [Eh]           [kcal/mol]        % at 298.15 K     
CONF1          -464.388573                   0.00                ---         -464.225221          0.00               51.35         
CONF2          -464.387985                   0.37                ---         -464.224501          0.45               23.94         
CONF3          -464.388018                   0.35                ---         -464.224530          0.43               24.70         

Boltzmann averaged free energy/enthalpy of ensemble on optimized geometries:
temperature /K:   avE(T) /a.u.   avG(T) /a.u.
    298.15        -464.3882947    -464.2248783     <<==part2==
----------------------------------------------------------------------------------------------------


--------------------------------------- OPTIMIZATION RESULTS ---------------------------------------

CONF#       E (DFT) (+ ΔGsolv)       ΔE (DFT) (+ δΔGsolv)       GmRRHO          Gtot             ΔGtot          Boltzmann weight   
                   [Eh]                   [kcal/mol]             [Eh]           [Eh]           [kcal/mol]        % at 298.15 K     
CONF1          -464.388573                   0.00                ---         -464.225221          0.00               51.35         
CONF2          -464.387985                   0.37                ---         -464.224501          0.45               23.94         
CONF3          -464.388018                   0.35                ---         -464.224530          0.43               24.70         

Boltzmann averaged free energy/enthalpy of ensemble on optimized geometries:
temperature /K:   avE(T) /a.u.   avG(T) /a.u.
    298.15        -464.3882947    -464.2248783     <<==part2==
----------------------------------------------------------------------------------------------------


--------------------------------- OPTIMIZATION RANKING COMPARISON ----------------------------------

CONF#       ΔGtot prescreening       ΔGtot screening       ΔGtot optimization   
                [kcal/mol]             [kcal/mol]              [kcal/mol]       
CONF1              0.00                   0.00                    0.00          
CONF2              0.26                   0.36                    0.45          
CONF3              2.16                   2.20                    0.43          
----------------------------------------------------------------------------------------------------



Number of conformers:         3
Highest ranked conformer:     CONF1


Ran optimization in 1209.57 seconds!

----------------------------------------------------------------------------------------------------
                                             REFINEMENT                                             
----------------------------------------------------------------------------------------------------
    
threshold:                    0.95
func:                         wb97x-v
basis:                        def2-tzvp
prog:                         orca
sm:                           smd
gfnv:                         gfn2
run:                          True
implicit:                     False
template:                     False


Running gsolv calculation for CONF1.
Running gsolv calculation for CONF2.
Running gsolv calculation for CONF3.
No longer considering CONF1.
No longer considering CONF3.
No longer considering CONF2.

---------------------------- REFINEMENT SINGLE-POINT (+ mRRHO) RESULTS -----------------------------

CONF#         E (DFT)          ΔGsolv         GmRRHO          Gtot             ΔGtot          Boltzmann weight   
               [Eh]             [Eh]           [Eh]           [Eh]           [kcal/mol]        % at 298.15 K     
CONF1       -464.535784       -0.003022        ---         -464.538806          0.00               48.29         
CONF2       -464.535079       -0.003129        ---         -464.538207          0.38               25.60         
CONF3       -464.535092       -0.003134        ---         -464.538225          0.36               26.10         

Boltzmann averaged free energy/enthalpy of ensemble (high level single-points):
temperature /K:   avE(T) /a.u.   avG(T) /a.u.
    298.15        -464.5354227    -464.5385012     <<==part3==
----------------------------------------------------------------------------------------------------


---------------------------------- REFINEMENT RANKING COMPARISON -----------------------------------

CONF#       ΔGtot prescreening       ΔGtot screening       ΔGtot optimization       ΔGtot refinement   
                [kcal/mol]             [kcal/mol]              [kcal/mol]              [kcal/mol]      
CONF1              0.00                   0.00                    0.00                    0.00         
CONF2              0.26                   0.36                    0.45                    0.38         
CONF3              2.16                   2.20                    0.43                    0.36         
----------------------------------------------------------------------------------------------------



Number of conformers:         3
Highest ranked conformer:     CONF1


Ran refinement in 717.22 seconds!

Ran CENSO in 00:33:29

CENSO all done!
