12
 energy: -27.249207855518 gnorm: 0.032481594743 xtb: 6.7.1 (edcfbbe)
C           -1.81437900594980       -0.02013698523692       -0.98500935067907
C           -0.96142638207316        0.32831002836317        0.21653215291064
H           -1.05975273153704        1.39277177283075        0.46848768044311
C            0.52025899968533        0.09808455452579       -0.07121951108074
F            1.28872488615572        0.37660604720073        1.01286014157789
F            0.79068007868656       -1.18183872823994       -0.42155155204580
F            0.95797335866699        0.89053431754303       -1.07981463672585
O           -1.35386432150680       -0.49677434127055        1.31091603935887
H           -1.73280349391800       -1.08485586556118       -1.22112506156473
H           -1.51348954161976        0.56414968532743       -1.85771522725771
H           -2.85709791485032        0.21189369277024       -0.75744895093951
H           -1.02162474552055       -0.10248014631433        2.12892843103707
12
 energy: -27.250219852626 gnorm: 0.016149957078 xtb: 6.7.1 (edcfbbe)
C           -1.81448970870651       -0.01686498697076       -0.98894387457611
C           -0.97109501320718        0.33258490120148        0.22439703034812
H           -1.06898377302277        1.39742726718817        0.47333191934928
C            0.51181173414508        0.09530680932762       -0.07649122715384
F            1.29131735757238        0.36912507568281        0.99381233509162
F            0.79097140313219       -1.17446790820000       -0.42828934124610
F            0.96040270576539        0.88025484587424       -1.07842051557931
O           -1.35726447622305       -0.48391435801641        1.31276211046789
H           -1.71843850632811       -1.07771362052740       -1.21098439597964
H           -1.50179461728949        0.56518302477790       -1.85343067668621
H           -2.85565149346252        0.20025632845963       -0.76519074742041
H           -1.02358642615623       -0.11091334685907        2.14128753841887
12
 energy: -27.250487472542 gnorm: 0.004089514297 xtb: 6.7.1 (edcfbbe)
C           -1.81585508680857       -0.01746106571323       -0.99019853454623
C           -0.97576781951484        0.33536882131016        0.23093066461981
H           -1.06775203690169        1.40301112507820        0.47108166079677
C            0.50919398476102        0.09564136897894       -0.07888761644148
F            1.29570194327513        0.36627011787854        0.98260375059180
F            0.78701365951400       -1.16712968909743       -0.43125550508740
F            0.96122910391309        0.87536644011731       -1.07737479276497
O           -1.36248448602772       -0.47207221060345        1.31047415477005
H           -1.71150726147107       -1.07691479505487       -1.20547589764657
H           -1.49416628593873        0.56502646796507       -1.84717258411776
H           -2.85640784275153        0.19313645221203       -0.77092140978024
H           -1.02599868582993       -0.12397900113308        2.15003626464040
12
 energy: -27.250510288855 gnorm: 0.001910695883 xtb: 6.7.1 (edcfbbe)
C           -1.81511827184901       -0.01789123114274       -0.99000784533405
C           -0.97597674322014        0.33568724705621        0.23274680647971
H           -1.06636874409181        1.40521081970522        0.46771271246950
C            0.50969082760748        0.09538645835869       -0.07900562099420
F            1.29630289854118        0.36586906306156        0.98278230931455
F            0.78497614637799       -1.16712990781555       -0.43214160317891
F            0.95901873519028        0.87654358737698       -1.07736831173459
O           -1.36491315692894       -0.46879770805842        1.31036359786465
H           -1.70960778013331       -1.07770181504840       -1.20474318603163
H           -1.49352839216398        0.56501520901311       -1.84694402013996
H           -2.85605735329716        0.19248522258667       -0.77112786642969
H           -1.02521897981341       -0.12841291315511        2.15157318274880
12
 energy: -27.250520072622 gnorm: 0.001385111315 xtb: 6.7.1 (edcfbbe)
C           -1.81485397643624       -0.01902315665021       -0.98955330456594
C           -0.97606950307713        0.33602879571541        0.23391343909094
H           -1.06396085431220        1.40826424680828        0.46139375091848
C            0.51110068107241        0.09478203412944       -0.07802901611131
F            1.29692146758104        0.36412793600166        0.98609041589377
F            0.78405636353535       -1.16774921266875       -0.43334525936548
F            0.95710272368371        0.87992765318151       -1.07529324765122
O           -1.36999375985204       -0.46281333414124        1.31017272752039
H           -1.70895323432523       -1.07908805981457       -1.20525331223750
H           -1.49528547674214        0.56475290892830       -1.84722897834525
H           -2.85645931685388        0.19110219479871       -0.77043760244582
H           -1.02040592805449       -0.13404797435034        2.15141054233311
12
 energy: -27.250523614455 gnorm: 0.000604180950 xtb: 6.7.1 (edcfbbe)
C           -1.81507813781028       -0.01912094206732       -0.98986853554964
C           -0.97666581830704        0.33639755013662        0.23315155047913
H           -1.06439222703488        1.40833744101831        0.46129942464466
C            0.51029421752695        0.09466815720915       -0.07775827721636
F            1.29566312165359        0.36283993716143        0.98697362733048
F            0.78445433666043       -1.16760966012140       -0.43370192495516
F            0.95815096354680        0.88014578851553       -1.07397804929734
O           -1.37088965144001       -0.46180487961615        1.31073000687747
H           -1.70878552413060       -1.07899768804028       -1.20559800920490
H           -1.49592356718731        0.56470809215653       -1.84758204232879
H           -2.85659939276895        0.19032918600132       -0.77030168404588
H           -1.01702913448954       -0.13362895041554        2.15047406830048
12
 energy: -27.250526692360 gnorm: 0.000436120393 xtb: 6.7.1 (edcfbbe)
C           -1.81565723858296       -0.01958467071307       -0.99035850525209
C           -0.97773683345646        0.33767063080814        0.23201355033913
H           -1.06480166798412        1.40988086180611        0.45913206278453
C            0.50899973596150        0.09445030736613       -0.07683215655785
F            1.29313705634489        0.35938600831506        0.98965846738697
F            0.78361722344558       -1.16720052772001       -0.43481538328274
F            0.95995974057649        0.88121973393328       -1.07051961167854
O           -1.37371787856401       -0.45783767877984        1.31156229284824
H           -1.70741799380241       -1.07916850465895       -1.20594449191326
H           -1.49753803545288        0.56464879781746       -1.84804275615283
H           -2.85747662181535        0.18770794779233       -0.77060273985735
H           -1.00816830045111       -0.13490887402845        2.14858942636995
12
 energy: -27.250527516336 gnorm: 0.000276822721 xtb: 6.7.1 (edcfbbe)
C           -1.81563949267282       -0.02002622849458       -0.99060900497827
C           -0.97815217781061        0.33851565050313        0.23167590939511
H           -1.06514617977426        1.41113423178868        0.45739404708501
C            0.50840607449119        0.09440227160320       -0.07635619164897
F            1.29160962742114        0.35716591017077        0.99137022737486
F            0.78222611845209       -1.16700624579813       -0.43580803369675
F            0.96076497800517        0.88217401697344       -1.06853663086274
O           -1.37535157526047       -0.45519249767450        1.31221447209885
H           -1.70630718850391       -1.07952457171199       -1.20616707258735
H           -1.49845162463651        0.56458128870115       -1.84843162290839
H           -2.85759229720153        0.18613901357212       -0.77055543384442
H           -1.00316707629031       -0.13609880769509        2.14764948960724
12
 energy: -27.250527677862 gnorm: 0.000071571583 xtb: 6.7.1 (edcfbbe)
C           -1.81586266417041       -0.02019953744095       -0.99063046648260
C           -0.97818164650973        0.33891945817456        0.23151358328952
H           -1.06528312989542        1.41173400364925        0.45645310384849
C            0.50840146273386        0.09446992208663       -0.07604005600403
F            1.29131300389653        0.35625941624767        0.99209276387225
F            0.78155486366855       -1.16684716380163       -0.43615972992074
F            0.96127062256456        0.88257390460821       -1.06761832339833
O           -1.37582882371542       -0.45406099634803        1.31223046754486
H           -1.70594298339233       -1.07966301916092       -1.20605995257456
H           -1.49889864887980        0.56446046907079       -1.84849180604346
H           -2.85796867494438        0.18547018855283       -0.77066976118511
H           -1.00137419513684       -0.13685261370022        2.14722033208789
12
 energy: -27.250527692873 gnorm: 0.000031614312 xtb: 6.7.1 (edcfbbe)
C           -1.81571960285562       -0.02023812113425       -0.99063208597967
C           -0.97818775072522        0.33896573999692        0.23162081815632
H           -1.06530349179262        1.41181717211452        0.45645770535585
C            0.50836243152087        0.09452067439177       -0.07610948891434
F            1.29125762548771        0.35624579118944        0.99201865271723
F            0.78134799567939       -1.16683575799756       -0.43629213729012
F            0.96116124032559        0.88266707190885       -1.06769365677882
O           -1.37584636684913       -0.45404408874133        1.31229298904804
H           -1.70591411230968       -1.07975376252379       -1.20595185362988
H           -1.49871225902690        0.56433216188171       -1.84856324196368
H           -2.85778226793385        0.18559908381784       -0.77067271370264
H           -1.00146425530135       -0.13701193296592        2.14736516801588
