----------------------------------------------- 
  Element       SASA      Sigma Z        Total  
     Z         Ang**2 cal/Ang**2/mol   kcal/mol 
----------------------------------------------- 
      H         95.036      48.690       4.627
      C         23.837     129.740       3.093
      O         14.162       0.000       0.000

 Subtotal:     133.035                   7.720
 -----------------------------------------------

  Elements    COT*SASA   Sigma Z,Z'     Total   
    Z,Z'       Ang**2  cal/Ang**2/mol kcal/mol  
 ---------------------------------------------- 
  H   C         63.837     -60.770      -3.879
  H   O          0.000       0.000       0.000
  C   C          8.421     -72.950      -0.614
  O   C          0.000      68.690       0.000

 Subtotal:                              -4.494
 ---------------------------------------------- 

 NONAQUEOUS SOLVENT CONTRIBUTION (kcal/mol):
 (proportional to SASA, atomic number independent)
 ---------------------------------------------- 
 Subtotal:                               0.000
 ---------------------------------------------- 

 CDS TOTAL (kcal/mol):                   3.226
...............................................................................
