----------------------------------------------- 
  Element       SASA      Sigma Z        Total  
     Z         Ang**2 cal/Ang**2/mol   kcal/mol 
----------------------------------------------- 
      H         96.290      48.690       4.688
      C         31.485     129.740       4.085
      O         33.303       0.000       0.000

 Subtotal:     161.078                   8.773
 -----------------------------------------------

  Elements    COT*SASA   Sigma Z,Z'     Total   
    Z,Z'       Ang**2  cal/Ang**2/mol kcal/mol  
 ---------------------------------------------- 
  H   C         64.950     -60.770      -3.947
  H   O          0.000       0.000       0.000
  C   C         15.222     -72.950      -1.110
  O   C         18.259      68.690       1.254
  O   O          0.000       0.000       0.000

 Subtotal:                              -3.803
 ---------------------------------------------- 

 NONAQUEOUS SOLVENT CONTRIBUTION (kcal/mol):
 (proportional to SASA, atomic number independent)
 ---------------------------------------------- 
 Subtotal:                               0.000
 ---------------------------------------------- 

 CDS TOTAL (kcal/mol):                   4.970
...............................................................................
