----------------------------------------------- 
  Element       SASA      Sigma Z        Total  
     Z         Ang**2 cal/Ang**2/mol   kcal/mol 
----------------------------------------------- 
      H        112.264      48.690       5.466
      C         20.827     129.740       2.702
      N         10.429       0.000       0.000

 Subtotal:     143.520                   8.168
 -----------------------------------------------

  Elements    COT*SASA   Sigma Z,Z'     Total   
    Z,Z'       Ang**2  cal/Ang**2/mol kcal/mol  
 ---------------------------------------------- 
  H   C         67.435     -60.770      -4.098
  C   C         18.934     -72.950      -1.381
  C   N          4.149       0.000       0.000
  N   C         80.663     -48.220      -3.890
  N  C(3)        0.000      84.100       0.000

 Subtotal:                              -9.369
 ---------------------------------------------- 

 NONAQUEOUS SOLVENT CONTRIBUTION (kcal/mol):
 (proportional to SASA, atomic number independent)
 ---------------------------------------------- 
 Subtotal:                               0.000
 ---------------------------------------------- 

 CDS TOTAL (kcal/mol):                  -1.201
...............................................................................
