----------------------------------------------- 
  Element       SASA      Sigma Z        Total  
     Z         Ang**2 cal/Ang**2/mol   kcal/mol 
----------------------------------------------- 
      H         96.846      48.690       4.715
      C         30.979     129.740       4.019
      O         33.399       0.000       0.000

 Subtotal:     161.224                   8.735
 -----------------------------------------------

  Elements    COT*SASA   Sigma Z,Z'     Total   
    Z,Z'       Ang**2  cal/Ang**2/mol kcal/mol  
 ---------------------------------------------- 
  H   C         65.325     -60.770      -3.970
  H   O          0.000       0.000       0.000
  C   C         15.234     -72.950      -1.111
  O   C         18.343      68.690       1.260
  O   O          0.000       0.000       0.000

 Subtotal:                              -3.821
 ---------------------------------------------- 

 NONAQUEOUS SOLVENT CONTRIBUTION (kcal/mol):
 (proportional to SASA, atomic number independent)
 ---------------------------------------------- 
 Subtotal:                               0.000
 ---------------------------------------------- 

 CDS TOTAL (kcal/mol):                   4.914
...............................................................................
