----------------------------------------------- 
  Element       SASA      Sigma Z        Total  
     Z         Ang**2 cal/Ang**2/mol   kcal/mol 
----------------------------------------------- 
      H         98.089      48.690       4.776
      C         30.081     129.740       3.903
      O         34.240       0.000       0.000

 Subtotal:     162.410                   8.679
 -----------------------------------------------

  Elements    COT*SASA   Sigma Z,Z'     Total   
    Z,Z'       Ang**2  cal/Ang**2/mol kcal/mol  
 ---------------------------------------------- 
  H   C         66.006     -60.770      -4.011
  H   O          0.000       0.000       0.000
  C   C         14.971     -72.950      -1.092
  O   C         17.223      68.690       1.183
  O   O          0.000       0.000       0.000

 Subtotal:                              -3.920
 ---------------------------------------------- 

 NONAQUEOUS SOLVENT CONTRIBUTION (kcal/mol):
 (proportional to SASA, atomic number independent)
 ---------------------------------------------- 
 Subtotal:                               0.000
 ---------------------------------------------- 

 CDS TOTAL (kcal/mol):                   4.758
...............................................................................
