12
 energy: -492.064974681067 gnorm: 0.005793799701 xtb: 6.7.1 (edcfbbe)
C            1.82156103019670       -0.00161900375653        1.02556561859952
C            1.00070656669839       -0.34552999725643       -0.20127128385163
H            1.10196831137088       -1.40960932764836       -0.44873043289067
C           -0.48726478578607       -0.10102642538461        0.04050335304222
F           -1.22657538922034       -0.41780830895172       -1.04956221430940
F           -0.95867651413465       -0.84709962412524        1.06737475884577
F           -0.75422973428996        1.19247542499323        0.33351342212444
O            1.41763510716411        0.47551013607080       -1.28990353925992
H            2.86593431238901       -0.25796307669302        0.83605746088607
H            1.47781554727104       -0.57117625515660        1.89207939221759
H            1.75385134030404        1.06653467054343        1.24897921348369
H            1.26105424313826       -0.00133779487201       -2.11210403250898
12
 energy: -492.065049247332 gnorm: 0.002409934492 xtb: 6.7.1 (edcfbbe)
C            1.82169403131786       -0.00113954873614        1.02684601830242
C            1.00265525932155       -0.34622828636288       -0.20012539841763
H            1.10024525247684       -1.41114697973105       -0.44634197025967
C           -0.48537095779590       -0.10057714709150        0.03873887673975
F           -1.22487858394515       -0.41312121153018       -1.05412600578040
F           -0.95758769380420       -0.85172218304919        1.06299782612409
F           -0.75402077114959        1.19289042593752        0.33609584174304
O            1.42452925620217        0.47126373500332       -1.28973240672959
H            2.86666036481118       -0.25590655535805        0.83751314330446
H            1.47947822034970       -0.56935170839972        1.89504515622227
H            1.75277006505791        1.06751389922999        1.24890894814863
H            1.24760544171157       -0.00112403166147       -2.11331830393765
12
 energy: -492.065130273080 gnorm: 0.009837449088 xtb: 6.7.1 (edcfbbe)
C            1.82243801247149        0.00127868707953        1.03000135160137
C            1.00879868212807       -0.35056633953728       -0.19670918432458
H            1.09822562576469       -1.41863928062935       -0.43532570710161
C           -0.47895039088239       -0.09952899942947        0.03372379247278
F           -1.21592054346701       -0.39709390603227       -1.06888961552897
F           -0.95752899083834       -0.86543628674297        1.04748086485277
F           -0.75068675149794        1.19286699568599        0.34476830570252
O            1.44743608159739        0.45503659247121       -1.28938468675648
H            2.86928055987917       -0.24874535886175        0.84291758959359
H            1.48310274428831       -0.56332073174118        1.90187279673987
H            1.74906534070595        1.07115895887343        1.24732495022445
H            1.19851895719549        0.00434004413247       -2.11527869576515
12
 energy: -492.065168465229 gnorm: 0.004391734110 xtb: 6.7.1 (edcfbbe)
C            1.82244713284978        0.00144488114694        1.02935065925861
C            1.00786987664739       -0.35076762152477       -0.19703315818977
H            1.09960247793172       -1.41875122192951       -0.43468125425322
C           -0.47980743224216       -0.09983079707138        0.03426196533818
F           -1.21632305384458       -0.39767681625762       -1.06761486297182
F           -0.95874133898893       -0.86397803602532        1.04812175519705
F           -0.74982403070053        1.19219979844534        0.34463313265680
O            1.44379313580568        0.45550667009537       -1.29006659049049
H            2.86902662082218       -0.24917416475903        0.84209117659289
H            1.48280440074543       -0.56389105819318        1.90052047764967
H            1.74931855685291        1.07105130803673        1.24694057560288
H            1.20361302761253        0.00521742385459       -2.11402210818269
12
 energy: -492.065208481890 gnorm: 0.001426592641 xtb: 6.7.1 (edcfbbe)
C            1.82303292359063        0.00299161828197        1.02977346065227
C            1.00927779596249       -0.35344825316036       -0.19606749887224
H            1.10196939762396       -1.42267627368539       -0.42817453215590
C           -0.47826866428816       -0.10014481737329        0.03296009451831
F           -1.21193237944757       -0.39188246776977       -1.07196239954281
F           -0.96160206803143       -0.86692044816397        1.04194100920888
F           -0.74574099441969        1.19050822255331        0.34782213866966
O            1.44775783114083        0.44851011935950       -1.29097064017420
H            2.86991279239318       -0.24698763183922        0.84378562843108
H            1.48317341431941       -0.56199004372601        1.90096058529277
H            1.74830612268886        1.07262516329951        1.24546443251666
H            1.18789300216046        0.01076515914092       -2.11303048542757
12
 energy: -492.065231382436 gnorm: 0.002368332006 xtb: 6.7.1 (edcfbbe)
C            1.82437735013506        0.00596169778433        1.03138818243502
C            1.01340718725607       -0.35933058406422       -0.19389025712711
H            1.10609994803535       -1.43113442614419       -0.41541447893578
C           -0.47415710603177       -0.10095470096788        0.02975550882209
F           -1.20182496738353       -0.38035999639124       -1.08188576827484
F           -0.96672688971710       -0.87368841778721        1.02859725733250
F           -0.73722006213621        1.18724529616895        0.35354884305777
O            1.45975038287135        0.43308620261122       -1.29181664220879
H            2.87211616613117       -0.24292521922251        0.84909264215704
H            1.48328566333648       -0.55671993400363        1.90352941114686
H            1.74654848385263        1.07611867943246        1.24221007269395
H            1.14812253786281        0.02405175198515       -2.11261293770494
12
 energy: -492.065235417627 gnorm: 0.000474061892 xtb: 6.7.1 (edcfbbe)
C            1.82421596884929        0.00546102713740        1.03103459067545
C            1.01283825545938       -0.35863023159697       -0.19442132419580
H            1.10538933394397       -1.43001733821326       -0.41751683416933
C           -0.47488545010204       -0.10109082410165        0.03028847343469
F           -1.20349878008963       -0.38257647009584       -1.08008062300716
F           -0.96593917689300       -0.87262062880088        1.03069283329906
F           -0.73843045799701        1.18748189174170        0.35250321333619
O            1.45812497594707        0.43505545196722       -1.29167631367396
H            2.87175649080034       -0.24421932414750        0.84865155054333
H            1.48275064982437       -0.55676247192047        1.90339673961932
H            1.74731082272759        1.07572284515543        1.24191072886386
H            1.15414613911370        0.02354644305366       -2.11228121192152
12
 energy: -492.065235417627 gnorm: 0.000474061892 xtb: 6.7.1 (edcfbbe)
C            1.82421596884929        0.00546102713740        1.03103459067545
C            1.01283825545938       -0.35863023159697       -0.19442132419580
H            1.10538933394397       -1.43001733821326       -0.41751683416933
C           -0.47488545010204       -0.10109082410165        0.03028847343469
F           -1.20349878008963       -0.38257647009584       -1.08008062300716
F           -0.96593917689300       -0.87262062880088        1.03069283329906
F           -0.73843045799701        1.18748189174170        0.35250321333619
O            1.45812497594707        0.43505545196722       -1.29167631367396
H            2.87175649080034       -0.24421932414750        0.84865155054333
H            1.48275064982437       -0.55676247192047        1.90339673961932
H            1.74731082272759        1.07572284515543        1.24191072886386
H            1.15414613911370        0.02354644305366       -2.11228121192152
