----------------------------------------------- 
  Element       SASA      Sigma Z        Total  
     Z         Ang**2 cal/Ang**2/mol   kcal/mol 
----------------------------------------------- 
      H         73.374      48.690       3.573
      C         42.920     129.740       5.568
      O         24.599       0.000       0.000

 Subtotal:     140.893                   9.141
 -----------------------------------------------

  Elements    COT*SASA   Sigma Z,Z'     Total   
    Z,Z'       Ang**2  cal/Ang**2/mol kcal/mol  
 ---------------------------------------------- 
  H   C         49.294     -60.770      -2.996
  H   O          0.000       0.000       0.000
  C   C         41.198     -72.950      -3.005
  O   C         14.853      68.690       1.020

 Subtotal:                              -4.981
 ---------------------------------------------- 

 NONAQUEOUS SOLVENT CONTRIBUTION (kcal/mol):
 (proportional to SASA, atomic number independent)
 ---------------------------------------------- 
 Subtotal:                               0.000
 ---------------------------------------------- 

 CDS TOTAL (kcal/mol):                   4.160
...............................................................................
