13
 energy: -174.429634530927 gnorm: 0.019869779758 xtb: 6.7.1 (edcfbbe)
C           -1.94647187416253       -0.10079450544466       -0.03761575251667
C           -0.56239613294921        0.53347573793640        0.01081981830479
C            0.54405807974109       -0.51922890733008        0.01543044840684
N            1.85295818252109        0.12060683125344       -0.03959154191754
H           -2.09987843413051       -0.74868780363176        0.82286273566463
H           -2.71549065690331        0.66701013849557       -0.03223895681429
H           -2.05999525551284       -0.69714426890892       -0.93975294011643
H           -0.47204543610918        1.14942294460934        0.90870222370267
H           -0.41761002068505        1.18238995532395       -0.85357456847824
H            0.41834019828538       -1.16902818581803        0.89974981759870
H            0.44970186199927       -1.14893447740912       -0.87423200088740
H            2.58140431174389       -0.58419569025887       -0.02677687251187
H            1.97910455597699        0.70448383501218        0.78087112474602
13
 energy: -174.430233195714 gnorm: 0.008160315122 xtb: 6.7.1 (edcfbbe)
C           -1.95018991866869       -0.10096316876368       -0.03474446824418
C           -0.56165759651770        0.53103863961595        0.00532429586294
C            0.55081746236312       -0.51059775275308        0.00816607830563
N            1.87182378786778        0.12674241849906       -0.04071938361371
H           -2.10868293467467       -0.75308306014984        0.82891075185990
H           -2.73145193970289        0.66278194060617       -0.02829174731855
H           -2.07395857372489       -0.70340632635183       -0.93911623023856
H           -0.46458643762419        1.15482526599489        0.90242303069648
H           -0.42365052696033        1.18755437962249       -0.86041238527182
H            0.41507518840602       -1.16410640874955        0.88772555221416
H            0.44290999262172       -1.14871806704952       -0.87667577131732
H            2.59213400710281       -0.58631895425905       -0.01067677322887
H            1.99309689261367        0.69362664815501        0.79274029526783
13
 energy: -174.430380130390 gnorm: 0.002944825439 xtb: 6.7.1 (edcfbbe)
C           -1.94681667331086       -0.10252688763570       -0.03129549907358
C           -0.55966063886837        0.53473119355799       -0.00056297767487
C            0.55006224893070       -0.50722525857537        0.00096605067161
N            1.87763217546217        0.13177239148578       -0.04193437164019
H           -2.10600826583004       -0.75484241196452        0.83575404592321
H           -2.73463962964709        0.65843552750274       -0.02361081043009
H           -2.07991235923806       -0.71032020730817       -0.93474171643936
H           -0.45970212558081        1.16572726539252        0.89414714863807
H           -0.43188221055909        1.19489089379746       -0.86861297531643
H            0.41577657443925       -1.16374655592219        0.87790008954129
H            0.44299626411204       -1.14740313345336       -0.88406582736362
H            2.59054585800066       -0.58971003322988        0.00399666282128
H            1.99328830327021        0.67959255141205        0.80671312836807
13
 energy: -174.430413917508 gnorm: 0.002018600978 xtb: 6.7.1 (edcfbbe)
C           -1.94667405483941       -0.10253725330476       -0.02862575180043
C           -0.56025903036288        0.53537241039320       -0.00463731457248
C            0.54956675811263       -0.50509055235385       -0.00381603859348
N            1.88001284239775        0.13400160090622       -0.04084634771495
H           -2.10131726502100       -0.75247190295808        0.84089509106356
H           -2.73554756948768        0.65713146481107       -0.02049815978643
H           -2.08183351500693       -0.71339477077485       -0.92951453364116
H           -0.45843381743558        1.16938191834043        0.88770388601139
H           -0.43709681212569        1.19391545188071       -0.87456792249045
H            0.41618708773700       -1.16320861532393        0.87147148136431
H            0.44726013391390       -1.14225983679856       -0.89145015717081
H            2.58854396579511       -0.59222882927126        0.01231374592040
H            1.99127091012239        0.67076406265890        0.81622481738395
13
 energy: -174.430433128604 gnorm: 0.001375297250 xtb: 6.7.1 (edcfbbe)
C           -1.94624808256681       -0.10274582523950       -0.02545786389515
C           -0.56069791678058        0.53634854125460       -0.00936462638906
C            0.54860023452948       -0.50395646581073       -0.00876045838667
N            1.88056428120578        0.13616149825961       -0.03678484084546
H           -2.09511972986927       -0.74842836343006        0.84737419940316
H           -2.73459079032142        0.65632279270490       -0.01729098164206
H           -2.08346019814876       -0.71735996407500       -0.92248093469533
H           -0.45617436758636        1.17284902112029        0.88020315925489
H           -0.44113538192206        1.19112106006865       -0.88190325286959
H            0.41437280697496       -1.16514233012166        0.86348839120208
H            0.45251870390811       -1.13555363132866       -0.90060262845477
H            2.58582045445182       -0.59330446391606        0.01901880301397
H            1.98722979144566        0.66306301816847        0.82721372997144
13
 energy: -174.430447464259 gnorm: 0.001825063587 xtb: 6.7.1 (edcfbbe)
C           -1.94611483965898       -0.10276113461337       -0.02110179134089
C           -0.56090641791057        0.53722376207911       -0.01555852285092
C            0.54843947431400       -0.50303846488894       -0.01498367626151
N            1.88091414947150        0.13819732121058       -0.02846104233609
H           -2.08825465651293       -0.74183763284353        0.85692899822497
H           -2.73384949453461        0.65592895671910       -0.01383438945551
H           -2.08649341626831       -0.72344020419353       -0.91256555674564
H           -0.45227745763323        1.17707694012521        0.87041139941623
H           -0.44518683007754        1.18658970783604       -0.89189553080966
H            0.40940540082133       -1.17022379636445        0.85160379751028
H            0.46008403203904       -1.12676301591732       -0.91276165697358
H            2.58442772941351       -0.59284417047159        0.02493067013416
H            1.98149239277381        0.65526624134931        0.84193994042013
13
 energy: -174.430461121904 gnorm: 0.001360279321 xtb: 6.7.1 (edcfbbe)
C           -1.94578691393094       -0.10264538691296       -0.01652428184387
C           -0.56043433007445        0.53787247084915       -0.02165280401424
C            0.54951684931495       -0.50238798740270       -0.02107291040556
N            1.88103156221637        0.13958136869828       -0.01832474237841
H           -2.08365268692617       -0.73440051801883        0.86760106069885
H           -2.73384443725657        0.65594098284270       -0.01178001505576
H           -2.09031294457577       -0.73094163174449       -0.90219433659749
H           -0.44746306464126        1.18174949764976        0.86089824286599
H           -0.44887395790816        1.18294960573714       -0.90174888144082
H            0.40266695992266       -1.17731319800346        0.83850195177121
H            0.46785120118680       -1.11883525783949       -0.92454041403389
H            2.58547672641170       -0.59071029025535        0.02831528601055
H            1.97550538405443        0.64851444768827        0.85717449016134
13
 energy: -174.430465772009 gnorm: 0.000380936412 xtb: 6.7.1 (edcfbbe)
C           -1.94540942213843       -0.10243560516274       -0.01381105926792
C           -0.56006657261008        0.53788014400441       -0.02474894941564
C            0.55048600961893       -0.50205867546756       -0.02447994003880
N            1.88053846659019        0.14008871551806       -0.01233215057771
H           -2.08281464292404       -0.72904175174217        0.87439197203919
H           -2.73398747897688        0.65622379166260       -0.01262077917595
H           -2.09194754168028       -0.73629769751300       -0.89561061917429
H           -0.44457037987112        1.18432789045247        0.85594604204338
H           -0.45136371485190        1.18158184046487       -0.90657058330968
H            0.39891666319006       -1.18171364614789        0.83074270681513
H            0.47255361962085       -1.11470561930390       -0.93101225623999
H            2.58723162014552       -0.58841534308368        0.02851398802120
H            1.97211387989684        0.64393980999412        0.86624432396934
13
 energy: -174.430465772009 gnorm: 0.000380936412 xtb: 6.7.1 (edcfbbe)
C           -1.94540942213843       -0.10243560516274       -0.01381105926792
C           -0.56006657261008        0.53788014400441       -0.02474894941564
C            0.55048600961893       -0.50205867546756       -0.02447994003880
N            1.88053846659019        0.14008871551806       -0.01233215057771
H           -2.08281464292404       -0.72904175174217        0.87439197203919
H           -2.73398747897688        0.65622379166260       -0.01262077917595
H           -2.09194754168028       -0.73629769751300       -0.89561061917429
H           -0.44457037987112        1.18432789045247        0.85594604204338
H           -0.45136371485190        1.18158184046487       -0.90657058330968
H            0.39891666319006       -1.18171364614789        0.83074270681513
H            0.47255361962085       -1.11470561930390       -0.93101225623999
H            2.58723162014552       -0.58841534308368        0.02851398802120
H            1.97211387989684        0.64393980999412        0.86624432396934
