2025-04-03 20:53:52,310 -     censo.parallel     -  DEBUG   - Free cores decreased 2 -> 1.
2025-04-03 20:53:52,313 -     censo.parallel     -  DEBUG   - Free cores decreased 1 -> 0.
2025-04-03 20:53:52,315 -   censo.qm_processor   -  DEBUG   - worker3652656:Running on 1 cores.
2025-04-03 20:53:52,315 -   censo.qm_processor   -  DEBUG   - worker3652655:Running on 1 cores.
2025-04-03 20:53:52,348 -   censo.qm_processor   -   INFO   - worker3652655:Running xtb_gsolv calculation in /srv/scratch/z5358697/.automated/4003/0_PRESCREENING/CONF2/xtb_gsolv.
2025-04-03 20:53:52,365 -   censo.qm_processor   -  DEBUG   - worker3652655:Running ['/srv/scratch/z5358697/.xtb/bin/xtb', 'gas.coord', '--gfn2', '--sp', '--chrg', '0', '--norestart', '--parallel', '1']...
2025-04-03 20:53:52,385 -   censo.qm_processor   -   INFO   - worker3652656:Running xtb_gsolv calculation in /srv/scratch/z5358697/.automated/4003/0_PRESCREENING/CONF1/xtb_gsolv.
2025-04-03 20:53:52,401 -   censo.qm_processor   -  DEBUG   - worker3652656:Running ['/srv/scratch/z5358697/.xtb/bin/xtb', 'gas.coord', '--gfn2', '--sp', '--chrg', '0', '--norestart', '--parallel', '1']...
2025-04-03 20:53:52,441 -   censo.qm_processor   -  DEBUG   - worker3652656:Started (PID: 3652665).
2025-04-03 20:53:52,442 -   censo.qm_processor   -  DEBUG   - worker3652655:Started (PID: 3652663).
2025-04-03 20:53:52,480 -   censo.qm_processor   -  DEBUG   - worker3652655:Done.
2025-04-03 20:53:52,489 -   censo.qm_processor   -  DEBUG   - worker3652656:Done.
2025-04-03 20:53:52,503 -   censo.qm_processor   -  DEBUG   - worker3652655:Running ['/srv/scratch/z5358697/.xtb/bin/xtb', 'solv.coord', '--gfn2', '--sp', '--chrg', '0', '--norestart', '--parallel', '1', '--alpb', 'water', 'reference', '-I', 'xtb_sp-xcontrol-inp']...
2025-04-03 20:53:52,507 -   censo.qm_processor   -  DEBUG   - worker3652655:Started (PID: 3652666).
2025-04-03 20:53:52,512 -   censo.qm_processor   -  DEBUG   - worker3652656:Running ['/srv/scratch/z5358697/.xtb/bin/xtb', 'solv.coord', '--gfn2', '--sp', '--chrg', '0', '--norestart', '--parallel', '1', '--alpb', 'water', 'reference', '-I', 'xtb_sp-xcontrol-inp']...
2025-04-03 20:53:52,516 -   censo.qm_processor   -  DEBUG   - worker3652656:Started (PID: 3652670).
2025-04-03 20:53:52,557 -   censo.qm_processor   -  DEBUG   - worker3652656:Done.
2025-04-03 20:53:52,559 -     censo.parallel     -  DEBUG   - Free cores increased 0 -> 1.
2025-04-03 20:53:52,561 -   censo.qm_processor   -  DEBUG   - worker3652655:Done.
2025-04-03 20:53:52,562 -     censo.parallel     -  DEBUG   - Free cores increased 1 -> 2.
2025-04-03 20:53:52,569 -     censo.parallel     -  DEBUG   - Checking for failed jobs...
2025-04-03 20:53:52,569 -     censo.parallel     -   INFO   - All jobs executed successfully.
2025-04-03 20:53:52,575 -     censo.parallel     -  DEBUG   - Free cores decreased 2 -> 1.
2025-04-03 20:53:52,577 -     censo.parallel     -  DEBUG   - Free cores decreased 1 -> 0.
2025-04-03 20:53:52,579 -   censo.qm_processor   -  DEBUG   - worker3652696:Running on 1 cores.
2025-04-03 20:53:52,579 -   censo.qm_processor   -  DEBUG   - worker3652697:Running on 1 cores.
2025-04-03 20:53:52,584 -   censo.qm_processor   -   INFO   - worker3652696:Running sp calculation in /srv/scratch/z5358697/.automated/4003/0_PRESCREENING/CONF2/sp.
2025-04-03 20:53:52,591 -   censo.qm_processor   -   INFO   - worker3652697:Running sp calculation in /srv/scratch/z5358697/.automated/4003/0_PRESCREENING/CONF1/sp.
2025-04-03 20:53:52,601 -   censo.qm_processor   -  DEBUG   - worker3652696:Running ['/apps/z_install_tree/linux-rocky8-ivybridge/gcc-12.2.0/orca-6.0.0-srtngmq3qlimg2qxbl6avaaiffipurdx/bin/orca', 'sp.inp']...
2025-04-03 20:53:52,607 -   censo.qm_processor   -  DEBUG   - worker3652697:Running ['/apps/z_install_tree/linux-rocky8-ivybridge/gcc-12.2.0/orca-6.0.0-srtngmq3qlimg2qxbl6avaaiffipurdx/bin/orca', 'sp.inp']...
2025-04-03 20:53:52,610 -   censo.qm_processor   -  DEBUG   - worker3652697:Started (PID: 3652729).
2025-04-03 20:53:52,611 -   censo.qm_processor   -  DEBUG   - worker3652696:Started (PID: 3652728).
2025-04-03 20:53:57,130 -   censo.qm_processor   -  DEBUG   - worker3652697:Done.
2025-04-03 20:53:57,135 -     censo.parallel     -  DEBUG   - Free cores increased 0 -> 1.
2025-04-03 20:53:57,141 -   censo.qm_processor   -  DEBUG   - worker3652696:Done.
2025-04-03 20:53:57,145 -     censo.parallel     -  DEBUG   - Free cores increased 1 -> 2.
2025-04-03 20:53:57,152 -     censo.parallel     -  DEBUG   - Checking for failed jobs...
2025-04-03 20:53:57,152 -     censo.parallel     -   INFO   - All jobs executed successfully.
2025-04-03 20:53:57,153 -censo.ensembleopt.prescreening-  DEBUG   - Writing to /srv/scratch/z5358697/.automated/4003/0_PRESCREENING.out.
2025-04-03 20:53:57,210 -     censo.parallel     -  DEBUG   - Free cores decreased 2 -> 1.
2025-04-03 20:53:57,213 -     censo.parallel     -  DEBUG   - Free cores decreased 1 -> 0.
2025-04-03 20:53:57,214 -   censo.qm_processor   -  DEBUG   - worker3652779:Running on 1 cores.
2025-04-03 20:53:57,215 -   censo.qm_processor   -  DEBUG   - worker3652780:Running on 1 cores.
2025-04-03 20:53:57,244 -   censo.qm_processor   -   INFO   - worker3652780:Running gsolv calculation in /srv/scratch/z5358697/.automated/4003/1_SCREENING/CONF2/gsolv.
2025-04-03 20:53:57,281 -   censo.qm_processor   -   INFO   - worker3652779:Running gsolv calculation in /srv/scratch/z5358697/.automated/4003/1_SCREENING/CONF1/gsolv.
2025-04-03 20:53:57,317 -  censo.orca_processor  -  DEBUG   - worker3652779:Copying .gbw file from /srv/scratch/z5358697/.automated/4003/0_PRESCREENING/CONF1/sp/sp.gbw.
2025-04-03 20:53:57,329 -  censo.orca_processor  -  DEBUG   - worker3652780:Copying .gbw file from /srv/scratch/z5358697/.automated/4003/0_PRESCREENING/CONF2/sp/sp.gbw.
2025-04-03 20:53:57,333 -   censo.qm_processor   -  DEBUG   - worker3652779:Running ['/apps/z_install_tree/linux-rocky8-ivybridge/gcc-12.2.0/orca-6.0.0-srtngmq3qlimg2qxbl6avaaiffipurdx/bin/orca', 'sp_gas.inp']...
2025-04-03 20:53:57,339 -   censo.qm_processor   -  DEBUG   - worker3652779:Started (PID: 3652787).
2025-04-03 20:53:57,346 -   censo.qm_processor   -  DEBUG   - worker3652780:Running ['/apps/z_install_tree/linux-rocky8-ivybridge/gcc-12.2.0/orca-6.0.0-srtngmq3qlimg2qxbl6avaaiffipurdx/bin/orca', 'sp_gas.inp']...
2025-04-03 20:53:57,349 -   censo.qm_processor   -  DEBUG   - worker3652780:Started (PID: 3652788).
2025-04-03 20:54:10,300 -   censo.qm_processor   -  DEBUG   - worker3652779:Done.
2025-04-03 20:54:10,315 -  censo.orca_processor  -  DEBUG   - worker3652779:Copying .gbw file from /srv/scratch/z5358697/.automated/4003/0_PRESCREENING/CONF1/sp/sp.gbw.
2025-04-03 20:54:10,338 -   censo.qm_processor   -  DEBUG   - worker3652780:Done.
2025-04-03 20:54:10,339 -   censo.qm_processor   -  DEBUG   - worker3652779:Running ['/apps/z_install_tree/linux-rocky8-ivybridge/gcc-12.2.0/orca-6.0.0-srtngmq3qlimg2qxbl6avaaiffipurdx/bin/orca', 'sp_solv.inp']...
2025-04-03 20:54:10,342 -   censo.qm_processor   -  DEBUG   - worker3652779:Started (PID: 3653061).
2025-04-03 20:54:10,353 -  censo.orca_processor  -  DEBUG   - worker3652780:Copying .gbw file from /srv/scratch/z5358697/.automated/4003/0_PRESCREENING/CONF2/sp/sp.gbw.
2025-04-03 20:54:10,373 -   censo.qm_processor   -  DEBUG   - worker3652780:Running ['/apps/z_install_tree/linux-rocky8-ivybridge/gcc-12.2.0/orca-6.0.0-srtngmq3qlimg2qxbl6avaaiffipurdx/bin/orca', 'sp_solv.inp']...
2025-04-03 20:54:10,377 -   censo.qm_processor   -  DEBUG   - worker3652780:Started (PID: 3653062).
2025-04-03 20:54:25,273 -   censo.qm_processor   -  DEBUG   - worker3652779:Done.
2025-04-03 20:54:25,278 -     censo.parallel     -  DEBUG   - Free cores increased 0 -> 1.
2025-04-03 20:54:25,386 -   censo.qm_processor   -  DEBUG   - worker3652780:Done.
2025-04-03 20:54:25,390 -     censo.parallel     -  DEBUG   - Free cores increased 1 -> 2.
2025-04-03 20:54:25,398 -     censo.parallel     -  DEBUG   - Checking for failed jobs...
2025-04-03 20:54:25,398 -     censo.parallel     -   INFO   - All jobs executed successfully.
2025-04-03 20:54:25,449 -     censo.parallel     -  DEBUG   - Free cores decreased 2 -> 1.
2025-04-03 20:54:25,452 -     censo.parallel     -  DEBUG   - Free cores decreased 1 -> 0.
2025-04-03 20:54:25,454 -   censo.qm_processor   -  DEBUG   - worker3653114:Running on 1 cores.
2025-04-03 20:54:25,454 -   censo.qm_processor   -  DEBUG   - worker3653115:Running on 1 cores.
2025-04-03 20:54:25,503 -   censo.qm_processor   -   INFO   - worker3653114:Running xtb_opt calculation in /srv/scratch/z5358697/.automated/4003/2_OPTIMIZATION/CONF1/xtb_opt.
2025-04-03 20:54:25,509 -   censo.qm_processor   -   INFO   - worker3653115:Running xtb_opt calculation in /srv/scratch/z5358697/.automated/4003/2_OPTIMIZATION/CONF2/xtb_opt.
2025-04-03 20:54:25,537 -  censo.orca_processor  -  DEBUG   - worker3653114:Copying .gbw file from /srv/scratch/z5358697/.automated/4003/1_SCREENING/CONF1/gsolv/sp_solv.gbw.
2025-04-03 20:54:25,558 -  censo.orca_processor  -  DEBUG   - worker3653115:Copying .gbw file from /srv/scratch/z5358697/.automated/4003/1_SCREENING/CONF2/gsolv/sp_solv.gbw.
2025-04-03 20:54:25,566 -   censo.qm_processor   -  DEBUG   - worker3653114:Running ['/srv/scratch/z5358697/.xtb/bin/xtb', 'xtb_opt.coord', '--opt', 'normal', '--orca', '-I', 'xtb_opt-xcontrol-inp']...
2025-04-03 20:54:25,573 -   censo.qm_processor   -  DEBUG   - worker3653114:Started (PID: 3653122).
2025-04-03 20:54:25,586 -   censo.qm_processor   -  DEBUG   - worker3653115:Running ['/srv/scratch/z5358697/.xtb/bin/xtb', 'xtb_opt.coord', '--opt', 'normal', '--orca', '-I', 'xtb_opt-xcontrol-inp']...
2025-04-03 20:54:25,591 -   censo.qm_processor   -  DEBUG   - worker3653115:Started (PID: 3653124).
2025-04-03 20:56:04,711 -   censo.qm_processor   -  DEBUG   - worker3653114:Done.
2025-04-03 20:56:04,725 -     censo.parallel     -  DEBUG   - Free cores increased 0 -> 1.
2025-04-03 20:56:27,154 -   censo.qm_processor   -  DEBUG   - worker3653115:Done.
2025-04-03 20:56:27,168 -     censo.parallel     -  DEBUG   - Free cores increased 1 -> 2.
2025-04-03 20:56:27,176 -     censo.parallel     -  DEBUG   - Checking for failed jobs...
2025-04-03 20:56:27,176 -     censo.parallel     -   INFO   - All jobs executed successfully.
2025-04-03 20:56:27,182 -     censo.parallel     -  DEBUG   - Free cores decreased 2 -> 1.
2025-04-03 20:56:27,186 -     censo.parallel     -  DEBUG   - Free cores decreased 1 -> 0.
2025-04-03 20:56:27,188 -   censo.qm_processor   -  DEBUG   - worker3653751:Running on 1 cores.
2025-04-03 20:56:27,188 -   censo.qm_processor   -  DEBUG   - worker3653752:Running on 1 cores.
2025-04-03 20:56:27,218 -   censo.qm_processor   -   INFO   - worker3653751:Running xtb_rrho calculation in /srv/scratch/z5358697/.automated/4003/2_OPTIMIZATION/CONF1/xtb_rrho.
2025-04-03 20:56:27,222 -   censo.qm_processor   -   INFO   - worker3653752:Running xtb_rrho calculation in /srv/scratch/z5358697/.automated/4003/2_OPTIMIZATION/CONF2/xtb_rrho.
2025-04-03 20:56:27,245 -   censo.qm_processor   -  DEBUG   - worker3653751:Running ['/srv/scratch/z5358697/.xtb/bin/xtb', 'xtb_rrho.coord', '--gfn2', '--bhess', 'vtight', '--chrg', '0', '--enso', '--norestart', '-I', 'rrho-xcontrol-inp', '--parallel', '1', '--alpb', 'water']...
2025-04-03 20:56:27,252 -   censo.qm_processor   -  DEBUG   - worker3653751:Started (PID: 3653759).
2025-04-03 20:56:27,349 -   censo.qm_processor   -  DEBUG   - worker3653752:Running ['/srv/scratch/z5358697/.xtb/bin/xtb', 'xtb_rrho.coord', '--gfn2', '--bhess', 'vtight', '--chrg', '0', '--enso', '--norestart', '-I', 'rrho-xcontrol-inp', '--parallel', '1', '--alpb', 'water']...
2025-04-03 20:56:27,354 -   censo.qm_processor   -  DEBUG   - worker3653752:Started (PID: 3653760).
2025-04-03 20:56:27,617 -   censo.qm_processor   -  DEBUG   - worker3653751:Done.
2025-04-03 20:56:27,621 -     censo.parallel     -  DEBUG   - Free cores increased 0 -> 1.
2025-04-03 20:56:28,602 -   censo.qm_processor   -  DEBUG   - worker3653752:Done.
2025-04-03 20:56:28,605 -     censo.parallel     -  DEBUG   - Free cores increased 1 -> 2.
2025-04-03 20:56:28,613 -     censo.parallel     -  DEBUG   - Checking for failed jobs...
2025-04-03 20:56:28,613 -     censo.parallel     -   INFO   - All jobs executed successfully.
2025-04-03 20:56:28,613 -censo.ensembleopt.optimization-   INFO   - Threshold: 2.25 kcal/mol
2025-04-03 20:56:28,619 -     censo.parallel     -  DEBUG   - Free cores decreased 2 -> 1.
2025-04-03 20:56:28,624 -   censo.qm_processor   -  DEBUG   - worker3653791:Running on 1 cores.
2025-04-03 20:56:28,625 -   censo.qm_processor   -   INFO   - worker3653791:Running xtb_opt calculation in /srv/scratch/z5358697/.automated/4003/2_OPTIMIZATION/CONF2/xtb_opt.
2025-04-03 20:56:28,657 -   censo.qm_processor   -  DEBUG   - worker3653791:Running ['/srv/scratch/z5358697/.xtb/bin/xtb', 'xtb_opt.coord', '--opt', 'normal', '--orca', '-I', 'xtb_opt-xcontrol-inp']...
2025-04-03 20:56:28,663 -   censo.qm_processor   -  DEBUG   - worker3653791:Started (PID: 3653799).
2025-04-03 20:58:40,994 -   censo.qm_processor   -  DEBUG   - worker3653791:Done.
2025-04-03 20:58:41,008 -     censo.parallel     -  DEBUG   - Free cores increased 1 -> 2.
2025-04-03 20:58:41,015 -     censo.parallel     -  DEBUG   - Checking for failed jobs...
2025-04-03 20:58:41,015 -     censo.parallel     -   INFO   - All jobs executed successfully.
2025-04-03 20:58:41,015 -censo.ensembleopt.optimization-   INFO   - Threshold: 2.25 kcal/mol
2025-04-03 20:58:41,021 -     censo.parallel     -  DEBUG   - Free cores decreased 2 -> 1.
2025-04-03 20:58:41,026 -   censo.qm_processor   -  DEBUG   - worker3654335:Running on 1 cores.
2025-04-03 20:58:41,027 -   censo.qm_processor   -   INFO   - worker3654335:Running xtb_opt calculation in /srv/scratch/z5358697/.automated/4003/2_OPTIMIZATION/CONF2/xtb_opt.
2025-04-03 20:58:41,064 -   censo.qm_processor   -  DEBUG   - worker3654335:Running ['/srv/scratch/z5358697/.xtb/bin/xtb', 'xtb_opt.coord', '--opt', 'normal', '--orca', '-I', 'xtb_opt-xcontrol-inp']...
2025-04-03 20:58:41,072 -   censo.qm_processor   -  DEBUG   - worker3654335:Started (PID: 3654343).
2025-04-03 21:00:26,079 -   censo.qm_processor   -  DEBUG   - worker3654335:Done.
2025-04-03 21:00:26,093 -     censo.parallel     -  DEBUG   - Free cores increased 1 -> 2.
2025-04-03 21:00:26,100 -     censo.parallel     -  DEBUG   - Checking for failed jobs...
2025-04-03 21:00:26,100 -     censo.parallel     -   INFO   - All jobs executed successfully.
2025-04-03 21:00:26,100 -censo.ensembleopt.optimization-   INFO   - Threshold: 1.50 kcal/mol
2025-04-03 21:00:26,107 -     censo.parallel     -  DEBUG   - Free cores decreased 2 -> 1.
2025-04-03 21:00:26,110 -     censo.parallel     -  DEBUG   - Free cores decreased 1 -> 0.
2025-04-03 21:00:26,112 -   censo.qm_processor   -  DEBUG   - worker3654799:Running on 1 cores.
2025-04-03 21:00:26,113 -   censo.qm_processor   -  DEBUG   - worker3654800:Running on 1 cores.
2025-04-03 21:00:26,115 -   censo.qm_processor   -   INFO   - worker3654800:Running xtb_rrho calculation in /srv/scratch/z5358697/.automated/4003/2_OPTIMIZATION/CONF2/xtb_rrho.
2025-04-03 21:00:26,115 -   censo.qm_processor   -   INFO   - worker3654799:Running xtb_rrho calculation in /srv/scratch/z5358697/.automated/4003/2_OPTIMIZATION/CONF1/xtb_rrho.
2025-04-03 21:00:26,150 -   censo.qm_processor   -  DEBUG   - worker3654800:Running ['/srv/scratch/z5358697/.xtb/bin/xtb', 'xtb_rrho.coord', '--gfn2', '--ohess', 'vtight', '--chrg', '0', '--enso', '--norestart', '-I', 'rrho-xcontrol-inp', '--parallel', '1', '--alpb', 'water']...
2025-04-03 21:00:26,151 -   censo.qm_processor   -  DEBUG   - worker3654799:Running ['/srv/scratch/z5358697/.xtb/bin/xtb', 'xtb_rrho.coord', '--gfn2', '--ohess', 'vtight', '--chrg', '0', '--enso', '--norestart', '-I', 'rrho-xcontrol-inp', '--parallel', '1', '--alpb', 'water']...
2025-04-03 21:00:26,157 -   censo.qm_processor   -  DEBUG   - worker3654799:Started (PID: 3654810).
2025-04-03 21:00:26,158 -   censo.qm_processor   -  DEBUG   - worker3654800:Started (PID: 3654809).
2025-04-03 21:00:26,520 -   censo.qm_processor   -  DEBUG   - worker3654799:Done.
2025-04-03 21:00:26,523 -     censo.parallel     -  DEBUG   - Free cores increased 0 -> 1.
2025-04-03 21:00:26,527 -   censo.qm_processor   -  DEBUG   - worker3654800:Done.
2025-04-03 21:00:26,530 -     censo.parallel     -  DEBUG   - Free cores increased 1 -> 2.
2025-04-03 21:00:26,537 -     censo.parallel     -  DEBUG   - Checking for failed jobs...
2025-04-03 21:00:26,538 -     censo.parallel     -   INFO   - All jobs executed successfully.
2025-04-03 21:00:26,538 -censo.ensembleopt.optimization-  DEBUG   - Writing to /srv/scratch/z5358697/.automated/4003/2_OPTIMIZATION.out.
2025-04-03 21:00:26,554 -censo.ensembleopt.optimization-  DEBUG   - Writing to /srv/scratch/z5358697/.automated/4003/2_OPTIMIZATION.out.
2025-04-03 21:00:26,602 -     censo.parallel     -  DEBUG   - Free cores decreased 2 -> 1.
2025-04-03 21:00:26,606 -     censo.parallel     -  DEBUG   - Free cores decreased 1 -> 0.
2025-04-03 21:00:26,608 -   censo.qm_processor   -  DEBUG   - worker3654827:Running on 1 cores.
2025-04-03 21:00:26,608 -   censo.qm_processor   -  DEBUG   - worker3654828:Running on 1 cores.
2025-04-03 21:00:26,650 -   censo.qm_processor   -   INFO   - worker3654827:Running gsolv calculation in /srv/scratch/z5358697/.automated/4003/3_REFINEMENT/CONF2/gsolv.
2025-04-03 21:00:26,664 -  censo.orca_processor  -  DEBUG   - worker3654827:Copying .gbw file from /srv/scratch/z5358697/.automated/4003/2_OPTIMIZATION/CONF2/xtb_opt/xtb_opt.gbw.
2025-04-03 21:00:26,695 -   censo.qm_processor   -  DEBUG   - worker3654827:Running ['/apps/z_install_tree/linux-rocky8-ivybridge/gcc-12.2.0/orca-6.0.0-srtngmq3qlimg2qxbl6avaaiffipurdx/bin/orca', 'sp_gas.inp']...
2025-04-03 21:00:26,701 -   censo.qm_processor   -  DEBUG   - worker3654827:Started (PID: 3654835).
2025-04-03 21:00:26,743 -   censo.qm_processor   -   INFO   - worker3654828:Running gsolv calculation in /srv/scratch/z5358697/.automated/4003/3_REFINEMENT/CONF1/gsolv.
2025-04-03 21:00:26,977 -  censo.orca_processor  -  DEBUG   - worker3654828:Copying .gbw file from /srv/scratch/z5358697/.automated/4003/2_OPTIMIZATION/CONF1/xtb_opt/xtb_opt.gbw.
2025-04-03 21:00:27,007 -   censo.qm_processor   -  DEBUG   - worker3654828:Running ['/apps/z_install_tree/linux-rocky8-ivybridge/gcc-12.2.0/orca-6.0.0-srtngmq3qlimg2qxbl6avaaiffipurdx/bin/orca', 'sp_gas.inp']...
2025-04-03 21:00:27,012 -   censo.qm_processor   -  DEBUG   - worker3654828:Started (PID: 3654837).
2025-04-03 21:01:15,547 -   censo.qm_processor   -  DEBUG   - worker3654828:Done.
2025-04-03 21:01:15,566 -  censo.orca_processor  -  DEBUG   - worker3654828:Copying .gbw file from /srv/scratch/z5358697/.automated/4003/2_OPTIMIZATION/CONF1/xtb_opt/xtb_opt.gbw.
2025-04-03 21:01:15,596 -   censo.qm_processor   -  DEBUG   - worker3654828:Running ['/apps/z_install_tree/linux-rocky8-ivybridge/gcc-12.2.0/orca-6.0.0-srtngmq3qlimg2qxbl6avaaiffipurdx/bin/orca', 'sp_solv.inp']...
2025-04-03 21:01:15,598 -   censo.qm_processor   -  DEBUG   - worker3654828:Started (PID: 3655091).
2025-04-03 21:01:15,997 -   censo.qm_processor   -  DEBUG   - worker3654827:Done.
2025-04-03 21:01:16,018 -  censo.orca_processor  -  DEBUG   - worker3654827:Copying .gbw file from /srv/scratch/z5358697/.automated/4003/2_OPTIMIZATION/CONF2/xtb_opt/xtb_opt.gbw.
2025-04-03 21:01:16,049 -   censo.qm_processor   -  DEBUG   - worker3654827:Running ['/apps/z_install_tree/linux-rocky8-ivybridge/gcc-12.2.0/orca-6.0.0-srtngmq3qlimg2qxbl6avaaiffipurdx/bin/orca', 'sp_solv.inp']...
2025-04-03 21:01:16,052 -   censo.qm_processor   -  DEBUG   - worker3654827:Started (PID: 3655094).
2025-04-03 21:02:05,711 -   censo.qm_processor   -  DEBUG   - worker3654828:Done.
2025-04-03 21:02:05,717 -     censo.parallel     -  DEBUG   - Free cores increased 0 -> 1.
2025-04-03 21:02:06,339 -   censo.qm_processor   -  DEBUG   - worker3654827:Done.
2025-04-03 21:02:06,344 -     censo.parallel     -  DEBUG   - Free cores increased 1 -> 2.
2025-04-03 21:02:06,351 -     censo.parallel     -  DEBUG   - Checking for failed jobs...
2025-04-03 21:02:06,351 -     censo.parallel     -   INFO   - All jobs executed successfully.
2025-04-03 21:02:06,351 -censo.ensembleopt.refinement-  DEBUG   - Writing to /srv/scratch/z5358697/.automated/4003/3_REFINEMENT.out.
