----------------------------------------------- 
  Element       SASA      Sigma Z        Total  
     Z         Ang**2 cal/Ang**2/mol   kcal/mol 
----------------------------------------------- 
      H        167.894      48.690       8.175
      C         48.450     129.740       6.286
      O         23.407       0.000       0.000

 Subtotal:     239.751                  14.461
 -----------------------------------------------

  Elements    COT*SASA   Sigma Z,Z'     Total   
    Z,Z'       Ang**2  cal/Ang**2/mol kcal/mol  
 ---------------------------------------------- 
  H   C        113.176     -60.770      -6.878
  H   O          0.000       0.000       0.000
  C   C         49.793     -72.950      -3.632
  O   C         14.166      68.690       0.973

 Subtotal:                              -9.537
 ---------------------------------------------- 

 NONAQUEOUS SOLVENT CONTRIBUTION (kcal/mol):
 (proportional to SASA, atomic number independent)
 ---------------------------------------------- 
 Subtotal:                               0.000
 ---------------------------------------------- 

 CDS TOTAL (kcal/mol):                   4.924
...............................................................................
