----------------------------------------------- 
  Element       SASA      Sigma Z        Total  
     Z         Ang**2 cal/Ang**2/mol   kcal/mol 
----------------------------------------------- 
      H        120.467      48.690       5.866
      C         21.238     129.740       2.755
      O         18.319       0.000       0.000

 Subtotal:     160.025                   8.621
 -----------------------------------------------

  Elements    COT*SASA   Sigma Z,Z'     Total   
    Z,Z'       Ang**2  cal/Ang**2/mol kcal/mol  
 ---------------------------------------------- 
  H   C         73.479     -60.770      -4.465
  H   O          7.921       0.000       0.000
  C   C         25.806     -72.950      -1.883
  O   C          0.000      68.690       0.000

 Subtotal:                              -6.348
 ---------------------------------------------- 

 NONAQUEOUS SOLVENT CONTRIBUTION (kcal/mol):
 (proportional to SASA, atomic number independent)
 ---------------------------------------------- 
 Subtotal:                               0.000
 ---------------------------------------------- 

 CDS TOTAL (kcal/mol):                   2.273
...............................................................................
