----------------------------------------------- 
  Element       SASA      Sigma Z        Total  
     Z         Ang**2 cal/Ang**2/mol   kcal/mol 
----------------------------------------------- 
      H         96.184      48.690       4.683
      C         32.117     129.740       4.167
      O         31.296       0.000       0.000

 Subtotal:     159.597                   8.850
 -----------------------------------------------

  Elements    COT*SASA   Sigma Z,Z'     Total   
    Z,Z'       Ang**2  cal/Ang**2/mol kcal/mol  
 ---------------------------------------------- 
  H   C         64.855     -60.770      -3.941
  H   O          0.000       0.000       0.000
  C   C         15.297     -72.950      -1.116
  O   C         17.537      68.690       1.205
  O   O          0.000       0.000       0.000

 Subtotal:                              -3.853
 ---------------------------------------------- 

 NONAQUEOUS SOLVENT CONTRIBUTION (kcal/mol):
 (proportional to SASA, atomic number independent)
 ---------------------------------------------- 
 Subtotal:                               0.000
 ---------------------------------------------- 

 CDS TOTAL (kcal/mol):                   4.998
...............................................................................
