14
 energy: -307.639804538715 gnorm: 0.001752982406 xtb: 6.7.1 (edcfbbe)
C           -2.48573570878672       -0.05237686075660        0.34571416644331
C           -1.23860546515954       -0.66519309412552       -0.27172508460057
C            0.02725160689599        0.02892190613234        0.14108719432213
O            0.09454668989784        1.07071977537021        0.76940400916534
O            1.11898852051529       -0.64360638517895       -0.28229593232745
C            2.39858819749760       -0.04115187578213        0.04102308615268
H           -2.60293195316666        0.99343234925196        0.04872708816655
H           -3.37173228877705       -0.60055986597555        0.01505219159697
H           -2.44671393823155       -0.09521095287999        1.43794044312921
H           -1.27908018899997       -0.62339537099753       -1.36796159361932
H           -1.14030403791255       -1.72607187956568       -0.01642451210791
H            2.50998303870154        0.05300902252198        1.12443421464466
H            2.48600921154412        0.93918448625952       -0.43386925998847
H            3.14787841939000       -0.72398917322940       -0.35892432656377
14
 energy: -307.639808326275 gnorm: 0.000778279283 xtb: 6.7.1 (edcfbbe)
C           -2.48555131004015       -0.05155778150225        0.34461704764196
C           -1.23864722198826       -0.66612113377737       -0.27118006361570
C            0.02762799259221        0.02667842046567        0.14332565675235
O            0.09416868936816        1.06961693944158        0.77142006636675
O            1.11912714651005       -0.64422822207640       -0.28215080583068
C            2.39834253943130       -0.04090469983992        0.04033367584661
H           -2.60058404400605        0.99426146787233        0.04739517014163
H           -3.37194831743099       -0.59898456217785        0.01366680768080
H           -2.44668990210196       -0.09381274752111        1.43685265409800
H           -1.27777433696716       -0.62578373817455       -1.36728148188439
H           -1.14152316131698       -1.72647782538986       -0.01419352410711
H            2.51086082738366        0.05139432980326        1.12300877376299
H            2.48277152588455        0.94091088595577       -0.43167785037173
H            3.14796161066359       -0.72127956397555       -0.36195464376048
14
 energy: -307.639808326275 gnorm: 0.000778279283 xtb: 6.7.1 (edcfbbe)
C           -2.48555131004015       -0.05155778150225        0.34461704764196
C           -1.23864722198826       -0.66612113377737       -0.27118006361570
C            0.02762799259221        0.02667842046567        0.14332565675235
O            0.09416868936816        1.06961693944158        0.77142006636675
O            1.11912714651005       -0.64422822207640       -0.28215080583068
C            2.39834253943130       -0.04090469983992        0.04033367584661
H           -2.60058404400605        0.99426146787233        0.04739517014163
H           -3.37194831743099       -0.59898456217785        0.01366680768080
H           -2.44668990210196       -0.09381274752111        1.43685265409800
H           -1.27777433696716       -0.62578373817455       -1.36728148188439
H           -1.14152316131698       -1.72647782538986       -0.01419352410711
H            2.51086082738366        0.05139432980326        1.12300877376299
H            2.48277152588455        0.94091088595577       -0.43167785037173
H            3.14796161066359       -0.72127956397555       -0.36195464376048
