29
 energy: -34.681543724504 gnorm: 0.031685172934 xtb: 6.7.1 (edcfbbe)
C           -3.36865509936159        0.28013520809175        0.15511046621960
C           -2.18179658438170       -0.54891441422717       -0.33100018483844
H           -2.55421357499076       -1.33027210686972       -1.00355857156260
C           -1.45574990052820       -1.22062827580062        0.85452986281450
C            0.05212253636614       -1.33384870224180        0.62681625579680
C            0.65423087257685        0.07491095222479        0.57606420531180
H            0.59134223235677        0.50709360696299        1.58599288318640
C           -0.17195479764722        0.99261690649652       -0.30556817316402
O            0.02338367366504        2.20692628999390       -0.32245945348999
C           -1.20462503051736        0.32478964995023       -1.16105858690095
C            2.14814273856645        0.14974114248337        0.15700644740216
C            3.01567296290840       -0.69592399981646        1.08812543936531
C            2.37978193767462       -0.24270770635486       -1.30388185447251
H           -4.04781504837601       -0.33345541745675        0.75755260458576
H           -3.02442408442762        1.11276920494718        0.78105409412425
H           -3.93781296670712        0.69542870374249       -0.68329569041224
H           -1.61557947164293       -0.61639663898096        1.75908771355185
H           -1.89828451948892       -2.20285739244476        1.05073878613304
H            0.51595348975860       -1.90055054689435        1.43950728393111
H            0.25396447635187       -1.88199587931923       -0.30173199055195
H           -1.73833529263377        1.06622451571736       -1.76163902688808
H           -0.64266811095979       -0.32997119409364       -1.84234330962682
H            2.44214224550854        1.20054993340047        0.27500160977786
H            2.83417191763754       -0.44817377315185        2.13975836275491
H            4.07627758924054       -0.52503684831779        0.87546170289376
H            2.81909212918702       -1.76481932419477        0.95087693961300
H            2.09539368395319       -1.28401179034161       -1.48971741657471
H            3.44117880564543       -0.14061684645988       -1.55387815471101
H            1.81536930488170        0.39475147310227       -1.99358389186120
29
 energy: -34.682666323836 gnorm: 0.009759497857 xtb: 6.7.1 (edcfbbe)
C           -3.35650837656312        0.27994012272755        0.15529958154755
C           -2.17525964985443       -0.55230221334017       -0.33259256884968
H           -2.55653154993339       -1.33114695063586       -1.00082148588347
C           -1.45458385774123       -1.21358492807075        0.85462114707876
C            0.04785083734782       -1.33065719783702        0.61777861084732
C            0.65195742281020        0.07337629766898        0.57677948600203
H            0.59605349453234        0.50373721395305        1.58576227277049
C           -0.16672496340562        0.99165034898158       -0.30389526253169
O            0.02182526139825        2.19786215766526       -0.32200579727748
C           -1.19712300742753        0.31633957337546       -1.15450351042199
C            2.14310399569974        0.14916390122685        0.15952740433271
C            3.01463960051980       -0.69650120344328        1.08349893430823
C            2.37329387024998       -0.24848233961390       -1.29615714081080
H           -4.03132126478032       -0.33249746575429        0.75275210184622
H           -3.01221723871376        1.11233016283558        0.77062123295662
H           -3.91965107295855        0.68731222738934       -0.68302647412919
H           -1.61395698636916       -0.61095185243641        1.75504354465062
H           -1.88788642836766       -2.19776853505131        1.04144856096368
H            0.50263900309581       -1.89530082692605        1.43299528414310
H            0.24168956147717       -1.87207901156406       -0.31047668189030
H           -1.73986908243902        1.05925228315877       -1.74056509204990
H           -0.64534985627457       -0.33142610402802       -1.84269386435775
H            2.43517690605857        1.20067478082292        0.26978202845861
H            2.83308832773612       -0.44400136624226        2.12719593681334
H            4.06745911835307       -0.51861372699212        0.86882798474260
H            2.81758480976674       -1.75823261667971        0.94321324038926
H            2.08887154851507       -1.28417605880537       -1.47734011576549
H            3.42955794610951       -0.14384909779437       -1.54183472930263
H            1.80849774577390        0.39568915555674       -1.97026627617318
29
 energy: -34.682784417796 gnorm: 0.002140682937 xtb: 6.7.1 (edcfbbe)
C           -3.35018434440959        0.28294543736160        0.15255660311653
C           -2.16966380203614       -0.55313948835523       -0.33215017604907
H           -2.55490368462679       -1.33042361745390       -0.99883546382919
C           -1.45324672478831       -1.21620922846199        0.85434638835395
C            0.04895457662303       -1.33224107508175        0.61787336688695
C            0.65021517608169        0.07139158559980        0.57955935839694
H            0.59811586965269        0.49860547871338        1.58925687334805
C           -0.16653212562664        0.99184896421132       -0.29936568448257
O            0.02084684389227        2.19504795747369       -0.32119639296319
C           -1.19393702088225        0.31354372116804       -1.15386856709355
C            2.13959294108963        0.14848878374372        0.16051208157789
C            3.01409849724087       -0.69411534473065        1.08471954032491
C            2.36547998001760       -0.25084056476327       -1.29538319167414
H           -4.02170435109761       -0.32768209483150        0.75129543032681
H           -3.00225026099739        1.11536774971870        0.76146139051427
H           -3.91134032884854        0.68591912364559       -0.68701610807602
H           -1.61262827811133       -0.61386096118589        1.75201820970810
H           -1.88262557665667       -2.20113960016689        1.03904873342734
H            0.50247708934407       -1.89831214377065        1.43128607573552
H            0.23768233938027       -1.86687898477732       -0.31227358439375
H           -1.73908825770645        1.05929395959116       -1.73359926592415
H           -0.64512673511235       -0.32891981063823       -1.84558460879671
H            2.42922686383198        1.20086051789135        0.26689217391165
H            2.83343265161824       -0.44158349655009        2.12632032800952
H            4.06319290544351       -0.51202571718094        0.86627306402348
H            2.81693506759351       -1.75260312126220        0.94091858766855
H            2.07975487992057       -1.28431619668520       -1.47108449323433
H            3.41974609261821       -0.14755219270592       -1.54050753530994
H            1.79978583116763        0.39428708963037       -1.96450478109626
29
 energy: -34.682802551954 gnorm: 0.001103763358 xtb: 6.7.1 (edcfbbe)
C           -3.34732082888546        0.28462983840434        0.15159753749187
C           -2.16813752128411       -0.55468556131711       -0.33339722124856
H           -2.55479840247554       -1.33155099331010       -0.99988734279678
C           -1.45354735435315       -1.21815508373345        0.85388412542864
C            0.04941482272238       -1.33331888655915        0.61777177009157
C            0.64959256378396        0.07065191399656        0.58277748227498
H            0.59753494599229        0.49605524104945        1.59321232732486
C           -0.16541893006322        0.99127903325383       -0.29748005440612
O            0.01991223157374        2.19472312297495       -0.31869768658072
C           -1.19239562870451        0.31224375500341       -1.15406809287718
C            2.13815860084518        0.14961557822388        0.16145971913545
C            3.01510511868784       -0.69185631522077        1.08505322666242
C            2.36124489883062       -0.25237013479223       -1.29485593406161
H           -4.01837262750808       -0.32307902656796        0.75352161082917
H           -2.99633023072871        1.11865548208300        0.75649282189337
H           -3.90840428305168        0.68517007674595       -0.68914193074377
H           -1.61381934217018       -0.61690665656647        1.75189522924726
H           -1.88214333783716       -2.20358788403442        1.03694979614359
H            0.50317445999242       -1.90101626624231        1.42966232401065
H            0.23748977138239       -1.86515165811041       -0.31376230662013
H           -1.73784880448182        1.05976627874338       -1.73152599166412
H           -0.64347988739985       -0.32706203320015       -1.84790948165230
H            2.42676929215840        1.20252168682005        0.26576994268376
H            2.83454857602500       -0.43922374070077        2.12651802718414
H            4.06345297762505       -0.50764967588000        0.86517314328583
H            2.81879107176917       -1.75034121994677        0.94100394379469
H            2.07344531889330       -1.28556117395164       -1.46796121113309
H            3.41505056149962       -0.15070510778839       -1.54213113061553
H            1.79463808177778        0.39266614077041       -1.96295629067476
29
 energy: -34.682813765110 gnorm: 0.001508516437 xtb: 6.7.1 (edcfbbe)
C           -3.34309100735210        0.28833146056090        0.14920371598125
C           -2.16641685206077       -0.55652711610550       -0.33570958937624
H           -2.55482489286373       -1.33216639981607       -1.00276071935072
C           -1.45429160138331       -1.22272429278177        0.85195764946123
C            0.05008519753083       -1.33584371033035        0.61790991792710
C            0.64853059328458        0.06888595419255        0.58830621062022
H            0.59689371239874        0.49084627275041        1.60015874101018
C           -0.16626750771014        0.99000234054369       -0.29121449428209
O            0.01726782303321        2.19405901444810       -0.31185764651536
C           -1.19003094798888        0.31079036705425       -1.15439672800998
C            2.13588653165809        0.15090046547203        0.16291095701244
C            3.01871335006469       -0.68628245307276        1.08568432184154
C            2.35322624856431       -0.25549807731554       -1.29396276316891
H           -4.01288938280486       -0.31269436889568        0.75947983780016
H           -2.98574262059500        1.12623220950954        0.74565339694956
H           -3.90636957970771        0.68388802552940       -0.69276061170696
H           -1.61705917117308       -0.62445859901040        1.75166194749222
H           -1.88207992027888       -2.20931544345131        1.03119793922660
H            0.50439178480623       -1.90707540050358        1.42700680401062
H            0.23814469985881       -1.86323959834544       -0.31617362328982
H           -1.73439465623408        1.06109653379097       -1.72971240697143
H           -0.63927231356435       -0.32410660419848       -1.85054540934013
H            2.42227256743361        1.20480628425845        0.26302425350489
H            2.83865184295819       -0.43328147264276        2.12742456360273
H            4.06612236179365       -0.49796992136926        0.86357758229403
H            2.82575448745702       -1.74585258806660        0.94293908947691
H            2.06130411629280       -1.28856223839096       -1.46251995018820
H            3.40647297410234       -0.15764144115685       -1.54592146971470
H            1.78531827709550        0.38915752749015       -1.96159316388955
29
 energy: -34.682818486127 gnorm: 0.000648369421 xtb: 6.7.1 (edcfbbe)
C           -3.34296187146834        0.28892672958562        0.14944706065650
C           -2.16704853922654       -0.55585787672954       -0.33589850405048
H           -2.55570007046651       -1.33076012525306       -1.00360856609510
C           -1.45467083588830       -1.22360439562505        0.85089637758239
C            0.04949758715003       -1.33649217252087        0.61771637695656
C            0.64850122560301        0.06812866544095        0.58790262257790
H            0.59695714774817        0.49005227915486        1.59978137947747
C           -0.16594233994810        0.98964486071681       -0.29133284705922
O            0.01650695891437        2.19396352622939       -0.30917090908249
C           -1.18997441486435        0.31151862039637       -1.15392799487689
C            2.13584807818083        0.15046836514503        0.16237274965596
C            3.01923847193576       -0.68486841972093        1.08570244893064
C            2.35342756066184       -0.25617321524880       -1.29393132528189
H           -4.01200649173007       -0.31129045606875        0.76135388287048
H           -2.98544415377507        1.12761979160018        0.74461875816277
H           -3.90805320163211        0.68355640023106       -0.69172054721495
H           -1.61798061909009       -0.62629971337120        1.75128612377928
H           -1.88273674990915       -2.21035205214523        1.02904149497569
H            0.50324078583484       -1.90771438799010        1.42727856146300
H            0.23858502540851       -1.86457243482632       -0.31593730820176
H           -1.73386627625252        1.06137384344187       -1.73008426378308
H           -0.63901278109835       -0.32448344104479       -1.84921003743207
H            2.42151755042503        1.20457644586245        0.26204084635731
H            2.83958016030419       -0.43128428341913        2.12746927903221
H            4.06647673922061       -0.49568149943076        0.86339943773351
H            2.82805856766851       -1.74504725723575        0.94435401115098
H            2.06164488339841       -1.28927846458056       -1.46273383730751
H            3.40670464435254       -0.15862893044754       -1.54590477361040
H            1.78591907315853        0.38831632800091       -1.96223214495922
29
 energy: -34.682822145256 gnorm: 0.000611165452 xtb: 6.7.1 (edcfbbe)
C           -3.34200462193979        0.29055109962091        0.15029755847320
C           -2.16780193724574       -0.55460389045763       -0.33665049743239
H           -2.55735574282694       -1.32779347622644       -1.00575023161011
C           -1.45548203935859       -1.22515021954293        0.84881619669227
C            0.04847244202669       -1.33782091577116        0.61679253411961
C            0.64800218912109        0.06669479688596        0.58758979735837
H            0.59759420878994        0.48783224723463        1.59982634058326
C           -0.16779142230071        0.98951603619255       -0.28880709525902
O            0.01389251568789        2.19396406248556       -0.30307834736161
C           -1.18921050730110        0.31224416727106       -1.15366232314936
C            2.13521335749068        0.14976535693195        0.16137804355894
C            3.02041716588099       -0.68189921169415        1.08561865461018
C            2.35337628789917       -0.25823810770014       -1.29389177078757
H           -4.00901181408921       -0.30826445221302        0.76578352659208
H           -2.98352635081881        1.13106099794181        0.74219054710300
H           -3.91037495635675        0.68272186919487       -0.68976625375972
H           -1.61974666972710       -0.63022766441225        1.75067553584474
H           -1.88368147075891       -2.21239738583476        1.02402094587037
H            0.50132835718082       -1.90881186654235        1.42714373680122
H            0.23906535650049       -1.86662592171547       -0.31627777006180
H           -1.73200754635368        1.06131403087316       -1.73160138236347
H           -0.63721349705713       -0.32557732109578       -1.84670725372970
H            2.41901836262019        1.20454056754534        0.25969026972674
H            2.84108148308691       -0.42661305506759        2.12700921895229
H            4.06716957971459       -0.49085870976932        0.86259396047963
H            2.83190166099815       -1.74291482938405        0.94694849114994
H            2.06172078379049       -1.29137973284603       -1.46250394965703
H            3.40673545717150       -0.16112831553638       -1.54554063374777
H            1.78652548279059        0.38585657377883       -1.96316949658870
29
 energy: -34.682823737552 gnorm: 0.000418549677 xtb: 6.7.1 (edcfbbe)
C           -3.34068810822578        0.29224160315758        0.15083689251730
C           -2.16777793112880       -0.55428388097508       -0.33725386236813
H           -2.55876928145130       -1.32619806202050       -1.00698991152083
C           -1.45581050127056       -1.22701024534033        0.84725531830608
C            0.04843982829071       -1.33896049793867        0.61612689091336
C            0.64754771622315        0.06578155286527        0.58810081744058
H            0.59773221369388        0.48579888503369        1.60083203805233
C           -0.16816587324284        0.98937931756549       -0.28769583392867
O            0.01120393942489        2.19423383577408       -0.29843001178966
C           -1.18849623035198        0.31221922556981       -1.15389075493152
C            2.13445257679991        0.14992868829672        0.16093815689000
C            3.02093907085867       -0.67952565411751        1.08607429784065
C            2.35245780574556       -0.25982892499177       -1.29397690387531
H           -4.00622776013634       -0.30530733114662        0.76915501396370
H           -2.98038142413237        1.13375717638627        0.74019078367516
H           -3.91098193546816        0.68295999121285       -0.68863569009882
H           -1.62064616482435       -0.63372952120198        1.75000076228989
H           -1.88391064118228       -2.21464894957215        1.02038270070775
H            0.50096779065626       -1.91019332144982        1.42650229080190
H            0.23959668497036       -1.86724391127032       -0.31704962262491
H           -1.73102199463220        1.06116649803352       -1.73230668808780
H           -0.63598199009591       -0.32576093887674       -1.84620644404315
H            2.41702782807147        1.20523156372943        0.25766826296272
H            2.84178265379539       -0.42293141970810        2.12714759069159
H            4.06732115855996       -0.48761746323307        0.86213592141362
H            2.83332045608814       -1.74084771124027        0.94885638415066
H            2.06075029905062       -1.29316576900230       -1.46122312217370
H            3.40589074869384       -0.16317066545028       -1.54551374110815
H            1.78573517983578        0.38348266005798       -1.96406318365904
29
 energy: -34.682823601827 gnorm: 0.000592317107 xtb: 6.7.1 (edcfbbe)
C           -3.33949900051889        0.29377676849647        0.15131057062289
C           -2.16775308826947       -0.55398512523213       -0.33779942138531
H           -2.56004891145663       -1.32473592936769       -1.00811933111123
C           -1.45610868373523       -1.22871424180926        0.84582967783527
C            0.04841031351326       -1.34001125147432        0.61553625666051
C            0.64713588744313        0.06493739263828        0.58857320172004
H            0.59786040359391        0.48393279047687        1.60175653553813
C           -0.16845126540608        0.98925195409316       -0.28671947300033
O            0.00878862115482        2.19448370749431       -0.29417970634934
C           -1.18784153709230        0.31221634094831       -1.15408338464897
C            2.13375985145584        0.15007174336362        0.16053688541184
C            3.02142185119406       -0.67735586420420        1.08649067886843
C            2.35160564195472       -0.26128076574600       -1.29405617109677
H           -4.00367831568683       -0.30261683916816        0.77223885236053
H           -2.97753639060010        1.13623493474716        0.73832025125323
H           -3.91157003060319        0.68313506245472       -0.68762670108962
H           -1.62146746322024       -0.63692336575297        1.74937538487441
H           -1.88413080356437       -2.21670407853575        1.01706574847954
H            0.50063068287105       -1.91145981702486        1.42594335119856
H            0.24008616418830       -1.86782691496789       -0.31773050260394
H           -1.73013308005954        1.06106040825163       -1.73291224513762
H           -0.63487161314144       -0.32590312491003       -1.84575338385169
H            2.41520567565041        1.20586050153138        0.25581920757749
H            2.84242959642126       -0.41958497660314        2.12727822936745
H            4.06746002944368       -0.48462881479261        0.86171450802197
H            2.83464820692024       -1.73895960810678        0.95058609882241
H            2.05982894132164       -1.29478880114286       -1.46006095753386
H            3.40510838350337       -0.16505774490441       -1.54548786898397
H            1.78501604734033        0.38133238939433       -1.96487793941248
29
 energy: -34.682824722574 gnorm: 0.000147370728 xtb: 6.7.1 (edcfbbe)
C           -3.33942486685657        0.29371860474549        0.15177765865441
C           -2.16781396865243       -0.55419675996749       -0.33775631438593
H           -2.56027269154651       -1.32510232506662       -1.00780642596542
C           -1.45603644871396       -1.22838783680347        0.84604603449638
C            0.04849882537721       -1.33962277341101        0.61522135865946
C            0.64714000294112        0.06533429162514        0.58823378812755
H            0.59768035451054        0.48450365961375        1.60131486690622
C           -0.16925319103466        0.98933018572800       -0.28664067248833
O            0.00820686474286        2.19445514991326       -0.29500637393290
C           -1.18807655686582        0.31176403535042       -1.15448253079193
C            2.13384836147158        0.15030286851846        0.16053917583568
C            3.02096536448995       -0.67781637931572        1.08652421539470
C            2.35226060974766       -0.26097613329705       -1.29407432590370
H           -4.00433203672276       -0.30298187670951        0.77151974825386
H           -2.97744564240209        1.13525871753565        0.74002879776102
H           -3.91066693049328        0.68437769904429       -0.68703003346466
H           -1.62114219785925       -0.63646496545656        1.74959421680043
H           -1.88382411789184       -2.21641087450576        1.01761487497495
H            0.50095295796097       -1.91110960448483        1.42543052266699
H            0.23998789863170       -1.86733201835299       -0.31815100168351
H           -1.73032737217851        1.06041263675635       -1.73360490376415
H           -0.63499540252941       -0.32651122131064       -1.84591092496625
H            2.41574762923628        1.20588617421161        0.25615270322904
H            2.84197715661088       -0.41980665933205        2.12726391011939
H            4.06722628640480       -0.48609143111179        0.86196359178031
H            2.83322487613583       -1.73927046124088        0.95065616696233
H            2.06118120337864       -1.29468525624421       -1.46006155365392
H            3.40573304312795       -0.16403030975230       -1.54540812401037
H            1.78528610359483        0.38120959346766       -1.96498009320407
29
 energy: -34.682825412062 gnorm: 0.000166271956 xtb: 6.7.1 (edcfbbe)
C           -3.33875577453015        0.29450005485972        0.15277304085430
C           -2.16804780630381       -0.55420309211261       -0.33774554598863
H           -2.56154522719353       -1.32475876819739       -1.00757560571513
C           -1.45585830198831       -1.22882031540904        0.84554458339772
C            0.04871503762461       -1.33970294876651        0.61441158278443
C            0.64689271835294        0.06544344421342        0.58772115502171
H            0.59728197411663        0.48454857022524        1.60081273287081
C           -0.17018827108402        0.98927510656034       -0.28671203423991
O            0.00637652194018        2.19450197335301       -0.29475459986147
C           -1.18823237590225        0.31103831856775       -1.15509742381312
C            2.13365511980086        0.15053650211717        0.16043365984384
C            3.02045137115327       -0.67749146799172        1.08690596682082
C            2.35277724654348       -0.26112741231530       -1.29400107494055
H           -4.00434487273441       -0.30222001652012        0.77175734654453
H           -2.97567734286133        1.13488591364425        0.74202402200836
H           -3.90939114163841        0.68683963284806       -0.68565467175642
H           -1.62088608758219       -0.63745240276019        1.74947884853268
H           -1.88324248746625       -2.21707026616366        1.01672603700316
H            0.50137771441156       -1.91134065140004        1.42437513104266
H            0.24015814187748       -1.86703207389792       -0.31918216002773
H           -1.73037728853468        1.05932952454397       -1.73476678258968
H           -0.63500351638546       -0.32772381084482       -1.84593307231400
H            2.41550440501998        1.20611383945147        0.25595553698763
H            2.84166618346924       -0.41849650859805        2.12743420575565
H            4.06685455178005       -0.48676645408996        0.86212274300403
H            2.83180166922777       -1.73889917661703        0.95188751451380
H            2.06310256221826       -1.29530121959564       -1.45952262100329
H            3.40616838201777       -0.16286439559252       -1.54516803956472
H            1.78507300926641        0.38001483063532       -1.96528212276390
29
 energy: -34.682826076632 gnorm: 0.000258805085 xtb: 6.7.1 (edcfbbe)
C           -3.33738433637358        0.29598253755289        0.15424900641699
C           -2.16839192526101       -0.55426476537508       -0.33779644556089
H           -2.56366532310063       -1.32407687743516       -1.00744167977028
C           -1.45589810549398       -1.23002756923141        0.84470686023253
C            0.04872206462598       -1.34001723119126        0.61327117014295
C            0.64649077184002        0.06530075770706        0.58714424548927
H            0.59648697267458        0.48420703064449        1.60030614394691
C           -0.17106849826512        0.98887268205119       -0.28710457062962
O            0.00409529219209        2.19426929068053       -0.29431413264563
C           -1.18835615581347        0.30995485862630       -1.15594736308815
C            2.13332857523537        0.15090498730267        0.16030099216947
C            3.01991255975930       -0.67655889819070        1.08752670836984
C            2.35329671280407       -0.26133559927409       -1.29385555398129
H           -4.00405660485023       -0.30040345269844        0.77236232220167
H           -2.97266076723160        1.13479575372008        0.74473771187639
H           -3.90734111274073        0.69072304856965       -0.68350376810126
H           -1.62095206858540       -0.63974538847712        1.74935251901346
H           -1.88279543694911       -2.21866272878160        1.01489032639777
H            0.50164695611420       -1.91185585547187        1.42291085413695
H            0.24033373903148       -1.86679643670501       -0.32058146833327
H           -1.73025115862684        1.05775832427071       -1.73648008527776
H           -0.63504610494079       -0.32965327399767       -1.84587283078358
H            2.41488732924519        1.20658123181161        0.25554194618537
H            2.84161086313011       -0.41612154906573        2.12777596024582
H            4.06637921817086       -0.48689957003839        0.86216361732578
H            2.83045469259703       -1.73799696131434        0.95390288666676
H            2.06570994801038       -1.29621119237616       -1.45860098245440
H            3.40650141847017       -0.16113953024101       -1.54506638415464
H            1.78431659894736        0.37817310707510       -1.96560965362955
29
 energy: -34.682826717205 gnorm: 0.000184201356 xtb: 6.7.1 (edcfbbe)
C           -3.33594819587766        0.29783943147821        0.15588890815658
C           -2.16896822913882       -0.55414677008872       -0.33777825459976
H           -2.56632764042397       -1.32303966161855       -1.00723744286588
C           -1.45582257984243       -1.23147772264453        0.84354551649140
C            0.04884441773740       -1.34072620769884        0.61214554876757
C            0.64587663947731        0.06493047585115        0.58657348379389
H            0.59531459512878        0.48366675486799        1.59978735857790
C           -0.17169807205913        0.98825430116609       -0.28789791564061
O            0.00238376050792        2.19380939399130       -0.29457220736803
C           -1.18850108073657        0.30872612948928       -1.15680524347918
C            2.13283415359322        0.15115799425579        0.16032312833503
C            3.01953625659571       -0.67535500509145        1.08825154129765
C            2.35363652404068       -0.26151675428295       -1.29355372489671
H           -4.00385068600782       -0.29800534359310        0.77323327472292
H           -2.96912217387747        1.13489859270071        0.74760740349031
H           -3.90521282500640        0.69529123734099       -0.68108805014472
H           -1.62114471048519       -0.64271018541283        1.74912904220378
H           -1.88223089567568       -2.22056278458659        1.01228718027574
H            0.50199387187410       -1.91278076498749        1.42152512539721
H            0.24072777708016       -1.86694929048389       -0.32196540557679
H           -1.73011274634546        1.05602231759766       -1.73822409476460
H           -0.63525299220807       -0.33188309342392       -1.84582822529048
H            2.41372443893698        1.20704859671579        0.25528144222836
H            2.84177891398302       -0.41343790268678        2.12822179949745
H            4.06598457003757       -0.48640017523185        0.86217458945596
H            2.82966258238265       -1.73691681733175        0.95618169128674
H            2.06849847846058       -1.29718912135419       -1.45757795510667
H            3.40657506334704       -0.15900093221582       -1.54495430308725
H            1.78312689911726        0.37621003742553       -1.96570585875022
29
 energy: -34.682827290170 gnorm: 0.000095744858 xtb: 6.7.1 (edcfbbe)
C           -3.33450644244793        0.29957080215429        0.15745309929807
C           -2.16946413723869       -0.55405150145938       -0.33774869790771
H           -2.56876899382135       -1.32197262376322       -1.00716207118257
C           -1.45607232611807       -1.23315421041477        0.84253622360424
C            0.04864284491776       -1.34141169104222        0.61115798583566
C            0.64533021505740        0.06441098104831        0.58607685236465
H            0.59412776721994        0.48298289274360        1.59932882178846
C           -0.17189612907539        0.98752878719116       -0.28890213012496
O            0.00197290017966        2.19312241398833       -0.29559034913260
C           -1.18870177596451        0.30776527282158       -1.15751448410856
C            2.13243813501028        0.15140496764382        0.16042678677856
C            3.01938382930855       -0.67408064834833        1.08895063490056
C            2.35383295657828       -0.26160981713220       -1.29322563771315
H           -4.00333836518122       -0.29568128683953        0.77439948800404
H           -2.96583415559167        1.13529341630803        0.74995562665881
H           -3.90340256458369        0.69910475572516       -0.67881962843208
H           -1.62167651573685       -0.64588135953919        1.74902251000995
H           -1.88210180377195       -2.22268167361742        1.00973458612777
H            0.50190140505833       -1.91354182811149        1.42042909127387
H            0.24096293128732       -1.86728955108415       -0.32305671922897
H           -1.73002754842719        1.05473597457076       -1.73962018376077
H           -0.63568516455628       -0.33373577691729       -1.84588270352717
H            2.41255346182877        1.20755139816149        0.25509543773600
H            2.84196766101306       -0.41114097894485        2.12872272097798
H            4.06572412833447       -0.48520300932957        0.86230503847340
H            2.82966848143821       -1.73581384151657        0.95804261561306
H            2.07069546528289       -1.29793015401852       -1.45666272432660
H            3.40653613936263       -0.15719238449712       -1.54481190883641
H            1.78204371525295        0.37465740436651       -1.96567192875592
29
 energy: -34.682827860033 gnorm: 0.000125702280 xtb: 6.7.1 (edcfbbe)
C           -3.33309876317342        0.30147333426186        0.15919251155456
C           -2.17014380766404       -0.55393368577481       -0.33777041127053
H           -2.57152062674092       -1.32074118231873       -1.00722609434007
C           -1.45633262156977       -1.23489704656721        0.84130769297503
C            0.04847745236241       -1.34233915270055        0.61018652302803
C            0.64464358018199        0.06371649069610        0.58565518334407
H            0.59259623581214        0.48213165025091        1.59892827709519
C           -0.17196839759978        0.98664654147915       -0.29007315507034
O            0.00245274256090        2.19216998917120       -0.29742186917473
C           -1.18902437490685        0.30679195500069       -1.15818033447348
C            2.13190914078601        0.15158600494019        0.16061932909667
C            3.01938652692227       -0.67260317109879        1.08970547714794
C            2.35408936612955       -0.26171309018892       -1.29281914460231
H           -4.00257088079104       -0.29296080376817        0.77622368930414
H           -2.96241322402356        1.13604225584131        0.75205503477115
H           -3.90200488963494        0.70281991689626       -0.67620446603935
H           -1.62231176509209       -0.64943580292236        1.74888341356207
H           -1.88196162999861       -2.22491083951997        1.00662339942624
H            0.50178560470642       -1.91451618668311        1.41942685807991
H            0.24129046208246       -1.86791257837378       -0.32409921357413
H           -1.73009110049007        1.05351808842976       -1.74083874935123
H           -0.63633469772720       -0.33552034638871       -1.84605939480851
H            2.41103212812094        1.20803602572724        0.25495898833968
H            2.84198676524685       -0.40895840239996        2.12929952959413
H            4.06556562685069       -0.48320672576658        0.86274878101776
H            2.83040078281106       -1.73456812193870        0.95967376135547
H            2.07270029135371       -1.29858383315631       -1.45574570296938
H            3.40659184905623       -0.15561954360628       -1.54454556595522
H            1.78117433904437        0.37324499062556       -1.96553599565518
29
 energy: -34.682828355327 gnorm: 0.000131210868 xtb: 6.7.1 (edcfbbe)
C           -3.33163513347740        0.30344643004577        0.16121010033249
C           -2.17083420030424       -0.55375284294740       -0.33769897023737
H           -2.57452685976716       -1.31934812700601       -1.00713075778099
C           -1.45664908660613       -1.23683734381877        0.84001806319550
C            0.04828373771112       -1.34330609891391        0.60898464051287
C            0.64393915987006        0.06297601392876        0.58500714191971
H            0.59095794178835        0.48123439196677        1.59828595729370
C           -0.17208384300835        0.98573925384811       -0.29145187979215
O            0.00330340092476        2.19112873850748       -0.29993120278552
C           -1.18949699492768        0.30580022050106       -1.15897214764877
C            2.13141081491330        0.15185873886228        0.16090743226224
C            3.01938955975205       -0.67105435112002        1.09060384190016
C            2.35435350641389       -0.26184917138882       -1.29230856774609
H           -4.00146076203095       -0.29004105124263        0.77878266021168
H           -2.95855116179523        1.13701573817762        0.75399372950736
H           -3.90081546880081        0.70633601571642       -0.67327497031929
H           -1.62298513568927       -0.65327582202707        1.74872634605985
H           -1.88180256109370       -2.22738418595033        1.00337832759386
H            0.50164298412678       -1.91556508895074        1.41815929675475
H            0.24157684918677       -1.86854108774039       -0.32539217369823
H           -1.73031388981397        1.05234809748825       -1.74209256978185
H           -0.63718094311778       -0.33725649684288       -1.84647655896676
H            2.40943340393229        1.20863640048393        0.25490269721917
H            2.84157210942637       -0.40700737013957        2.13002078936625
H            4.06542074342124       -0.48074303757542        0.86371453104759
H            2.83147196549254       -1.73327971217767        0.96111660589257
H            2.07453206891779       -1.29921929954564       -1.45480969130072
H            3.40672555600129       -0.15427799529400       -1.54389594788470
H            1.78062835316982        0.37197577330209       -1.96540837071968
29
 energy: -34.682828732882 gnorm: 0.000106586642 xtb: 6.7.1 (edcfbbe)
C           -3.33054974172253        0.30484176522995        0.16287594767147
C           -2.17140782188560       -0.55373027114287       -0.33766001113847
H           -2.57677684556865       -1.31848262148563       -1.00704683999656
C           -1.45677278670742       -1.23811729494468        0.83907527413104
C            0.04821942353894       -1.34389640371660        0.60793191333544
C            0.64341389681453        0.06256612409333        0.58442485016914
H            0.58962287786157        0.48073331711651        1.59770068499287
C           -0.17225993101737        0.98513270815697       -0.29257362486898
O            0.00383028184537        2.19041826015074       -0.30198244530709
C           -1.19004735561025        0.30508456261717       -1.15956446148696
C            2.13105012698607        0.15201724469060        0.16103916067000
C            3.01916331627866       -0.67002294824672        1.09136592153230
C            2.35492608491515       -0.26195164431416       -1.29197681225447
H           -4.00035800085413       -0.28796164991695        0.78109730959010
H           -2.95579427359563        1.13786059943004        0.75537485362044
H           -3.90022846256980        0.70857180183823       -0.67085601036754
H           -1.62320887961259       -0.65592018647904        1.74863037325293
H           -1.88150646660179       -2.22905375766080        1.00111491835617
H            0.50175779607760       -1.91624052291146        1.41695233016205
H            0.24171372994793       -1.86880443574544       -0.32658655632046
H           -1.73080089559670        1.05150958176712       -1.74291238656269
H           -0.63809188903327       -0.33846152124891       -1.84691093419448
H            2.40841090645647        1.20897793386283        0.25481908469245
H            2.84062496919834       -0.40592471585996        2.13064941523855
H            4.06515647858551       -0.47892698254475        0.86495370491612
H            2.83212889383979       -1.73241121741356        0.96196181607798
H            2.07586989458876       -1.29956101434263       -1.45420052986475
H            3.40730079807019       -0.15370964778767       -1.54327902751839
H            1.78091998998660        0.37121966695565       -1.96544956612060
29
 energy: -34.682829082328 gnorm: 0.000060194800 xtb: 6.7.1 (edcfbbe)
C           -3.33006652370911        0.30548232749968        0.16407638158166
C           -2.17178121016468       -0.55367877687255       -0.33751712041614
H           -2.57812175771250       -1.31801037043575       -1.00677801782834
C           -1.45672759382332       -1.23873247952112        0.83858038102320
C            0.04825914823434       -1.34412358825454        0.60710391131740
C            0.64316494982064        0.06244321548651        0.58377986515707
H            0.58879498725635        0.48063593735456        1.59701513335370
C           -0.17238707183184        0.98484667460656       -0.29351759614230
O            0.00424279797165        2.19003934610185       -0.30373298771941
C           -1.19057425535312        0.30471367323622       -1.15999674246819
C            2.13096768155234        0.15218542662668        0.16111914552833
C            3.01882640200261       -0.66960448330200        1.09193096630458
C            2.35555486501992       -0.26200663914295       -1.29174245785975
H           -3.99953595427268       -0.28691850704784        0.78302709376739
H           -2.95432792255818        1.13836920764937        0.75609330917344
H           -3.90036252607866        0.70940425387266       -0.66912081881025
H           -1.62306793832699       -0.65722423338809        1.74858138493474
H           -1.88119737999446       -2.22986953969493        1.00002500897427
H            0.50206865523303       -1.91654445582675        1.41591451232831
H            0.24169648286290       -1.86877526822881       -0.32756508393180
H           -1.73141906950536        1.05108865737559       -1.74332854090665
H           -0.63892686655458       -0.33902623778292       -1.84741553332071
H            2.40808654594382        1.20920951978788        0.25485798407419
H            2.83928420198001       -0.40587171025388        2.13113216116141
H            4.06489322408102       -0.47786597340155        0.86642593338095
H            2.83248648783520       -1.73206208957166        0.96209848949435
H            2.07656227261054       -1.29962710266552       -1.45398180320448
H            3.40805153635513       -0.15379698810506       -1.54253364412618
H            1.78186194574172        0.37107693404569       -1.96556296241319
29
 energy: -34.682829525195 gnorm: 0.000059613618 xtb: 6.7.1 (edcfbbe)
C           -3.32957391519398        0.30608277255848        0.16566499008595
C           -2.17224861765065       -0.55364720891636       -0.33723491202952
H           -2.57968381247950       -1.31761639145041       -1.00624727677072
C           -1.45651537616733       -1.23930479898965        0.83811460406625
C            0.04837985798414       -1.34423298820370        0.60587459053427
C            0.64289500657125        0.06248439547710        0.58273441943571
H            0.58774913836526        0.48079453106091        1.59589361075553
C           -0.17253673324671        0.98464199225233       -0.29494741130287
O            0.00470666832576        2.18973500432488       -0.30621284807943
C           -1.19144127182940        0.30438293275563       -1.16054293145777
C            2.13096327841382        0.15229714316028        0.16117127674259
C            3.01819901513310       -0.66932977236807        1.09276386451205
C            2.35662645940953       -0.26202814087878       -1.29149002292354
H           -3.99839713761847       -0.28599072750628        0.78563070505578
H           -2.95272970494908        1.13897947385476        0.75699170320854
H           -3.90084386310881        0.70996961584095       -0.66689016297726
H           -1.62255406164451       -0.65842143166278        1.74857190150954
H           -1.88065013788381       -2.23065270729716        0.99914053229848
H            0.50266841671029       -1.91680111607376        1.41430089185383
H            0.24153913330379       -1.86853548861168       -0.32905177592567
H           -1.73252761842218        1.05070131520060       -1.74373138236266
H           -0.64032991965052       -0.33959176589371       -1.84818775154312
H            2.40793372153212        1.20933872056106        0.25497469491388
H            2.83699490931486       -0.40634274583577        2.13187438879240
H            4.06445585231882       -0.47672449720540        0.86886072271473
H            2.83278158452670       -1.73184367700069        0.96202874667534
H            2.07739642161874       -1.29956856631280       -1.45385119342458
H            3.40937980983919       -0.15420793409133       -1.54139824638402
H            1.78366901109330        0.37118879139867       -1.96583737556607
29
 energy: -34.682829852128 gnorm: 0.000057918972 xtb: 6.7.1 (edcfbbe)
C           -3.32916139693480        0.30666092252369        0.16735833671079
C           -2.17278516698002       -0.55356992622582       -0.33691512392870
H           -2.58130717817604       -1.31719817277876       -1.00565310062920
C           -1.45626780233601       -1.23985208296840        0.83760673671600
C            0.04851089259749       -1.34436522594412        0.60457404158433
C            0.64268634864316        0.06246630115947        0.58159165989300
H            0.58669827190010        0.48087442982154        1.59467454741105
C           -0.17262363130419        0.98434004656715       -0.29649883198130
O            0.00517731188741        2.18933372945807       -0.30879244007132
C           -1.19232964387585        0.30399200684082       -1.16111705462476
C            2.13104317385416        0.15254922499960        0.16121134997531
C            3.01746884933204       -0.66904568076659        1.09361531587485
C            2.35784040609187       -0.26208180468498       -1.29118641962397
H           -3.99739618198020       -0.28501550285129        0.78833264862991
H           -2.95123223003376        1.13950842069528        0.75803199351730
H           -3.90138437538696        0.71064537417753       -0.66447714643198
H           -1.62190802338959       -0.65957813643837        1.74852112244690
H           -1.88013311820580       -2.23137166206871        0.99826580759036
H            0.50340935373857       -1.91711732137825        1.41251805738929
H            0.24131909954096       -1.86821415620005       -0.33067549877110
H           -1.73371218058976        1.05026673692621       -1.74408532964525
H           -0.64181035389951       -0.34017763772196       -1.84906498961167
H            2.40790618398873        1.20961619484766        0.25510148579336
H            2.83451640028479       -0.40676635871769        2.13259944410959
H            4.06392580897668       -0.47560831576984        0.87140648864956
H            2.83298550147909       -1.73162255602102        0.96202140986593
H            2.07845751529181       -1.29955427694525       -1.45371820437864
H            3.41083040994668       -0.15457028877295       -1.54022263300819
H            1.78558187015469        0.37121244838437       -1.96605532104380
29
 energy: -34.682830002842 gnorm: 0.000044409004 xtb: 6.7.1 (edcfbbe)
C           -3.32881337296506        0.30708277741433        0.16846174763376
C           -2.17311360064503       -0.55353105366486       -0.33667686487036
H           -2.58240729521528       -1.31691489862904       -1.00522308685036
C           -1.45610967733520       -1.24024627347981        0.83731540025391
C            0.04856669218756       -1.34451005168589        0.60363664154076
C            0.64247745330612        0.06242971279895        0.58081174346292
H            0.58594811817524        0.48088421796924        1.59385437585065
C           -0.17269121108978        0.98415800303865       -0.29756086635628
O            0.00552233557246        2.18908497793536       -0.31052031551408
C           -1.19297349308097        0.30378974342393       -1.16150060300332
C            2.13103914509778        0.15257004990745        0.16124862211370
C            3.01706795955965       -0.66880381829031        1.09424535174823
C            2.35861851734474       -0.26209205822113       -1.29100697483954
H           -3.99672872522249       -0.28440057283753        0.78996342609745
H           -2.95015131373657        1.13980531654172        0.75884764563719
H           -3.90158075713097        0.71124435587461       -0.66291792863250
H           -1.62145821004673       -0.66033647535528        1.74851498386383
H           -1.87981425472750       -2.23187154438627        0.99775745087574
H            0.50381987817437       -1.91741678180805        1.41126442956768
H            0.24111526027671       -1.86807657633425       -0.33182755939627
H           -1.73452324337294        1.05005296564667       -1.74433483411457
H           -0.64289388807976       -0.34056772862888       -1.84963058366570
H            2.40773139037020        1.20967472751982        0.25517843315924
H            2.83307426568129       -0.40689458737180        2.13313882497672
H            4.06364821282976       -0.47489173209109        0.87304098833283
H            2.83314450302858       -1.73141777060436        0.96220161701442
H            2.07936704075517       -1.29959205254391       -1.45358072456341
H            3.41173955491096       -0.15456357215290       -1.53948130243191
H            1.78668482999344        0.37110743016195       -1.96625168548311
29
 energy: -34.682830004939 gnorm: 0.000029387902 xtb: 6.7.1 (edcfbbe)
C           -3.32880913223618        0.30708029659119        0.16846152643532
C           -2.17312507748434       -0.55352862393414       -0.33667918162646
H           -2.58240828611829       -1.31691558906277       -1.00522233236312
C           -1.45610466629948       -1.24024842551679        0.83730820022063
C            0.04856130578755       -1.34450959675033        0.60363857837622
C            0.64247739752041        0.06242526094080        0.58081500790455
H            0.58594670017212        0.48088029215696        1.59385463943489
C           -0.17268234398096        0.98415123692244       -0.29757492610339
O            0.00552209056061        2.18908844552991       -0.31051704638314
C           -1.19297183633433        0.30379253143389       -1.16149307981990
C            2.13104369249177        0.15257788019534        0.16124395082007
C            3.01705998007798       -0.66880151323766        1.09424486488844
C            2.35862106831360       -0.26209592491003       -1.29100399005705
H           -3.99673167397389       -0.28440150812067        0.78996577676198
H           -2.95014929973853        1.13980777154678        0.75885343359308
H           -3.90158083076614        0.71124794950199       -0.66291595254650
H           -1.62145605057030       -0.66033818652697        1.74851365318824
H           -1.87981705376760       -2.23187268900719        0.99775625053483
H            0.50382202634531       -1.91741934031537        1.41126089514729
H            0.24111349799852       -1.86807534573188       -0.33182955789635
H           -1.73452556631976        1.05005259465712       -1.74433261974558
H           -0.64289492876377       -0.34056666379754       -1.84963165221380
H            2.40773102548784        1.20967728531261        0.25517820054117
H            2.83307531952705       -0.40688912946152        2.13313890562887
H            4.06364607180114       -0.47488835288188        0.87303944652764
H            2.83314636242049       -1.73141841960309        0.96220710276777
H            2.07937161517184       -1.29959579637432       -1.45358007927949
H            3.41174072447669       -0.15456251721267       -1.53948173100933
H            1.78668398281639        0.37110280780314       -1.96624993131924
