----------------------------------------------- 
  Element       SASA      Sigma Z        Total  
     Z         Ang**2 cal/Ang**2/mol   kcal/mol 
----------------------------------------------- 
      H        111.853      48.690       5.446
      C         72.947     129.740       9.464
      N         20.395       0.000       0.000
      O         38.244       0.000       0.000

 Subtotal:     243.439                  14.910
 -----------------------------------------------

  Elements    COT*SASA   Sigma Z,Z'     Total   
    Z,Z'       Ang**2  cal/Ang**2/mol kcal/mol  
 ---------------------------------------------- 
  H   C         75.507     -60.770      -4.589
  H   O          0.000       0.000       0.000
  C   C         18.762     -72.950      -1.369
  O   C         23.453      68.690       1.611
  O   O          0.000       0.000       0.000
  C   N         73.195       0.000       0.000
  N   C        107.293     -48.220      -5.174
  N  C(3)        0.000      84.100       0.000
  O   N          0.000     121.980       0.000

 Subtotal:                              -9.520
 ---------------------------------------------- 

 NONAQUEOUS SOLVENT CONTRIBUTION (kcal/mol):
 (proportional to SASA, atomic number independent)
 ---------------------------------------------- 
 Subtotal:                               0.000
 ---------------------------------------------- 

 CDS TOTAL (kcal/mol):                   5.390
...............................................................................
