22
 energy: -31.874308526210 gnorm: 0.027806000706 xtb: 6.7.1 (edcfbbe)
C            3.37011807383841        0.03179301871705        0.15249315268202
N            1.94918134017169       -0.23646475188116        0.37097560292689
C            1.65112781573660       -1.21521483405068        1.41652199790303
C            1.05726212208072        0.21750541805548       -0.53260302879361
O            1.41287601302171        0.82427921316320       -1.56635123892872
C           -0.40275347275924        0.02519073989847       -0.27182691313717
C           -1.20360560777630       -0.46642799961854       -1.30644562154190
C           -2.57779259727091       -0.58382722071151       -1.12990847184478
C           -3.16472036378223       -0.18336813022670        0.06913764107675
C           -2.37197114019153        0.32828232923054        1.09405821766184
C           -0.99359784302879        0.42465463863876        0.93022644997507
H            3.50830489020837        1.03499192474965       -0.25348461479832
H            3.81067874338563       -0.69565319854492       -0.54084729692340
H            3.88788161333304       -0.03950865269759        1.11192435198695
H            2.32156142003735       -2.07404877160802        1.29901395224693
H            0.62475027331757       -1.56958672824152        1.33629033563993
H            1.80732140087159       -0.78583861043566        2.41208192972136
H           -0.74279633503247       -0.76217377525176       -2.24383060585882
H           -3.19232011823105       -0.98291023281671       -1.93063338761431
H           -4.23851698123529       -0.26580619393399        0.20283766997583
H           -2.82696915878257        0.65344208336776        2.02430437538867
H           -0.37998684204475        0.82378203561600        1.73188879595442
22
 energy: -31.875718235243 gnorm: 0.007666892248 xtb: 6.7.1 (edcfbbe)
C            3.35932091986899        0.02334513931612        0.15886025984623
N            1.94581491739813       -0.24243025853582        0.36959728334252
C            1.64720212320757       -1.21120117451252        1.40759239739714
C            1.05852661377175        0.21297249726354       -0.52901648692881
O            1.41741108390596        0.83286560285793       -1.54168637134558
C           -0.39872821191761        0.01554888547088       -0.26795868256850
C           -1.20008924570759       -0.46987541439712       -1.29774229956108
C           -2.56873243943229       -0.58350059723882       -1.12282470265127
C           -3.15182096359756       -0.18616078534595        0.07065733691064
C           -2.36159071617311        0.32055368630241        1.09065289271355
C           -0.98920169425396        0.41629173168815        0.92786000099703
H            3.47677066082315        1.01907646721734       -0.26590069807276
H            3.79470802744892       -0.70183756848005       -0.53361002984218
H            3.87402019175362       -0.03272901359354        1.11693040189878
H            2.31581019013512       -2.06719834117125        1.29329053316813
H            0.61897328739846       -1.55234833186917        1.32402619859966
H            1.80569467027780       -0.76922715189572        2.39325374796433
H           -0.74006735280640       -0.75433891632603       -2.23394053861992
H           -3.18196223556893       -0.97373828133073       -1.92256772010236
H           -4.22155315064241       -0.26400202311142        0.20209887980242
H           -2.81529805209654        0.64540985154426        2.01595490203846
H           -0.37917537792553        0.82561629756567        1.72029598871225
22
 energy: -31.875915075834 gnorm: 0.002616884442 xtb: 6.7.1 (edcfbbe)
C            3.35335879050211        0.01786068263617        0.15942060924424
N            1.94320376486480       -0.24685288782521        0.36578762628480
C            1.64097822395007       -1.20899404892426        1.40257938480152
C            1.05993230006928        0.22006039334699       -0.52818502745354
O            1.42169382012317        0.85030916536137       -1.52950450436622
C           -0.39566460268601        0.01506294186712       -0.26786432180135
C           -1.19665309916057       -0.47091674167973       -1.29545129563618
C           -2.56368822607520       -0.58459278805212       -1.12056456468524
C           -3.14503652396952       -0.19056829955279        0.07297406748184
C           -2.35536721911677        0.31624361924747        1.09132916711697
C           -0.98538749006593        0.41662315203466        0.92663162342053
H            3.46328666896142        1.00690499960264       -0.28305457872226
H            3.79176965824328       -0.71329030471986       -0.52281609797759
H            3.86356526060930       -0.02101865162748        1.11851061093720
H            2.30341744447155       -2.06840397246494        1.29211802892428
H            0.61098693818649       -1.54277289099683        1.32151245048121
H            1.80274404539465       -0.76444951288313        2.38555505297362
H           -0.73480875007589       -0.75338725857163       -2.22984880846554
H           -3.17606520742621       -0.97141185237464       -1.92039430844833
H           -4.21307373395185       -0.26865774669999        0.20456126939063
H           -2.80784498831713        0.63824526652836        2.01629201678179
H           -0.37531382866352        0.82709903716596        1.71623489341627
22
 energy: -31.876047422374 gnorm: 0.003395158718 xtb: 6.7.1 (edcfbbe)
C            3.34998428731544        0.01178768095175        0.15927368417612
N            1.94101617882388       -0.25310754954392        0.35925104765078
C            1.63335486942421       -1.20859902116580        1.39723219743154
C            1.06118640167876        0.23077938083579       -0.52865966195800
O            1.42532226081176        0.87754145306579       -1.51732183986572
C           -0.39346099265328        0.01965826930955       -0.26973314505846
C           -1.19368222625981       -0.46992535456925       -1.29532813901017
C           -2.55975457339584       -0.58744725254054       -1.11868171640841
C           -3.13981447586972       -0.19636494119288        0.07609572504649
C           -2.35039194608756        0.31220565822738        1.09350424071794
C           -0.98200647247580        0.42010710840943        0.92550208753679
H            3.45633270833891        0.99117747049995       -0.30686726583964
H            3.79635681527354       -0.73206650549138       -0.50396399312845
H            3.85389993306216       -0.00197089139805        1.12187295408710
H            2.28881709509840       -2.07327920056025        1.29046850175158
H            0.60101139346107       -1.53541075244581        1.31979832663342
H            1.79909817500170       -0.76226443671194        2.37883564439277
H           -0.72983567497722       -0.75191461741372       -2.22846161003164
H           -3.17149965869013       -0.97412910775187       -1.91816279160547
H           -4.20672653439876       -0.27809041656524        0.20938193230892
H           -2.80189166064303        0.63064594572870        2.01950558254668
H           -0.37128265697117        0.83375938174045        1.71228153232451
22
 energy: -31.876279520782 gnorm: 0.007229601616 xtb: 6.7.1 (edcfbbe)
C            3.34713885767501       -0.00307924506640        0.15854235252358
N            1.93779953335263       -0.26712205759669        0.34163795093806
C            1.61687048140035       -1.21043469732593        1.38284209955360
C            1.06318315012531        0.26121890843955       -0.52775991597453
O            1.43038852208978        0.94541126557077       -1.48977960310306
C           -0.39030704271546        0.03650044137556       -0.27416151626406
C           -1.18747656281220       -0.46552841388415       -1.29549307806492
C           -2.55188887449680       -0.59618860138011       -1.11383300294529
C           -3.13053060357934       -0.21173546566454        0.08384682444803
C           -2.34300173957108        0.30594786663505        1.09852795467193
C           -0.97755331046849        0.43382880382407        0.92293782126593
H            3.45151714981631        0.94978026215390       -0.36692049306599
H            3.81576906726516       -0.78418871344458       -0.44976650260137
H            3.83300801372410        0.04838692665047        1.13215108057723
H            2.25750014878859       -2.08706875778980        1.28237539649330
H            0.57910185699847       -1.52217307117546        1.31264988607074
H            1.79169577756532       -0.76159530706033        2.36257390222913
H           -0.72019470992663       -0.74626815620110       -2.22726721067151
H           -3.16203218141663       -0.98790392435091       -1.91149176605217
H           -4.19548192667396       -0.30616932754510        0.22207245173242
H           -2.79346630651951        0.61550031344973        2.02775417757397
H           -0.36600605475344        0.85597325180409        1.70438448436367
22
 energy: -31.876433047440 gnorm: 0.009324180832 xtb: 6.7.1 (edcfbbe)
C            3.34886151399174       -0.01488225051758        0.15762987469223
N            1.93702011447809       -0.27589412007297        0.32642143152739
C            1.60576465926452       -1.21392375021779        1.36924797576987
C            1.06404095007729        0.28759053802922       -0.52455129496855
O            1.43114741054676        0.99810721810275       -1.46805870816654
C           -0.38957288334330        0.05511768239636       -0.27612586969063
C           -1.18256985588348       -0.45984540718449       -1.29466960739527
C           -2.54576790894092       -0.60527248513356       -1.10895954644438
C           -3.12569350493244       -0.22518289384340        0.08995375094609
C           -2.34178686621066        0.30479066437667        1.10194396286190
C           -0.97817303914009        0.44991200743595        0.92163169139304
H            3.46001520685733        0.91322972850371       -0.41122091939770
H            3.83364512256494       -0.82618839964410       -0.40166970156227
H            3.81876421146428        0.08642504013387        1.13783409160638
H            2.23730486790688       -2.09780158058656        1.27069220606534
H            0.56465413427001       -1.51579177304618        1.30176847386200
H            1.78624887406835       -0.76560181004259        2.34892585699772
H           -0.71368509371832       -0.74059516757081       -2.22609643641845
H           -3.15366734750238       -1.00689785325942       -1.90404383029079
H           -4.18938937400841       -0.33376576013902        0.23217177483134
H           -2.79329561662511        0.60896938091233        2.03292699560534
H           -0.36783232931764        0.88059329278566        1.70007112187460
22
 energy: -31.876625214674 gnorm: 0.006419045910 xtb: 6.7.1 (edcfbbe)
C            3.35448366234353       -0.02361855430821        0.15618441900435
N            1.93853860128966       -0.27907264502612        0.31412501090652
C            1.60001183160728       -1.21939397176800        1.35607081222543
C            1.06411505907997        0.31006053742235       -0.51799666552094
O            1.42829284417459        1.03597985874534       -1.45068965894999
C           -0.39078939822343        0.07460165333178       -0.27422434349752
C           -1.17780414957192       -0.45428812551620       -1.29141541536145
C           -2.54017286915252       -0.61541858748255       -1.10361694194201
C           -3.12478727501251       -0.23648741269132        0.09411065424977
C           -2.34693992065156        0.30966524208395        1.10340084583803
C           -0.98415854789604        0.46858801707781        0.92210994954727
H            3.48015744647940        0.88147193219100       -0.43909846377341
H            3.84601523290971       -0.85573197755022       -0.36201356950284
H            3.81174367631236        0.11051857290697        1.13678876127056
H            2.22847180029809       -2.10549556085364        1.25481921034266
H            0.55775316687602       -1.51662092621932        1.28589308961442
H            1.78182021931732       -0.77506445658323        2.33779885339973
H           -0.70875077917904       -0.73580577426201       -2.22334528734492
H           -3.14454844866632       -1.03150226540842       -1.89571607536666
H           -4.18772413366599       -0.36029041281351        0.23865807674998
H           -2.80200580736857        0.61282173154508        2.03401924041690
H           -0.37768896543260        0.90817542659651        1.69996079139276
22
 energy: -31.876769062745 gnorm: 0.004573172370 xtb: 6.7.1 (edcfbbe)
C            3.35981991320817       -0.03105019845677        0.15510679349972
N            1.94043170226261       -0.27904453102982        0.30449741642915
C            1.59668745583668       -1.22706768991374        1.34066337337107
C            1.06467778819004        0.32854217212654       -0.50965815892735
O            1.42524431766341        1.07119636147626       -1.43127766925545
C           -0.39149932527225        0.09073021378986       -0.26773623860927
C           -1.17139824766920       -0.45022504706946       -1.28402328205116
C           -2.53236440788208       -0.62570844776141       -1.09651132771820
C           -3.12365208975981       -0.24620346172387        0.09766211216838
C           -2.35387953834122        0.31723776210819        1.10378538477491
C           -0.99195536574460        0.48624179384025        0.92458106459728
H            3.49680674554858        0.84805295356939       -0.47522344230926
H            3.85278763034472       -0.88755419628973       -0.31796591679707
H            3.80352193782568        0.14295083354034        1.13716758157730
H            2.22620063951378       -2.11145820745595        1.23354144927513
H            0.55478923892898       -1.52238645265154        1.26170635772333
H            1.77481454291611       -0.78977320073761        2.32588990570404
H           -0.70225573786770       -0.73122910233844       -2.21623655631070
H           -3.13147450220672       -1.05594820698617       -1.88595652634560
H           -4.18532630869506       -0.38329276200929        0.24217207512996
H           -2.81417273843986        0.62368200625761        2.03116026872993
H           -0.39177040449285        0.93539970913336        1.70247862904251
22
 energy: -31.876864030064 gnorm: 0.003819488362 xtb: 6.7.1 (edcfbbe)
C            3.36354818147185       -0.03399391440002        0.15372639845290
N            1.94240413474699       -0.27403404080783        0.30181025926033
C            1.59715676241690       -1.23638009287065        1.32644781092503
C            1.06482799581239        0.34169160153745       -0.49907484800655
O            1.42103754729374        1.09167864104755       -1.41602123065342
C           -0.39185521922773        0.10000189774775       -0.25711893384009
C           -1.16439664970068       -0.45123356501710       -1.27296542430098
C           -2.52422608268727       -0.63568145270905       -1.08921091503933
C           -3.12368531279740       -0.25066010825410        0.09870498781612
C           -2.36240634112855        0.32747275347235        1.10229581616863
C           -1.00058840197618        0.50037984706734        0.92876403862129
H            3.50828598408806        0.82406626308881       -0.49821339339535
H            3.85061156526997       -0.90385308572319       -0.28765971957967
H            3.80073559198861        0.16609601014735        1.13101427238503
H            2.23250808653524       -2.11520088749442        1.21134070709194
H            0.55706616984522       -1.53417766994166        1.23532984564327
H            1.76691986046213       -0.80867701359442        2.31666397241713
H           -0.69364144732763       -0.73362793752877       -2.20362804047715
H           -3.11688133363695       -1.07687555832440       -1.87719436638325
H           -4.18433015181822       -0.39417918793964        0.23973496679329
H           -2.82914966276659        0.64270399518047        2.02343184639888
H           -0.40790803099652        0.95757580673418        1.70764524340057
22
 energy: -31.876850104186 gnorm: 0.009059488873 xtb: 6.7.1 (edcfbbe)
C            3.36546805460303       -0.04332545319152        0.15195001994141
N            1.94288547164965       -0.27448333917870        0.29177248920524
C            1.59048841815054       -1.24913216438875        1.30226202467729
C            1.06560319492611        0.37004211326342       -0.48653113986791
O            1.41766355996940        1.14777421684624       -1.38420654298209
C           -0.39060366793990        0.11761190879366       -0.24625341925514
C           -1.15336073956274       -0.45128227929004       -1.25929763861978
C           -2.51119973835840       -0.65062414180404       -1.07837619943641
C           -3.11949030998216       -0.26091563170427        0.10302370217673
C           -2.36859076437538        0.33678972887442        1.10265475840594
C           -1.00804861209141        0.52270322251754        0.93271828218011
H            3.51592444606104        0.77522792344241       -0.55849803069742
H            3.85889895000083       -0.94949937498032       -0.22186631919532
H            3.78654921339685        0.22468129882368        1.12850406927428
H            2.22692169588862       -2.12579018925059        1.18040826822967
H            0.55074108081696       -1.54457571341910        1.19957142947506
H            1.75335810925163       -0.83300772958911        2.29816781850494
H           -0.67768050087901       -0.73637193440221       -2.18610227608641
H           -3.09528926781356       -1.10632761740007       -1.86390028747235
H           -4.17826315283495       -0.41614412267754        0.24168283955938
H           -2.84236563811459        0.65769426429663        2.01783683135456
H           -0.42357655689520        0.99204731583627        1.71030261432683
22
 energy: -31.876941960222 gnorm: 0.003189830680 xtb: 6.7.1 (edcfbbe)
C            3.36257745408249       -0.03726999553159        0.15259654941852
N            1.94206277629131       -0.27401959367467        0.29877584707255
C            1.59328837341972       -1.24634410543035        1.31099107699632
C            1.06524351703566        0.35681213634322       -0.49095884916556
O            1.41927456659911        1.12435589741714       -1.39527722604095
C           -0.39040329314564        0.10834189104659       -0.24906586361449
C           -1.15674820541191       -0.45474677497160       -1.26244928763912
C           -2.51556674745885       -0.64523901654802       -1.08204567960432
C           -3.12092851908536       -0.25353841257005        0.10033024830998
C           -2.36589820328918        0.33516868631503        1.10155437725089
C           -1.00444335161855        0.51408435283555        0.93144128570076
H            3.50632862582206        0.79727079812152       -0.53133266560656
H            3.85314756815311       -0.92391691957890       -0.25169339707573
H            3.79419717134560        0.20219699905873        1.12518732007187
H            2.23080146744839       -2.12253591046662        1.19116127021966
H            0.55414177796450       -1.54482491093292        1.21149328912459
H            1.75634713153721       -0.82816205381297        2.30607876189866
H           -0.68027979310583       -0.74231228314557       -2.18812520837763
H           -3.10206731892867       -1.09510644319170       -1.86848697416323
H           -4.18076468821299       -0.40077972221158        0.23850979272344
H           -2.83738320928605        0.65518433132390        2.01799464020042
H           -0.41689385428876        0.97847335102286        1.70914398599855
22
 energy: -31.876963595874 gnorm: 0.001859247809 xtb: 6.7.1 (edcfbbe)
C            3.36167592071651       -0.03675357146242        0.15234889561303
N            1.94173288242663       -0.27377113724839        0.29921762310990
C            1.59183686887022       -1.25040355356230        1.30594130324252
C            1.06526122223497        0.36130769349745       -0.48784695374336
O            1.41897098188596        1.13243793879437       -1.38818254403800
C           -0.38983540831427        0.11050009935059       -0.24655848544572
C           -1.15419755850222       -0.45749963946416       -1.25879005614468
C           -2.51302235307780       -0.64831365383266       -1.07992457286235
C           -3.12012261775478       -0.25306141469371        0.10050077449048
C           -2.36670230685191        0.33841524369056        1.10117593005961
C           -1.00518688349371        0.51873149906197        0.93224050846137
H            3.50396288873683        0.78997922699873       -0.54109222757662
H            3.85434985396870       -0.92696643844777       -0.24101073263915
H            3.79284768078800        0.21524525200807        1.12166220737877
H            2.23003984541347       -2.12581191581395        1.18383024113629
H            0.55311614716228       -1.54971837910454        1.20340546478525
H            1.75227775466618       -0.83708943739681        2.30360497100215
H           -0.67478898347292       -0.74798037753405       -2.18203815879561
H           -3.09766793268002       -1.10102590536928       -1.86586972598683
H           -4.18010907690487       -0.40005235057521        0.23746972057999
H           -2.83957302963233        0.65961724398518        2.01637542601018
H           -0.41883265031756        0.98530587853632        1.70936368506139
22
 energy: -31.876982768986 gnorm: 0.002705068088 xtb: 6.7.1 (edcfbbe)
C            3.35987421941377       -0.03508045672441        0.15241855961383
N            1.94115643803219       -0.27478506002679        0.29868439509425
C            1.58699752849867       -1.26602729746025        1.28736715133063
C            1.06539729204708        0.37604605327385       -0.47803267318747
O            1.41751704852416        1.16987033585048       -1.35925877360789
C           -0.38834113783398        0.11764985444557       -0.23896636516140
C           -1.14606366735724       -0.46698239211379       -1.24701640358759
C           -2.50485780124169       -0.66002971008841       -1.07202612208036
C           -3.11749169489928       -0.25220113183098        0.10171083337295
C           -2.36954371412405        0.35053245759565        1.09976763910268
C           -1.00794589699969        0.53464807285859        0.93427984367135
H            3.49843820249818        0.76098000490541       -0.57816477233150
H            3.86205475739589       -0.93966416909283       -0.19745620599481
H            3.78601898532871        0.26610825097002        1.11106731923935
H            2.22674387947371       -2.13943216628954        1.15699100740744
H            0.54917883964760       -1.56632221460237        1.17421441999656
H            1.73909700964569       -0.86947489574949        2.29377008434177
H           -0.65772362691277       -0.76854045194896       -2.16220977353953
H           -3.08398168010138       -1.12441333586340       -1.85519389791255
H           -4.17813014399824       -0.39868967389868        0.23514717085422
H           -2.84701676143343        0.67780518348635        2.01041174905477
H           -0.42534482973653        1.01109504372199        1.70831810802186
22
 energy: -31.876991449334 gnorm: 0.001116867584 xtb: 6.7.1 (edcfbbe)
C            3.36059545607071       -0.03374615993228        0.15316983715812
N            1.94160074827518       -0.27417894938740        0.29961695515940
C            1.58850959685623       -1.26458759890164        1.28994163474690
C            1.06522056761357        0.37319106459610       -0.47892750298354
O            1.41746734216107        1.16149330412788       -1.36353579551953
C           -0.38880122377371        0.11527110092954       -0.24041430296040
C           -1.14775842491328       -0.46705866283740       -1.24874652193077
C           -2.50685756055417       -0.65829736001875       -1.07312709772246
C           -3.11842595132721       -0.25127252032976        0.10129263151456
C           -2.36926918829591        0.34954605373021        1.09963403540701
C           -1.00757690372475        0.53205341078610        0.93344894436486
H            3.49958870064259        0.76634530711925       -0.57147741319245
H            3.86218885269363       -0.93523338976850       -0.20306121544235
H            3.78658994376626        0.26029872311214        1.11283715664579
H            2.22791270788668       -2.13826566209829        1.15949077685615
H            0.55049321474761       -1.56441709151296        1.17818024095416
H            1.74219491228416       -0.86678188964778        2.29533659355395
H           -0.66121849831507       -0.76727115736050       -2.16522211461824
H           -3.08748705160754       -1.12038196824773       -1.85655422754734
H           -4.17925582942262       -0.39664761390758        0.23519009679463
H           -2.84582426655944        0.67653531140659        2.01093524401633
H           -0.42385389863664        1.00649804956077        1.70781533844379
22
 energy: -31.876995958380 gnorm: 0.000525782148 xtb: 6.7.1 (edcfbbe)
C            3.36172906361710       -0.03216556170492        0.15499072582348
N            1.94241066456076       -0.27505982427636        0.29906751633618
C            1.59057600262751       -1.26447423023014        1.29155159186114
C            1.06510853845892        0.36966795558415       -0.48030072005096
O            1.41689977973452        1.15757968750759       -1.36583249856405
C           -0.38936636017781        0.11208284275768       -0.24232456186941
C           -1.14988936026976       -0.46744455966634       -1.25073684660311
C           -2.50925845466360       -0.65691546536932       -1.07379306205480
C           -3.11955949508929       -0.25023714241286        0.10111296530303
C           -2.36902298980547        0.34934283668001        1.09920385843364
C           -1.00725278511423        0.52933681400772        0.93201508248834
H            3.50128115884097        0.76994338523885       -0.56628881498051
H            3.86390894654821       -0.93139289752521       -0.20387074173350
H            3.78544611855121        0.25849616084208        1.11603333715963
H            2.22909832245098       -2.13859086707151        1.16050178539508
H            0.55209055485487       -1.56274188726201        1.18185981999528
H            1.74703427289061       -0.86507315329408        2.29549763955667
H           -0.66631091616038       -0.76712500789523       -2.16880730762457
H           -3.09179236336205       -1.11736595688904       -1.85687671234497
H           -4.18044177277723       -0.39466597240386        0.23587605425347
H           -2.84446909889057        0.67740584525993        2.01074574486949
H           -0.42218658095793        1.00248929954088        1.70619843804904
22
 energy: -31.876999914007 gnorm: 0.000911128755 xtb: 6.7.1 (edcfbbe)
C            3.36215261388411       -0.02987513592400        0.15713625558853
N            1.94295545038103       -0.27628199068314        0.29802581219372
C            1.59183450378548       -1.26656154528094        1.29023097648784
C            1.06500129023273        0.36846454466703       -0.48046197196724
O            1.41613778846884        1.15738321145476       -1.36484381671231
C           -0.38956604807833        0.10979839477574       -0.24344451876648
C           -1.15099962067525       -0.46935022942746       -1.25123934219957
C           -2.51070592359223       -0.65683904110438       -1.07347192109242
C           -3.12024965585521       -0.24882264950433        0.10125217378899
C           -2.36870521404977        0.35051656048125        1.09880462520654
C           -1.00685037035188        0.52864619658491        0.93080830648562
H            3.50165326856908        0.76931833132923       -0.56785116911726
H            3.86778232774464       -0.93003375347849       -0.19582449349058
H            3.78181261706455        0.26671357354934        1.11858181344842
H            2.22878856999169       -2.14145229127000        1.15668621302604
H            0.55271616822278       -1.56291515382800        1.18213168402742
H            1.75126222602508       -0.86839865042466        2.29414900732021
H           -0.66917848633986       -0.77003963001648       -2.16991357424996
H           -3.09447452261431       -1.11666623797122       -1.85605474721001
H           -4.18127903620116       -0.39184252564260        0.23647175766493
H           -2.84338765369294        0.67991406725040        2.01025113754764
H           -0.42066704705170        1.00141625588105        1.70439908571852
22
 energy: -31.877004652090 gnorm: 0.000607899109 xtb: 6.7.1 (edcfbbe)
C            3.36164450686129       -0.02559255551357        0.16071417555123
N            1.94333372805858       -0.27903194330932        0.29642309869531
C            1.59361531279506       -1.27065766642913        1.28758263699544
C            1.06478937965853        0.36565554996752       -0.48157042685111
O            1.41489504489090        1.15926818226666       -1.36267113006865
C           -0.38953982281968        0.10546069419173       -0.24512773839904
C           -1.15269854430712       -0.47337157635564       -1.25167218685371
C           -2.51297461954352       -0.65690772802731       -1.07295463441024
C           -3.12114603590272       -0.24547783031536        0.10130750717032
C           -2.36753535251952        0.35280973073985        1.09803739014921
C           -1.00536381888121        0.52704973081838        0.92907064973610
H            3.50007818636508        0.76853162158718       -0.57020235841381
H            3.87426192852397       -0.92589963473008       -0.18200418827664
H            3.77495918164300        0.28154893930847        1.12169949889729
H            2.22743869059449       -2.14720325956818        1.14953717898361
H            0.55319276161761       -1.56371701575050        1.18325184965151
H            1.75863891325692       -0.87520163081388        2.29182837588255
H           -0.67245958388462       -0.77740879275615       -2.17017935810941
H           -3.09833733056073       -1.11622564838815       -1.85470660070024
H           -4.18259394452001       -0.38491431762869        0.23689195090370
H           -2.84089171994659        0.68469293970261        2.00920340077159
H           -0.41727361551231        0.99968451242157        1.70136420239363
22
 energy: -31.877006552251 gnorm: 0.000629219841 xtb: 6.7.1 (edcfbbe)
C            3.36106819969748       -0.02299225527244        0.16262185857653
N            1.94336839010567       -0.27986978696257        0.29622136596558
C            1.59476652423391       -1.27304462955732        1.28596856961426
C            1.06457770392768        0.36381740123647       -0.48221034179708
O            1.41415117521813        1.15726262173981       -1.36326959008251
C           -0.38954396880971        0.10346639903696       -0.24542987026545
C           -1.15349628054174       -0.47560764831450       -1.25132285104279
C           -2.51402742231898       -0.65687520343693       -1.07270340125445
C           -3.12168113476076       -0.24317709701552        0.10111582150645
C           -2.36708604663613        0.35424357218428        1.09763236013917
C           -1.00465289916226        0.52652539090231        0.92860048377594
H            3.49876501700750        0.76850038341594       -0.57140738460682
H            3.87730687671157       -0.92288887296400       -0.17462215170198
H            3.77126352167104        0.29031657649905        1.12309800420273
H            2.22701261546350       -2.15029880791003        1.14467880937012
H            0.55368431601019       -1.56468603706513        1.18389340837106
H            1.76287748109915       -0.87991668386750        2.29069091911425
H           -0.67325675062252       -0.78119319998283       -2.16930321936269
H           -3.09979558432288       -1.11594561299449       -1.85428538479132
H           -4.18346888589511       -0.38024646265348        0.23642950248078
H           -2.83994196641638        0.68725313103002        2.00867558556529
H           -0.41585763579198        0.99844912336993        1.70075079992158
22
 energy: -31.877007704057 gnorm: 0.000407638503 xtb: 6.7.1 (edcfbbe)
C            3.36067425241272       -0.02101011960242        0.16406618643005
N            1.94337165619335       -0.28013770733876        0.29607527455404
C            1.59572088213527       -1.27463455566767        1.28467170514979
C            1.06434568800618        0.36241309635079       -0.48303344870715
O            1.41342803369210        1.15497786224385       -1.36523390360711
C           -0.38963089289605        0.10216355983950       -0.24530747106532
C           -1.15413635831612       -0.47679314353434       -1.25093064826848
C           -2.51475424655608       -0.65679432650691       -1.07248410127163
C           -3.12211126258593       -0.24166799007096        0.10102246213394
C           -2.36694366650697        0.35520298262893        1.09737016102652
C           -1.00426671610358        0.52593717329194        0.92861256435649
H            3.49840726754050        0.76853544886540       -0.57209777706876
H            3.87969643126015       -0.92115701656157       -0.16830356333762
H            3.76816505107387        0.29637821582097        1.12405990310619
H            2.22658371716494       -2.15243146518808        1.14044664224108
H            0.55406336943473       -1.56496776571722        1.18451225647335
H            1.76661778398804       -0.88354368804224        2.28969620551444
H           -0.67360100413717       -0.78319013483329       -2.16844780623894
H           -3.10063908952740       -1.11588060183360       -1.85392595294314
H           -4.18411346727085       -0.37721380132018        0.23607155161474
H           -2.83954968008244        0.68915946694155        2.00820740004074
H           -0.41529450305186        0.99774681165234        1.70077565356539
22
 energy: -31.877007431200 gnorm: 0.000499583032 xtb: 6.7.1 (edcfbbe)
C            3.36026583107579       -0.01888909689969        0.16563246088380
N            1.94338130073622       -0.28043182220828        0.29593491216996
C            1.59673667156404       -1.27633970431963        1.28330205360684
C            1.06410575308698        0.36087449539689       -0.48392592340171
O            1.41267835747468        1.15246488283592       -1.36736948369015
C           -0.38972457049065        0.10078090144746       -0.24519585408706
C           -1.15482765250796       -0.47803745880447       -1.25053261793577
C           -2.51553950134058       -0.65669245935942       -1.07225422604636
C           -3.12257095369862       -0.24006600756095        0.10093147220860
C           -2.36678808024640        0.35622213313059        1.09709464302442
C           -1.00385083267704        0.52532485915303        0.92861013520792
H            3.49801415502525        0.76852855673080       -0.57288047767324
H            3.88225581537453       -0.91928625487610       -0.16150962767191
H            3.76486757906431        0.30297272812861        1.12511494604172
H            2.22608336689296       -2.15474112082987        1.13590515827633
H            0.55445155078090       -1.56523090230654        1.18520318134315
H            1.77065323357743       -0.88744857753446        2.28864942722644
H           -0.67398944684094       -0.78528101136709       -2.16757004661077
H           -3.10156551346142       -1.11577712977719       -1.85354480809293
H           -4.18480182599661       -0.37399971815808        0.23571169186119
H           -2.83912153174597        0.69116869999834        2.00772229511633
H           -0.41468045977950        0.99697630859818        1.70079398194182
22
 energy: -31.877008440745 gnorm: 0.000378228052 xtb: 6.7.1 (edcfbbe)
C            3.36049725593194       -0.01992338515859        0.16508747066925
N            1.94334110920724       -0.28011814320899        0.29655688824958
C            1.59630757822928       -1.27474703481225        1.28513472387638
C            1.06430532445071        0.36025799079655       -0.48433504341405
O            1.41349141137696        1.15037979519348       -1.36886282335639
C           -0.38971699765669        0.10134390484564       -0.24567734802481
C           -1.15490583160282       -0.47657527611635       -1.25145132021820
C           -2.51555295969436       -0.65591308862711       -1.07284899931223
C           -3.12238845688469       -0.24092325064676        0.10100298321540
C           -2.36662089768717        0.35499277263769        1.09741524495582
C           -1.00378558150942        0.52499416996436        0.92854660640735
H            3.49793012343025        0.76958856092611       -0.57122253633555
H            3.88042041789110       -0.91918361957348       -0.16682864162945
H            3.76719966289778        0.29859918834296        1.12522137940107
H            2.22604111058683       -2.15310934542559        1.13927200466149
H            0.55422719826446       -1.56406519070093        1.18652195011811
H            1.76932873478974       -0.88449617572280        2.29006297400817
H           -0.67436640275117       -0.78264729698003       -2.16907095030021
H           -3.10183842871855       -1.11424165750199       -1.85438740692409
H           -4.18448906375926       -0.37576318219240        0.23615807328384
H           -2.83884631572452        0.68877764637182        2.00850388397866
H           -0.41454574520026        0.99586491900668        1.70102418038849
22
 energy: -31.877008969276 gnorm: 0.000130570642 xtb: 6.7.1 (edcfbbe)
C            3.36066093826314       -0.02004135290066        0.16502662370970
N            1.94335237538128       -0.27960635944565        0.29704848556948
C            1.59609488810984       -1.27426234742363        1.28561077598959
C            1.06434118375927        0.36053773784933       -0.48426579229622
O            1.41366828942153        1.14997952344967       -1.36945892825093
C           -0.38973104108905        0.10151963040464       -0.24584928282377
C           -1.15492273486308       -0.47606842370228       -1.25182802626841
C           -2.51554736707783       -0.65559342947949       -1.07310304026260
C           -3.12226554681214       -0.24130995716221        0.10106776050543
C           -2.36652309003268        0.35442105739262        1.09762780676434
C           -1.00377023786074        0.52473282954613        0.92858815517776
H            3.49808767806167        0.76851695452644       -0.57211749802722
H            3.88023947438241       -0.92001868467662       -0.16633155830654
H            3.76771180197323        0.29895232689139        1.12477965041679
H            2.22552778084686       -2.15285862131039        1.13965758532738
H            0.55393983662927       -1.56319303292874        1.18690321367807
H            1.76924396958922       -0.88416426075829        2.29056001280250
H           -0.67462461209676       -0.78152037815170       -2.16980194938073
H           -3.10200428210991       -1.11361903272601       -1.85474520045362
H           -4.18426926539200       -0.37666219176758        0.23645938013676
H           -2.83869187222993        0.68778127590835        2.00892355910358
H           -0.41448492098621        0.99556903788274        1.70107156058730
22
 energy: -31.877009646752 gnorm: 0.000296402902 xtb: 6.7.1 (edcfbbe)
C            3.36075298976683       -0.02021345683175        0.16498722181094
N            1.94324089202097       -0.27872326957626        0.29793397845917
C            1.59558057595986       -1.27320891160796        1.28662387167768
C            1.06447175623412        0.36033099719868       -0.48475641196866
O            1.41427433625626        1.14868410835350       -1.37079550541344
C           -0.38972063047355        0.10196830412280       -0.24640887163389
C           -1.15511233134528       -0.47452502289478       -1.25282237886432
C           -2.51560223253306       -0.65474773323728       -1.07362459494082
C           -3.12195391283248       -0.24217841049819        0.10132450776754
C           -2.36611161156764        0.35306673686502        1.09813763923527
C           -1.00352113346707        0.52403443454304        0.92863673205852
H            3.49839899955733        0.76626110104421       -0.57414473091384
H            3.87958731469653       -0.92157893593180       -0.16457284568818
H            3.76839396256364        0.30032552133165        1.12386587298901
H            2.22458028959754       -2.15211992775819        1.14058641448325
H            0.55330950506987       -1.56160255516046        1.18789074829734
H            1.76901609880665       -0.88321679148446        2.29153823034968
H           -0.67526235568764       -0.77895245973392       -2.17137704695203
H           -3.10239592461434       -1.11207130291039       -1.85546802098916
H           -4.18380301479451       -0.37833801391595        0.23714138792700
H           -2.83806947630837        0.68541991021156        2.00991932458874
H           -0.41402085103827        0.99447797928897        1.70120777141883
22
 energy: -31.877010233528 gnorm: 0.000300404412 xtb: 6.7.1 (edcfbbe)
C            3.36068754311648       -0.02063364306340        0.16480011234846
N            1.94302625944433       -0.27778682076631        0.29877711627219
C            1.59517711309722       -1.27195535999337        1.28774112602774
C            1.06454845737524        0.36018947218742       -0.48518280234292
O            1.41482412803667        1.14680845673735       -1.37256742027701
C           -0.38966445675206        0.10225260675251       -0.24685426866942
C           -1.15532677474818       -0.47297894072385       -1.25377084125895
C           -2.51573571622892       -0.65366041520235       -1.07430858504802
C           -3.12171184325029       -0.24282433385359        0.10142202676086
C           -2.36564963419018        0.35153674430796        1.09862767715157
C           -1.00317805352691        0.52296782328164        0.92883913801538
H            3.49870191165953        0.76385135654220       -0.57637195115041
H            3.87876046520903       -0.92324600418017       -0.16253363680040
H            3.76881056817952        0.30205383590316        1.12273263747748
H            2.22360914969039       -2.15127985673613        1.14164867048859
H            0.55271650360262       -1.55978222892721        1.18947048096889
H            1.76924741938344       -0.88187651019967        2.29249112187869
H           -0.67583674761798       -0.77595706640481       -2.17298502877212
H           -3.10276877579566       -1.11011333545760       -1.85647400824464
H           -4.18340126146488       -0.37980677336374        0.23765790573552
H           -2.83733687268369        0.68261291666786        2.01100220248898
H           -0.41346613666831        0.99272037791013        1.70166162064816
22
 energy: -31.877010883571 gnorm: 0.000187004850 xtb: 6.7.1 (edcfbbe)
C            3.36052360309418       -0.02120649833701        0.16453122880677
N            1.94274631282967       -0.27700323747478        0.29947880708264
C            1.59498239269346       -1.27031099301429        1.28932853965420
C            1.06458095534021        0.35947416898399       -0.48611458156236
O            1.41535043702032        1.14419731530482       -1.37497990489242
C           -0.38967037789541        0.10245966354413       -0.24743141211071
C           -1.15582081541150       -0.47083726142592       -1.25508130768362
C           -2.51610862090722       -0.65204731376560       -1.07532738157704
C           -3.12154351560823       -0.24348062390167        0.10147491470189
C           -2.36508338840067        0.34933748115550        1.09931296050565
C           -1.00271028878610        0.52120920226444        0.92923669339243
H            3.49899819674537        0.76081138845162       -0.57923001491248
H            3.87794794838982       -0.92516390285362       -0.15978366205628
H            3.76900443475778        0.30462597710979        1.12131491605505
H            2.22268074273922       -2.15017988088568        1.14331404028589
H            0.55227026267362       -1.55758866961124        1.19218335500339
H            1.77017442740692       -0.87971923543060        2.29369065308742
H           -0.67658744736735       -0.77215212361181       -2.17497578932939
H           -3.10338597818776       -1.10717336954291       -1.85806685797475
H           -4.18314327557479       -0.38084677078089        0.23797266273624
H           -2.83643421655632        0.67891783309609        2.01240016170689
H           -0.41273854312781        0.98976915214365        1.70257527277923
22
 energy: -31.877011463911 gnorm: 0.000114292063 xtb: 6.7.1 (edcfbbe)
C            3.36034577613277       -0.02175928844916        0.16405259913712
N            1.94254249057665       -0.27662406802733        0.29992181942939
C            1.59515181412178       -1.26846158326504        1.29132435593022
C            1.06452992773486        0.35831960188496       -0.48706881573548
O            1.41561657910923        1.14087945572770       -1.37767339994931
C           -0.38972018743680        0.10217529736977       -0.24789682797021
C           -1.15651110882562       -0.46869851741152       -1.25647409740741
C           -2.51676456572761       -0.64992831744407       -1.07668124281137
C           -3.12162188847358       -0.24363968410425        0.10120756060524
C           -2.36459834643003        0.34694843756082        1.09992730849174
C           -1.00221519822310        0.51877087750259        0.92980234877555
H            3.49921886750218        0.75770175157752       -0.58242383812468
H            3.87743825828631       -0.92694240730945       -0.15687884802025
H            3.76894385311874        0.30754180508473        1.11966130204757
H            2.22200615969079       -2.14898999067568        1.14561927788956
H            0.55210602055411       -1.55516301974613        1.19598176328077
H            1.77200712990597       -0.87674045382065        2.29496223160835
H           -0.67749332938402       -0.76798517400096       -2.17714258627703
H           -3.10433015694873       -1.10327687630705       -1.86021066825975
H           -4.18317027501906       -0.38119548162344        0.23791191319578
H           -2.83549484703891        0.67455088304768        2.01395731940802
H           -0.41195372735853        0.98560905384702        1.70394381845481
22
 energy: -31.877011856740 gnorm: 0.000142404656 xtb: 6.7.1 (edcfbbe)
C            3.36028866144572       -0.02207237457065        0.16364421148210
N            1.94252186425113       -0.27679923592543        0.29993342390177
C            1.59557545365581       -1.26712808612171        1.29297091579908
C            1.06444641622320        0.35716384811240       -0.48777527157534
O            1.41557952580383        1.13829456414771       -1.37961194885302
C           -0.38981742895545        0.10165859521106       -0.24822883946871
C           -1.15717115894791       -0.46715128399008       -1.25758590952030
C           -2.51743647160268       -0.64813399472117       -1.07782396550040
C           -3.12181549512429       -0.24362439795028        0.10093793800360
C           -2.36428337601424        0.34497454528530        1.10042388697907
C           -1.00186253964390        0.51660898088250        0.93026669787785
H            3.49919457885435        0.75567804520971       -0.58462837832097
H            3.87753787116808       -0.92790347575707       -0.15498329637953
H            3.76871231310676        0.30965821729788        1.11851792638673
H            2.22176882892368       -2.14822379205810        1.14780425610246
H            0.55228810348809       -1.55341511522794        1.19916480074335
H            1.77377301417541       -0.87415365919916        2.29588797922529
H           -0.67830714332971       -0.76515178019456       -2.17874862959006
H           -3.10530798655003       -1.09993248308234       -1.86200625475195
H           -4.18342272063987       -0.38077536244070        0.23759297196679
H           -2.83485410917493        0.67144525561341        2.01502038680718
H           -0.41137495524565        0.98207529089723        1.70505039238364
22
 energy: -31.877012119737 gnorm: 0.000112102421 xtb: 6.7.1 (edcfbbe)
C            3.36031993842037       -0.02210115742117        0.16340034976703
N            1.94262545950087       -0.27731156761267        0.29969247201776
C            1.59599488441604       -1.26646063947204        1.29400482506920
C            1.06438028020889        0.35618310985391       -0.48820065770825
O            1.41539842249165        1.13674434860773       -1.38060059478305
C           -0.38989510352804        0.10103142101586       -0.24840602427818
C           -1.15762227899842       -0.46650947228411       -1.25820692832535
C           -2.51794142874722       -0.64702554730366       -1.07851162013548
C           -3.12206002339546       -0.24324482843883        0.10063942000607
C           -2.36418097755463        0.34409210692938        1.10058543927492
C           -1.00167427115051        0.51522297108029        0.93049217424304
H            3.49905193529859        0.75490172686262       -0.58565991431263
H            3.87799627381935       -0.92805980832790       -0.15417995562077
H            3.76842624347783        0.31075835988633        1.11801058952728
H            2.22193733581855       -2.14783850048339        1.14946000424941
H            0.55260893099354       -1.55264980944667        1.20108986598077
H            1.77487693758129       -0.87240652233164        2.29637687837423
H           -0.67895416825535       -0.76373214589977       -2.17972512782864
H           -3.10610554203555       -1.09774368845017       -1.86309584358799
H           -4.18369336844388       -0.38018275488839        0.23732240074881
H           -2.83446861887193        0.66968527410356        2.01564506971401
H           -0.41098761517860        0.97973942543876        1.70569047130645
22
 energy: -31.877012304805 gnorm: 0.000055934944 xtb: 6.7.1 (edcfbbe)
C            3.36038042180341       -0.02203747036708        0.16321766462089
N            1.94276228679058       -0.27782416571627        0.29946790063475
C            1.59640237086357       -1.26605063701689        1.29479035862042
C            1.06431757763456        0.35543024742716       -0.48840046562790
O            1.41518631001909        1.13556385792194       -1.38126251457740
C           -0.38996554547275        0.10039601185128       -0.24854719395145
C           -1.15801282044389       -0.46610182203579       -1.25870603557956
C           -2.51840848655368       -0.64609882732168       -1.07906732898015
C           -3.12226840067967       -0.24299335518089        0.10045508422605
C           -2.36407122213082        0.34329232537510        1.10077327556440
C           -1.00152148729949        0.51405763513360        0.93065192939606
H            3.49883899491146        0.75462470917201       -0.58621981408771
H            3.87852873088932       -0.92794682108115       -0.15384788175500
H            3.76818205940803        0.31143213080950        1.11772882673196
H            2.22236577616409       -2.14753389211107        1.15094992324090
H            0.55301743806598       -1.55236973821561        1.20236197489861
H            1.77552051351173       -0.87102331260175        2.29673539213433
H           -0.67954065335041       -0.76299666980732       -2.18042950373266
H           -3.10685801109108       -1.09601634696442       -1.86390372196490
H           -4.18398902693521       -0.37937603258918        0.23702032211440
H           -2.83418513063870        0.66870867875852        2.01597792479529
H           -0.41064844959870        0.97795579597804        1.70607717697729
22
 energy: -31.877012422669 gnorm: 0.000038219667 xtb: 6.7.1 (edcfbbe)
C            3.36042400550743       -0.02192658398514        0.16312129007055
N            1.94286889834980       -0.27814808562842        0.29938351234429
C            1.59675009555881       -1.26580468502322        1.29536366821339
C            1.06426269065239        0.35479817131892       -0.48857909379144
O            1.41500695321871        1.13467574043204       -1.38174758121423
C           -0.39001860485219        0.09983670636480       -0.24864639042481
C           -1.15830042502948       -0.46596585788081       -1.25901569294118
C           -2.51876254395717       -0.64550921930275       -1.07941214138182
C           -3.12246178173332       -0.24262124118857        0.10026619838829
C           -2.36402188457342        0.34293321517603        1.10083234410390
C           -1.00141231833189        0.51322416625617        0.93074826932303
H            3.49861163710846        0.75454241773036       -0.58654151684007
H            3.87889604386663       -0.92777283832980       -0.15371391105312
H            3.76808571682661        0.31191395151862        1.11755859206142
H            2.22300030786694       -2.14718848855699        1.15215730933605
H            0.55347280879199       -1.55250867363790        1.20301234900031
H            1.77566787878189       -0.87007630941098        2.29707235046182
H           -0.68002734715623       -0.76255537194169       -2.18094434277991
H           -3.10745831861237       -1.09473171696217       -1.86447221608762
H           -4.18422728996407       -0.37868302884748        0.23680329156241
H           -2.83397046123882        0.66805176248523        2.01623389941726
H           -0.41035281521328        0.97660827083178        1.70634310593009
22
 energy: -31.877012522632 gnorm: 0.000049739131 xtb: 6.7.1 (edcfbbe)
C            3.36044821628669       -0.02178643089657        0.16304748877955
N            1.94295000670824       -0.27831157558618        0.29942974477133
C            1.59704521027417       -1.26563218199903        1.29581760729088
C            1.06421078665611        0.35423771413300       -0.48871482129026
O            1.41484829572225        1.13383225041793       -1.38218367347852
C           -0.39005736428259        0.09932296225314       -0.24870131978027
C           -1.15854750290241       -0.46587911842881       -1.25924655300987
C           -2.51908065356284       -0.64496795794876       -1.07970302534089
C           -3.12263633002872       -0.24225437255363        0.10010529613709
C           -2.36397535205759        0.34265399536734        1.10088653601885
C           -1.00131077179794        0.51250949054253        0.93084757695109
H            3.49841997575453        0.75454489680975       -0.58679100678063
H            3.87912352482080       -0.92758514893475       -0.15364030776459
H            3.76808008338874        0.31232329423652        1.11739402827629
H            2.22380462529265       -2.14675249119142        1.15321894382411
H            0.55393980906697       -1.55292288589862        1.20330585579331
H            1.77548685960018       -0.86932433406307        2.29738321684168
H           -0.68042333085660       -0.76229561733744       -2.18130830648447
H           -3.10795495765444       -1.09370670567779       -1.86490801532893
H           -4.18445380575121       -0.37796491661536        0.23659201208709
H           -2.83380082131688        0.66760237484979        2.01641309202560
H           -0.41008325749273        0.97544905993947        1.70657892416019
