24
 energy: -35.072818122580 gnorm: 0.019085504296 xtb: 6.7.1 (edcfbbe)
C           -3.55057203567494       -0.29819114741432       -0.00023159374182
C           -2.87450332192795       -1.52886784758903        0.00024000578925
C           -1.49404061159074       -1.57090899154190        0.00041636221551
C           -0.72585176099157       -0.38708190869872        0.00012463203880
C           -1.41706090933559        0.85956523022196       -0.00013577771645
C           -2.82845989915442        0.87569977554876       -0.00036652015416
C           -0.67936674088306        2.08418629803952       -0.00009282049117
C            0.67935448285780        2.08418920841891        0.00013191489150
C            1.41705327543484        0.85957112943936        0.00014444078758
C            0.72584909461182       -0.38707832339140        0.00006814292377
C            1.49404180849436       -1.57090326034779       -0.00018275243448
C            2.87450411884764       -1.52885821087593       -0.00028876050383
C            3.55056812690512       -0.29817867125778       -0.00012245837227
C            2.82845223634756        0.87570985609044        0.00009650715941
H           -4.63563666108725       -0.27410295901113       -0.00043477267230
H           -3.43945912213218       -2.45573145000071        0.00047643497395
H           -1.00512868806645       -2.53797519746133        0.00083503454600
H           -3.33603497868757        1.83630723192909       -0.00065050208246
H           -1.23435982992598        3.01805802474747       -0.00019829796458
H            1.23434264756889        3.01806370404622        0.00023887509647
H            1.00513015006915       -2.53796967072672       -0.00039677613765
H            3.43946336764675       -2.45571974207294       -0.00052949847464
H            4.63563266439671       -0.27408593238973       -0.00019536965015
H            3.33602562313156        1.83631810183623        0.00017305929976
24
 energy: -35.073937561748 gnorm: 0.003757874769 xtb: 6.7.1 (edcfbbe)
C           -3.53713006891740       -0.29745872627210       -0.00020404406237
C           -2.86445310781827       -1.52120415139320        0.00023211696240
C           -1.49034965275156       -1.56212568063401        0.00037827630756
C           -0.72285183715714       -0.38470012393421        0.00010480188721
C           -1.41165500883848        0.85439227283854       -0.00013031499188
C           -2.81742801678115        0.87035586752068       -0.00033933495870
C           -0.67636009805809        2.07464302552617       -0.00009654504885
C            0.67634786410592        2.07464575887763        0.00011721315560
C            1.41164727147364        0.85439779882993        0.00011727933981
C            0.72284880482577       -0.38469702069911        0.00005066845077
C            1.49035061189953       -1.56212022208772       -0.00017900682105
C            2.86445376534614       -1.52119436456714       -0.00027412309755
C            3.53712620776249       -0.29744627441272       -0.00010974833704
C            2.81742027732808        0.87036590111494        0.00008148395901
H           -4.61784545431474       -0.27496550800672       -0.00039423776910
H           -3.42911941592539       -2.44316260556317        0.00045364024306
H           -1.00359620207594       -2.52535176383289        0.00075385894234
H           -3.32396295723266        1.82633212518376       -0.00060235103859
H           -1.22984655351578        3.00420348546923       -0.00020374587835
H            1.22983010150422        3.00420869076765        0.00021705287301
H            1.00359866612832       -2.52534710164460       -0.00034991670523
H            3.42912345734461       -2.44315073377247       -0.00049558927904
H            4.61784153353281       -0.27494881989366       -0.00017338556859
H            3.32395284898961        1.82634341812373        0.00016546076162
24
 energy: -35.073978078229 gnorm: 0.000963689672 xtb: 6.7.1 (edcfbbe)
C           -3.53358212149290       -0.29768000954170       -0.00017681229345
C           -2.86115629531285       -1.52025036297292        0.00021403681726
C           -1.48831490605839       -1.56023455155001        0.00033422338813
C           -0.72184029326466       -0.38360434115682        0.00008445971377
C           -1.41011098363981        0.85339906497414       -0.00012794364500
C           -2.81441877153884        0.86939088358320       -0.00030880396944
C           -0.67576839718147        2.07338930203748       -0.00010347274063
C            0.67575618764314        2.07339187506781        0.00009263870571
C            1.41010317842270        0.85340431844290        0.00009736575170
C            0.72183701673857       -0.38360154289620        0.00003777134383
C            1.48831570580346       -1.56022923148209       -0.00016335856425
C            2.86115686997074       -1.52024042373658       -0.00025063155498
C            3.53357828651664       -0.29766753474096       -0.00010243648103
C            2.81441094771225        0.86940088551227        0.00007021587329
H           -4.61306186672870       -0.27602740340932       -0.00033907085101
H           -3.42552941399511       -2.44096570265342        0.00042363616810
H           -1.00082217223108       -2.52198892130575        0.00066478287167
H           -3.32038876138465        1.82426710149411       -0.00054578032112
H           -1.22959959962219        3.00126393129835       -0.00020082064758
H            1.22958366850207        3.00126872006517        0.00018397559966
H            1.00082540263776       -2.52198485552642       -0.00031245202919
H            3.42553332722971       -2.44095370438687       -0.00044966868095
H            4.61305797377577       -0.27601090840905       -0.00015218646195
H            3.32037805435235        1.82427865883122        0.00014984133349
24
 energy: -35.073978871193 gnorm: 0.000259432472 xtb: 6.7.1 (edcfbbe)
C           -3.53337441655063       -0.29777584379143       -0.00014590359864
C           -2.86083713642255       -1.52054071229354        0.00019280409219
C           -1.48803058718952       -1.56029402782728        0.00028642833859
C           -0.72172392866518       -0.38341179909807        0.00006363028882
C           -1.40997388598953        0.85337886451181       -0.00012259784066
C           -2.81422777212378        0.86951450481772       -0.00027277452498
C           -0.67577479377942        2.07383545899103       -0.00010670339316
C            0.67576259769174        2.07383791660423        0.00006565973288
C            1.40996603736494        0.85338394574921        0.00007419834962
C            0.72172050641995       -0.38340916900522        0.00002283614740
C            1.48803129177117       -1.56028876448409       -0.00014866706654
C            2.86083766750737       -1.52053066345193       -0.00022151627226
C            3.53337059935111       -0.29776334626474       -0.00009036349974
C            2.81421988377604        0.86952448625967        0.00005641698896
H           -4.61271752676814       -0.27648503774497       -0.00027813776753
H           -3.42529068501780       -2.44106913894665        0.00038163790362
H           -1.00003523868498       -2.52173407906615        0.00057123829000
H           -3.32008645261352        1.82434835211846       -0.00048081443996
H           -1.23022745751395        3.00119291655009       -0.00019749607595
H            1.23021184025570        3.00119741921274        0.00014202254141
H            1.00003897492729       -2.52173037534098       -0.00027538975888
H            3.42529451997845       -2.44105706240208       -0.00039316309673
H            4.61271364434537       -0.27646865241441       -0.00013175797708
H            3.32007535478441        1.82436005485511        0.00012792196466
24
 energy: -35.073978947200 gnorm: 0.000049692347 xtb: 6.7.1 (edcfbbe)
C           -3.53340363316045       -0.29769066232161       -0.00011659435408
C           -2.86093268030974       -1.52052608671541        0.00016856999134
C           -1.48816748550617       -1.56036695534017        0.00023873431740
C           -0.72174364143327       -0.38346887802968        0.00004430251832
C           -1.40993958016783        0.85331501325108       -0.00011520931578
C           -2.81423053401624        0.86954628529269       -0.00023394219011
C           -0.67574412358950        2.07390623568917       -0.00011013634430
C            0.67573193215240        2.07390863859699        0.00003610112265
C            1.40993171134324        0.85332001677997        0.00005063595688
C            0.72174015317049       -0.38346631664571        0.00000915044494
C            1.48816814792597       -1.56036170614457       -0.00013191152244
C            2.86093319484376       -1.52051598588146       -0.00019064528175
C            3.53339982660481       -0.29767815679543       -0.00008018601556
C            2.81422261331277        0.86955625508631        0.00003990418497
H           -4.61277713024230       -0.27648537271578       -0.00021823724706
H           -3.42556395957531       -2.44097011125915        0.00033538680574
H           -1.00013471512208       -2.52178775760772        0.00047766487728
H           -3.32009343355192        1.82438760959031       -0.00041090361270
H           -1.23051802011798        3.00110035203539       -0.00019030777750
H            1.23050253473489        3.00110472635736        0.00009730298689
H            1.00013870640069       -2.52178421640461       -0.00023935475596
H            3.42556774353639       -2.44095800994241       -0.00033204003167
H            4.61277325245143       -0.27646903870226       -0.00010987192055
H            3.32008215717049        1.82439936936524        0.00010109648910
