----------------------------------------------- 
  Element       SASA      Sigma Z        Total  
     Z         Ang**2 cal/Ang**2/mol   kcal/mol 
----------------------------------------------- 
      C         33.944     129.740       4.404
      N          0.680       0.000       0.000
      O         51.020       0.000       0.000
      Cl       169.866       9.820       1.668

 Subtotal:     255.510                   6.072
 -----------------------------------------------

  Elements    COT*SASA   Sigma Z,Z'     Total   
    Z,Z'       Ang**2  cal/Ang**2/mol kcal/mol  
 ---------------------------------------------- 
  C   C         45.371     -72.950      -3.310
  O   C          0.000      68.690       0.000
  O   O          0.000       0.000       0.000
  C   N          1.647       0.000       0.000
  N   C          0.811     -48.220      -0.039
  N  C(3)        0.000      84.100       0.000
  O   N         30.451     121.980       3.714

 Subtotal:                               0.365
 ---------------------------------------------- 

 NONAQUEOUS SOLVENT CONTRIBUTION (kcal/mol):
 (proportional to SASA, atomic number independent)
 ---------------------------------------------- 
 Subtotal:                               0.000
 ---------------------------------------------- 

 CDS TOTAL (kcal/mol):                   6.437
...............................................................................
