----------------------------------------------- 
  Element       SASA      Sigma Z        Total  
     Z         Ang**2 cal/Ang**2/mol   kcal/mol 
----------------------------------------------- 
      H         50.581      48.690       2.463
      C         68.280     129.740       8.859
      N         42.167       0.000       0.000

 Subtotal:     161.028                  11.321
 -----------------------------------------------

  Elements    COT*SASA   Sigma Z,Z'     Total   
    Z,Z'       Ang**2  cal/Ang**2/mol kcal/mol  
 ---------------------------------------------- 
  H   C         34.166     -60.770      -2.076
  C   C         67.231     -72.950      -4.904
  C   N         20.716       0.000       0.000
  N   C         53.196     -48.220      -2.565
  N  C(3)       16.826      84.100       1.415

 Subtotal:                              -8.131
 ---------------------------------------------- 

 NONAQUEOUS SOLVENT CONTRIBUTION (kcal/mol):
 (proportional to SASA, atomic number independent)
 ---------------------------------------------- 
 Subtotal:                               0.000
 ---------------------------------------------- 

 CDS TOTAL (kcal/mol):                   3.191
...............................................................................
