27
 energy: -465.803445122204 gnorm: 0.038016909463 xtb: 6.7.1 (edcfbbe)
C            3.68401519343248       -0.28240666712514        0.14434087666396
C            2.20548081557731       -0.18736798058303        0.00523393030232
C            1.56051494959151        0.98927384863837       -0.03199527451418
C            0.12609888045588        1.12296463899762       -0.21620188309580
O           -0.41421355878355        2.22538775978613       -0.25363613261239
C           -0.64840120948732       -0.16823168627455       -0.42422297308798
H           -0.53506309333710       -0.39018227917290       -1.49562436256275
C            0.00982379060435       -1.29901282667563        0.36535304006190
C            1.45320872034396       -1.47505914425364       -0.09342443474140
C           -2.15112382845322        0.02878467751276       -0.15382532996816
C           -2.98439524362246       -1.10237106498849       -0.75153567503303
C           -2.45134372328626        0.18531292798212        1.33581126919193
H            4.15245411494006        0.69557088440823        0.08715315723862
H            4.08989277711234       -0.92413242180951       -0.63525988978150
H            3.93286062864275       -0.73681479702650        1.10241111538851
H            2.10031267083070        1.92264948905198        0.05504792092439
H            0.00087129090039       -1.05475141666739        1.42866785673308
H           -0.54390075654102       -2.22588455798635        0.21858685159686
H            1.95270406186529       -2.24374018029426        0.49773023142056
H            1.46790533115047       -1.80341060499914       -1.13793347920425
H           -2.43017492387687        0.96616015362813       -0.65057349798829
H           -2.76968664032732       -2.04567137750649       -0.25593614141341
H           -2.78252551373301       -1.21174265633696       -1.81447260330404
H           -4.04269559049143       -0.88807650049353       -0.62536847387712
H           -1.83103470591138        0.96908489652943        1.76615762568263
H           -2.27334927030738       -0.74376051872958        1.87090876542905
H           -3.49304938794786        0.46433939470576        1.47524817325372
27
 energy: -465.804789952829 gnorm: 0.011464655105 xtb: 6.7.1 (edcfbbe)
C            3.69299575745727       -0.27992488460376        0.14175844500852
C            2.21353622489657       -0.18633050056935        0.00681939281610
C            1.57246404628589        1.00004948759414       -0.02901033981024
C            0.13607552363374        1.12527983473386       -0.21998944364615
O           -0.39789552310157        2.23988895525164       -0.25588636658174
C           -0.65939006791722       -0.15794499193088       -0.42244622936147
H           -0.53920590116970       -0.38379529407317       -1.49574326613779
C            0.00139303740143       -1.29921683971614        0.35529622457058
C            1.45142777172978       -1.47178694811364       -0.08665158810878
C           -2.16281793314788        0.02848059659396       -0.15341179464966
C           -2.98934538837000       -1.10737771107747       -0.75403978138246
C           -2.45847417996439        0.19255775711297        1.33869902092617
H            4.17181622933340        0.69896320301021        0.08652978858851
H            4.09975743585738       -0.93005436551780       -0.63920836338413
H            3.94318111170958       -0.74615206067423        1.10090391359766
H            2.12355025017446        1.93332163356157        0.05222927686435
H           -0.01031596432261       -1.06535810703367        1.42504532171287
H           -0.55210197231412       -2.23053944865692        0.21020033371407
H            1.96011500470504       -2.24160728982407        0.50189205840843
H            1.48055171646634       -1.80817961273487       -1.13319218993773
H           -2.45115534187217        0.95831008075128       -0.65746422165953
H           -2.77308127794658       -2.05874036937589       -0.25999707863842
H           -2.78779524206599       -1.22169634620758       -1.82289948241250
H           -4.05614185088392       -0.90298093542700       -0.62883147386909
H           -1.83817986020889        0.97468807523859        1.78605615168972
H           -2.27961113252970       -0.74030838640339        1.87987351301314
H           -3.50616710996779        0.46736727346036        1.48610572562354
27
 energy: -465.804959598751 gnorm: 0.003048696623 xtb: 6.7.1 (edcfbbe)
C            3.69586121508198       -0.28075898103342        0.13844027451655
C            2.21595853119131       -0.18472445133769        0.00757160145376
C            1.57557536978681        1.00596257464770       -0.02899137966727
C            0.13759657342856        1.12652183571575       -0.21167950759773
O           -0.39431707814806        2.24628233783679       -0.25858952695191
C           -0.66085335560847       -0.15361749464054       -0.42242739798157
H           -0.53686835997285       -0.37485716003708       -1.49808552249605
C           -0.00047581936485       -1.30027988436780        0.35112557048286
C            1.45167520301659       -1.46979180141692       -0.08337213517637
C           -2.16420240835043        0.03275060576261       -0.15244873168858
C           -2.98680847226367       -1.10877130472244       -0.75040898666023
C           -2.46747440824285        0.19643294820036        1.33909946438179
H            4.18062688212093        0.69701492807680        0.08497647160671
H            4.10331095668067       -0.93326978916811       -0.64384052933973
H            3.95053117594051       -0.75467983489768        1.09565885564043
H            2.13246932039679        1.93823901029086        0.04409359341457
H           -0.02132157344744       -1.07741379026123        1.42526103993865
H           -0.55261159431811       -2.23258778257855        0.19816899560009
H            1.96135950734813       -2.23824962195453        0.50889836554322
H            1.49514717736313       -1.81337890328344       -1.12976019987920
H           -2.45989721275886        0.95791455850444       -0.66126574612254
H           -2.77038206501626       -2.06470052565268       -0.25943828963883
H           -2.78625281040551       -1.22477586985410       -1.82158402139191
H           -4.05777579790595       -0.91188468014885       -0.62711353141173
H           -1.84785469636238        0.97689704153216        1.79503281629685
H           -2.29029955308431       -0.73748612434400        1.88443770759752
H           -3.51753204347607        0.47012552433228        1.48887407921344
27
 energy: -465.804997282985 gnorm: 0.002515128865 xtb: 6.7.1 (edcfbbe)
C            3.69638049382068       -0.28158548901908        0.13527578947702
C            2.21632243288681       -0.18385715675594        0.00963390407801
C            1.57582587652146        1.00747062352182       -0.02599924726355
C            0.13931201058697        1.12811130336100       -0.21581007600735
O           -0.39366181231586        2.24825067413522       -0.25756578328521
C           -0.66058852875037       -0.15131706475344       -0.42150222214077
H           -0.53854909812980       -0.36928221464000       -1.49808838464608
C           -0.00090517276476       -1.30128024610616        0.34860755615118
C            1.45236668392967       -1.46884680499748       -0.08033574414107
C           -2.16433297069419        0.03339544527941       -0.15130162384316
C           -2.98494231525655       -1.11036385882056       -0.74857574456687
C           -2.47017054346322        0.19889145007750        1.33940514015274
H            4.18289625194824        0.69519938297538        0.08293165647839
H            4.10208340790144       -0.93313643078653       -0.64907111872515
H            3.95418365973225       -0.75885437134608        1.09023127121582
H            2.13397397055822        1.93863113453960        0.04745385138394
H           -0.02755114242061       -1.08469493300982        1.42408904871627
H           -0.55186265877402       -2.23319135718630        0.18846298815101
H            1.96035129509489       -2.23566227209787        0.51589012762366
H            1.50263879961993       -1.81579854712019       -1.12562481014602
H           -2.46239858446540        0.95656706081176       -0.66245117796307
H           -2.76682593576535       -2.06602480905372       -0.25771443998465
H           -2.78476605447052       -1.22676853949851       -1.81991182349767
H           -4.05648978922653       -0.91622640603292       -0.62540738739471
H           -1.85173988430998        0.97906765304979        1.79750072291176
H           -2.29577052999366       -0.73487945731691        1.88630130561560
H           -3.52059592628492        0.47309916425429        1.48620652247157
27
 energy: -465.805030536713 gnorm: 0.001978942203 xtb: 6.7.1 (edcfbbe)
C            3.69660768762528       -0.28220252747338        0.13136145670600
C            2.21651271674060       -0.18320378229500        0.01144721966994
C            1.57582006289663        1.00799247429634       -0.02309781414807
C            0.13978602632037        1.12925774819699       -0.21140402463740
O           -0.39319008438099        2.24933127359403       -0.25493132238526
C           -0.66002556128751       -0.14895030990220       -0.41974741083571
H           -0.53954810751079       -0.36213716918159       -1.49732048860834
C           -0.00160437746379       -1.30289234999915        0.34526530366291
C            1.45336798910642       -1.46821224041622       -0.07613192644760
C           -2.16449047956914        0.03366376508984       -0.15046026061039
C           -2.98248915839191       -1.11259567719143       -0.74694513367202
C           -2.47250106063646        0.20194566236081        1.33921665377005
H            4.18414018844846        0.69365463856185        0.08021512879820
H            4.09830696785786       -0.93122596390438       -0.65685336237621
H            3.95838632226321       -0.76326911379993        1.08301128599420
H            2.13499228724783        1.93816203621765        0.04842561706973
H           -0.03543530183256       -1.09392003518146        1.42181759081254
H           -0.55109279021086       -2.23369921600967        0.17486158028958
H            1.95894424479358       -2.23187275186772        0.52617190521104
H            1.51046473311721       -1.81982001108202       -1.11925063267381
H           -2.46374341066639        0.95513806392840       -0.66383703937874
H           -2.76158354003308       -2.06651495778656       -0.25492000929278
H           -2.78229516461453       -1.22937855780055       -1.81792692309412
H           -4.05394297581095       -0.92068974093634       -0.62333306442237
H           -1.85542353004275        0.98210452823831        1.79829155896264
H           -2.30186684194403       -0.73130359117513        1.88761747646146
H           -3.52291389718839        0.47755239255332        1.48108269339166
27
 energy: -465.805054460853 gnorm: 0.001362815913 xtb: 6.7.1 (edcfbbe)
C            3.69686199562637       -0.28245388932782        0.12297159591801
C            2.21610317742402       -0.18277856541211        0.01655218132336
C            1.57520143884215        1.00767943693740       -0.01420647848495
C            0.13968653514369        1.13049286329002       -0.20101009901828
O           -0.39309995617656        2.25008687575536       -0.24570555048107
C           -0.65832500281394       -0.14606682461092       -0.41896397950026
H           -0.53860562180747       -0.34989684068852       -1.49823951384437
C           -0.00440444588677       -1.30682221636315        0.33818989460090
C            1.45498734066894       -1.46823482827974       -0.06752585683728
C           -2.16361914605086        0.03493881858664       -0.15035643508036
C           -2.97719625106575       -1.11676623965354       -0.74261609418481
C           -2.47721270516365        0.20849945050616        1.33739255984120
H            4.18437345278432        0.69315938462339        0.07459216548247
H            4.08853170961805       -0.92401250431873       -0.67602660626697
H            3.96800464045984       -0.77214042023801        1.06697177980451
H            2.13553030178221        1.93711686138149        0.05381001021169
H           -0.05253478020103       -1.11249633276798        1.41657242811953
H           -0.55010651692525       -2.23570417886748        0.14771076479818
H            1.95589335369129       -2.22447223761743        0.54800898956561
H            1.52545681079672       -1.82989207660672       -1.10577602726714
H           -2.46346695032023        0.95357243651749       -0.66821780261807
H           -2.75138287106184       -2.06702552886287       -0.24701250118824
H           -2.77623176866618       -1.23538967419138       -1.81274003798384
H           -4.04858347201183       -0.92830057978301       -0.61859795126575
H           -1.86067584615375        0.98880984735836        1.79550465609816
H           -2.31275699578222       -0.72313203217956        1.88938758644419
H           -3.52724783442527        0.48814508039134        1.47194685506265
27
 energy: -465.805061312319 gnorm: 0.000513885988 xtb: 6.7.1 (edcfbbe)
C            3.69709744967379       -0.28195226932583        0.12281442729581
C            2.21594754526667       -0.18324363424051        0.01654847414281
C            1.57514719251667        1.00729100194169       -0.01272947077039
C            0.13914408799472        1.12976825960331       -0.19992040302496
O           -0.39346212624669        2.24947981092489       -0.24226013924355
C           -0.65880978496920       -0.14720229862758       -0.41941974735832
H           -0.53741868797114       -0.35193587991884       -1.49835503596792
C           -0.00473110190112       -1.30691104225568        0.33892208881185
C            1.45485963608217       -1.46907206584393       -0.06779046858719
C           -2.16409174051417        0.03458671306113       -0.15206698712505
C           -2.97865414939058       -1.11657632629837       -0.74345884335050
C           -2.47570980902251        0.20926601723747        1.33617345872624
H            4.18298641661138        0.69483380682605        0.07546449081449
H            4.08893219514881       -0.92153241269515       -0.67770772659460
H            3.96927725050740       -0.77266637356476        1.06598161323400
H            2.13466656931360        1.93744049845822        0.05710695151326
H           -0.05183366317130       -1.11120835932819        1.41688587766885
H           -0.55002074972039       -2.23617884911766        0.15061531388572
H            1.95613344297954       -2.22525842047841        0.54733354832860
H            1.52455260950679       -1.83076506772461       -1.10597554528140
H           -2.46341602949504        0.95337054347937       -0.67003771267486
H           -2.75400395672577       -2.06661645928806       -0.24646575382705
H           -2.77734869828770       -1.23733049211221       -1.81347628612293
H           -4.05024709090913       -0.92737084264102       -0.62013033644884
H           -1.85815984024974        0.98976195470531        1.79327873948810
H           -2.31006979609145       -0.72206660480982        1.88852222251519
H           -3.52558673601558        0.48900498582665        1.47276331734514
27
 energy: -465.805065466975 gnorm: 0.000564326647 xtb: 6.7.1 (edcfbbe)
C            3.69768956552419       -0.28125754750244        0.12057535871749
C            2.21581108835997       -0.18372234936974        0.01774227792067
C            1.57483567347390        1.00677681267926       -0.00866457313366
C            0.13848690611842        1.12913618938112       -0.19687403523628
O           -0.39431951181984        2.24878506627294       -0.23524058796660
C           -0.65875276160487       -0.14822713298662       -0.42016625133598
H           -0.53473840279911       -0.35235793589115       -1.49895170341761
C           -0.00572675845798       -1.30806653417896        0.33888328414264
C            1.45470161081447       -1.46977033943967       -0.06670994654149
C           -2.16410100809772        0.03411583599176       -0.15415096510576
C           -2.97940532801627       -1.11743622361207       -0.74331793992484
C           -2.47530421929680        0.21174264586825        1.33402116691815
H            4.18153185123800        0.69690915835339        0.07652769693247
H            4.08863504676272       -0.91580153043415       -0.68457420227397
H            3.97343551533124       -0.77623068757685        1.06052835202532
H            2.13340299229114        1.93751816064239        0.06321370566760
H           -0.05341230765657       -1.11257337637981        1.41690707500879
H           -0.55052538106097       -2.23766938058801        0.15032327928829
H            1.95556547481628       -2.22496677047628        0.55008123443347
H            1.52570823712548       -1.83316336307091       -1.10426002880365
H           -2.46268587274583        0.95226797954750       -0.67374045126203
H           -2.75704610525327       -2.06674211806208       -0.24343391227373
H           -2.77719471468363       -1.24193732430804       -1.81292891501609
H           -4.05114482783437       -0.92660912123778       -0.62202413419102
H           -1.85641386237679        0.99261650849605        1.78908220557997
H           -2.30893674409598       -0.71875186064227        1.88785543402362
H           -3.52491645479920        0.49233195749713        1.47190960433009
27
 energy: -465.805065466975 gnorm: 0.000564326647 xtb: 6.7.1 (edcfbbe)
C            3.69768956552419       -0.28125754750244        0.12057535871749
C            2.21581108835997       -0.18372234936974        0.01774227792067
C            1.57483567347390        1.00677681267926       -0.00866457313366
C            0.13848690611842        1.12913618938112       -0.19687403523628
O           -0.39431951181984        2.24878506627294       -0.23524058796660
C           -0.65875276160487       -0.14822713298662       -0.42016625133598
H           -0.53473840279911       -0.35235793589115       -1.49895170341761
C           -0.00572675845798       -1.30806653417896        0.33888328414264
C            1.45470161081447       -1.46977033943967       -0.06670994654149
C           -2.16410100809772        0.03411583599176       -0.15415096510576
C           -2.97940532801627       -1.11743622361207       -0.74331793992484
C           -2.47530421929680        0.21174264586825        1.33402116691815
H            4.18153185123800        0.69690915835339        0.07652769693247
H            4.08863504676272       -0.91580153043415       -0.68457420227397
H            3.97343551533124       -0.77623068757685        1.06052835202532
H            2.13340299229114        1.93751816064239        0.06321370566760
H           -0.05341230765657       -1.11257337637981        1.41690707500879
H           -0.55052538106097       -2.23766938058801        0.15032327928829
H            1.95556547481628       -2.22496677047628        0.55008123443347
H            1.52570823712548       -1.83316336307091       -1.10426002880365
H           -2.46268587274583        0.95226797954750       -0.67374045126203
H           -2.75704610525327       -2.06674211806208       -0.24343391227373
H           -2.77719471468363       -1.24193732430804       -1.81292891501609
H           -4.05114482783437       -0.92660912123778       -0.62202413419102
H           -1.85641386237679        0.99261650849605        1.78908220557997
H           -2.30893674409598       -0.71875186064227        1.88785543402362
H           -3.52491645479920        0.49233195749713        1.47190960433009
