----------------------------------------------- 
  Element       SASA      Sigma Z        Total  
     Z         Ang**2 cal/Ang**2/mol   kcal/mol 
----------------------------------------------- 
      H        115.935      48.690       5.645
      C         34.670     129.740       4.498
      O         28.676       0.000       0.000

 Subtotal:     179.280                  10.143
 -----------------------------------------------

  Elements    COT*SASA   Sigma Z,Z'     Total   
    Z,Z'       Ang**2  cal/Ang**2/mol kcal/mol  
 ---------------------------------------------- 
  H   C         78.230     -60.770      -4.754
  H   O          0.000       0.000       0.000
  C   C         22.396     -72.950      -1.634
  O   C         15.586      68.690       1.071
  O   O          0.000       0.000       0.000

 Subtotal:                              -5.317
 ---------------------------------------------- 

 NONAQUEOUS SOLVENT CONTRIBUTION (kcal/mol):
 (proportional to SASA, atomic number independent)
 ---------------------------------------------- 
 Subtotal:                               0.000
 ---------------------------------------------- 

 CDS TOTAL (kcal/mol):                   4.826
...............................................................................
