----------------------------------------------- 
  Element       SASA      Sigma Z        Total  
     Z         Ang**2 cal/Ang**2/mol   kcal/mol 
----------------------------------------------- 
      H        145.867      48.690       7.102
      C         28.582     129.740       3.708
      O         12.011       0.000       0.000

 Subtotal:     186.460                  10.810
 -----------------------------------------------

  Elements    COT*SASA   Sigma Z,Z'     Total   
    Z,Z'       Ang**2  cal/Ang**2/mol kcal/mol  
 ---------------------------------------------- 
  H   C         98.298     -60.770      -5.974
  H   O          0.000       0.000       0.000
  C   C         24.658     -72.950      -1.799
  O   C          0.000      68.690       0.000

 Subtotal:                              -7.772
 ---------------------------------------------- 

 NONAQUEOUS SOLVENT CONTRIBUTION (kcal/mol):
 (proportional to SASA, atomic number independent)
 ---------------------------------------------- 
 Subtotal:                               0.000
 ---------------------------------------------- 

 CDS TOTAL (kcal/mol):                   3.038
...............................................................................
