2025-04-03 21:48:22,067 -     censo.parallel     -  DEBUG   - Free cores decreased 1 -> 0.
2025-04-03 21:48:22,072 -   censo.qm_processor   -  DEBUG   - worker2169344:Running on 1 cores.
2025-04-03 21:48:22,115 -   censo.qm_processor   -   INFO   - worker2169344:Running xtb_gsolv calculation in /srv/scratch/z5358697/.automated/4110/0_PRESCREENING/CONF1/xtb_gsolv.
2025-04-03 21:48:22,194 -   censo.qm_processor   -  DEBUG   - worker2169344:Running ['/srv/scratch/z5358697/.xtb/bin/xtb', 'gas.coord', '--gfn2', '--sp', '--chrg', '0', '--norestart', '--parallel', '1']...
2025-04-03 21:48:22,203 -   censo.qm_processor   -  DEBUG   - worker2169344:Started (PID: 2169349).
2025-04-03 21:48:22,254 -   censo.qm_processor   -  DEBUG   - worker2169344:Done.
2025-04-03 21:48:22,281 -   censo.qm_processor   -  DEBUG   - worker2169344:Running ['/srv/scratch/z5358697/.xtb/bin/xtb', 'solv.coord', '--gfn2', '--sp', '--chrg', '0', '--norestart', '--parallel', '1', '--alpb', 'water', 'reference', '-I', 'xtb_sp-xcontrol-inp']...
2025-04-03 21:48:22,284 -   censo.qm_processor   -  DEBUG   - worker2169344:Started (PID: 2169351).
2025-04-03 21:48:22,342 -   censo.qm_processor   -  DEBUG   - worker2169344:Done.
2025-04-03 21:48:22,344 -     censo.parallel     -  DEBUG   - Free cores increased 0 -> 1.
2025-04-03 21:48:22,350 -     censo.parallel     -  DEBUG   - Checking for failed jobs...
2025-04-03 21:48:22,351 -     censo.parallel     -   INFO   - All jobs executed successfully.
2025-04-03 21:48:22,357 -     censo.parallel     -  DEBUG   - Free cores decreased 1 -> 0.
2025-04-03 21:48:22,361 -   censo.qm_processor   -  DEBUG   - worker2169365:Running on 1 cores.
2025-04-03 21:48:22,370 -   censo.qm_processor   -   INFO   - worker2169365:Running sp calculation in /srv/scratch/z5358697/.automated/4110/0_PRESCREENING/CONF1/sp.
2025-04-03 21:48:22,387 -   censo.qm_processor   -  DEBUG   - worker2169365:Running ['/apps/z_install_tree/linux-rocky8-ivybridge/gcc-12.2.0/orca-6.0.0-srtngmq3qlimg2qxbl6avaaiffipurdx/bin/orca', 'sp.inp']...
2025-04-03 21:48:22,393 -   censo.qm_processor   -  DEBUG   - worker2169365:Started (PID: 2169370).
2025-04-03 21:48:28,595 -   censo.qm_processor   -  DEBUG   - worker2169365:Done.
2025-04-03 21:48:28,601 -     censo.parallel     -  DEBUG   - Free cores increased 0 -> 1.
2025-04-03 21:48:28,607 -     censo.parallel     -  DEBUG   - Checking for failed jobs...
2025-04-03 21:48:28,608 -     censo.parallel     -   INFO   - All jobs executed successfully.
2025-04-03 21:48:28,608 -censo.ensembleopt.prescreening-  DEBUG   - Writing to /srv/scratch/z5358697/.automated/4110/0_PRESCREENING.out.
2025-04-03 21:48:28,653 -     censo.parallel     -  DEBUG   - Free cores decreased 1 -> 0.
2025-04-03 21:48:28,658 -   censo.qm_processor   -  DEBUG   - worker2169399:Running on 1 cores.
2025-04-03 21:48:28,719 -   censo.qm_processor   -   INFO   - worker2169399:Running gsolv calculation in /srv/scratch/z5358697/.automated/4110/1_SCREENING/CONF1/gsolv.
2025-04-03 21:48:28,810 -  censo.orca_processor  -  DEBUG   - worker2169399:Copying .gbw file from /srv/scratch/z5358697/.automated/4110/0_PRESCREENING/CONF1/sp/sp.gbw.
2025-04-03 21:48:28,836 -   censo.qm_processor   -  DEBUG   - worker2169399:Running ['/apps/z_install_tree/linux-rocky8-ivybridge/gcc-12.2.0/orca-6.0.0-srtngmq3qlimg2qxbl6avaaiffipurdx/bin/orca', 'sp_gas.inp']...
2025-04-03 21:48:28,842 -   censo.qm_processor   -  DEBUG   - worker2169399:Started (PID: 2169404).
2025-04-03 21:48:46,030 -   censo.qm_processor   -  DEBUG   - worker2169399:Done.
2025-04-03 21:48:46,047 -  censo.orca_processor  -  DEBUG   - worker2169399:Copying .gbw file from /srv/scratch/z5358697/.automated/4110/0_PRESCREENING/CONF1/sp/sp.gbw.
2025-04-03 21:48:46,075 -   censo.qm_processor   -  DEBUG   - worker2169399:Running ['/apps/z_install_tree/linux-rocky8-ivybridge/gcc-12.2.0/orca-6.0.0-srtngmq3qlimg2qxbl6avaaiffipurdx/bin/orca', 'sp_solv.inp']...
2025-04-03 21:48:46,078 -   censo.qm_processor   -  DEBUG   - worker2169399:Started (PID: 2169598).
2025-04-03 21:49:08,682 -   censo.qm_processor   -  DEBUG   - worker2169399:Done.
2025-04-03 21:49:08,688 -     censo.parallel     -  DEBUG   - Free cores increased 0 -> 1.
2025-04-03 21:49:08,696 -     censo.parallel     -  DEBUG   - Checking for failed jobs...
2025-04-03 21:49:08,696 -     censo.parallel     -   INFO   - All jobs executed successfully.
2025-04-03 21:49:08,744 -     censo.parallel     -  DEBUG   - Free cores decreased 1 -> 0.
2025-04-03 21:49:08,749 -   censo.qm_processor   -  DEBUG   - worker2169835:Running on 1 cores.
2025-04-03 21:49:08,764 -   censo.qm_processor   -   INFO   - worker2169835:Running xtb_opt calculation in /srv/scratch/z5358697/.automated/4110/2_OPTIMIZATION/CONF1/xtb_opt.
2025-04-03 21:49:08,836 -  censo.orca_processor  -  DEBUG   - worker2169835:Copying .gbw file from /srv/scratch/z5358697/.automated/4110/1_SCREENING/CONF1/gsolv/sp_solv.gbw.
2025-04-03 21:49:08,864 -   censo.qm_processor   -  DEBUG   - worker2169835:Running ['/srv/scratch/z5358697/.xtb/bin/xtb', 'xtb_opt.coord', '--opt', 'normal', '--orca', '-I', 'xtb_opt-xcontrol-inp']...
2025-04-03 21:49:08,870 -   censo.qm_processor   -  DEBUG   - worker2169835:Started (PID: 2169840).
2025-04-03 21:50:50,180 -   censo.qm_processor   -  DEBUG   - worker2169835:Done.
2025-04-03 21:50:50,191 -     censo.parallel     -  DEBUG   - Free cores increased 0 -> 1.
2025-04-03 21:50:50,198 -     censo.parallel     -  DEBUG   - Checking for failed jobs...
2025-04-03 21:50:50,198 -     censo.parallel     -   INFO   - All jobs executed successfully.
2025-04-03 21:50:50,205 -     censo.parallel     -  DEBUG   - Free cores decreased 1 -> 0.
2025-04-03 21:50:50,211 -   censo.qm_processor   -  DEBUG   - worker2171565:Running on 1 cores.
2025-04-03 21:50:50,216 -   censo.qm_processor   -   INFO   - worker2171565:Running xtb_rrho calculation in /srv/scratch/z5358697/.automated/4110/2_OPTIMIZATION/CONF1/xtb_rrho.
2025-04-03 21:50:50,239 -   censo.qm_processor   -  DEBUG   - worker2171565:Running ['/srv/scratch/z5358697/.xtb/bin/xtb', 'xtb_rrho.coord', '--gfn2', '--ohess', 'vtight', '--chrg', '0', '--enso', '--norestart', '-I', 'rrho-xcontrol-inp', '--parallel', '1', '--alpb', 'water']...
2025-04-03 21:50:50,244 -   censo.qm_processor   -  DEBUG   - worker2171565:Started (PID: 2171570).
2025-04-03 21:50:50,847 -   censo.qm_processor   -  DEBUG   - worker2171565:Done.
2025-04-03 21:50:50,851 -     censo.parallel     -  DEBUG   - Free cores increased 0 -> 1.
2025-04-03 21:50:50,857 -     censo.parallel     -  DEBUG   - Checking for failed jobs...
2025-04-03 21:50:50,857 -     censo.parallel     -   INFO   - All jobs executed successfully.
2025-04-03 21:50:50,857 -censo.ensembleopt.optimization-  DEBUG   - Writing to /srv/scratch/z5358697/.automated/4110/2_OPTIMIZATION.out.
2025-04-03 21:50:50,868 -censo.ensembleopt.optimization-  DEBUG   - Writing to /srv/scratch/z5358697/.automated/4110/2_OPTIMIZATION.out.
2025-04-03 21:50:50,917 -     censo.parallel     -  DEBUG   - Free cores decreased 1 -> 0.
2025-04-03 21:50:50,922 -   censo.qm_processor   -  DEBUG   - worker2171585:Running on 1 cores.
2025-04-03 21:50:50,951 -   censo.qm_processor   -   INFO   - worker2171585:Running gsolv calculation in /srv/scratch/z5358697/.automated/4110/3_REFINEMENT/CONF1/gsolv.
2025-04-03 21:50:51,641 -  censo.orca_processor  -  DEBUG   - worker2171585:Copying .gbw file from /srv/scratch/z5358697/.automated/4110/2_OPTIMIZATION/CONF1/xtb_opt/xtb_opt.gbw.
2025-04-03 21:50:51,674 -   censo.qm_processor   -  DEBUG   - worker2171585:Running ['/apps/z_install_tree/linux-rocky8-ivybridge/gcc-12.2.0/orca-6.0.0-srtngmq3qlimg2qxbl6avaaiffipurdx/bin/orca', 'sp_gas.inp']...
2025-04-03 21:50:51,679 -   censo.qm_processor   -  DEBUG   - worker2171585:Started (PID: 2171596).
2025-04-03 21:52:36,206 -   censo.qm_processor   -  DEBUG   - worker2171585:Done.
2025-04-03 21:52:36,227 -  censo.orca_processor  -  DEBUG   - worker2171585:Copying .gbw file from /srv/scratch/z5358697/.automated/4110/2_OPTIMIZATION/CONF1/xtb_opt/xtb_opt.gbw.
2025-04-03 21:52:36,258 -   censo.qm_processor   -  DEBUG   - worker2171585:Running ['/apps/z_install_tree/linux-rocky8-ivybridge/gcc-12.2.0/orca-6.0.0-srtngmq3qlimg2qxbl6avaaiffipurdx/bin/orca', 'sp_solv.inp']...
2025-04-03 21:52:36,261 -   censo.qm_processor   -  DEBUG   - worker2171585:Started (PID: 2175161).
2025-04-03 21:54:22,555 -   censo.qm_processor   -  DEBUG   - worker2171585:Done.
2025-04-03 21:54:22,562 -     censo.parallel     -  DEBUG   - Free cores increased 0 -> 1.
2025-04-03 21:54:22,568 -     censo.parallel     -  DEBUG   - Checking for failed jobs...
2025-04-03 21:54:22,568 -     censo.parallel     -   INFO   - All jobs executed successfully.
2025-04-03 21:54:22,569 -censo.ensembleopt.refinement-  DEBUG   - Writing to /srv/scratch/z5358697/.automated/4110/3_REFINEMENT.out.
