24
 energy: -43.382889293400 gnorm: 0.058725996820 xtb: 6.7.1 (edcfbbe)
C           -2.58419793509845       -0.65457588564567       -0.32453312992388
C           -1.21280348789880       -0.28963974570212        0.20443690616654
H           -1.23314305477909       -0.26396545978611        1.30744425115948
C           -0.71801282378710        1.05719228639021       -0.33003240648765
H           -0.75142296943862        1.04535031264600       -1.42634510900962
C            0.71974053189736        1.30914309283810        0.12835086466586
H            0.71383930754975        1.42847078634881        1.22579002899594
C            1.61793741168386        0.13713942022470       -0.22203684699619
H            1.70476359122699        0.05083688576076       -1.31613569069359
C            1.00039887059129       -1.15375151362561        0.31234860675344
H            0.93331661281094       -1.12564052699218        1.41244615297613
O           -0.31108439332989       -1.32178494166376       -0.23648724069684
O            1.79218394794955       -2.22679121077818       -0.12258363113243
O            2.89775970193070        0.36830012455471        0.37140758220657
O            1.25777706268607        2.48263471966039       -0.48753030714820
O           -1.56255707687936        2.13818996487379        0.07787654432428
O           -3.07940754974957       -1.86713619199220        0.25632425531243
H           -2.54156410396064       -0.73560797179959       -1.42035228780406
H           -3.29410108966094        0.13251901551388       -0.06007673016018
H            1.61509851862610       -2.98649220055480        0.44855758990467
H            3.49064842843541       -0.32590857548719        0.05353149176814
H            0.67052060936232        3.21515628321224       -0.25434457588789
H           -1.56746992358518        2.15853840851534        1.04641800710595
H           -2.47176987850150       -2.57412322197189        0.00178441185311
24
 energy: -43.385843174192 gnorm: 0.030419007037 xtb: 6.7.1 (edcfbbe)
C           -2.58512631666066       -0.65419155629209       -0.32835176129018
C           -1.20333040203711       -0.29628904105444        0.20406761925067
H           -1.22589905500418       -0.27646436627688        1.30559166130993
C           -0.71899537661102        1.06007394533956       -0.32415362190544
H           -0.75416767303895        1.05476004349871       -1.41845977997068
C            0.72278972978011        1.32037716352954        0.13289721546020
H            0.74052050632648        1.44808489182739        1.22798088219501
C            1.62219274761654        0.14135472328184       -0.21563924462569
H            1.71279914288732        0.06206425142087       -1.30684242419047
C            1.00325889141203       -1.15781554670817        0.31014966932365
H            0.94442979302946       -1.11782042795797        1.41026031686353
O           -0.30757219925672       -1.32890486710475       -0.21366983891017
O            1.78965992423192       -2.22218624263461       -0.11849286479618
O            2.89004981594365        0.35701878593085        0.37668601677553
O            1.24812012695518        2.47992177912246       -0.48853334810964
O           -1.56488199325797        2.12447439949402        0.07687586090470
O           -3.07894745863580       -1.84932450888147        0.25026725567497
H           -2.53904254664423       -0.74921203402408       -1.41922482700323
H           -3.29641331078338        0.13071718781773       -0.06617008406816
H            1.59816088084160       -3.00510937629836        0.41964907038545
H            3.48836325980548       -0.33501885079314        0.06018000761016
H            0.65710061064584        3.21883695866285       -0.27916926481672
H           -1.58277406320519        2.15602430760857        1.04525415527744
H           -2.47384472625918       -2.56331776496878        0.00510606590731
24
 energy: -43.387206648612 gnorm: 0.009102932318 xtb: 6.7.1 (edcfbbe)
C           -2.58272095606771       -0.66182770121072       -0.33199796415927
C           -1.19370721422381       -0.30383734567135        0.20963528033948
H           -1.22736112943208       -0.28405157371334        1.31134478127927
C           -0.71850581306410        1.06241294200529       -0.31058543862473
H           -0.74898376722301        1.06088671941906       -1.40432027973643
C            0.73038763504588        1.33340582298413        0.13598353246378
H            0.76462308341947        1.46652978033039        1.22991230305393
C            1.63136692601805        0.14628221957491       -0.21042646106088
H            1.72299997196227        0.07705458594168       -1.30146601377066
C            1.00172812322789       -1.15829213004200        0.30989022634709
H            0.95695963323844       -1.10337108987835        1.41433304096909
O           -0.30672111970539       -1.33375952731619       -0.19105864196438
O            1.78564810122271       -2.20639282050251       -0.11775550199587
O            2.88243518646494        0.34676256066648        0.38886853382044
O            1.24291720374729        2.47549353751080       -0.49662331330594
O           -1.56714167274142        2.10715376358228        0.08315450092389
O           -3.08385293546781       -1.83701928650752        0.24399441530094
H           -2.52198309341651       -0.75866230125862       -1.42043588153706
H           -3.28610723009720        0.13117118722634       -0.07703959033663
H            1.56196163136525       -3.02793819177841        0.35920887931345
H            3.48984382840361       -0.34335648221019        0.08162701421944
H            0.64115610261997        3.22064031834192       -0.32979475694521
H           -1.60564158243851        2.15153076511801        1.05120607932572
H           -2.48285060477705       -2.56276189807244        0.01860399333251
24
 energy: -43.387441406358 gnorm: 0.009711023233 xtb: 6.7.1 (edcfbbe)
C           -2.57962066616117       -0.66325869778074       -0.33329904791312
C           -1.19116871511424       -0.30607605441072        0.21540397536013
H           -1.23113654798073       -0.28280261757680        1.31786723000501
C           -0.71848545760200        1.06151892327208       -0.30404000212014
H           -0.74762498233410        1.05807124235897       -1.39866739153214
C            0.73273687749613        1.33660721288143        0.13699373321161
H            0.76943681804444        1.47302784212043        1.23115320182608
C            1.63494307601258        0.14840584521839       -0.20761157703358
H            1.72734746879596        0.08112028158792       -1.29946313169278
C            1.00405299812742       -1.15854434629582        0.31019912525631
H            0.96454995369364       -1.10138033026124        1.41686095338258
O           -0.30516930519066       -1.33471736971958       -0.18454603669367
O            1.78829368717663       -2.20265406880349       -0.12202442789290
O            2.88211968681802        0.34708709140087        0.39761446310680
O            1.24037623642048        2.47453131069832       -0.50551282483112
O           -1.56883644334781        2.10308687240338        0.09033972381660
O           -3.08991250064506       -1.83304090743054        0.24357257496741
H           -2.50860483743508       -0.76041424319584       -1.42225321712556
H           -3.27917553334370        0.13678936542278       -0.08768341003702
H            1.54518488430917       -3.03580900957601        0.32542854627902
H            3.49165093986155       -0.34450709918927        0.09776181372372
H            0.63097678186910        3.21771794845675       -0.35791677374792
H           -1.61351303255953        2.14766731929128        1.05798993941706
H           -2.49197107882986       -2.56437265633291        0.02809129751958
24
 energy: -43.387750824536 gnorm: 0.009905301935 xtb: 6.7.1 (edcfbbe)
C           -2.57285536305541       -0.66425135158846       -0.33547265666140
C           -1.18767160028184       -0.30979641062798        0.22662126181219
H           -1.23718960511878       -0.28223953491591        1.32995285513806
C           -0.71807266153336        1.05829653804756       -0.29280508462055
H           -0.74838090310107        1.05145416716794       -1.38883059356562
C            0.73603295401991        1.34041722504899        0.13763038592135
H            0.77649284493637        1.48705388564993        1.23134485004490
C            1.64135963313350        0.15249705627396       -0.20131431754171
H            1.73960458839193        0.08729691103999       -1.29406830363464
C            1.01056575310389       -1.15807345134165        0.31193045438002
H            0.98074083851158       -1.10430188282300        1.42201632280930
O           -0.30094737763297       -1.33624287131372       -0.17355931647436
O            1.79619858900709       -2.19636165066460       -0.13208738729932
O            2.88308717875911        0.35271664652014        0.41581817965314
O            1.23554009564398        2.47321342088135       -0.52295822843260
O           -1.56983430275451        2.09849748318427        0.10486548083474
O           -3.10502591795659       -1.82323543308534        0.24545076718740
H           -2.48331971548576       -0.76815459367614       -1.42463219599861
H           -3.26601311959673        0.14919278612054       -0.11134122794530
H            1.51188662292784       -3.04582074774335        0.25700738796545
H            3.49464508029568       -0.34406833643752        0.13256541969855
H            0.60821476662420        3.20745671565862       -0.41111364413237
H           -1.62327216553376        2.13829619099268        1.07178897698702
H           -2.51533590522314       -2.56578890782864        0.04744935112632
24
 energy: -43.387934093210 gnorm: 0.007492677881 xtb: 6.7.1 (edcfbbe)
C           -2.56773366789438       -0.66411481594780       -0.33689217040445
C           -1.18556668190965       -0.31176105714351        0.23250803265105
H           -1.23887157312443       -0.28448744127196        1.33568649455155
C           -0.71715400090424        1.05598809715947       -0.28704674358015
H           -0.75133037917733        1.04832557707509       -1.38333542397615
C            0.73734692945462        1.34192169556148        0.13720736772950
H            0.78037823874378        1.49800884039883        1.22960713038122
C            1.64554101502220        0.15539188845734       -0.19557299101330
H            1.75219633820697        0.09063371386922       -1.28788587580035
C            1.01620582987992       -1.15729357071873        0.31307825783585
H            0.99257867281618       -1.11114201773822        1.42445971898494
O           -0.29669430578022       -1.33693064138167       -0.16773345791333
O            1.80201533417964       -2.19299219734932       -0.14041001334965
O            2.88380492056010        0.35919431228059        0.43019995736818
O            1.23168514341989        2.47280861761379       -0.53334674865928
O           -1.56822549877105        2.09737863991370        0.11375638701211
O           -3.11621502031126       -1.81312170549999        0.25088367997452
H           -2.46849740423800       -0.77969844854121       -1.42459552906524
H           -3.25666559405664        0.15760876012757       -0.12896705185550
H            1.48790900553763       -3.04781963467934        0.20702245839502
H            3.49534548757152       -0.34259376608559        0.15971561145888
H            0.58932516711155        3.19656717795031       -0.44538031155602
H           -1.62584770547464        2.13056194782620        1.08044861287704
H           -2.53507994278101       -2.56438011733658        0.06285134520553
24
 energy: -43.388104020450 gnorm: 0.004619075181 xtb: 6.7.1 (edcfbbe)
C           -2.56255851010009       -0.66433014054716       -0.33770504230577
C           -1.18292738725510       -0.31302044665435        0.23467173306192
H           -1.23658253157059       -0.28919034777387        1.33699674140492
C           -0.71513315670257        1.05437366292742       -0.28454813027624
H           -0.75482135797837        1.04766302315191       -1.38030504793149
C            0.73784410587173        1.34322815705692        0.13658077364948
H            0.78266906737383        1.50950295826001        1.22679666142411
C            1.65012555480035        0.15883789713312       -0.18739884514832
H            1.76978882461971        0.09421565266970       -1.27811846115376
C            1.02270658900622       -1.15596073817691        0.31391768342533
H            1.00296089876273       -1.12240313555941        1.42528434667019
O           -0.29016478804489       -1.33652203672462       -0.16550356260427
O            1.80843025314200       -2.18951622489276       -0.14954463650979
O            2.88408759763630        0.36722294283992        0.44819984729867
O            1.22769824361974        2.47357158651050       -0.54002031801248
O           -1.56480974897365        2.09748911312508        0.11898341752160
O           -3.12631797516313       -1.79914326382618        0.26414105103956
H           -2.45816772475912       -0.80021664693965       -1.42187705869309
H           -3.24690146355372        0.16478174483692       -0.14695314693151
H            1.45858548460181       -3.04720945433118        0.14895234228778
H            3.49465931188301       -0.33996018282664        0.19051860562958
H            0.56741048891691        3.18270025049082       -0.47622693701859
H           -1.62482831446278        2.12271106290131        1.08579025098563
H           -2.55730315358918       -2.56077157911122        0.08362646943852
24
 energy: -43.388181171206 gnorm: 0.002145163063 xtb: 6.7.1 (edcfbbe)
C           -2.56015428735705       -0.66551815181879       -0.33746354374269
C           -1.18070609711219       -0.31355722447902        0.23253389893976
H           -1.23183959237502       -0.29297563495148        1.33424955474499
C           -0.71309484713699        1.05395526813741       -0.28599292669422
H           -0.75465381760238        1.04850308971776       -1.38112043153532
C            0.73767017738415        1.34400855960768        0.13715906291400
H            0.78144003955420        1.51420140294587        1.22618196926051
C            1.65331814922282        0.16120040840351       -0.18126400937622
H            1.78283997777470        0.09770755073671       -1.27049734684880
C            1.02631813568710       -1.15539006607056        0.31250882546298
H            1.00677668419722       -1.13117435468816        1.42319248674874
O           -0.28531538712381       -1.33569354609324       -0.16886211462542
O            1.81202398024733       -2.18777918176097       -0.15635667850271
O            2.88345043143158        0.37172126773346        0.46211668720140
O            1.22586143470514        2.47536451985051       -0.53926126223177
O           -1.56274058734839        2.09749345879015        0.11752973288294
O           -3.13166009698121       -1.78797405874856        0.28016454651142
H           -2.45583496462009       -0.81969142827681       -1.41819863948752
H           -3.24081402229896        0.16858064568867       -0.15845112369041
H            1.44063000098164       -3.04387309080478        0.10985875996409
H            3.49373018984386       -0.33750971347295        0.21047454386932
H            0.55424248127945        3.17408083315704       -0.48938977628301
H           -1.62224071992914        2.12003629874175        1.08456893752102
H           -2.57279695434283       -2.55766299780551        0.10257758424897
24
 energy: -43.388199358370 gnorm: 0.007689090266 xtb: 6.7.1 (edcfbbe)
C           -2.55773873672051       -0.66832571580830       -0.33625076510645
C           -1.17708763112967       -0.31476996603625        0.22969939366127
H           -1.22529214302621       -0.29654363331845        1.33116448664470
C           -0.71088445359010        1.05346327706446       -0.28820030816368
H           -0.75142561904020        1.04798736021676       -1.38296565655113
C            0.73764387380904        1.34591246443833        0.13903907719104
H            0.77881287938086        1.51863135769719        1.22745797409385
C            1.65767666421524        0.16456746245909       -0.17348642385006
H            1.79712188370563        0.10362498182032       -1.26140701932909
C            1.03013747693785       -1.15491826176001        0.31097061475390
H            1.00866843624252       -1.14019580542329        1.42135488156572
O           -0.27926209672605       -1.33436524117187       -0.17401822173174
O            1.81772031029299       -2.18394341112602       -0.16309357580668
O            2.88237355173903        0.37597509975758        0.47937256554382
O            1.22449168800189        2.47789521255347       -0.53683176810720
O           -1.56221942059592        2.09597819195020        0.11284225336625
O           -3.13694091115611       -1.77564878600095        0.30102715839135
H           -2.45338510859437       -0.84318566037346       -1.41326357599243
H           -3.23376893676259        0.17247765749752       -0.17150265047852
H            1.41475626077166       -3.04550969923086        0.05780694038311
H            3.49406590956894       -0.33359130409663        0.23255608495743
H            0.54155820600710        3.16741344722787       -0.50390323824051
H           -1.62103477500701        2.12009793597305        1.08003558048624
H           -2.58953700024289       -2.55497310977005        0.12785492957088
24
 energy: -43.388257707134 gnorm: 0.002582374738 xtb: 6.7.1 (edcfbbe)
C           -2.55878523828280       -0.67041854464344       -0.33456593821478
C           -1.17592300941400       -0.31509834049230        0.22516005073192
H           -1.22002044735964       -0.29773043634390        1.32679423149349
C           -0.70992012890069        1.05340740811741       -0.29269563121146
H           -0.74622783814197        1.04723249181019       -1.38743014012824
C            0.73672663332032        1.34570742427907        0.14110849062102
H            0.77327838618147        1.51426388513896        1.23031403935941
C            1.65866238147908        0.16535930092510       -0.17154837002364
H            1.80166543390083        0.10744524478389       -1.25895038923292
C            1.02990075966508       -1.15577115397945        0.30700243285088
H            1.00542979521258       -1.14423391274418        1.41706853276535
O           -0.27802311145286       -1.33367046184312       -0.18199644436970
O            1.81818730831254       -2.18427926814709       -0.16741827319633
O            2.88063826604570        0.37562091223261        0.48628798682269
O            1.22574752219650        2.48017859215176       -0.52876379116464
O           -1.56336463010599        2.09529626427186        0.10436534824852
O           -3.13816383464605       -1.76996027844783        0.31588752677680
H           -2.45790977530725       -0.85645586279784       -1.40946335344343
H           -3.23237146168905        0.17324498906572       -0.17580399151348
H            1.41548889561437       -3.04028879335037        0.04547716241098
H            3.49414075965315       -0.33133200219589        0.23723526943971
H            0.54287582025442        3.16781887681043       -0.49595992160770
H           -1.61902750012714        2.12501592480181        1.07169840395368
H           -2.59655467832750       -2.55329840486372        0.14245550588399
24
 energy: -43.388287682219 gnorm: 0.002096257520 xtb: 6.7.1 (edcfbbe)
C           -2.55903645968863       -0.67282429195719       -0.33226454019085
C           -1.17396314847929       -0.31614206137934        0.22197221301550
H           -1.21475019591704       -0.29864076721278        1.32394066852621
C           -0.70887743739323        1.05254692721001       -0.29652951316588
H           -0.73969472836756        1.04396888304612       -1.39157355829766
C            0.73596136875561        1.34592297487859        0.14397167162054
H            0.76698413332992        1.51116088947027        1.23413829822482
C            1.66053516412935        0.16696732317621       -0.16808379113678
H            1.80766480378480        0.11288821963222       -1.25523037612447
C            1.03058677305026       -1.15679502934259        0.30324242635302
H            1.00352187272458       -1.14921032229567        1.41369455981754
O           -0.27619860984788       -1.33315883679891       -0.18888185097434
O            1.82070488789589       -2.18309108428747       -0.17303408442885
O            2.87898435730298        0.37614590081018        0.49615123481556
O            1.22725880876878        2.48231032215508       -0.52093913489755
O           -1.56515131780813        2.09385294181316        0.09504668654159
O           -3.14119927571828       -1.76295126335577        0.33180381002081
H           -2.45991163510175       -0.87079049107077       -1.40515282264127
H           -3.22916304261503        0.17538845639747       -0.18222058039147
H            1.40984480795131       -3.03921541782079        0.02042846993994
H            3.49566644658796       -0.32770102169937        0.24573432091718
H            0.54227675602976        3.16869345891052       -0.49410233043751
H           -1.61957078831088        2.13024327376539        1.06235904143894
H           -2.60602323298237       -2.55151512950486        0.16178791870712
24
 energy: -43.388316448276 gnorm: 0.001592740765 xtb: 6.7.1 (edcfbbe)
C           -2.55973624107970       -0.67587710788646       -0.32844967297265
C           -1.17168775994403       -0.31775953532178        0.21852585507379
H           -1.20818641406920       -0.29877257065877        1.32106741499664
C           -0.70794175941075        1.05066810268333       -0.30225202594911
H           -0.72984380142936        1.03666198200887       -1.39788261943356
C            0.73437062552346        1.34562139304368        0.14791384318935
H            0.75725386836168        1.50515991858711        1.23977101326882
C            1.66211691411130        0.16877177417831       -0.16427494696239
H            1.81299940456136        0.11988318651935       -1.25137582941176
C            1.03117845623594       -1.15846428066441        0.29874187285578
H            1.00060971698819       -1.15490692842951        1.41004975224938
O           -0.27461342751910       -1.33282282639258       -0.19689078967901
O            1.82421078480385       -2.18131725975222       -0.17941862353258
O            2.87653557331552        0.37644450066930        0.50686387954798
O            1.22956053456050        2.48479084331715       -0.50934471690775
O           -1.56839029545706        2.09186813112220        0.07934716810824
O           -3.14488210114817       -1.75507044147659        0.35033262519327
H           -2.46319443739934       -0.88636847725968       -1.39924614705156
H           -3.22550244951326        0.17740708144654       -0.18834916332379
H            1.40464445707552       -3.03953433525645       -0.00982324741652
H            3.49870648824524       -0.32143847938959        0.25232191623760
H            0.54706177547525        3.17308267517316       -0.48480766972625
H           -1.62275178057878        2.13900554336162        1.04633283473059
H           -2.61606782362795       -2.54897903508288        0.18710601416769
24
 energy: -43.388324517733 gnorm: 0.001147860560 xtb: 6.7.1 (edcfbbe)
C           -2.56025332253879       -0.67709954889104       -0.32590779027601
C           -1.17047658259865       -0.31870873615197        0.21636609601418
H           -1.20406888467064       -0.29817544272621        1.31912891615783
C           -0.70677053845384        1.04891604453656       -0.30693968562970
H           -0.72226262151188        1.03045673546802       -1.40271324846815
C            0.73298364693717        1.34463912349066        0.15133480910162
H            0.74915018828556        1.49958222989110        1.24417200753432
C            1.66261143917841        0.16963926184570       -0.16165825171153
H            1.81560263165166        0.12436118043750       -1.24873338862027
C            1.03170810460859       -1.15997944129082        0.29573674364856
H            1.00004875375510       -1.15968887108718        1.40748925606619
O           -0.27410914396572       -1.33325798439553       -0.20074123847183
O            1.82600400544762       -2.18038908722427       -0.18470527994581
O            2.87501799399495        0.37646967664688        0.51292220956623
O            1.23211843615822        2.48610521979728       -0.49854507944205
O           -1.57007704882493        2.09058809281795        0.06625195261179
O           -3.14827171821808       -1.74900221399375        0.36162948862482
H           -2.46551221618111       -0.89512163526814       -1.39566504809231
H           -3.22287963215197        0.17950314201623       -0.19152901256781
H            1.40396522437022       -3.03951742598432       -0.02823238695230
H            3.50136504451668       -0.31594558245126        0.25354250312481
H            0.55011541550433        3.17721517916764       -0.47604067724769
H           -1.62726102684563        2.14378827874588        1.03266135734271
H           -2.62229784036614       -2.54632434085720        0.20643448488465
24
 energy: -43.388329222950 gnorm: 0.001300970342 xtb: 6.7.1 (edcfbbe)
C           -2.56015661011978       -0.67726000451190       -0.32543464505289
C           -1.17030874629141       -0.31878705068541        0.21564016146403
H           -1.20305159582489       -0.29726140995646        1.31827871515576
C           -0.70622418745233        1.04813986679577       -0.30925226180995
H           -0.72010229350848        1.02788525600433       -1.40478976530870
C            0.73215856996964        1.34398743600664        0.15174080831009
H            0.74675494319966        1.49753554909921        1.24464770486170
C            1.66249240443051        0.16975498581520       -0.16096238321337
H            1.81659320686129        0.12483915519900       -1.24780147951579
C            1.03239627146731       -1.16032536126628        0.29534264571621
H            1.00140681323634       -1.16201150055164        1.40692282516557
O           -0.27369051008938       -1.33379951652071       -0.20062670049940
O            1.82664029747100       -2.17997395349308       -0.18685267992280
O            2.87456683707632        0.37717913386778        0.51444335493465
O            1.23176213960301        2.48663395557803       -0.49562875593360
O           -1.57013349441824        2.09059668168296        0.06043406924734
O           -3.14980763831423       -1.74611485441495        0.36556089978567
H           -2.46609592866480       -0.89888016540117       -1.39467810370324
H           -3.22188300634773        0.18044774272417       -0.19334150705670
H            1.40253544302054       -3.03919918548674       -0.03522924780020
H            3.50225041736265       -0.31322204918102        0.25338148821080
H            0.55287032457357        3.17855178490669       -0.46729822197092
H           -1.63053654995942        2.14377178176550        1.02647473423508
H           -2.62398679920007       -2.54443442343622        0.21528708195295
24
 energy: -43.388333112056 gnorm: 0.000697938546 xtb: 6.7.1 (edcfbbe)
C           -2.55975641547305       -0.67663479765743       -0.32574224208070
C           -1.17052445208586       -0.31840986064116        0.21607145693123
H           -1.20381916524866       -0.29580001995329        1.31848166129097
C           -0.70541660274650        1.04765829763387       -0.31014672675702
H           -0.71901407049386        1.02667431106462       -1.40543409342542
C            0.73210007740409        1.34358696038393        0.15185715120475
H            0.74633517910240        1.49715534794131        1.24449585210717
C            1.66249774122129        0.16957196200299       -0.16050217190589
H            1.81741741154061        0.12436137329026       -1.24711543199837
C            1.03322183999048       -1.16056392937220        0.29571433233546
H            1.00498647840034       -1.16404695176464        1.40704937617599
O           -0.27364588650755       -1.33455726912789       -0.19790785422989
O            1.82621256655579       -2.17995750943518       -0.18945101795895
O            2.87475244226185        0.37765163017837        0.51501860206428
O            1.23159866768515        2.48652270556865       -0.49498564723501
O           -1.56924128728574        2.09081847624982        0.05792900369445
O           -3.15117276463050       -1.74381213808892        0.36596470015889
H           -2.46546486809771       -0.90009488035018       -1.39446050147282
H           -3.22137517405275        0.18141509648530       -0.19515878021351
H            1.40094462690636       -3.03863228109853       -0.03924715306981
H            3.50283180676314       -0.31191164265054        0.25327739516294
H            0.55223243251404        3.17874307306964       -0.46381977385613
H           -1.63533278303037        2.14022843482805        1.02368412037006
H           -2.62391749261191       -2.54191253401716        0.22068647995961
24
 energy: -43.388334857394 gnorm: 0.000482504556 xtb: 6.7.1 (edcfbbe)
C           -2.55945878232561       -0.67677854611111       -0.32613901235223
C           -1.17055077510624       -0.31813939335945        0.21640667343733
H           -1.20460875518375       -0.29424376360880        1.31882777102072
C           -0.70514738030540        1.04739258621696       -0.31065819951112
H           -0.71762545678313        1.02555066538983       -1.40606980524618
C            0.73223568108219        1.34359423399722        0.15206666687343
H            0.74613817964762        1.49692821894260        1.24483377237992
C            1.66271388559195        0.16960100421733       -0.16028520673300
H            1.81802221576633        0.12475034513335       -1.24684539457377
C            1.03359176365048       -1.16089972647460        0.29553539498587
H            1.00738793280011       -1.16532183183044        1.40693704093839
O           -0.27386014907967       -1.33497591628936       -0.19622950865688
O            1.82568940557135       -2.18001626411995       -0.19199729187783
O            2.87468865430053        0.37759201196146        0.51581296343725
O            1.23169916581987        2.48656710053238       -0.49485222276089
O           -1.56925564559186        2.09086150063623        0.05609745525610
O           -3.15238454595663       -1.74194614338918        0.36743568857379
H           -2.46404189304984       -0.90262260744426       -1.39428708691580
H           -3.22071861092643        0.18213398938887       -0.19833601958127
H            1.39926417989818       -3.03829305058835       -0.04331477019826
H            3.50347305000947       -0.31116367872013        0.25333353700056
H            0.55335443487202        3.17983871085723       -0.46031342118249
H           -1.64004906495059        2.13787191405596        1.02171221232949
H           -2.62410718166988       -2.54022750485408        0.22658750060916
24
 energy: -43.388335713523 gnorm: 0.000193729472 xtb: 6.7.1 (edcfbbe)
C           -2.55933975889787       -0.67729231514857       -0.32640208004692
C           -1.17058533359843       -0.31777665596548        0.21648710596592
H           -1.20520879152744       -0.29328824276572        1.31895691602997
C           -0.70518477231632        1.04750711820391       -0.31081059066527
H           -0.71714997907460        1.02557248865508       -1.40628704335891
C            0.73247952667986        1.34383337310629        0.15196791871409
H            0.74624529402040        1.49742412723930        1.24473347112445
C            1.66303796412835        0.16973004674652       -0.16014497766194
H            1.81868033436890        0.12516301281284       -1.24668194018264
C            1.03363178946148       -1.16099022278005        0.29525592556817
H            1.00849270485333       -1.16592000624995        1.40672697269846
O           -0.27405035508218       -1.33478122048136       -0.19561290426434
O            1.82503281191773       -2.18013119291185       -0.19363789716755
O            2.87457551360970        0.37731235511676        0.51668732001363
O            1.23208292876143        2.48643495198374       -0.49547892449219
O           -1.56934440467889        2.09094450368555        0.05572471047603
O           -3.15276462289920       -1.74097834011170        0.36885294527344
H           -2.46281051891546       -0.90549406270007       -1.39388175429966
H           -3.22052634147267        0.18182605818300       -0.20121424983330
H            1.39720521620748       -3.03797522110095       -0.04604061657439
H            3.50374061393397       -0.31095858170676        0.25375052602043
H            0.55499528554358        3.18094912771963       -0.45819686513063
H           -1.64290125132925        2.13605287400369        1.02117221267584
H           -2.62388354561281       -2.53911012099415        0.23033255636963
24
 energy: -43.388335509259 gnorm: 0.000472665932 xtb: 6.7.1 (edcfbbe)
C           -2.55924248519981       -0.67775434112772       -0.32660798682307
C           -1.17062116825588       -0.31743339074184        0.21657980157405
H           -1.20576335946730       -0.29238961606798        1.31909641336801
C           -0.70521106929752        1.04760940399043       -0.31095111470046
H           -0.71667593531815        1.02556256423621       -1.40649147308994
C            0.73271143902691        1.34405721744503        0.15188604199113
H            0.74633862881809        1.49786633705285        1.24465709020339
C            1.66334260301683        0.16984950456822       -0.16001561758241
H            1.81927224452178        0.12553649820140       -1.24653456047425
C            1.03366475121414       -1.16106901417168        0.29501508851316
H            1.00950563167207       -1.16645454794407        1.40655193685887
O           -0.27423035387028       -1.33459149800047       -0.19503035638123
O            1.82442832368371       -2.18023135070169       -0.19512757713408
O            2.87448831868696        0.37703883256481        0.51747948974632
O            1.23244916584943        2.48632852242910       -0.49602694368215
O           -1.56942883323369        2.09102116800577        0.05534470107228
O           -3.15306653837058       -1.74015106664114        0.37009611914545
H           -2.46173449440265       -0.90802231799240       -1.39349031314558
H           -3.22037283678352        0.18151176840018       -0.20372411383769
H            1.39528602075998       -3.03770129872043       -0.04853283299011
H            3.50398885054580       -0.31080242614171        0.25412235133801
H            0.55644756918182        3.18194144713421       -0.45632145748532
H           -1.64553374969661        2.13441110842186        1.02063808309929
H           -2.62359241500046       -2.53807964965924        0.23364596766861
24
 energy: -43.388336070560 gnorm: 0.000251702309 xtb: 6.7.1 (edcfbbe)
C           -2.55918055026391       -0.67769890735760       -0.32687712008338
C           -1.17052647836269       -0.31769272278111        0.21626090329607
H           -1.20536231527252       -0.29325259625649        1.31875019837471
C           -0.70536880655549        1.04773152226451       -0.31071104724794
H           -0.71756006593899        1.02630140964616       -1.40619441113615
C            0.73256740555042        1.34399533997679        0.15179543926624
H            0.74648134307881        1.49803822690587        1.24447869217194
C            1.66313649063893        0.16980149129453       -0.16009218464452
H            1.81902927468519        0.12540603158315       -1.24660693838955
C            1.03358918708039       -1.16101744135235        0.29498933119192
H            1.00852971066274       -1.16614140542850        1.40647181297916
O           -0.27404780716315       -1.33463593537776       -0.19586820930127
O            1.82478815361916       -2.18024887088826       -0.19420570829348
O            2.87439176416999        0.37729200983147        0.51712635157848
O            1.23219730815335        2.48619892672540       -0.49631154952023
O           -1.56941370970073        2.09100180295125        0.05651538678779
O           -3.15312300486332       -1.74026099519446        0.37001565268236
H           -2.46172639517689       -0.90778828023904       -1.39390420860873
H           -3.22030695907867        0.18181223507699       -0.20368697368280
H            1.39648659910995       -3.03780425901033       -0.04680345966696
H            3.50370230124680       -0.31081563346325        0.25411284350366
H            0.55616277507154        3.18165965702776       -0.45735244147101
H           -1.64347532164097        2.13513716107681        1.02193623141672
H           -2.62452059096884       -2.53896491247182        0.23242014604927
24
 energy: -43.388336336455 gnorm: 0.000190710740 xtb: 6.7.1 (edcfbbe)
C           -2.55923214129512       -0.67778197561786       -0.32688285001606
C           -1.17049760447109       -0.31790855102901        0.21596710708914
H           -1.20499468602696       -0.29393979120842        1.31844477952081
C           -0.70551066303991        1.04779146322428       -0.31063919589002
H           -0.71819239619954        1.02679197760828       -1.40609756850227
C            0.73245854616314        1.34397811818901        0.15154621614147
H            0.74652240024896        1.49827379087900        1.24416077101110
C            1.66304393245900        0.16977705693715       -0.16012221985679
H            1.81906516583192        0.12528904207493       -1.24660958959095
C            1.03354020573215       -1.16094768639683        0.29492396214221
H            1.00774875260000       -1.16593016945556        1.40637864340772
O           -0.27387710521373       -1.33456905459230       -0.19665136137013
O            1.82513938547080       -2.18016211432823       -0.19354407090445
O            2.87425482916813        0.37750150696710        0.51715885855281
O            1.23218364003456        2.48598562504313       -0.49682826831051
O           -1.56956063093560        2.09087672414217        0.05722851851154
O           -3.15312302125405       -1.74021754369520        0.37014656362773
H           -2.46209934525604       -0.90802099256873       -1.39379928630133
H           -3.22030715511562        0.18169990589111       -0.20358191134570
H            1.39722710149822       -3.03789344851504       -0.04597957785137
H            3.50361064913420       -0.31066749681123        0.25442112413352
H            0.55668464589073        3.18183326685448       -0.45760264009940
H           -1.64225703722634        2.13554748588161        1.02275976840633
H           -2.62537716011671       -2.53925328493412        0.23146096474690
24
 energy: -43.388336648571 gnorm: 0.000188699290 xtb: 6.7.1 (edcfbbe)
C           -2.55912678835892       -0.67813159449929       -0.32732383206614
C           -1.17046063629953       -0.31816566200851        0.21559475160056
H           -1.20493023920328       -0.29468100526220        1.31807005064716
C           -0.70578349763212        1.04790845150477       -0.31040162425029
H           -0.71928196054174        1.02776013996485       -1.40584340547860
C            0.73242830626170        1.34411050269182        0.15098030434641
H            0.74693189309276        1.49916664622957        1.24344146616991
C            1.66307563329224        0.16983220675891       -0.16017527254611
H            1.81951920684249        0.12524812997688       -1.24659804113241
C            1.03359195005520       -1.16084927418814        0.29473528707683
H            1.00725939488548       -1.16581096508652        1.40618116432406
O           -0.27361533227894       -1.33448066656951       -0.19741313940905
O            1.82548599996381       -2.18005907312080       -0.19325632090056
O            2.87403731623051        0.37783218811282        0.51752569443705
O            1.23220263689662        2.48552632273851       -0.49838212928224
O           -1.56983245475714        2.09056449535930        0.05880539472003
O           -3.15379555269886       -1.73938995105440        0.37091851763147
H           -2.46157855092733       -0.90992410025967       -1.39382104185278
H           -3.21986511177083        0.18180268527017       -0.20540866750218
H            1.39758874552199       -3.03788130316308       -0.04581366563034
H            3.50354181494568       -0.31033884221328        0.25521773613376
H            0.55800662484753        3.18252558762239       -0.45724339322081
H           -1.64158095240088        2.13476663784832        1.02443604474444
H           -2.62736813788538       -2.53927770211321        0.23203285869213
24
 energy: -43.388336730634 gnorm: 0.000069191831 xtb: 6.7.1 (edcfbbe)
C           -2.55907731936687       -0.67816688297196       -0.32743732158275
C           -1.17041684611570       -0.31828132123779        0.21558225580957
H           -1.20498974884793       -0.29475989577923        1.31807066081561
C           -0.70580829940402        1.04782418569070       -0.31038123196981
H           -0.71930598897161        1.02768228067475       -1.40584639222705
C            0.73243866717413        1.34412304914167        0.15089877688104
H            0.74701643042417        1.49918323180731        1.24338871740253
C            1.66312714996480        0.16985853360985       -0.16026254425421
H            1.81957383392270        0.12525074972850       -1.24668374496867
C            1.03366182185156       -1.16085339612108        0.29472876608296
H            1.00731350925748       -1.16569419153298        1.40618966679335
O           -0.27353370701613       -1.33456342863676       -0.19741228828281
O            1.82561053726326       -2.18005336937580       -0.19319589416706
O            2.87406908098775        0.37789578156904        0.51746502756407
O            1.23208952551423        2.48553491627682       -0.49860036917483
O           -1.56992747404099        2.09038467349250        0.05893399158839
O           -3.15411608581198       -1.73910252731019        0.37087390994286
H           -2.46153228942088       -0.91004208838291       -1.39392983114335
H           -3.21956822892114        0.18194254133314       -0.20570825264006
H            1.39776654884435       -3.03789855965857       -0.04575331985529
H            3.50357741440559       -0.31029524119136        0.25521791047988
H            0.55797406581447        3.18268868486535       -0.45686265758360
H           -1.64157391782377        2.13451983984144        1.02458309627572
H           -2.62791837160238       -2.53912371129275        0.23239980546580
