2025-04-03 21:41:51,739 -     censo.parallel     -  DEBUG   - Free cores decreased 1 -> 0.
2025-04-03 21:41:51,743 -   censo.qm_processor   -  DEBUG   - worker322356:Running on 1 cores.
2025-04-03 21:41:51,764 -   censo.qm_processor   -   INFO   - worker322356:Running xtb_gsolv calculation in /srv/scratch/z5358697/.automated/4086/0_PRESCREENING/CONF1/xtb_gsolv.
2025-04-03 21:41:51,795 -   censo.qm_processor   -  DEBUG   - worker322356:Running ['/srv/scratch/z5358697/.xtb/bin/xtb', 'gas.coord', '--gfn2', '--sp', '--chrg', '0', '--norestart', '--parallel', '1']...
2025-04-03 21:41:51,803 -   censo.qm_processor   -  DEBUG   - worker322356:Started (PID: 322361).
2025-04-03 21:41:51,849 -   censo.qm_processor   -  DEBUG   - worker322356:Done.
2025-04-03 21:41:51,873 -   censo.qm_processor   -  DEBUG   - worker322356:Running ['/srv/scratch/z5358697/.xtb/bin/xtb', 'solv.coord', '--gfn2', '--sp', '--chrg', '0', '--norestart', '--parallel', '1', '--alpb', 'water', 'reference', '-I', 'xtb_sp-xcontrol-inp']...
2025-04-03 21:41:51,876 -   censo.qm_processor   -  DEBUG   - worker322356:Started (PID: 322362).
2025-04-03 21:41:51,914 -   censo.qm_processor   -  DEBUG   - worker322356:Done.
2025-04-03 21:41:51,916 -     censo.parallel     -  DEBUG   - Free cores increased 0 -> 1.
2025-04-03 21:41:51,922 -     censo.parallel     -  DEBUG   - Checking for failed jobs...
2025-04-03 21:41:51,922 -     censo.parallel     -   INFO   - All jobs executed successfully.
2025-04-03 21:41:51,928 -     censo.parallel     -  DEBUG   - Free cores decreased 1 -> 0.
2025-04-03 21:41:51,932 -   censo.qm_processor   -  DEBUG   - worker322376:Running on 1 cores.
2025-04-03 21:41:51,939 -   censo.qm_processor   -   INFO   - worker322376:Running sp calculation in /srv/scratch/z5358697/.automated/4086/0_PRESCREENING/CONF1/sp.
2025-04-03 21:41:51,955 -   censo.qm_processor   -  DEBUG   - worker322376:Running ['/apps/z_install_tree/linux-rocky8-ivybridge/gcc-12.2.0/orca-6.0.0-srtngmq3qlimg2qxbl6avaaiffipurdx/bin/orca', 'sp.inp']...
2025-04-03 21:41:51,961 -   censo.qm_processor   -  DEBUG   - worker322376:Started (PID: 322381).
2025-04-03 21:41:56,983 -   censo.qm_processor   -  DEBUG   - worker322376:Done.
2025-04-03 21:41:56,988 -     censo.parallel     -  DEBUG   - Free cores increased 0 -> 1.
2025-04-03 21:41:56,994 -     censo.parallel     -  DEBUG   - Checking for failed jobs...
2025-04-03 21:41:56,994 -     censo.parallel     -   INFO   - All jobs executed successfully.
2025-04-03 21:41:56,994 -censo.ensembleopt.prescreening-  DEBUG   - Writing to /srv/scratch/z5358697/.automated/4086/0_PRESCREENING.out.
2025-04-03 21:41:57,031 -     censo.parallel     -  DEBUG   - Free cores decreased 1 -> 0.
2025-04-03 21:41:57,035 -   censo.qm_processor   -  DEBUG   - worker322403:Running on 1 cores.
2025-04-03 21:41:57,052 -   censo.qm_processor   -   INFO   - worker322403:Running gsolv calculation in /srv/scratch/z5358697/.automated/4086/1_SCREENING/CONF1/gsolv.
2025-04-03 21:41:57,064 -  censo.orca_processor  -  DEBUG   - worker322403:Copying .gbw file from /srv/scratch/z5358697/.automated/4086/0_PRESCREENING/CONF1/sp/sp.gbw.
2025-04-03 21:41:57,092 -   censo.qm_processor   -  DEBUG   - worker322403:Running ['/apps/z_install_tree/linux-rocky8-ivybridge/gcc-12.2.0/orca-6.0.0-srtngmq3qlimg2qxbl6avaaiffipurdx/bin/orca', 'sp_gas.inp']...
2025-04-03 21:41:57,097 -   censo.qm_processor   -  DEBUG   - worker322403:Started (PID: 322408).
2025-04-03 21:42:06,753 -   censo.qm_processor   -  DEBUG   - worker322403:Done.
2025-04-03 21:42:06,770 -  censo.orca_processor  -  DEBUG   - worker322403:Copying .gbw file from /srv/scratch/z5358697/.automated/4086/0_PRESCREENING/CONF1/sp/sp.gbw.
2025-04-03 21:42:06,797 -   censo.qm_processor   -  DEBUG   - worker322403:Running ['/apps/z_install_tree/linux-rocky8-ivybridge/gcc-12.2.0/orca-6.0.0-srtngmq3qlimg2qxbl6avaaiffipurdx/bin/orca', 'sp_solv.inp']...
2025-04-03 21:42:06,800 -   censo.qm_processor   -  DEBUG   - worker322403:Started (PID: 322448).
2025-04-03 21:42:18,492 -   censo.qm_processor   -  DEBUG   - worker322403:Done.
2025-04-03 21:42:18,496 -     censo.parallel     -  DEBUG   - Free cores increased 0 -> 1.
2025-04-03 21:42:18,503 -     censo.parallel     -  DEBUG   - Checking for failed jobs...
2025-04-03 21:42:18,503 -     censo.parallel     -   INFO   - All jobs executed successfully.
2025-04-03 21:42:18,560 -     censo.parallel     -  DEBUG   - Free cores decreased 1 -> 0.
2025-04-03 21:42:18,564 -   censo.qm_processor   -  DEBUG   - worker322612:Running on 1 cores.
2025-04-03 21:42:18,722 -   censo.qm_processor   -   INFO   - worker322612:Running xtb_opt calculation in /srv/scratch/z5358697/.automated/4086/2_OPTIMIZATION/CONF1/xtb_opt.
2025-04-03 21:42:18,804 -  censo.orca_processor  -  DEBUG   - worker322612:Copying .gbw file from /srv/scratch/z5358697/.automated/4086/1_SCREENING/CONF1/gsolv/sp_solv.gbw.
2025-04-03 21:42:18,831 -   censo.qm_processor   -  DEBUG   - worker322612:Running ['/srv/scratch/z5358697/.xtb/bin/xtb', 'xtb_opt.coord', '--opt', 'normal', '--orca', '-I', 'xtb_opt-xcontrol-inp']...
2025-04-03 21:42:18,837 -   censo.qm_processor   -  DEBUG   - worker322612:Started (PID: 322617).
2025-04-03 21:43:33,324 -   censo.qm_processor   -  DEBUG   - worker322612:Done.
2025-04-03 21:43:33,335 -     censo.parallel     -  DEBUG   - Free cores increased 0 -> 1.
2025-04-03 21:43:33,341 -     censo.parallel     -  DEBUG   - Checking for failed jobs...
2025-04-03 21:43:33,341 -     censo.parallel     -   INFO   - All jobs executed successfully.
2025-04-03 21:43:33,347 -     censo.parallel     -  DEBUG   - Free cores decreased 1 -> 0.
2025-04-03 21:43:33,352 -   censo.qm_processor   -  DEBUG   - worker322863:Running on 1 cores.
2025-04-03 21:43:33,370 -   censo.qm_processor   -   INFO   - worker322863:Running xtb_rrho calculation in /srv/scratch/z5358697/.automated/4086/2_OPTIMIZATION/CONF1/xtb_rrho.
2025-04-03 21:43:33,418 -   censo.qm_processor   -  DEBUG   - worker322863:Running ['/srv/scratch/z5358697/.xtb/bin/xtb', 'xtb_rrho.coord', '--gfn2', '--ohess', 'vtight', '--chrg', '0', '--enso', '--norestart', '-I', 'rrho-xcontrol-inp', '--parallel', '1', '--alpb', 'water']...
2025-04-03 21:43:33,424 -   censo.qm_processor   -  DEBUG   - worker322863:Started (PID: 322868).
2025-04-03 21:43:33,863 -   censo.qm_processor   -  DEBUG   - worker322863:Done.
2025-04-03 21:43:33,867 -     censo.parallel     -  DEBUG   - Free cores increased 0 -> 1.
2025-04-03 21:43:33,873 -     censo.parallel     -  DEBUG   - Checking for failed jobs...
2025-04-03 21:43:33,873 -     censo.parallel     -   INFO   - All jobs executed successfully.
2025-04-03 21:43:33,874 -censo.ensembleopt.optimization-  DEBUG   - Writing to /srv/scratch/z5358697/.automated/4086/2_OPTIMIZATION.out.
2025-04-03 21:43:33,887 -censo.ensembleopt.optimization-  DEBUG   - Writing to /srv/scratch/z5358697/.automated/4086/2_OPTIMIZATION.out.
2025-04-03 21:43:33,933 -     censo.parallel     -  DEBUG   - Free cores decreased 1 -> 0.
2025-04-03 21:43:33,938 -   censo.qm_processor   -  DEBUG   - worker322883:Running on 1 cores.
2025-04-03 21:43:33,953 -   censo.qm_processor   -   INFO   - worker322883:Running gsolv calculation in /srv/scratch/z5358697/.automated/4086/3_REFINEMENT/CONF1/gsolv.
2025-04-03 21:43:33,970 -  censo.orca_processor  -  DEBUG   - worker322883:Copying .gbw file from /srv/scratch/z5358697/.automated/4086/2_OPTIMIZATION/CONF1/xtb_opt/xtb_opt.gbw.
2025-04-03 21:43:34,005 -   censo.qm_processor   -  DEBUG   - worker322883:Running ['/apps/z_install_tree/linux-rocky8-ivybridge/gcc-12.2.0/orca-6.0.0-srtngmq3qlimg2qxbl6avaaiffipurdx/bin/orca', 'sp_gas.inp']...
2025-04-03 21:43:34,010 -   censo.qm_processor   -  DEBUG   - worker322883:Started (PID: 322888).
2025-04-03 21:44:46,658 -   censo.qm_processor   -  DEBUG   - worker322883:Done.
2025-04-03 21:44:46,683 -  censo.orca_processor  -  DEBUG   - worker322883:Copying .gbw file from /srv/scratch/z5358697/.automated/4086/2_OPTIMIZATION/CONF1/xtb_opt/xtb_opt.gbw.
2025-04-03 21:44:46,711 -   censo.qm_processor   -  DEBUG   - worker322883:Running ['/apps/z_install_tree/linux-rocky8-ivybridge/gcc-12.2.0/orca-6.0.0-srtngmq3qlimg2qxbl6avaaiffipurdx/bin/orca', 'sp_solv.inp']...
2025-04-03 21:44:46,714 -   censo.qm_processor   -  DEBUG   - worker322883:Started (PID: 323677).
2025-04-03 21:45:54,751 -   censo.qm_processor   -  DEBUG   - worker322883:Done.
2025-04-03 21:45:54,756 -     censo.parallel     -  DEBUG   - Free cores increased 0 -> 1.
2025-04-03 21:45:54,762 -     censo.parallel     -  DEBUG   - Checking for failed jobs...
2025-04-03 21:45:54,762 -     censo.parallel     -   INFO   - All jobs executed successfully.
2025-04-03 21:45:54,762 -censo.ensembleopt.refinement-  DEBUG   - Writing to /srv/scratch/z5358697/.automated/4086/3_REFINEMENT.out.
