22
 energy: -3220.646136385342 gnorm: 0.024288835589 xtb: 6.7.1 (edcfbbe)
C            1.22552347384306        0.44002471719499       -1.55483849358899
C            2.59779468175115        0.53488043283702       -1.69615658755161
C            3.42364131211711        0.30076298383328       -0.60768969496928
C            2.87043146657196       -0.02965297611314        0.62451802307674
C            1.49622916606302       -0.12590526555579        0.76717612603996
C            0.67108697449738        0.10953393104854       -0.32425544664369
C           -0.80017158385458        0.00686745380304       -0.16996340987532
C           -1.55460413128889        1.12974942410062        0.16168794557165
C           -2.93731289390160        1.03278190005765        0.29980556273285
C           -3.57427685278386       -0.18318218258117        0.10747151134762
C           -2.82922627115371       -1.30490966677824       -0.22102197469794
C           -1.44620281614085       -1.21247874343728       -0.35920772615917
Cl          -0.51152986032667       -2.60271652925333       -0.76559609703926
Cl          -3.61995572290410       -2.81468587104726       -0.45811282490300
Cl          -3.86196714091134        2.42449553997436        0.71090830921502
Cl          -0.75373470253400        2.63700673266853        0.40264707487842
Cl           3.89413044522559       -0.32318847164321        1.99063912768211
Cl           5.14198900047855        0.42047680588632       -0.78508883494789
H            0.58271948565822        0.62183967797555       -2.40048630276372
H            3.03629278314546        0.78987621075002       -2.64657671417277
H            1.07544912997656       -0.38237706316944        1.72557078406465
H           -4.64389013375783       -0.25622976621354        0.21333272979453
22
 energy: -3220.647313628425 gnorm: 0.012898713345 xtb: 6.7.1 (edcfbbe)
C            1.23082623152999        0.44078005985948       -1.55793620377358
C            2.60626497115628        0.53608583458596       -1.69921221848511
C            3.43525432964781        0.30157467722102       -0.60792439966727
C            2.87933340490676       -0.03014238776153        0.63088760529037
C            1.50116075153859       -0.12612122898079        0.77158797330586
C            0.67717834770493        0.10972160924633       -0.32375981419430
C           -0.79480608103339        0.00685586689478       -0.16955398974375
C           -1.55288534578737        1.13256357574253        0.16280539706849
C           -2.94023241131578        1.03405284622042        0.30084383128986
C           -3.57630588642955       -0.18362002438802        0.10890398995023
C           -2.83208742019630       -1.30702892754666       -0.22000652856386
C           -1.44433227527494       -1.21571017793665       -0.35912553197442
Cl          -0.50527536616212       -2.61028051359932       -0.77119616177634
Cl          -3.65280804759779       -2.81162561935494       -0.45368014517366
Cl          -3.89433452545870        2.41693470569344        0.71236856112063
Cl          -0.74780563637883        2.64607603101693        0.40211552367751
Cl           3.88349497037765       -0.33058680505149        2.01833821544823
Cl           5.15658903669990        0.42759078821225       -0.81447817318182
H            0.58587094332916        0.62413031861288       -2.40886318539644
H            3.04343289971767        0.79282651056284       -2.65585103581847
H            1.07458498637758       -0.38424068437078        1.73315176612666
H           -4.65070251880833       -0.25686692051074        0.21534819387998
22
 energy: -3220.647498624250 gnorm: 0.006012812286 xtb: 6.7.1 (edcfbbe)
C            1.23401560318027        0.44154442330350       -1.56016840368570
C            2.61112895204459        0.53675270602771       -1.70059556594783
C            3.43981225404001        0.30163054665432       -0.60735593678016
C            2.88350501725716       -0.02978383977300        0.63125471027825
C            1.50377057914796       -0.12589968248856        0.77221551042633
C            0.67979683691228        0.11008002500752       -0.32462422011834
C           -0.79305210013201        0.00698052066246       -0.17009590798517
C           -1.55462576298354        1.13270954841958        0.16283573057718
C           -2.94184172398039        1.03329146277221        0.30149559563049
C           -3.57877820660351       -0.18419710998900        0.11072395128408
C           -2.83373887124656       -1.30687719449100       -0.21896590537694
C           -1.44607834874537       -1.21610966617842       -0.35951768823883
Cl          -0.51284538174138       -2.61959050193605       -0.77541670403846
Cl          -3.66346676022982       -2.81378794420080       -0.45234002570102
Cl          -3.90507465411844        2.41755841664603        0.71358641334109
Cl          -0.75618216695100        2.65520870400228        0.40328560164679
Cl           3.89155248777460       -0.33067230014417        2.02080194224589
Cl           5.16543670429630        0.42681280201863       -0.81254964488468
H            0.58970406582241        0.62543367506105       -2.41383821480805
H            3.04860703395411        0.79399010469698       -2.65911326967965
H            1.07544562743003       -0.38429325921636        1.73498380006585
H           -4.65467595516999       -0.25781158810655        0.21816274434040
22
 energy: -3220.647526907478 gnorm: 0.002097025521 xtb: 6.7.1 (edcfbbe)
C            1.23560106176398        0.44184733080908       -1.56079345330798
C            2.61295140242076        0.53685974117212       -1.70075766576359
C            3.44044342843103        0.30144657128090       -0.60701096504637
C            2.88386520918880       -0.02961960499421        0.63049017281794
C            1.50416520347982       -0.12574783972622        0.77173307010128
C            0.68029323730195        0.11033039248524       -0.32540752646029
C           -0.79310073918269        0.00721019568304       -0.17102646315616
C           -1.55620948155898        1.13173751529723        0.16218094090724
C           -2.94258535298347        1.03211037009457        0.30175703807471
C           -3.58075855858238       -0.18463682067596        0.11211861821243
C           -2.83451273196689       -1.30599443480158       -0.21830282853083
C           -1.44772270900475       -1.21501282666359       -0.36005208135766
Cl          -0.51470503146681       -2.62075539060252       -0.77749423466306
Cl          -3.66532566165126       -2.81551097183269       -0.45138688279761
Cl          -3.90719469096094        2.41861486438226        0.71469182530190
Cl          -0.75828230623356        2.65691813013591        0.40260153167903
Cl           3.89426763137222       -0.33022114267456        2.02054311347366
Cl           5.16818686660790        0.42590313497382       -0.80993934511986
H            0.59269596205664        0.62591993593555       -2.41519323400528
H            3.05079596124042        0.79402710819728       -2.65897444051215
H            1.07584487831543       -0.38386513099364        1.73432421889792
H           -4.65629840422213       -0.25859103319854        0.22066392113782
22
 energy: -3220.647531608697 gnorm: 0.000306966467 xtb: 6.7.1 (edcfbbe)
C            1.23620197356103        0.44194081380677       -1.56106537472955
C            2.61347701686942        0.53678043089286       -1.70068136651921
C            3.44009529005829        0.30126428216396       -0.60675474579947
C            2.88312315209254       -0.02954105334405        0.63009022182552
C            1.50369105816983       -0.12559139781502        0.77121680536552
C            0.68017279115123        0.11053949546610       -0.32611646571062
C           -0.79335719997236        0.00747727824199       -0.17199848643515
C           -1.55691476117033        1.13120037349821        0.16149746827753
C           -2.94264385817081        1.03142509866983        0.30190677862431
C           -3.58161158243736       -0.18489730966893        0.11301700326661
C           -2.83455042211226       -1.30543634077469       -0.21790134797227
C           -1.44843059753890       -1.21419785808036       -0.36056626259297
Cl          -0.51475033553693       -2.62012096380051       -0.77873345551604
Cl          -3.66419117989719       -2.81672832143120       -0.45061798615445
Cl          -3.90635924430083        2.41942551571007        0.71578762259637
Cl          -0.75838791715950        2.65690487079294        0.40164959841165
Cl           3.89361293125768       -0.33018636695528        2.02083785923739
Cl           5.16862019223654        0.42542766083144       -0.80875094467951
H            0.59422775242228        0.62615559406342       -2.41566032924471
H            3.05161202815640        0.79381378724224       -2.65841643903695
H            1.07547885198689       -0.38356407623752        1.73348615323281
H           -4.65670079873874       -0.25912123155633        0.22253972078793
22
 energy: -3220.647531608697 gnorm: 0.000306966467 xtb: 6.7.1 (edcfbbe)
C            1.23620197356103        0.44194081380677       -1.56106537472955
C            2.61347701686942        0.53678043089286       -1.70068136651921
C            3.44009529005829        0.30126428216396       -0.60675474579947
C            2.88312315209254       -0.02954105334405        0.63009022182552
C            1.50369105816983       -0.12559139781502        0.77121680536552
C            0.68017279115123        0.11053949546610       -0.32611646571062
C           -0.79335719997236        0.00747727824199       -0.17199848643515
C           -1.55691476117033        1.13120037349821        0.16149746827753
C           -2.94264385817081        1.03142509866983        0.30190677862431
C           -3.58161158243736       -0.18489730966893        0.11301700326661
C           -2.83455042211226       -1.30543634077469       -0.21790134797227
C           -1.44843059753890       -1.21419785808036       -0.36056626259297
Cl          -0.51475033553693       -2.62012096380051       -0.77873345551604
Cl          -3.66419117989719       -2.81672832143120       -0.45061798615445
Cl          -3.90635924430083        2.41942551571007        0.71578762259637
Cl          -0.75838791715950        2.65690487079294        0.40164959841165
Cl           3.89361293125768       -0.33018636695528        2.02083785923739
Cl           5.16862019223654        0.42542766083144       -0.80875094467951
H            0.59422775242228        0.62615559406342       -2.41566032924471
H            3.05161202815640        0.79381378724224       -2.65841643903695
H            1.07547885198689       -0.38356407623752        1.73348615323281
H           -4.65670079873874       -0.25912123155633        0.22253972078793
