24
 energy: -28.551386587083 gnorm: 0.022676142991 xtb: 6.7.1 (edcfbbe)
C           -3.65910670311819        0.23641206234508       -0.00135749072063
C           -2.16558886483261        0.06922871800280        0.00129911970187
C           -1.57138851199854       -1.19334882111097        0.00001495207011
C           -0.18344012014092       -1.33546196506668       -0.00098023604936
C            0.65731514500470       -0.22219472425443       -0.00052408202253
C            0.06052321582435        1.04550288989654        0.00114201955878
C           -1.32174822538107        1.18736294852655        0.00214420175750
C            2.16399488423122       -0.37867423419640       -0.00106807459334
C            2.79067621547923        0.22811637648592        1.25995496476109
C            2.79026016082073        0.23213570778230       -1.26034984261323
H           -4.16592259022898       -0.73125003401178        0.03397679036100
H           -3.99147751149946        0.82837386714135        0.85836171956736
H           -3.99489229463878        0.76370231128020       -0.90129347970668
H           -2.20077275989122       -2.07964776176164        0.00003188702834
H            0.25205849256775       -2.33169999019886       -0.00170498591838
H            0.68499146441983        1.93488147125719        0.00212146645076
H           -1.75862573733515        2.18314507737739        0.00370735042485
H            2.37787736548227       -1.45483222399432       -0.00279812855157
H            2.62629465736254        1.31071631856713        1.29548905080547
H            3.87168642686036        0.05207126005070        1.27259966345371
H            2.36169893580625       -0.21105409262860        2.16642433389506
H            2.62556834909914        1.31479065273546       -1.29257926848180
H            2.36126392990674       -0.20441210993070       -2.16807552173391
H            3.87132204392550        0.05646734687588       -1.27371276708068
24
 energy: -28.552461670215 gnorm: 0.006044971679 xtb: 6.7.1 (edcfbbe)
C           -3.64361838931601        0.23508159727067       -0.00113332571151
C           -2.15398764355431        0.06978968511543        0.00097618956202
C           -1.56265526428274       -1.18620156686147       -0.00019723930866
C           -0.18320248058109       -1.32571707273671       -0.00081770442003
C            0.65261938111988       -0.21665231248717       -0.00029696276157
C            0.05805769606983        1.04339580921700        0.00128370366505
C           -1.31693379330687        1.18326741345630        0.00189324411451
C            2.15576319129348       -0.38083991934713       -0.00102940046819
C            2.78034388265306        0.22956365589553        1.25554720435653
C            2.77987600317583        0.23354579908729       -1.25589461602087
H           -4.14442240667994       -0.73073002934312        0.03418949788157
H           -3.96641506888060        0.82458525765788        0.85804411777570
H           -3.96956501786089        0.75999420609852       -0.90044177236207
H           -2.18734397755626       -2.07014515043335       -0.00043368973664
H            0.24903647195439       -2.31838886086781       -0.00170987722382
H            0.67792280551233        1.92949357790825        0.00210169502741
H           -1.75348949803129        2.17371989366171        0.00330459029855
H            2.37593884698451       -1.45513248932508       -0.00277438998344
H            2.61467514048398        1.30558071400253        1.29047619700456
H            3.85512766873419        0.05014378768157        1.26607923170705
H            2.34836611138407       -0.21234453038133        2.15244898505900
H            2.61393964910396        1.30962135320150       -1.28753209737550
H            2.34782666656010       -0.20575192022461       -2.15404244424959
H            3.85470799274609        0.05445215292374       -1.26721749446627
24
 energy: -28.552547472428 gnorm: 0.001629999470 xtb: 6.7.1 (edcfbbe)
C           -3.63619830626548        0.23537697220083       -0.00101462475857
C           -2.14733138492461        0.06964391087562        0.00105696446238
C           -1.55780300038762       -1.18550374720967       -0.00026512037493
C           -0.18066803801622       -1.32401132206919       -0.00095625781370
C            0.65273398623034       -0.21472973373178       -0.00035299661018
C            0.06030990081988        1.04355343241422        0.00116936233956
C           -1.31319415309422        1.18259867344920        0.00183866655626
C            2.15349449259975       -0.38043944044539       -0.00097211318712
C            2.77376949063396        0.22957528525797        1.25763026657267
C            2.77325135198419        0.23353144287737       -1.25789499501073
H           -4.13442795911397       -0.72989791565198        0.03430245583038
H           -3.95410834583082        0.82430295670245        0.85801924893766
H           -3.95720603036022        0.75974580322825       -0.90015991047327
H           -2.18107086212588       -2.06867916587408       -0.00066334290206
H            0.25110915086936       -2.31532303599853       -0.00176812312010
H            0.67855518939415        1.92901340288733        0.00204888660597
H           -1.75026559270004        2.17117764768711        0.00308573098290
H            2.37402229856218       -1.45410110420166       -0.00271513950773
H            2.60537661947798        1.30291509417913        1.28953986855012
H            3.84647235243548        0.05011614303990        1.26932894668659
H            2.33787516020857       -0.21317957566295        2.15035917979853
H            2.60464258973094        1.30692772626820       -1.28653662964698
H            2.33723907725817       -0.20662337669589       -2.15185247069957
H            3.84598998033983        0.05434097764367       -1.27040421085428
24
 energy: -28.552555936788 gnorm: 0.000493170251 xtb: 6.7.1 (edcfbbe)
C           -3.63370045664689        0.23639888642368       -0.00094217481044
C           -2.14446716122330        0.06922881804099        0.00102478266780
C           -1.55632607237243       -1.18689585876789       -0.00035852012371
C           -0.17919111036529       -1.32558328653002       -0.00098474204198
C            0.65358227601616       -0.21557097329997       -0.00030526578417
C            0.06284745677424        1.04322257282962        0.00115709840278
C           -1.31105680219096        1.18252660664613        0.00177915398152
C            2.15349221132286       -0.38140027291802       -0.00093672686636
C            2.77122426735649        0.23029663931107        1.25868959376514
C            2.77072609526474        0.23419859055146       -1.25890215262188
H           -4.13197578719848       -0.72856112978770        0.03439998534077
H           -3.94959553967653        0.82562305323978        0.85821079503822
H           -3.95282375631753        0.76106829854876       -0.90017041143012
H           -2.17991455196677       -2.06971371594037       -0.00078977906064
H            0.25331321384021       -2.31648224545185       -0.00191956968582
H            0.68108262922362        1.92874324804825        0.00194860183941
H           -1.74850312338872        2.17089080329762        0.00301393703837
H            2.37496912703088       -1.45477699520906       -0.00264946044044
H            2.60023887388998        1.30311923678919        1.28983147339132
H            3.84376577509456        0.05173999914897        1.27452826593376
H            2.33135493453600       -0.21360492794105        2.14880769956513
H            2.59957182387704        1.30708080385055       -1.28677399129957
H            2.33065867501482       -0.20709188796805       -2.15022068683266
H            3.84329496983099        0.05587478825805       -1.27561426360263
24
 energy: -28.552557113885 gnorm: 0.000276329095 xtb: 6.7.1 (edcfbbe)
C           -3.63336407326546        0.23699485185619       -0.00090919299644
C           -2.14392493214764        0.06886271988596        0.00104898333956
C           -1.55629991230383       -1.18765789272841       -0.00038413732730
C           -0.17895737608049       -1.32665775446890       -0.00107673577299
C            0.65399345375957       -0.21658306008733       -0.00037647453860
C            0.06367921192069        1.04249197472407        0.00110713522088
C           -1.31037948546554        1.18211483398949        0.00178519152478
C            2.15416663446443       -0.38131455992046       -0.00092023212466
C            2.77048205404698        0.23042707766367        1.25956299646754
C            2.77000996338527        0.23427840929124       -1.25975012457315
H           -4.13268202756916       -0.72756123390498        0.03445079651687
H           -3.94901892632744        0.82655386449656        0.85828532523383
H           -3.95238282112959        0.76202468381854       -0.90014163068651
H           -2.18042520435574       -2.07023733351241       -0.00085215724217
H            0.25408228728545       -2.31746570650290       -0.00198938409687
H            0.68215818626495        1.92796366305121        0.00193066548987
H           -1.74780693706162        2.17061413048095        0.00300677523173
H            2.37711112243400       -1.45434752542179       -0.00260259007077
H            2.59905289769126        1.30334944269494        1.29027556172279
H            3.84321554987275        0.05263672368176        1.27715413423758
H            2.32965796797488       -0.21327545529988        2.14958363487903
H            2.59848812085138        1.30727185115575       -1.28720207311669
H            2.32895846038229       -0.20679942054026       -2.15096208962424
H            3.84275375309829        0.05664676676712       -1.27820073533029
24
 energy: -28.552557319634 gnorm: 0.000117164901 xtb: 6.7.1 (edcfbbe)
C           -3.63316615076963        0.23717923330930       -0.00088228199905
C           -2.14384461659164        0.06868491202773        0.00101398542165
C           -1.55635583027833       -1.18784062233665       -0.00043229970720
C           -0.17907708252291       -1.32702438058006       -0.00108919663686
C            0.65397858360415       -0.21711402886279       -0.00036355960121
C            0.06377144159535        1.04199947953050        0.00111283938715
C           -1.31017570822399        1.18180679681235        0.00176717311754
C            2.15426997051021       -0.38151522559474       -0.00091846587496
C            2.77028264896216        0.23075514444204        1.25934046349416
C            2.76985697118361        0.23456013849918       -1.25952522327168
H           -4.13288886679815       -0.72717505417935        0.03448204153629
H           -3.94864787150022        0.82685199903620        0.85832680800172
H           -3.95208912546726        0.76234403601273       -0.90009527178642
H           -2.18063899301540       -2.07028986633736       -0.00089186009863
H            0.25398531696597       -2.31781852224174       -0.00204122902423
H            0.68238404485484        1.92733311210521        0.00192802226631
H           -1.74745953303518        2.17034273353289        0.00301962822956
H            2.37768751068320       -1.45447084396178       -0.00257711788092
H            2.59900666024215        1.30372159926031        1.29002023856825
H            3.84299621216599        0.05282977946775        1.27741737024915
H            2.32912958744499       -0.21281428876041        2.14923621852229
H            2.59853731422516        1.30760502383038       -1.28694904023522
H            2.32845163676308       -0.20636653034796       -2.15060774978135
H            3.84257384672754        0.05674642650640       -1.27846785053257
24
 energy: -28.552557362918 gnorm: 0.000041043723 xtb: 6.7.1 (edcfbbe)
C           -3.63306699089737        0.23723613043402       -0.00085721682157
C           -2.14383908434157        0.06857337080138        0.00101733352614
C           -1.55634997926118       -1.18793668954294       -0.00045499707377
C           -0.17908856933391       -1.32718647094066       -0.00113329090415
C            0.65397531218994       -0.21731906107198       -0.00039122673226
C            0.06377848175809        1.04181024610490        0.00110238224300
C           -1.31010809867728        1.18167565549724        0.00177027979177
C            2.15427953105926       -0.38150282643612       -0.00091321262328
C            2.77016427298251        0.23086836857104        1.25930739548213
C            2.76977069942815        0.23462936972629       -1.25948586537658
H           -4.13293713246709       -0.72702660115671        0.03450326392337
H           -3.94839887851361        0.82695622977303        0.85835776327971
H           -3.95188913384142        0.76247725231492       -0.90004648531669
H           -2.18065967467749       -2.07035896406125       -0.00093882157210
H            0.25389617869467       -2.31800450153689       -0.00208661591529
H            0.68246983945710        1.92706437351558        0.00192653737259
H           -1.74732479079995        2.17022337167774        0.00302742428947
H            2.37780271040136       -1.45443563530901       -0.00255067678165
H            2.59908890316985        1.30385444602925        1.28963391864574
H            3.84283783250304        0.05275023766619        1.27751999512786
H            2.32883850980291       -0.21234880426863        2.14926957377830
H            2.59871041593234        1.30770226574901       -1.28657114944870
H            2.32818010599663       -0.20593435806667       -2.15063301803597
H            3.84243750716072        0.05656364570040       -1.27854964849427
