2025-04-03 21:48:57,938 -     censo.parallel     -  DEBUG   - Free cores decreased 1 -> 0.
2025-04-03 21:48:57,941 -   censo.qm_processor   -  DEBUG   - worker114828:Running on 1 cores.
2025-04-03 21:48:57,968 -   censo.qm_processor   -   INFO   - worker114828:Running xtb_gsolv calculation in /srv/scratch/z5358697/.automated/4118/0_PRESCREENING/CONF1/xtb_gsolv.
2025-04-03 21:48:57,999 -   censo.qm_processor   -  DEBUG   - worker114828:Running ['/srv/scratch/z5358697/.xtb/bin/xtb', 'gas.coord', '--gfn2', '--sp', '--chrg', '0', '--norestart', '--parallel', '1']...
2025-04-03 21:48:58,008 -   censo.qm_processor   -  DEBUG   - worker114828:Started (PID: 114834).
2025-04-03 21:48:58,051 -   censo.qm_processor   -  DEBUG   - worker114828:Done.
2025-04-03 21:48:58,074 -   censo.qm_processor   -  DEBUG   - worker114828:Running ['/srv/scratch/z5358697/.xtb/bin/xtb', 'solv.coord', '--gfn2', '--sp', '--chrg', '0', '--norestart', '--parallel', '1', '--alpb', 'water', 'reference', '-I', 'xtb_sp-xcontrol-inp']...
2025-04-03 21:48:58,078 -   censo.qm_processor   -  DEBUG   - worker114828:Started (PID: 114849).
2025-04-03 21:48:58,127 -   censo.qm_processor   -  DEBUG   - worker114828:Done.
2025-04-03 21:48:58,128 -     censo.parallel     -  DEBUG   - Free cores increased 0 -> 1.
2025-04-03 21:48:58,134 -     censo.parallel     -  DEBUG   - Checking for failed jobs...
2025-04-03 21:48:58,134 -     censo.parallel     -   INFO   - All jobs executed successfully.
2025-04-03 21:48:58,139 -     censo.parallel     -  DEBUG   - Free cores decreased 1 -> 0.
2025-04-03 21:48:58,142 -   censo.qm_processor   -  DEBUG   - worker114866:Running on 1 cores.
2025-04-03 21:48:58,146 -   censo.qm_processor   -   INFO   - worker114866:Running sp calculation in /srv/scratch/z5358697/.automated/4118/0_PRESCREENING/CONF1/sp.
2025-04-03 21:48:58,161 -   censo.qm_processor   -  DEBUG   - worker114866:Running ['/apps/z_install_tree/linux-rocky8-ivybridge/gcc-12.2.0/orca-6.0.0-srtngmq3qlimg2qxbl6avaaiffipurdx/bin/orca', 'sp.inp']...
2025-04-03 21:48:58,167 -   censo.qm_processor   -  DEBUG   - worker114866:Started (PID: 114871).
2025-04-03 21:49:01,691 -   censo.qm_processor   -  DEBUG   - worker114866:Done.
2025-04-03 21:49:01,697 -     censo.parallel     -  DEBUG   - Free cores increased 0 -> 1.
2025-04-03 21:49:01,703 -     censo.parallel     -  DEBUG   - Checking for failed jobs...
2025-04-03 21:49:01,703 -     censo.parallel     -   INFO   - All jobs executed successfully.
2025-04-03 21:49:01,703 -censo.ensembleopt.prescreening-  DEBUG   - Writing to /srv/scratch/z5358697/.automated/4118/0_PRESCREENING.out.
2025-04-03 21:49:01,740 -     censo.parallel     -  DEBUG   - Free cores decreased 1 -> 0.
2025-04-03 21:49:01,744 -   censo.qm_processor   -  DEBUG   - worker114975:Running on 1 cores.
2025-04-03 21:49:01,759 -   censo.qm_processor   -   INFO   - worker114975:Running gsolv calculation in /srv/scratch/z5358697/.automated/4118/1_SCREENING/CONF1/gsolv.
2025-04-03 21:49:01,799 -  censo.orca_processor  -  DEBUG   - worker114975:Copying .gbw file from /srv/scratch/z5358697/.automated/4118/0_PRESCREENING/CONF1/sp/sp.gbw.
2025-04-03 21:49:01,813 -   censo.qm_processor   -  DEBUG   - worker114975:Running ['/apps/z_install_tree/linux-rocky8-ivybridge/gcc-12.2.0/orca-6.0.0-srtngmq3qlimg2qxbl6avaaiffipurdx/bin/orca', 'sp_gas.inp']...
2025-04-03 21:49:01,819 -   censo.qm_processor   -  DEBUG   - worker114975:Started (PID: 114980).
2025-04-03 21:49:07,899 -   censo.qm_processor   -  DEBUG   - worker114975:Done.
2025-04-03 21:49:07,910 -  censo.orca_processor  -  DEBUG   - worker114975:Copying .gbw file from /srv/scratch/z5358697/.automated/4118/0_PRESCREENING/CONF1/sp/sp.gbw.
2025-04-03 21:49:07,934 -   censo.qm_processor   -  DEBUG   - worker114975:Running ['/apps/z_install_tree/linux-rocky8-ivybridge/gcc-12.2.0/orca-6.0.0-srtngmq3qlimg2qxbl6avaaiffipurdx/bin/orca', 'sp_solv.inp']...
2025-04-03 21:49:07,937 -   censo.qm_processor   -  DEBUG   - worker114975:Started (PID: 115131).
2025-04-03 21:49:14,964 -   censo.qm_processor   -  DEBUG   - worker114975:Done.
2025-04-03 21:49:14,968 -     censo.parallel     -  DEBUG   - Free cores increased 0 -> 1.
2025-04-03 21:49:14,981 -     censo.parallel     -  DEBUG   - Checking for failed jobs...
2025-04-03 21:49:14,981 -     censo.parallel     -   INFO   - All jobs executed successfully.
2025-04-03 21:49:15,015 -     censo.parallel     -  DEBUG   - Free cores decreased 1 -> 0.
2025-04-03 21:49:15,018 -   censo.qm_processor   -  DEBUG   - worker115181:Running on 1 cores.
2025-04-03 21:49:15,034 -   censo.qm_processor   -   INFO   - worker115181:Running xtb_opt calculation in /srv/scratch/z5358697/.automated/4118/2_OPTIMIZATION/CONF1/xtb_opt.
2025-04-03 21:49:15,070 -  censo.orca_processor  -  DEBUG   - worker115181:Copying .gbw file from /srv/scratch/z5358697/.automated/4118/1_SCREENING/CONF1/gsolv/sp_solv.gbw.
2025-04-03 21:49:15,086 -   censo.qm_processor   -  DEBUG   - worker115181:Running ['/srv/scratch/z5358697/.xtb/bin/xtb', 'xtb_opt.coord', '--opt', 'normal', '--orca', '-I', 'xtb_opt-xcontrol-inp']...
2025-04-03 21:49:15,093 -   censo.qm_processor   -  DEBUG   - worker115181:Started (PID: 115186).
2025-04-03 21:49:49,076 -   censo.qm_processor   -  DEBUG   - worker115181:Done.
2025-04-03 21:49:49,084 -     censo.parallel     -  DEBUG   - Free cores increased 0 -> 1.
2025-04-03 21:49:49,089 -     censo.parallel     -  DEBUG   - Checking for failed jobs...
2025-04-03 21:49:49,089 -     censo.parallel     -   INFO   - All jobs executed successfully.
2025-04-03 21:49:49,094 -     censo.parallel     -  DEBUG   - Free cores decreased 1 -> 0.
2025-04-03 21:49:49,098 -   censo.qm_processor   -  DEBUG   - worker115429:Running on 1 cores.
2025-04-03 21:49:49,102 -   censo.qm_processor   -   INFO   - worker115429:Running xtb_rrho calculation in /srv/scratch/z5358697/.automated/4118/2_OPTIMIZATION/CONF1/xtb_rrho.
2025-04-03 21:49:49,142 -   censo.qm_processor   -  DEBUG   - worker115429:Running ['/srv/scratch/z5358697/.xtb/bin/xtb', 'xtb_rrho.coord', '--gfn2', '--ohess', 'vtight', '--chrg', '0', '--enso', '--norestart', '-I', 'rrho-xcontrol-inp', '--parallel', '1', '--alpb', 'water']...
2025-04-03 21:49:49,147 -   censo.qm_processor   -  DEBUG   - worker115429:Started (PID: 115434).
2025-04-03 21:49:49,341 -   censo.qm_processor   -  DEBUG   - worker115429:Done.
2025-04-03 21:49:49,345 -     censo.parallel     -  DEBUG   - Free cores increased 0 -> 1.
2025-04-03 21:49:49,350 -     censo.parallel     -  DEBUG   - Checking for failed jobs...
2025-04-03 21:49:49,350 -     censo.parallel     -   INFO   - All jobs executed successfully.
2025-04-03 21:49:49,350 -censo.ensembleopt.optimization-  DEBUG   - Writing to /srv/scratch/z5358697/.automated/4118/2_OPTIMIZATION.out.
2025-04-03 21:49:49,362 -censo.ensembleopt.optimization-  DEBUG   - Writing to /srv/scratch/z5358697/.automated/4118/2_OPTIMIZATION.out.
2025-04-03 21:49:49,409 -     censo.parallel     -  DEBUG   - Free cores decreased 1 -> 0.
2025-04-03 21:49:49,412 -   censo.qm_processor   -  DEBUG   - worker115449:Running on 1 cores.
2025-04-03 21:49:49,518 -   censo.qm_processor   -   INFO   - worker115449:Running gsolv calculation in /srv/scratch/z5358697/.automated/4118/3_REFINEMENT/CONF1/gsolv.
2025-04-03 21:49:49,530 -  censo.orca_processor  -  DEBUG   - worker115449:Copying .gbw file from /srv/scratch/z5358697/.automated/4118/2_OPTIMIZATION/CONF1/xtb_opt/xtb_opt.gbw.
2025-04-03 21:49:49,754 -   censo.qm_processor   -  DEBUG   - worker115449:Running ['/apps/z_install_tree/linux-rocky8-ivybridge/gcc-12.2.0/orca-6.0.0-srtngmq3qlimg2qxbl6avaaiffipurdx/bin/orca', 'sp_gas.inp']...
2025-04-03 21:49:49,759 -   censo.qm_processor   -  DEBUG   - worker115449:Started (PID: 115460).
2025-04-03 21:50:12,796 -   censo.qm_processor   -  DEBUG   - worker115449:Done.
2025-04-03 21:50:12,806 -  censo.orca_processor  -  DEBUG   - worker115449:Copying .gbw file from /srv/scratch/z5358697/.automated/4118/2_OPTIMIZATION/CONF1/xtb_opt/xtb_opt.gbw.
2025-04-03 21:50:12,835 -   censo.qm_processor   -  DEBUG   - worker115449:Running ['/apps/z_install_tree/linux-rocky8-ivybridge/gcc-12.2.0/orca-6.0.0-srtngmq3qlimg2qxbl6avaaiffipurdx/bin/orca', 'sp_solv.inp']...
2025-04-03 21:50:12,837 -   censo.qm_processor   -  DEBUG   - worker115449:Started (PID: 115564).
2025-04-03 21:50:36,335 -   censo.qm_processor   -  DEBUG   - worker115449:Done.
2025-04-03 21:50:36,339 -     censo.parallel     -  DEBUG   - Free cores increased 0 -> 1.
2025-04-03 21:50:36,346 -     censo.parallel     -  DEBUG   - Checking for failed jobs...
2025-04-03 21:50:36,346 -     censo.parallel     -   INFO   - All jobs executed successfully.
2025-04-03 21:50:36,346 -censo.ensembleopt.refinement-  DEBUG   - Writing to /srv/scratch/z5358697/.automated/4118/3_REFINEMENT.out.
