2025-04-03 21:35:22,264 -     censo.parallel     -  DEBUG   - Free cores decreased 2 -> 1.
2025-04-03 21:35:22,268 -     censo.parallel     -  DEBUG   - Free cores decreased 1 -> 0.
2025-04-03 21:35:22,268 -   censo.qm_processor   -  DEBUG   - worker1349946:Running on 1 cores.
2025-04-03 21:35:22,269 -   censo.qm_processor   -  DEBUG   - worker1349947:Running on 1 cores.
2025-04-03 21:35:22,345 -   censo.qm_processor   -   INFO   - worker1349946:Running xtb_gsolv calculation in /srv/scratch/z5358697/.automated/4058/0_PRESCREENING/CONF1/xtb_gsolv.
2025-04-03 21:35:22,353 -   censo.qm_processor   -   INFO   - worker1349947:Running xtb_gsolv calculation in /srv/scratch/z5358697/.automated/4058/0_PRESCREENING/CONF2/xtb_gsolv.
2025-04-03 21:35:22,369 -   censo.qm_processor   -  DEBUG   - worker1349947:Running ['/srv/scratch/z5358697/.xtb/bin/xtb', 'gas.coord', '--gfn2', '--sp', '--chrg', '0', '--norestart', '--parallel', '1']...
2025-04-03 21:35:22,381 -   censo.qm_processor   -  DEBUG   - worker1349947:Started (PID: 1349957).
2025-04-03 21:35:22,408 -   censo.qm_processor   -  DEBUG   - worker1349946:Running ['/srv/scratch/z5358697/.xtb/bin/xtb', 'gas.coord', '--gfn2', '--sp', '--chrg', '0', '--norestart', '--parallel', '1']...
2025-04-03 21:35:22,412 -   censo.qm_processor   -  DEBUG   - worker1349946:Started (PID: 1349959).
2025-04-03 21:35:22,443 -   censo.qm_processor   -  DEBUG   - worker1349947:Done.
2025-04-03 21:35:22,457 -   censo.qm_processor   -  DEBUG   - worker1349946:Done.
2025-04-03 21:35:22,467 -   censo.qm_processor   -  DEBUG   - worker1349947:Running ['/srv/scratch/z5358697/.xtb/bin/xtb', 'solv.coord', '--gfn2', '--sp', '--chrg', '0', '--norestart', '--parallel', '1', '--alpb', 'water', 'reference', '-I', 'xtb_sp-xcontrol-inp']...
2025-04-03 21:35:22,471 -   censo.qm_processor   -  DEBUG   - worker1349947:Started (PID: 1349962).
2025-04-03 21:35:22,479 -   censo.qm_processor   -  DEBUG   - worker1349946:Running ['/srv/scratch/z5358697/.xtb/bin/xtb', 'solv.coord', '--gfn2', '--sp', '--chrg', '0', '--norestart', '--parallel', '1', '--alpb', 'water', 'reference', '-I', 'xtb_sp-xcontrol-inp']...
2025-04-03 21:35:22,483 -   censo.qm_processor   -  DEBUG   - worker1349946:Started (PID: 1349963).
2025-04-03 21:35:22,520 -   censo.qm_processor   -  DEBUG   - worker1349947:Done.
2025-04-03 21:35:22,522 -     censo.parallel     -  DEBUG   - Free cores increased 0 -> 1.
2025-04-03 21:35:22,546 -   censo.qm_processor   -  DEBUG   - worker1349946:Done.
2025-04-03 21:35:22,547 -     censo.parallel     -  DEBUG   - Free cores increased 1 -> 2.
2025-04-03 21:35:22,554 -     censo.parallel     -  DEBUG   - Checking for failed jobs...
2025-04-03 21:35:22,554 -     censo.parallel     -   INFO   - All jobs executed successfully.
2025-04-03 21:35:22,559 -     censo.parallel     -  DEBUG   - Free cores decreased 2 -> 1.
2025-04-03 21:35:22,562 -     censo.parallel     -  DEBUG   - Free cores decreased 1 -> 0.
2025-04-03 21:35:22,564 -   censo.qm_processor   -  DEBUG   - worker1349982:Running on 1 cores.
2025-04-03 21:35:22,564 -   censo.qm_processor   -  DEBUG   - worker1349983:Running on 1 cores.
2025-04-03 21:35:22,567 -   censo.qm_processor   -   INFO   - worker1349982:Running sp calculation in /srv/scratch/z5358697/.automated/4058/0_PRESCREENING/CONF1/sp.
2025-04-03 21:35:22,580 -   censo.qm_processor   -   INFO   - worker1349983:Running sp calculation in /srv/scratch/z5358697/.automated/4058/0_PRESCREENING/CONF2/sp.
2025-04-03 21:35:22,594 -   censo.qm_processor   -  DEBUG   - worker1349983:Running ['/apps/z_install_tree/linux-rocky8-ivybridge/gcc-12.2.0/orca-6.0.0-srtngmq3qlimg2qxbl6avaaiffipurdx/bin/orca', 'sp.inp']...
2025-04-03 21:35:22,601 -   censo.qm_processor   -  DEBUG   - worker1349983:Started (PID: 1349991).
2025-04-03 21:35:22,637 -   censo.qm_processor   -  DEBUG   - worker1349982:Running ['/apps/z_install_tree/linux-rocky8-ivybridge/gcc-12.2.0/orca-6.0.0-srtngmq3qlimg2qxbl6avaaiffipurdx/bin/orca', 'sp.inp']...
2025-04-03 21:35:22,641 -   censo.qm_processor   -  DEBUG   - worker1349982:Started (PID: 1349992).
2025-04-03 21:35:32,353 -   censo.qm_processor   -  DEBUG   - worker1349983:Done.
2025-04-03 21:35:32,360 -     censo.parallel     -  DEBUG   - Free cores increased 0 -> 1.
2025-04-03 21:35:32,381 -   censo.qm_processor   -  DEBUG   - worker1349982:Done.
2025-04-03 21:35:32,386 -     censo.parallel     -  DEBUG   - Free cores increased 1 -> 2.
2025-04-03 21:35:32,393 -     censo.parallel     -  DEBUG   - Checking for failed jobs...
2025-04-03 21:35:32,393 -     censo.parallel     -   INFO   - All jobs executed successfully.
2025-04-03 21:35:32,393 -censo.ensembleopt.prescreening-  DEBUG   - Writing to /srv/scratch/z5358697/.automated/4058/0_PRESCREENING.out.
2025-04-03 21:35:32,449 -     censo.parallel     -  DEBUG   - Free cores decreased 2 -> 1.
2025-04-03 21:35:32,452 -     censo.parallel     -  DEBUG   - Free cores decreased 1 -> 0.
2025-04-03 21:35:32,454 -   censo.qm_processor   -  DEBUG   - worker1350535:Running on 1 cores.
2025-04-03 21:35:32,454 -   censo.qm_processor   -  DEBUG   - worker1350534:Running on 1 cores.
2025-04-03 21:35:32,489 -   censo.qm_processor   -   INFO   - worker1350534:Running gsolv calculation in /srv/scratch/z5358697/.automated/4058/1_SCREENING/CONF1/gsolv.
2025-04-03 21:35:32,503 -  censo.orca_processor  -  DEBUG   - worker1350534:Copying .gbw file from /srv/scratch/z5358697/.automated/4058/0_PRESCREENING/CONF1/sp/sp.gbw.
2025-04-03 21:35:32,504 -   censo.qm_processor   -   INFO   - worker1350535:Running gsolv calculation in /srv/scratch/z5358697/.automated/4058/1_SCREENING/CONF2/gsolv.
2025-04-03 21:35:32,533 -  censo.orca_processor  -  DEBUG   - worker1350535:Copying .gbw file from /srv/scratch/z5358697/.automated/4058/0_PRESCREENING/CONF2/sp/sp.gbw.
2025-04-03 21:35:32,535 -   censo.qm_processor   -  DEBUG   - worker1350534:Running ['/apps/z_install_tree/linux-rocky8-ivybridge/gcc-12.2.0/orca-6.0.0-srtngmq3qlimg2qxbl6avaaiffipurdx/bin/orca', 'sp_gas.inp']...
2025-04-03 21:35:32,540 -   censo.qm_processor   -  DEBUG   - worker1350534:Started (PID: 1350542).
2025-04-03 21:35:32,564 -   censo.qm_processor   -  DEBUG   - worker1350535:Running ['/apps/z_install_tree/linux-rocky8-ivybridge/gcc-12.2.0/orca-6.0.0-srtngmq3qlimg2qxbl6avaaiffipurdx/bin/orca', 'sp_gas.inp']...
2025-04-03 21:35:32,567 -   censo.qm_processor   -  DEBUG   - worker1350535:Started (PID: 1350543).
2025-04-03 21:36:03,302 -   censo.qm_processor   -  DEBUG   - worker1350534:Done.
2025-04-03 21:36:03,321 -  censo.orca_processor  -  DEBUG   - worker1350534:Copying .gbw file from /srv/scratch/z5358697/.automated/4058/0_PRESCREENING/CONF1/sp/sp.gbw.
2025-04-03 21:36:03,347 -   censo.qm_processor   -  DEBUG   - worker1350534:Running ['/apps/z_install_tree/linux-rocky8-ivybridge/gcc-12.2.0/orca-6.0.0-srtngmq3qlimg2qxbl6avaaiffipurdx/bin/orca', 'sp_solv.inp']...
2025-04-03 21:36:03,350 -   censo.qm_processor   -  DEBUG   - worker1350534:Started (PID: 1352648).
2025-04-03 21:36:03,720 -   censo.qm_processor   -  DEBUG   - worker1350535:Done.
2025-04-03 21:36:03,738 -  censo.orca_processor  -  DEBUG   - worker1350535:Copying .gbw file from /srv/scratch/z5358697/.automated/4058/0_PRESCREENING/CONF2/sp/sp.gbw.
2025-04-03 21:36:03,768 -   censo.qm_processor   -  DEBUG   - worker1350535:Running ['/apps/z_install_tree/linux-rocky8-ivybridge/gcc-12.2.0/orca-6.0.0-srtngmq3qlimg2qxbl6avaaiffipurdx/bin/orca', 'sp_solv.inp']...
2025-04-03 21:36:03,771 -   censo.qm_processor   -  DEBUG   - worker1350535:Started (PID: 1352740).
2025-04-03 21:36:41,468 -   censo.qm_processor   -  DEBUG   - worker1350534:Done.
2025-04-03 21:36:41,474 -     censo.parallel     -  DEBUG   - Free cores increased 0 -> 1.
2025-04-03 21:36:41,492 -   censo.qm_processor   -  DEBUG   - worker1350535:Done.
2025-04-03 21:36:41,498 -     censo.parallel     -  DEBUG   - Free cores increased 1 -> 2.
2025-04-03 21:36:41,506 -     censo.parallel     -  DEBUG   - Checking for failed jobs...
2025-04-03 21:36:41,506 -     censo.parallel     -   INFO   - All jobs executed successfully.
2025-04-03 21:36:41,540 -     censo.parallel     -  DEBUG   - Free cores decreased 2 -> 1.
2025-04-03 21:36:41,543 -     censo.parallel     -  DEBUG   - Free cores decreased 1 -> 0.
2025-04-03 21:36:41,544 -   censo.qm_processor   -  DEBUG   - worker1354945:Running on 1 cores.
2025-04-03 21:36:41,545 -   censo.qm_processor   -  DEBUG   - worker1354946:Running on 1 cores.
2025-04-03 21:36:41,593 -   censo.qm_processor   -   INFO   - worker1354946:Running xtb_opt calculation in /srv/scratch/z5358697/.automated/4058/2_OPTIMIZATION/CONF2/xtb_opt.
2025-04-03 21:36:41,609 -   censo.qm_processor   -   INFO   - worker1354945:Running xtb_opt calculation in /srv/scratch/z5358697/.automated/4058/2_OPTIMIZATION/CONF1/xtb_opt.
2025-04-03 21:36:41,646 -  censo.orca_processor  -  DEBUG   - worker1354945:Copying .gbw file from /srv/scratch/z5358697/.automated/4058/1_SCREENING/CONF1/gsolv/sp_solv.gbw.
2025-04-03 21:36:41,673 -   censo.qm_processor   -  DEBUG   - worker1354945:Running ['/srv/scratch/z5358697/.xtb/bin/xtb', 'xtb_opt.coord', '--opt', 'normal', '--orca', '-I', 'xtb_opt-xcontrol-inp']...
2025-04-03 21:36:41,679 -   censo.qm_processor   -  DEBUG   - worker1354945:Started (PID: 1354957).
2025-04-03 21:36:42,675 -  censo.orca_processor  -  DEBUG   - worker1354946:Copying .gbw file from /srv/scratch/z5358697/.automated/4058/1_SCREENING/CONF2/gsolv/sp_solv.gbw.
2025-04-03 21:36:42,703 -   censo.qm_processor   -  DEBUG   - worker1354946:Running ['/srv/scratch/z5358697/.xtb/bin/xtb', 'xtb_opt.coord', '--opt', 'normal', '--orca', '-I', 'xtb_opt-xcontrol-inp']...
2025-04-03 21:36:42,707 -   censo.qm_processor   -  DEBUG   - worker1354946:Started (PID: 1354992).
2025-04-03 21:39:46,020 -   censo.qm_processor   -  DEBUG   - worker1354945:Done.
2025-04-03 21:39:46,031 -     censo.parallel     -  DEBUG   - Free cores increased 0 -> 1.
2025-04-03 21:39:46,174 -   censo.qm_processor   -  DEBUG   - worker1354946:Done.
2025-04-03 21:39:46,183 -     censo.parallel     -  DEBUG   - Free cores increased 1 -> 2.
2025-04-03 21:39:46,190 -     censo.parallel     -  DEBUG   - Checking for failed jobs...
2025-04-03 21:39:46,190 -     censo.parallel     -   INFO   - All jobs executed successfully.
2025-04-03 21:39:46,196 -     censo.parallel     -  DEBUG   - Free cores decreased 2 -> 1.
2025-04-03 21:39:46,198 -     censo.parallel     -  DEBUG   - Free cores decreased 1 -> 0.
2025-04-03 21:39:46,200 -   censo.qm_processor   -  DEBUG   - worker1366926:Running on 1 cores.
2025-04-03 21:39:46,200 -   censo.qm_processor   -  DEBUG   - worker1366927:Running on 1 cores.
2025-04-03 21:39:46,205 -   censo.qm_processor   -   INFO   - worker1366926:Running xtb_rrho calculation in /srv/scratch/z5358697/.automated/4058/2_OPTIMIZATION/CONF2/xtb_rrho.
2025-04-03 21:39:46,208 -   censo.qm_processor   -   INFO   - worker1366927:Running xtb_rrho calculation in /srv/scratch/z5358697/.automated/4058/2_OPTIMIZATION/CONF1/xtb_rrho.
2025-04-03 21:39:46,228 -   censo.qm_processor   -  DEBUG   - worker1366926:Running ['/srv/scratch/z5358697/.xtb/bin/xtb', 'xtb_rrho.coord', '--gfn2', '--bhess', 'vtight', '--chrg', '0', '--enso', '--norestart', '-I', 'rrho-xcontrol-inp', '--parallel', '1', '--alpb', 'water']...
2025-04-03 21:39:46,234 -   censo.qm_processor   -  DEBUG   - worker1366927:Running ['/srv/scratch/z5358697/.xtb/bin/xtb', 'xtb_rrho.coord', '--gfn2', '--bhess', 'vtight', '--chrg', '0', '--enso', '--norestart', '-I', 'rrho-xcontrol-inp', '--parallel', '1', '--alpb', 'water']...
2025-04-03 21:39:46,236 -   censo.qm_processor   -  DEBUG   - worker1366926:Started (PID: 1366934).
2025-04-03 21:39:46,239 -   censo.qm_processor   -  DEBUG   - worker1366927:Started (PID: 1366935).
2025-04-03 21:39:47,478 -   censo.qm_processor   -  DEBUG   - worker1366926:Done.
2025-04-03 21:39:47,481 -     censo.parallel     -  DEBUG   - Free cores increased 0 -> 1.
2025-04-03 21:39:47,549 -   censo.qm_processor   -  DEBUG   - worker1366927:Done.
2025-04-03 21:39:47,552 -     censo.parallel     -  DEBUG   - Free cores increased 1 -> 2.
2025-04-03 21:39:47,558 -     censo.parallel     -  DEBUG   - Checking for failed jobs...
2025-04-03 21:39:47,558 -     censo.parallel     -   INFO   - All jobs executed successfully.
2025-04-03 21:39:47,558 -censo.ensembleopt.optimization-   INFO   - Threshold: 1.50 kcal/mol
2025-04-03 21:39:47,563 -     censo.parallel     -  DEBUG   - Free cores decreased 2 -> 1.
2025-04-03 21:39:47,566 -     censo.parallel     -  DEBUG   - Free cores decreased 1 -> 0.
2025-04-03 21:39:47,568 -   censo.qm_processor   -  DEBUG   - worker1367076:Running on 1 cores.
2025-04-03 21:39:47,569 -   censo.qm_processor   -  DEBUG   - worker1367077:Running on 1 cores.
2025-04-03 21:39:47,569 -   censo.qm_processor   -   INFO   - worker1367076:Running xtb_rrho calculation in /srv/scratch/z5358697/.automated/4058/2_OPTIMIZATION/CONF1/xtb_rrho.
2025-04-03 21:39:47,570 -   censo.qm_processor   -   INFO   - worker1367077:Running xtb_rrho calculation in /srv/scratch/z5358697/.automated/4058/2_OPTIMIZATION/CONF2/xtb_rrho.
2025-04-03 21:39:47,598 -   censo.qm_processor   -  DEBUG   - worker1367077:Running ['/srv/scratch/z5358697/.xtb/bin/xtb', 'xtb_rrho.coord', '--gfn2', '--ohess', 'vtight', '--chrg', '0', '--enso', '--norestart', '-I', 'rrho-xcontrol-inp', '--parallel', '1', '--alpb', 'water']...
2025-04-03 21:39:47,598 -   censo.qm_processor   -  DEBUG   - worker1367076:Running ['/srv/scratch/z5358697/.xtb/bin/xtb', 'xtb_rrho.coord', '--gfn2', '--ohess', 'vtight', '--chrg', '0', '--enso', '--norestart', '-I', 'rrho-xcontrol-inp', '--parallel', '1', '--alpb', 'water']...
2025-04-03 21:39:47,603 -   censo.qm_processor   -  DEBUG   - worker1367076:Started (PID: 1367087).
2025-04-03 21:39:47,604 -   censo.qm_processor   -  DEBUG   - worker1367077:Started (PID: 1367086).
2025-04-03 21:39:48,897 -   censo.qm_processor   -  DEBUG   - worker1367077:Done.
2025-04-03 21:39:48,900 -     censo.parallel     -  DEBUG   - Free cores increased 0 -> 1.
2025-04-03 21:39:48,980 -   censo.qm_processor   -  DEBUG   - worker1367076:Done.
2025-04-03 21:39:48,983 -     censo.parallel     -  DEBUG   - Free cores increased 1 -> 2.
2025-04-03 21:39:48,989 -     censo.parallel     -  DEBUG   - Checking for failed jobs...
2025-04-03 21:39:48,989 -     censo.parallel     -   INFO   - All jobs executed successfully.
2025-04-03 21:39:48,989 -censo.ensembleopt.optimization-  DEBUG   - Writing to /srv/scratch/z5358697/.automated/4058/2_OPTIMIZATION.out.
2025-04-03 21:39:49,002 -censo.ensembleopt.optimization-  DEBUG   - Writing to /srv/scratch/z5358697/.automated/4058/2_OPTIMIZATION.out.
2025-04-03 21:39:49,040 -     censo.parallel     -  DEBUG   - Free cores decreased 2 -> 1.
2025-04-03 21:39:49,043 -     censo.parallel     -  DEBUG   - Free cores decreased 1 -> 0.
2025-04-03 21:39:49,045 -   censo.qm_processor   -  DEBUG   - worker1367164:Running on 1 cores.
2025-04-03 21:39:49,045 -   censo.qm_processor   -  DEBUG   - worker1367163:Running on 1 cores.
2025-04-03 21:39:49,084 -   censo.qm_processor   -   INFO   - worker1367163:Running gsolv calculation in /srv/scratch/z5358697/.automated/4058/3_REFINEMENT/CONF1/gsolv.
2025-04-03 21:39:49,099 -   censo.qm_processor   -   INFO   - worker1367164:Running gsolv calculation in /srv/scratch/z5358697/.automated/4058/3_REFINEMENT/CONF2/gsolv.
2025-04-03 21:39:49,124 -  censo.orca_processor  -  DEBUG   - worker1367163:Copying .gbw file from /srv/scratch/z5358697/.automated/4058/2_OPTIMIZATION/CONF1/xtb_opt/xtb_opt.gbw.
2025-04-03 21:39:49,152 -   censo.qm_processor   -  DEBUG   - worker1367163:Running ['/apps/z_install_tree/linux-rocky8-ivybridge/gcc-12.2.0/orca-6.0.0-srtngmq3qlimg2qxbl6avaaiffipurdx/bin/orca', 'sp_gas.inp']...
2025-04-03 21:39:49,158 -   censo.qm_processor   -  DEBUG   - worker1367163:Started (PID: 1367180).
2025-04-03 21:39:49,174 -  censo.orca_processor  -  DEBUG   - worker1367164:Copying .gbw file from /srv/scratch/z5358697/.automated/4058/2_OPTIMIZATION/CONF2/xtb_opt/xtb_opt.gbw.
2025-04-03 21:39:49,201 -   censo.qm_processor   -  DEBUG   - worker1367164:Running ['/apps/z_install_tree/linux-rocky8-ivybridge/gcc-12.2.0/orca-6.0.0-srtngmq3qlimg2qxbl6avaaiffipurdx/bin/orca', 'sp_gas.inp']...
2025-04-03 21:39:49,204 -   censo.qm_processor   -  DEBUG   - worker1367164:Started (PID: 1367183).
2025-04-03 21:44:17,287 -   censo.qm_processor   -  DEBUG   - worker1367164:Done.
2025-04-03 21:44:17,288 -   censo.qm_processor   -  DEBUG   - worker1367163:Done.
2025-04-03 21:44:17,308 -  censo.orca_processor  -  DEBUG   - worker1367163:Copying .gbw file from /srv/scratch/z5358697/.automated/4058/2_OPTIMIZATION/CONF1/xtb_opt/xtb_opt.gbw.
2025-04-03 21:44:17,309 -  censo.orca_processor  -  DEBUG   - worker1367164:Copying .gbw file from /srv/scratch/z5358697/.automated/4058/2_OPTIMIZATION/CONF2/xtb_opt/xtb_opt.gbw.
2025-04-03 21:44:17,335 -   censo.qm_processor   -  DEBUG   - worker1367163:Running ['/apps/z_install_tree/linux-rocky8-ivybridge/gcc-12.2.0/orca-6.0.0-srtngmq3qlimg2qxbl6avaaiffipurdx/bin/orca', 'sp_solv.inp']...
2025-04-03 21:44:17,335 -   censo.qm_processor   -  DEBUG   - worker1367164:Running ['/apps/z_install_tree/linux-rocky8-ivybridge/gcc-12.2.0/orca-6.0.0-srtngmq3qlimg2qxbl6avaaiffipurdx/bin/orca', 'sp_solv.inp']...
2025-04-03 21:44:17,339 -   censo.qm_processor   -  DEBUG   - worker1367164:Started (PID: 1385678).
2025-04-03 21:44:17,346 -   censo.qm_processor   -  DEBUG   - worker1367163:Started (PID: 1385677).
2025-04-03 21:48:52,972 -   censo.qm_processor   -  DEBUG   - worker1367163:Done.
2025-04-03 21:48:52,982 -     censo.parallel     -  DEBUG   - Free cores increased 0 -> 1.
2025-04-03 21:48:53,324 -   censo.qm_processor   -  DEBUG   - worker1367164:Done.
2025-04-03 21:48:53,333 -     censo.parallel     -  DEBUG   - Free cores increased 1 -> 2.
2025-04-03 21:48:53,339 -     censo.parallel     -  DEBUG   - Checking for failed jobs...
2025-04-03 21:48:53,339 -     censo.parallel     -   INFO   - All jobs executed successfully.
2025-04-03 21:48:53,339 -censo.ensembleopt.refinement-  DEBUG   - Writing to /srv/scratch/z5358697/.automated/4058/3_REFINEMENT.out.
