2025-04-03 21:46:33,892 -     censo.parallel     -  DEBUG   - Free cores decreased 1 -> 0.
2025-04-03 21:46:33,896 -   censo.qm_processor   -  DEBUG   - worker1394740:Running on 1 cores.
2025-04-03 21:46:33,912 -   censo.qm_processor   -   INFO   - worker1394740:Running xtb_gsolv calculation in /srv/scratch/z5358697/.automated/4104/0_PRESCREENING/CONF1/xtb_gsolv.
2025-04-03 21:46:33,972 -   censo.qm_processor   -  DEBUG   - worker1394740:Running ['/srv/scratch/z5358697/.xtb/bin/xtb', 'gas.coord', '--gfn2', '--sp', '--chrg', '0', '--norestart', '--parallel', '1']...
2025-04-03 21:46:33,980 -   censo.qm_processor   -  DEBUG   - worker1394740:Started (PID: 1394755).
2025-04-03 21:46:34,031 -   censo.qm_processor   -  DEBUG   - worker1394740:Done.
2025-04-03 21:46:34,054 -   censo.qm_processor   -  DEBUG   - worker1394740:Running ['/srv/scratch/z5358697/.xtb/bin/xtb', 'solv.coord', '--gfn2', '--sp', '--chrg', '0', '--norestart', '--parallel', '1', '--alpb', 'water', 'reference', '-I', 'xtb_sp-xcontrol-inp']...
2025-04-03 21:46:34,057 -   censo.qm_processor   -  DEBUG   - worker1394740:Started (PID: 1394796).
2025-04-03 21:46:34,116 -   censo.qm_processor   -  DEBUG   - worker1394740:Done.
2025-04-03 21:46:34,118 -     censo.parallel     -  DEBUG   - Free cores increased 0 -> 1.
2025-04-03 21:46:34,123 -     censo.parallel     -  DEBUG   - Checking for failed jobs...
2025-04-03 21:46:34,123 -     censo.parallel     -   INFO   - All jobs executed successfully.
2025-04-03 21:46:34,129 -     censo.parallel     -  DEBUG   - Free cores decreased 1 -> 0.
2025-04-03 21:46:34,133 -   censo.qm_processor   -  DEBUG   - worker1394844:Running on 1 cores.
2025-04-03 21:46:34,137 -   censo.qm_processor   -   INFO   - worker1394844:Running sp calculation in /srv/scratch/z5358697/.automated/4104/0_PRESCREENING/CONF1/sp.
2025-04-03 21:46:34,153 -   censo.qm_processor   -  DEBUG   - worker1394844:Running ['/apps/z_install_tree/linux-rocky8-ivybridge/gcc-12.2.0/orca-6.0.0-srtngmq3qlimg2qxbl6avaaiffipurdx/bin/orca', 'sp.inp']...
2025-04-03 21:46:34,158 -   censo.qm_processor   -  DEBUG   - worker1394844:Started (PID: 1394849).
2025-04-03 21:46:41,829 -   censo.qm_processor   -  DEBUG   - worker1394844:Done.
2025-04-03 21:46:41,835 -     censo.parallel     -  DEBUG   - Free cores increased 0 -> 1.
2025-04-03 21:46:41,841 -     censo.parallel     -  DEBUG   - Checking for failed jobs...
2025-04-03 21:46:41,841 -     censo.parallel     -   INFO   - All jobs executed successfully.
2025-04-03 21:46:41,842 -censo.ensembleopt.prescreening-  DEBUG   - Writing to /srv/scratch/z5358697/.automated/4104/0_PRESCREENING.out.
2025-04-03 21:46:41,880 -     censo.parallel     -  DEBUG   - Free cores decreased 1 -> 0.
2025-04-03 21:46:41,884 -   censo.qm_processor   -  DEBUG   - worker1396789:Running on 1 cores.
2025-04-03 21:46:41,938 -   censo.qm_processor   -   INFO   - worker1396789:Running gsolv calculation in /srv/scratch/z5358697/.automated/4104/1_SCREENING/CONF1/gsolv.
2025-04-03 21:46:41,953 -  censo.orca_processor  -  DEBUG   - worker1396789:Copying .gbw file from /srv/scratch/z5358697/.automated/4104/0_PRESCREENING/CONF1/sp/sp.gbw.
2025-04-03 21:46:41,986 -   censo.qm_processor   -  DEBUG   - worker1396789:Running ['/apps/z_install_tree/linux-rocky8-ivybridge/gcc-12.2.0/orca-6.0.0-srtngmq3qlimg2qxbl6avaaiffipurdx/bin/orca', 'sp_gas.inp']...
2025-04-03 21:46:41,991 -   censo.qm_processor   -  DEBUG   - worker1396789:Started (PID: 1396797).
2025-04-03 21:47:07,180 -   censo.qm_processor   -  DEBUG   - worker1396789:Done.
2025-04-03 21:47:07,192 -  censo.orca_processor  -  DEBUG   - worker1396789:Copying .gbw file from /srv/scratch/z5358697/.automated/4104/0_PRESCREENING/CONF1/sp/sp.gbw.
2025-04-03 21:47:07,223 -   censo.qm_processor   -  DEBUG   - worker1396789:Running ['/apps/z_install_tree/linux-rocky8-ivybridge/gcc-12.2.0/orca-6.0.0-srtngmq3qlimg2qxbl6avaaiffipurdx/bin/orca', 'sp_solv.inp']...
2025-04-03 21:47:07,226 -   censo.qm_processor   -  DEBUG   - worker1396789:Started (PID: 1398349).
2025-04-03 21:47:37,272 -   censo.qm_processor   -  DEBUG   - worker1396789:Done.
2025-04-03 21:47:37,279 -     censo.parallel     -  DEBUG   - Free cores increased 0 -> 1.
2025-04-03 21:47:37,285 -     censo.parallel     -  DEBUG   - Checking for failed jobs...
2025-04-03 21:47:37,285 -     censo.parallel     -   INFO   - All jobs executed successfully.
2025-04-03 21:47:37,538 -     censo.parallel     -  DEBUG   - Free cores decreased 1 -> 0.
2025-04-03 21:47:37,542 -   censo.qm_processor   -  DEBUG   - worker1400409:Running on 1 cores.
2025-04-03 21:47:37,576 -   censo.qm_processor   -   INFO   - worker1400409:Running xtb_opt calculation in /srv/scratch/z5358697/.automated/4104/2_OPTIMIZATION/CONF1/xtb_opt.
2025-04-03 21:47:37,612 -  censo.orca_processor  -  DEBUG   - worker1400409:Copying .gbw file from /srv/scratch/z5358697/.automated/4104/1_SCREENING/CONF1/gsolv/sp_solv.gbw.
2025-04-03 21:47:37,642 -   censo.qm_processor   -  DEBUG   - worker1400409:Running ['/srv/scratch/z5358697/.xtb/bin/xtb', 'xtb_opt.coord', '--opt', 'normal', '--orca', '-I', 'xtb_opt-xcontrol-inp']...
2025-04-03 21:47:37,650 -   censo.qm_processor   -  DEBUG   - worker1400409:Started (PID: 1400417).
2025-04-03 21:49:20,170 -   censo.qm_processor   -  DEBUG   - worker1400409:Done.
2025-04-03 21:49:20,180 -     censo.parallel     -  DEBUG   - Free cores increased 0 -> 1.
2025-04-03 21:49:20,205 -     censo.parallel     -  DEBUG   - Checking for failed jobs...
2025-04-03 21:49:20,205 -     censo.parallel     -   INFO   - All jobs executed successfully.
2025-04-03 21:49:20,211 -     censo.parallel     -  DEBUG   - Free cores decreased 1 -> 0.
2025-04-03 21:49:20,215 -   censo.qm_processor   -  DEBUG   - worker1407847:Running on 1 cores.
2025-04-03 21:49:20,220 -   censo.qm_processor   -   INFO   - worker1407847:Running xtb_rrho calculation in /srv/scratch/z5358697/.automated/4104/2_OPTIMIZATION/CONF1/xtb_rrho.
2025-04-03 21:49:20,241 -   censo.qm_processor   -  DEBUG   - worker1407847:Running ['/srv/scratch/z5358697/.xtb/bin/xtb', 'xtb_rrho.coord', '--gfn2', '--ohess', 'vtight', '--chrg', '0', '--enso', '--norestart', '-I', 'rrho-xcontrol-inp', '--parallel', '1', '--alpb', 'water']...
2025-04-03 21:49:20,248 -   censo.qm_processor   -  DEBUG   - worker1407847:Started (PID: 1407866).
2025-04-03 21:49:21,020 -   censo.qm_processor   -  DEBUG   - worker1407847:Done.
2025-04-03 21:49:21,024 -     censo.parallel     -  DEBUG   - Free cores increased 0 -> 1.
2025-04-03 21:49:21,029 -     censo.parallel     -  DEBUG   - Checking for failed jobs...
2025-04-03 21:49:21,029 -     censo.parallel     -   INFO   - All jobs executed successfully.
2025-04-03 21:49:21,030 -censo.ensembleopt.optimization-  DEBUG   - Writing to /srv/scratch/z5358697/.automated/4104/2_OPTIMIZATION.out.
2025-04-03 21:49:21,041 -censo.ensembleopt.optimization-  DEBUG   - Writing to /srv/scratch/z5358697/.automated/4104/2_OPTIMIZATION.out.
2025-04-03 21:49:21,072 -     censo.parallel     -  DEBUG   - Free cores decreased 1 -> 0.
2025-04-03 21:49:21,077 -   censo.qm_processor   -  DEBUG   - worker1407990:Running on 1 cores.
2025-04-03 21:49:21,139 -   censo.qm_processor   -   INFO   - worker1407990:Running gsolv calculation in /srv/scratch/z5358697/.automated/4104/3_REFINEMENT/CONF1/gsolv.
2025-04-03 21:49:21,152 -  censo.orca_processor  -  DEBUG   - worker1407990:Copying .gbw file from /srv/scratch/z5358697/.automated/4104/2_OPTIMIZATION/CONF1/xtb_opt/xtb_opt.gbw.
2025-04-03 21:49:21,180 -   censo.qm_processor   -  DEBUG   - worker1407990:Running ['/apps/z_install_tree/linux-rocky8-ivybridge/gcc-12.2.0/orca-6.0.0-srtngmq3qlimg2qxbl6avaaiffipurdx/bin/orca', 'sp_gas.inp']...
2025-04-03 21:49:21,186 -   censo.qm_processor   -  DEBUG   - worker1407990:Started (PID: 1408002).
2025-04-03 21:52:00,177 -   censo.qm_processor   -  DEBUG   - worker1407990:Done.
2025-04-03 21:52:00,199 -  censo.orca_processor  -  DEBUG   - worker1407990:Copying .gbw file from /srv/scratch/z5358697/.automated/4104/2_OPTIMIZATION/CONF1/xtb_opt/xtb_opt.gbw.
2025-04-03 21:52:00,224 -   censo.qm_processor   -  DEBUG   - worker1407990:Running ['/apps/z_install_tree/linux-rocky8-ivybridge/gcc-12.2.0/orca-6.0.0-srtngmq3qlimg2qxbl6avaaiffipurdx/bin/orca', 'sp_solv.inp']...
2025-04-03 21:52:00,226 -   censo.qm_processor   -  DEBUG   - worker1407990:Started (PID: 1418171).
2025-04-03 21:54:44,764 -   censo.qm_processor   -  DEBUG   - worker1407990:Done.
2025-04-03 21:54:44,772 -     censo.parallel     -  DEBUG   - Free cores increased 0 -> 1.
2025-04-03 21:54:44,778 -     censo.parallel     -  DEBUG   - Checking for failed jobs...
2025-04-03 21:54:44,778 -     censo.parallel     -   INFO   - All jobs executed successfully.
2025-04-03 21:54:44,778 -censo.ensembleopt.refinement-  DEBUG   - Writing to /srv/scratch/z5358697/.automated/4104/3_REFINEMENT.out.
