24
 energy: -43.385855153442 gnorm: 0.057036151767 xtb: 6.7.1 (edcfbbe)
C           -2.53679802743165       -0.97857211004231        0.36629367016522
C           -1.12469934049997       -0.47941021339441        0.60508304320428
H           -0.95766466916104       -0.42810281351809        1.69394166899455
C           -0.84151163581689        0.89544659825349       -0.01072755867902
H           -1.03960096946496        0.86098408783939       -1.09031382922029
C            0.61702087097518        1.25845855194027        0.22103486869392
H            0.78382714234808        1.37296691426305        1.30454558545613
C            1.53338128230290        0.16155898661296       -0.30236443540374
H            1.41934743385735        0.08593453265943       -1.39686670326563
C            1.14270587632391       -1.18137624680550        0.31002051747683
H            1.29642242273234       -1.17113508260810        1.39934877830537
O           -0.23261535733099       -1.44831707884368        0.01970585064439
O            1.90296541223554       -2.24695520242518       -0.19253928857576
O            2.89574003226141        0.41273440974201        0.04579268316425
O            0.98096723840191        2.46569568530186       -0.45866253929836
O           -1.63176550615283        1.91422797076952        0.61443777932898
O           -2.88736072400874       -1.03291481489910       -1.02145788842218
H           -3.24409762797186       -0.29438078037939        0.84391213195810
H           -2.64706294485920       -1.96612042268529        0.83432286289956
H            1.91978763153817       -2.17999678573925       -1.15901076952881
H            3.12160510686338        1.28628418159096       -0.30167787060387
H            0.46997681953898        3.18357262557299       -0.06089405408040
H           -2.50585585516960        1.90983373030926        0.20415747803813
H           -2.29153584932282       -1.66449283730842       -1.44566727067911
24
 energy: -43.388298735158 gnorm: 0.029119701604 xtb: 6.7.1 (edcfbbe)
C           -2.53806528829353       -0.97774048755232        0.36366469168625
C           -1.11523635236194       -0.48379366323450        0.60625774792246
H           -0.94114384873800       -0.43076834512761        1.69164793344509
C           -0.84289601580908        0.89864384699601       -0.00694851893426
H           -1.04281725589772        0.86323014821384       -1.08471275353172
C            0.62268505677215        1.26319951706286        0.22296382338458
H            0.78854881232620        1.38363435575444        1.30369331751636
C            1.54050804963630        0.16144297758490       -0.30097732596814
H            1.43071695539345        0.10210875679376       -1.39485266654023
C            1.13979488174468       -1.18597290516714        0.30443049739284
H            1.30293413115587       -1.17246195365704        1.39109844018042
O           -0.23032779583843       -1.44706222817445        0.02745986030710
O            1.88649165794882       -2.24794750863434       -0.18385466105895
O            2.89017010244425        0.41301803056831        0.03876946919653
O            0.97684998081014        2.46111710074654       -0.45166779448283
O           -1.62797299058401        1.90983815729585        0.61008637772289
O           -2.87432748877209       -1.02243300325721       -1.01180070199958
H           -3.24929757308942       -0.29521794132204        0.83301978182298
H           -2.64816980488158       -1.97038580849174        0.81467087673719
H            1.89989695344162       -2.20780733106166       -1.15307812286887
H            3.11581974827988        1.29354835718173       -0.29739020575981
H            0.45151539548432        3.18081733621337       -0.07367914887799
H           -2.50789530376178        1.90702210284093        0.21076509816397
H           -2.28460324522150       -1.66010562536602       -1.43715130488371
24
 energy: -43.389212146751 gnorm: 0.005347626067 xtb: 6.7.1 (edcfbbe)
C           -2.53626802323241       -0.98021851929581        0.35578739446940
C           -1.10579604004480       -0.48705417475121        0.61151194648265
H           -0.93084154464281       -0.43121935987827        1.69596513902134
C           -0.84549006685968        0.90258479357587       -0.00099360028668
H           -1.04029919790348        0.86094992685108       -1.07941362912756
C            0.62680348514005        1.27105545103529        0.22425389212601
H            0.79103748030029        1.38867020741058        1.30510834989893
C            1.54709585411389        0.16471060651031       -0.30179135476384
H            1.43377696603734        0.11674630634692       -1.39612673892083
C            1.13729440329944       -1.18841427174930        0.29927528859470
H            1.31135930395444       -1.16523036458306        1.38599133302296
O           -0.22852187275567       -1.44003553523399        0.03431416930715
O            1.87017794640574       -2.24598089208768       -0.17863132767555
O            2.88459472735539        0.40988669766309        0.03624222197908
O            0.97602343756940        2.45728093021723       -0.44717192722557
O           -1.62286225600434        1.90638376913909        0.60876050593182
O           -2.85742169945593       -1.01068583562164       -1.00995240364130
H           -3.24594971435261       -0.29947119041222        0.82604893104746
H           -2.64208079551544       -1.97483890183438        0.80081681068662
H            1.86699246415111       -2.24603426388496       -1.15129787545506
H            3.11508287485658        1.29835261427505       -0.28126267544428
H            0.42697118880678        3.17900883862916       -0.10237017246737
H           -2.51206666241909        1.90328041143538        0.22817920428258
H           -2.27643349661558       -1.65380335755008       -1.44082877127008
24
 energy: -43.389317339852 gnorm: 0.004677686077 xtb: 6.7.1 (edcfbbe)
C           -2.53500560888710       -0.98132088600574        0.35269352119123
C           -1.10450993831269       -0.48648286706494        0.61350600341563
H           -0.93345436209612       -0.43001915232266        1.69900710476485
C           -0.84534373535822        0.90414054355379        0.00158334960318
H           -1.03850851674035        0.85840955148080       -1.07766445670531
C            0.62789708050708        1.27351226149946        0.22424060875643
H            0.79295236341955        1.38840137729208        1.30624179430429
C            1.54890027238431        0.16682707812305       -0.30290711055378
H            1.43206495590773        0.11880494937992       -1.39760471169134
C            1.13860939295123       -1.18793102793761        0.29871665468375
H            1.31502615448622       -1.16031822686432        1.38603657206097
O           -0.22765276266374       -1.43748653433072        0.03621819190923
O            1.86922891633844       -2.24672900205411       -0.17845258858881
O            2.88589976416109        0.40940840242510        0.03682660983866
O            0.97586284884713        2.45847917490067       -0.44793839443907
O           -1.62077938674616        1.90807894865253        0.61040029488594
O           -2.85177555339448       -1.00621730931662       -1.01352582235428
H           -3.24518503493017       -0.30321666894986        0.82684042760996
H           -2.63878706472590       -1.97706321670530        0.79712199049132
H            1.85096202701708       -2.26263028113316       -1.15102589864304
H            3.11842536573417        1.29979419639772       -0.27326183335787
H            0.41547309638499        3.17811144625433       -0.11695527379037
H           -2.51417818286766        1.90074482167179        0.23944580860494
H           -2.27294332922780       -1.64937369273973       -1.44712813142398
24
 energy: -43.389422819211 gnorm: 0.004914406454 xtb: 6.7.1 (edcfbbe)
C           -2.53227401975254       -0.98230402824161        0.34752034418907
C           -1.10300875810774       -0.48482260423324        0.61633659898017
H           -0.93908790677883       -0.42855944951917        1.70371636584598
C           -0.84341584071885        0.90604260496377        0.00486055012817
H           -1.03621942666895        0.85581101140641       -1.07535936893247
C            0.63027437706051        1.27612732370375        0.22389890699689
H            0.79773817242152        1.38838913387392        1.30732087353438
C            1.55210502438232        0.17001921860617       -0.30493810603762
H            1.43236185944307        0.12084794036393       -1.40007566351317
C            1.14172655720782       -1.18581016954962        0.29980516697720
H            1.32128660118161       -1.15329642878380        1.38745022477084
O           -0.22544412037411       -1.43423322373439        0.03969639273090
O            1.87076975689654       -2.24669759611982       -0.17714977918490
O            2.88947616185909        0.41002156521600        0.03729011426790
O            0.97580988168754        2.46127933081293       -0.44873396144767
O           -1.61532053387892        1.91200032161264        0.61294570955877
O           -2.84533025555402       -0.99780883588903       -1.01981123701053
H           -3.24501877602447       -0.31051744400405        0.82832483015087
H           -2.63289631947332       -1.98103586605905        0.78809529968736
H            1.81975127343388       -2.28947375464768       -1.14813483597580
H            3.12389242311673        1.30319483376106       -0.26117803291275
H            0.39276646155343        3.17391324118639       -0.14217370785906
H           -2.51660209755173        1.89350656759045        0.26101388300364
H           -2.27016173317198       -1.64066980610950       -1.45830585737563
24
 energy: -43.389476486968 gnorm: 0.004277961196 xtb: 6.7.1 (edcfbbe)
C           -2.53014354856258       -0.98233835038581        0.34438270222871
C           -1.10208815709549       -0.48366215393166        0.61715171477064
H           -0.94188150507083       -0.42799455945666        1.70526692382282
C           -0.84111932429855        0.90679063282257        0.00606994444848
H           -1.03534662244783        0.85617115325466       -1.07425143841087
C            0.63223886891444        1.27687453485076        0.22333697668164
H            0.80141939583431        1.38930182592205        1.30695403941571
C            1.55440688704274        0.17150822912166       -0.30561489530141
H            1.43539732353057        0.12108014723064       -1.40071940169705
C            1.14421954147981       -1.18401132942526        0.30153056317302
H            1.32542722923008       -1.15002821037902        1.38867491838669
O           -0.22308906645622       -1.43315919103871        0.04210639702941
O            1.87336790356338       -2.24588889226571       -0.17512631883153
O            2.89221849503839        0.41139665850478        0.03713129146492
O            0.97556903878828        2.46340590346281       -0.44875563090421
O           -1.61056919810130        1.91488002763967        0.61399259425245
O           -2.84338745346529       -0.99062352329161       -1.02323680937211
H           -3.24514183695294       -0.31557063110478        0.82925999225821
H           -2.62862739445118       -1.98386286415371        0.77961524623327
H            1.79709217904955       -2.30583543984236       -1.14329473050007
H            3.12598856389807        1.30640028234723       -0.25491891466694
H            0.37580602581571        3.16866114796804       -0.15846225118861
H           -2.51734742239388        1.88594751051352        0.27671627069163
H           -2.27123116070065       -1.63351902215663       -1.46539447341224
24
 energy: -43.389523596016 gnorm: 0.002238931134 xtb: 6.7.1 (edcfbbe)
C           -2.52761653083914       -0.98185727716913        0.34160651129338
C           -1.10092312431400       -0.48256646099187        0.61693493388942
H           -0.94270032209781       -0.42751988460205        1.70512364158756
C           -0.83803441823187        0.90694656591408        0.00602546231369
H           -1.03480324126369        0.85854471011718       -1.07395949735314
C            0.63449723722403        1.27674977234673        0.22255467083979
H            0.80490010408436        1.39111055261195        1.30568537372497
C            1.55695892883084        0.17236999921484       -0.30550986893888
H            1.44086193137020        0.12031896799930       -1.40035209454700
C            1.14707376873025       -1.18189231386850        0.30411718903013
H            1.32956291855255       -1.14760688891412        1.39027969977492
O           -0.21961055098072       -1.43298204604050        0.04453817910135
O            1.87703800311594       -2.24442519252951       -0.17191722708747
O            2.89509135894164        0.41378003899289        0.03689220044266
O            0.97518856215561        2.46543463159173       -0.44850468489953
O           -1.60537523970669        1.91731109540917        0.61419121150527
O           -2.84373608672295       -0.98080419792123       -1.02575633917422
H           -3.24481776451295       -0.32097183241012        0.83098009531225
H           -2.62357163519853       -1.98705590967628        0.76829707619310
H            1.77253742622846       -2.32131640485459       -1.13508664590632
H            3.12600287921623        1.31077122562254       -0.25044455983474
H            0.35780198433765        3.16072892404020       -0.17435069516292
H           -2.51757265453303        1.87475148104502        0.29369890452084
H           -2.27557477219777       -1.62389566972128       -1.47262882605257
24
 energy: -43.389535079415 gnorm: 0.000879735472 xtb: 6.7.1 (edcfbbe)
C           -2.52653762969911       -0.98164531769388        0.34102984226507
C           -1.10009856090084       -0.48248805465308        0.61625922454707
H           -0.94114735381854       -0.42727805421613        1.70403384803237
C           -0.83682330263640        0.90659921254455        0.00519618534865
H           -1.03446992451949        0.86011643186757       -1.07451195653669
C            0.63531105728472        1.27647807671157        0.22232561745710
H            0.80519268667485        1.39226936364826        1.30501110858583
C            1.55806898498721        0.17240237296670       -0.30484305115295
H            1.44369017642616        0.11980495631645       -1.39955349397806
C            1.14824636229652       -1.18108558928277        0.30529708312260
H            1.33102099871580       -1.14671053512575        1.39109399987741
O           -0.21760814213486       -1.43340226701297        0.04532428584677
O            1.87863622362101       -2.24369845266798       -0.17001317442692
O            2.89593441637246        0.41533116000355        0.03724877695499
O            0.97528011851628        2.46583420830583       -0.44833383244398
O           -1.60424006148914        1.91717553866696        0.61360177344949
O           -2.84525428598580       -0.97509780278253       -1.02579132580539
H           -3.24392249875292       -0.32336033320584        0.83307798118106
H           -2.62119685895571       -1.98873059132988        0.76253003524555
H            1.76333383731363       -2.32717908078412       -1.13048149638689
H            3.12457957985449        1.31296110261518       -0.25040779405958
H            0.35208051249947        3.15703328333834       -0.17935807795175
H           -2.51770572453488        1.86858450400985        0.29927305307861
H           -2.27919184894632       -1.61799024603340       -1.47559390167786
24
 energy: -43.389538600573 gnorm: 0.000687631469 xtb: 6.7.1 (edcfbbe)
C           -2.52562190318988       -0.98182590356987        0.34090932985284
C           -1.09905635195250       -0.48275364972932        0.61564030324088
H           -0.93912877333789       -0.42691071903576        1.70306883178882
C           -0.83624585806468        0.90617086884665        0.00416009923109
H           -1.03382441253923        0.86058094664566       -1.07543037047956
C            0.63567271638086        1.27659586619308        0.22226429014801
H            0.80432331199945        1.39331160767865        1.30476337876743
C            1.55904784288281        0.17255842042951       -0.30395048107330
H            1.44555636024018        0.11977990041606       -1.39867137097212
C            1.14926596401027       -1.18059307985095        0.30620869243401
H            1.33211037277190       -1.14555273857501        1.39202679295865
O           -0.21573701603065       -1.43378258078387        0.04580147877891
O            1.88007881836466       -2.24321149698193       -0.16805968397392
O            2.89635485525311        0.41694103894303        0.03846408136942
O            0.97573480651152        2.46586505075255       -0.44845543406161
O           -1.60453390692781        1.91628225429367        0.61249720207864
O           -2.84712258316813       -0.96898136592833       -1.02525176532333
H           -3.24244042838999       -0.32608661471594        0.83685435723205
H           -2.61878054917854       -1.99084097360363        0.75727279951319
H            1.75656167163891       -2.33324031545456       -1.12693585228931
H            3.12338552267543        1.31447490782527       -0.25162290625332
H            0.34937276403666        3.15526166693603       -0.18263545173087
H           -2.51881203517884        1.86280210901023        0.30230713835823
H           -2.28298242661903       -1.61092131353477       -1.47881074902227
24
 energy: -43.389540839435 gnorm: 0.000889141720 xtb: 6.7.1 (edcfbbe)
C           -2.52546409325002       -0.98231340825920        0.34156657838559
C           -1.09873104573301       -0.48311005600118        0.61528232714418
H           -0.93821675621458       -0.42674016102245        1.70263929357484
C           -0.83655535202721        0.90578716567242        0.00337214349334
H           -1.03341274068591        0.85976392970570       -1.07629264714239
C            0.63522316869362        1.27679306914752        0.22216224867493
H            0.80311559568408        1.39379009005434        1.30472408368694
C            1.55913538987426        0.17257871383889       -0.30328613176457
H            1.44570637158743        0.11975033529904       -1.39808647567000
C            1.14939106593313       -1.18074179383239        0.30657111462194
H            1.33163923963705       -1.14558501553959        1.39266958749616
O           -0.21530614875357       -1.43400550898439        0.04539178653632
O            1.88071382529250       -2.24321229682688       -0.16739979537217
O            2.89617841653390        0.41765498439005        0.03980135739404
O            0.97585101342000        2.46553758182896       -0.44922715344156
O           -1.60602076017863        1.91540671241207        0.61118946499446
O           -2.84922769641422       -0.96607414832547       -1.02412780922953
H           -3.24149248099029       -0.32801394839577        0.84059784720007
H           -2.61748907305325       -1.99232949404685        0.75555994506904
H            1.75812276791378       -2.33347454684861       -1.12571842678516
H            3.12335832231298        1.31406295008527       -0.25395499808584
H            0.35240948080822        3.15636216901796       -0.18123815265601
H           -2.51994768601818        1.86078802357068        0.30050236693099
H           -2.28580206218348       -1.60675146073363       -1.48028384448305
24
 energy: -43.389543317702 gnorm: 0.000588880171 xtb: 6.7.1 (edcfbbe)
C           -2.52500734429488       -0.98341158307662        0.34216661207830
C           -1.09810430871952       -0.48366279832714        0.61501700582234
H           -0.93758840377884       -0.42653825283699        1.70246037413763
C           -0.83686327856431        0.90526911047645        0.00244617065036
H           -1.03234902756188        0.85799708021196       -1.07747314977357
C            0.63464923312771        1.27745678977962        0.22206348127732
H            0.80166692811135        1.39477599880065        1.30482840118476
C            1.55960216503137        0.17316644951943       -0.30243898306094
H            1.44635224968710        0.12014293242910       -1.39734217584914
C            1.14998864831889       -1.18052075594231        0.30735849501455
H            1.33167443069382       -1.14468909189622        1.39376592705652
O           -0.21441076444843       -1.43413086763788        0.04540380750948
O            1.88239616293137       -2.24260615239909       -0.16581643483353
O            2.89614880187116        0.41892666116020        0.04200541864292
O            0.97594004665429        2.46528095571231       -0.45028779223816
O           -1.60798392208642        1.91426521522111        0.60884323979548
O           -2.85252210796487       -0.96067108736509       -1.02252203110443
H           -3.24023359353353       -0.33249114032523        0.84699505855148
H           -2.61452554442873       -1.99553352163945        0.75169021305218
H            1.75675735130002       -2.33714144951736       -1.12406035617167
H            3.12468453601398        1.31330681685495       -0.25720066654625
H            0.35570561804229        3.15871080189403       -0.18008888244394
H           -2.52201329089945        1.85725098474742        0.29825187091549
H           -2.29078582331388       -1.59922920963738       -1.48365089309466
24
 energy: -43.389544307237 gnorm: 0.000235288105 xtb: 6.7.1 (edcfbbe)
C           -2.52485939904241       -0.98389497833977        0.34249909710836
C           -1.09804446362119       -0.48387007030450        0.61492880067980
H           -0.93764808932912       -0.42680080070110        1.70238680885428
C           -0.83682920549837        0.90494891742679        0.00216681859006
H           -1.03209000837898        0.85737759177415       -1.07782422787047
C            0.63446599173994        1.27754440909601        0.22172671852092
H            0.80168395245070        1.39543448532782        1.30439718191313
C            1.55974927553853        0.17334858432940       -0.30218049237738
H            1.44724956580010        0.11999113620282       -1.39703663515884
C            1.15022226376072       -1.18034256267947        0.30776059233145
H            1.33155091622136       -1.14463133481865        1.39406055458664
O           -0.21417636444200       -1.43425668093123        0.04541229422578
O            1.88305986949267       -2.24225032185078       -0.16532292011070
O            2.89619773576941        0.41912847238502        0.04278933218466
O            0.97527471408198        2.46523864815671       -0.45114092973155
O           -1.60838601910835        1.91394752216624        0.60791096582329
O           -2.85442633201659       -0.95851979280327       -1.02160739764134
H           -3.24004731471475       -0.33471442199079        0.84955400136480
H           -2.61303021545563       -1.99698406342763        0.75008665630358
H            1.75684425402468       -2.33705012361036       -1.12312104937980
H            3.12590384749823        1.31270328624519       -0.25772912596033
H            0.35652766385551        3.15947513451213       -0.17935185976202
H           -2.52223505954367        1.85658604926657        0.29691273127798
H           -2.29377881689417       -1.59648519922484       -1.48486320519976
24
 energy: -43.389544779902 gnorm: 0.000202329158 xtb: 6.7.1 (edcfbbe)
C           -2.52470203646457       -0.98438608355590        0.34274307588644
C           -1.09794735440602       -0.48409868877894        0.61495581031295
H           -0.93760001047636       -0.42696938587261        1.70239579610092
C           -0.83681944582051        0.90458427668515        0.00197480723567
H           -1.03206118351275        0.85674354759345       -1.07803090254812
C            0.63437016917789        1.27758794084881        0.22121193437882
H            0.80189808094328        1.39612542237434        1.30374314917646
C            1.55995873251739        0.17353980938159       -0.30214891731025
H            1.44824656987941        0.11988221697326       -1.39700423582103
C            1.15057322897684       -1.18004280176375        0.30806007772729
H            1.33181619130309       -1.14408208429198        1.39425570051765
O           -0.21382603929336       -1.43446250005301        0.04567718094713
O            1.88359626934513       -2.24192791346694       -0.16486665898459
O            2.89626346817191        0.41923642513350        0.04353083814624
O            0.97434587221801        2.46521774365539       -0.45228227619434
O           -1.60857438474334        1.91365663868783        0.60732749152548
O           -2.85585548424790       -0.95644248487970       -1.02088513882931
H           -3.23986486029820       -0.33679977327648        0.85177453621362
H           -2.61166136405110       -1.99836854127900        0.74835089114473
H            1.75594976437990       -2.33748048789070       -1.12240921505155
H            3.12701601266616        1.31243928588280       -0.25709341646151
H            0.35690285881131        3.15975172156198       -0.17867865392836
H           -2.52224886820104        1.85643245127350        0.29582911835000
H           -2.29659742468659       -1.59421284873612       -1.48601628196180
24
 energy: -43.389544646572 gnorm: 0.000420768305 xtb: 6.7.1 (edcfbbe)
C           -2.52454670467882       -0.98487266032105        0.34298436356086
C           -1.09785227576078       -0.48432489020022        0.61498223174656
H           -0.93755444997132       -0.42713679025212        1.70240442963661
C           -0.83681009611262        0.90422345853335        0.00178502862320
H           -1.03203236337178        0.85611521521727       -1.07823559990798
C            0.63427441863314        1.27763080137469        0.22070187513806
H            0.80211253364306        1.39680872107393        1.30309481903005
C            1.56016473053701        0.17372985506109       -0.30211912018040
H            1.44923246257174        0.11977339852334       -1.39697304520748
C            1.15092074010847       -1.17974439957205        0.30835753265940
H            1.33207814875084       -1.14353629740897        1.39444914768481
O           -0.21347966577955       -1.43466646264181        0.04593999415402
O            1.88412824375163       -2.24160698058946       -0.16441329923944
O            2.89632792581025        0.41934295571709        0.04426237953459
O            0.97342243897837        2.46519832096846       -0.45341165973146
O           -1.60876132015156        1.91337020283399        0.60674741885145
O           -2.85727119443619       -0.95438915106097       -1.02016996898713
H           -3.23968646068101       -0.33886553680687        0.85397070194289
H           -2.61030560365121       -1.99973935684672        0.74663367457120
H            1.75506399569778       -2.33790506680436       -1.12170308293591
H            3.12812060417157        1.31217543996513       -0.25646869783745
H            0.35728171575142        3.16002712938056       -0.17800203240245
H           -2.52226266936793        1.85628084807197        0.29475450883979
H           -2.29938639225393       -1.59196486800981       -1.48715688897124
24
 energy: -43.389544933230 gnorm: 0.000216667809 xtb: 6.7.1 (edcfbbe)
C           -2.52457422936884       -0.98464519348291        0.34288335572299
C           -1.09780001540335       -0.48424721611542        0.61504621486795
H           -0.93741306916828       -0.42705980033645        1.70246871423260
C           -0.83677556103557        0.90435323224695        0.00188315239901
H           -1.03213477809097        0.85641762907005       -1.07808618189620
C            0.63442940697974        1.27761360383316        0.22089389128742
H            0.80193565555020        1.39662661920403        1.30334861409659
C            1.56022263781191        0.17358590565382       -0.30206634132776
H            1.44902950746514        0.11992946978222       -1.39696437670744
C            1.15077227269928       -1.17999393817662        0.30813361771942
H            1.33210112406292       -1.14389636255529        1.39429653102792
O           -0.21358898807870       -1.43455621295205        0.04584578426131
O            1.88373619553350       -2.24188136291929       -0.16477018429068
O            2.89636647985177        0.41924757646396        0.04411679369468
O            0.97403331502827        2.46511073690220       -0.45304218022801
O           -1.60853309215648        1.91338770696406        0.60723579755348
O           -2.85654806955306       -0.95494806829056       -1.02046903648862
H           -3.23962118178961       -0.33793341940409        0.85315981803544
H           -2.61091300554725       -1.99917517665337        0.74717079589290
H            1.75533691643055       -2.33778252905502       -1.12208529872506
H            3.12742163045331        1.31252109427569       -0.25600032381485
H            0.35624368654858        3.15963497901396       -0.17927142713833
H           -2.52214858008079        1.85646483729968        0.29542269582145
H           -2.29839949595369       -1.59285022456224       -1.48673571542367
24
 energy: -43.389545002858 gnorm: 0.000054208692 xtb: 6.7.1 (edcfbbe)
C           -2.52453496523571       -0.98456346215494        0.34285930140441
C           -1.09773549580194       -0.48425987724860        0.61505062472247
H           -0.93732800062900       -0.42703541098497        1.70247047333393
C           -0.83679863974289        0.90436186983809        0.00192328705900
H           -1.03228139844420        0.85650376789843       -1.07800218439755
C            0.63442726841206        1.27758017192326        0.22088262138691
H            0.80188781970036        1.39662727242560        1.30335061841080
C            1.56024985186404        0.17352009359909       -0.30204993753092
H            1.44901954258032        0.11989971725292       -1.39697460692155
C            1.15079938035526       -1.18009504830819        0.30807689170679
H            1.33220167665766       -1.14403214214254        1.39427959689644
O           -0.21353081793780       -1.43458849122727        0.04583205663080
O            1.88379427312822       -2.24199243461528       -0.16486307381654
O            2.89638227429521        0.41934710965545        0.04416557456897
O            0.97410413007054        2.46502621339019       -0.45314232979787
O           -1.60849332151173        1.91338403049329        0.60748564341849
O           -2.85636069292715       -0.95493167115721       -1.02058345301289
H           -3.23950146380213       -0.33766289894596        0.85304678069647
H           -2.61107497121867       -1.99902269481365        0.74723870664880
H            1.75528418328217       -2.33801489530036       -1.12225595266461
H            3.12688876382343        1.31290854140754       -0.25554257938555
H            0.35614220047613        3.15936893902906       -0.17971182214708
H           -2.52209494917626        1.85657029385369        0.29558429259752
H           -2.29826788602934       -1.59297510766118       -1.48670581923472
