2025-04-03 21:44:07,892 -     censo.parallel     -  DEBUG   - Free cores decreased 4 -> 3.
2025-04-03 21:44:07,897 -     censo.parallel     -  DEBUG   - Free cores decreased 3 -> 2.
2025-04-03 21:44:07,898 -   censo.qm_processor   -  DEBUG   - worker2166274:Running on 1 cores.
2025-04-03 21:44:07,898 -     censo.parallel     -  DEBUG   - Free cores decreased 2 -> 1.
2025-04-03 21:44:07,898 -   censo.qm_processor   -  DEBUG   - worker2166275:Running on 1 cores.
2025-04-03 21:44:07,899 -     censo.parallel     -  DEBUG   - Free cores decreased 1 -> 0.
2025-04-03 21:44:07,899 -   censo.qm_processor   -  DEBUG   - worker2166280:Running on 1 cores.
2025-04-03 21:44:07,899 -   censo.qm_processor   -  DEBUG   - worker2166277:Running on 1 cores.
2025-04-03 21:44:07,957 -   censo.qm_processor   -   INFO   - worker2166280:Running xtb_gsolv calculation in /srv/scratch/z5358697/.automated/4095/0_PRESCREENING/CONF3/xtb_gsolv.
2025-04-03 21:44:07,974 -   censo.qm_processor   -  DEBUG   - worker2166280:Running ['/srv/scratch/z5358697/.xtb/bin/xtb', 'gas.coord', '--gfn2', '--sp', '--chrg', '0', '--norestart', '--parallel', '1']...
2025-04-03 21:44:07,977 -   censo.qm_processor   -   INFO   - worker2166275:Running xtb_gsolv calculation in /srv/scratch/z5358697/.automated/4095/0_PRESCREENING/CONF2/xtb_gsolv.
2025-04-03 21:44:07,984 -   censo.qm_processor   -  DEBUG   - worker2166280:Started (PID: 2166288).
2025-04-03 21:44:07,986 -   censo.qm_processor   -   INFO   - worker2166274:Running xtb_gsolv calculation in /srv/scratch/z5358697/.automated/4095/0_PRESCREENING/CONF1/xtb_gsolv.
2025-04-03 21:44:08,001 -   censo.qm_processor   -   INFO   - worker2166277:Running xtb_gsolv calculation in /srv/scratch/z5358697/.automated/4095/0_PRESCREENING/CONF4/xtb_gsolv.
2025-04-03 21:44:08,004 -   censo.qm_processor   -  DEBUG   - worker2166274:Running ['/srv/scratch/z5358697/.xtb/bin/xtb', 'gas.coord', '--gfn2', '--sp', '--chrg', '0', '--norestart', '--parallel', '1']...
2025-04-03 21:44:08,010 -   censo.qm_processor   -  DEBUG   - worker2166274:Started (PID: 2166289).
2025-04-03 21:44:08,018 -   censo.qm_processor   -  DEBUG   - worker2166277:Running ['/srv/scratch/z5358697/.xtb/bin/xtb', 'gas.coord', '--gfn2', '--sp', '--chrg', '0', '--norestart', '--parallel', '1']...
2025-04-03 21:44:08,022 -   censo.qm_processor   -  DEBUG   - worker2166277:Started (PID: 2166290).
2025-04-03 21:44:08,022 -   censo.qm_processor   -  DEBUG   - worker2166275:Running ['/srv/scratch/z5358697/.xtb/bin/xtb', 'gas.coord', '--gfn2', '--sp', '--chrg', '0', '--norestart', '--parallel', '1']...
2025-04-03 21:44:08,030 -   censo.qm_processor   -  DEBUG   - worker2166275:Started (PID: 2166291).
2025-04-03 21:44:08,038 -   censo.qm_processor   -  DEBUG   - worker2166280:Done.
2025-04-03 21:44:08,063 -   censo.qm_processor   -  DEBUG   - worker2166280:Running ['/srv/scratch/z5358697/.xtb/bin/xtb', 'solv.coord', '--gfn2', '--sp', '--chrg', '0', '--norestart', '--parallel', '1', '--alpb', 'water', 'reference', '-I', 'xtb_sp-xcontrol-inp']...
2025-04-03 21:44:08,064 -   censo.qm_processor   -  DEBUG   - worker2166277:Done.
2025-04-03 21:44:08,066 -   censo.qm_processor   -  DEBUG   - worker2166274:Done.
2025-04-03 21:44:08,072 -   censo.qm_processor   -  DEBUG   - worker2166280:Started (PID: 2166292).
2025-04-03 21:44:08,083 -   censo.qm_processor   -  DEBUG   - worker2166275:Done.
2025-04-03 21:44:08,091 -   censo.qm_processor   -  DEBUG   - worker2166277:Running ['/srv/scratch/z5358697/.xtb/bin/xtb', 'solv.coord', '--gfn2', '--sp', '--chrg', '0', '--norestart', '--parallel', '1', '--alpb', 'water', 'reference', '-I', 'xtb_sp-xcontrol-inp']...
2025-04-03 21:44:08,092 -   censo.qm_processor   -  DEBUG   - worker2166274:Running ['/srv/scratch/z5358697/.xtb/bin/xtb', 'solv.coord', '--gfn2', '--sp', '--chrg', '0', '--norestart', '--parallel', '1', '--alpb', 'water', 'reference', '-I', 'xtb_sp-xcontrol-inp']...
2025-04-03 21:44:08,097 -   censo.qm_processor   -  DEBUG   - worker2166277:Started (PID: 2166293).
2025-04-03 21:44:08,097 -   censo.qm_processor   -  DEBUG   - worker2166274:Started (PID: 2166294).
2025-04-03 21:44:08,108 -   censo.qm_processor   -  DEBUG   - worker2166275:Running ['/srv/scratch/z5358697/.xtb/bin/xtb', 'solv.coord', '--gfn2', '--sp', '--chrg', '0', '--norestart', '--parallel', '1', '--alpb', 'water', 'reference', '-I', 'xtb_sp-xcontrol-inp']...
2025-04-03 21:44:08,112 -   censo.qm_processor   -  DEBUG   - worker2166275:Started (PID: 2166295).
2025-04-03 21:44:08,129 -   censo.qm_processor   -  DEBUG   - worker2166280:Done.
2025-04-03 21:44:08,131 -     censo.parallel     -  DEBUG   - Free cores increased 0 -> 1.
2025-04-03 21:44:08,148 -   censo.qm_processor   -  DEBUG   - worker2166274:Done.
2025-04-03 21:44:08,148 -   censo.qm_processor   -  DEBUG   - worker2166277:Done.
2025-04-03 21:44:08,149 -     censo.parallel     -  DEBUG   - Free cores increased 1 -> 2.
2025-04-03 21:44:08,150 -     censo.parallel     -  DEBUG   - Free cores increased 2 -> 3.
2025-04-03 21:44:08,178 -   censo.qm_processor   -  DEBUG   - worker2166275:Done.
2025-04-03 21:44:08,180 -     censo.parallel     -  DEBUG   - Free cores increased 3 -> 4.
2025-04-03 21:44:08,188 -     censo.parallel     -  DEBUG   - Checking for failed jobs...
2025-04-03 21:44:08,188 -     censo.parallel     -   INFO   - All jobs executed successfully.
2025-04-03 21:44:08,194 -     censo.parallel     -  DEBUG   - Free cores decreased 4 -> 3.
2025-04-03 21:44:08,199 -   censo.qm_processor   -  DEBUG   - worker2166315:Running on 1 cores.
2025-04-03 21:44:08,199 -     censo.parallel     -  DEBUG   - Free cores decreased 3 -> 2.
2025-04-03 21:44:08,200 -   censo.qm_processor   -  DEBUG   - worker2166316:Running on 1 cores.
2025-04-03 21:44:08,201 -     censo.parallel     -  DEBUG   - Free cores decreased 2 -> 1.
2025-04-03 21:44:08,201 -     censo.parallel     -  DEBUG   - Free cores decreased 1 -> 0.
2025-04-03 21:44:08,202 -   censo.qm_processor   -  DEBUG   - worker2166318:Running on 1 cores.
2025-04-03 21:44:08,202 -   censo.qm_processor   -  DEBUG   - worker2166321:Running on 1 cores.
2025-04-03 21:44:08,207 -   censo.qm_processor   -   INFO   - worker2166315:Running sp calculation in /srv/scratch/z5358697/.automated/4095/0_PRESCREENING/CONF1/sp.
2025-04-03 21:44:08,215 -   censo.qm_processor   -   INFO   - worker2166316:Running sp calculation in /srv/scratch/z5358697/.automated/4095/0_PRESCREENING/CONF2/sp.
2025-04-03 21:44:08,217 -   censo.qm_processor   -   INFO   - worker2166318:Running sp calculation in /srv/scratch/z5358697/.automated/4095/0_PRESCREENING/CONF3/sp.
2025-04-03 21:44:08,220 -   censo.qm_processor   -   INFO   - worker2166321:Running sp calculation in /srv/scratch/z5358697/.automated/4095/0_PRESCREENING/CONF4/sp.
2025-04-03 21:44:08,221 -   censo.qm_processor   -  DEBUG   - worker2166315:Running ['/apps/z_install_tree/linux-rocky8-ivybridge/gcc-12.2.0/orca-6.0.0-srtngmq3qlimg2qxbl6avaaiffipurdx/bin/orca', 'sp.inp']...
2025-04-03 21:44:08,227 -   censo.qm_processor   -  DEBUG   - worker2166315:Started (PID: 2166329).
2025-04-03 21:44:08,231 -   censo.qm_processor   -  DEBUG   - worker2166318:Running ['/apps/z_install_tree/linux-rocky8-ivybridge/gcc-12.2.0/orca-6.0.0-srtngmq3qlimg2qxbl6avaaiffipurdx/bin/orca', 'sp.inp']...
2025-04-03 21:44:08,235 -   censo.qm_processor   -  DEBUG   - worker2166316:Running ['/apps/z_install_tree/linux-rocky8-ivybridge/gcc-12.2.0/orca-6.0.0-srtngmq3qlimg2qxbl6avaaiffipurdx/bin/orca', 'sp.inp']...
2025-04-03 21:44:08,235 -   censo.qm_processor   -  DEBUG   - worker2166318:Started (PID: 2166330).
2025-04-03 21:44:08,242 -   censo.qm_processor   -  DEBUG   - worker2166321:Running ['/apps/z_install_tree/linux-rocky8-ivybridge/gcc-12.2.0/orca-6.0.0-srtngmq3qlimg2qxbl6avaaiffipurdx/bin/orca', 'sp.inp']...
2025-04-03 21:44:08,246 -   censo.qm_processor   -  DEBUG   - worker2166321:Started (PID: 2166332).
2025-04-03 21:44:08,251 -   censo.qm_processor   -  DEBUG   - worker2166316:Started (PID: 2166331).
2025-04-03 21:44:16,068 -   censo.qm_processor   -  DEBUG   - worker2166315:Done.
2025-04-03 21:44:16,088 -     censo.parallel     -  DEBUG   - Free cores increased 0 -> 1.
2025-04-03 21:44:16,219 -   censo.qm_processor   -  DEBUG   - worker2166316:Done.
2025-04-03 21:44:16,224 -     censo.parallel     -  DEBUG   - Free cores increased 1 -> 2.
2025-04-03 21:44:16,251 -   censo.qm_processor   -  DEBUG   - worker2166321:Done.
2025-04-03 21:44:16,256 -     censo.parallel     -  DEBUG   - Free cores increased 2 -> 3.
2025-04-03 21:44:16,259 -   censo.qm_processor   -  DEBUG   - worker2166318:Done.
2025-04-03 21:44:16,264 -     censo.parallel     -  DEBUG   - Free cores increased 3 -> 4.
2025-04-03 21:44:16,279 -     censo.parallel     -  DEBUG   - Checking for failed jobs...
2025-04-03 21:44:16,280 -     censo.parallel     -   INFO   - All jobs executed successfully.
2025-04-03 21:44:16,280 -   censo.ensembledata   -  DEBUG   - Removed CONF2.
2025-04-03 21:44:16,280 -   censo.ensembledata   -  DEBUG   - Removed CONF3.
2025-04-03 21:44:16,280 -   censo.ensembledata   -  DEBUG   - Removed CONF4.
2025-04-03 21:44:16,280 -censo.ensembleopt.prescreening-  DEBUG   - Writing to /srv/scratch/z5358697/.automated/4095/0_PRESCREENING.out.
2025-04-03 21:44:16,331 -     censo.parallel     -  DEBUG   - Free cores decreased 4 -> 3.
2025-04-03 21:44:16,337 -   censo.qm_processor   -  DEBUG   - worker2166467:Running on 1 cores.
2025-04-03 21:44:16,378 -   censo.qm_processor   -   INFO   - worker2166467:Running gsolv calculation in /srv/scratch/z5358697/.automated/4095/1_SCREENING/CONF1/gsolv.
2025-04-03 21:44:16,389 -  censo.orca_processor  -  DEBUG   - worker2166467:Copying .gbw file from /srv/scratch/z5358697/.automated/4095/0_PRESCREENING/CONF1/sp/sp.gbw.
2025-04-03 21:44:16,471 -   censo.qm_processor   -  DEBUG   - worker2166467:Running ['/apps/z_install_tree/linux-rocky8-ivybridge/gcc-12.2.0/orca-6.0.0-srtngmq3qlimg2qxbl6avaaiffipurdx/bin/orca', 'sp_gas.inp']...
2025-04-03 21:44:16,476 -   censo.qm_processor   -  DEBUG   - worker2166467:Started (PID: 2166482).
2025-04-03 21:44:39,618 -   censo.qm_processor   -  DEBUG   - worker2166467:Done.
2025-04-03 21:44:39,636 -  censo.orca_processor  -  DEBUG   - worker2166467:Copying .gbw file from /srv/scratch/z5358697/.automated/4095/0_PRESCREENING/CONF1/sp/sp.gbw.
2025-04-03 21:44:39,662 -   censo.qm_processor   -  DEBUG   - worker2166467:Running ['/apps/z_install_tree/linux-rocky8-ivybridge/gcc-12.2.0/orca-6.0.0-srtngmq3qlimg2qxbl6avaaiffipurdx/bin/orca', 'sp_solv.inp']...
2025-04-03 21:44:39,665 -   censo.qm_processor   -  DEBUG   - worker2166467:Started (PID: 2166534).
2025-04-03 21:45:10,184 -   censo.qm_processor   -  DEBUG   - worker2166467:Done.
2025-04-03 21:45:10,191 -     censo.parallel     -  DEBUG   - Free cores increased 3 -> 4.
2025-04-03 21:45:10,200 -     censo.parallel     -  DEBUG   - Checking for failed jobs...
2025-04-03 21:45:10,200 -     censo.parallel     -   INFO   - All jobs executed successfully.
2025-04-03 21:45:10,240 -     censo.parallel     -  DEBUG   - Free cores decreased 4 -> 3.
2025-04-03 21:45:10,247 -   censo.qm_processor   -  DEBUG   - worker2167118:Running on 1 cores.
2025-04-03 21:45:10,262 -   censo.qm_processor   -   INFO   - worker2167118:Running xtb_opt calculation in /srv/scratch/z5358697/.automated/4095/2_OPTIMIZATION/CONF1/xtb_opt.
2025-04-03 21:45:10,311 -  censo.orca_processor  -  DEBUG   - worker2167118:Copying .gbw file from /srv/scratch/z5358697/.automated/4095/1_SCREENING/CONF1/gsolv/sp_solv.gbw.
2025-04-03 21:45:10,338 -   censo.qm_processor   -  DEBUG   - worker2167118:Running ['/srv/scratch/z5358697/.xtb/bin/xtb', 'xtb_opt.coord', '--opt', 'normal', '--orca', '-I', 'xtb_opt-xcontrol-inp']...
2025-04-03 21:45:10,345 -   censo.qm_processor   -  DEBUG   - worker2167118:Started (PID: 2167132).
2025-04-03 21:48:50,436 -   censo.qm_processor   -  DEBUG   - worker2167118:Done.
2025-04-03 21:48:50,449 -     censo.parallel     -  DEBUG   - Free cores increased 3 -> 4.
2025-04-03 21:48:50,456 -     censo.parallel     -  DEBUG   - Checking for failed jobs...
2025-04-03 21:48:50,456 -     censo.parallel     -   INFO   - All jobs executed successfully.
2025-04-03 21:48:50,462 -     censo.parallel     -  DEBUG   - Free cores decreased 4 -> 3.
2025-04-03 21:48:50,467 -   censo.qm_processor   -  DEBUG   - worker2169712:Running on 1 cores.
2025-04-03 21:48:50,482 -   censo.qm_processor   -   INFO   - worker2169712:Running xtb_rrho calculation in /srv/scratch/z5358697/.automated/4095/2_OPTIMIZATION/CONF1/xtb_rrho.
2025-04-03 21:48:50,505 -   censo.qm_processor   -  DEBUG   - worker2169712:Running ['/srv/scratch/z5358697/.xtb/bin/xtb', 'xtb_rrho.coord', '--gfn2', '--ohess', 'vtight', '--chrg', '0', '--enso', '--norestart', '-I', 'rrho-xcontrol-inp', '--parallel', '1', '--alpb', 'water']...
2025-04-03 21:48:50,511 -   censo.qm_processor   -  DEBUG   - worker2169712:Started (PID: 2169726).
2025-04-03 21:48:51,476 -   censo.qm_processor   -  DEBUG   - worker2169712:Done.
2025-04-03 21:48:51,479 -     censo.parallel     -  DEBUG   - Free cores increased 3 -> 4.
2025-04-03 21:48:51,486 -     censo.parallel     -  DEBUG   - Checking for failed jobs...
2025-04-03 21:48:51,486 -     censo.parallel     -   INFO   - All jobs executed successfully.
2025-04-03 21:48:51,486 -censo.ensembleopt.optimization-  DEBUG   - Writing to /srv/scratch/z5358697/.automated/4095/2_OPTIMIZATION.out.
2025-04-03 21:48:51,498 -censo.ensembleopt.optimization-  DEBUG   - Writing to /srv/scratch/z5358697/.automated/4095/2_OPTIMIZATION.out.
2025-04-03 21:48:51,531 -     censo.parallel     -  DEBUG   - Free cores decreased 4 -> 3.
2025-04-03 21:48:51,536 -   censo.qm_processor   -  DEBUG   - worker2169747:Running on 1 cores.
2025-04-03 21:48:51,552 -   censo.qm_processor   -   INFO   - worker2169747:Running gsolv calculation in /srv/scratch/z5358697/.automated/4095/3_REFINEMENT/CONF1/gsolv.
2025-04-03 21:48:51,562 -  censo.orca_processor  -  DEBUG   - worker2169747:Copying .gbw file from /srv/scratch/z5358697/.automated/4095/2_OPTIMIZATION/CONF1/xtb_opt/xtb_opt.gbw.
2025-04-03 21:48:51,588 -   censo.qm_processor   -  DEBUG   - worker2169747:Running ['/apps/z_install_tree/linux-rocky8-ivybridge/gcc-12.2.0/orca-6.0.0-srtngmq3qlimg2qxbl6avaaiffipurdx/bin/orca', 'sp_gas.inp']...
2025-04-03 21:48:51,593 -   censo.qm_processor   -  DEBUG   - worker2169747:Started (PID: 2169761).
2025-04-03 21:51:15,564 -   censo.qm_processor   -  DEBUG   - worker2169747:Done.
2025-04-03 21:51:15,587 -  censo.orca_processor  -  DEBUG   - worker2169747:Copying .gbw file from /srv/scratch/z5358697/.automated/4095/2_OPTIMIZATION/CONF1/xtb_opt/xtb_opt.gbw.
2025-04-03 21:51:15,628 -   censo.qm_processor   -  DEBUG   - worker2169747:Running ['/apps/z_install_tree/linux-rocky8-ivybridge/gcc-12.2.0/orca-6.0.0-srtngmq3qlimg2qxbl6avaaiffipurdx/bin/orca', 'sp_solv.inp']...
2025-04-03 21:51:15,631 -   censo.qm_processor   -  DEBUG   - worker2169747:Started (PID: 2171818).
2025-04-03 21:53:47,880 -   censo.qm_processor   -  DEBUG   - worker2169747:Done.
2025-04-03 21:53:47,888 -     censo.parallel     -  DEBUG   - Free cores increased 3 -> 4.
2025-04-03 21:53:47,895 -     censo.parallel     -  DEBUG   - Checking for failed jobs...
2025-04-03 21:53:47,895 -     censo.parallel     -   INFO   - All jobs executed successfully.
2025-04-03 21:53:47,895 -censo.ensembleopt.refinement-  DEBUG   - Writing to /srv/scratch/z5358697/.automated/4095/3_REFINEMENT.out.
