----------------------------------------------- 
  Element       SASA      Sigma Z        Total  
     Z         Ang**2 cal/Ang**2/mol   kcal/mol 
----------------------------------------------- 
      H        118.596      48.690       5.774
      C         63.843     129.740       8.283
      O         18.391       0.000       0.000

 Subtotal:     200.830                  14.057
 -----------------------------------------------

  Elements    COT*SASA   Sigma Z,Z'     Total   
    Z,Z'       Ang**2  cal/Ang**2/mol kcal/mol  
 ---------------------------------------------- 
  H   C         71.902     -60.770      -4.370
  H   O          8.662       0.000       0.000
  C   C         81.193     -72.950      -5.923
  O   C          4.164      68.690       0.286

 Subtotal:                             -10.007
 ---------------------------------------------- 

 NONAQUEOUS SOLVENT CONTRIBUTION (kcal/mol):
 (proportional to SASA, atomic number independent)
 ---------------------------------------------- 
 Subtotal:                               0.000
 ---------------------------------------------- 

 CDS TOTAL (kcal/mol):                   4.051
...............................................................................
