16
 energy: -17.890422466302 gnorm: 0.026465017939 xtb: 6.7.1 (edcfbbe)
C            1.72196452434814        0.95076683347070       -0.00115228304262
C            0.71839611018066       -0.17114207795006       -0.00013904223413
C            1.13377422852827       -1.44984844401214        0.00082223943600
C           -0.71840015579438        0.17112596690541       -0.00015912601424
C           -1.13377917249890        1.44983269255495        0.00073395468088
C           -1.72196865560159       -0.95078301347083       -0.00113384128828
H            1.60085508320591        1.59201203380423       -0.88138590092374
H            2.73957135594973        0.55438430950738       -0.00236264683526
H            1.60295741495884        1.59185656699076        0.87949838983050
H            0.44591206213967       -2.28846368270447        0.00200557412183
H            2.19430099243452       -1.68540209160701        0.00101916324041
H           -2.19430688822523        1.68538378831956        0.00118399959225
H           -0.44591864753394        2.28845006806997        0.00203469783912
H           -1.60117605339846       -1.59172176077547       -0.88163846583330
H           -1.60264235158900       -1.59217864146478        0.87924600349316
H           -2.73957599309098       -0.55440078342435       -0.00183774023211
16
 energy: -17.891387353550 gnorm: 0.007371213427 xtb: 6.7.1 (edcfbbe)
C            1.71598151159331        0.94504198577345       -0.00115033572624
C            0.71521920548855       -0.17374495381578        0.00000885303481
C            1.13354618507705       -1.44112581373068        0.00097025589287
C           -0.71522341588695        0.17372893953184        0.00009623657728
C           -1.13355079617724        1.44110967368916        0.00111751401397
C           -1.71598577553619       -0.94505801391218       -0.00111761441935
H            1.59174955767211        1.57443930386169       -0.88328211634870
H            2.72832475223821        0.54710201771053       -0.00234138825778
H            1.59385997752740        1.57430233715969        0.88138145643053
H            0.45926133120379       -2.27942262838903        0.00176195565768
H            2.18607981188645       -1.67709847574888        0.00087018633058
H           -2.18608496597003        1.67708123733389        0.00088217212021
H           -0.45926702233524        2.27940783124888        0.00175112419901
H           -1.59205292800744       -1.57413145433494       -0.88352792702163
H           -1.59356411996458       -1.57464201581894        0.88113612220336
H           -2.72832945479597       -0.54711820634485       -0.00182151885613
16
 energy: -17.891449241853 gnorm: 0.001922632021 xtb: 6.7.1 (edcfbbe)
C            1.71363690534119        0.94365391392038       -0.00114335877016
C            0.71380804581587       -0.17633999028612       -0.00011275632480
C            1.13336742193924       -1.44113342757128        0.00083987867244
C           -0.71381241971419        0.17632413670841       -0.00016531489030
C           -1.13337194899928        1.44111751041910        0.00074269793451
C           -1.71364129586852       -0.94366984349380       -0.00112377635525
H            1.58700241529271        1.56906388946416       -0.88323212762348
H            2.72479397158037        0.54591447232077       -0.00225951636542
H            1.58897498953720        1.56894792833032        0.88132202759013
H            0.46466758723903       -2.28164603811301        0.00191004389286
H            2.18385454854562       -1.67767962215201        0.00091278827831
H           -2.18385908244870        1.67766275135269        0.00112367587568
H           -0.46467284685522        2.28163017670101        0.00202846456987
H           -1.58726339164618       -1.56885282790641       -0.88341076316845
H           -1.58872231433366       -1.56919077371830        0.88114388529333
H           -2.72479873141222       -0.54593049176207       -0.00184087277880
16
 energy: -17.891454908508 gnorm: 0.000484796026 xtb: 6.7.1 (edcfbbe)
C            1.71350161153116        0.94327065607652       -0.00113267214189
C            0.71324622711206       -0.17782117130191        0.00003303607826
C            1.13330408733523       -1.44233813812729        0.00092291425696
C           -0.71325073955685        0.17780478371304        0.00027066862801
C           -1.13330841013204        1.44232169649424        0.00137714253095
C           -1.71350627005803       -0.94328670313306       -0.00108335620221
H            1.58497040092243        1.56744643570826       -0.88321995305533
H            2.72483762308262        0.54616451506945       -0.00226057261596
H            1.58698927783819        1.56733977307022        0.88132674508154
H            0.46700989727016       -2.28526899210344        0.00161862101654
H            2.18401740876480       -1.67877248120683        0.00078777203507
H           -2.18402197989752        1.67875680367431        0.00066532372654
H           -0.46701394537380        2.28525324806116        0.00155172520477
H           -1.58520890083304       -1.56715720006700       -0.88342865926879
H           -1.58675985692685       -1.56766110196823        0.88111844244240
H           -2.72484257706528       -0.54618035974559       -0.00181220188640
16
 energy: -17.891455121298 gnorm: 0.000242325260 xtb: 6.7.1 (edcfbbe)
C            1.71380551300325        0.94325454988653       -0.00110929315677
C            0.71326008784282       -0.17781640962188       -0.00015157391900
C            1.13321703852748       -1.44247961547088        0.00082534517608
C           -0.71326463588803        0.17780096293362       -0.00048856613878
C           -1.13322169521097        1.44246430358815        0.00022958460932
C           -1.71380993652198       -0.94327038704904       -0.00111292494679
H            1.58543382810478        1.56766887632321       -0.88329741594182
H            2.72524587297433        0.54620795916362       -0.00209372503137
H            1.58720446944125        1.56768517206687        0.88133748066211
H            0.46704456730619       -2.28579111980523        0.00193998912802
H            2.18431085752300       -1.67854152413373        0.00082077947034
H           -2.18431484382613        1.67852460694578        0.00143915899291
H           -0.46704983291755        2.28577418416790        0.00232099263147
H           -1.58560323963684       -1.56765216259760       -0.88333875209090
H           -1.58704363154004       -1.56773357057558        0.88129643947842
H           -2.72525056516833       -0.54622406160789       -0.00188254309279
16
 energy: -17.891455276767 gnorm: 0.000149360380 xtb: 6.7.1 (edcfbbe)
C            1.71384384768162        0.94321390780451       -0.00111450641652
C            0.71327348971349       -0.17776454873449       -0.00009661789836
C            1.13319772406031       -1.44243394059372        0.00072176628535
C           -0.71327808261251        0.17774826144780        0.00014541242550
C           -1.13320217881141        1.44241761787157        0.00119544742994
C           -1.71384851390273       -0.94322988928948       -0.00106312761331
H            1.58554178970010        1.56779391593029       -0.88325449330701
H            2.72525488463820        0.54611205933577       -0.00217228008570
H            1.58743013900054        1.56769128182826        0.88138148332804
H            0.46707854481163       -2.28575003609750        0.00170493242722
H            2.18434700875453       -1.67833408982512        0.00085456383322
H           -2.18435122058823        1.67831833786100        0.00076974128413
H           -0.46708277723035        2.28573390128774        0.00166474262022
H           -1.58573094849595       -1.56755267961614       -0.88341947417862
H           -1.58725007356383       -1.56796445598997        0.88121680162052
H           -2.72525977914217       -0.54612787900668       -0.00179941592417
16
 energy: -17.891455321060 gnorm: 0.000067167281 xtb: 6.7.1 (edcfbbe)
C            1.71374604911532        0.94316182951274       -0.00109316536311
C            0.71325069189646       -0.17780527390346        0.00002875154538
C            1.13321819301652       -1.44241403581025        0.00094701515972
C           -0.71325523140427        0.17778933011946        0.00000550248036
C           -1.13322269780562        1.44239813841190        0.00093771850752
C           -1.71375060366380       -0.94317776348520       -0.00106553330093
H            1.58545299739845        1.56757678267773       -0.88326482608409
H            2.72510672644896        0.54602636765181       -0.00209687924541
H            1.58728758417225        1.56759772810412        0.88133157065013
H            0.46722643361583       -2.28571658681917        0.00158455183148
H            2.18427451617871       -1.67831577754968        0.00067545398472
H           -2.18427890125901        1.67829950352845        0.00093096028388
H           -0.46723092090998        2.28570022638870        0.00175411382910
H           -1.58560874176477       -1.56746254687465       -0.88335069437540
H           -1.58714073635359       -1.56774380837446        0.88124596131235
H           -2.72511150466822       -0.54604234936418       -0.00183552538525
