20
 energy: -236.985915386444 gnorm: 0.001195567510 xtb: 6.7.1 (edcfbbe)
C           -1.79632635310942       -0.74975348969465       -0.54269593260483
C           -0.70698102856556        0.31238211299080       -0.37556965592195
C           -0.99600432872545        1.16705613349154        0.86110332101941
C            0.70700307716530       -0.31239805661097       -0.37547928235788
C            1.79637909943183        0.74971157398536       -0.54256838675047
C            0.99593519012372       -1.16697261761599        0.86129367458516
H           -1.83854304914300       -1.41678789822562        0.32593899168885
H           -2.78165688806343       -0.28158923962714       -0.64424573047358
H           -1.62067056897757       -1.36436478012593       -1.43303252369190
H           -0.75132926793301        0.97145982728981       -1.25508247962412
H           -1.05364155072046        0.54796418977606        1.76382808693429
H           -0.23129585163797        1.93369606354469        1.02426579960723
H           -1.95889630374347        1.67822666522509        0.75253915243440
H            0.75142901700772       -0.97154362665713       -1.25493711217994
H            2.78169601604538        0.28151513925697       -0.64412906265451
H            1.62075359051522        1.36436797532954       -1.43287807611688
H            1.83861258258916        1.41670062164937        0.32610138716567
H            1.95860423889955       -1.67852730811282        0.75262447541020
H            0.23097522695522       -1.93329009980465        1.02476230734724
H            1.05399602698618       -0.54773949877339        1.76389069220544
20
 energy: -236.985919037938 gnorm: 0.000438369257 xtb: 6.7.1 (edcfbbe)
C           -1.79674539396756       -0.74935856451696       -0.54335254255193
C           -0.70760476026914        0.31210421059552       -0.37427643800441
C           -0.99660977016941        1.16695314365032        0.86172256913541
C            0.70763056032871       -0.31212112946072       -0.37418852863320
C            1.79679638587427        0.74932066895299       -0.54323746962211
C            0.99654722971573       -1.16687576449970        0.86190262289500
H           -1.84155557623911       -1.41620353809196        0.32491978333443
H           -2.78186988385451       -0.28160255097624       -0.64767519537369
H           -1.61952987781235       -1.36408586404410       -1.43291515997977
H           -0.75062544452959        0.97124391661850       -1.25375602206357
H           -1.05387938207576        0.54897467512611        1.76486712274834
H           -0.23280643757826        1.93408578714696        1.02434235488094
H           -1.95961501144979        1.67752922339738        0.75322590645738
H            0.75072481349926       -0.97132912538206       -1.25361300164354
H            2.78191500595842        0.28154686592425       -0.64753818260830
H            1.61961791704140        1.36406324470556       -1.43279702099284
H            1.84159441360776        1.41615153822738        0.32504690899126
H            1.95936772487875       -1.67778677345335        0.75333511245823
H            0.23251738362712       -1.93372925630992        1.02477955717256
H            1.05416922193813       -0.54876688328968        1.76493676619838
20
 energy: -236.985919037938 gnorm: 0.000438369257 xtb: 6.7.1 (edcfbbe)
C           -1.79674539396756       -0.74935856451696       -0.54335254255193
C           -0.70760476026914        0.31210421059552       -0.37427643800441
C           -0.99660977016941        1.16695314365032        0.86172256913541
C            0.70763056032871       -0.31212112946072       -0.37418852863320
C            1.79679638587427        0.74932066895299       -0.54323746962211
C            0.99654722971573       -1.16687576449970        0.86190262289500
H           -1.84155557623911       -1.41620353809196        0.32491978333443
H           -2.78186988385451       -0.28160255097624       -0.64767519537369
H           -1.61952987781235       -1.36408586404410       -1.43291515997977
H           -0.75062544452959        0.97124391661850       -1.25375602206357
H           -1.05387938207576        0.54897467512611        1.76486712274834
H           -0.23280643757826        1.93408578714696        1.02434235488094
H           -1.95961501144979        1.67752922339738        0.75322590645738
H            0.75072481349926       -0.97132912538206       -1.25361300164354
H            2.78191500595842        0.28154686592425       -0.64753818260830
H            1.61961791704140        1.36406324470556       -1.43279702099284
H            1.84159441360776        1.41615153822738        0.32504690899126
H            1.95936772487875       -1.67778677345335        0.75333511245823
H            0.23251738362712       -1.93372925630992        1.02477955717256
H            1.05416922193813       -0.54876688328968        1.76493676619838
