----------------------------------------------- 
  Element       SASA      Sigma Z        Total  
     Z         Ang**2 cal/Ang**2/mol   kcal/mol 
----------------------------------------------- 
      H        132.379      48.690       6.446
      C         86.220     129.740      11.186
      N          7.619       0.000       0.000
      O         17.718       0.000       0.000

 Subtotal:     243.935                  17.632
 -----------------------------------------------

  Elements    COT*SASA   Sigma Z,Z'     Total   
    Z,Z'       Ang**2  cal/Ang**2/mol kcal/mol  
 ---------------------------------------------- 
  H   C         85.465     -60.770      -5.194
  H   O          0.000       0.000       0.000
  C   C         79.904     -72.950      -5.829
  O   C         10.328      68.690       0.709
  C   N         26.436       0.000       0.000
  N   C         47.064     -48.220      -2.269
  N  C(3)        0.000      84.100       0.000
  O   N          0.000     121.980       0.000

 Subtotal:                             -12.583
 ---------------------------------------------- 

 NONAQUEOUS SOLVENT CONTRIBUTION (kcal/mol):
 (proportional to SASA, atomic number independent)
 ---------------------------------------------- 
 Subtotal:                               0.000
 ---------------------------------------------- 

 CDS TOTAL (kcal/mol):                   5.049
...............................................................................
