11
 energy: -1038.257016624965 gnorm: 0.027642155727 xtb: 6.7.1 (edcfbbe)
C            0.41073314708201        1.71430017325965       -0.15558383106894
C            0.44845567649872        0.27982331142400        0.32987328274618
H            0.30661216483587        0.22433903689941        1.41102083952526
C           -0.54330375224075       -0.62330495397620       -0.38293010516969
Cl          -2.21401418718109       -0.16889744827484        0.07599313423367
Cl           2.08960670452596       -0.41609472658438        0.02210800370980
H            0.61876511237419        1.76138613128052       -1.22129132124119
H           -0.57858451145639        2.12478296034155        0.03048493841351
H            1.14584949600776        2.31315951292502        0.37381110126565
H           -0.46860857100765       -0.51727398392922       -1.46414216144880
H           -0.41229282288270       -1.66492239943777       -0.09427116514177
11
 energy: -1038.257889810872 gnorm: 0.017084756291 xtb: 6.7.1 (edcfbbe)
C            0.41414719231882        1.72079694286396       -0.15281565883965
C            0.44366608365947        0.28491969492669        0.32829536146776
H            0.30135652217601        0.22463577403112        1.41017487673891
C           -0.54410990839589       -0.62907149426716       -0.38040486603578
Cl          -2.23593529259711       -0.17647788283090        0.07229881787890
Cl           2.09292132621170       -0.43045100708218        0.00953875563271
H            0.61620097991372        1.76910017102867       -1.22553793277066
H           -0.57537263564572        2.14255780807561        0.03784302768722
H            1.15294888443981        2.32235290358544        0.37826251247816
H           -0.45633773877835       -0.53049475521556       -1.46439146680863
H           -0.40626693039597       -1.67057031572404       -0.08819087447779
11
 energy: -1038.258305422368 gnorm: 0.006786355433 xtb: 6.7.1 (edcfbbe)
C            0.41587786124275        1.72477177457343       -0.15044629936723
C            0.43454178581292        0.29177640092600        0.33121141107720
H            0.30390943127565        0.22440117168719        1.41452944944249
C           -0.53809438406750       -0.63494085591264       -0.38245631564472
Cl          -2.25327562488878       -0.18065196507960        0.05804980506626
Cl           2.09772836710495       -0.43803158493253       -0.00255244695008
H            0.60785504125397        1.77767173575816       -1.22837715630120
H           -0.57072946894500        2.15891501103399        0.04983120410326
H            1.16125242425653        2.32449403114292        0.37960578054482
H           -0.44984112595896       -0.54755770926803       -1.46894735042317
H           -0.40600576453825       -1.67354985567796       -0.07537570757184
11
 energy: -1038.258383654646 gnorm: 0.002794931236 xtb: 6.7.1 (edcfbbe)
C            0.41392797214505        1.72475953256695       -0.14943194263189
C            0.43208913922283        0.29317284448447        0.32930017891754
H            0.30753010234775        0.22200754182832        1.41246104200011
C           -0.53429783545174       -0.63646634123577       -0.38323024365440
Cl          -2.25752825305922       -0.17518676163222        0.04774242185908
Cl           2.10498451931868       -0.43683805365591       -0.00430460200407
H            0.60002423322436        1.77977913410647       -1.22726003687641
H           -0.57001594336787        2.16108163099379        0.05745452152644
H            1.16323876281111        2.32099705420965        0.37782314822759
H           -0.44670616173981       -0.55350087217247       -1.46904779833654
H           -0.41002794841017       -1.67250741614607       -0.06643436183936
11
 energy: -1038.258405486830 gnorm: 0.000986607146 xtb: 6.7.1 (edcfbbe)
C            0.41183843540729        1.72431152658875       -0.14879034998280
C            0.43048269220403        0.29349042718648        0.32886593845507
H            0.30957352810592        0.21992343554127        1.41181488230786
C           -0.53126203506943       -0.63698003478391       -0.38401147817268
Cl          -2.25639700124062       -0.16812687511209        0.03991468061064
Cl           2.10805186935071       -0.43461687744482       -0.00547874571881
H            0.59230806848174        1.78012452134751       -1.22637446330986
H           -0.56986783131311        2.16023061180498        0.06413263768043
H            1.16467464834901        2.31768628131058        0.37476012076828
H           -0.44262478200351       -0.55758860223849       -1.46911842624889
H           -0.41355897586374       -1.67115602071793       -0.06064248066500
11
 energy: -1038.258412872974 gnorm: 0.001197258213 xtb: 6.7.1 (edcfbbe)
C            0.41002611649368        1.72414602504590       -0.14772190418750
C            0.42995556577123        0.29314862697089        0.32870879269696
H            0.31127991292527        0.21851355999686        1.41148275777181
C           -0.52950357882995       -0.63715543342687       -0.38402324794910
Cl          -2.25517355412775       -0.16259626004928        0.03034288121985
Cl           2.10952128408561       -0.43253779951873       -0.00650686839224
H            0.58270472242457        1.78014740762889       -1.22598781362441
H           -0.56899965409913        2.16059706971324        0.07282936764467
H            1.16768037903751        2.31518917359964        0.37033990691023
H           -0.43718928685915       -0.56229370815891       -1.46867100258113
H           -0.41708326844310       -1.66986013590696       -0.05572056388688
11
 energy: -1038.258420189927 gnorm: 0.000917592228 xtb: 6.7.1 (edcfbbe)
C            0.40891607057410        1.72450203975302       -0.14665343088227
C            0.43003350387167        0.29291727729217        0.32908626113460
H            0.31172285650054        0.21810644243247        1.41190793433998
C           -0.52898369262313       -0.63766335991117       -0.38382690209535
Cl          -2.25454590481050       -0.15939675124129        0.02155992082664
Cl           2.10886967645759       -0.43191318125413       -0.00769225974164
H            0.57332435266847        1.78064756458771       -1.22640890080583
H           -0.56753924820929        2.16279433794921        0.08182337782974
H            1.17174391159726        2.31392156449548        0.36582901642697
H           -0.43139866475487       -0.56705837096884       -1.46845679517815
H           -0.41892420776111       -1.66955889592762       -0.05209592788555
11
 energy: -1038.258424400211 gnorm: 0.000438466516 xtb: 6.7.1 (edcfbbe)
C            0.40747426019362        1.72519929213584       -0.14499463769876
C            0.43048418679369        0.29288718502216        0.32939016902234
H            0.31185539970917        0.21772331317504        1.41240080631071
C           -0.52850185593744       -0.63897100073637       -0.38379703257835
Cl          -2.25500834552929       -0.15496819802282        0.00685600162307
Cl           2.10863016694812       -0.43084288951478       -0.00909372010023
H            0.55744731602613        1.78211654151563       -1.22721473174476
H           -0.56440270711517        2.16700605161596        0.09756983831789
H            1.17913835797307        2.31185388923986        0.35807172675043
H           -0.42223260946235       -0.57510029768721       -1.46838945698956
H           -0.42166548718234       -1.66960497435949       -0.04572668921871
11
 energy: -1038.258424400211 gnorm: 0.000438466516 xtb: 6.7.1 (edcfbbe)
C            0.40747426019362        1.72519929213584       -0.14499463769876
C            0.43048418679369        0.29288718502216        0.32939016902234
H            0.31185539970917        0.21772331317504        1.41240080631071
C           -0.52850185593744       -0.63897100073637       -0.38379703257835
Cl          -2.25500834552929       -0.15496819802282        0.00685600162307
Cl           2.10863016694812       -0.43084288951478       -0.00909372010023
H            0.55744731602613        1.78211654151563       -1.22721473174476
H           -0.56440270711517        2.16700605161596        0.09756983831789
H            1.17913835797307        2.31185388923986        0.35807172675043
H           -0.42223260946235       -0.57510029768721       -1.46838945698956
H           -0.42166548718234       -1.66960497435949       -0.04572668921871
