2025-04-03 21:14:19,636 -     censo.parallel     -  DEBUG   - Free cores decreased 1 -> 0.
2025-04-03 21:14:19,640 -   censo.qm_processor   -  DEBUG   - worker96976: Running on 1 cores.
2025-04-03 21:14:19,665 -   censo.qm_processor   -   INFO   - worker96976: Running xtb_gsolv calculation in /srv/scratch/z5358697/.automated/4043/0_PRESCREENING/CONF1/xtb_gsolv.
2025-04-03 21:14:19,696 -   censo.qm_processor   -  DEBUG   - worker96976: Running ['/srv/scratch/z5358697/.xtb/bin/xtb', 'gas.coord', '--gfn2', '--sp', '--chrg', '0', '--norestart', '--parallel', '1']...
2025-04-03 21:14:19,705 -   censo.qm_processor   -  DEBUG   - worker96976: Started (PID: 96981).
2025-04-03 21:14:19,763 -   censo.qm_processor   -  DEBUG   - worker96976: Done.
2025-04-03 21:14:19,787 -   censo.qm_processor   -  DEBUG   - worker96976: Running ['/srv/scratch/z5358697/.xtb/bin/xtb', 'solv.coord', '--gfn2', '--sp', '--chrg', '0', '--norestart', '--parallel', '1', '--alpb', 'water', 'reference', '-I', 'xtb_sp-xcontrol-inp']...
2025-04-03 21:14:19,791 -   censo.qm_processor   -  DEBUG   - worker96976: Started (PID: 96982).
2025-04-03 21:14:19,845 -   censo.qm_processor   -  DEBUG   - worker96976: Done.
2025-04-03 21:14:19,847 -     censo.parallel     -  DEBUG   - Free cores increased 0 -> 1.
2025-04-03 21:14:19,853 -     censo.parallel     -  DEBUG   - Checking for failed jobs...
2025-04-03 21:14:19,853 -     censo.parallel     -   INFO   - All jobs executed successfully.
2025-04-03 21:14:19,858 -     censo.parallel     -  DEBUG   - Free cores decreased 1 -> 0.
2025-04-03 21:14:19,862 -   censo.qm_processor   -  DEBUG   - worker96996: Running on 1 cores.
2025-04-03 21:14:19,869 -   censo.qm_processor   -   INFO   - worker96996: Running sp calculation in /srv/scratch/z5358697/.automated/4043/0_PRESCREENING/CONF1/sp.
2025-04-03 21:14:19,885 -   censo.qm_processor   -  DEBUG   - worker96996: Running ['/apps/z_install_tree/linux-rocky8-ivybridge/gcc-12.2.0/orca-6.0.0-srtngmq3qlimg2qxbl6avaaiffipurdx/bin/orca', 'sp.inp']...
2025-04-03 21:14:19,892 -   censo.qm_processor   -  DEBUG   - worker96996: Started (PID: 97001).
2025-04-03 21:14:31,053 -   censo.qm_processor   -  DEBUG   - worker96996: Done.
2025-04-03 21:14:31,059 -     censo.parallel     -  DEBUG   - Free cores increased 0 -> 1.
2025-04-03 21:14:31,066 -     censo.parallel     -  DEBUG   - Checking for failed jobs...
2025-04-03 21:14:31,066 -     censo.parallel     -   INFO   - All jobs executed successfully.
2025-04-03 21:14:31,067 -censo.ensembleopt.prescreening-  DEBUG   - Writing to /srv/scratch/z5358697/.automated/4043/0_PRESCREENING.out.
2025-04-03 21:14:31,107 -     censo.parallel     -  DEBUG   - Free cores decreased 1 -> 0.
2025-04-03 21:14:31,111 -   censo.qm_processor   -  DEBUG   - worker97080: Running on 1 cores.
2025-04-03 21:14:31,319 -   censo.qm_processor   -   INFO   - worker97080: Running gsolv calculation in /srv/scratch/z5358697/.automated/4043/1_SCREENING/CONF1/gsolv.
2025-04-03 21:14:31,409 -  censo.orca_processor  -  DEBUG   - worker97080: Copying .gbw file from /srv/scratch/z5358697/.automated/4043/0_PRESCREENING/CONF1/sp/sp.gbw.
2025-04-03 21:14:31,437 -   censo.qm_processor   -  DEBUG   - worker97080: Running ['/apps/z_install_tree/linux-rocky8-ivybridge/gcc-12.2.0/orca-6.0.0-srtngmq3qlimg2qxbl6avaaiffipurdx/bin/orca', 'sp_gas.inp']...
2025-04-03 21:14:31,443 -   censo.qm_processor   -  DEBUG   - worker97080: Started (PID: 97085).
2025-04-03 21:15:00,659 -   censo.qm_processor   -  DEBUG   - worker97080: Done.
2025-04-03 21:15:00,674 -  censo.orca_processor  -  DEBUG   - worker97080: Copying .gbw file from /srv/scratch/z5358697/.automated/4043/0_PRESCREENING/CONF1/sp/sp.gbw.
2025-04-03 21:15:00,705 -   censo.qm_processor   -  DEBUG   - worker97080: Running ['/apps/z_install_tree/linux-rocky8-ivybridge/gcc-12.2.0/orca-6.0.0-srtngmq3qlimg2qxbl6avaaiffipurdx/bin/orca', 'sp_solv.inp']...
2025-04-03 21:15:00,708 -   censo.qm_processor   -  DEBUG   - worker97080: Started (PID: 97281).
2025-04-03 21:15:35,150 -   censo.qm_processor   -  DEBUG   - worker97080: Done.
2025-04-03 21:15:35,157 -     censo.parallel     -  DEBUG   - Free cores increased 0 -> 1.
2025-04-03 21:15:35,163 -     censo.parallel     -  DEBUG   - Checking for failed jobs...
2025-04-03 21:15:35,163 -     censo.parallel     -   INFO   - All jobs executed successfully.
2025-04-03 21:15:35,216 -     censo.parallel     -  DEBUG   - Free cores decreased 1 -> 0.
2025-04-03 21:15:35,220 -   censo.qm_processor   -  DEBUG   - worker97528: Running on 1 cores.
2025-04-03 21:15:35,272 -   censo.qm_processor   -   INFO   - worker97528: Running xtb_opt calculation in /srv/scratch/z5358697/.automated/4043/2_OPTIMIZATION/CONF1/xtb_opt.
2025-04-03 21:15:35,385 -  censo.orca_processor  -  DEBUG   - worker97528: Copying .gbw file from /srv/scratch/z5358697/.automated/4043/1_SCREENING/CONF1/gsolv/sp_solv.gbw.
2025-04-03 21:15:35,411 -   censo.qm_processor   -  DEBUG   - worker97528: Running ['/srv/scratch/z5358697/.xtb/bin/xtb', 'xtb_opt.coord', '--opt', 'normal', '--orca', '-I', 'xtb_opt-xcontrol-inp']...
2025-04-03 21:15:35,418 -   censo.qm_processor   -  DEBUG   - worker97528: Started (PID: 97533).
2025-04-03 21:18:38,622 -   censo.qm_processor   -  DEBUG   - worker97528: Done.
2025-04-03 21:18:38,631 -     censo.parallel     -  DEBUG   - Free cores increased 0 -> 1.
2025-04-03 21:18:38,636 -     censo.parallel     -  DEBUG   - Checking for failed jobs...
2025-04-03 21:18:38,637 -     censo.parallel     -   INFO   - All jobs executed successfully.
2025-04-03 21:18:38,642 -     censo.parallel     -  DEBUG   - Free cores decreased 1 -> 0.
2025-04-03 21:18:38,645 -   censo.qm_processor   -  DEBUG   - worker98667: Running on 1 cores.
2025-04-03 21:18:38,650 -   censo.qm_processor   -   INFO   - worker98667: Running xtb_rrho calculation in /srv/scratch/z5358697/.automated/4043/2_OPTIMIZATION/CONF1/xtb_rrho.
2025-04-03 21:18:38,677 -   censo.qm_processor   -  DEBUG   - worker98667: Running ['/srv/scratch/z5358697/.xtb/bin/xtb', 'xtb_rrho.coord', '--gfn2', '--ohess', 'vtight', '--chrg', '0', '--enso', '--norestart', '-I', 'rrho-xcontrol-inp', '--parallel', '1', '--alpb', 'water']...
2025-04-03 21:18:38,785 -   censo.qm_processor   -  DEBUG   - worker98667: Started (PID: 98672).
2025-04-03 21:18:40,645 -   censo.qm_processor   -  DEBUG   - worker98667: Done.
2025-04-03 21:18:40,648 -     censo.parallel     -  DEBUG   - Free cores increased 0 -> 1.
2025-04-03 21:18:40,654 -     censo.parallel     -  DEBUG   - Checking for failed jobs...
2025-04-03 21:18:40,654 -     censo.parallel     -   INFO   - All jobs executed successfully.
2025-04-03 21:18:40,654 -censo.ensembleopt.optimization-  DEBUG   - Writing to /srv/scratch/z5358697/.automated/4043/2_OPTIMIZATION.out.
2025-04-03 21:18:40,666 -censo.ensembleopt.optimization-  DEBUG   - Writing to /srv/scratch/z5358697/.automated/4043/2_OPTIMIZATION.out.
2025-04-03 21:18:40,720 -     censo.parallel     -  DEBUG   - Free cores decreased 1 -> 0.
2025-04-03 21:18:40,724 -   censo.qm_processor   -  DEBUG   - worker98693: Running on 1 cores.
2025-04-03 21:18:40,827 -   censo.qm_processor   -   INFO   - worker98693: Running gsolv calculation in /srv/scratch/z5358697/.automated/4043/3_REFINEMENT/CONF1/gsolv.
2025-04-03 21:18:40,854 -  censo.orca_processor  -  DEBUG   - worker98693: Copying .gbw file from /srv/scratch/z5358697/.automated/4043/2_OPTIMIZATION/CONF1/xtb_opt/xtb_opt.gbw.
2025-04-03 21:18:40,882 -   censo.qm_processor   -  DEBUG   - worker98693: Running ['/apps/z_install_tree/linux-rocky8-ivybridge/gcc-12.2.0/orca-6.0.0-srtngmq3qlimg2qxbl6avaaiffipurdx/bin/orca', 'sp_gas.inp']...
2025-04-03 21:18:40,887 -   censo.qm_processor   -  DEBUG   - worker98693: Started (PID: 98698).
2025-04-03 21:26:41,733 -   censo.qm_processor   -  DEBUG   - worker98693: Done.
2025-04-03 21:26:41,755 -  censo.orca_processor  -  DEBUG   - worker98693: Copying .gbw file from /srv/scratch/z5358697/.automated/4043/2_OPTIMIZATION/CONF1/xtb_opt/xtb_opt.gbw.
2025-04-03 21:26:42,138 -   censo.qm_processor   -  DEBUG   - worker98693: Running ['/apps/z_install_tree/linux-rocky8-ivybridge/gcc-12.2.0/orca-6.0.0-srtngmq3qlimg2qxbl6avaaiffipurdx/bin/orca', 'sp_solv.inp']...
2025-04-03 21:26:42,141 -   censo.qm_processor   -  DEBUG   - worker98693: Started (PID: 101291).
2025-04-03 21:33:45,243 -   censo.qm_processor   -  DEBUG   - worker98693: Done.
2025-04-03 21:33:45,254 -     censo.parallel     -  DEBUG   - Free cores increased 0 -> 1.
2025-04-03 21:33:45,259 -     censo.parallel     -  DEBUG   - Checking for failed jobs...
2025-04-03 21:33:45,259 -     censo.parallel     -   INFO   - All jobs executed successfully.
2025-04-03 21:33:45,259 -censo.ensembleopt.refinement-  DEBUG   - Writing to /srv/scratch/z5358697/.automated/4043/3_REFINEMENT.out.
