----------------------------------------------- 
  Element       SASA      Sigma Z        Total  
     Z         Ang**2 cal/Ang**2/mol   kcal/mol 
----------------------------------------------- 
      H         48.005      48.690       2.337
      C         52.910     129.740       6.864
      Br        89.497      -8.720      -0.780

 Subtotal:     190.411                   8.421
 -----------------------------------------------

  Elements    COT*SASA   Sigma Z,Z'     Total   
    Z,Z'       Ang**2  cal/Ang**2/mol kcal/mol  
 ---------------------------------------------- 
  H   C         32.545     -60.770      -1.978
  C   C         71.137     -72.950      -5.189

 Subtotal:                              -7.167
 ---------------------------------------------- 

 NONAQUEOUS SOLVENT CONTRIBUTION (kcal/mol):
 (proportional to SASA, atomic number independent)
 ---------------------------------------------- 
 Subtotal:                               0.000
 ---------------------------------------------- 

 CDS TOTAL (kcal/mol):                   1.254
...............................................................................
