----------------------------------------------- 
  Element       SASA      Sigma Z        Total  
     Z         Ang**2 cal/Ang**2/mol   kcal/mol 
----------------------------------------------- 
      H        157.360      48.690       7.662
      C         32.625     129.740       4.233
      O         22.454       0.000       0.000

 Subtotal:     212.439                  11.895
 -----------------------------------------------

  Elements    COT*SASA   Sigma Z,Z'     Total   
    Z,Z'       Ang**2  cal/Ang**2/mol kcal/mol  
 ---------------------------------------------- 
  H   C        105.990     -60.770      -6.441
  H   O          0.000       0.000       0.000
  C   C         34.831     -72.950      -2.541
  O   C         14.075      68.690       0.967

 Subtotal:                              -8.015
 ---------------------------------------------- 

 NONAQUEOUS SOLVENT CONTRIBUTION (kcal/mol):
 (proportional to SASA, atomic number independent)
 ---------------------------------------------- 
 Subtotal:                               0.000
 ---------------------------------------------- 

 CDS TOTAL (kcal/mol):                   3.879
...............................................................................
