----------------------------------------------- 
  Element       SASA      Sigma Z        Total  
     Z         Ang**2 cal/Ang**2/mol   kcal/mol 
----------------------------------------------- 
      H        134.700      48.690       6.559
      C         76.741     129.740       9.956
      N          5.524       0.000       0.000
      O         22.314       0.000       0.000

 Subtotal:     239.279                  16.515
 -----------------------------------------------

  Elements    COT*SASA   Sigma Z,Z'     Total   
    Z,Z'       Ang**2  cal/Ang**2/mol kcal/mol  
 ---------------------------------------------- 
  H   C         83.098     -60.770      -5.050
  H   O          0.000       0.000       0.000
  C   C         70.687     -72.950      -5.157
  O   C         13.337      68.690       0.916
  C   N         21.354       0.000       0.000
  N   C         29.476     -48.220      -1.421
  N  C(3)        0.000      84.100       0.000
  O   N          0.000     121.980       0.000

 Subtotal:                             -10.712
 ---------------------------------------------- 

 NONAQUEOUS SOLVENT CONTRIBUTION (kcal/mol):
 (proportional to SASA, atomic number independent)
 ---------------------------------------------- 
 Subtotal:                               0.000
 ---------------------------------------------- 

 CDS TOTAL (kcal/mol):                   5.803
...............................................................................
