2025-04-03 21:14:45,666 -     censo.parallel     -  DEBUG   - Free cores decreased 1 -> 0.
2025-04-03 21:14:45,670 -   censo.qm_processor   -  DEBUG   - worker3040648:Running on 1 cores.
2025-04-03 21:14:45,688 -   censo.qm_processor   -   INFO   - worker3040648:Running xtb_gsolv calculation in /srv/scratch/z5358697/.automated/4045/0_PRESCREENING/CONF1/xtb_gsolv.
2025-04-03 21:14:45,741 -   censo.qm_processor   -  DEBUG   - worker3040648:Running ['/srv/scratch/z5358697/.xtb/bin/xtb', 'gas.coord', '--gfn2', '--sp', '--chrg', '0', '--norestart', '--parallel', '1']...
2025-04-03 21:14:45,896 -   censo.qm_processor   -  DEBUG   - worker3040648:Started (PID: 3040653).
2025-04-03 21:14:45,931 -   censo.qm_processor   -  DEBUG   - worker3040648:Done.
2025-04-03 21:14:45,961 -   censo.qm_processor   -  DEBUG   - worker3040648:Running ['/srv/scratch/z5358697/.xtb/bin/xtb', 'solv.coord', '--gfn2', '--sp', '--chrg', '0', '--norestart', '--parallel', '1', '--alpb', 'water', 'reference', '-I', 'xtb_sp-xcontrol-inp']...
2025-04-03 21:14:45,965 -   censo.qm_processor   -  DEBUG   - worker3040648:Started (PID: 3040654).
2025-04-03 21:14:46,013 -   censo.qm_processor   -  DEBUG   - worker3040648:Done.
2025-04-03 21:14:46,015 -     censo.parallel     -  DEBUG   - Free cores increased 0 -> 1.
2025-04-03 21:14:46,021 -     censo.parallel     -  DEBUG   - Checking for failed jobs...
2025-04-03 21:14:46,021 -     censo.parallel     -   INFO   - All jobs executed successfully.
2025-04-03 21:14:46,027 -     censo.parallel     -  DEBUG   - Free cores decreased 1 -> 0.
2025-04-03 21:14:46,031 -   censo.qm_processor   -  DEBUG   - worker3040668:Running on 1 cores.
2025-04-03 21:14:46,036 -   censo.qm_processor   -   INFO   - worker3040668:Running sp calculation in /srv/scratch/z5358697/.automated/4045/0_PRESCREENING/CONF1/sp.
2025-04-03 21:14:46,124 -   censo.qm_processor   -  DEBUG   - worker3040668:Running ['/apps/z_install_tree/linux-rocky8-ivybridge/gcc-12.2.0/orca-6.0.0-srtngmq3qlimg2qxbl6avaaiffipurdx/bin/orca', 'sp.inp']...
2025-04-03 21:14:46,130 -   censo.qm_processor   -  DEBUG   - worker3040668:Started (PID: 3040673).
2025-04-03 21:14:49,544 -   censo.qm_processor   -  DEBUG   - worker3040668:Done.
2025-04-03 21:14:49,552 -     censo.parallel     -  DEBUG   - Free cores increased 0 -> 1.
2025-04-03 21:14:49,558 -     censo.parallel     -  DEBUG   - Checking for failed jobs...
2025-04-03 21:14:49,558 -     censo.parallel     -   INFO   - All jobs executed successfully.
2025-04-03 21:14:49,559 -censo.ensembleopt.prescreening-  DEBUG   - Writing to /srv/scratch/z5358697/.automated/4045/0_PRESCREENING.out.
2025-04-03 21:14:49,594 -     censo.parallel     -  DEBUG   - Free cores decreased 1 -> 0.
2025-04-03 21:14:49,598 -   censo.qm_processor   -  DEBUG   - worker3040695:Running on 1 cores.
2025-04-03 21:14:49,666 -   censo.qm_processor   -   INFO   - worker3040695:Running gsolv calculation in /srv/scratch/z5358697/.automated/4045/1_SCREENING/CONF1/gsolv.
2025-04-03 21:14:50,425 -  censo.orca_processor  -  DEBUG   - worker3040695:Copying .gbw file from /srv/scratch/z5358697/.automated/4045/0_PRESCREENING/CONF1/sp/sp.gbw.
2025-04-03 21:14:50,440 -   censo.qm_processor   -  DEBUG   - worker3040695:Running ['/apps/z_install_tree/linux-rocky8-ivybridge/gcc-12.2.0/orca-6.0.0-srtngmq3qlimg2qxbl6avaaiffipurdx/bin/orca', 'sp_gas.inp']...
2025-04-03 21:14:50,446 -   censo.qm_processor   -  DEBUG   - worker3040695:Started (PID: 3040700).
2025-04-03 21:14:57,007 -   censo.qm_processor   -  DEBUG   - worker3040695:Done.
2025-04-03 21:14:57,017 -  censo.orca_processor  -  DEBUG   - worker3040695:Copying .gbw file from /srv/scratch/z5358697/.automated/4045/0_PRESCREENING/CONF1/sp/sp.gbw.
2025-04-03 21:14:57,040 -   censo.qm_processor   -  DEBUG   - worker3040695:Running ['/apps/z_install_tree/linux-rocky8-ivybridge/gcc-12.2.0/orca-6.0.0-srtngmq3qlimg2qxbl6avaaiffipurdx/bin/orca', 'sp_solv.inp']...
2025-04-03 21:14:57,043 -   censo.qm_processor   -  DEBUG   - worker3040695:Started (PID: 3040722).
2025-04-03 21:15:03,971 -   censo.qm_processor   -  DEBUG   - worker3040695:Done.
2025-04-03 21:15:03,975 -     censo.parallel     -  DEBUG   - Free cores increased 0 -> 1.
2025-04-03 21:15:03,981 -     censo.parallel     -  DEBUG   - Checking for failed jobs...
2025-04-03 21:15:03,981 -     censo.parallel     -   INFO   - All jobs executed successfully.
2025-04-03 21:15:04,025 -     censo.parallel     -  DEBUG   - Free cores decreased 1 -> 0.
2025-04-03 21:15:04,029 -   censo.qm_processor   -  DEBUG   - worker3040754:Running on 1 cores.
2025-04-03 21:15:04,048 -   censo.qm_processor   -   INFO   - worker3040754:Running xtb_opt calculation in /srv/scratch/z5358697/.automated/4045/2_OPTIMIZATION/CONF1/xtb_opt.
2025-04-03 21:15:04,092 -  censo.orca_processor  -  DEBUG   - worker3040754:Copying .gbw file from /srv/scratch/z5358697/.automated/4045/1_SCREENING/CONF1/gsolv/sp_solv.gbw.
2025-04-03 21:15:04,114 -   censo.qm_processor   -  DEBUG   - worker3040754:Running ['/srv/scratch/z5358697/.xtb/bin/xtb', 'xtb_opt.coord', '--opt', 'normal', '--orca', '-I', 'xtb_opt-xcontrol-inp']...
2025-04-03 21:15:04,121 -   censo.qm_processor   -  DEBUG   - worker3040754:Started (PID: 3040759).
2025-04-03 21:15:34,824 -   censo.qm_processor   -  DEBUG   - worker3040754:Done.
2025-04-03 21:15:34,833 -     censo.parallel     -  DEBUG   - Free cores increased 0 -> 1.
2025-04-03 21:15:34,839 -     censo.parallel     -  DEBUG   - Checking for failed jobs...
2025-04-03 21:15:34,840 -     censo.parallel     -   INFO   - All jobs executed successfully.
2025-04-03 21:15:34,845 -     censo.parallel     -  DEBUG   - Free cores decreased 1 -> 0.
2025-04-03 21:15:34,849 -   censo.qm_processor   -  DEBUG   - worker3040905:Running on 1 cores.
2025-04-03 21:15:34,854 -   censo.qm_processor   -   INFO   - worker3040905:Running xtb_rrho calculation in /srv/scratch/z5358697/.automated/4045/2_OPTIMIZATION/CONF1/xtb_rrho.
2025-04-03 21:15:34,875 -   censo.qm_processor   -  DEBUG   - worker3040905:Running ['/srv/scratch/z5358697/.xtb/bin/xtb', 'xtb_rrho.coord', '--gfn2', '--ohess', 'vtight', '--chrg', '0', '--enso', '--norestart', '-I', 'rrho-xcontrol-inp', '--parallel', '1', '--alpb', 'water']...
2025-04-03 21:15:34,881 -   censo.qm_processor   -  DEBUG   - worker3040905:Started (PID: 3040910).
2025-04-03 21:15:35,030 -   censo.qm_processor   -  DEBUG   - worker3040905:Done.
2025-04-03 21:15:35,033 -     censo.parallel     -  DEBUG   - Free cores increased 0 -> 1.
2025-04-03 21:15:35,038 -     censo.parallel     -  DEBUG   - Checking for failed jobs...
2025-04-03 21:15:35,039 -     censo.parallel     -   INFO   - All jobs executed successfully.
2025-04-03 21:15:35,039 -censo.ensembleopt.optimization-  DEBUG   - Writing to /srv/scratch/z5358697/.automated/4045/2_OPTIMIZATION.out.
2025-04-03 21:15:35,049 -censo.ensembleopt.optimization-  DEBUG   - Writing to /srv/scratch/z5358697/.automated/4045/2_OPTIMIZATION.out.
2025-04-03 21:15:35,097 -     censo.parallel     -  DEBUG   - Free cores decreased 1 -> 0.
2025-04-03 21:15:35,101 -   censo.qm_processor   -  DEBUG   - worker3040925:Running on 1 cores.
2025-04-03 21:15:36,920 -   censo.qm_processor   -   INFO   - worker3040925:Running gsolv calculation in /srv/scratch/z5358697/.automated/4045/3_REFINEMENT/CONF1/gsolv.
2025-04-03 21:15:36,935 -  censo.orca_processor  -  DEBUG   - worker3040925:Copying .gbw file from /srv/scratch/z5358697/.automated/4045/2_OPTIMIZATION/CONF1/xtb_opt/xtb_opt.gbw.
2025-04-03 21:15:36,960 -   censo.qm_processor   -  DEBUG   - worker3040925:Running ['/apps/z_install_tree/linux-rocky8-ivybridge/gcc-12.2.0/orca-6.0.0-srtngmq3qlimg2qxbl6avaaiffipurdx/bin/orca', 'sp_gas.inp']...
2025-04-03 21:15:36,966 -   censo.qm_processor   -  DEBUG   - worker3040925:Started (PID: 3040950).
2025-04-03 21:15:53,893 -   censo.qm_processor   -  DEBUG   - worker3040925:Done.
2025-04-03 21:15:53,902 -  censo.orca_processor  -  DEBUG   - worker3040925:Copying .gbw file from /srv/scratch/z5358697/.automated/4045/2_OPTIMIZATION/CONF1/xtb_opt/xtb_opt.gbw.
2025-04-03 21:15:53,935 -   censo.qm_processor   -  DEBUG   - worker3040925:Running ['/apps/z_install_tree/linux-rocky8-ivybridge/gcc-12.2.0/orca-6.0.0-srtngmq3qlimg2qxbl6avaaiffipurdx/bin/orca', 'sp_solv.inp']...
2025-04-03 21:15:53,938 -   censo.qm_processor   -  DEBUG   - worker3040925:Started (PID: 3041003).
2025-04-03 21:16:11,977 -   censo.qm_processor   -  DEBUG   - worker3040925:Done.
2025-04-03 21:16:11,982 -     censo.parallel     -  DEBUG   - Free cores increased 0 -> 1.
2025-04-03 21:16:11,988 -     censo.parallel     -  DEBUG   - Checking for failed jobs...
2025-04-03 21:16:11,988 -     censo.parallel     -   INFO   - All jobs executed successfully.
2025-04-03 21:16:11,988 -censo.ensembleopt.refinement-  DEBUG   - Writing to /srv/scratch/z5358697/.automated/4045/3_REFINEMENT.out.
