11
 energy: -578.672002184814 gnorm: 0.024512449000 xtb: 6.7.1 (edcfbbe)
C           -1.96151790466920       -0.16925690507500        0.50536942422394
C           -1.18328031032434       -0.16706925237403       -0.80492039205668
C            0.09935196314403        0.64042727518379       -0.71749211261794
Cl           1.27857894116657       -0.12893336455713        0.40702214788036
H           -1.35847557180198       -0.59671375616442        1.30288088197734
H           -2.23677584479117        0.84409167667404        0.78734458514889
H           -2.86764608967073       -0.75985581953671        0.40478724477937
H           -0.94716531281971       -1.19172711842809       -1.09587062578561
H           -1.79383212259489        0.27764656272303       -1.59306691420593
H           -0.08225125953645        1.63876474662618       -0.32339158424330
H            0.60376207786754        0.69914520670981       -1.67993076064442
11
 energy: -578.672827240982 gnorm: 0.013083501783 xtb: 6.7.1 (edcfbbe)
C           -1.96977054258593       -0.17349729563975        0.50893491612222
C           -1.17876174138217       -0.16797953356283       -0.79584218833139
C            0.10550820208015        0.63640931916029       -0.72100320536160
Cl           1.31339456864310       -0.12226126112808        0.41160915358170
H           -1.37960316422481       -0.60930865129396        1.31870307631978
H           -2.24475492450445        0.84492920082234        0.79705621853737
H           -2.88534672872452       -0.75946185275614        0.40519387396210
H           -0.94674631480598       -1.19125103387019       -1.10774321134725
H           -1.78129256388172        0.28408383291760       -1.59223291501480
H           -0.08122929614252        1.64290276547825       -0.34051851521358
H            0.59935086253507        0.70195400175531       -1.69142473323495
11
 energy: -578.673065625067 gnorm: 0.005561812371 xtb: 6.7.1 (edcfbbe)
C           -1.97203989669041       -0.17701560719571        0.51129940040315
C           -1.17578444230852       -0.17103617516887       -0.78935601237205
C            0.10227046795446        0.63918967900543       -0.72632480657437
Cl           1.33256625745821       -0.11154733921737        0.41471977409219
H           -1.39560910284290       -0.62286078812332        1.32958319837231
H           -2.24502727644824        0.84360349681485        0.80544738569858
H           -2.89521570225467       -0.75530897091546        0.39998134940083
H           -0.94937227339349       -1.19344009403493       -1.11533751433692
H           -1.77321930595295        0.28772716100218       -1.58971353234895
H           -0.07562605037236        1.65060421761599       -0.35005921936937
H            0.59780549072767        0.69660410623794       -1.69750710322520
11
 energy: -578.673115992914 gnorm: 0.002660321916 xtb: 6.7.1 (edcfbbe)
C           -1.97161569034702       -0.17827525553650        0.51153385929930
C           -1.17570224195864       -0.17009451857555       -0.78779489040174
C            0.09947281116176        0.64068995514588       -0.72965302041105
Cl           1.33633643996388       -0.10532786858149        0.42023499984866
H           -1.39904647800234       -0.63026176488647        1.32863707685659
H           -2.24118793983412        0.84174816004716        0.80984417982073
H           -2.89708780724537       -0.75181620319070        0.39592653515334
H           -0.94941092526893       -1.19147577743536       -1.11552862405826
H           -1.77508013549020        0.28869256180837       -1.58706790625469
H           -0.07478232544427        1.65250032358004       -0.35449913487042
H            0.59885236904150        0.69014013926334       -1.69890000655096
11
 energy: -578.673136568706 gnorm: 0.000838496924 xtb: 6.7.1 (edcfbbe)
C           -1.97000002730027       -0.17905583092260        0.51176032995078
C           -1.17609266843480       -0.16914383537092       -0.78802355919901
C            0.09634328762305        0.64289506490616       -0.73251275305188
Cl           1.33296241528782       -0.10060117288635        0.42763565911384
H           -1.39889142033937       -0.63792954580345        1.32482116555277
H           -2.23425456463623        0.84005834369328        0.81509765660371
H           -2.89748857644525       -0.74722426446565        0.39276682320976
H           -0.94879463297235       -1.18981256590660       -1.11502185986722
H           -1.77835647725686        0.28843884491261       -1.58546245589047
H           -0.07573770785308        1.65497262864764       -0.35958038759555
H            0.60105837643633        0.68392212234610       -1.69874747882656
11
 energy: -578.673143415540 gnorm: 0.001035042126 xtb: 6.7.1 (edcfbbe)
C           -1.96875149887522       -0.17990870818006        0.51207168546710
C           -1.17685539998534       -0.16864448577175       -0.78923824727270
C            0.09477054180388        0.64391350575962       -0.73398117114899
Cl           1.32825903008904       -0.09547639755666        0.43446939104732
H           -1.39793390146422       -0.64562759983144        1.32087961914714
H           -2.22631741769544        0.83900523782013        0.82039296778030
H           -2.89900426161852       -0.74234249893795        0.39161013643758
H           -0.94842011248296       -1.18912856264150       -1.11517566841337
H           -1.78104543223427        0.28787835203991       -1.58545027844503
H           -0.07768166457241        1.65699949961362       -0.36499949745234
H            0.60372805848198        0.67985148231242       -1.69784575122273
11
 energy: -578.673150113305 gnorm: 0.000993763260 xtb: 6.7.1 (edcfbbe)
C           -1.96744289903486       -0.18148444899483        0.51268942658910
C           -1.17724867396623       -0.16884344055354       -0.79044145163107
C            0.09397870449757        0.64488713555098       -0.73523329909617
Cl           1.32212123975958       -0.08693017123650        0.44296890137232
H           -1.39817492665886       -0.65787810861029        1.31640262616202
H           -2.21430273570512        0.83786962541920        0.82841197381297
H           -2.90300222444031       -0.73459349981055        0.39044077024707
H           -0.94825645919857       -1.18938046108364       -1.11617943344211
H           -1.78280675562026        0.28736203720624       -1.58563240944624
H           -0.08107980232264        1.66021680299114       -0.37356329704204
H            0.60696237012508        0.67529442761224       -1.69713052024031
11
 energy: -578.673154135061 gnorm: 0.000504962908 xtb: 6.7.1 (edcfbbe)
C           -1.96691696291285       -0.18275801322583        0.51311465583616
C           -1.17713286482425       -0.16953285535404       -0.79037326057777
C            0.09406514182649        0.64485922600172       -0.73557986967789
Cl           1.32081278049544       -0.07934354821265        0.44686702996011
H           -1.40103236109665       -0.66695674644635        1.31476551704416
H           -2.20634158855629        0.83696561256224        0.83395706217075
H           -2.90672752707842       -0.72851363930394        0.38892912338803
H           -0.94818704644406       -1.18993425192562       -1.11708327703993
H           -1.78264392890164        0.28736108966216       -1.58542456732364
H           -0.08320515284902        1.66189980213194       -0.37928116663716
H            0.60805725814066        0.67247330051192       -1.69715783868902
11
 energy: -578.673154135061 gnorm: 0.000504962908 xtb: 6.7.1 (edcfbbe)
C           -1.96691696291285       -0.18275801322583        0.51311465583616
C           -1.17713286482425       -0.16953285535404       -0.79037326057777
C            0.09406514182649        0.64485922600172       -0.73557986967789
Cl           1.32081278049544       -0.07934354821265        0.44686702996011
H           -1.40103236109665       -0.66695674644635        1.31476551704416
H           -2.20634158855629        0.83696561256224        0.83395706217075
H           -2.90672752707842       -0.72851363930394        0.38892912338803
H           -0.94818704644406       -1.18993425192562       -1.11708327703993
H           -1.78264392890164        0.28736108966216       -1.58542456732364
H           -0.08320515284902        1.66189980213194       -0.37928116663716
H            0.60805725814066        0.67247330051192       -1.69715783868902
