2025-04-05 03:22:09,102 -     censo.parallel     -  DEBUG   - Free cores decreased 3 -> 2.
2025-04-05 03:22:09,108 -     censo.parallel     -  DEBUG   - Free cores decreased 2 -> 1.
2025-04-05 03:22:09,109 -   censo.qm_processor   -  DEBUG   - worker2681917:Running on 1 cores.
2025-04-05 03:22:09,110 -     censo.parallel     -  DEBUG   - Free cores decreased 1 -> 0.
2025-04-05 03:22:09,110 -   censo.qm_processor   -  DEBUG   - worker2681918:Running on 1 cores.
2025-04-05 03:22:09,110 -   censo.qm_processor   -  DEBUG   - worker2681920:Running on 1 cores.
2025-04-05 03:22:09,130 -   censo.qm_processor   -   INFO   - worker2681917:Running xtb_gsolv calculation in /srv/scratch/z5358697/.automated/4452/0_PRESCREENING/CONF1/xtb_gsolv.
2025-04-05 03:22:09,145 -   censo.qm_processor   -   INFO   - worker2681920:Running xtb_gsolv calculation in /srv/scratch/z5358697/.automated/4452/0_PRESCREENING/CONF3/xtb_gsolv.
2025-04-05 03:22:09,152 -   censo.qm_processor   -  DEBUG   - worker2681917:Running ['/srv/scratch/z5358697/.xtb/bin/xtb', 'gas.coord', '--gfn2', '--sp', '--chrg', '0', '--norestart', '--parallel', '1']...
2025-04-05 03:22:09,164 -   censo.qm_processor   -  DEBUG   - worker2681917:Started (PID: 2681928).
2025-04-05 03:22:09,166 -   censo.qm_processor   -  DEBUG   - worker2681920:Running ['/srv/scratch/z5358697/.xtb/bin/xtb', 'gas.coord', '--gfn2', '--sp', '--chrg', '0', '--norestart', '--parallel', '1']...
2025-04-05 03:22:09,170 -   censo.qm_processor   -  DEBUG   - worker2681920:Started (PID: 2681929).
2025-04-05 03:22:09,175 -   censo.qm_processor   -   INFO   - worker2681918:Running xtb_gsolv calculation in /srv/scratch/z5358697/.automated/4452/0_PRESCREENING/CONF2/xtb_gsolv.
2025-04-05 03:22:09,201 -   censo.qm_processor   -  DEBUG   - worker2681918:Running ['/srv/scratch/z5358697/.xtb/bin/xtb', 'gas.coord', '--gfn2', '--sp', '--chrg', '0', '--norestart', '--parallel', '1']...
2025-04-05 03:22:09,206 -   censo.qm_processor   -  DEBUG   - worker2681917:Done.
2025-04-05 03:22:09,209 -   censo.qm_processor   -  DEBUG   - worker2681918:Started (PID: 2681930).
2025-04-05 03:22:09,217 -   censo.qm_processor   -  DEBUG   - worker2681920:Done.
2025-04-05 03:22:09,230 -   censo.qm_processor   -  DEBUG   - worker2681917:Running ['/srv/scratch/z5358697/.xtb/bin/xtb', 'solv.coord', '--gfn2', '--sp', '--chrg', '0', '--norestart', '--parallel', '1', '--alpb', 'water', 'reference', '-I', 'xtb_sp-xcontrol-inp']...
2025-04-05 03:22:09,233 -   censo.qm_processor   -  DEBUG   - worker2681917:Started (PID: 2681931).
2025-04-05 03:22:09,240 -   censo.qm_processor   -  DEBUG   - worker2681920:Running ['/srv/scratch/z5358697/.xtb/bin/xtb', 'solv.coord', '--gfn2', '--sp', '--chrg', '0', '--norestart', '--parallel', '1', '--alpb', 'water', 'reference', '-I', 'xtb_sp-xcontrol-inp']...
2025-04-05 03:22:09,243 -   censo.qm_processor   -  DEBUG   - worker2681920:Started (PID: 2681932).
2025-04-05 03:22:09,249 -   censo.qm_processor   -  DEBUG   - worker2681918:Done.
2025-04-05 03:22:09,273 -   censo.qm_processor   -  DEBUG   - worker2681918:Running ['/srv/scratch/z5358697/.xtb/bin/xtb', 'solv.coord', '--gfn2', '--sp', '--chrg', '0', '--norestart', '--parallel', '1', '--alpb', 'water', 'reference', '-I', 'xtb_sp-xcontrol-inp']...
2025-04-05 03:22:09,276 -   censo.qm_processor   -  DEBUG   - worker2681918:Started (PID: 2681933).
2025-04-05 03:22:09,280 -   censo.qm_processor   -  DEBUG   - worker2681917:Done.
2025-04-05 03:22:09,282 -     censo.parallel     -  DEBUG   - Free cores increased 0 -> 1.
2025-04-05 03:22:09,298 -   censo.qm_processor   -  DEBUG   - worker2681920:Done.
2025-04-05 03:22:09,300 -     censo.parallel     -  DEBUG   - Free cores increased 1 -> 2.
2025-04-05 03:22:09,325 -   censo.qm_processor   -  DEBUG   - worker2681918:Done.
2025-04-05 03:22:09,327 -     censo.parallel     -  DEBUG   - Free cores increased 2 -> 3.
2025-04-05 03:22:09,334 -     censo.parallel     -  DEBUG   - Checking for failed jobs...
2025-04-05 03:22:09,335 -     censo.parallel     -   INFO   - All jobs executed successfully.
2025-04-05 03:22:09,341 -     censo.parallel     -  DEBUG   - Free cores decreased 3 -> 2.
2025-04-05 03:22:09,346 -   censo.qm_processor   -  DEBUG   - worker2681951:Running on 1 cores.
2025-04-05 03:22:09,346 -     censo.parallel     -  DEBUG   - Free cores decreased 2 -> 1.
2025-04-05 03:22:09,347 -     censo.parallel     -  DEBUG   - Free cores decreased 1 -> 0.
2025-04-05 03:22:09,347 -   censo.qm_processor   -  DEBUG   - worker2681952:Running on 1 cores.
2025-04-05 03:22:09,348 -   censo.qm_processor   -  DEBUG   - worker2681954:Running on 1 cores.
2025-04-05 03:22:09,350 -   censo.qm_processor   -   INFO   - worker2681951:Running sp calculation in /srv/scratch/z5358697/.automated/4452/0_PRESCREENING/CONF1/sp.
2025-04-05 03:22:09,352 -   censo.qm_processor   -   INFO   - worker2681952:Running sp calculation in /srv/scratch/z5358697/.automated/4452/0_PRESCREENING/CONF2/sp.
2025-04-05 03:22:09,354 -   censo.qm_processor   -   INFO   - worker2681954:Running sp calculation in /srv/scratch/z5358697/.automated/4452/0_PRESCREENING/CONF3/sp.
2025-04-05 03:22:09,365 -   censo.qm_processor   -  DEBUG   - worker2681951:Running ['/apps/z_install_tree/linux-rocky8-ivybridge/gcc-12.2.0/orca-6.0.0-srtngmq3qlimg2qxbl6avaaiffipurdx/bin/orca', 'sp.inp']...
2025-04-05 03:22:09,368 -   censo.qm_processor   -  DEBUG   - worker2681954:Running ['/apps/z_install_tree/linux-rocky8-ivybridge/gcc-12.2.0/orca-6.0.0-srtngmq3qlimg2qxbl6avaaiffipurdx/bin/orca', 'sp.inp']...
2025-04-05 03:22:09,371 -   censo.qm_processor   -  DEBUG   - worker2681951:Started (PID: 2681962).
2025-04-05 03:22:09,372 -   censo.qm_processor   -  DEBUG   - worker2681954:Started (PID: 2681963).
2025-04-05 03:22:09,375 -   censo.qm_processor   -  DEBUG   - worker2681952:Running ['/apps/z_install_tree/linux-rocky8-ivybridge/gcc-12.2.0/orca-6.0.0-srtngmq3qlimg2qxbl6avaaiffipurdx/bin/orca', 'sp.inp']...
2025-04-05 03:22:09,379 -   censo.qm_processor   -  DEBUG   - worker2681952:Started (PID: 2681964).
2025-04-05 03:22:16,914 -   censo.qm_processor   -  DEBUG   - worker2681954:Done.
2025-04-05 03:22:16,920 -     censo.parallel     -  DEBUG   - Free cores increased 0 -> 1.
2025-04-05 03:22:16,963 -   censo.qm_processor   -  DEBUG   - worker2681951:Done.
2025-04-05 03:22:16,965 -   censo.qm_processor   -  DEBUG   - worker2681952:Done.
2025-04-05 03:22:16,967 -     censo.parallel     -  DEBUG   - Free cores increased 1 -> 2.
2025-04-05 03:22:16,970 -     censo.parallel     -  DEBUG   - Free cores increased 2 -> 3.
2025-04-05 03:22:16,977 -     censo.parallel     -  DEBUG   - Checking for failed jobs...
2025-04-05 03:22:16,978 -     censo.parallel     -   INFO   - All jobs executed successfully.
2025-04-05 03:22:16,978 -censo.ensembleopt.prescreening-  DEBUG   - Writing to /srv/scratch/z5358697/.automated/4452/0_PRESCREENING.out.
2025-04-05 03:22:17,030 -     censo.parallel     -  DEBUG   - Free cores decreased 3 -> 2.
2025-04-05 03:22:17,035 -     censo.parallel     -  DEBUG   - Free cores decreased 2 -> 1.
2025-04-05 03:22:17,037 -   censo.qm_processor   -  DEBUG   - worker2682006:Running on 1 cores.
2025-04-05 03:22:17,037 -   censo.qm_processor   -  DEBUG   - worker2682005:Running on 1 cores.
2025-04-05 03:22:17,037 -     censo.parallel     -  DEBUG   - Free cores decreased 1 -> 0.
2025-04-05 03:22:17,038 -   censo.qm_processor   -  DEBUG   - worker2682007:Running on 1 cores.
2025-04-05 03:22:17,087 -   censo.qm_processor   -   INFO   - worker2682006:Running gsolv calculation in /srv/scratch/z5358697/.automated/4452/1_SCREENING/CONF1/gsolv.
2025-04-05 03:22:17,105 -  censo.orca_processor  -  DEBUG   - worker2682006:Copying .gbw file from /srv/scratch/z5358697/.automated/4452/0_PRESCREENING/CONF1/sp/sp.gbw.
2025-04-05 03:22:17,133 -   censo.qm_processor   -  DEBUG   - worker2682006:Running ['/apps/z_install_tree/linux-rocky8-ivybridge/gcc-12.2.0/orca-6.0.0-srtngmq3qlimg2qxbl6avaaiffipurdx/bin/orca', 'sp_gas.inp']...
2025-04-05 03:22:17,135 -   censo.qm_processor   -   INFO   - worker2682005:Running gsolv calculation in /srv/scratch/z5358697/.automated/4452/1_SCREENING/CONF2/gsolv.
2025-04-05 03:22:17,139 -   censo.qm_processor   -  DEBUG   - worker2682006:Started (PID: 2682016).
2025-04-05 03:22:17,148 -  censo.orca_processor  -  DEBUG   - worker2682005:Copying .gbw file from /srv/scratch/z5358697/.automated/4452/0_PRESCREENING/CONF2/sp/sp.gbw.
2025-04-05 03:22:17,174 -   censo.qm_processor   -  DEBUG   - worker2682005:Running ['/apps/z_install_tree/linux-rocky8-ivybridge/gcc-12.2.0/orca-6.0.0-srtngmq3qlimg2qxbl6avaaiffipurdx/bin/orca', 'sp_gas.inp']...
2025-04-05 03:22:17,180 -   censo.qm_processor   -  DEBUG   - worker2682005:Started (PID: 2682017).
2025-04-05 03:22:17,202 -   censo.qm_processor   -   INFO   - worker2682007:Running gsolv calculation in /srv/scratch/z5358697/.automated/4452/1_SCREENING/CONF3/gsolv.
2025-04-05 03:22:17,215 -  censo.orca_processor  -  DEBUG   - worker2682007:Copying .gbw file from /srv/scratch/z5358697/.automated/4452/0_PRESCREENING/CONF3/sp/sp.gbw.
2025-04-05 03:22:17,242 -   censo.qm_processor   -  DEBUG   - worker2682007:Running ['/apps/z_install_tree/linux-rocky8-ivybridge/gcc-12.2.0/orca-6.0.0-srtngmq3qlimg2qxbl6avaaiffipurdx/bin/orca', 'sp_gas.inp']...
2025-04-05 03:22:17,248 -   censo.qm_processor   -  DEBUG   - worker2682007:Started (PID: 2682018).
2025-04-05 03:22:34,894 -   censo.qm_processor   -  DEBUG   - worker2682007:Done.
2025-04-05 03:22:34,900 -   censo.qm_processor   -  DEBUG   - worker2682005:Done.
2025-04-05 03:22:34,911 -  censo.orca_processor  -  DEBUG   - worker2682007:Copying .gbw file from /srv/scratch/z5358697/.automated/4452/0_PRESCREENING/CONF3/sp/sp.gbw.
2025-04-05 03:22:34,919 -  censo.orca_processor  -  DEBUG   - worker2682005:Copying .gbw file from /srv/scratch/z5358697/.automated/4452/0_PRESCREENING/CONF2/sp/sp.gbw.
2025-04-05 03:22:34,937 -   censo.qm_processor   -  DEBUG   - worker2682007:Running ['/apps/z_install_tree/linux-rocky8-ivybridge/gcc-12.2.0/orca-6.0.0-srtngmq3qlimg2qxbl6avaaiffipurdx/bin/orca', 'sp_solv.inp']...
2025-04-05 03:22:34,945 -   censo.qm_processor   -  DEBUG   - worker2682007:Started (PID: 2682061).
2025-04-05 03:22:34,945 -   censo.qm_processor   -  DEBUG   - worker2682005:Running ['/apps/z_install_tree/linux-rocky8-ivybridge/gcc-12.2.0/orca-6.0.0-srtngmq3qlimg2qxbl6avaaiffipurdx/bin/orca', 'sp_solv.inp']...
2025-04-05 03:22:34,949 -   censo.qm_processor   -  DEBUG   - worker2682005:Started (PID: 2682062).
2025-04-05 03:22:34,958 -   censo.qm_processor   -  DEBUG   - worker2682006:Done.
2025-04-05 03:22:34,976 -  censo.orca_processor  -  DEBUG   - worker2682006:Copying .gbw file from /srv/scratch/z5358697/.automated/4452/0_PRESCREENING/CONF1/sp/sp.gbw.
2025-04-05 03:22:35,006 -   censo.qm_processor   -  DEBUG   - worker2682006:Running ['/apps/z_install_tree/linux-rocky8-ivybridge/gcc-12.2.0/orca-6.0.0-srtngmq3qlimg2qxbl6avaaiffipurdx/bin/orca', 'sp_solv.inp']...
2025-04-05 03:22:35,008 -   censo.qm_processor   -  DEBUG   - worker2682006:Started (PID: 2682063).
2025-04-05 03:22:56,203 -   censo.qm_processor   -  DEBUG   - worker2682005:Done.
2025-04-05 03:22:56,209 -     censo.parallel     -  DEBUG   - Free cores increased 0 -> 1.
2025-04-05 03:22:56,327 -   censo.qm_processor   -  DEBUG   - worker2682007:Done.
2025-04-05 03:22:56,332 -     censo.parallel     -  DEBUG   - Free cores increased 1 -> 2.
2025-04-05 03:22:56,432 -   censo.qm_processor   -  DEBUG   - worker2682006:Done.
2025-04-05 03:22:56,437 -     censo.parallel     -  DEBUG   - Free cores increased 2 -> 3.
2025-04-05 03:22:56,444 -     censo.parallel     -  DEBUG   - Checking for failed jobs...
2025-04-05 03:22:56,444 -     censo.parallel     -   INFO   - All jobs executed successfully.
2025-04-05 03:22:56,494 -     censo.parallel     -  DEBUG   - Free cores decreased 3 -> 2.
2025-04-05 03:22:56,498 -     censo.parallel     -  DEBUG   - Free cores decreased 2 -> 1.
2025-04-05 03:22:56,499 -   censo.qm_processor   -  DEBUG   - worker2682237:Running on 1 cores.
2025-04-05 03:22:56,499 -     censo.parallel     -  DEBUG   - Free cores decreased 1 -> 0.
2025-04-05 03:22:56,499 -   censo.qm_processor   -  DEBUG   - worker2682236:Running on 1 cores.
2025-04-05 03:22:56,500 -   censo.qm_processor   -  DEBUG   - worker2682239:Running on 1 cores.
2025-04-05 03:22:56,551 -   censo.qm_processor   -   INFO   - worker2682237:Running xtb_opt calculation in /srv/scratch/z5358697/.automated/4452/2_OPTIMIZATION/CONF1/xtb_opt.
2025-04-05 03:22:56,579 -   censo.qm_processor   -   INFO   - worker2682239:Running xtb_opt calculation in /srv/scratch/z5358697/.automated/4452/2_OPTIMIZATION/CONF3/xtb_opt.
2025-04-05 03:22:56,596 -  censo.orca_processor  -  DEBUG   - worker2682237:Copying .gbw file from /srv/scratch/z5358697/.automated/4452/1_SCREENING/CONF1/gsolv/sp_solv.gbw.
2025-04-05 03:22:56,623 -   censo.qm_processor   -  DEBUG   - worker2682237:Running ['/srv/scratch/z5358697/.xtb/bin/xtb', 'xtb_opt.coord', '--opt', 'normal', '--orca', '-I', 'xtb_opt-xcontrol-inp']...
2025-04-05 03:22:56,628 -   censo.qm_processor   -  DEBUG   - worker2682237:Started (PID: 2682248).
2025-04-05 03:22:56,631 -  censo.orca_processor  -  DEBUG   - worker2682239:Copying .gbw file from /srv/scratch/z5358697/.automated/4452/1_SCREENING/CONF3/gsolv/sp_solv.gbw.
2025-04-05 03:22:56,632 -   censo.qm_processor   -   INFO   - worker2682236:Running xtb_opt calculation in /srv/scratch/z5358697/.automated/4452/2_OPTIMIZATION/CONF2/xtb_opt.
2025-04-05 03:22:56,657 -   censo.qm_processor   -  DEBUG   - worker2682239:Running ['/srv/scratch/z5358697/.xtb/bin/xtb', 'xtb_opt.coord', '--opt', 'normal', '--orca', '-I', 'xtb_opt-xcontrol-inp']...
2025-04-05 03:22:56,672 -   censo.qm_processor   -  DEBUG   - worker2682239:Started (PID: 2682253).
2025-04-05 03:22:56,673 -  censo.orca_processor  -  DEBUG   - worker2682236:Copying .gbw file from /srv/scratch/z5358697/.automated/4452/1_SCREENING/CONF2/gsolv/sp_solv.gbw.
2025-04-05 03:22:56,700 -   censo.qm_processor   -  DEBUG   - worker2682236:Running ['/srv/scratch/z5358697/.xtb/bin/xtb', 'xtb_opt.coord', '--opt', 'normal', '--orca', '-I', 'xtb_opt-xcontrol-inp']...
2025-04-05 03:22:56,707 -   censo.qm_processor   -  DEBUG   - worker2682236:Started (PID: 2682276).
2025-04-05 03:24:48,326 -   censo.qm_processor   -  DEBUG   - worker2682239:Done.
2025-04-05 03:24:48,337 -     censo.parallel     -  DEBUG   - Free cores increased 0 -> 1.
2025-04-05 03:24:50,199 -   censo.qm_processor   -  DEBUG   - worker2682236:Done.
2025-04-05 03:24:50,209 -     censo.parallel     -  DEBUG   - Free cores increased 1 -> 2.
2025-04-05 03:26:39,142 -   censo.qm_processor   -  DEBUG   - worker2682237:Done.
2025-04-05 03:26:39,158 -     censo.parallel     -  DEBUG   - Free cores increased 2 -> 3.
2025-04-05 03:26:39,166 -     censo.parallel     -  DEBUG   - Checking for failed jobs...
2025-04-05 03:26:39,166 -     censo.parallel     -   INFO   - All jobs executed successfully.
2025-04-05 03:26:39,172 -     censo.parallel     -  DEBUG   - Free cores decreased 3 -> 2.
2025-04-05 03:26:39,177 -     censo.parallel     -  DEBUG   - Free cores decreased 2 -> 1.
2025-04-05 03:26:39,177 -     censo.parallel     -  DEBUG   - Free cores decreased 1 -> 0.
2025-04-05 03:26:39,178 -   censo.qm_processor   -  DEBUG   - worker2683149:Running on 1 cores.
2025-04-05 03:26:39,179 -   censo.qm_processor   -  DEBUG   - worker2683152:Running on 1 cores.
2025-04-05 03:26:39,179 -   censo.qm_processor   -  DEBUG   - worker2683150:Running on 1 cores.
2025-04-05 03:26:39,196 -   censo.qm_processor   -   INFO   - worker2683149:Running xtb_rrho calculation in /srv/scratch/z5358697/.automated/4452/2_OPTIMIZATION/CONF1/xtb_rrho.
2025-04-05 03:26:39,208 -   censo.qm_processor   -   INFO   - worker2683152:Running xtb_rrho calculation in /srv/scratch/z5358697/.automated/4452/2_OPTIMIZATION/CONF2/xtb_rrho.
2025-04-05 03:26:39,217 -   censo.qm_processor   -   INFO   - worker2683150:Running xtb_rrho calculation in /srv/scratch/z5358697/.automated/4452/2_OPTIMIZATION/CONF3/xtb_rrho.
2025-04-05 03:26:39,217 -   censo.qm_processor   -  DEBUG   - worker2683149:Running ['/srv/scratch/z5358697/.xtb/bin/xtb', 'xtb_rrho.coord', '--gfn2', '--bhess', 'vtight', '--chrg', '0', '--enso', '--norestart', '-I', 'rrho-xcontrol-inp', '--parallel', '1', '--alpb', 'water']...
2025-04-05 03:26:39,224 -   censo.qm_processor   -  DEBUG   - worker2683149:Started (PID: 2683160).
2025-04-05 03:26:39,256 -   censo.qm_processor   -  DEBUG   - worker2683152:Running ['/srv/scratch/z5358697/.xtb/bin/xtb', 'xtb_rrho.coord', '--gfn2', '--bhess', 'vtight', '--chrg', '0', '--enso', '--norestart', '-I', 'rrho-xcontrol-inp', '--parallel', '1', '--alpb', 'water']...
2025-04-05 03:26:39,259 -   censo.qm_processor   -  DEBUG   - worker2683152:Started (PID: 2683161).
2025-04-05 03:26:39,295 -   censo.qm_processor   -  DEBUG   - worker2683150:Running ['/srv/scratch/z5358697/.xtb/bin/xtb', 'xtb_rrho.coord', '--gfn2', '--bhess', 'vtight', '--chrg', '0', '--enso', '--norestart', '-I', 'rrho-xcontrol-inp', '--parallel', '1', '--alpb', 'water']...
2025-04-05 03:26:39,299 -   censo.qm_processor   -  DEBUG   - worker2683150:Started (PID: 2683162).
2025-04-05 03:26:40,422 -   censo.qm_processor   -  DEBUG   - worker2683152:Done.
2025-04-05 03:26:40,426 -     censo.parallel     -  DEBUG   - Free cores increased 0 -> 1.
2025-04-05 03:26:40,476 -   censo.qm_processor   -  DEBUG   - worker2683150:Done.
2025-04-05 03:26:40,479 -     censo.parallel     -  DEBUG   - Free cores increased 1 -> 2.
2025-04-05 03:26:40,526 -   censo.qm_processor   -  DEBUG   - worker2683149:Done.
2025-04-05 03:26:40,529 -     censo.parallel     -  DEBUG   - Free cores increased 2 -> 3.
2025-04-05 03:26:40,538 -     censo.parallel     -  DEBUG   - Checking for failed jobs...
2025-04-05 03:26:40,538 -     censo.parallel     -   INFO   - All jobs executed successfully.
2025-04-05 03:26:40,538 -censo.ensembleopt.optimization-   INFO   - Threshold: 2.00 kcal/mol
2025-04-05 03:26:40,544 -     censo.parallel     -  DEBUG   - Free cores decreased 3 -> 2.
2025-04-05 03:26:40,550 -   censo.qm_processor   -  DEBUG   - worker2683182:Running on 1 cores.
2025-04-05 03:26:40,551 -   censo.qm_processor   -   INFO   - worker2683182:Running xtb_opt calculation in /srv/scratch/z5358697/.automated/4452/2_OPTIMIZATION/CONF1/xtb_opt.
2025-04-05 03:26:40,584 -   censo.qm_processor   -  DEBUG   - worker2683182:Running ['/srv/scratch/z5358697/.xtb/bin/xtb', 'xtb_opt.coord', '--opt', 'normal', '--orca', '-I', 'xtb_opt-xcontrol-inp']...
2025-04-05 03:26:40,589 -   censo.qm_processor   -  DEBUG   - worker2683182:Started (PID: 2683193).
2025-04-05 03:27:37,515 -   censo.qm_processor   -  DEBUG   - worker2683182:Done.
2025-04-05 03:27:37,525 -     censo.parallel     -  DEBUG   - Free cores increased 2 -> 3.
2025-04-05 03:27:37,532 -     censo.parallel     -  DEBUG   - Checking for failed jobs...
2025-04-05 03:27:37,532 -     censo.parallel     -   INFO   - All jobs executed successfully.
2025-04-05 03:27:37,532 -censo.ensembleopt.optimization-   INFO   - Threshold: 1.50 kcal/mol
2025-04-05 03:27:37,532 -   censo.ensembledata   -  DEBUG   - Removed CONF3.
2025-04-05 03:27:37,539 -     censo.parallel     -  DEBUG   - Free cores decreased 3 -> 2.
2025-04-05 03:27:37,543 -     censo.parallel     -  DEBUG   - Free cores decreased 2 -> 1.
2025-04-05 03:27:37,543 -   censo.qm_processor   -  DEBUG   - worker2683365:Running on 1 cores.
2025-04-05 03:27:37,544 -   censo.qm_processor   -  DEBUG   - worker2683366:Running on 1 cores.
2025-04-05 03:27:37,545 -   censo.qm_processor   -   INFO   - worker2683365:Running xtb_rrho calculation in /srv/scratch/z5358697/.automated/4452/2_OPTIMIZATION/CONF1/xtb_rrho.
2025-04-05 03:27:37,546 -   censo.qm_processor   -   INFO   - worker2683366:Running xtb_rrho calculation in /srv/scratch/z5358697/.automated/4452/2_OPTIMIZATION/CONF2/xtb_rrho.
2025-04-05 03:27:37,576 -   censo.qm_processor   -  DEBUG   - worker2683365:Running ['/srv/scratch/z5358697/.xtb/bin/xtb', 'xtb_rrho.coord', '--gfn2', '--ohess', 'vtight', '--chrg', '0', '--enso', '--norestart', '-I', 'rrho-xcontrol-inp', '--parallel', '1', '--alpb', 'water']...
2025-04-05 03:27:37,579 -   censo.qm_processor   -  DEBUG   - worker2683366:Running ['/srv/scratch/z5358697/.xtb/bin/xtb', 'xtb_rrho.coord', '--gfn2', '--ohess', 'vtight', '--chrg', '0', '--enso', '--norestart', '-I', 'rrho-xcontrol-inp', '--parallel', '1', '--alpb', 'water']...
2025-04-05 03:27:37,584 -   censo.qm_processor   -  DEBUG   - worker2683365:Started (PID: 2683376).
2025-04-05 03:27:37,585 -   censo.qm_processor   -  DEBUG   - worker2683366:Started (PID: 2683377).
2025-04-05 03:27:38,737 -   censo.qm_processor   -  DEBUG   - worker2683366:Done.
2025-04-05 03:27:38,740 -     censo.parallel     -  DEBUG   - Free cores increased 1 -> 2.
2025-04-05 03:27:38,878 -   censo.qm_processor   -  DEBUG   - worker2683365:Done.
2025-04-05 03:27:38,881 -     censo.parallel     -  DEBUG   - Free cores increased 2 -> 3.
2025-04-05 03:27:38,887 -     censo.parallel     -  DEBUG   - Checking for failed jobs...
2025-04-05 03:27:38,887 -     censo.parallel     -   INFO   - All jobs executed successfully.
2025-04-05 03:27:38,888 -censo.ensembleopt.optimization-  DEBUG   - Writing to /srv/scratch/z5358697/.automated/4452/2_OPTIMIZATION.out.
2025-04-05 03:27:38,900 -censo.ensembleopt.optimization-  DEBUG   - Writing to /srv/scratch/z5358697/.automated/4452/2_OPTIMIZATION.out.
2025-04-05 03:27:38,946 -     censo.parallel     -  DEBUG   - Free cores decreased 3 -> 2.
2025-04-05 03:27:38,951 -     censo.parallel     -  DEBUG   - Free cores decreased 2 -> 1.
2025-04-05 03:27:38,951 -   censo.qm_processor   -  DEBUG   - worker2683396:Running on 1 cores.
2025-04-05 03:27:38,952 -   censo.qm_processor   -  DEBUG   - worker2683397:Running on 1 cores.
2025-04-05 03:27:38,976 -   censo.qm_processor   -   INFO   - worker2683397:Running gsolv calculation in /srv/scratch/z5358697/.automated/4452/3_REFINEMENT/CONF2/gsolv.
2025-04-05 03:27:38,992 -  censo.orca_processor  -  DEBUG   - worker2683397:Copying .gbw file from /srv/scratch/z5358697/.automated/4452/2_OPTIMIZATION/CONF2/xtb_opt/xtb_opt.gbw.
2025-04-05 03:27:39,020 -   censo.qm_processor   -  DEBUG   - worker2683397:Running ['/apps/z_install_tree/linux-rocky8-ivybridge/gcc-12.2.0/orca-6.0.0-srtngmq3qlimg2qxbl6avaaiffipurdx/bin/orca', 'sp_gas.inp']...
2025-04-05 03:27:39,025 -   censo.qm_processor   -   INFO   - worker2683396:Running gsolv calculation in /srv/scratch/z5358697/.automated/4452/3_REFINEMENT/CONF1/gsolv.
2025-04-05 03:27:39,025 -   censo.qm_processor   -  DEBUG   - worker2683397:Started (PID: 2683407).
2025-04-05 03:27:39,038 -  censo.orca_processor  -  DEBUG   - worker2683396:Copying .gbw file from /srv/scratch/z5358697/.automated/4452/2_OPTIMIZATION/CONF1/xtb_opt/xtb_opt.gbw.
2025-04-05 03:27:39,066 -   censo.qm_processor   -  DEBUG   - worker2683396:Running ['/apps/z_install_tree/linux-rocky8-ivybridge/gcc-12.2.0/orca-6.0.0-srtngmq3qlimg2qxbl6avaaiffipurdx/bin/orca', 'sp_gas.inp']...
2025-04-05 03:27:39,071 -   censo.qm_processor   -  DEBUG   - worker2683396:Started (PID: 2683408).
2025-04-05 03:29:55,002 -   censo.qm_processor   -  DEBUG   - worker2683397:Done.
2025-04-05 03:29:55,025 -  censo.orca_processor  -  DEBUG   - worker2683397:Copying .gbw file from /srv/scratch/z5358697/.automated/4452/2_OPTIMIZATION/CONF2/xtb_opt/xtb_opt.gbw.
2025-04-05 03:29:55,051 -   censo.qm_processor   -  DEBUG   - worker2683397:Running ['/apps/z_install_tree/linux-rocky8-ivybridge/gcc-12.2.0/orca-6.0.0-srtngmq3qlimg2qxbl6avaaiffipurdx/bin/orca', 'sp_solv.inp']...
2025-04-05 03:29:55,055 -   censo.qm_processor   -  DEBUG   - worker2683397:Started (PID: 2683791).
2025-04-05 03:29:56,550 -   censo.qm_processor   -  DEBUG   - worker2683396:Done.
2025-04-05 03:29:56,572 -  censo.orca_processor  -  DEBUG   - worker2683396:Copying .gbw file from /srv/scratch/z5358697/.automated/4452/2_OPTIMIZATION/CONF1/xtb_opt/xtb_opt.gbw.
2025-04-05 03:29:56,607 -   censo.qm_processor   -  DEBUG   - worker2683396:Running ['/apps/z_install_tree/linux-rocky8-ivybridge/gcc-12.2.0/orca-6.0.0-srtngmq3qlimg2qxbl6avaaiffipurdx/bin/orca', 'sp_solv.inp']...
2025-04-05 03:29:56,610 -   censo.qm_processor   -  DEBUG   - worker2683396:Started (PID: 2683798).
2025-04-05 03:32:17,601 -   censo.qm_processor   -  DEBUG   - worker2683397:Done.
2025-04-05 03:32:17,609 -     censo.parallel     -  DEBUG   - Free cores increased 1 -> 2.
2025-04-05 03:32:19,887 -   censo.qm_processor   -  DEBUG   - worker2683396:Done.
2025-04-05 03:32:19,894 -     censo.parallel     -  DEBUG   - Free cores increased 2 -> 3.
2025-04-05 03:32:19,901 -     censo.parallel     -  DEBUG   - Checking for failed jobs...
2025-04-05 03:32:19,901 -     censo.parallel     -   INFO   - All jobs executed successfully.
2025-04-05 03:32:19,902 -censo.ensembleopt.refinement-  DEBUG   - Writing to /srv/scratch/z5358697/.automated/4452/3_REFINEMENT.out.
