2025-04-03 21:43:32,192 -     censo.parallel     -  DEBUG   - Free cores decreased 1 -> 0.
2025-04-03 21:43:32,198 -   censo.qm_processor   -  DEBUG   - worker2163984:Running on 1 cores.
2025-04-03 21:43:32,223 -   censo.qm_processor   -   INFO   - worker2163984:Running xtb_gsolv calculation in /srv/scratch/z5358697/.automated/4090/0_PRESCREENING/CONF1/xtb_gsolv.
2025-04-03 21:43:32,325 -   censo.qm_processor   -  DEBUG   - worker2163984:Running ['/srv/scratch/z5358697/.xtb/bin/xtb', 'gas.coord', '--gfn2', '--sp', '--chrg', '0', '--norestart', '--parallel', '1']...
2025-04-03 21:43:32,332 -   censo.qm_processor   -  DEBUG   - worker2163984:Started (PID: 2163995).
2025-04-03 21:43:32,432 -   censo.qm_processor   -  DEBUG   - worker2163984:Done.
2025-04-03 21:43:32,456 -   censo.qm_processor   -  DEBUG   - worker2163984:Running ['/srv/scratch/z5358697/.xtb/bin/xtb', 'solv.coord', '--gfn2', '--sp', '--chrg', '0', '--norestart', '--parallel', '1', '--alpb', 'water', 'reference', '-I', 'xtb_sp-xcontrol-inp']...
2025-04-03 21:43:32,460 -   censo.qm_processor   -  DEBUG   - worker2163984:Started (PID: 2164024).
2025-04-03 21:43:32,562 -   censo.qm_processor   -  DEBUG   - worker2163984:Done.
2025-04-03 21:43:32,565 -     censo.parallel     -  DEBUG   - Free cores increased 0 -> 1.
2025-04-03 21:43:32,572 -     censo.parallel     -  DEBUG   - Checking for failed jobs...
2025-04-03 21:43:32,572 -     censo.parallel     -   INFO   - All jobs executed successfully.
2025-04-03 21:43:32,579 -     censo.parallel     -  DEBUG   - Free cores decreased 1 -> 0.
2025-04-03 21:43:32,584 -   censo.qm_processor   -  DEBUG   - worker2164044:Running on 1 cores.
2025-04-03 21:43:32,607 -   censo.qm_processor   -   INFO   - worker2164044:Running sp calculation in /srv/scratch/z5358697/.automated/4090/0_PRESCREENING/CONF1/sp.
2025-04-03 21:43:33,415 -   censo.qm_processor   -  DEBUG   - worker2164044:Running ['/apps/z_install_tree/linux-rocky8-ivybridge/gcc-12.2.0/orca-6.0.0-srtngmq3qlimg2qxbl6avaaiffipurdx/bin/orca', 'sp.inp']...
2025-04-03 21:43:33,421 -   censo.qm_processor   -  DEBUG   - worker2164044:Started (PID: 2164060).
2025-04-03 21:44:01,412 -   censo.qm_processor   -  DEBUG   - worker2164044:Done.
2025-04-03 21:44:01,421 -     censo.parallel     -  DEBUG   - Free cores increased 0 -> 1.
2025-04-03 21:44:01,429 -     censo.parallel     -  DEBUG   - Checking for failed jobs...
2025-04-03 21:44:01,429 -     censo.parallel     -   INFO   - All jobs executed successfully.
2025-04-03 21:44:01,430 -censo.ensembleopt.prescreening-  DEBUG   - Writing to /srv/scratch/z5358697/.automated/4090/0_PRESCREENING.out.
2025-04-03 21:44:01,473 -     censo.parallel     -  DEBUG   - Free cores decreased 1 -> 0.
2025-04-03 21:44:01,478 -   censo.qm_processor   -  DEBUG   - worker2166100:Running on 1 cores.
2025-04-03 21:44:01,522 -   censo.qm_processor   -   INFO   - worker2166100:Running gsolv calculation in /srv/scratch/z5358697/.automated/4090/1_SCREENING/CONF1/gsolv.
2025-04-03 21:44:01,564 -  censo.orca_processor  -  DEBUG   - worker2166100:Copying .gbw file from /srv/scratch/z5358697/.automated/4090/0_PRESCREENING/CONF1/sp/sp.gbw.
2025-04-03 21:44:01,595 -   censo.qm_processor   -  DEBUG   - worker2166100:Running ['/apps/z_install_tree/linux-rocky8-ivybridge/gcc-12.2.0/orca-6.0.0-srtngmq3qlimg2qxbl6avaaiffipurdx/bin/orca', 'sp_gas.inp']...
2025-04-03 21:44:01,601 -   censo.qm_processor   -  DEBUG   - worker2166100:Started (PID: 2166110).
2025-04-03 21:45:47,183 -   censo.qm_processor   -  DEBUG   - worker2166100:Done.
2025-04-03 21:45:47,204 -  censo.orca_processor  -  DEBUG   - worker2166100:Copying .gbw file from /srv/scratch/z5358697/.automated/4090/0_PRESCREENING/CONF1/sp/sp.gbw.
2025-04-03 21:45:47,231 -   censo.qm_processor   -  DEBUG   - worker2166100:Running ['/apps/z_install_tree/linux-rocky8-ivybridge/gcc-12.2.0/orca-6.0.0-srtngmq3qlimg2qxbl6avaaiffipurdx/bin/orca', 'sp_solv.inp']...
2025-04-03 21:45:47,599 -   censo.qm_processor   -  DEBUG   - worker2166100:Started (PID: 2167423).
2025-04-03 21:47:58,245 -   censo.qm_processor   -  DEBUG   - worker2166100:Done.
2025-04-03 21:47:58,257 -     censo.parallel     -  DEBUG   - Free cores increased 0 -> 1.
2025-04-03 21:47:58,264 -     censo.parallel     -  DEBUG   - Checking for failed jobs...
2025-04-03 21:47:58,264 -     censo.parallel     -   INFO   - All jobs executed successfully.
2025-04-03 21:47:58,299 -     censo.parallel     -  DEBUG   - Free cores decreased 1 -> 0.
2025-04-03 21:47:58,305 -   censo.qm_processor   -  DEBUG   - worker2169019:Running on 1 cores.
2025-04-03 21:47:58,326 -   censo.qm_processor   -   INFO   - worker2169019:Running xtb_opt calculation in /srv/scratch/z5358697/.automated/4090/2_OPTIMIZATION/CONF1/xtb_opt.
2025-04-03 21:47:58,358 -  censo.orca_processor  -  DEBUG   - worker2169019:Copying .gbw file from /srv/scratch/z5358697/.automated/4090/1_SCREENING/CONF1/gsolv/sp_solv.gbw.
2025-04-03 21:47:58,387 -   censo.qm_processor   -  DEBUG   - worker2169019:Running ['/srv/scratch/z5358697/.xtb/bin/xtb', 'xtb_opt.coord', '--opt', 'normal', '--orca', '-I', 'xtb_opt-xcontrol-inp']...
2025-04-03 21:47:58,394 -   censo.qm_processor   -  DEBUG   - worker2169019:Started (PID: 2169026).
2025-04-03 22:05:42,648 -   censo.qm_processor   -  DEBUG   - worker2169019:Done.
2025-04-03 22:05:42,663 -     censo.parallel     -  DEBUG   - Free cores increased 0 -> 1.
2025-04-03 22:05:42,670 -     censo.parallel     -  DEBUG   - Checking for failed jobs...
2025-04-03 22:05:42,670 -     censo.parallel     -   INFO   - All jobs executed successfully.
2025-04-03 22:05:42,676 -     censo.parallel     -  DEBUG   - Free cores decreased 1 -> 0.
2025-04-03 22:05:42,681 -   censo.qm_processor   -  DEBUG   - worker2186517:Running on 1 cores.
2025-04-03 22:05:42,688 -   censo.qm_processor   -   INFO   - worker2186517:Running xtb_rrho calculation in /srv/scratch/z5358697/.automated/4090/2_OPTIMIZATION/CONF1/xtb_rrho.
2025-04-03 22:05:42,728 -   censo.qm_processor   -  DEBUG   - worker2186517:Running ['/srv/scratch/z5358697/.xtb/bin/xtb', 'xtb_rrho.coord', '--gfn2', '--ohess', 'vtight', '--chrg', '0', '--enso', '--norestart', '-I', 'rrho-xcontrol-inp', '--parallel', '1', '--alpb', 'water']...
2025-04-03 22:05:42,769 -   censo.qm_processor   -  DEBUG   - worker2186517:Started (PID: 2186522).
2025-04-03 22:05:49,367 -   censo.qm_processor   -  DEBUG   - worker2186517:Done.
2025-04-03 22:05:49,371 -     censo.parallel     -  DEBUG   - Free cores increased 0 -> 1.
2025-04-03 22:05:49,378 -     censo.parallel     -  DEBUG   - Checking for failed jobs...
2025-04-03 22:05:49,378 -     censo.parallel     -   INFO   - All jobs executed successfully.
2025-04-03 22:05:49,379 -censo.ensembleopt.optimization-  DEBUG   - Writing to /srv/scratch/z5358697/.automated/4090/2_OPTIMIZATION.out.
2025-04-03 22:05:49,390 -censo.ensembleopt.optimization-  DEBUG   - Writing to /srv/scratch/z5358697/.automated/4090/2_OPTIMIZATION.out.
2025-04-03 22:05:49,446 -     censo.parallel     -  DEBUG   - Free cores decreased 1 -> 0.
2025-04-03 22:05:49,451 -   censo.qm_processor   -  DEBUG   - worker2186538:Running on 1 cores.
2025-04-03 22:05:49,511 -   censo.qm_processor   -   INFO   - worker2186538:Running gsolv calculation in /srv/scratch/z5358697/.automated/4090/3_REFINEMENT/CONF1/gsolv.
2025-04-03 22:05:49,525 -  censo.orca_processor  -  DEBUG   - worker2186538:Copying .gbw file from /srv/scratch/z5358697/.automated/4090/2_OPTIMIZATION/CONF1/xtb_opt/xtb_opt.gbw.
2025-04-03 22:05:49,552 -   censo.qm_processor   -  DEBUG   - worker2186538:Running ['/apps/z_install_tree/linux-rocky8-ivybridge/gcc-12.2.0/orca-6.0.0-srtngmq3qlimg2qxbl6avaaiffipurdx/bin/orca', 'sp_gas.inp']...
2025-04-03 22:05:49,557 -   censo.qm_processor   -  DEBUG   - worker2186538:Started (PID: 2186543).
2025-04-03 22:22:07,509 -   censo.qm_processor   -  DEBUG   - worker2186538:Done.
2025-04-03 22:22:08,073 -  censo.orca_processor  -  DEBUG   - worker2186538:Copying .gbw file from /srv/scratch/z5358697/.automated/4090/2_OPTIMIZATION/CONF1/xtb_opt/xtb_opt.gbw.
2025-04-03 22:22:08,140 -   censo.qm_processor   -  DEBUG   - worker2186538:Running ['/apps/z_install_tree/linux-rocky8-ivybridge/gcc-12.2.0/orca-6.0.0-srtngmq3qlimg2qxbl6avaaiffipurdx/bin/orca', 'sp_solv.inp']...
2025-04-03 22:22:08,143 -   censo.qm_processor   -  DEBUG   - worker2186538:Started (PID: 2197974).
2025-04-03 22:39:17,210 -   censo.qm_processor   -  DEBUG   - worker2186538:Done.
2025-04-03 22:39:17,231 -     censo.parallel     -  DEBUG   - Free cores increased 0 -> 1.
2025-04-03 22:39:17,238 -     censo.parallel     -  DEBUG   - Checking for failed jobs...
2025-04-03 22:39:17,238 -     censo.parallel     -   INFO   - All jobs executed successfully.
2025-04-03 22:39:17,238 -censo.ensembleopt.refinement-  DEBUG   - Writing to /srv/scratch/z5358697/.automated/4090/3_REFINEMENT.out.
