19
 energy: -23.033066907452 gnorm: 0.029371655854 xtb: 6.7.1 (edcfbbe)
C           -1.65178822249362       -0.97837659788871       -0.83354056453075
C           -0.90904928746397        0.01130115873383        0.00812336381481
O           -1.51579265246215        0.82057664470853        0.70536652436252
C            0.62564954467454        0.01855220143725        0.00587759686859
C            1.08041580640052       -0.27243868631694        1.44715914881192
C            1.08149785040151        1.42828951420133       -0.40737860280973
C            1.23969871408070       -1.01430838347191       -0.94181090854764
H           -1.37862444042151       -0.85345270028750       -1.88736852509547
H           -1.36065424812769       -1.99804558675749       -0.55809726310535
H           -2.72787014563607       -0.85040069881399       -0.70907359518025
H            0.74388440550759       -1.26177911133566        1.77574719315972
H            2.17413648663100       -0.25212953151578        1.49249933846750
H            0.69021639168457        0.47662250838604        2.14148049328850
H            2.17509496957536        1.47543271783867       -0.39027022257717
H            0.69056348199812        2.18517264811224        0.27762183645332
H            0.74514222427225        1.66808228947376       -1.42187412527035
H            2.33092729756611       -0.94802017110955       -0.88241273366712
H            0.95150458949740       -0.83312046875364       -1.98179045938719
H            0.95381858090180       -2.03586719032534       -0.67382470750204
19
 energy: -23.033912365409 gnorm: 0.008994777775 xtb: 6.7.1 (edcfbbe)
C           -1.63951156950886       -0.97568346162503       -0.83075388169849
C           -0.90647998470077        0.01826732474003        0.01186475699808
O           -1.50858496115840        0.82189623173029        0.70555036209207
C            0.62374226951347        0.01294696661583        0.00096161794236
C            1.08149071132090       -0.27347895954680        1.43871506045381
C            1.08263341263924        1.41983738464940       -0.40711619108739
C            1.24043280729430       -1.01616960347313       -0.94354068296775
H           -1.37395056984566       -0.84377322704131       -1.87909946908735
H           -1.35529307407531       -1.98855310016031       -0.54765837976702
H           -2.71089702014195       -0.84516519931047       -0.70375573226703
H            0.74223462285104       -1.25721211608807        1.76121316464064
H            2.16892149650367       -0.24539999504624        1.49512284390281
H            0.67507705425174        0.47040480674377        2.12170629621754
H            2.16996331982210        1.47863039577049       -0.38250332111814
H            0.67488722937275        2.16489810574916        0.27360738938159
H            0.74463420506644        1.65551913885662       -1.41560416631194
H            2.32604735314986       -0.94964774674536       -0.88454834359992
H            0.95031571376071       -0.83159219570297       -1.97584260959051
H            0.95310833047117       -2.02963419380076       -0.67188492657955
19
 energy: -23.034010191656 gnorm: 0.001608488889 xtb: 6.7.1 (edcfbbe)
C           -1.63329369332742       -0.97413022456875       -0.82885530177728
C           -0.90213315287216        0.02179982133836        0.01554536071503
O           -1.50075588947211        0.82533316345681        0.70668009844626
C            0.62618603633866        0.01089979602109       -0.00114747441337
C            1.08053630144222       -0.27594740593455        1.43747173916141
C            1.08224275981478        1.41882261341020       -0.40901129348690
C            1.23845285979832       -1.01923544294345       -0.94656572762260
H           -1.36891311307333       -0.83865203581047       -1.87408638722935
H           -1.35120977443308       -1.98314414808136       -0.54070383889936
H           -2.70420678994738       -0.84251348629067       -0.70185177030445
H            0.74620939543771       -1.26108671438235        1.75494897428928
H            2.16475220975011       -0.23794027448800        1.49912776066000
H            0.66225527504521        0.46341862679491        2.11652587367749
H            2.16636430407029        1.48408668131330       -0.37421831119962
H            0.66184825186336        2.15915295231349        0.26763367114473
H            0.74980815371052        1.65008156716096       -1.41855264257705
H            2.32184172868827       -0.95128276869732       -0.88733006854856
H            0.94742145263924       -0.83354029922335       -1.97625003833005
H            0.95136503111325       -2.03003186507370       -0.67292683615177
19
 energy: -23.034038998340 gnorm: 0.001944224553 xtb: 6.7.1 (edcfbbe)
C           -1.63389422260866       -0.97354606304671       -0.82696475260438
C           -0.90137725838745        0.02532547084844        0.01583679125915
O           -1.49795766588571        0.82911689966367        0.70762782973634
C            0.62680552929609        0.01023925029940       -0.00258663122571
C            1.08095282862061       -0.27757600121823        1.43665392183386
C            1.08397261028077        1.41866886268323       -0.40981113465308
C            1.23834809378184       -1.02043202707521       -0.94845001483925
H           -1.36927174856561       -0.83716040615022       -1.87118525434072
H           -1.35074823518231       -1.98035163256061       -0.53491445178565
H           -2.70527156231219       -0.84185756251931       -0.69959649331266
H            0.75559820239375       -1.26775358354221        1.74771164876355
H            2.16400897639007       -0.22728352122866        1.50377856221938
H            0.65017927453801        0.45470813204421        2.11589390389021
H            2.16685062968206        1.48989268425478       -0.36143227094019
H            0.65015477426125        2.15819184611879        0.25958195940895
H            0.76210047242569        1.64378668243804       -1.42417881262057
H            2.32176675886816       -0.95250541986612       -0.89016075958265
H            0.94577247973039       -0.83474912589138       -1.97747243669305
H            0.95078140925970       -2.03062392893675       -0.67389781695972
19
 energy: -23.034063697146 gnorm: 0.001784230024 xtb: 6.7.1 (edcfbbe)
C           -1.63658662972505       -0.97298962515929       -0.82429890828432
C           -0.90105138052021        0.02614741782608        0.01720985463212
O           -1.49583396485097        0.83393712945893        0.70662023346713
C            0.62732618509010        0.01049049962704       -0.00343164082842
C            1.08108770105852       -0.27910393768384        1.43614392478410
C            1.08612611178757        1.41909269775317       -0.41030449102426
C            1.23724924827542       -1.02066541526521       -0.95025771287669
H           -1.37084662144221       -0.83888539274158       -1.86878205348671
H           -1.35393519022048       -1.97914896875783       -0.52886172049801
H           -2.70798956296026       -0.83942069120464       -0.69717651713098
H            0.77189898173851       -1.27764253421205        1.73913688293973
H            2.16327247705774       -0.21082223237442        1.50751358397066
H            0.63577015027483        0.44151661609600        2.11910694341526
H            2.16797389412633        1.49582843133458       -0.34180503356948
H            0.63665089857567        2.16086670620635        0.24676813645461
H            0.78291613334234        1.63659901154769       -1.43279451630013
H            2.32117828767539       -0.95248228961639       -0.89363989867809
H            0.94317710649857       -0.83579509441642       -1.97951002569209
H            0.95038752080465       -2.03143177210303       -0.67520325374058
19
 energy: -23.034072352994 gnorm: 0.001025690847 xtb: 6.7.1 (edcfbbe)
C           -1.63805638772373       -0.97320586780550       -0.82215068185853
C           -0.90157942300090        0.02860905937566        0.01403398023653
O           -1.49617387658678        0.83607804832275        0.70445743577052
C            0.62694454601122        0.01121292520686       -0.00390995175146
C            1.08074046363634       -0.27972768111522        1.43518866165751
C            1.08763177508294        1.41906598021402       -0.40967455391752
C            1.23664378139104       -1.01971478085948       -0.95076547280179
H           -1.37405128671982       -0.84294424879512       -1.86791409268726
H           -1.35522159331339       -1.97945256634596       -0.52565877895467
H           -2.70897005367373       -0.83914421036036       -0.69370006689786
H            0.77964779182667       -1.28156792018423        1.73487540486289
H            2.16234781992010       -0.20352809745853        1.50807584181600
H            0.63001513954767        0.43481525670519        2.12050717372227
H            2.16871857028195        1.49657835008872       -0.33079483381974
H            0.63185096980097        2.16270770173280        0.24041420768803
H            0.79512509629145        1.63374920400736       -1.43573133177281
H            2.32071350312441       -0.95176983558927       -0.89452177112010
H            0.94253116336525       -0.83487291708962       -1.98015584057968
H            0.94991334732479       -2.03079784373495       -0.67614154203847
19
 energy: -23.034075844792 gnorm: 0.000347229939 xtb: 6.7.1 (edcfbbe)
C           -1.63843630627953       -0.97360005747696       -0.82048511365027
C           -0.90185909301624        0.02787317279527        0.01446519191674
O           -1.49649521116536        0.83841802423568        0.70127261741194
C            0.62669545706945        0.01148632971121       -0.00441327326746
C            1.08048641193276       -0.27979395637421        1.43420537527296
C            1.08900120913931        1.41882046432295       -0.40889404130756
C            1.23616291997638       -1.01901981197457       -0.95153771074481
H           -1.37465250656687       -0.84672654388364       -1.86684500333777
H           -1.35735542637572       -1.98003403839648       -0.52272956294296
H           -2.70902532462686       -0.83792218105773       -0.69243122552773
H            0.78396379620409       -1.28315654665628        1.73193801610342
H            2.16156442991476       -0.19876055189698        1.50762392151904
H            0.62629011503229        0.43135724250758        2.12036889641612
H            2.16939141385895        1.49709992778499       -0.32337106286167
H            0.62898870892498        2.16283747826743        0.23731899148145
H            0.80296788422748        1.63227914382897       -1.43655967853898
H            2.32013415820911       -0.95120773870448       -0.89581192205274
H            0.94153972830298       -0.83387426482477       -1.98060324981667
H            0.94940898182448       -2.02998553589284       -0.67707737851920
19
 energy: -23.034076838434 gnorm: 0.000229704254 xtb: 6.7.1 (edcfbbe)
C           -1.63828617676248       -0.97438562788469       -0.81942577101035
C           -0.90153174539613        0.02864695870411        0.01339917313933
O           -1.49602581007521        0.84025039808429        0.69907466966770
C            0.62704049948847        0.01177073801720       -0.00490437929858
C            1.07991566967218       -0.28011894020484        1.43400166115404
C            1.08976004445463        1.41929076907945       -0.40850310895657
C            1.23574875787654       -1.01889560305779       -0.95246756612474
H           -1.37496974524649       -0.84928000612144       -1.86610519150282
H           -1.35728406618065       -1.98036542413193       -0.52001927401055
H           -2.70893577412074       -0.83848856424666       -0.69130445518061
H            0.78419358248742       -1.28395034099844        1.73113105325331
H            2.16089611747351       -0.19792162231556        1.50795368943252
H            0.62468441942984        0.43054079925238        2.12014807187429
H            2.16994453273450        1.49764180140376       -0.32006965825744
H            0.62797886590776        2.16310634972415        0.23687557097458
H            0.80625931004471        1.63275699828574       -1.43693688805723
H            2.31968722085721       -0.95146085004373       -0.89671281039598
H            0.94111321275404       -0.83323885705916       -1.98144482210321
H            0.94858243118735       -2.02980842017171       -0.67825617704386
19
 energy: -23.034077722612 gnorm: 0.000184820689 xtb: 6.7.1 (edcfbbe)
C           -1.63839226446757       -0.97543649731825       -0.81837473383970
C           -0.90154399027271        0.02953633457188        0.01223630220668
O           -1.49600214820256        0.84253990207983        0.69634570904498
C            0.62708844477856        0.01206139246264       -0.00546568244306
C            1.07943596746179       -0.28049422156338        1.43364273466632
C            1.09060318540675        1.41972742048147       -0.40793333097007
C            1.23565117600977       -1.01859143262707       -0.95328584364693
H           -1.37522881492305       -0.85206959031771       -1.86528397982860
H           -1.35721378409488       -1.98075794254999       -0.51701689359271
H           -2.70914770636896       -0.83943445168544       -0.69041945516008
H            0.78355102193891       -1.28437551025770        1.73056852583699
H            2.16040350371331       -0.19829822199693        1.50814903173350
H            0.62402559427415        0.43025512456051        2.11967294816770
H            2.17058304839479        1.49823918187027       -0.31739148668711
H            0.62750477629343        2.16323897458738        0.23695980345583
H            0.80893571179252        1.63354184951340       -1.43682219596161
H            2.31965295635782       -0.95168533273548       -0.89762166498113
H            0.94090080518238       -0.83245423229979       -1.98217105586100
H            0.94796386331200       -2.02945219046053       -0.67935494458615
19
 energy: -23.034078694448 gnorm: 0.000212627198 xtb: 6.7.1 (edcfbbe)
C           -1.63835554003624       -0.97657527904236       -0.81723921886107
C           -0.90153243275592        0.03043503403078        0.01120841616883
O           -1.49601246829883        0.84511026241693        0.69326955714296
C            0.62709848048407        0.01242635730096       -0.00597853007625
C            1.07879599118805       -0.28094364641741        1.43326572084323
C            1.09137092664749        1.42016526098126       -0.40735549381818
C            1.23555191009817       -1.01810459626775       -0.95404428880211
H           -1.37521917221943       -0.85497597962409       -1.86433603295294
H           -1.35693819789565       -1.98114393159093       -0.51383181510584
H           -2.70915327009117       -0.84046546804861       -0.68955184078493
H            0.78185609042314       -1.28457519323253        1.72999797579241
H            2.15981832739416       -0.19984322233296        1.50799303706937
H            0.62399763094744        0.43022327223634        2.11929904443551
H            2.17116786244199        1.49866739605674       -0.31532851162143
H            0.62733867937706        2.16340513706271        0.23719426868918
H            0.81098585511405        1.63435224462466       -1.43651670969484
H            2.31957266002482       -0.95146563328126       -0.89836213735377
H            0.94080900152119       -0.83163187889107       -1.98288631071121
H            0.94761901222206       -2.02896957966631       -0.68036334280507
19
 energy: -23.034080296234 gnorm: 0.000310935766 xtb: 6.7.1 (edcfbbe)
C           -1.63826817872524       -0.97824155791333       -0.81548714577568
C           -0.90156886553981        0.03171455094287        0.00979896175693
O           -1.49616451659251        0.84893367447171        0.68866270837637
C            0.62704187856522        0.01305481535442       -0.00669988878380
C            1.07769383652219       -0.28173091867004        1.43266202151780
C            1.09244199640558        1.42082188394994       -0.40659614397805
C            1.23555031565498       -1.01720835177915       -0.95502112714807
H           -1.37520130828114       -0.85930384050048       -1.86289270505138
H           -1.35641136495428       -1.98172328104054       -0.50915638002273
H           -2.70909167115215       -0.84203347513735       -0.68815735702500
H            0.77842161699096       -1.28474702085548        1.72916326848941
H            2.15889932895354       -0.20312337069496        1.50756974076382
H            0.62442840136241        0.43037940927026        2.11874508175409
H            2.17205609535765        1.49913719976768       -0.31291254161189
H            0.62747568519860        2.16376057535979        0.23760825346055
H            0.81353107229105        1.63559983166127       -1.43604284065934
H            2.31958596564694       -0.95068319190240       -0.89930515515015
H            0.94082119634894       -0.83037103193333       -1.98381154859726
H            0.94752986253355       -2.02814534403578       -0.68169341476175
19
 energy: -23.034096025925 gnorm: 0.003310183650 xtb: 6.7.1 (edcfbbe)
C           -1.63710538003576       -1.00085217754120       -0.79125334355842
C           -0.90195290405644        0.04901195576371       -0.00979750344195
O           -1.49798803004742        0.90025376915227        0.62644533962063
C            0.62642743518420        0.02172720936212       -0.01672423148011
C            1.06205562106467       -0.29209040943928        1.42444605531235
C            1.10762464929732        1.42973800990968       -0.39623587418213
C            1.23547535338387       -1.00480433325733       -0.96883821983220
H           -1.37606621529372       -0.91902704914649       -1.84329840515199
H           -1.34905692447035       -1.98970645201980       -0.44532122333190
H           -2.70825336979820       -0.86362951080381       -0.66788109198983
H            0.73162759982737       -1.28704711761857        1.71707298620717
H            2.14560237656169       -0.24677292410664        1.50262677855598
H            0.62871437513135        0.43210571837212        2.11138958229919
H            2.18483103326880        1.50509636239238       -0.27932355510290
H            0.62994568707336        2.16905871765773        0.24277056733741
H            0.84977748268867        1.65238148248826       -1.42981795989759
H            2.31966840509652       -0.93957479032111       -0.91260467420405
H            0.94091910463120       -0.81301718658494       -1.99694536805082
H            0.94652504707934       -2.01676071794419       -0.70027607155485
19
 energy: -23.034104063544 gnorm: 0.003102241630 xtb: 6.7.1 (edcfbbe)
C           -1.63696218371714       -1.00479446789032       -0.78634653261036
C           -0.90190649572481        0.05191177310833       -0.01378268382745
O           -1.49830971718582        0.90808483442171        0.61461817301437
C            0.62633965346784        0.02350417089110       -0.01880100908301
C            1.05871885597469       -0.29399531432553        1.42274805416683
C            1.11074444713626        1.43143771370075       -0.39443162982146
C            1.23554499035367       -1.00240222049309       -0.97156337399339
H           -1.37647476648680       -0.92994310732481       -1.83882983065017
H           -1.34725031028012       -1.99024686101167       -0.43308958601360
H           -2.70821296887949       -0.86789422328541       -0.66335948739854
H            0.72284502060991       -1.28730628978139        1.71454568794240
H            2.14233176962061       -0.25449429397712        1.50195078000230
H            0.62874343872841        0.43206600556191        2.10978208187533
H            2.18735520854316        1.50588468222754       -0.27266550993016
H            0.63070468931710        2.17034562705956        0.24324272852244
H            0.85752723392502        1.65552118328313       -1.42887159795541
H            2.31979848202554       -0.93745271975746       -0.91527374882608
H            0.94092670654073       -0.80959350915498       -1.99950053771112
H            0.94630729261771       -2.01454242693739       -0.70393819014893
19
 energy: -23.034118287598 gnorm: 0.002747373678 xtb: 6.7.1 (edcfbbe)
C           -1.63631587934268       -1.00732234921731       -0.78131063048049
C           -0.90173861844455        0.05404177575954       -0.01746874069412
O           -1.49858831465001        0.91295473785845        0.60403005967584
C            0.62636661531120        0.02496227822710       -0.02076516273418
C            1.05520619422056       -0.29543495122091        1.42105221558761
C            1.11357491595695        1.43246153861432       -0.39298700779066
C            1.23561981086775       -1.00025316825152       -0.97440969560453
H           -1.37704462353919       -0.93984992736369       -1.83379428316006
H           -1.34551759296550       -1.98918405076648       -0.42178220725905
H           -2.70755163727975       -0.87065680062985       -0.65796016677914
H            0.71679993607631       -1.28775225204310        1.71098394806720
H            2.13808340809268       -0.25844209463621        1.50206115625379
H            0.62593163117544        0.43033295484399        2.10832897305802
H            2.18938353322939        1.50534070848862       -0.26546688864868
H            0.63132464171296        2.17176353580391        0.24241976954298
H            0.86625213442871        1.65738990093515       -1.42838327068238
H            2.31987326589349       -0.93535024412967       -0.91822116023683
H            0.94079765778687       -0.80629867920987       -2.00209741390980
H            0.94631426805587       -2.01261235674760       -0.70779570665147
19
 energy: -23.034134754605 gnorm: 0.003005610534 xtb: 6.7.1 (edcfbbe)
C           -1.63558889206058       -1.01314081619089       -0.77259827989880
C           -0.90165450499759        0.05874831280192       -0.02414511225836
O           -1.49904848299898        0.92613930547603        0.58413222040462
C            0.62636483317775        0.02788462759282       -0.02407086343043
C            1.04935471247225       -0.29860269891071        1.41814417857714
C            1.11885689866293        1.43482585436193       -0.39016357540186
C            1.23557238612587       -0.99611814065678       -0.97910986267745
H           -1.37813487160503       -0.95945454328279       -1.82618077011660
H           -1.34316665296518       -1.98975529254805       -0.40078818649297
H           -2.70682885093575       -0.87624518313676       -0.64955321323257
H            0.70481538127457       -1.28942829138788        1.70499308009739
H            2.13196959559699       -0.26777413308800        1.50180746709933
H            0.62261137147486        0.42787918671501        2.10599373068061
H            2.19366162835373        1.50561078086325       -0.25350826697819
H            0.63270973819931        2.17408301854103        0.24225182914453
H            0.88056291365839        1.66171809837552       -1.42713196007040
H            2.31978326409060       -0.93109872768874       -0.92296404424873
H            0.94053593979800       -0.80025303620453       -2.00638862831376
H            0.94639493926436       -2.00892776531760       -0.71428595532944
19
 energy: -23.034155380624 gnorm: 0.002724345386 xtb: 6.7.1 (edcfbbe)
C           -1.63493146230207       -1.01986915127557       -0.76314159837210
C           -0.90158960356792        0.06416836480309       -0.03152525035436
O           -1.49952262677376        0.94145243289297        0.56212997344147
C            0.62633728039585        0.03103166875284       -0.02774751798609
C            1.04293941797281       -0.30205921567314        1.41500552257600
C            1.12461580607659        1.43753466677138       -0.38689186072383
C            1.23565024831972       -0.99159208346320       -0.98428320980092
H           -1.37923470386679       -0.98103405145137       -1.81799328381599
H           -1.34056248892689       -1.99079726610136       -0.37772264371502
H           -2.70620066262748       -0.88272659010356       -0.64063520796934
H            0.69087714051366       -1.29114735087114        1.69866940147642
H            2.12555730346378       -0.27897593963168        1.50135283213882
H            0.61969546188806        0.42578895214150        2.10355310565825
H            2.19840457205282        1.50615580027269       -0.24113313872755
H            0.63455315805002        2.17654845939963        0.24275895398073
H            0.89532816017041        1.66680986069565       -1.42538909654331
H            2.31984366534283       -0.92657793164323       -0.92804168051045
H            0.94050675913275       -0.79376582895143       -2.01119443105024
H            0.94650392127211       -2.00485424024933       -0.72133708214838
19
 energy: -23.034181857341 gnorm: 0.002311325551 xtb: 6.7.1 (edcfbbe)
C           -1.63407684656678       -1.02780338205557       -0.75191515979140
C           -0.90148026003366        0.07054454245182       -0.04031077005549
O           -1.50008944363385        0.95931895422511        0.53596779354322
C            0.62631617034451        0.03474871638227       -0.03212163353378
C            1.03528869456288       -0.30613104079893        1.41127616734960
C            1.13141031294539        1.44072766084627       -0.38303580511700
C            1.23574587315653       -0.98626858520447       -0.99041703058729
H           -1.38041020792204       -1.00640358429701       -1.80807165780218
H           -1.33730221536987       -1.99180670892801       -0.35044064347412
H           -2.70539639778708       -0.89043484153802       -0.63004106838534
H            0.67429090450906       -1.29312202315316        1.69120033332748
H            2.11788081065972       -0.29223066928108        1.50084200940300
H            0.61615639462989        0.42338749049042        2.10059590073455
H            2.20397943352633        1.50666655794275       -0.22684531456907
H            0.63697487165229        2.17942135615565        0.24356423966661
H            0.91246635167458        1.67295863521141       -1.42319150574266
H            2.31992566992937       -0.92134982117925       -0.93398355207324
H            0.94055903240756       -0.78607863641080       -2.01691608660134
H            0.94653219790167       -2.00005406454475       -0.72972242873740
19
 energy: -23.034212553199 gnorm: 0.002083535745 xtb: 6.7.1 (edcfbbe)
C           -1.63305140645470       -1.03644754234364       -0.73936006561353
C           -0.90133099510472        0.07747851074859       -0.05010609375626
O           -1.50072055774474        0.97856448083350        0.50691891999596
C            0.62629320302153        0.03884191505786       -0.03701511741187
C            1.02667852084613       -0.31056379605989        1.40708533557655
C            1.13896665293937        1.44417327223695       -0.37879581057432
C            1.23589828082232       -0.98038558919941       -0.99724474873710
H           -1.38169950297917       -1.03431802857160       -1.79672094727617
H           -1.33351074252235       -1.99254708041683       -0.32025741884159
H           -2.70442309912042       -0.89892356387181       -0.61807812110351
H            0.65600627093137       -1.29528314888590        1.68272002484397
H            2.10916221607103       -0.30653580935994        1.50038024571096
H            0.61175187340667        0.42062768544440        2.09723650527585
H            2.21014056700294        1.50695870380420       -0.21134917755028
H            0.63999446455996        2.18257908032406        0.24454088800176
H            0.93127815493611        1.67976431278537       -1.42061631868582
H            2.32006260925913       -0.91565496383253       -0.94048119934291
H            0.94077583446839       -0.77750395384037       -2.02330173161452
H            0.94649900224766       -1.99473392853847       -0.73912138134296
19
 energy: -23.033586193218 gnorm: 0.030124605136 xtb: 6.7.1 (edcfbbe)
C           -1.62575511460581       -1.09582991028368       -0.65210865325263
C           -0.90024253704359        0.12518186275647       -0.11808751510411
O           -1.50492534278620        1.11083201495961        0.30617667286331
C            0.62623164333096        0.06716848684861       -0.07089929779728
C            0.96640818476980       -0.34094505581842        1.37804600891990
C            1.19155500636339        1.46768597926311       -0.34975143508447
C            1.23712631994093       -0.93958651447382       -1.04448083243064
H           -1.39110112097668       -1.22765333756766       -1.71753978285523
H           -1.30703475454281       -1.99715086333954       -0.11161813960467
H           -2.69744145899534       -0.95730293185832       -0.53453960879187
H            0.53066532827466       -1.31109148633756        1.62261390393699
H            2.04816980031964       -0.40280082087272        1.49826900944186
H            0.57795354118129        0.40035066208014        2.07419074487194
H            2.25324126312282        1.50750815329892       -0.10713311674741
H            0.66368670655414        2.20445892252276        0.25226286012116
H            1.05973061154413        1.72714215213236       -1.40210634714086
H            2.32111669410129       -0.87640435457329       -0.98454993640928
H            0.94331479697500       -0.71765127816071       -2.06761902753562
H            0.94607177905893       -1.95782112426225       -0.80469171984653
19
 energy: -23.034283356379 gnorm: 0.005662697958 xtb: 6.7.1 (edcfbbe)
C           -1.62906709629576       -1.06323885586649       -0.69813385745383
C           -0.90076113009519        0.09811190573862       -0.08071726948848
O           -1.50171092679905        1.03064865692749        0.42525732086492
C            0.62651860721922        0.05288022208921       -0.05387917031825
C            0.99441776423994       -0.32252229491118        1.39305631255067
C            1.16652489928729        1.45443254564812       -0.36720640410350
C            1.23706845402512       -0.96052670235741       -1.01975001126643
H           -1.38972862687408       -1.12181768356130       -1.75897341319361
H           -1.31853016146234       -1.99478654734450       -0.22771165793767
H           -2.70031771547706       -0.92792387651285       -0.57447070734765
H            0.59499766180222       -1.30269987692521        1.65071472757378
H            2.07700474385713       -0.34512956040483        1.50278091732041
H            0.58496082323451        0.41140884019640        2.08510557487734
H            2.23393096830000        1.50251604852182       -0.17173066124253
H            0.66134036173016        2.19420264972385        0.24858390244858
H            0.98988314808594        1.70239935730093       -1.41167127665399
H            2.32089186168164       -0.89688690086540       -0.95887625699914
H            0.94517264265968       -0.74847028035306       -2.04502758994831
H            0.94617506746715       -1.97650709072992       -0.77091669212794
19
 energy: -23.034301010836 gnorm: 0.005548035749 xtb: 6.7.1 (edcfbbe)
C           -1.62927997294330       -1.06000954130075       -0.69911755871077
C           -0.90065745391297        0.09664834659992       -0.07903864468904
O           -1.50171731060161        1.02961342098358        0.42745156564799
C            0.62659843337563        0.05157761540537       -0.05312121078446
C            0.99590586020478       -0.32252834496613        1.39329559381434
C            1.16399304485412        1.45296615574869       -0.36858123117624
C            1.23760271482321       -0.96183241872428       -1.01858866781826
H           -1.38950480557444       -1.11736845583013       -1.75930943143824
H           -1.31991256819114       -1.99265117827622       -0.23137943108331
H           -2.70036597360348       -0.92356095853431       -0.57488453832642
H            0.60619193869967       -1.30540339731827        1.64971398568533
H            2.07723560046433       -0.33559477112899        1.50497660957136
H            0.57986515276388        0.40594011493362        2.08613384761487
H            2.23202197844182        1.50070163464736       -0.17177072364625
H            0.65825891255952        2.19351424821150        0.24681303625685
H            0.98866004950211        1.69932241823043       -1.41424044847136
H            2.32145002093319       -0.89819355788244       -0.95759631174155
H            0.94588602715141       -0.74911955612114       -2.04375520822780
H            0.94653969763980       -1.97793121836350       -0.77056744492270
19
 energy: -23.034334463703 gnorm: 0.000964510228 xtb: 6.7.1 (edcfbbe)
C           -1.62925696763984       -1.05971462823877       -0.69673615495797
C           -0.89999128700638        0.09693287325792       -0.08252045788034
O           -1.50117327931681        1.03034540884050        0.41716738884021
C            0.62672744113176        0.05162524190684       -0.05352474808836
C            0.99516032948585       -0.32340028829811        1.39258089784353
C            1.16395059689249        1.45307423580384       -0.36741141427080
C            1.23789229461511       -0.96150320261950       -1.01916159579844
H           -1.38897633936057       -1.12110995712821       -1.75509767390756
H           -1.31915026014202       -1.98856884607986       -0.22552138535688
H           -2.70033937850463       -0.92302152170428       -0.57327089493648
H            0.60660330685916       -1.30686321366116        1.64727479348730
H            2.07607153257390       -0.33560075244844        1.50520364282977
H            0.57781997400393        0.40348074105231        2.08600719965561
H            2.23186240992623        1.50020496483026       -0.17236236468170
H            0.65958240731826        2.19320253364450        0.24956330575359
H            0.98711715688668        1.70085998748980       -1.41198046169964
H            2.32172885521682       -0.89848480646628       -0.95713468541623
H            0.94712907722886       -0.74775912884740       -2.04437231593817
H            0.94601347641770       -1.97760908501965       -0.77226928792308
19
 energy: -23.034352558561 gnorm: 0.001696079720 xtb: 6.7.1 (edcfbbe)
C           -1.62806935009555       -1.06102726134694       -0.69201544066573
C           -0.89992399664493        0.09972501319641       -0.08745384375297
O           -1.50151072218041        1.03812355666655        0.39946201319535
C            0.62656793575138        0.05218149394570       -0.05443837714828
C            0.99279840207441       -0.32555028674286        1.39119265999228
C            1.16490079732777        1.45343679595533       -0.36562629554938
C            1.23854830550830       -0.96021847498440       -1.02061551794382
H           -1.38783688463308       -1.13127412190575       -1.74887638840841
H           -1.31817333796483       -1.98498338812741       -0.21340408701446
H           -2.69910836984226       -0.92287824681105       -0.57013595417397
H            0.60640579585838       -1.31051548520757        1.64265757377434
H            2.07331285950023       -0.33558413400255        1.50566910123995
H            0.57280539832240        0.39847513259899        2.08582309926567
H            2.23322774787940        1.49872742037666       -0.17425527086409
H            0.66355044288445        2.19225418372918        0.25543618062091
H            0.98431189640361        1.70494884154811       -1.40835231297253
H            2.32242712915758       -0.89911059656286       -0.95667161020568
H            0.94980956697911       -0.74434983200051       -2.04597887137334
H            0.94472773030055       -1.97629005401073       -0.77598287046147
19
 energy: -23.034381500364 gnorm: 0.001597046661 xtb: 6.7.1 (edcfbbe)
C           -1.62674106599723       -1.06493020680985       -0.68437842509972
C           -0.89987914333669        0.10473452605819       -0.09594413204604
O           -1.50203889353960        1.05300130133725        0.37099362287989
C            0.62656876640411        0.05382362821136       -0.05604690148382
C            0.98871042075996       -0.32876489875150        1.38915909681031
C            1.16788753845985        1.45477747359594       -0.36234399342835
C            1.23877075029728       -0.95785205793260       -1.02318266615504
H           -1.38648578953209       -1.14919196821434       -1.74013896300216
H           -1.31715952582130       -1.98230604232375       -0.19341830670767
H           -2.69799262331870       -0.92486237869695       -0.56542219324186
H            0.60602882578948       -1.31655583080078        1.63504712135771
H            2.06890666652382       -0.33472842678512        1.50698337444059
H            0.56403306742288        0.39038479501011        2.08606234208552
H            2.23754597596046        1.49609216959923       -0.17816755355824
H            0.67256080784397        2.19157851725090        0.26613257574102
H            0.98016916448859        1.71291212337373       -1.40219877075972
H            2.32261791595511       -0.89965699296334       -0.95588260328476
H            0.95340236142337       -0.73848198295041       -2.04880821487747
H            0.94186612680326       -1.97388319189378       -0.78201162211582
19
 energy: -23.034428889192 gnorm: 0.001692835514 xtb: 6.7.1 (edcfbbe)
C           -1.62561578148778       -1.07396273857782       -0.66881085710586
C           -0.89972287668635        0.11343718294084       -0.11218916277688
O           -1.50287872084734        1.08025720550011        0.31746167898048
C            0.62652144569747        0.05764955595940       -0.06004088659548
C            0.97925161164042       -0.33430710913951        1.38503178337966
C            1.17547599445641        1.45773287795992       -0.35612023011568
C            1.23967601132749       -0.95223771045673       -1.02884740188276
H           -1.38535630234199       -1.18421524294913       -1.72322600114829
H           -1.31550271254340       -1.97914733028103       -0.15441874983268
H           -2.69721560510958       -0.93147709658654       -0.55477766768560
H            0.60334376644798       -1.32743872228313        1.61992774097782
H            2.05891816975284       -0.33213338654751        1.51046743711417
H            0.54466059273182        0.37566231729091        2.08557944318714
H            2.24801551062361        1.48891458828852       -0.18595703175037
H            0.69369406616812        2.19105217876669        0.28713469360786
H            0.97510438250932        1.73003147792411       -1.39047286832361
H            2.32343015907611       -0.89947706007343       -0.95552213521397
H            0.96018784559794       -0.72627642913918       -2.05472112564505
H            0.93678378957346       -1.96797400228225       -0.79406487161649
19
 energy: -23.034454170338 gnorm: 0.002241286609 xtb: 6.7.1 (edcfbbe)
C           -1.62480795446117       -1.07991238800642       -0.65845668420149
C           -0.89916249511707        0.11872858877652       -0.12317959956951
O           -1.50272399225000        1.09357889381044        0.28786438771671
C            0.62656850753421        0.06048666832940       -0.06365269518467
C            0.97163183807274       -0.33706033791031        1.38197976978732
C            1.18130398212761        1.45979269135651       -0.35246835511636
C            1.24029348339192       -0.94848452016109       -1.03322594358854
H           -1.38689963239328       -1.20520806375761       -1.71230462902638
H           -1.31225607113466       -1.97734707083674       -0.13116053727036
H           -2.69635461591938       -0.93740579664835       -0.54454192692716
H            0.59856051071813       -1.33277556052775        1.61013302804579
H            2.05068725855161       -0.33077729590642        1.51387561550761
H            0.53036879211946        0.36799029163533        2.08345518111600
H            2.25531081228975        1.48337502207157       -0.18966623945563
H            0.70824244528399        2.19137561201248        0.29897485373482
H            0.97540192561669        1.74097268154575       -1.38349450039533
H            2.32383352819666       -0.89862364137902       -0.95590513933372
H            0.96473155364769       -0.71848902973265       -2.05930427197904
H            0.93404147031165       -1.96412618835742       -0.80248852630565
19
 energy: -23.034468380903 gnorm: 0.001804554936 xtb: 6.7.1 (edcfbbe)
C           -1.62453968663334       -1.08235654393301       -0.65366002065666
C           -0.89883197950264        0.11975866023420       -0.12620163193204
O           -1.50254769846627        1.09751621995210        0.27702906747793
C            0.62657056694270        0.06168255254490       -0.06569187758511
C            0.96754387733860       -0.33790203366400        1.38044652987416
C            1.18417154269969        1.46046606518594       -0.35136878805494
C            1.24105195222344       -0.94655111098278       -1.03558986322649
H           -1.38806824572029       -1.21324170059597       -1.70712958903566
H           -1.31033012791026       -1.97643696786711       -0.12182952655661
H           -2.69599019673002       -0.94027439928294       -0.53882325849807
H            0.59465706469103       -1.33419182657235        1.60589371479320
H            2.04614510520976       -0.33066679928821        1.51581496235269
H            0.52326655474735        0.36573788209764        2.08137886258070
H            2.25848884074580        1.48051122010074       -0.19030693873811
H            0.71447289675339        2.19138500273870        0.30282770706492
H            0.97774509622373        1.74536073083377       -1.38117704098795
H            2.32449653534242       -0.89761251104534       -0.95691010031508
H            0.96681301790921       -0.71491943395987       -2.06163958873621
H            0.93365623072226       -1.96217445018219       -0.80662883226627
19
 energy: -23.034492785544 gnorm: 0.000707285780 xtb: 6.7.1 (edcfbbe)
C           -1.62349205567492       -1.08656985825659       -0.64395524728083
C           -0.89790207191866        0.12267235040091       -0.13356150737747
O           -1.50195592894686        1.10400546495529        0.25745351806132
C            0.62663094580297        0.06373901313258       -0.07001869796376
C            0.95929115226715       -0.33963125065017        1.37729864125487
C            1.18928071562658        1.46149488762460       -0.34941442832366
C            1.24285488430204       -0.94281030400599       -1.04053135699212
H           -1.39191768345671       -1.22782159258032       -1.69673702850244
H           -1.30423539056918       -1.97373457118604       -0.10441746564806
H           -2.69457353902133       -0.94617218328055       -0.52488150462594
H            0.58474503932955       -1.33609419444629        1.59807739770262
H            2.03676203986338       -0.33276905780253        1.51995190528522
H            0.51020354593661        0.36259668216556        2.07636280088506
H            2.26351746451496        1.47510860673760       -0.18822256456476
H            0.72378417741178        2.19143896235352        0.30804079986711
H            0.98515756820347        1.75228866919791       -1.37769515001079
H            2.32614581055751       -0.89518895721384       -0.95960026031633
H            0.97078773424536       -0.70787245324086       -2.06640784496175
H            0.93368693811287       -1.95858965759059       -0.81530821893388
19
 energy: -23.034513835228 gnorm: 0.000961478315 xtb: 6.7.1 (edcfbbe)
C           -1.62222803720052       -1.09079479476745       -0.63419192738469
C           -0.89713165831137        0.12550887488686       -0.14068468288623
O           -1.50166273369321        1.11380466312218        0.23259624411859
C            0.62673146127321        0.06566801021411       -0.07355005794049
C            0.95229053935014       -0.34209080378519        1.37430360053261
C            1.19387343844745        1.46268597450449       -0.34658340718335
C            1.24389431371514       -0.93924724447181       -1.04520068316181
H           -1.39437385471658       -1.24407102211983       -1.68596697490435
H           -1.29914256988326       -1.97063967338029       -0.08540303531527
H           -2.69305500105129       -0.95088372331160       -0.51277579389789
H            0.57573056075793       -1.33871529908367        1.59058152777105
H            2.02886120376637       -0.33667348117782        1.52222323583704
H            0.50033148994295        0.35876798928443        2.07282955054730
H            2.26786616697658        1.47195351360850       -0.18364234857747
H            0.73000525377730        2.19170415946401        0.31286416310513
H            0.99255646446802        1.75815555024113       -1.37394973191089
H            2.32706916789452       -0.89262707429680       -0.96247559371309
H            0.97361718187704       -0.70099904592646       -2.07087120007047
H            0.93353795919613       -1.95541601669061       -0.82366909741129
19
 energy: -23.034539793338 gnorm: 0.001337272081 xtb: 6.7.1 (edcfbbe)
C           -1.62099950234148       -1.09551745276060       -0.62270502092514
C           -0.89652150211868        0.13010103653768       -0.15126915633021
O           -1.50146408160007        1.12608659488485        0.20118048544057
C            0.62677815296337        0.06802809873275       -0.07713586184183
C            0.94505080857554       -0.34581846163026        1.37071943136493
C            1.19894738364875        1.46423448821328       -0.34284174246452
C            1.24504001907209       -0.93495685122033       -1.05023216538785
H           -1.39820901144918       -1.26351405064159       -1.67342963481203
H           -1.29310138291223       -1.96657787014956       -0.06274220379266
H           -2.69162561959586       -0.95616158640439       -0.49854772304949
H            0.56527265533580       -1.34226169044353        1.58229662328226
H            2.02093503358817       -0.34354493133967        1.52308137729646
H            0.49208134532441        0.35389138569356        2.06975244243735
H            2.27217277210242        1.47059738307868       -0.17474541958375
H            0.73353252296202        2.19221560068701        0.31672892973152
H            1.00290112994717        1.76372707011464       -1.37009297558010
H            2.32816027961224       -0.88958579668276       -0.96561032989015
H            0.97647372110102       -0.69339738253830       -2.07566163562213
H            0.93334662237107       -1.95145502781728       -0.83231163271877
19
 energy: -23.034570686680 gnorm: 0.007259191904 xtb: 6.7.1 (edcfbbe)
C           -1.61755589950823       -1.11064177556672       -0.58589008961373
C           -0.89441368364454        0.14397949245303       -0.18470495298746
O           -1.49993730442506        1.16508088389389        0.09824838016275
C            0.62742753723858        0.07546079026151       -0.08851269415453
C            0.92306652210052       -0.35750144327803        1.35887388624991
C            1.21404454275817        1.47004524489471       -0.32966851780345
C            1.24832933106375       -0.92208418643362       -1.06641883090073
H           -1.40986532686420       -1.32538999572450       -1.63299690335701
H           -1.27643715901875       -1.95435153837438        0.00936119215445
H           -2.68750067253892       -0.97186508643041       -0.45443450508537
H            0.53286032537904       -1.35313143038901        1.55541321281845
H            1.99737643830673       -0.36596551587296        1.52371917449335
H            0.46844146015999        0.33829752063599        2.06109821481809
H            2.28453331627674        1.46759423266333       -0.14258546163222
H            0.74185863926911        2.19587058823255        0.32815962795994
H            1.03764677300268        1.78093762378998       -1.35758685738408
H            2.33107746105312       -0.87999868049477       -0.97570112340402
H            0.98512510555283       -0.67066601552841       -2.09109449634821
H            0.93269394042507       -1.93958015241805       -0.85884546843164
19
 energy: -23.034588523586 gnorm: 0.003124183615 xtb: 6.7.1 (edcfbbe)
C           -1.61823100750526       -1.10789197737842       -0.59150296034154
C           -0.89490228809955        0.14156803507468       -0.18001280823437
O           -1.50018641633905        1.15654889099608        0.11585152852333
C            0.62729122373883        0.07446767131463       -0.08676554186044
C            0.92644085621178       -0.35572843982980        1.36039329823617
C            1.21197173337463        1.46908632741508       -0.33187706538806
C            1.24788455255103       -0.92383751637722       -1.06396724219457
H           -1.40918851409091       -1.31492288927209       -1.63900278156857
H           -1.27852771739025       -1.95579061213534       -0.00266241102359
H           -2.68821825653606       -0.96920958552291       -0.46003652298134
H            0.53675941760484       -1.35096410314707        1.55972117586296
H            2.00107826835194       -0.36382143446847        1.52271897653150
H            0.47326394190288        0.34144004705860        2.06222641338459
H            2.28239912632551        1.46923571492371       -0.14446692901097
H            0.73799602455183        2.19575225573102        0.32382448166790
H            1.03524484359862        1.77667878262603       -1.36067544547654
H            2.33067963357856       -0.88121557091060       -0.97381872174911
H            0.98416257119051       -0.67415223407310       -2.08888507605385
H            0.93285335356671       -1.94115280571066       -0.85462858076903
19
 energy: -23.034597622383 gnorm: 0.001627773617 xtb: 6.7.1 (edcfbbe)
C           -1.61836592732832       -1.10825503079956       -0.58887453444935
C           -0.89491493510583        0.14185707350233       -0.18212625044472
O           -1.50009338446105        1.15739190266722        0.10868772487157
C            0.62725536304531        0.07468856932490       -0.08719092542772
C            0.92573670178134       -0.35676099246865        1.35948956573479
C            1.21231530393111        1.46915585800491       -0.33111880016902
C            1.24844589840491       -0.92277203436034       -1.06495314882707
H           -1.41028427422683       -1.31776622118771       -1.63559785926072
H           -1.27824106691262       -1.95451786172559        0.00129953631465
H           -2.68820874780998       -0.96912473377738       -0.45685294358085
H            0.53465234828197       -1.35136908565060        1.55857774596828
H            2.00037359365949       -0.36663185670230        1.52185175735114
H            0.47372832134810        0.34085860289590        2.06160987734984
H            2.28179821934286        1.47001272908042       -0.13864465999976
H            0.73499605272011        2.19619133987521        0.32175451647019
H            1.04039680074143        1.77597019765463       -1.36094615479817
H            2.33122355206937       -0.88025022780982       -0.97463350814530
H            0.98478131440061       -0.67249512457238       -2.08968246252989
H            0.93317621270464       -1.94009254763706       -0.85621568887341
19
 energy: -23.034610357217 gnorm: 0.000806238392 xtb: 6.7.1 (edcfbbe)
C           -1.61853254203842       -1.10949260891282       -0.58135519402036
C           -0.89458962884472        0.14284664999179       -0.18791135533814
O           -1.49941537240323        1.16297545739697        0.08296648413222
C            0.62728236722330        0.07496777569948       -0.08812097022875
C            0.92461150857057       -0.35973706984149        1.35734599042541
C            1.21248358933521        1.46960244309954       -0.32791103943009
C            1.24944085754893       -0.92035174679653       -1.06776668841135
H           -1.41188144495813       -1.32752035509651       -1.62582903572227
H           -1.27858626320832       -1.95075748774497        0.01439732054481
H           -2.68802665567050       -0.96814136728066       -0.44976607614157
H            0.53072150192258       -1.35312170993279        1.55529138236807
H            1.99921816859201       -0.37374960636639        1.51934699832196
H            0.47559488400869        0.33828224877178        2.06082701547564
H            2.27936528523015        1.47209293539855       -0.12267060134578
H            0.72686355723119        2.19728722524889        0.31801201315957
H            1.05280782781543        1.77461015611870       -1.35999759600561
H            2.33216587479000       -0.87772407278903       -0.97776731281868
H            0.98522077787184       -0.66806206930503       -2.09174370025194
H            0.93402705357003       -1.93791624134535       -0.86091384715865
19
 energy: -23.034618522953 gnorm: 0.000707164695 xtb: 6.7.1 (edcfbbe)
C           -1.61804465749756       -1.11242275484580       -0.57279925776746
C           -0.89411270740074        0.14569602226123       -0.19603289283076
O           -1.49881810671341        1.17189134626241        0.05345764651560
C            0.62724921800889        0.07636933061039       -0.08982870390489
C            0.92127272535666       -0.36295706446206        1.35502097189820
C            1.21518542916418        1.47080439562566       -0.32412754020732
C            1.24966606532010       -0.91740276230488       -1.07116392589698
H           -1.41421670760360       -1.34184140699447       -1.61581532850052
H           -1.27625219238538       -1.94693697363476        0.03167168127840
H           -2.68739719625048       -0.96999539326177       -0.44095114791299
H            0.52540070537621       -1.35617563144599        1.55001237690367
H            1.99566265104002       -0.37964502388510        1.51801925936373
H            0.47324368510635        0.33417825595238        2.05995807643877
H            2.28058147370618        1.47304650726962       -0.11128301634843
H            0.72496078227370        2.19785131031961        0.31908261333894
H            1.06242762186417        1.77692225794793       -1.35687360074567
H            2.33237468002951       -0.87489645565308       -0.98088959372798
H            0.98546233639545       -0.66305517508895       -2.09472910919173
H            0.93412554079637       -1.93534022835825       -0.86629472114809
19
 energy: -23.034621451298 gnorm: 0.001515633927 xtb: 6.7.1 (edcfbbe)
C           -1.61738754113931       -1.11608817041205       -0.56214915466072
C           -0.89329016975821        0.14957220967225       -0.20697417162190
O           -1.49756763251200        1.18223178252829        0.01748483609471
C            0.62736906690315        0.07806636874959       -0.09222665988529
C            0.91641728768546       -0.36669956498986        1.35210845455381
C            1.21872982973692        1.47241041358174       -0.31937921429053
C            1.25022226055452       -0.91394222767342       -1.07546687146088
H           -1.41796867197787       -1.35933425956843       -1.60340659870932
H           -1.27252193275597       -1.94212036569554        0.05257727511422
H           -2.68652705453628       -0.97281187178228       -0.42887036346788
H            0.51855188053056       -1.36000481009681        1.54299008837055
H            1.99052983736534       -0.38576278621456        1.51720187128066
H            0.46824103602170        0.32880222944396        2.05866162907334
H            2.28272495158112        1.47307982824309       -0.09953918211208
H            0.72500140088920        2.19891944791941        0.32205972043086
H            1.07264013252709        1.78094622044500       -1.35243052908122
H            2.33292418325670       -0.87139514073858       -0.98481596855754
H            0.98604064722509       -0.65742175209854       -2.09861025336928
H            0.93464183498941       -1.93235699499918       -0.87278112014702
19
 energy: -23.034623221653 gnorm: 0.000587009757 xtb: 6.7.1 (edcfbbe)
C           -1.61752656075008       -1.11556168876207       -0.56362454515690
C           -0.89336072965193        0.14901222204874       -0.20587823447736
O           -1.49756143382668        1.18050159300984        0.02149815787587
C            0.62731605699577        0.07786932105087       -0.09182542998435
C            0.91684374490357       -0.36616462606313        1.35259877431796
C            1.21846989948068        1.47213256602220       -0.32002446745779
C            1.25020762246272       -0.91436471071777       -1.07474736999350
H           -1.41779634552148       -1.35692427685999       -1.60507616714972
H           -1.27287446194243       -1.94262096534154        0.04964877673651
H           -2.68666077604133       -0.97240490142798       -0.43023127747520
H            0.52007083164930       -1.35983299090576        1.54376646660449
H            1.99094021534719       -0.38389129957030        1.51786624415139
H            0.46772465845262        0.32905236273511        2.05881632888594
H            2.28299149437776        1.47236926993264       -0.10314707198060
H            0.72674412081334        2.19845124598328        0.32303851632866
H            1.06961981530470        1.78119166968089       -1.35245977611026
H            2.33292025331027       -0.87163007195980       -0.98424691791091
H            0.98589111735149       -0.65835191080696       -2.09798163116924
H            0.93481182387117       -1.93274225173416       -0.87155658848048
19
 energy: -23.034625884268 gnorm: 0.000252221842 xtb: 6.7.1 (edcfbbe)
C           -1.61766780364765       -1.11591600056909       -0.56198227315827
C           -0.89314890302974        0.14924727999201       -0.20812535704999
O           -1.49706729556423        1.18179440969569        0.01333841229348
C            0.62726353227954        0.07790551058575       -0.09188991297438
C            0.91566818916312       -0.36658779523944        1.35245920079007
C            1.21904850622723        1.47195072583002       -0.31940218584483
C            1.25085405016120       -0.91379860457227       -1.07494594323029
H           -1.41872561826271       -1.35893827660062       -1.60288233391212
H           -1.27259479567236       -1.94176321188866        0.05217787924250
H           -2.68663648278214       -0.97235406868710       -0.42802911274976
H            0.52133462829017       -1.36137746141054        1.54226848007214
H            1.98953767433501       -0.38146927584048        1.51958103323270
H            0.46348708795266        0.32689417812728        2.05841205299795
H            2.28459221716240        1.46978013097025       -0.10794275193032
H            0.73184280984986        2.19727484402735        0.32806428716422
H            1.06552592229720        1.78422837321213       -1.35018046153270
H            2.33356016814491       -0.87072049253262       -0.98465119482973
H            0.98621645078856       -0.65783213016399       -2.09808733811200
H            0.93568100889359       -1.93222757862159       -0.87174869291416
19
 energy: -23.034628344375 gnorm: 0.000484073814 xtb: 6.7.1 (edcfbbe)
C           -1.61743229926062       -1.11704051405683       -0.55737004641197
C           -0.89245047827055        0.15063600062226       -0.21389768408205
O           -1.49572469921356        1.18615283474240       -0.00602271170492
C            0.62741861793655        0.07837395624248       -0.09280161853804
C            0.91269056262281       -0.36785292587522        1.35150743658080
C            1.22056750811890        1.47225454285489       -0.31729914249641
C            1.25178904007426       -0.91269460876505       -1.07621569357469
H           -1.42100769860583       -1.36630551188488       -1.59744825126604
H           -1.27086735264472       -1.93913950101115        0.06096701482392
H           -2.68611913656445       -0.97269146120731       -0.42217101538333
H            0.52188046536865       -1.36458111962414        1.53812530389188
H            1.98604209723537       -0.37874476602722        1.52213157448531
H            0.45561809254231        0.32242978098615        2.05747528149402
H            2.28759841032652        1.46640082988334       -0.11343838058878
H            0.73974743107857        2.19568702578140        0.33698639897778
H            1.06055433372367        1.78994477108651       -1.34542369164225
H            2.33443434912533       -0.86956909124135       -0.98539718938324
H            0.98751706933619       -0.65584624389798       -2.09925999363173
H            0.93651503365725       -1.93132344229420       -0.87401380399575
19
 energy: -23.034629083477 gnorm: 0.000222891085 xtb: 6.7.1 (edcfbbe)
C           -1.61731232827100       -1.11808483291810       -0.55346276194029
C           -0.89202967153500        0.15180673327135       -0.21819511919019
O           -1.49483463578829        1.18999556785856       -0.02073557715019
C            0.62751822751278        0.07878142064051       -0.09353368767189
C            0.91058153477754       -0.36902792747795        1.35070458444682
C            1.22176204618418        1.47248231091831       -0.31590627806358
C            1.25255119065539       -0.91165312349461       -1.07730485498876
H           -1.42283515063368       -1.37197358316151       -1.59274870829156
H           -1.26958998956739       -1.93732865873039        0.06781227278571
H           -2.68584079739778       -0.97324323596011       -0.41754556511840
H            0.52193068437069       -1.36701217100894        1.53500839620743
H            1.98357027304341       -0.37750624964106        1.52369381995437
H            0.45034329505923        0.31905978363428        2.05674126190637
H            2.28956679575674        1.46478837524936       -0.11602612065006
H            0.74427516864021        2.19438569465551        0.34241182581488
H            1.05825326316203        1.79384895762149       -1.34236638285640
H            2.33514353154158       -0.86937749092926       -0.98530140417565
H            0.98941885828792       -0.65361901156882       -2.10037204096763
H            0.93629905078808       -1.93023200264455       -0.87643987249646
19
 energy: -23.034629286187 gnorm: 0.000086777585 xtb: 6.7.1 (edcfbbe)
C           -1.61725963778919       -1.11807223815129       -0.55300513563949
C           -0.89188936490823        0.15201431596446       -0.21888253362558
O           -1.49449622556922        1.19045118955009       -0.02257838791329
C            0.62762356825102        0.07877086578570       -0.09375564886117
C            0.91035791679315       -0.36909538841011        1.35053198695258
C            1.22170342179438        1.47260269492433       -0.31569051437866
C            1.25272553618711       -0.91176945110972       -1.07740860294196
H           -1.42329744253677       -1.37288097219612       -1.59230527442265
H           -1.26930372520267       -1.93686460723885        0.06891307641520
H           -2.68574943795633       -0.97306052877949       -0.41677852937385
H            0.52242314235639       -1.36744550107066        1.53435837445357
H            1.98324708288657       -0.37681297524869        1.52398270118298
H            0.44929096921922        0.31841568455944        2.05656788045276
H            2.28972984224073        1.46471878542291       -0.11687704450634
H            0.74490505903256        2.19416695231057        0.34351741052914
H            1.05721709004344        1.79452992073353       -1.34179212430640
H            2.33525911897614       -0.87031154983209       -0.98442354275733
H            0.99068272296156       -0.65302203340438       -2.10057307273173
H            0.93560170980677       -1.93024460749557       -0.87736723097326
19
 energy: -23.034629293877 gnorm: 0.000271488624 xtb: 6.7.1 (edcfbbe)
C           -1.61720694730737       -1.11805964338448       -0.55254750933868
C           -0.89174905828146        0.15222189865758       -0.21956994806097
O           -1.49415781535015        1.19090681124162       -0.02442119867638
C            0.62772890898927        0.07876031093089       -0.09397761005044
C            0.91013429880876       -0.36916284934227        1.35035938945834
C            1.22164479740458        1.47272307893035       -0.31547475069374
C            1.25289988171884       -0.91188577872483       -1.07751235089515
H           -1.42375973443986       -1.37378836123073       -1.59186184055375
H           -1.26901746083795       -1.93640055574731        0.07001388004468
H           -2.68565807851489       -0.97287782159887       -0.41601149362930
H            0.52291560034210       -1.36787883113238        1.53370835269971
H            1.98292389272974       -0.37611970085631        1.52427158241158
H            0.44823864337921        0.31777158548460        2.05639449899914
H            2.28989288872471        1.46464919559646       -0.11772796836262
H            0.74553494942491        2.19394820996563        0.34462299524340
H            1.05618091692484        1.79521088384556       -1.34121786575641
H            2.33537470641069       -0.87124560873491       -0.98354568133901
H            0.99194658763520       -0.65242505523995       -2.10077410449583
H            0.93490436882547       -1.93025721234659       -0.87829458945006
19
 energy: -23.034629458081 gnorm: 0.000099111936 xtb: 6.7.1 (edcfbbe)
C           -1.61729762305841       -1.11819947543142       -0.55231905003330
C           -0.89180777102169        0.15215619881951       -0.21966123382991
O           -1.49425257951692        1.19097604135532       -0.02496846489076
C            0.62768593777852        0.07882097487102       -0.09393788570604
C            0.91016848885646       -0.36924052005526        1.35034622522447
C            1.22175057026664        1.47270289419849       -0.31555920824876
C            1.25289914685168       -0.91170964275879       -1.07752676696162
H           -1.42387975020269       -1.37391136168644       -1.59151267794063
H           -1.26913338502894       -1.93647775436889        0.07017229428833
H           -2.68573328041912       -0.97299639350504       -0.41578463589442
H            0.52319176425920       -1.36806647403069        1.53364079369062
H            1.98297933182508       -0.37595258809849        1.52422256187036
H            0.44816312321430        0.31756200983391        2.05644971058078
H            2.28993563873018        1.46473204318698       -0.11758575249707
H            0.74543577463124        2.19392885080284        0.34437041474005
H            1.05642653948173        1.79517394742925       -1.34133369033481
H            2.33533987666540       -0.87174375006288       -0.98285555628148
H            0.99271801767710       -0.65170580979518       -2.10085540641151
H            0.93418152559688       -1.92995863439018       -0.87886788380978
19
 energy: -23.034629508589 gnorm: 0.000052353681 xtb: 6.7.1 (edcfbbe)
C           -1.61741352477882       -1.11826692420994       -0.55223520730247
C           -0.89188010915778        0.15206597109402       -0.21956824044603
O           -1.49438789602204        1.19084733036159       -0.02485420735925
C            0.62761722714620        0.07882893324302       -0.09391355201819
C            0.91015983099636       -0.36926974854284        1.35033818428935
C            1.22182682206345        1.47262953204627       -0.31570051114912
C            1.25299768377549       -0.91153739666865       -1.07754672946555
H           -1.42391703263558       -1.37395448844353       -1.59132668953681
H           -1.26928534209896       -1.93648716595889        0.07023291474512
H           -2.68584383849385       -0.97305805645853       -0.41575558634324
H            0.52335115892124       -1.36814025049231        1.53363735818208
H            1.98298639245973       -0.37576396926949        1.52428731288090
H            0.44798835753035        0.31745118321641        2.05640674784127
H            2.28995387156195        1.46458341359609       -0.11753232305025
H            0.74546822580924        2.19393424035911        0.34411895018488
H            1.05668257305305        1.79509750987503       -1.34153296935191
H            2.33540040306961       -0.87195439714696       -0.98255430558437
H            0.99318418827793       -0.65124453971229       -2.10084466296841
H            0.93388235510907       -1.92967062057404       -0.87922269599347
