12
 energy: -157.157592753598 gnorm: 0.024445785274 xtb: 6.7.1 (edcfbbe)
C            1.46059380864723       -0.34496129445286       -0.49545728601955
C            0.67695394349998        0.46527866600618        0.52891739803438
C           -0.81233525685997        0.32875310634568        0.44164404459570
C           -1.48992770666023       -0.40906046098127       -0.41791813328519
H            1.25522192895622       -1.40665426502333       -0.38261978166955
H            2.52717495601986       -0.18527976088210       -0.35720892015829
H            1.19662167983025       -0.04299663071905       -1.50602100246736
H            0.92570058971020        1.52574042087610        0.42157143468681
H            0.98431650143618        0.17145832367598        1.53745859878129
H           -1.34928310909790        0.91329388920470        1.17954994122269
H           -2.56619579653715       -0.44321899649640       -0.40257263677839
H           -1.01079167494791       -1.00910686444716       -1.17159275071916
12
 energy: -157.158219273515 gnorm: 0.006555054299 xtb: 6.7.1 (edcfbbe)
C            1.46323528868783       -0.34541853700612       -0.49629169929077
C            0.67700474213336        0.46489438557522        0.52853875643702
C           -0.81439780896141        0.33339376858703        0.44719410749722
C           -1.49558091624131       -0.41072125142194       -0.41989979694163
H            1.26191806730157       -1.41467155445426       -0.39078638579069
H            2.53571524280393       -0.18818426360561       -0.36135846735850
H            1.20331677718749       -0.04892996821316       -1.51583668830774
H            0.92835772478849        1.52920864642757        0.43401364125445
H            0.98649671797909        0.18278539135464        1.54313817814131
H           -1.36127152316344        0.91811540640633        1.18587695928106
H           -2.57985748424885       -0.44255737875664       -0.40125500139232
H           -1.00688696414316       -1.01466854194301       -1.17758272688915
12
 energy: -157.158261644888 gnorm: 0.001290691979 xtb: 6.7.1 (edcfbbe)
C            1.46339710683027       -0.34511518340085       -0.49600494840273
C            0.67664681198686        0.46419492681181        0.52781605923926
C           -0.81480409174732        0.33407612351798        0.44808677014786
C           -1.49770900756810       -0.41155697313110       -0.42032342804531
H            1.26461847305736       -1.41706660675508       -0.39378264260166
H            2.53754938508756       -0.18823561983537       -0.36161960413973
H            1.20601534348588       -0.05099388375191       -1.51887357374735
H            0.93045541963668        1.52986339591026        0.43813978736707
H            0.98844223076923        0.18656586610737        1.54452591529206
H           -1.36650091106453        0.91824970814546        1.18578517671087
H           -2.58381638214203       -0.44089835735667       -0.39932248028632
H           -1.00624450943060       -1.01583731099876       -1.17867617916760
12
 energy: -157.158263911578 gnorm: 0.000317380495 xtb: 6.7.1 (edcfbbe)
C            1.46327950116193       -0.34478234440028       -0.49569234079538
C            0.67644037598740        0.46368433389128        0.52729647964760
C           -0.81441650392775        0.33394744485720        0.44756173331106
C           -1.49822543042470       -0.41154763822403       -0.42062070114489
H            1.26541798390686       -1.41715111064991       -0.39434925672271
H            2.53747158750129       -0.18769623650377       -0.36095261225936
H            1.20688537658398       -0.05108884544489       -1.51910779923000
H            0.93108604170327        1.52959741723084        0.43866400531660
H            0.98889457861501        0.18672834769411        1.54436620798199
H           -1.36788193430078        0.91746974195008        1.18444323582396
H           -2.58413369891060       -0.43965863668300       -0.39750789798544
H           -1.00676800025851       -1.01625639955966       -1.17835023834527
12
 energy: -157.158263911578 gnorm: 0.000317380495 xtb: 6.7.1 (edcfbbe)
C            1.46327950116193       -0.34478234440028       -0.49569234079538
C            0.67644037598740        0.46368433389128        0.52729647964760
C           -0.81441650392775        0.33394744485720        0.44756173331106
C           -1.49822543042470       -0.41154763822403       -0.42062070114489
H            1.26541798390686       -1.41715111064991       -0.39434925672271
H            2.53747158750129       -0.18769623650377       -0.36095261225936
H            1.20688537658398       -0.05108884544489       -1.51910779923000
H            0.93108604170327        1.52959741723084        0.43866400531660
H            0.98889457861501        0.18672834769411        1.54436620798199
H           -1.36788193430078        0.91746974195008        1.18444323582396
H           -2.58413369891060       -0.43965863668300       -0.39750789798544
H           -1.00676800025851       -1.01625639955966       -1.17835023834527
