----------------------------------------------- 
  Element       SASA      Sigma Z        Total  
     Z         Ang**2 cal/Ang**2/mol   kcal/mol 
----------------------------------------------- 
      H        173.045      48.690       8.426
      C         58.548     129.740       7.596
      O         14.253       0.000       0.000

 Subtotal:     245.845                  16.022
 -----------------------------------------------

  Elements    COT*SASA   Sigma Z,Z'     Total   
    Z,Z'       Ang**2  cal/Ang**2/mol kcal/mol  
 ---------------------------------------------- 
  H   C        108.205     -60.770      -6.576
  H   O          8.956       0.000       0.000
  C   C         59.250     -72.950      -4.322
  O   C          0.000      68.690       0.000

 Subtotal:                             -10.898
 ---------------------------------------------- 

 NONAQUEOUS SOLVENT CONTRIBUTION (kcal/mol):
 (proportional to SASA, atomic number independent)
 ---------------------------------------------- 
 Subtotal:                               0.000
 ---------------------------------------------- 

 CDS TOTAL (kcal/mol):                   5.124
...............................................................................
